[2024-06-14T12:10:59.560+0000] {local_task_job_runner.py:120} INFO - ::group::Pre task execution logs
[2024-06-14T12:10:59.581+0000] {taskinstance.py:2076} INFO - Dependencies all met for dep_context=non-requeueable deps ti=<TaskInstance: example_bash_operator.runme_0 manual__2024-06-14T12:10:52+00:00 [queued]>
[2024-06-14T12:10:59.589+0000] {taskinstance.py:2076} INFO - Dependencies all met for dep_context=requeueable deps ti=<TaskInstance: example_bash_operator.runme_0 manual__2024-06-14T12:10:52+00:00 [queued]>
[2024-06-14T12:10:59.590+0000] {taskinstance.py:2306} INFO - Starting attempt 1 of 1
[2024-06-14T12:10:59.606+0000] {taskinstance.py:2330} INFO - Executing <Task(BashOperator): runme_0> on 2024-06-14 12:10:52+00:00
[2024-06-14T12:10:59.612+0000] {warnings.py:112} WARNING - /home/***/.local/lib/python3.12/site-packages/***/task/task_runner/standard_task_runner.py:61: DeprecationWarning: This process (pid=134) is multi-threaded, use of fork() may lead to deadlocks in the child.
  pid = os.fork()

[2024-06-14T12:10:59.615+0000] {standard_task_runner.py:63} INFO - Started process 146 to run task
[2024-06-14T12:10:59.615+0000] {standard_task_runner.py:90} INFO - Running: ['***', 'tasks', 'run', 'example_bash_operator', 'runme_0', 'manual__2024-06-14T12:10:52+00:00', '--job-id', '12', '--raw', '--subdir', '/home/***/.local/lib/python3.12/site-packages/***/example_dags/example_bash_operator.py', '--cfg-path', '/tmp/tmpslmqwe67']
[2024-06-14T12:10:59.617+0000] {standard_task_runner.py:91} INFO - Job 12: Subtask runme_0
[2024-06-14T12:10:59.670+0000] {task_command.py:426} INFO - Running <TaskInstance: example_bash_operator.runme_0 manual__2024-06-14T12:10:52+00:00 [running]> on host 252e5ad8c5a2
[2024-06-14T12:10:59.761+0000] {taskinstance.py:2648} INFO - Exporting env vars: AIRFLOW_CTX_DAG_OWNER='***' AIRFLOW_CTX_DAG_ID='example_bash_operator' AIRFLOW_CTX_TASK_ID='runme_0' AIRFLOW_CTX_EXECUTION_DATE='2024-06-14T12:10:52+00:00' AIRFLOW_CTX_TRY_NUMBER='1' AIRFLOW_CTX_DAG_RUN_ID='manual__2024-06-14T12:10:52+00:00'
[2024-06-14T12:10:59.765+0000] {taskinstance.py:430} INFO - ::endgroup::
[2024-06-14T12:10:59.767+0000] {subprocess.py:63} INFO - Tmp dir root location: /tmp
[2024-06-14T12:10:59.768+0000] {subprocess.py:75} INFO - Running command: ['/usr/bin/bash', '-c', 'echo "example_bash_operator__runme_0__20240614" && sleep 1']
[2024-06-14T12:10:59.778+0000] {subprocess.py:86} INFO - Output:
[2024-06-14T12:10:59.779+0000] {subprocess.py:93} INFO - example_bash_operator__runme_0__20240614
[2024-06-14T12:11:00.780+0000] {subprocess.py:97} INFO - Command exited with return code 0
[2024-06-14T12:11:00.781+0000] {taskinstance.py:441} INFO - ::group::Post task execution logs
[2024-06-14T12:11:00.799+0000] {taskinstance.py:1206} INFO - Marking task as SUCCESS. dag_id=example_bash_operator, task_id=runme_0, run_id=manual__2024-06-14T12:10:52+00:00, execution_date=20240614T121052, start_date=20240614T121059, end_date=20240614T121100
[2024-06-14T12:11:00.831+0000] {local_task_job_runner.py:240} INFO - Task exited with return code 0
[2024-06-14T12:11:00.837+0000] {local_task_job_runner.py:222} INFO - ::endgroup::
