[2024-06-14T12:06:31.448+0000] {processor.py:161} INFO - Started process (PID=64) to work on /home/airflow/.local/lib/python3.12/site-packages/airflow/example_dags/example_bash_operator.py
[2024-06-14T12:06:31.449+0000] {processor.py:830} INFO - Processing file /home/airflow/.local/lib/python3.12/site-packages/airflow/example_dags/example_bash_operator.py for tasks to queue
[2024-06-14T12:06:31.453+0000] {logging_mixin.py:188} INFO - [2024-06-14T12:06:31.453+0000] {dagbag.py:545} INFO - Filling up the DagBag from /home/airflow/.local/lib/python3.12/site-packages/airflow/example_dags/example_bash_operator.py
[2024-06-14T12:06:31.465+0000] {processor.py:840} INFO - DAG(s) 'example_bash_operator' retrieved from /home/airflow/.local/lib/python3.12/site-packages/airflow/example_dags/example_bash_operator.py
[2024-06-14T12:06:31.475+0000] {logging_mixin.py:188} INFO - [2024-06-14T12:06:31.474+0000] {dag.py:3096} INFO - Sync 1 DAGs
[2024-06-14T12:06:31.495+0000] {logging_mixin.py:188} INFO - [2024-06-14T12:06:31.494+0000] {dag.py:3954} INFO - Setting next_dagrun for example_bash_operator to 2024-06-13 00:00:00+00:00, run_after=2024-06-14 00:00:00+00:00
[2024-06-14T12:06:31.512+0000] {processor.py:183} INFO - Processing /home/airflow/.local/lib/python3.12/site-packages/airflow/example_dags/example_bash_operator.py took 0.069 seconds
[2024-06-14T12:07:03.004+0000] {processor.py:161} INFO - Started process (PID=122) to work on /home/airflow/.local/lib/python3.12/site-packages/airflow/example_dags/example_bash_operator.py
[2024-06-14T12:07:03.006+0000] {processor.py:830} INFO - Processing file /home/airflow/.local/lib/python3.12/site-packages/airflow/example_dags/example_bash_operator.py for tasks to queue
[2024-06-14T12:07:03.008+0000] {logging_mixin.py:188} INFO - [2024-06-14T12:07:03.007+0000] {dagbag.py:545} INFO - Filling up the DagBag from /home/airflow/.local/lib/python3.12/site-packages/airflow/example_dags/example_bash_operator.py
[2024-06-14T12:07:03.018+0000] {processor.py:840} INFO - DAG(s) 'example_bash_operator' retrieved from /home/airflow/.local/lib/python3.12/site-packages/airflow/example_dags/example_bash_operator.py
[2024-06-14T12:07:03.128+0000] {logging_mixin.py:188} INFO - [2024-06-14T12:07:03.128+0000] {dag.py:3096} INFO - Sync 1 DAGs
[2024-06-14T12:07:03.145+0000] {logging_mixin.py:188} INFO - [2024-06-14T12:07:03.145+0000] {dag.py:3954} INFO - Setting next_dagrun for example_bash_operator to 2024-06-13 00:00:00+00:00, run_after=2024-06-14 00:00:00+00:00
[2024-06-14T12:07:03.164+0000] {processor.py:183} INFO - Processing /home/airflow/.local/lib/python3.12/site-packages/airflow/example_dags/example_bash_operator.py took 0.165 seconds
[2024-06-14T12:07:34.075+0000] {processor.py:161} INFO - Started process (PID=180) to work on /home/airflow/.local/lib/python3.12/site-packages/airflow/example_dags/example_bash_operator.py
[2024-06-14T12:07:34.075+0000] {processor.py:830} INFO - Processing file /home/airflow/.local/lib/python3.12/site-packages/airflow/example_dags/example_bash_operator.py for tasks to queue
[2024-06-14T12:07:34.077+0000] {logging_mixin.py:188} INFO - [2024-06-14T12:07:34.077+0000] {dagbag.py:545} INFO - Filling up the DagBag from /home/airflow/.local/lib/python3.12/site-packages/airflow/example_dags/example_bash_operator.py
[2024-06-14T12:07:34.085+0000] {processor.py:840} INFO - DAG(s) 'example_bash_operator' retrieved from /home/airflow/.local/lib/python3.12/site-packages/airflow/example_dags/example_bash_operator.py
[2024-06-14T12:07:34.103+0000] {logging_mixin.py:188} INFO - [2024-06-14T12:07:34.103+0000] {dag.py:3096} INFO - Sync 1 DAGs
[2024-06-14T12:07:34.122+0000] {logging_mixin.py:188} INFO - [2024-06-14T12:07:34.122+0000] {dag.py:3954} INFO - Setting next_dagrun for example_bash_operator to 2024-06-13 00:00:00+00:00, run_after=2024-06-14 00:00:00+00:00
[2024-06-14T12:07:34.140+0000] {processor.py:183} INFO - Processing /home/airflow/.local/lib/python3.12/site-packages/airflow/example_dags/example_bash_operator.py took 0.069 seconds
[2024-06-14T12:08:04.352+0000] {processor.py:161} INFO - Started process (PID=238) to work on /home/airflow/.local/lib/python3.12/site-packages/airflow/example_dags/example_bash_operator.py
[2024-06-14T12:08:04.353+0000] {processor.py:830} INFO - Processing file /home/airflow/.local/lib/python3.12/site-packages/airflow/example_dags/example_bash_operator.py for tasks to queue
[2024-06-14T12:08:04.354+0000] {logging_mixin.py:188} INFO - [2024-06-14T12:08:04.354+0000] {dagbag.py:545} INFO - Filling up the DagBag from /home/airflow/.local/lib/python3.12/site-packages/airflow/example_dags/example_bash_operator.py
[2024-06-14T12:08:04.362+0000] {processor.py:840} INFO - DAG(s) 'example_bash_operator' retrieved from /home/airflow/.local/lib/python3.12/site-packages/airflow/example_dags/example_bash_operator.py
[2024-06-14T12:08:04.381+0000] {logging_mixin.py:188} INFO - [2024-06-14T12:08:04.381+0000] {dag.py:3096} INFO - Sync 1 DAGs
[2024-06-14T12:08:04.398+0000] {logging_mixin.py:188} INFO - [2024-06-14T12:08:04.398+0000] {dag.py:3954} INFO - Setting next_dagrun for example_bash_operator to 2024-06-13 00:00:00+00:00, run_after=2024-06-14 00:00:00+00:00
[2024-06-14T12:08:04.414+0000] {processor.py:183} INFO - Processing /home/airflow/.local/lib/python3.12/site-packages/airflow/example_dags/example_bash_operator.py took 0.067 seconds
[2024-06-14T12:08:34.550+0000] {processor.py:161} INFO - Started process (PID=296) to work on /home/airflow/.local/lib/python3.12/site-packages/airflow/example_dags/example_bash_operator.py
[2024-06-14T12:08:34.551+0000] {processor.py:830} INFO - Processing file /home/airflow/.local/lib/python3.12/site-packages/airflow/example_dags/example_bash_operator.py for tasks to queue
[2024-06-14T12:08:34.552+0000] {logging_mixin.py:188} INFO - [2024-06-14T12:08:34.552+0000] {dagbag.py:545} INFO - Filling up the DagBag from /home/airflow/.local/lib/python3.12/site-packages/airflow/example_dags/example_bash_operator.py
[2024-06-14T12:08:34.560+0000] {processor.py:840} INFO - DAG(s) 'example_bash_operator' retrieved from /home/airflow/.local/lib/python3.12/site-packages/airflow/example_dags/example_bash_operator.py
[2024-06-14T12:08:34.580+0000] {logging_mixin.py:188} INFO - [2024-06-14T12:08:34.580+0000] {dag.py:3096} INFO - Sync 1 DAGs
[2024-06-14T12:08:34.598+0000] {logging_mixin.py:188} INFO - [2024-06-14T12:08:34.598+0000] {dag.py:3954} INFO - Setting next_dagrun for example_bash_operator to 2024-06-13 00:00:00+00:00, run_after=2024-06-14 00:00:00+00:00
[2024-06-14T12:08:34.612+0000] {processor.py:183} INFO - Processing /home/airflow/.local/lib/python3.12/site-packages/airflow/example_dags/example_bash_operator.py took 0.067 seconds
[2024-06-14T12:09:04.680+0000] {processor.py:161} INFO - Started process (PID=354) to work on /home/airflow/.local/lib/python3.12/site-packages/airflow/example_dags/example_bash_operator.py
[2024-06-14T12:09:04.681+0000] {processor.py:830} INFO - Processing file /home/airflow/.local/lib/python3.12/site-packages/airflow/example_dags/example_bash_operator.py for tasks to queue
[2024-06-14T12:09:04.682+0000] {logging_mixin.py:188} INFO - [2024-06-14T12:09:04.682+0000] {dagbag.py:545} INFO - Filling up the DagBag from /home/airflow/.local/lib/python3.12/site-packages/airflow/example_dags/example_bash_operator.py
[2024-06-14T12:09:04.691+0000] {processor.py:840} INFO - DAG(s) 'example_bash_operator' retrieved from /home/airflow/.local/lib/python3.12/site-packages/airflow/example_dags/example_bash_operator.py
[2024-06-14T12:09:04.710+0000] {logging_mixin.py:188} INFO - [2024-06-14T12:09:04.710+0000] {dag.py:3096} INFO - Sync 1 DAGs
[2024-06-14T12:09:04.727+0000] {logging_mixin.py:188} INFO - [2024-06-14T12:09:04.727+0000] {dag.py:3954} INFO - Setting next_dagrun for example_bash_operator to 2024-06-13 00:00:00+00:00, run_after=2024-06-14 00:00:00+00:00
[2024-06-14T12:09:04.741+0000] {processor.py:183} INFO - Processing /home/airflow/.local/lib/python3.12/site-packages/airflow/example_dags/example_bash_operator.py took 0.066 seconds
[2024-06-14T12:09:35.302+0000] {processor.py:161} INFO - Started process (PID=419) to work on /home/airflow/.local/lib/python3.12/site-packages/airflow/example_dags/example_bash_operator.py
[2024-06-14T12:09:35.303+0000] {processor.py:830} INFO - Processing file /home/airflow/.local/lib/python3.12/site-packages/airflow/example_dags/example_bash_operator.py for tasks to queue
[2024-06-14T12:09:35.304+0000] {logging_mixin.py:188} INFO - [2024-06-14T12:09:35.304+0000] {dagbag.py:545} INFO - Filling up the DagBag from /home/airflow/.local/lib/python3.12/site-packages/airflow/example_dags/example_bash_operator.py
[2024-06-14T12:09:35.312+0000] {processor.py:840} INFO - DAG(s) 'example_bash_operator' retrieved from /home/airflow/.local/lib/python3.12/site-packages/airflow/example_dags/example_bash_operator.py
[2024-06-14T12:09:35.332+0000] {logging_mixin.py:188} INFO - [2024-06-14T12:09:35.331+0000] {dag.py:3096} INFO - Sync 1 DAGs
[2024-06-14T12:09:35.357+0000] {logging_mixin.py:188} INFO - [2024-06-14T12:09:35.357+0000] {dag.py:3954} INFO - Setting next_dagrun for example_bash_operator to 2024-06-14 00:00:00+00:00, run_after=2024-06-15 00:00:00+00:00
[2024-06-14T12:09:35.372+0000] {processor.py:183} INFO - Processing /home/airflow/.local/lib/python3.12/site-packages/airflow/example_dags/example_bash_operator.py took 0.075 seconds
[2024-06-14T12:10:05.403+0000] {processor.py:161} INFO - Started process (PID=477) to work on /home/airflow/.local/lib/python3.12/site-packages/airflow/example_dags/example_bash_operator.py
[2024-06-14T12:10:05.404+0000] {processor.py:830} INFO - Processing file /home/airflow/.local/lib/python3.12/site-packages/airflow/example_dags/example_bash_operator.py for tasks to queue
[2024-06-14T12:10:05.406+0000] {logging_mixin.py:188} INFO - [2024-06-14T12:10:05.405+0000] {dagbag.py:545} INFO - Filling up the DagBag from /home/airflow/.local/lib/python3.12/site-packages/airflow/example_dags/example_bash_operator.py
[2024-06-14T12:10:05.414+0000] {processor.py:840} INFO - DAG(s) 'example_bash_operator' retrieved from /home/airflow/.local/lib/python3.12/site-packages/airflow/example_dags/example_bash_operator.py
[2024-06-14T12:10:05.439+0000] {logging_mixin.py:188} INFO - [2024-06-14T12:10:05.439+0000] {dag.py:3096} INFO - Sync 1 DAGs
[2024-06-14T12:10:05.458+0000] {logging_mixin.py:188} INFO - [2024-06-14T12:10:05.458+0000] {dag.py:3954} INFO - Setting next_dagrun for example_bash_operator to 2024-06-14 00:00:00+00:00, run_after=2024-06-15 00:00:00+00:00
[2024-06-14T12:10:05.475+0000] {processor.py:183} INFO - Processing /home/airflow/.local/lib/python3.12/site-packages/airflow/example_dags/example_bash_operator.py took 0.077 seconds
[2024-06-14T12:10:35.545+0000] {processor.py:161} INFO - Started process (PID=535) to work on /home/airflow/.local/lib/python3.12/site-packages/airflow/example_dags/example_bash_operator.py
[2024-06-14T12:10:35.546+0000] {processor.py:830} INFO - Processing file /home/airflow/.local/lib/python3.12/site-packages/airflow/example_dags/example_bash_operator.py for tasks to queue
[2024-06-14T12:10:35.547+0000] {logging_mixin.py:188} INFO - [2024-06-14T12:10:35.547+0000] {dagbag.py:545} INFO - Filling up the DagBag from /home/airflow/.local/lib/python3.12/site-packages/airflow/example_dags/example_bash_operator.py
[2024-06-14T12:10:35.556+0000] {processor.py:840} INFO - DAG(s) 'example_bash_operator' retrieved from /home/airflow/.local/lib/python3.12/site-packages/airflow/example_dags/example_bash_operator.py
[2024-06-14T12:10:35.576+0000] {logging_mixin.py:188} INFO - [2024-06-14T12:10:35.576+0000] {dag.py:3096} INFO - Sync 1 DAGs
[2024-06-14T12:10:35.595+0000] {logging_mixin.py:188} INFO - [2024-06-14T12:10:35.595+0000] {dag.py:3954} INFO - Setting next_dagrun for example_bash_operator to 2024-06-14 00:00:00+00:00, run_after=2024-06-15 00:00:00+00:00
[2024-06-14T12:10:35.610+0000] {processor.py:183} INFO - Processing /home/airflow/.local/lib/python3.12/site-packages/airflow/example_dags/example_bash_operator.py took 0.069 seconds
[2024-06-14T12:11:05.805+0000] {processor.py:161} INFO - Started process (PID=600) to work on /home/airflow/.local/lib/python3.12/site-packages/airflow/example_dags/example_bash_operator.py
[2024-06-14T12:11:05.806+0000] {processor.py:830} INFO - Processing file /home/airflow/.local/lib/python3.12/site-packages/airflow/example_dags/example_bash_operator.py for tasks to queue
[2024-06-14T12:11:05.807+0000] {logging_mixin.py:188} INFO - [2024-06-14T12:11:05.807+0000] {dagbag.py:545} INFO - Filling up the DagBag from /home/airflow/.local/lib/python3.12/site-packages/airflow/example_dags/example_bash_operator.py
[2024-06-14T12:11:05.815+0000] {processor.py:840} INFO - DAG(s) 'example_bash_operator' retrieved from /home/airflow/.local/lib/python3.12/site-packages/airflow/example_dags/example_bash_operator.py
[2024-06-14T12:11:05.833+0000] {logging_mixin.py:188} INFO - [2024-06-14T12:11:05.833+0000] {dag.py:3096} INFO - Sync 1 DAGs
[2024-06-14T12:11:05.849+0000] {logging_mixin.py:188} INFO - [2024-06-14T12:11:05.849+0000] {dag.py:3954} INFO - Setting next_dagrun for example_bash_operator to 2024-06-14 00:00:00+00:00, run_after=2024-06-15 00:00:00+00:00
[2024-06-14T12:11:05.864+0000] {processor.py:183} INFO - Processing /home/airflow/.local/lib/python3.12/site-packages/airflow/example_dags/example_bash_operator.py took 0.062 seconds
[2024-06-14T12:11:36.027+0000] {processor.py:161} INFO - Started process (PID=658) to work on /home/airflow/.local/lib/python3.12/site-packages/airflow/example_dags/example_bash_operator.py
[2024-06-14T12:11:36.028+0000] {processor.py:830} INFO - Processing file /home/airflow/.local/lib/python3.12/site-packages/airflow/example_dags/example_bash_operator.py for tasks to queue
[2024-06-14T12:11:36.029+0000] {logging_mixin.py:188} INFO - [2024-06-14T12:11:36.029+0000] {dagbag.py:545} INFO - Filling up the DagBag from /home/airflow/.local/lib/python3.12/site-packages/airflow/example_dags/example_bash_operator.py
[2024-06-14T12:11:36.041+0000] {processor.py:840} INFO - DAG(s) 'example_bash_operator' retrieved from /home/airflow/.local/lib/python3.12/site-packages/airflow/example_dags/example_bash_operator.py
[2024-06-14T12:11:36.063+0000] {logging_mixin.py:188} INFO - [2024-06-14T12:11:36.062+0000] {dag.py:3096} INFO - Sync 1 DAGs
[2024-06-14T12:11:36.082+0000] {logging_mixin.py:188} INFO - [2024-06-14T12:11:36.081+0000] {dag.py:3954} INFO - Setting next_dagrun for example_bash_operator to 2024-06-14 00:00:00+00:00, run_after=2024-06-15 00:00:00+00:00
[2024-06-14T12:11:36.098+0000] {processor.py:183} INFO - Processing /home/airflow/.local/lib/python3.12/site-packages/airflow/example_dags/example_bash_operator.py took 0.076 seconds
[2024-06-14T12:12:06.210+0000] {processor.py:161} INFO - Started process (PID=716) to work on /home/airflow/.local/lib/python3.12/site-packages/airflow/example_dags/example_bash_operator.py
[2024-06-14T12:12:06.211+0000] {processor.py:830} INFO - Processing file /home/airflow/.local/lib/python3.12/site-packages/airflow/example_dags/example_bash_operator.py for tasks to queue
[2024-06-14T12:12:06.212+0000] {logging_mixin.py:188} INFO - [2024-06-14T12:12:06.212+0000] {dagbag.py:545} INFO - Filling up the DagBag from /home/airflow/.local/lib/python3.12/site-packages/airflow/example_dags/example_bash_operator.py
[2024-06-14T12:12:06.221+0000] {processor.py:840} INFO - DAG(s) 'example_bash_operator' retrieved from /home/airflow/.local/lib/python3.12/site-packages/airflow/example_dags/example_bash_operator.py
[2024-06-14T12:12:06.241+0000] {logging_mixin.py:188} INFO - [2024-06-14T12:12:06.241+0000] {dag.py:3096} INFO - Sync 1 DAGs
[2024-06-14T12:12:06.258+0000] {logging_mixin.py:188} INFO - [2024-06-14T12:12:06.258+0000] {dag.py:3954} INFO - Setting next_dagrun for example_bash_operator to 2024-06-14 00:00:00+00:00, run_after=2024-06-15 00:00:00+00:00
[2024-06-14T12:12:06.274+0000] {processor.py:183} INFO - Processing /home/airflow/.local/lib/python3.12/site-packages/airflow/example_dags/example_bash_operator.py took 0.069 seconds
[2024-06-14T12:12:36.303+0000] {processor.py:161} INFO - Started process (PID=774) to work on /home/airflow/.local/lib/python3.12/site-packages/airflow/example_dags/example_bash_operator.py
[2024-06-14T12:12:36.304+0000] {processor.py:830} INFO - Processing file /home/airflow/.local/lib/python3.12/site-packages/airflow/example_dags/example_bash_operator.py for tasks to queue
[2024-06-14T12:12:36.306+0000] {logging_mixin.py:188} INFO - [2024-06-14T12:12:36.306+0000] {dagbag.py:545} INFO - Filling up the DagBag from /home/airflow/.local/lib/python3.12/site-packages/airflow/example_dags/example_bash_operator.py
[2024-06-14T12:12:36.313+0000] {processor.py:840} INFO - DAG(s) 'example_bash_operator' retrieved from /home/airflow/.local/lib/python3.12/site-packages/airflow/example_dags/example_bash_operator.py
[2024-06-14T12:12:36.333+0000] {logging_mixin.py:188} INFO - [2024-06-14T12:12:36.333+0000] {dag.py:3096} INFO - Sync 1 DAGs
[2024-06-14T12:12:36.350+0000] {logging_mixin.py:188} INFO - [2024-06-14T12:12:36.349+0000] {dag.py:3954} INFO - Setting next_dagrun for example_bash_operator to 2024-06-14 00:00:00+00:00, run_after=2024-06-15 00:00:00+00:00
[2024-06-14T12:12:36.365+0000] {processor.py:183} INFO - Processing /home/airflow/.local/lib/python3.12/site-packages/airflow/example_dags/example_bash_operator.py took 0.066 seconds
[2024-06-14T12:13:06.543+0000] {processor.py:161} INFO - Started process (PID=832) to work on /home/airflow/.local/lib/python3.12/site-packages/airflow/example_dags/example_bash_operator.py
[2024-06-14T12:13:06.544+0000] {processor.py:830} INFO - Processing file /home/airflow/.local/lib/python3.12/site-packages/airflow/example_dags/example_bash_operator.py for tasks to queue
[2024-06-14T12:13:06.545+0000] {logging_mixin.py:188} INFO - [2024-06-14T12:13:06.545+0000] {dagbag.py:545} INFO - Filling up the DagBag from /home/airflow/.local/lib/python3.12/site-packages/airflow/example_dags/example_bash_operator.py
[2024-06-14T12:13:06.553+0000] {processor.py:840} INFO - DAG(s) 'example_bash_operator' retrieved from /home/airflow/.local/lib/python3.12/site-packages/airflow/example_dags/example_bash_operator.py
[2024-06-14T12:13:06.572+0000] {logging_mixin.py:188} INFO - [2024-06-14T12:13:06.571+0000] {dag.py:3096} INFO - Sync 1 DAGs
[2024-06-14T12:13:06.591+0000] {logging_mixin.py:188} INFO - [2024-06-14T12:13:06.590+0000] {dag.py:3954} INFO - Setting next_dagrun for example_bash_operator to 2024-06-14 00:00:00+00:00, run_after=2024-06-15 00:00:00+00:00
[2024-06-14T12:13:06.607+0000] {processor.py:183} INFO - Processing /home/airflow/.local/lib/python3.12/site-packages/airflow/example_dags/example_bash_operator.py took 0.068 seconds
[2024-06-14T12:13:37.014+0000] {processor.py:161} INFO - Started process (PID=890) to work on /home/airflow/.local/lib/python3.12/site-packages/airflow/example_dags/example_bash_operator.py
[2024-06-14T12:13:37.015+0000] {processor.py:830} INFO - Processing file /home/airflow/.local/lib/python3.12/site-packages/airflow/example_dags/example_bash_operator.py for tasks to queue
[2024-06-14T12:13:37.017+0000] {logging_mixin.py:188} INFO - [2024-06-14T12:13:37.017+0000] {dagbag.py:545} INFO - Filling up the DagBag from /home/airflow/.local/lib/python3.12/site-packages/airflow/example_dags/example_bash_operator.py
[2024-06-14T12:13:37.028+0000] {processor.py:840} INFO - DAG(s) 'example_bash_operator' retrieved from /home/airflow/.local/lib/python3.12/site-packages/airflow/example_dags/example_bash_operator.py
[2024-06-14T12:13:37.053+0000] {logging_mixin.py:188} INFO - [2024-06-14T12:13:37.053+0000] {dag.py:3096} INFO - Sync 1 DAGs
[2024-06-14T12:13:37.074+0000] {logging_mixin.py:188} INFO - [2024-06-14T12:13:37.073+0000] {dag.py:3954} INFO - Setting next_dagrun for example_bash_operator to 2024-06-14 00:00:00+00:00, run_after=2024-06-15 00:00:00+00:00
[2024-06-14T12:13:37.091+0000] {processor.py:183} INFO - Processing /home/airflow/.local/lib/python3.12/site-packages/airflow/example_dags/example_bash_operator.py took 0.082 seconds
[2024-06-14T12:14:07.308+0000] {processor.py:161} INFO - Started process (PID=948) to work on /home/airflow/.local/lib/python3.12/site-packages/airflow/example_dags/example_bash_operator.py
[2024-06-14T12:14:07.309+0000] {processor.py:830} INFO - Processing file /home/airflow/.local/lib/python3.12/site-packages/airflow/example_dags/example_bash_operator.py for tasks to queue
[2024-06-14T12:14:07.310+0000] {logging_mixin.py:188} INFO - [2024-06-14T12:14:07.310+0000] {dagbag.py:545} INFO - Filling up the DagBag from /home/airflow/.local/lib/python3.12/site-packages/airflow/example_dags/example_bash_operator.py
[2024-06-14T12:14:07.318+0000] {processor.py:840} INFO - DAG(s) 'example_bash_operator' retrieved from /home/airflow/.local/lib/python3.12/site-packages/airflow/example_dags/example_bash_operator.py
[2024-06-14T12:14:07.339+0000] {logging_mixin.py:188} INFO - [2024-06-14T12:14:07.339+0000] {dag.py:3096} INFO - Sync 1 DAGs
[2024-06-14T12:14:07.356+0000] {logging_mixin.py:188} INFO - [2024-06-14T12:14:07.356+0000] {dag.py:3954} INFO - Setting next_dagrun for example_bash_operator to 2024-06-14 00:00:00+00:00, run_after=2024-06-15 00:00:00+00:00
[2024-06-14T12:14:07.371+0000] {processor.py:183} INFO - Processing /home/airflow/.local/lib/python3.12/site-packages/airflow/example_dags/example_bash_operator.py took 0.068 seconds
[2024-06-14T12:14:37.612+0000] {processor.py:161} INFO - Started process (PID=1006) to work on /home/airflow/.local/lib/python3.12/site-packages/airflow/example_dags/example_bash_operator.py
[2024-06-14T12:14:37.613+0000] {processor.py:830} INFO - Processing file /home/airflow/.local/lib/python3.12/site-packages/airflow/example_dags/example_bash_operator.py for tasks to queue
[2024-06-14T12:14:37.614+0000] {logging_mixin.py:188} INFO - [2024-06-14T12:14:37.614+0000] {dagbag.py:545} INFO - Filling up the DagBag from /home/airflow/.local/lib/python3.12/site-packages/airflow/example_dags/example_bash_operator.py
[2024-06-14T12:14:37.623+0000] {processor.py:840} INFO - DAG(s) 'example_bash_operator' retrieved from /home/airflow/.local/lib/python3.12/site-packages/airflow/example_dags/example_bash_operator.py
[2024-06-14T12:14:37.644+0000] {logging_mixin.py:188} INFO - [2024-06-14T12:14:37.644+0000] {dag.py:3096} INFO - Sync 1 DAGs
[2024-06-14T12:14:37.661+0000] {logging_mixin.py:188} INFO - [2024-06-14T12:14:37.661+0000] {dag.py:3954} INFO - Setting next_dagrun for example_bash_operator to 2024-06-14 00:00:00+00:00, run_after=2024-06-15 00:00:00+00:00
[2024-06-14T12:14:37.677+0000] {processor.py:183} INFO - Processing /home/airflow/.local/lib/python3.12/site-packages/airflow/example_dags/example_bash_operator.py took 0.069 seconds
[2024-06-14T12:15:07.907+0000] {processor.py:161} INFO - Started process (PID=1064) to work on /home/airflow/.local/lib/python3.12/site-packages/airflow/example_dags/example_bash_operator.py
[2024-06-14T12:15:07.908+0000] {processor.py:830} INFO - Processing file /home/airflow/.local/lib/python3.12/site-packages/airflow/example_dags/example_bash_operator.py for tasks to queue
[2024-06-14T12:15:07.909+0000] {logging_mixin.py:188} INFO - [2024-06-14T12:15:07.909+0000] {dagbag.py:545} INFO - Filling up the DagBag from /home/airflow/.local/lib/python3.12/site-packages/airflow/example_dags/example_bash_operator.py
[2024-06-14T12:15:07.918+0000] {processor.py:840} INFO - DAG(s) 'example_bash_operator' retrieved from /home/airflow/.local/lib/python3.12/site-packages/airflow/example_dags/example_bash_operator.py
[2024-06-14T12:15:07.938+0000] {logging_mixin.py:188} INFO - [2024-06-14T12:15:07.938+0000] {dag.py:3096} INFO - Sync 1 DAGs
[2024-06-14T12:15:07.955+0000] {logging_mixin.py:188} INFO - [2024-06-14T12:15:07.955+0000] {dag.py:3954} INFO - Setting next_dagrun for example_bash_operator to 2024-06-14 00:00:00+00:00, run_after=2024-06-15 00:00:00+00:00
[2024-06-14T12:15:07.971+0000] {processor.py:183} INFO - Processing /home/airflow/.local/lib/python3.12/site-packages/airflow/example_dags/example_bash_operator.py took 0.067 seconds
[2024-06-14T12:15:38.151+0000] {processor.py:161} INFO - Started process (PID=1122) to work on /home/airflow/.local/lib/python3.12/site-packages/airflow/example_dags/example_bash_operator.py
[2024-06-14T12:15:38.152+0000] {processor.py:830} INFO - Processing file /home/airflow/.local/lib/python3.12/site-packages/airflow/example_dags/example_bash_operator.py for tasks to queue
[2024-06-14T12:15:38.153+0000] {logging_mixin.py:188} INFO - [2024-06-14T12:15:38.153+0000] {dagbag.py:545} INFO - Filling up the DagBag from /home/airflow/.local/lib/python3.12/site-packages/airflow/example_dags/example_bash_operator.py
[2024-06-14T12:15:38.162+0000] {processor.py:840} INFO - DAG(s) 'example_bash_operator' retrieved from /home/airflow/.local/lib/python3.12/site-packages/airflow/example_dags/example_bash_operator.py
[2024-06-14T12:15:38.181+0000] {logging_mixin.py:188} INFO - [2024-06-14T12:15:38.181+0000] {dag.py:3096} INFO - Sync 1 DAGs
[2024-06-14T12:15:38.197+0000] {logging_mixin.py:188} INFO - [2024-06-14T12:15:38.197+0000] {dag.py:3954} INFO - Setting next_dagrun for example_bash_operator to 2024-06-14 00:00:00+00:00, run_after=2024-06-15 00:00:00+00:00
[2024-06-14T12:15:38.210+0000] {processor.py:183} INFO - Processing /home/airflow/.local/lib/python3.12/site-packages/airflow/example_dags/example_bash_operator.py took 0.068 seconds
[2024-06-14T12:16:08.549+0000] {processor.py:161} INFO - Started process (PID=1180) to work on /home/airflow/.local/lib/python3.12/site-packages/airflow/example_dags/example_bash_operator.py
[2024-06-14T12:16:08.549+0000] {processor.py:830} INFO - Processing file /home/airflow/.local/lib/python3.12/site-packages/airflow/example_dags/example_bash_operator.py for tasks to queue
[2024-06-14T12:16:08.551+0000] {logging_mixin.py:188} INFO - [2024-06-14T12:16:08.551+0000] {dagbag.py:545} INFO - Filling up the DagBag from /home/airflow/.local/lib/python3.12/site-packages/airflow/example_dags/example_bash_operator.py
[2024-06-14T12:16:08.559+0000] {processor.py:840} INFO - DAG(s) 'example_bash_operator' retrieved from /home/airflow/.local/lib/python3.12/site-packages/airflow/example_dags/example_bash_operator.py
[2024-06-14T12:16:08.577+0000] {logging_mixin.py:188} INFO - [2024-06-14T12:16:08.576+0000] {dag.py:3096} INFO - Sync 1 DAGs
[2024-06-14T12:16:08.594+0000] {logging_mixin.py:188} INFO - [2024-06-14T12:16:08.594+0000] {dag.py:3954} INFO - Setting next_dagrun for example_bash_operator to 2024-06-14 00:00:00+00:00, run_after=2024-06-15 00:00:00+00:00
[2024-06-14T12:16:08.609+0000] {processor.py:183} INFO - Processing /home/airflow/.local/lib/python3.12/site-packages/airflow/example_dags/example_bash_operator.py took 0.065 seconds
[2024-06-14T12:16:38.897+0000] {processor.py:161} INFO - Started process (PID=1238) to work on /home/airflow/.local/lib/python3.12/site-packages/airflow/example_dags/example_bash_operator.py
[2024-06-14T12:16:38.897+0000] {processor.py:830} INFO - Processing file /home/airflow/.local/lib/python3.12/site-packages/airflow/example_dags/example_bash_operator.py for tasks to queue
[2024-06-14T12:16:38.899+0000] {logging_mixin.py:188} INFO - [2024-06-14T12:16:38.899+0000] {dagbag.py:545} INFO - Filling up the DagBag from /home/airflow/.local/lib/python3.12/site-packages/airflow/example_dags/example_bash_operator.py
[2024-06-14T12:16:38.908+0000] {processor.py:840} INFO - DAG(s) 'example_bash_operator' retrieved from /home/airflow/.local/lib/python3.12/site-packages/airflow/example_dags/example_bash_operator.py
[2024-06-14T12:16:38.929+0000] {logging_mixin.py:188} INFO - [2024-06-14T12:16:38.929+0000] {dag.py:3096} INFO - Sync 1 DAGs
[2024-06-14T12:16:38.947+0000] {logging_mixin.py:188} INFO - [2024-06-14T12:16:38.947+0000] {dag.py:3954} INFO - Setting next_dagrun for example_bash_operator to 2024-06-14 00:00:00+00:00, run_after=2024-06-15 00:00:00+00:00
[2024-06-14T12:16:38.962+0000] {processor.py:183} INFO - Processing /home/airflow/.local/lib/python3.12/site-packages/airflow/example_dags/example_bash_operator.py took 0.069 seconds
[2024-06-14T12:17:09.251+0000] {processor.py:161} INFO - Started process (PID=1296) to work on /home/airflow/.local/lib/python3.12/site-packages/airflow/example_dags/example_bash_operator.py
[2024-06-14T12:17:09.252+0000] {processor.py:830} INFO - Processing file /home/airflow/.local/lib/python3.12/site-packages/airflow/example_dags/example_bash_operator.py for tasks to queue
[2024-06-14T12:17:09.254+0000] {logging_mixin.py:188} INFO - [2024-06-14T12:17:09.253+0000] {dagbag.py:545} INFO - Filling up the DagBag from /home/airflow/.local/lib/python3.12/site-packages/airflow/example_dags/example_bash_operator.py
[2024-06-14T12:17:09.262+0000] {processor.py:840} INFO - DAG(s) 'example_bash_operator' retrieved from /home/airflow/.local/lib/python3.12/site-packages/airflow/example_dags/example_bash_operator.py
[2024-06-14T12:17:09.285+0000] {logging_mixin.py:188} INFO - [2024-06-14T12:17:09.285+0000] {dag.py:3096} INFO - Sync 1 DAGs
[2024-06-14T12:17:09.303+0000] {logging_mixin.py:188} INFO - [2024-06-14T12:17:09.303+0000] {dag.py:3954} INFO - Setting next_dagrun for example_bash_operator to 2024-06-14 00:00:00+00:00, run_after=2024-06-15 00:00:00+00:00
[2024-06-14T12:17:09.317+0000] {processor.py:183} INFO - Processing /home/airflow/.local/lib/python3.12/site-packages/airflow/example_dags/example_bash_operator.py took 0.070 seconds
[2024-06-14T12:17:39.604+0000] {processor.py:161} INFO - Started process (PID=1354) to work on /home/airflow/.local/lib/python3.12/site-packages/airflow/example_dags/example_bash_operator.py
[2024-06-14T12:17:39.605+0000] {processor.py:830} INFO - Processing file /home/airflow/.local/lib/python3.12/site-packages/airflow/example_dags/example_bash_operator.py for tasks to queue
[2024-06-14T12:17:39.606+0000] {logging_mixin.py:188} INFO - [2024-06-14T12:17:39.606+0000] {dagbag.py:545} INFO - Filling up the DagBag from /home/airflow/.local/lib/python3.12/site-packages/airflow/example_dags/example_bash_operator.py
[2024-06-14T12:17:39.615+0000] {processor.py:840} INFO - DAG(s) 'example_bash_operator' retrieved from /home/airflow/.local/lib/python3.12/site-packages/airflow/example_dags/example_bash_operator.py
[2024-06-14T12:17:39.634+0000] {logging_mixin.py:188} INFO - [2024-06-14T12:17:39.634+0000] {dag.py:3096} INFO - Sync 1 DAGs
[2024-06-14T12:17:39.650+0000] {logging_mixin.py:188} INFO - [2024-06-14T12:17:39.650+0000] {dag.py:3954} INFO - Setting next_dagrun for example_bash_operator to 2024-06-14 00:00:00+00:00, run_after=2024-06-15 00:00:00+00:00
[2024-06-14T12:17:39.665+0000] {processor.py:183} INFO - Processing /home/airflow/.local/lib/python3.12/site-packages/airflow/example_dags/example_bash_operator.py took 0.065 seconds
[2024-06-14T12:18:42.187+0000] {processor.py:161} INFO - Started process (PID=64) to work on /home/airflow/.local/lib/python3.12/site-packages/airflow/example_dags/example_bash_operator.py
[2024-06-14T12:18:42.188+0000] {processor.py:830} INFO - Processing file /home/airflow/.local/lib/python3.12/site-packages/airflow/example_dags/example_bash_operator.py for tasks to queue
[2024-06-14T12:18:42.189+0000] {logging_mixin.py:188} INFO - [2024-06-14T12:18:42.189+0000] {dagbag.py:545} INFO - Filling up the DagBag from /home/airflow/.local/lib/python3.12/site-packages/airflow/example_dags/example_bash_operator.py
[2024-06-14T12:18:42.202+0000] {processor.py:840} INFO - DAG(s) 'example_bash_operator' retrieved from /home/airflow/.local/lib/python3.12/site-packages/airflow/example_dags/example_bash_operator.py
[2024-06-14T12:18:42.213+0000] {logging_mixin.py:188} INFO - [2024-06-14T12:18:42.213+0000] {dag.py:3096} INFO - Sync 1 DAGs
[2024-06-14T12:18:42.242+0000] {logging_mixin.py:188} INFO - [2024-06-14T12:18:42.242+0000] {dag.py:3954} INFO - Setting next_dagrun for example_bash_operator to 2024-06-14 00:00:00+00:00, run_after=2024-06-15 00:00:00+00:00
[2024-06-14T12:18:42.258+0000] {processor.py:183} INFO - Processing /home/airflow/.local/lib/python3.12/site-packages/airflow/example_dags/example_bash_operator.py took 0.076 seconds
[2024-06-14T12:19:13.640+0000] {processor.py:161} INFO - Started process (PID=122) to work on /home/airflow/.local/lib/python3.12/site-packages/airflow/example_dags/example_bash_operator.py
[2024-06-14T12:19:13.641+0000] {processor.py:830} INFO - Processing file /home/airflow/.local/lib/python3.12/site-packages/airflow/example_dags/example_bash_operator.py for tasks to queue
[2024-06-14T12:19:13.642+0000] {logging_mixin.py:188} INFO - [2024-06-14T12:19:13.642+0000] {dagbag.py:545} INFO - Filling up the DagBag from /home/airflow/.local/lib/python3.12/site-packages/airflow/example_dags/example_bash_operator.py
[2024-06-14T12:19:13.650+0000] {processor.py:840} INFO - DAG(s) 'example_bash_operator' retrieved from /home/airflow/.local/lib/python3.12/site-packages/airflow/example_dags/example_bash_operator.py
[2024-06-14T12:19:13.740+0000] {logging_mixin.py:188} INFO - [2024-06-14T12:19:13.740+0000] {dag.py:3096} INFO - Sync 1 DAGs
[2024-06-14T12:19:13.756+0000] {logging_mixin.py:188} INFO - [2024-06-14T12:19:13.756+0000] {dag.py:3954} INFO - Setting next_dagrun for example_bash_operator to 2024-06-14 00:00:00+00:00, run_after=2024-06-15 00:00:00+00:00
[2024-06-14T12:19:13.772+0000] {processor.py:183} INFO - Processing /home/airflow/.local/lib/python3.12/site-packages/airflow/example_dags/example_bash_operator.py took 0.136 seconds
[2024-06-14T12:19:44.445+0000] {processor.py:161} INFO - Started process (PID=180) to work on /home/airflow/.local/lib/python3.12/site-packages/airflow/example_dags/example_bash_operator.py
[2024-06-14T12:19:44.446+0000] {processor.py:830} INFO - Processing file /home/airflow/.local/lib/python3.12/site-packages/airflow/example_dags/example_bash_operator.py for tasks to queue
[2024-06-14T12:19:44.447+0000] {logging_mixin.py:188} INFO - [2024-06-14T12:19:44.447+0000] {dagbag.py:545} INFO - Filling up the DagBag from /home/airflow/.local/lib/python3.12/site-packages/airflow/example_dags/example_bash_operator.py
[2024-06-14T12:19:44.457+0000] {processor.py:840} INFO - DAG(s) 'example_bash_operator' retrieved from /home/airflow/.local/lib/python3.12/site-packages/airflow/example_dags/example_bash_operator.py
[2024-06-14T12:19:44.478+0000] {logging_mixin.py:188} INFO - [2024-06-14T12:19:44.478+0000] {dag.py:3096} INFO - Sync 1 DAGs
[2024-06-14T12:19:44.495+0000] {logging_mixin.py:188} INFO - [2024-06-14T12:19:44.495+0000] {dag.py:3954} INFO - Setting next_dagrun for example_bash_operator to 2024-06-14 00:00:00+00:00, run_after=2024-06-15 00:00:00+00:00
[2024-06-14T12:19:44.511+0000] {processor.py:183} INFO - Processing /home/airflow/.local/lib/python3.12/site-packages/airflow/example_dags/example_bash_operator.py took 0.070 seconds
[2024-06-14T12:20:14.920+0000] {processor.py:161} INFO - Started process (PID=238) to work on /home/airflow/.local/lib/python3.12/site-packages/airflow/example_dags/example_bash_operator.py
[2024-06-14T12:20:14.920+0000] {processor.py:830} INFO - Processing file /home/airflow/.local/lib/python3.12/site-packages/airflow/example_dags/example_bash_operator.py for tasks to queue
[2024-06-14T12:20:14.922+0000] {logging_mixin.py:188} INFO - [2024-06-14T12:20:14.922+0000] {dagbag.py:545} INFO - Filling up the DagBag from /home/airflow/.local/lib/python3.12/site-packages/airflow/example_dags/example_bash_operator.py
[2024-06-14T12:20:14.930+0000] {processor.py:840} INFO - DAG(s) 'example_bash_operator' retrieved from /home/airflow/.local/lib/python3.12/site-packages/airflow/example_dags/example_bash_operator.py
[2024-06-14T12:20:14.950+0000] {logging_mixin.py:188} INFO - [2024-06-14T12:20:14.949+0000] {dag.py:3096} INFO - Sync 1 DAGs
[2024-06-14T12:20:14.967+0000] {logging_mixin.py:188} INFO - [2024-06-14T12:20:14.967+0000] {dag.py:3954} INFO - Setting next_dagrun for example_bash_operator to 2024-06-14 00:00:00+00:00, run_after=2024-06-15 00:00:00+00:00
[2024-06-14T12:20:14.981+0000] {processor.py:183} INFO - Processing /home/airflow/.local/lib/python3.12/site-packages/airflow/example_dags/example_bash_operator.py took 0.066 seconds
[2024-06-14T12:20:45.243+0000] {processor.py:161} INFO - Started process (PID=296) to work on /home/airflow/.local/lib/python3.12/site-packages/airflow/example_dags/example_bash_operator.py
[2024-06-14T12:20:45.244+0000] {processor.py:830} INFO - Processing file /home/airflow/.local/lib/python3.12/site-packages/airflow/example_dags/example_bash_operator.py for tasks to queue
[2024-06-14T12:20:45.245+0000] {logging_mixin.py:188} INFO - [2024-06-14T12:20:45.245+0000] {dagbag.py:545} INFO - Filling up the DagBag from /home/airflow/.local/lib/python3.12/site-packages/airflow/example_dags/example_bash_operator.py
[2024-06-14T12:20:45.252+0000] {processor.py:840} INFO - DAG(s) 'example_bash_operator' retrieved from /home/airflow/.local/lib/python3.12/site-packages/airflow/example_dags/example_bash_operator.py
[2024-06-14T12:20:45.274+0000] {logging_mixin.py:188} INFO - [2024-06-14T12:20:45.274+0000] {dag.py:3096} INFO - Sync 1 DAGs
[2024-06-14T12:20:45.292+0000] {logging_mixin.py:188} INFO - [2024-06-14T12:20:45.292+0000] {dag.py:3954} INFO - Setting next_dagrun for example_bash_operator to 2024-06-14 00:00:00+00:00, run_after=2024-06-15 00:00:00+00:00
[2024-06-14T12:20:45.308+0000] {processor.py:183} INFO - Processing /home/airflow/.local/lib/python3.12/site-packages/airflow/example_dags/example_bash_operator.py took 0.068 seconds
[2024-06-14T12:21:15.487+0000] {processor.py:161} INFO - Started process (PID=354) to work on /home/airflow/.local/lib/python3.12/site-packages/airflow/example_dags/example_bash_operator.py
[2024-06-14T12:21:15.488+0000] {processor.py:830} INFO - Processing file /home/airflow/.local/lib/python3.12/site-packages/airflow/example_dags/example_bash_operator.py for tasks to queue
[2024-06-14T12:21:15.490+0000] {logging_mixin.py:188} INFO - [2024-06-14T12:21:15.489+0000] {dagbag.py:545} INFO - Filling up the DagBag from /home/airflow/.local/lib/python3.12/site-packages/airflow/example_dags/example_bash_operator.py
[2024-06-14T12:21:15.501+0000] {processor.py:840} INFO - DAG(s) 'example_bash_operator' retrieved from /home/airflow/.local/lib/python3.12/site-packages/airflow/example_dags/example_bash_operator.py
[2024-06-14T12:21:15.529+0000] {logging_mixin.py:188} INFO - [2024-06-14T12:21:15.529+0000] {dag.py:3096} INFO - Sync 1 DAGs
[2024-06-14T12:21:15.549+0000] {logging_mixin.py:188} INFO - [2024-06-14T12:21:15.549+0000] {dag.py:3954} INFO - Setting next_dagrun for example_bash_operator to 2024-06-14 00:00:00+00:00, run_after=2024-06-15 00:00:00+00:00
[2024-06-14T12:21:15.565+0000] {processor.py:183} INFO - Processing /home/airflow/.local/lib/python3.12/site-packages/airflow/example_dags/example_bash_operator.py took 0.083 seconds
[2024-06-14T12:21:45.926+0000] {processor.py:161} INFO - Started process (PID=412) to work on /home/airflow/.local/lib/python3.12/site-packages/airflow/example_dags/example_bash_operator.py
[2024-06-14T12:21:45.927+0000] {processor.py:830} INFO - Processing file /home/airflow/.local/lib/python3.12/site-packages/airflow/example_dags/example_bash_operator.py for tasks to queue
[2024-06-14T12:21:45.928+0000] {logging_mixin.py:188} INFO - [2024-06-14T12:21:45.928+0000] {dagbag.py:545} INFO - Filling up the DagBag from /home/airflow/.local/lib/python3.12/site-packages/airflow/example_dags/example_bash_operator.py
[2024-06-14T12:21:45.937+0000] {processor.py:840} INFO - DAG(s) 'example_bash_operator' retrieved from /home/airflow/.local/lib/python3.12/site-packages/airflow/example_dags/example_bash_operator.py
[2024-06-14T12:21:45.956+0000] {logging_mixin.py:188} INFO - [2024-06-14T12:21:45.956+0000] {dag.py:3096} INFO - Sync 1 DAGs
[2024-06-14T12:21:45.974+0000] {logging_mixin.py:188} INFO - [2024-06-14T12:21:45.974+0000] {dag.py:3954} INFO - Setting next_dagrun for example_bash_operator to 2024-06-14 00:00:00+00:00, run_after=2024-06-15 00:00:00+00:00
[2024-06-14T12:21:45.988+0000] {processor.py:183} INFO - Processing /home/airflow/.local/lib/python3.12/site-packages/airflow/example_dags/example_bash_operator.py took 0.066 seconds
[2024-06-14T12:22:16.398+0000] {processor.py:161} INFO - Started process (PID=471) to work on /home/airflow/.local/lib/python3.12/site-packages/airflow/example_dags/example_bash_operator.py
[2024-06-14T12:22:16.398+0000] {processor.py:830} INFO - Processing file /home/airflow/.local/lib/python3.12/site-packages/airflow/example_dags/example_bash_operator.py for tasks to queue
[2024-06-14T12:22:16.400+0000] {logging_mixin.py:188} INFO - [2024-06-14T12:22:16.400+0000] {dagbag.py:545} INFO - Filling up the DagBag from /home/airflow/.local/lib/python3.12/site-packages/airflow/example_dags/example_bash_operator.py
[2024-06-14T12:22:16.408+0000] {processor.py:840} INFO - DAG(s) 'example_bash_operator' retrieved from /home/airflow/.local/lib/python3.12/site-packages/airflow/example_dags/example_bash_operator.py
[2024-06-14T12:22:16.430+0000] {logging_mixin.py:188} INFO - [2024-06-14T12:22:16.429+0000] {dag.py:3096} INFO - Sync 1 DAGs
[2024-06-14T12:22:16.449+0000] {logging_mixin.py:188} INFO - [2024-06-14T12:22:16.449+0000] {dag.py:3954} INFO - Setting next_dagrun for example_bash_operator to 2024-06-14 00:00:00+00:00, run_after=2024-06-15 00:00:00+00:00
[2024-06-14T12:22:16.464+0000] {processor.py:183} INFO - Processing /home/airflow/.local/lib/python3.12/site-packages/airflow/example_dags/example_bash_operator.py took 0.072 seconds
[2024-06-14T12:22:46.690+0000] {processor.py:161} INFO - Started process (PID=529) to work on /home/airflow/.local/lib/python3.12/site-packages/airflow/example_dags/example_bash_operator.py
[2024-06-14T12:22:46.690+0000] {processor.py:830} INFO - Processing file /home/airflow/.local/lib/python3.12/site-packages/airflow/example_dags/example_bash_operator.py for tasks to queue
[2024-06-14T12:22:46.692+0000] {logging_mixin.py:188} INFO - [2024-06-14T12:22:46.692+0000] {dagbag.py:545} INFO - Filling up the DagBag from /home/airflow/.local/lib/python3.12/site-packages/airflow/example_dags/example_bash_operator.py
[2024-06-14T12:22:46.701+0000] {processor.py:840} INFO - DAG(s) 'example_bash_operator' retrieved from /home/airflow/.local/lib/python3.12/site-packages/airflow/example_dags/example_bash_operator.py
[2024-06-14T12:22:46.721+0000] {logging_mixin.py:188} INFO - [2024-06-14T12:22:46.721+0000] {dag.py:3096} INFO - Sync 1 DAGs
[2024-06-14T12:22:46.738+0000] {logging_mixin.py:188} INFO - [2024-06-14T12:22:46.738+0000] {dag.py:3954} INFO - Setting next_dagrun for example_bash_operator to 2024-06-14 00:00:00+00:00, run_after=2024-06-15 00:00:00+00:00
[2024-06-14T12:22:46.752+0000] {processor.py:183} INFO - Processing /home/airflow/.local/lib/python3.12/site-packages/airflow/example_dags/example_bash_operator.py took 0.066 seconds
[2024-06-14T12:23:17.049+0000] {processor.py:161} INFO - Started process (PID=587) to work on /home/airflow/.local/lib/python3.12/site-packages/airflow/example_dags/example_bash_operator.py
[2024-06-14T12:23:17.050+0000] {processor.py:830} INFO - Processing file /home/airflow/.local/lib/python3.12/site-packages/airflow/example_dags/example_bash_operator.py for tasks to queue
[2024-06-14T12:23:17.051+0000] {logging_mixin.py:188} INFO - [2024-06-14T12:23:17.051+0000] {dagbag.py:545} INFO - Filling up the DagBag from /home/airflow/.local/lib/python3.12/site-packages/airflow/example_dags/example_bash_operator.py
[2024-06-14T12:23:17.059+0000] {processor.py:840} INFO - DAG(s) 'example_bash_operator' retrieved from /home/airflow/.local/lib/python3.12/site-packages/airflow/example_dags/example_bash_operator.py
[2024-06-14T12:23:17.078+0000] {logging_mixin.py:188} INFO - [2024-06-14T12:23:17.078+0000] {dag.py:3096} INFO - Sync 1 DAGs
[2024-06-14T12:23:17.098+0000] {logging_mixin.py:188} INFO - [2024-06-14T12:23:17.098+0000] {dag.py:3954} INFO - Setting next_dagrun for example_bash_operator to 2024-06-14 00:00:00+00:00, run_after=2024-06-15 00:00:00+00:00
[2024-06-14T12:23:17.111+0000] {processor.py:183} INFO - Processing /home/airflow/.local/lib/python3.12/site-packages/airflow/example_dags/example_bash_operator.py took 0.066 seconds
[2024-06-14T12:23:47.543+0000] {processor.py:161} INFO - Started process (PID=645) to work on /home/airflow/.local/lib/python3.12/site-packages/airflow/example_dags/example_bash_operator.py
[2024-06-14T12:23:47.543+0000] {processor.py:830} INFO - Processing file /home/airflow/.local/lib/python3.12/site-packages/airflow/example_dags/example_bash_operator.py for tasks to queue
[2024-06-14T12:23:47.545+0000] {logging_mixin.py:188} INFO - [2024-06-14T12:23:47.544+0000] {dagbag.py:545} INFO - Filling up the DagBag from /home/airflow/.local/lib/python3.12/site-packages/airflow/example_dags/example_bash_operator.py
[2024-06-14T12:23:47.552+0000] {processor.py:840} INFO - DAG(s) 'example_bash_operator' retrieved from /home/airflow/.local/lib/python3.12/site-packages/airflow/example_dags/example_bash_operator.py
[2024-06-14T12:23:47.572+0000] {logging_mixin.py:188} INFO - [2024-06-14T12:23:47.572+0000] {dag.py:3096} INFO - Sync 1 DAGs
[2024-06-14T12:23:47.589+0000] {logging_mixin.py:188} INFO - [2024-06-14T12:23:47.589+0000] {dag.py:3954} INFO - Setting next_dagrun for example_bash_operator to 2024-06-14 00:00:00+00:00, run_after=2024-06-15 00:00:00+00:00
[2024-06-14T12:23:47.602+0000] {processor.py:183} INFO - Processing /home/airflow/.local/lib/python3.12/site-packages/airflow/example_dags/example_bash_operator.py took 0.063 seconds
[2024-06-14T12:24:17.802+0000] {processor.py:161} INFO - Started process (PID=704) to work on /home/airflow/.local/lib/python3.12/site-packages/airflow/example_dags/example_bash_operator.py
[2024-06-14T12:24:17.803+0000] {processor.py:830} INFO - Processing file /home/airflow/.local/lib/python3.12/site-packages/airflow/example_dags/example_bash_operator.py for tasks to queue
[2024-06-14T12:24:17.804+0000] {logging_mixin.py:188} INFO - [2024-06-14T12:24:17.804+0000] {dagbag.py:545} INFO - Filling up the DagBag from /home/airflow/.local/lib/python3.12/site-packages/airflow/example_dags/example_bash_operator.py
[2024-06-14T12:24:17.815+0000] {processor.py:840} INFO - DAG(s) 'example_bash_operator' retrieved from /home/airflow/.local/lib/python3.12/site-packages/airflow/example_dags/example_bash_operator.py
[2024-06-14T12:24:17.839+0000] {logging_mixin.py:188} INFO - [2024-06-14T12:24:17.839+0000] {dag.py:3096} INFO - Sync 1 DAGs
[2024-06-14T12:24:17.860+0000] {logging_mixin.py:188} INFO - [2024-06-14T12:24:17.859+0000] {dag.py:3954} INFO - Setting next_dagrun for example_bash_operator to 2024-06-14 00:00:00+00:00, run_after=2024-06-15 00:00:00+00:00
[2024-06-14T12:24:17.874+0000] {processor.py:183} INFO - Processing /home/airflow/.local/lib/python3.12/site-packages/airflow/example_dags/example_bash_operator.py took 0.077 seconds
[2024-06-14T12:24:48.037+0000] {processor.py:161} INFO - Started process (PID=762) to work on /home/airflow/.local/lib/python3.12/site-packages/airflow/example_dags/example_bash_operator.py
[2024-06-14T12:24:48.038+0000] {processor.py:830} INFO - Processing file /home/airflow/.local/lib/python3.12/site-packages/airflow/example_dags/example_bash_operator.py for tasks to queue
[2024-06-14T12:24:48.039+0000] {logging_mixin.py:188} INFO - [2024-06-14T12:24:48.039+0000] {dagbag.py:545} INFO - Filling up the DagBag from /home/airflow/.local/lib/python3.12/site-packages/airflow/example_dags/example_bash_operator.py
[2024-06-14T12:24:48.047+0000] {processor.py:840} INFO - DAG(s) 'example_bash_operator' retrieved from /home/airflow/.local/lib/python3.12/site-packages/airflow/example_dags/example_bash_operator.py
[2024-06-14T12:24:48.066+0000] {logging_mixin.py:188} INFO - [2024-06-14T12:24:48.066+0000] {dag.py:3096} INFO - Sync 1 DAGs
[2024-06-14T12:24:48.083+0000] {logging_mixin.py:188} INFO - [2024-06-14T12:24:48.082+0000] {dag.py:3954} INFO - Setting next_dagrun for example_bash_operator to 2024-06-14 00:00:00+00:00, run_after=2024-06-15 00:00:00+00:00
[2024-06-14T12:24:48.097+0000] {processor.py:183} INFO - Processing /home/airflow/.local/lib/python3.12/site-packages/airflow/example_dags/example_bash_operator.py took 0.063 seconds
[2024-06-14T12:25:18.462+0000] {processor.py:161} INFO - Started process (PID=820) to work on /home/airflow/.local/lib/python3.12/site-packages/airflow/example_dags/example_bash_operator.py
[2024-06-14T12:25:18.462+0000] {processor.py:830} INFO - Processing file /home/airflow/.local/lib/python3.12/site-packages/airflow/example_dags/example_bash_operator.py for tasks to queue
[2024-06-14T12:25:18.464+0000] {logging_mixin.py:188} INFO - [2024-06-14T12:25:18.464+0000] {dagbag.py:545} INFO - Filling up the DagBag from /home/airflow/.local/lib/python3.12/site-packages/airflow/example_dags/example_bash_operator.py
[2024-06-14T12:25:18.475+0000] {processor.py:840} INFO - DAG(s) 'example_bash_operator' retrieved from /home/airflow/.local/lib/python3.12/site-packages/airflow/example_dags/example_bash_operator.py
[2024-06-14T12:25:18.498+0000] {logging_mixin.py:188} INFO - [2024-06-14T12:25:18.498+0000] {dag.py:3096} INFO - Sync 1 DAGs
[2024-06-14T12:25:18.519+0000] {logging_mixin.py:188} INFO - [2024-06-14T12:25:18.518+0000] {dag.py:3954} INFO - Setting next_dagrun for example_bash_operator to 2024-06-14 00:00:00+00:00, run_after=2024-06-15 00:00:00+00:00
[2024-06-14T12:25:18.536+0000] {processor.py:183} INFO - Processing /home/airflow/.local/lib/python3.12/site-packages/airflow/example_dags/example_bash_operator.py took 0.079 seconds
[2024-06-14T12:25:48.821+0000] {processor.py:161} INFO - Started process (PID=878) to work on /home/airflow/.local/lib/python3.12/site-packages/airflow/example_dags/example_bash_operator.py
[2024-06-14T12:25:48.821+0000] {processor.py:830} INFO - Processing file /home/airflow/.local/lib/python3.12/site-packages/airflow/example_dags/example_bash_operator.py for tasks to queue
[2024-06-14T12:25:48.823+0000] {logging_mixin.py:188} INFO - [2024-06-14T12:25:48.823+0000] {dagbag.py:545} INFO - Filling up the DagBag from /home/airflow/.local/lib/python3.12/site-packages/airflow/example_dags/example_bash_operator.py
[2024-06-14T12:25:48.831+0000] {processor.py:840} INFO - DAG(s) 'example_bash_operator' retrieved from /home/airflow/.local/lib/python3.12/site-packages/airflow/example_dags/example_bash_operator.py
[2024-06-14T12:25:48.853+0000] {logging_mixin.py:188} INFO - [2024-06-14T12:25:48.853+0000] {dag.py:3096} INFO - Sync 1 DAGs
[2024-06-14T12:25:48.872+0000] {logging_mixin.py:188} INFO - [2024-06-14T12:25:48.871+0000] {dag.py:3954} INFO - Setting next_dagrun for example_bash_operator to 2024-06-14 00:00:00+00:00, run_after=2024-06-15 00:00:00+00:00
[2024-06-14T12:25:48.887+0000] {processor.py:183} INFO - Processing /home/airflow/.local/lib/python3.12/site-packages/airflow/example_dags/example_bash_operator.py took 0.071 seconds
[2024-06-14T12:26:19.193+0000] {processor.py:161} INFO - Started process (PID=936) to work on /home/airflow/.local/lib/python3.12/site-packages/airflow/example_dags/example_bash_operator.py
[2024-06-14T12:26:19.194+0000] {processor.py:830} INFO - Processing file /home/airflow/.local/lib/python3.12/site-packages/airflow/example_dags/example_bash_operator.py for tasks to queue
[2024-06-14T12:26:19.195+0000] {logging_mixin.py:188} INFO - [2024-06-14T12:26:19.195+0000] {dagbag.py:545} INFO - Filling up the DagBag from /home/airflow/.local/lib/python3.12/site-packages/airflow/example_dags/example_bash_operator.py
[2024-06-14T12:26:19.202+0000] {processor.py:840} INFO - DAG(s) 'example_bash_operator' retrieved from /home/airflow/.local/lib/python3.12/site-packages/airflow/example_dags/example_bash_operator.py
[2024-06-14T12:26:19.221+0000] {logging_mixin.py:188} INFO - [2024-06-14T12:26:19.221+0000] {dag.py:3096} INFO - Sync 1 DAGs
[2024-06-14T12:26:19.239+0000] {logging_mixin.py:188} INFO - [2024-06-14T12:26:19.238+0000] {dag.py:3954} INFO - Setting next_dagrun for example_bash_operator to 2024-06-14 00:00:00+00:00, run_after=2024-06-15 00:00:00+00:00
[2024-06-14T12:26:19.253+0000] {processor.py:183} INFO - Processing /home/airflow/.local/lib/python3.12/site-packages/airflow/example_dags/example_bash_operator.py took 0.064 seconds
[2024-06-14T12:26:49.482+0000] {processor.py:161} INFO - Started process (PID=994) to work on /home/airflow/.local/lib/python3.12/site-packages/airflow/example_dags/example_bash_operator.py
[2024-06-14T12:26:49.483+0000] {processor.py:830} INFO - Processing file /home/airflow/.local/lib/python3.12/site-packages/airflow/example_dags/example_bash_operator.py for tasks to queue
[2024-06-14T12:26:49.484+0000] {logging_mixin.py:188} INFO - [2024-06-14T12:26:49.484+0000] {dagbag.py:545} INFO - Filling up the DagBag from /home/airflow/.local/lib/python3.12/site-packages/airflow/example_dags/example_bash_operator.py
[2024-06-14T12:26:49.492+0000] {processor.py:840} INFO - DAG(s) 'example_bash_operator' retrieved from /home/airflow/.local/lib/python3.12/site-packages/airflow/example_dags/example_bash_operator.py
[2024-06-14T12:26:49.513+0000] {logging_mixin.py:188} INFO - [2024-06-14T12:26:49.512+0000] {dag.py:3096} INFO - Sync 1 DAGs
[2024-06-14T12:26:49.533+0000] {logging_mixin.py:188} INFO - [2024-06-14T12:26:49.533+0000] {dag.py:3954} INFO - Setting next_dagrun for example_bash_operator to 2024-06-14 00:00:00+00:00, run_after=2024-06-15 00:00:00+00:00
[2024-06-14T12:26:49.547+0000] {processor.py:183} INFO - Processing /home/airflow/.local/lib/python3.12/site-packages/airflow/example_dags/example_bash_operator.py took 0.070 seconds
[2024-06-14T12:27:19.678+0000] {processor.py:161} INFO - Started process (PID=1052) to work on /home/airflow/.local/lib/python3.12/site-packages/airflow/example_dags/example_bash_operator.py
[2024-06-14T12:27:19.679+0000] {processor.py:830} INFO - Processing file /home/airflow/.local/lib/python3.12/site-packages/airflow/example_dags/example_bash_operator.py for tasks to queue
[2024-06-14T12:27:19.680+0000] {logging_mixin.py:188} INFO - [2024-06-14T12:27:19.680+0000] {dagbag.py:545} INFO - Filling up the DagBag from /home/airflow/.local/lib/python3.12/site-packages/airflow/example_dags/example_bash_operator.py
[2024-06-14T12:27:19.689+0000] {processor.py:840} INFO - DAG(s) 'example_bash_operator' retrieved from /home/airflow/.local/lib/python3.12/site-packages/airflow/example_dags/example_bash_operator.py
[2024-06-14T12:27:19.712+0000] {logging_mixin.py:188} INFO - [2024-06-14T12:27:19.712+0000] {dag.py:3096} INFO - Sync 1 DAGs
[2024-06-14T12:27:19.732+0000] {logging_mixin.py:188} INFO - [2024-06-14T12:27:19.732+0000] {dag.py:3954} INFO - Setting next_dagrun for example_bash_operator to 2024-06-14 00:00:00+00:00, run_after=2024-06-15 00:00:00+00:00
[2024-06-14T12:27:19.747+0000] {processor.py:183} INFO - Processing /home/airflow/.local/lib/python3.12/site-packages/airflow/example_dags/example_bash_operator.py took 0.074 seconds
[2024-06-14T12:27:49.930+0000] {processor.py:161} INFO - Started process (PID=1110) to work on /home/airflow/.local/lib/python3.12/site-packages/airflow/example_dags/example_bash_operator.py
[2024-06-14T12:27:49.931+0000] {processor.py:830} INFO - Processing file /home/airflow/.local/lib/python3.12/site-packages/airflow/example_dags/example_bash_operator.py for tasks to queue
[2024-06-14T12:27:49.932+0000] {logging_mixin.py:188} INFO - [2024-06-14T12:27:49.932+0000] {dagbag.py:545} INFO - Filling up the DagBag from /home/airflow/.local/lib/python3.12/site-packages/airflow/example_dags/example_bash_operator.py
[2024-06-14T12:27:49.940+0000] {processor.py:840} INFO - DAG(s) 'example_bash_operator' retrieved from /home/airflow/.local/lib/python3.12/site-packages/airflow/example_dags/example_bash_operator.py
[2024-06-14T12:27:49.964+0000] {logging_mixin.py:188} INFO - [2024-06-14T12:27:49.963+0000] {dag.py:3096} INFO - Sync 1 DAGs
[2024-06-14T12:27:49.983+0000] {logging_mixin.py:188} INFO - [2024-06-14T12:27:49.982+0000] {dag.py:3954} INFO - Setting next_dagrun for example_bash_operator to 2024-06-14 00:00:00+00:00, run_after=2024-06-15 00:00:00+00:00
[2024-06-14T12:27:49.997+0000] {processor.py:183} INFO - Processing /home/airflow/.local/lib/python3.12/site-packages/airflow/example_dags/example_bash_operator.py took 0.072 seconds
[2024-06-14T12:28:20.129+0000] {processor.py:161} INFO - Started process (PID=1168) to work on /home/airflow/.local/lib/python3.12/site-packages/airflow/example_dags/example_bash_operator.py
[2024-06-14T12:28:20.130+0000] {processor.py:830} INFO - Processing file /home/airflow/.local/lib/python3.12/site-packages/airflow/example_dags/example_bash_operator.py for tasks to queue
[2024-06-14T12:28:20.131+0000] {logging_mixin.py:188} INFO - [2024-06-14T12:28:20.131+0000] {dagbag.py:545} INFO - Filling up the DagBag from /home/airflow/.local/lib/python3.12/site-packages/airflow/example_dags/example_bash_operator.py
[2024-06-14T12:28:20.139+0000] {processor.py:840} INFO - DAG(s) 'example_bash_operator' retrieved from /home/airflow/.local/lib/python3.12/site-packages/airflow/example_dags/example_bash_operator.py
[2024-06-14T12:28:20.160+0000] {logging_mixin.py:188} INFO - [2024-06-14T12:28:20.160+0000] {dag.py:3096} INFO - Sync 1 DAGs
[2024-06-14T12:28:20.178+0000] {logging_mixin.py:188} INFO - [2024-06-14T12:28:20.178+0000] {dag.py:3954} INFO - Setting next_dagrun for example_bash_operator to 2024-06-14 00:00:00+00:00, run_after=2024-06-15 00:00:00+00:00
[2024-06-14T12:28:20.191+0000] {processor.py:183} INFO - Processing /home/airflow/.local/lib/python3.12/site-packages/airflow/example_dags/example_bash_operator.py took 0.066 seconds
[2024-06-14T12:28:50.537+0000] {processor.py:161} INFO - Started process (PID=1226) to work on /home/airflow/.local/lib/python3.12/site-packages/airflow/example_dags/example_bash_operator.py
[2024-06-14T12:28:50.538+0000] {processor.py:830} INFO - Processing file /home/airflow/.local/lib/python3.12/site-packages/airflow/example_dags/example_bash_operator.py for tasks to queue
[2024-06-14T12:28:50.539+0000] {logging_mixin.py:188} INFO - [2024-06-14T12:28:50.539+0000] {dagbag.py:545} INFO - Filling up the DagBag from /home/airflow/.local/lib/python3.12/site-packages/airflow/example_dags/example_bash_operator.py
[2024-06-14T12:28:50.547+0000] {processor.py:840} INFO - DAG(s) 'example_bash_operator' retrieved from /home/airflow/.local/lib/python3.12/site-packages/airflow/example_dags/example_bash_operator.py
[2024-06-14T12:28:50.570+0000] {logging_mixin.py:188} INFO - [2024-06-14T12:28:50.570+0000] {dag.py:3096} INFO - Sync 1 DAGs
[2024-06-14T12:28:50.590+0000] {logging_mixin.py:188} INFO - [2024-06-14T12:28:50.590+0000] {dag.py:3954} INFO - Setting next_dagrun for example_bash_operator to 2024-06-14 00:00:00+00:00, run_after=2024-06-15 00:00:00+00:00
[2024-06-14T12:28:50.610+0000] {processor.py:183} INFO - Processing /home/airflow/.local/lib/python3.12/site-packages/airflow/example_dags/example_bash_operator.py took 0.077 seconds
[2024-06-14T12:29:20.845+0000] {processor.py:161} INFO - Started process (PID=1284) to work on /home/airflow/.local/lib/python3.12/site-packages/airflow/example_dags/example_bash_operator.py
[2024-06-14T12:29:20.846+0000] {processor.py:830} INFO - Processing file /home/airflow/.local/lib/python3.12/site-packages/airflow/example_dags/example_bash_operator.py for tasks to queue
[2024-06-14T12:29:20.847+0000] {logging_mixin.py:188} INFO - [2024-06-14T12:29:20.847+0000] {dagbag.py:545} INFO - Filling up the DagBag from /home/airflow/.local/lib/python3.12/site-packages/airflow/example_dags/example_bash_operator.py
[2024-06-14T12:29:20.854+0000] {processor.py:840} INFO - DAG(s) 'example_bash_operator' retrieved from /home/airflow/.local/lib/python3.12/site-packages/airflow/example_dags/example_bash_operator.py
[2024-06-14T12:29:20.874+0000] {logging_mixin.py:188} INFO - [2024-06-14T12:29:20.873+0000] {dag.py:3096} INFO - Sync 1 DAGs
[2024-06-14T12:29:20.890+0000] {logging_mixin.py:188} INFO - [2024-06-14T12:29:20.890+0000] {dag.py:3954} INFO - Setting next_dagrun for example_bash_operator to 2024-06-14 00:00:00+00:00, run_after=2024-06-15 00:00:00+00:00
[2024-06-14T12:29:20.905+0000] {processor.py:183} INFO - Processing /home/airflow/.local/lib/python3.12/site-packages/airflow/example_dags/example_bash_operator.py took 0.063 seconds
[2024-06-14T12:29:51.067+0000] {processor.py:161} INFO - Started process (PID=1342) to work on /home/airflow/.local/lib/python3.12/site-packages/airflow/example_dags/example_bash_operator.py
[2024-06-14T12:29:51.068+0000] {processor.py:830} INFO - Processing file /home/airflow/.local/lib/python3.12/site-packages/airflow/example_dags/example_bash_operator.py for tasks to queue
[2024-06-14T12:29:51.069+0000] {logging_mixin.py:188} INFO - [2024-06-14T12:29:51.069+0000] {dagbag.py:545} INFO - Filling up the DagBag from /home/airflow/.local/lib/python3.12/site-packages/airflow/example_dags/example_bash_operator.py
[2024-06-14T12:29:51.077+0000] {processor.py:840} INFO - DAG(s) 'example_bash_operator' retrieved from /home/airflow/.local/lib/python3.12/site-packages/airflow/example_dags/example_bash_operator.py
[2024-06-14T12:29:51.098+0000] {logging_mixin.py:188} INFO - [2024-06-14T12:29:51.097+0000] {dag.py:3096} INFO - Sync 1 DAGs
[2024-06-14T12:29:51.115+0000] {logging_mixin.py:188} INFO - [2024-06-14T12:29:51.115+0000] {dag.py:3954} INFO - Setting next_dagrun for example_bash_operator to 2024-06-14 00:00:00+00:00, run_after=2024-06-15 00:00:00+00:00
[2024-06-14T12:29:51.132+0000] {processor.py:183} INFO - Processing /home/airflow/.local/lib/python3.12/site-packages/airflow/example_dags/example_bash_operator.py took 0.068 seconds
[2024-06-14T12:30:21.429+0000] {processor.py:161} INFO - Started process (PID=1400) to work on /home/airflow/.local/lib/python3.12/site-packages/airflow/example_dags/example_bash_operator.py
[2024-06-14T12:30:21.429+0000] {processor.py:830} INFO - Processing file /home/airflow/.local/lib/python3.12/site-packages/airflow/example_dags/example_bash_operator.py for tasks to queue
[2024-06-14T12:30:21.430+0000] {logging_mixin.py:188} INFO - [2024-06-14T12:30:21.430+0000] {dagbag.py:545} INFO - Filling up the DagBag from /home/airflow/.local/lib/python3.12/site-packages/airflow/example_dags/example_bash_operator.py
[2024-06-14T12:30:21.438+0000] {processor.py:840} INFO - DAG(s) 'example_bash_operator' retrieved from /home/airflow/.local/lib/python3.12/site-packages/airflow/example_dags/example_bash_operator.py
[2024-06-14T12:30:21.464+0000] {logging_mixin.py:188} INFO - [2024-06-14T12:30:21.464+0000] {dag.py:3096} INFO - Sync 1 DAGs
[2024-06-14T12:30:21.482+0000] {logging_mixin.py:188} INFO - [2024-06-14T12:30:21.481+0000] {dag.py:3954} INFO - Setting next_dagrun for example_bash_operator to 2024-06-14 00:00:00+00:00, run_after=2024-06-15 00:00:00+00:00
[2024-06-14T12:30:21.497+0000] {processor.py:183} INFO - Processing /home/airflow/.local/lib/python3.12/site-packages/airflow/example_dags/example_bash_operator.py took 0.074 seconds
[2024-06-14T12:30:51.816+0000] {processor.py:161} INFO - Started process (PID=1458) to work on /home/airflow/.local/lib/python3.12/site-packages/airflow/example_dags/example_bash_operator.py
[2024-06-14T12:30:51.817+0000] {processor.py:830} INFO - Processing file /home/airflow/.local/lib/python3.12/site-packages/airflow/example_dags/example_bash_operator.py for tasks to queue
[2024-06-14T12:30:51.818+0000] {logging_mixin.py:188} INFO - [2024-06-14T12:30:51.818+0000] {dagbag.py:545} INFO - Filling up the DagBag from /home/airflow/.local/lib/python3.12/site-packages/airflow/example_dags/example_bash_operator.py
[2024-06-14T12:30:51.828+0000] {processor.py:840} INFO - DAG(s) 'example_bash_operator' retrieved from /home/airflow/.local/lib/python3.12/site-packages/airflow/example_dags/example_bash_operator.py
[2024-06-14T12:30:51.849+0000] {logging_mixin.py:188} INFO - [2024-06-14T12:30:51.849+0000] {dag.py:3096} INFO - Sync 1 DAGs
[2024-06-14T12:30:51.869+0000] {logging_mixin.py:188} INFO - [2024-06-14T12:30:51.869+0000] {dag.py:3954} INFO - Setting next_dagrun for example_bash_operator to 2024-06-14 00:00:00+00:00, run_after=2024-06-15 00:00:00+00:00
[2024-06-14T12:30:51.885+0000] {processor.py:183} INFO - Processing /home/airflow/.local/lib/python3.12/site-packages/airflow/example_dags/example_bash_operator.py took 0.074 seconds
