[2024-06-14T12:06:29.914+0000] {processor.py:161} INFO - Started process (PID=34) to work on /home/airflow/.local/lib/python3.12/site-packages/airflow/example_dags/example_task_group_decorator.py
[2024-06-14T12:06:29.915+0000] {processor.py:830} INFO - Processing file /home/airflow/.local/lib/python3.12/site-packages/airflow/example_dags/example_task_group_decorator.py for tasks to queue
[2024-06-14T12:06:29.917+0000] {logging_mixin.py:188} INFO - [2024-06-14T12:06:29.917+0000] {dagbag.py:545} INFO - Filling up the DagBag from /home/airflow/.local/lib/python3.12/site-packages/airflow/example_dags/example_task_group_decorator.py
[2024-06-14T12:06:29.935+0000] {processor.py:840} INFO - DAG(s) 'example_task_group_decorator' retrieved from /home/airflow/.local/lib/python3.12/site-packages/airflow/example_dags/example_task_group_decorator.py
[2024-06-14T12:06:29.958+0000] {logging_mixin.py:188} INFO - [2024-06-14T12:06:29.958+0000] {dag.py:3096} INFO - Sync 1 DAGs
[2024-06-14T12:06:29.977+0000] {logging_mixin.py:188} INFO - [2024-06-14T12:06:29.977+0000] {dag.py:3954} INFO - Setting next_dagrun for example_task_group_decorator to 2024-06-13 00:00:00+00:00, run_after=2024-06-14 00:00:00+00:00
[2024-06-14T12:06:29.994+0000] {processor.py:183} INFO - Processing /home/airflow/.local/lib/python3.12/site-packages/airflow/example_dags/example_task_group_decorator.py took 0.085 seconds
[2024-06-14T12:07:00.534+0000] {processor.py:161} INFO - Started process (PID=92) to work on /home/airflow/.local/lib/python3.12/site-packages/airflow/example_dags/example_task_group_decorator.py
[2024-06-14T12:07:00.535+0000] {processor.py:830} INFO - Processing file /home/airflow/.local/lib/python3.12/site-packages/airflow/example_dags/example_task_group_decorator.py for tasks to queue
[2024-06-14T12:07:00.536+0000] {logging_mixin.py:188} INFO - [2024-06-14T12:07:00.536+0000] {dagbag.py:545} INFO - Filling up the DagBag from /home/airflow/.local/lib/python3.12/site-packages/airflow/example_dags/example_task_group_decorator.py
[2024-06-14T12:07:00.547+0000] {processor.py:840} INFO - DAG(s) 'example_task_group_decorator' retrieved from /home/airflow/.local/lib/python3.12/site-packages/airflow/example_dags/example_task_group_decorator.py
[2024-06-14T12:07:00.721+0000] {logging_mixin.py:188} INFO - [2024-06-14T12:07:00.721+0000] {dag.py:3096} INFO - Sync 1 DAGs
[2024-06-14T12:07:00.738+0000] {logging_mixin.py:188} INFO - [2024-06-14T12:07:00.738+0000] {dag.py:3954} INFO - Setting next_dagrun for example_task_group_decorator to 2024-06-13 00:00:00+00:00, run_after=2024-06-14 00:00:00+00:00
[2024-06-14T12:07:00.758+0000] {processor.py:183} INFO - Processing /home/airflow/.local/lib/python3.12/site-packages/airflow/example_dags/example_task_group_decorator.py took 0.229 seconds
[2024-06-14T12:07:30.784+0000] {processor.py:161} INFO - Started process (PID=150) to work on /home/airflow/.local/lib/python3.12/site-packages/airflow/example_dags/example_task_group_decorator.py
[2024-06-14T12:07:30.785+0000] {processor.py:830} INFO - Processing file /home/airflow/.local/lib/python3.12/site-packages/airflow/example_dags/example_task_group_decorator.py for tasks to queue
[2024-06-14T12:07:30.787+0000] {logging_mixin.py:188} INFO - [2024-06-14T12:07:30.787+0000] {dagbag.py:545} INFO - Filling up the DagBag from /home/airflow/.local/lib/python3.12/site-packages/airflow/example_dags/example_task_group_decorator.py
[2024-06-14T12:07:30.799+0000] {processor.py:840} INFO - DAG(s) 'example_task_group_decorator' retrieved from /home/airflow/.local/lib/python3.12/site-packages/airflow/example_dags/example_task_group_decorator.py
[2024-06-14T12:07:30.822+0000] {logging_mixin.py:188} INFO - [2024-06-14T12:07:30.821+0000] {dag.py:3096} INFO - Sync 1 DAGs
[2024-06-14T12:07:30.838+0000] {logging_mixin.py:188} INFO - [2024-06-14T12:07:30.838+0000] {dag.py:3954} INFO - Setting next_dagrun for example_task_group_decorator to 2024-06-13 00:00:00+00:00, run_after=2024-06-14 00:00:00+00:00
[2024-06-14T12:07:30.856+0000] {processor.py:183} INFO - Processing /home/airflow/.local/lib/python3.12/site-packages/airflow/example_dags/example_task_group_decorator.py took 0.077 seconds
[2024-06-14T12:08:01.072+0000] {processor.py:161} INFO - Started process (PID=208) to work on /home/airflow/.local/lib/python3.12/site-packages/airflow/example_dags/example_task_group_decorator.py
[2024-06-14T12:08:01.073+0000] {processor.py:830} INFO - Processing file /home/airflow/.local/lib/python3.12/site-packages/airflow/example_dags/example_task_group_decorator.py for tasks to queue
[2024-06-14T12:08:01.074+0000] {logging_mixin.py:188} INFO - [2024-06-14T12:08:01.074+0000] {dagbag.py:545} INFO - Filling up the DagBag from /home/airflow/.local/lib/python3.12/site-packages/airflow/example_dags/example_task_group_decorator.py
[2024-06-14T12:08:01.086+0000] {processor.py:840} INFO - DAG(s) 'example_task_group_decorator' retrieved from /home/airflow/.local/lib/python3.12/site-packages/airflow/example_dags/example_task_group_decorator.py
[2024-06-14T12:08:01.105+0000] {logging_mixin.py:188} INFO - [2024-06-14T12:08:01.104+0000] {dag.py:3096} INFO - Sync 1 DAGs
[2024-06-14T12:08:01.123+0000] {logging_mixin.py:188} INFO - [2024-06-14T12:08:01.123+0000] {dag.py:3954} INFO - Setting next_dagrun for example_task_group_decorator to 2024-06-13 00:00:00+00:00, run_after=2024-06-14 00:00:00+00:00
[2024-06-14T12:08:01.138+0000] {processor.py:183} INFO - Processing /home/airflow/.local/lib/python3.12/site-packages/airflow/example_dags/example_task_group_decorator.py took 0.071 seconds
[2024-06-14T12:08:31.201+0000] {processor.py:161} INFO - Started process (PID=266) to work on /home/airflow/.local/lib/python3.12/site-packages/airflow/example_dags/example_task_group_decorator.py
[2024-06-14T12:08:31.202+0000] {processor.py:830} INFO - Processing file /home/airflow/.local/lib/python3.12/site-packages/airflow/example_dags/example_task_group_decorator.py for tasks to queue
[2024-06-14T12:08:31.205+0000] {logging_mixin.py:188} INFO - [2024-06-14T12:08:31.205+0000] {dagbag.py:545} INFO - Filling up the DagBag from /home/airflow/.local/lib/python3.12/site-packages/airflow/example_dags/example_task_group_decorator.py
[2024-06-14T12:08:31.219+0000] {processor.py:840} INFO - DAG(s) 'example_task_group_decorator' retrieved from /home/airflow/.local/lib/python3.12/site-packages/airflow/example_dags/example_task_group_decorator.py
[2024-06-14T12:08:31.238+0000] {logging_mixin.py:188} INFO - [2024-06-14T12:08:31.237+0000] {dag.py:3096} INFO - Sync 1 DAGs
[2024-06-14T12:08:31.256+0000] {logging_mixin.py:188} INFO - [2024-06-14T12:08:31.256+0000] {dag.py:3954} INFO - Setting next_dagrun for example_task_group_decorator to 2024-06-13 00:00:00+00:00, run_after=2024-06-14 00:00:00+00:00
[2024-06-14T12:08:31.271+0000] {processor.py:183} INFO - Processing /home/airflow/.local/lib/python3.12/site-packages/airflow/example_dags/example_task_group_decorator.py took 0.076 seconds
[2024-06-14T12:09:01.472+0000] {processor.py:161} INFO - Started process (PID=324) to work on /home/airflow/.local/lib/python3.12/site-packages/airflow/example_dags/example_task_group_decorator.py
[2024-06-14T12:09:01.473+0000] {processor.py:830} INFO - Processing file /home/airflow/.local/lib/python3.12/site-packages/airflow/example_dags/example_task_group_decorator.py for tasks to queue
[2024-06-14T12:09:01.475+0000] {logging_mixin.py:188} INFO - [2024-06-14T12:09:01.474+0000] {dagbag.py:545} INFO - Filling up the DagBag from /home/airflow/.local/lib/python3.12/site-packages/airflow/example_dags/example_task_group_decorator.py
[2024-06-14T12:09:01.488+0000] {processor.py:840} INFO - DAG(s) 'example_task_group_decorator' retrieved from /home/airflow/.local/lib/python3.12/site-packages/airflow/example_dags/example_task_group_decorator.py
[2024-06-14T12:09:01.511+0000] {logging_mixin.py:188} INFO - [2024-06-14T12:09:01.510+0000] {dag.py:3096} INFO - Sync 1 DAGs
[2024-06-14T12:09:01.528+0000] {logging_mixin.py:188} INFO - [2024-06-14T12:09:01.528+0000] {dag.py:3954} INFO - Setting next_dagrun for example_task_group_decorator to 2024-06-13 00:00:00+00:00, run_after=2024-06-14 00:00:00+00:00
[2024-06-14T12:09:01.544+0000] {processor.py:183} INFO - Processing /home/airflow/.local/lib/python3.12/site-packages/airflow/example_dags/example_task_group_decorator.py took 0.077 seconds
[2024-06-14T12:09:31.641+0000] {processor.py:161} INFO - Started process (PID=389) to work on /home/airflow/.local/lib/python3.12/site-packages/airflow/example_dags/example_task_group_decorator.py
[2024-06-14T12:09:31.642+0000] {processor.py:830} INFO - Processing file /home/airflow/.local/lib/python3.12/site-packages/airflow/example_dags/example_task_group_decorator.py for tasks to queue
[2024-06-14T12:09:31.645+0000] {logging_mixin.py:188} INFO - [2024-06-14T12:09:31.645+0000] {dagbag.py:545} INFO - Filling up the DagBag from /home/airflow/.local/lib/python3.12/site-packages/airflow/example_dags/example_task_group_decorator.py
[2024-06-14T12:09:31.661+0000] {processor.py:840} INFO - DAG(s) 'example_task_group_decorator' retrieved from /home/airflow/.local/lib/python3.12/site-packages/airflow/example_dags/example_task_group_decorator.py
[2024-06-14T12:09:31.692+0000] {logging_mixin.py:188} INFO - [2024-06-14T12:09:31.692+0000] {dag.py:3096} INFO - Sync 1 DAGs
[2024-06-14T12:09:31.717+0000] {logging_mixin.py:188} INFO - [2024-06-14T12:09:31.717+0000] {dag.py:3954} INFO - Setting next_dagrun for example_task_group_decorator to 2024-06-13 00:00:00+00:00, run_after=2024-06-14 00:00:00+00:00
[2024-06-14T12:09:31.735+0000] {processor.py:183} INFO - Processing /home/airflow/.local/lib/python3.12/site-packages/airflow/example_dags/example_task_group_decorator.py took 0.103 seconds
[2024-06-14T12:10:02.123+0000] {processor.py:161} INFO - Started process (PID=447) to work on /home/airflow/.local/lib/python3.12/site-packages/airflow/example_dags/example_task_group_decorator.py
[2024-06-14T12:10:02.124+0000] {processor.py:830} INFO - Processing file /home/airflow/.local/lib/python3.12/site-packages/airflow/example_dags/example_task_group_decorator.py for tasks to queue
[2024-06-14T12:10:02.126+0000] {logging_mixin.py:188} INFO - [2024-06-14T12:10:02.125+0000] {dagbag.py:545} INFO - Filling up the DagBag from /home/airflow/.local/lib/python3.12/site-packages/airflow/example_dags/example_task_group_decorator.py
[2024-06-14T12:10:02.137+0000] {processor.py:840} INFO - DAG(s) 'example_task_group_decorator' retrieved from /home/airflow/.local/lib/python3.12/site-packages/airflow/example_dags/example_task_group_decorator.py
[2024-06-14T12:10:02.155+0000] {logging_mixin.py:188} INFO - [2024-06-14T12:10:02.155+0000] {dag.py:3096} INFO - Sync 1 DAGs
[2024-06-14T12:10:02.172+0000] {logging_mixin.py:188} INFO - [2024-06-14T12:10:02.171+0000] {dag.py:3954} INFO - Setting next_dagrun for example_task_group_decorator to 2024-06-13 00:00:00+00:00, run_after=2024-06-14 00:00:00+00:00
[2024-06-14T12:10:02.186+0000] {processor.py:183} INFO - Processing /home/airflow/.local/lib/python3.12/site-packages/airflow/example_dags/example_task_group_decorator.py took 0.068 seconds
[2024-06-14T12:10:32.224+0000] {processor.py:161} INFO - Started process (PID=505) to work on /home/airflow/.local/lib/python3.12/site-packages/airflow/example_dags/example_task_group_decorator.py
[2024-06-14T12:10:32.225+0000] {processor.py:830} INFO - Processing file /home/airflow/.local/lib/python3.12/site-packages/airflow/example_dags/example_task_group_decorator.py for tasks to queue
[2024-06-14T12:10:32.226+0000] {logging_mixin.py:188} INFO - [2024-06-14T12:10:32.226+0000] {dagbag.py:545} INFO - Filling up the DagBag from /home/airflow/.local/lib/python3.12/site-packages/airflow/example_dags/example_task_group_decorator.py
[2024-06-14T12:10:32.241+0000] {processor.py:840} INFO - DAG(s) 'example_task_group_decorator' retrieved from /home/airflow/.local/lib/python3.12/site-packages/airflow/example_dags/example_task_group_decorator.py
[2024-06-14T12:10:32.264+0000] {logging_mixin.py:188} INFO - [2024-06-14T12:10:32.264+0000] {dag.py:3096} INFO - Sync 1 DAGs
[2024-06-14T12:10:32.284+0000] {logging_mixin.py:188} INFO - [2024-06-14T12:10:32.283+0000] {dag.py:3954} INFO - Setting next_dagrun for example_task_group_decorator to 2024-06-13 00:00:00+00:00, run_after=2024-06-14 00:00:00+00:00
[2024-06-14T12:10:32.299+0000] {processor.py:183} INFO - Processing /home/airflow/.local/lib/python3.12/site-packages/airflow/example_dags/example_task_group_decorator.py took 0.080 seconds
[2024-06-14T12:11:02.474+0000] {processor.py:161} INFO - Started process (PID=570) to work on /home/airflow/.local/lib/python3.12/site-packages/airflow/example_dags/example_task_group_decorator.py
[2024-06-14T12:11:02.475+0000] {processor.py:830} INFO - Processing file /home/airflow/.local/lib/python3.12/site-packages/airflow/example_dags/example_task_group_decorator.py for tasks to queue
[2024-06-14T12:11:02.477+0000] {logging_mixin.py:188} INFO - [2024-06-14T12:11:02.476+0000] {dagbag.py:545} INFO - Filling up the DagBag from /home/airflow/.local/lib/python3.12/site-packages/airflow/example_dags/example_task_group_decorator.py
[2024-06-14T12:11:02.488+0000] {processor.py:840} INFO - DAG(s) 'example_task_group_decorator' retrieved from /home/airflow/.local/lib/python3.12/site-packages/airflow/example_dags/example_task_group_decorator.py
[2024-06-14T12:11:02.512+0000] {logging_mixin.py:188} INFO - [2024-06-14T12:11:02.511+0000] {dag.py:3096} INFO - Sync 1 DAGs
[2024-06-14T12:11:02.531+0000] {logging_mixin.py:188} INFO - [2024-06-14T12:11:02.531+0000] {dag.py:3954} INFO - Setting next_dagrun for example_task_group_decorator to 2024-06-13 00:00:00+00:00, run_after=2024-06-14 00:00:00+00:00
[2024-06-14T12:11:02.547+0000] {processor.py:183} INFO - Processing /home/airflow/.local/lib/python3.12/site-packages/airflow/example_dags/example_task_group_decorator.py took 0.078 seconds
[2024-06-14T12:11:32.633+0000] {processor.py:161} INFO - Started process (PID=628) to work on /home/airflow/.local/lib/python3.12/site-packages/airflow/example_dags/example_task_group_decorator.py
[2024-06-14T12:11:32.633+0000] {processor.py:830} INFO - Processing file /home/airflow/.local/lib/python3.12/site-packages/airflow/example_dags/example_task_group_decorator.py for tasks to queue
[2024-06-14T12:11:32.634+0000] {logging_mixin.py:188} INFO - [2024-06-14T12:11:32.634+0000] {dagbag.py:545} INFO - Filling up the DagBag from /home/airflow/.local/lib/python3.12/site-packages/airflow/example_dags/example_task_group_decorator.py
[2024-06-14T12:11:32.645+0000] {processor.py:840} INFO - DAG(s) 'example_task_group_decorator' retrieved from /home/airflow/.local/lib/python3.12/site-packages/airflow/example_dags/example_task_group_decorator.py
[2024-06-14T12:11:32.666+0000] {logging_mixin.py:188} INFO - [2024-06-14T12:11:32.666+0000] {dag.py:3096} INFO - Sync 1 DAGs
[2024-06-14T12:11:32.683+0000] {logging_mixin.py:188} INFO - [2024-06-14T12:11:32.683+0000] {dag.py:3954} INFO - Setting next_dagrun for example_task_group_decorator to 2024-06-13 00:00:00+00:00, run_after=2024-06-14 00:00:00+00:00
[2024-06-14T12:11:32.697+0000] {processor.py:183} INFO - Processing /home/airflow/.local/lib/python3.12/site-packages/airflow/example_dags/example_task_group_decorator.py took 0.069 seconds
[2024-06-14T12:12:02.866+0000] {processor.py:161} INFO - Started process (PID=686) to work on /home/airflow/.local/lib/python3.12/site-packages/airflow/example_dags/example_task_group_decorator.py
[2024-06-14T12:12:02.867+0000] {processor.py:830} INFO - Processing file /home/airflow/.local/lib/python3.12/site-packages/airflow/example_dags/example_task_group_decorator.py for tasks to queue
[2024-06-14T12:12:02.868+0000] {logging_mixin.py:188} INFO - [2024-06-14T12:12:02.868+0000] {dagbag.py:545} INFO - Filling up the DagBag from /home/airflow/.local/lib/python3.12/site-packages/airflow/example_dags/example_task_group_decorator.py
[2024-06-14T12:12:02.878+0000] {processor.py:840} INFO - DAG(s) 'example_task_group_decorator' retrieved from /home/airflow/.local/lib/python3.12/site-packages/airflow/example_dags/example_task_group_decorator.py
[2024-06-14T12:12:02.897+0000] {logging_mixin.py:188} INFO - [2024-06-14T12:12:02.896+0000] {dag.py:3096} INFO - Sync 1 DAGs
[2024-06-14T12:12:02.911+0000] {logging_mixin.py:188} INFO - [2024-06-14T12:12:02.911+0000] {dag.py:3954} INFO - Setting next_dagrun for example_task_group_decorator to 2024-06-13 00:00:00+00:00, run_after=2024-06-14 00:00:00+00:00
[2024-06-14T12:12:02.924+0000] {processor.py:183} INFO - Processing /home/airflow/.local/lib/python3.12/site-packages/airflow/example_dags/example_task_group_decorator.py took 0.063 seconds
[2024-06-14T12:12:33.015+0000] {processor.py:161} INFO - Started process (PID=744) to work on /home/airflow/.local/lib/python3.12/site-packages/airflow/example_dags/example_task_group_decorator.py
[2024-06-14T12:12:33.016+0000] {processor.py:830} INFO - Processing file /home/airflow/.local/lib/python3.12/site-packages/airflow/example_dags/example_task_group_decorator.py for tasks to queue
[2024-06-14T12:12:33.018+0000] {logging_mixin.py:188} INFO - [2024-06-14T12:12:33.017+0000] {dagbag.py:545} INFO - Filling up the DagBag from /home/airflow/.local/lib/python3.12/site-packages/airflow/example_dags/example_task_group_decorator.py
[2024-06-14T12:12:33.027+0000] {processor.py:840} INFO - DAG(s) 'example_task_group_decorator' retrieved from /home/airflow/.local/lib/python3.12/site-packages/airflow/example_dags/example_task_group_decorator.py
[2024-06-14T12:12:33.045+0000] {logging_mixin.py:188} INFO - [2024-06-14T12:12:33.044+0000] {dag.py:3096} INFO - Sync 1 DAGs
[2024-06-14T12:12:33.060+0000] {logging_mixin.py:188} INFO - [2024-06-14T12:12:33.060+0000] {dag.py:3954} INFO - Setting next_dagrun for example_task_group_decorator to 2024-06-13 00:00:00+00:00, run_after=2024-06-14 00:00:00+00:00
[2024-06-14T12:12:33.074+0000] {processor.py:183} INFO - Processing /home/airflow/.local/lib/python3.12/site-packages/airflow/example_dags/example_task_group_decorator.py took 0.064 seconds
[2024-06-14T12:13:03.166+0000] {processor.py:161} INFO - Started process (PID=802) to work on /home/airflow/.local/lib/python3.12/site-packages/airflow/example_dags/example_task_group_decorator.py
[2024-06-14T12:13:03.166+0000] {processor.py:830} INFO - Processing file /home/airflow/.local/lib/python3.12/site-packages/airflow/example_dags/example_task_group_decorator.py for tasks to queue
[2024-06-14T12:13:03.168+0000] {logging_mixin.py:188} INFO - [2024-06-14T12:13:03.168+0000] {dagbag.py:545} INFO - Filling up the DagBag from /home/airflow/.local/lib/python3.12/site-packages/airflow/example_dags/example_task_group_decorator.py
[2024-06-14T12:13:03.180+0000] {processor.py:840} INFO - DAG(s) 'example_task_group_decorator' retrieved from /home/airflow/.local/lib/python3.12/site-packages/airflow/example_dags/example_task_group_decorator.py
[2024-06-14T12:13:03.199+0000] {logging_mixin.py:188} INFO - [2024-06-14T12:13:03.199+0000] {dag.py:3096} INFO - Sync 1 DAGs
[2024-06-14T12:13:03.218+0000] {logging_mixin.py:188} INFO - [2024-06-14T12:13:03.218+0000] {dag.py:3954} INFO - Setting next_dagrun for example_task_group_decorator to 2024-06-13 00:00:00+00:00, run_after=2024-06-14 00:00:00+00:00
[2024-06-14T12:13:03.232+0000] {processor.py:183} INFO - Processing /home/airflow/.local/lib/python3.12/site-packages/airflow/example_dags/example_task_group_decorator.py took 0.071 seconds
[2024-06-14T12:13:33.579+0000] {processor.py:161} INFO - Started process (PID=860) to work on /home/airflow/.local/lib/python3.12/site-packages/airflow/example_dags/example_task_group_decorator.py
[2024-06-14T12:13:33.580+0000] {processor.py:830} INFO - Processing file /home/airflow/.local/lib/python3.12/site-packages/airflow/example_dags/example_task_group_decorator.py for tasks to queue
[2024-06-14T12:13:33.582+0000] {logging_mixin.py:188} INFO - [2024-06-14T12:13:33.582+0000] {dagbag.py:545} INFO - Filling up the DagBag from /home/airflow/.local/lib/python3.12/site-packages/airflow/example_dags/example_task_group_decorator.py
[2024-06-14T12:13:33.594+0000] {processor.py:840} INFO - DAG(s) 'example_task_group_decorator' retrieved from /home/airflow/.local/lib/python3.12/site-packages/airflow/example_dags/example_task_group_decorator.py
[2024-06-14T12:13:33.615+0000] {logging_mixin.py:188} INFO - [2024-06-14T12:13:33.614+0000] {dag.py:3096} INFO - Sync 1 DAGs
[2024-06-14T12:13:33.632+0000] {logging_mixin.py:188} INFO - [2024-06-14T12:13:33.632+0000] {dag.py:3954} INFO - Setting next_dagrun for example_task_group_decorator to 2024-06-13 00:00:00+00:00, run_after=2024-06-14 00:00:00+00:00
[2024-06-14T12:13:33.649+0000] {processor.py:183} INFO - Processing /home/airflow/.local/lib/python3.12/site-packages/airflow/example_dags/example_task_group_decorator.py took 0.075 seconds
[2024-06-14T12:14:04.038+0000] {processor.py:161} INFO - Started process (PID=918) to work on /home/airflow/.local/lib/python3.12/site-packages/airflow/example_dags/example_task_group_decorator.py
[2024-06-14T12:14:04.039+0000] {processor.py:830} INFO - Processing file /home/airflow/.local/lib/python3.12/site-packages/airflow/example_dags/example_task_group_decorator.py for tasks to queue
[2024-06-14T12:14:04.041+0000] {logging_mixin.py:188} INFO - [2024-06-14T12:14:04.041+0000] {dagbag.py:545} INFO - Filling up the DagBag from /home/airflow/.local/lib/python3.12/site-packages/airflow/example_dags/example_task_group_decorator.py
[2024-06-14T12:14:04.058+0000] {processor.py:840} INFO - DAG(s) 'example_task_group_decorator' retrieved from /home/airflow/.local/lib/python3.12/site-packages/airflow/example_dags/example_task_group_decorator.py
[2024-06-14T12:14:04.082+0000] {logging_mixin.py:188} INFO - [2024-06-14T12:14:04.082+0000] {dag.py:3096} INFO - Sync 1 DAGs
[2024-06-14T12:14:04.102+0000] {logging_mixin.py:188} INFO - [2024-06-14T12:14:04.102+0000] {dag.py:3954} INFO - Setting next_dagrun for example_task_group_decorator to 2024-06-13 00:00:00+00:00, run_after=2024-06-14 00:00:00+00:00
[2024-06-14T12:14:04.119+0000] {processor.py:183} INFO - Processing /home/airflow/.local/lib/python3.12/site-packages/airflow/example_dags/example_task_group_decorator.py took 0.086 seconds
[2024-06-14T12:14:34.416+0000] {processor.py:161} INFO - Started process (PID=976) to work on /home/airflow/.local/lib/python3.12/site-packages/airflow/example_dags/example_task_group_decorator.py
[2024-06-14T12:14:34.417+0000] {processor.py:830} INFO - Processing file /home/airflow/.local/lib/python3.12/site-packages/airflow/example_dags/example_task_group_decorator.py for tasks to queue
[2024-06-14T12:14:34.418+0000] {logging_mixin.py:188} INFO - [2024-06-14T12:14:34.418+0000] {dagbag.py:545} INFO - Filling up the DagBag from /home/airflow/.local/lib/python3.12/site-packages/airflow/example_dags/example_task_group_decorator.py
[2024-06-14T12:14:34.429+0000] {processor.py:840} INFO - DAG(s) 'example_task_group_decorator' retrieved from /home/airflow/.local/lib/python3.12/site-packages/airflow/example_dags/example_task_group_decorator.py
[2024-06-14T12:14:34.450+0000] {logging_mixin.py:188} INFO - [2024-06-14T12:14:34.450+0000] {dag.py:3096} INFO - Sync 1 DAGs
[2024-06-14T12:14:34.469+0000] {logging_mixin.py:188} INFO - [2024-06-14T12:14:34.469+0000] {dag.py:3954} INFO - Setting next_dagrun for example_task_group_decorator to 2024-06-13 00:00:00+00:00, run_after=2024-06-14 00:00:00+00:00
[2024-06-14T12:14:34.485+0000] {processor.py:183} INFO - Processing /home/airflow/.local/lib/python3.12/site-packages/airflow/example_dags/example_task_group_decorator.py took 0.073 seconds
[2024-06-14T12:15:04.791+0000] {processor.py:161} INFO - Started process (PID=1034) to work on /home/airflow/.local/lib/python3.12/site-packages/airflow/example_dags/example_task_group_decorator.py
[2024-06-14T12:15:04.792+0000] {processor.py:830} INFO - Processing file /home/airflow/.local/lib/python3.12/site-packages/airflow/example_dags/example_task_group_decorator.py for tasks to queue
[2024-06-14T12:15:04.793+0000] {logging_mixin.py:188} INFO - [2024-06-14T12:15:04.793+0000] {dagbag.py:545} INFO - Filling up the DagBag from /home/airflow/.local/lib/python3.12/site-packages/airflow/example_dags/example_task_group_decorator.py
[2024-06-14T12:15:04.806+0000] {processor.py:840} INFO - DAG(s) 'example_task_group_decorator' retrieved from /home/airflow/.local/lib/python3.12/site-packages/airflow/example_dags/example_task_group_decorator.py
[2024-06-14T12:15:04.825+0000] {logging_mixin.py:188} INFO - [2024-06-14T12:15:04.824+0000] {dag.py:3096} INFO - Sync 1 DAGs
[2024-06-14T12:15:04.842+0000] {logging_mixin.py:188} INFO - [2024-06-14T12:15:04.842+0000] {dag.py:3954} INFO - Setting next_dagrun for example_task_group_decorator to 2024-06-13 00:00:00+00:00, run_after=2024-06-14 00:00:00+00:00
[2024-06-14T12:15:04.857+0000] {processor.py:183} INFO - Processing /home/airflow/.local/lib/python3.12/site-packages/airflow/example_dags/example_task_group_decorator.py took 0.072 seconds
[2024-06-14T12:15:35.069+0000] {processor.py:161} INFO - Started process (PID=1092) to work on /home/airflow/.local/lib/python3.12/site-packages/airflow/example_dags/example_task_group_decorator.py
[2024-06-14T12:15:35.070+0000] {processor.py:830} INFO - Processing file /home/airflow/.local/lib/python3.12/site-packages/airflow/example_dags/example_task_group_decorator.py for tasks to queue
[2024-06-14T12:15:35.072+0000] {logging_mixin.py:188} INFO - [2024-06-14T12:15:35.072+0000] {dagbag.py:545} INFO - Filling up the DagBag from /home/airflow/.local/lib/python3.12/site-packages/airflow/example_dags/example_task_group_decorator.py
[2024-06-14T12:15:35.083+0000] {processor.py:840} INFO - DAG(s) 'example_task_group_decorator' retrieved from /home/airflow/.local/lib/python3.12/site-packages/airflow/example_dags/example_task_group_decorator.py
[2024-06-14T12:15:35.100+0000] {logging_mixin.py:188} INFO - [2024-06-14T12:15:35.100+0000] {dag.py:3096} INFO - Sync 1 DAGs
[2024-06-14T12:15:35.118+0000] {logging_mixin.py:188} INFO - [2024-06-14T12:15:35.118+0000] {dag.py:3954} INFO - Setting next_dagrun for example_task_group_decorator to 2024-06-13 00:00:00+00:00, run_after=2024-06-14 00:00:00+00:00
[2024-06-14T12:15:35.132+0000] {processor.py:183} INFO - Processing /home/airflow/.local/lib/python3.12/site-packages/airflow/example_dags/example_task_group_decorator.py took 0.066 seconds
[2024-06-14T12:16:05.394+0000] {processor.py:161} INFO - Started process (PID=1150) to work on /home/airflow/.local/lib/python3.12/site-packages/airflow/example_dags/example_task_group_decorator.py
[2024-06-14T12:16:05.395+0000] {processor.py:830} INFO - Processing file /home/airflow/.local/lib/python3.12/site-packages/airflow/example_dags/example_task_group_decorator.py for tasks to queue
[2024-06-14T12:16:05.397+0000] {logging_mixin.py:188} INFO - [2024-06-14T12:16:05.396+0000] {dagbag.py:545} INFO - Filling up the DagBag from /home/airflow/.local/lib/python3.12/site-packages/airflow/example_dags/example_task_group_decorator.py
[2024-06-14T12:16:05.408+0000] {processor.py:840} INFO - DAG(s) 'example_task_group_decorator' retrieved from /home/airflow/.local/lib/python3.12/site-packages/airflow/example_dags/example_task_group_decorator.py
[2024-06-14T12:16:05.425+0000] {logging_mixin.py:188} INFO - [2024-06-14T12:16:05.425+0000] {dag.py:3096} INFO - Sync 1 DAGs
[2024-06-14T12:16:05.439+0000] {logging_mixin.py:188} INFO - [2024-06-14T12:16:05.439+0000] {dag.py:3954} INFO - Setting next_dagrun for example_task_group_decorator to 2024-06-13 00:00:00+00:00, run_after=2024-06-14 00:00:00+00:00
[2024-06-14T12:16:05.451+0000] {processor.py:183} INFO - Processing /home/airflow/.local/lib/python3.12/site-packages/airflow/example_dags/example_task_group_decorator.py took 0.062 seconds
[2024-06-14T12:16:35.707+0000] {processor.py:161} INFO - Started process (PID=1208) to work on /home/airflow/.local/lib/python3.12/site-packages/airflow/example_dags/example_task_group_decorator.py
[2024-06-14T12:16:35.708+0000] {processor.py:830} INFO - Processing file /home/airflow/.local/lib/python3.12/site-packages/airflow/example_dags/example_task_group_decorator.py for tasks to queue
[2024-06-14T12:16:35.709+0000] {logging_mixin.py:188} INFO - [2024-06-14T12:16:35.709+0000] {dagbag.py:545} INFO - Filling up the DagBag from /home/airflow/.local/lib/python3.12/site-packages/airflow/example_dags/example_task_group_decorator.py
[2024-06-14T12:16:35.722+0000] {processor.py:840} INFO - DAG(s) 'example_task_group_decorator' retrieved from /home/airflow/.local/lib/python3.12/site-packages/airflow/example_dags/example_task_group_decorator.py
[2024-06-14T12:16:35.742+0000] {logging_mixin.py:188} INFO - [2024-06-14T12:16:35.742+0000] {dag.py:3096} INFO - Sync 1 DAGs
[2024-06-14T12:16:35.762+0000] {logging_mixin.py:188} INFO - [2024-06-14T12:16:35.762+0000] {dag.py:3954} INFO - Setting next_dagrun for example_task_group_decorator to 2024-06-13 00:00:00+00:00, run_after=2024-06-14 00:00:00+00:00
[2024-06-14T12:16:35.778+0000] {processor.py:183} INFO - Processing /home/airflow/.local/lib/python3.12/site-packages/airflow/example_dags/example_task_group_decorator.py took 0.075 seconds
[2024-06-14T12:17:06.039+0000] {processor.py:161} INFO - Started process (PID=1266) to work on /home/airflow/.local/lib/python3.12/site-packages/airflow/example_dags/example_task_group_decorator.py
[2024-06-14T12:17:06.040+0000] {processor.py:830} INFO - Processing file /home/airflow/.local/lib/python3.12/site-packages/airflow/example_dags/example_task_group_decorator.py for tasks to queue
[2024-06-14T12:17:06.042+0000] {logging_mixin.py:188} INFO - [2024-06-14T12:17:06.041+0000] {dagbag.py:545} INFO - Filling up the DagBag from /home/airflow/.local/lib/python3.12/site-packages/airflow/example_dags/example_task_group_decorator.py
[2024-06-14T12:17:06.052+0000] {processor.py:840} INFO - DAG(s) 'example_task_group_decorator' retrieved from /home/airflow/.local/lib/python3.12/site-packages/airflow/example_dags/example_task_group_decorator.py
[2024-06-14T12:17:06.073+0000] {logging_mixin.py:188} INFO - [2024-06-14T12:17:06.072+0000] {dag.py:3096} INFO - Sync 1 DAGs
[2024-06-14T12:17:06.091+0000] {logging_mixin.py:188} INFO - [2024-06-14T12:17:06.091+0000] {dag.py:3954} INFO - Setting next_dagrun for example_task_group_decorator to 2024-06-13 00:00:00+00:00, run_after=2024-06-14 00:00:00+00:00
[2024-06-14T12:17:06.108+0000] {processor.py:183} INFO - Processing /home/airflow/.local/lib/python3.12/site-packages/airflow/example_dags/example_task_group_decorator.py took 0.074 seconds
[2024-06-14T12:17:36.406+0000] {processor.py:161} INFO - Started process (PID=1324) to work on /home/airflow/.local/lib/python3.12/site-packages/airflow/example_dags/example_task_group_decorator.py
[2024-06-14T12:17:36.406+0000] {processor.py:830} INFO - Processing file /home/airflow/.local/lib/python3.12/site-packages/airflow/example_dags/example_task_group_decorator.py for tasks to queue
[2024-06-14T12:17:36.409+0000] {logging_mixin.py:188} INFO - [2024-06-14T12:17:36.408+0000] {dagbag.py:545} INFO - Filling up the DagBag from /home/airflow/.local/lib/python3.12/site-packages/airflow/example_dags/example_task_group_decorator.py
[2024-06-14T12:17:36.423+0000] {processor.py:840} INFO - DAG(s) 'example_task_group_decorator' retrieved from /home/airflow/.local/lib/python3.12/site-packages/airflow/example_dags/example_task_group_decorator.py
[2024-06-14T12:17:36.441+0000] {logging_mixin.py:188} INFO - [2024-06-14T12:17:36.441+0000] {dag.py:3096} INFO - Sync 1 DAGs
[2024-06-14T12:17:36.458+0000] {logging_mixin.py:188} INFO - [2024-06-14T12:17:36.458+0000] {dag.py:3954} INFO - Setting next_dagrun for example_task_group_decorator to 2024-06-13 00:00:00+00:00, run_after=2024-06-14 00:00:00+00:00
[2024-06-14T12:17:36.473+0000] {processor.py:183} INFO - Processing /home/airflow/.local/lib/python3.12/site-packages/airflow/example_dags/example_task_group_decorator.py took 0.071 seconds
[2024-06-14T12:18:40.535+0000] {processor.py:161} INFO - Started process (PID=34) to work on /home/airflow/.local/lib/python3.12/site-packages/airflow/example_dags/example_task_group_decorator.py
[2024-06-14T12:18:40.536+0000] {processor.py:830} INFO - Processing file /home/airflow/.local/lib/python3.12/site-packages/airflow/example_dags/example_task_group_decorator.py for tasks to queue
[2024-06-14T12:18:40.537+0000] {logging_mixin.py:188} INFO - [2024-06-14T12:18:40.537+0000] {dagbag.py:545} INFO - Filling up the DagBag from /home/airflow/.local/lib/python3.12/site-packages/airflow/example_dags/example_task_group_decorator.py
[2024-06-14T12:18:40.554+0000] {processor.py:840} INFO - DAG(s) 'example_task_group_decorator' retrieved from /home/airflow/.local/lib/python3.12/site-packages/airflow/example_dags/example_task_group_decorator.py
[2024-06-14T12:18:40.582+0000] {logging_mixin.py:188} INFO - [2024-06-14T12:18:40.581+0000] {dag.py:3096} INFO - Sync 1 DAGs
[2024-06-14T12:18:40.604+0000] {logging_mixin.py:188} INFO - [2024-06-14T12:18:40.604+0000] {dag.py:3954} INFO - Setting next_dagrun for example_task_group_decorator to 2024-06-13 00:00:00+00:00, run_after=2024-06-14 00:00:00+00:00
[2024-06-14T12:18:40.621+0000] {processor.py:183} INFO - Processing /home/airflow/.local/lib/python3.12/site-packages/airflow/example_dags/example_task_group_decorator.py took 0.092 seconds
[2024-06-14T12:19:11.408+0000] {processor.py:161} INFO - Started process (PID=92) to work on /home/airflow/.local/lib/python3.12/site-packages/airflow/example_dags/example_task_group_decorator.py
[2024-06-14T12:19:11.409+0000] {processor.py:830} INFO - Processing file /home/airflow/.local/lib/python3.12/site-packages/airflow/example_dags/example_task_group_decorator.py for tasks to queue
[2024-06-14T12:19:11.411+0000] {logging_mixin.py:188} INFO - [2024-06-14T12:19:11.410+0000] {dagbag.py:545} INFO - Filling up the DagBag from /home/airflow/.local/lib/python3.12/site-packages/airflow/example_dags/example_task_group_decorator.py
[2024-06-14T12:19:11.424+0000] {processor.py:840} INFO - DAG(s) 'example_task_group_decorator' retrieved from /home/airflow/.local/lib/python3.12/site-packages/airflow/example_dags/example_task_group_decorator.py
[2024-06-14T12:19:11.589+0000] {logging_mixin.py:188} INFO - [2024-06-14T12:19:11.589+0000] {dag.py:3096} INFO - Sync 1 DAGs
[2024-06-14T12:19:11.605+0000] {logging_mixin.py:188} INFO - [2024-06-14T12:19:11.605+0000] {dag.py:3954} INFO - Setting next_dagrun for example_task_group_decorator to 2024-06-13 00:00:00+00:00, run_after=2024-06-14 00:00:00+00:00
[2024-06-14T12:19:11.622+0000] {processor.py:183} INFO - Processing /home/airflow/.local/lib/python3.12/site-packages/airflow/example_dags/example_task_group_decorator.py took 0.218 seconds
[2024-06-14T12:19:41.961+0000] {processor.py:161} INFO - Started process (PID=150) to work on /home/airflow/.local/lib/python3.12/site-packages/airflow/example_dags/example_task_group_decorator.py
[2024-06-14T12:19:41.961+0000] {processor.py:830} INFO - Processing file /home/airflow/.local/lib/python3.12/site-packages/airflow/example_dags/example_task_group_decorator.py for tasks to queue
[2024-06-14T12:19:41.963+0000] {logging_mixin.py:188} INFO - [2024-06-14T12:19:41.962+0000] {dagbag.py:545} INFO - Filling up the DagBag from /home/airflow/.local/lib/python3.12/site-packages/airflow/example_dags/example_task_group_decorator.py
[2024-06-14T12:19:41.975+0000] {processor.py:840} INFO - DAG(s) 'example_task_group_decorator' retrieved from /home/airflow/.local/lib/python3.12/site-packages/airflow/example_dags/example_task_group_decorator.py
[2024-06-14T12:19:41.994+0000] {logging_mixin.py:188} INFO - [2024-06-14T12:19:41.993+0000] {dag.py:3096} INFO - Sync 1 DAGs
[2024-06-14T12:19:42.009+0000] {logging_mixin.py:188} INFO - [2024-06-14T12:19:42.009+0000] {dag.py:3954} INFO - Setting next_dagrun for example_task_group_decorator to 2024-06-13 00:00:00+00:00, run_after=2024-06-14 00:00:00+00:00
[2024-06-14T12:19:42.024+0000] {processor.py:183} INFO - Processing /home/airflow/.local/lib/python3.12/site-packages/airflow/example_dags/example_task_group_decorator.py took 0.067 seconds
[2024-06-14T12:20:12.412+0000] {processor.py:161} INFO - Started process (PID=208) to work on /home/airflow/.local/lib/python3.12/site-packages/airflow/example_dags/example_task_group_decorator.py
[2024-06-14T12:20:12.413+0000] {processor.py:830} INFO - Processing file /home/airflow/.local/lib/python3.12/site-packages/airflow/example_dags/example_task_group_decorator.py for tasks to queue
[2024-06-14T12:20:12.415+0000] {logging_mixin.py:188} INFO - [2024-06-14T12:20:12.414+0000] {dagbag.py:545} INFO - Filling up the DagBag from /home/airflow/.local/lib/python3.12/site-packages/airflow/example_dags/example_task_group_decorator.py
[2024-06-14T12:20:12.425+0000] {processor.py:840} INFO - DAG(s) 'example_task_group_decorator' retrieved from /home/airflow/.local/lib/python3.12/site-packages/airflow/example_dags/example_task_group_decorator.py
[2024-06-14T12:20:12.445+0000] {logging_mixin.py:188} INFO - [2024-06-14T12:20:12.444+0000] {dag.py:3096} INFO - Sync 1 DAGs
[2024-06-14T12:20:12.461+0000] {logging_mixin.py:188} INFO - [2024-06-14T12:20:12.461+0000] {dag.py:3954} INFO - Setting next_dagrun for example_task_group_decorator to 2024-06-13 00:00:00+00:00, run_after=2024-06-14 00:00:00+00:00
[2024-06-14T12:20:12.475+0000] {processor.py:183} INFO - Processing /home/airflow/.local/lib/python3.12/site-packages/airflow/example_dags/example_task_group_decorator.py took 0.068 seconds
[2024-06-14T12:20:42.890+0000] {processor.py:161} INFO - Started process (PID=266) to work on /home/airflow/.local/lib/python3.12/site-packages/airflow/example_dags/example_task_group_decorator.py
[2024-06-14T12:20:42.891+0000] {processor.py:830} INFO - Processing file /home/airflow/.local/lib/python3.12/site-packages/airflow/example_dags/example_task_group_decorator.py for tasks to queue
[2024-06-14T12:20:42.892+0000] {logging_mixin.py:188} INFO - [2024-06-14T12:20:42.892+0000] {dagbag.py:545} INFO - Filling up the DagBag from /home/airflow/.local/lib/python3.12/site-packages/airflow/example_dags/example_task_group_decorator.py
[2024-06-14T12:20:42.902+0000] {processor.py:840} INFO - DAG(s) 'example_task_group_decorator' retrieved from /home/airflow/.local/lib/python3.12/site-packages/airflow/example_dags/example_task_group_decorator.py
[2024-06-14T12:20:42.920+0000] {logging_mixin.py:188} INFO - [2024-06-14T12:20:42.920+0000] {dag.py:3096} INFO - Sync 1 DAGs
[2024-06-14T12:20:42.935+0000] {logging_mixin.py:188} INFO - [2024-06-14T12:20:42.934+0000] {dag.py:3954} INFO - Setting next_dagrun for example_task_group_decorator to 2024-06-13 00:00:00+00:00, run_after=2024-06-14 00:00:00+00:00
[2024-06-14T12:20:42.951+0000] {processor.py:183} INFO - Processing /home/airflow/.local/lib/python3.12/site-packages/airflow/example_dags/example_task_group_decorator.py took 0.066 seconds
[2024-06-14T12:21:13.098+0000] {processor.py:161} INFO - Started process (PID=324) to work on /home/airflow/.local/lib/python3.12/site-packages/airflow/example_dags/example_task_group_decorator.py
[2024-06-14T12:21:13.099+0000] {processor.py:830} INFO - Processing file /home/airflow/.local/lib/python3.12/site-packages/airflow/example_dags/example_task_group_decorator.py for tasks to queue
[2024-06-14T12:21:13.101+0000] {logging_mixin.py:188} INFO - [2024-06-14T12:21:13.101+0000] {dagbag.py:545} INFO - Filling up the DagBag from /home/airflow/.local/lib/python3.12/site-packages/airflow/example_dags/example_task_group_decorator.py
[2024-06-14T12:21:13.115+0000] {processor.py:840} INFO - DAG(s) 'example_task_group_decorator' retrieved from /home/airflow/.local/lib/python3.12/site-packages/airflow/example_dags/example_task_group_decorator.py
[2024-06-14T12:21:13.142+0000] {logging_mixin.py:188} INFO - [2024-06-14T12:21:13.142+0000] {dag.py:3096} INFO - Sync 1 DAGs
[2024-06-14T12:21:13.163+0000] {logging_mixin.py:188} INFO - [2024-06-14T12:21:13.162+0000] {dag.py:3954} INFO - Setting next_dagrun for example_task_group_decorator to 2024-06-13 00:00:00+00:00, run_after=2024-06-14 00:00:00+00:00
[2024-06-14T12:21:13.180+0000] {processor.py:183} INFO - Processing /home/airflow/.local/lib/python3.12/site-packages/airflow/example_dags/example_task_group_decorator.py took 0.087 seconds
[2024-06-14T12:21:43.359+0000] {processor.py:161} INFO - Started process (PID=382) to work on /home/airflow/.local/lib/python3.12/site-packages/airflow/example_dags/example_task_group_decorator.py
[2024-06-14T12:21:43.360+0000] {processor.py:830} INFO - Processing file /home/airflow/.local/lib/python3.12/site-packages/airflow/example_dags/example_task_group_decorator.py for tasks to queue
[2024-06-14T12:21:43.361+0000] {logging_mixin.py:188} INFO - [2024-06-14T12:21:43.361+0000] {dagbag.py:545} INFO - Filling up the DagBag from /home/airflow/.local/lib/python3.12/site-packages/airflow/example_dags/example_task_group_decorator.py
[2024-06-14T12:21:43.370+0000] {processor.py:840} INFO - DAG(s) 'example_task_group_decorator' retrieved from /home/airflow/.local/lib/python3.12/site-packages/airflow/example_dags/example_task_group_decorator.py
[2024-06-14T12:21:43.392+0000] {logging_mixin.py:188} INFO - [2024-06-14T12:21:43.391+0000] {dag.py:3096} INFO - Sync 1 DAGs
[2024-06-14T12:21:43.407+0000] {logging_mixin.py:188} INFO - [2024-06-14T12:21:43.407+0000] {dag.py:3954} INFO - Setting next_dagrun for example_task_group_decorator to 2024-06-13 00:00:00+00:00, run_after=2024-06-14 00:00:00+00:00
[2024-06-14T12:21:43.421+0000] {processor.py:183} INFO - Processing /home/airflow/.local/lib/python3.12/site-packages/airflow/example_dags/example_task_group_decorator.py took 0.067 seconds
[2024-06-14T12:22:13.976+0000] {processor.py:161} INFO - Started process (PID=441) to work on /home/airflow/.local/lib/python3.12/site-packages/airflow/example_dags/example_task_group_decorator.py
[2024-06-14T12:22:13.977+0000] {processor.py:830} INFO - Processing file /home/airflow/.local/lib/python3.12/site-packages/airflow/example_dags/example_task_group_decorator.py for tasks to queue
[2024-06-14T12:22:13.979+0000] {logging_mixin.py:188} INFO - [2024-06-14T12:22:13.979+0000] {dagbag.py:545} INFO - Filling up the DagBag from /home/airflow/.local/lib/python3.12/site-packages/airflow/example_dags/example_task_group_decorator.py
[2024-06-14T12:22:13.991+0000] {processor.py:840} INFO - DAG(s) 'example_task_group_decorator' retrieved from /home/airflow/.local/lib/python3.12/site-packages/airflow/example_dags/example_task_group_decorator.py
[2024-06-14T12:22:14.009+0000] {logging_mixin.py:188} INFO - [2024-06-14T12:22:14.009+0000] {dag.py:3096} INFO - Sync 1 DAGs
[2024-06-14T12:22:14.029+0000] {logging_mixin.py:188} INFO - [2024-06-14T12:22:14.029+0000] {dag.py:3954} INFO - Setting next_dagrun for example_task_group_decorator to 2024-06-13 00:00:00+00:00, run_after=2024-06-14 00:00:00+00:00
[2024-06-14T12:22:14.045+0000] {processor.py:183} INFO - Processing /home/airflow/.local/lib/python3.12/site-packages/airflow/example_dags/example_task_group_decorator.py took 0.073 seconds
[2024-06-14T12:22:44.291+0000] {processor.py:161} INFO - Started process (PID=499) to work on /home/airflow/.local/lib/python3.12/site-packages/airflow/example_dags/example_task_group_decorator.py
[2024-06-14T12:22:44.292+0000] {processor.py:830} INFO - Processing file /home/airflow/.local/lib/python3.12/site-packages/airflow/example_dags/example_task_group_decorator.py for tasks to queue
[2024-06-14T12:22:44.293+0000] {logging_mixin.py:188} INFO - [2024-06-14T12:22:44.293+0000] {dagbag.py:545} INFO - Filling up the DagBag from /home/airflow/.local/lib/python3.12/site-packages/airflow/example_dags/example_task_group_decorator.py
[2024-06-14T12:22:44.304+0000] {processor.py:840} INFO - DAG(s) 'example_task_group_decorator' retrieved from /home/airflow/.local/lib/python3.12/site-packages/airflow/example_dags/example_task_group_decorator.py
[2024-06-14T12:22:44.322+0000] {logging_mixin.py:188} INFO - [2024-06-14T12:22:44.322+0000] {dag.py:3096} INFO - Sync 1 DAGs
[2024-06-14T12:22:44.339+0000] {logging_mixin.py:188} INFO - [2024-06-14T12:22:44.339+0000] {dag.py:3954} INFO - Setting next_dagrun for example_task_group_decorator to 2024-06-13 00:00:00+00:00, run_after=2024-06-14 00:00:00+00:00
[2024-06-14T12:22:44.353+0000] {processor.py:183} INFO - Processing /home/airflow/.local/lib/python3.12/site-packages/airflow/example_dags/example_task_group_decorator.py took 0.067 seconds
[2024-06-14T12:23:14.652+0000] {processor.py:161} INFO - Started process (PID=557) to work on /home/airflow/.local/lib/python3.12/site-packages/airflow/example_dags/example_task_group_decorator.py
[2024-06-14T12:23:14.653+0000] {processor.py:830} INFO - Processing file /home/airflow/.local/lib/python3.12/site-packages/airflow/example_dags/example_task_group_decorator.py for tasks to queue
[2024-06-14T12:23:14.655+0000] {logging_mixin.py:188} INFO - [2024-06-14T12:23:14.654+0000] {dagbag.py:545} INFO - Filling up the DagBag from /home/airflow/.local/lib/python3.12/site-packages/airflow/example_dags/example_task_group_decorator.py
[2024-06-14T12:23:14.665+0000] {processor.py:840} INFO - DAG(s) 'example_task_group_decorator' retrieved from /home/airflow/.local/lib/python3.12/site-packages/airflow/example_dags/example_task_group_decorator.py
[2024-06-14T12:23:14.687+0000] {logging_mixin.py:188} INFO - [2024-06-14T12:23:14.686+0000] {dag.py:3096} INFO - Sync 1 DAGs
[2024-06-14T12:23:14.704+0000] {logging_mixin.py:188} INFO - [2024-06-14T12:23:14.704+0000] {dag.py:3954} INFO - Setting next_dagrun for example_task_group_decorator to 2024-06-13 00:00:00+00:00, run_after=2024-06-14 00:00:00+00:00
[2024-06-14T12:23:14.720+0000] {processor.py:183} INFO - Processing /home/airflow/.local/lib/python3.12/site-packages/airflow/example_dags/example_task_group_decorator.py took 0.072 seconds
[2024-06-14T12:23:45.086+0000] {processor.py:161} INFO - Started process (PID=615) to work on /home/airflow/.local/lib/python3.12/site-packages/airflow/example_dags/example_task_group_decorator.py
[2024-06-14T12:23:45.087+0000] {processor.py:830} INFO - Processing file /home/airflow/.local/lib/python3.12/site-packages/airflow/example_dags/example_task_group_decorator.py for tasks to queue
[2024-06-14T12:23:45.088+0000] {logging_mixin.py:188} INFO - [2024-06-14T12:23:45.088+0000] {dagbag.py:545} INFO - Filling up the DagBag from /home/airflow/.local/lib/python3.12/site-packages/airflow/example_dags/example_task_group_decorator.py
[2024-06-14T12:23:45.099+0000] {processor.py:840} INFO - DAG(s) 'example_task_group_decorator' retrieved from /home/airflow/.local/lib/python3.12/site-packages/airflow/example_dags/example_task_group_decorator.py
[2024-06-14T12:23:45.116+0000] {logging_mixin.py:188} INFO - [2024-06-14T12:23:45.116+0000] {dag.py:3096} INFO - Sync 1 DAGs
[2024-06-14T12:23:45.136+0000] {logging_mixin.py:188} INFO - [2024-06-14T12:23:45.136+0000] {dag.py:3954} INFO - Setting next_dagrun for example_task_group_decorator to 2024-06-13 00:00:00+00:00, run_after=2024-06-14 00:00:00+00:00
[2024-06-14T12:23:45.156+0000] {processor.py:183} INFO - Processing /home/airflow/.local/lib/python3.12/site-packages/airflow/example_dags/example_task_group_decorator.py took 0.075 seconds
[2024-06-14T12:24:15.353+0000] {processor.py:161} INFO - Started process (PID=674) to work on /home/airflow/.local/lib/python3.12/site-packages/airflow/example_dags/example_task_group_decorator.py
[2024-06-14T12:24:15.354+0000] {processor.py:830} INFO - Processing file /home/airflow/.local/lib/python3.12/site-packages/airflow/example_dags/example_task_group_decorator.py for tasks to queue
[2024-06-14T12:24:15.355+0000] {logging_mixin.py:188} INFO - [2024-06-14T12:24:15.355+0000] {dagbag.py:545} INFO - Filling up the DagBag from /home/airflow/.local/lib/python3.12/site-packages/airflow/example_dags/example_task_group_decorator.py
[2024-06-14T12:24:15.366+0000] {processor.py:840} INFO - DAG(s) 'example_task_group_decorator' retrieved from /home/airflow/.local/lib/python3.12/site-packages/airflow/example_dags/example_task_group_decorator.py
[2024-06-14T12:24:15.386+0000] {logging_mixin.py:188} INFO - [2024-06-14T12:24:15.385+0000] {dag.py:3096} INFO - Sync 1 DAGs
[2024-06-14T12:24:15.402+0000] {logging_mixin.py:188} INFO - [2024-06-14T12:24:15.401+0000] {dag.py:3954} INFO - Setting next_dagrun for example_task_group_decorator to 2024-06-13 00:00:00+00:00, run_after=2024-06-14 00:00:00+00:00
[2024-06-14T12:24:15.417+0000] {processor.py:183} INFO - Processing /home/airflow/.local/lib/python3.12/site-packages/airflow/example_dags/example_task_group_decorator.py took 0.069 seconds
[2024-06-14T12:24:45.746+0000] {processor.py:161} INFO - Started process (PID=732) to work on /home/airflow/.local/lib/python3.12/site-packages/airflow/example_dags/example_task_group_decorator.py
[2024-06-14T12:24:45.747+0000] {processor.py:830} INFO - Processing file /home/airflow/.local/lib/python3.12/site-packages/airflow/example_dags/example_task_group_decorator.py for tasks to queue
[2024-06-14T12:24:45.749+0000] {logging_mixin.py:188} INFO - [2024-06-14T12:24:45.749+0000] {dagbag.py:545} INFO - Filling up the DagBag from /home/airflow/.local/lib/python3.12/site-packages/airflow/example_dags/example_task_group_decorator.py
[2024-06-14T12:24:45.763+0000] {processor.py:840} INFO - DAG(s) 'example_task_group_decorator' retrieved from /home/airflow/.local/lib/python3.12/site-packages/airflow/example_dags/example_task_group_decorator.py
[2024-06-14T12:24:45.783+0000] {logging_mixin.py:188} INFO - [2024-06-14T12:24:45.783+0000] {dag.py:3096} INFO - Sync 1 DAGs
[2024-06-14T12:24:45.798+0000] {logging_mixin.py:188} INFO - [2024-06-14T12:24:45.798+0000] {dag.py:3954} INFO - Setting next_dagrun for example_task_group_decorator to 2024-06-13 00:00:00+00:00, run_after=2024-06-14 00:00:00+00:00
[2024-06-14T12:24:45.812+0000] {processor.py:183} INFO - Processing /home/airflow/.local/lib/python3.12/site-packages/airflow/example_dags/example_task_group_decorator.py took 0.070 seconds
[2024-06-14T12:25:15.887+0000] {processor.py:161} INFO - Started process (PID=790) to work on /home/airflow/.local/lib/python3.12/site-packages/airflow/example_dags/example_task_group_decorator.py
[2024-06-14T12:25:15.888+0000] {processor.py:830} INFO - Processing file /home/airflow/.local/lib/python3.12/site-packages/airflow/example_dags/example_task_group_decorator.py for tasks to queue
[2024-06-14T12:25:15.890+0000] {logging_mixin.py:188} INFO - [2024-06-14T12:25:15.889+0000] {dagbag.py:545} INFO - Filling up the DagBag from /home/airflow/.local/lib/python3.12/site-packages/airflow/example_dags/example_task_group_decorator.py
[2024-06-14T12:25:15.900+0000] {processor.py:840} INFO - DAG(s) 'example_task_group_decorator' retrieved from /home/airflow/.local/lib/python3.12/site-packages/airflow/example_dags/example_task_group_decorator.py
[2024-06-14T12:25:15.921+0000] {logging_mixin.py:188} INFO - [2024-06-14T12:25:15.920+0000] {dag.py:3096} INFO - Sync 1 DAGs
[2024-06-14T12:25:15.936+0000] {logging_mixin.py:188} INFO - [2024-06-14T12:25:15.936+0000] {dag.py:3954} INFO - Setting next_dagrun for example_task_group_decorator to 2024-06-13 00:00:00+00:00, run_after=2024-06-14 00:00:00+00:00
[2024-06-14T12:25:15.951+0000] {processor.py:183} INFO - Processing /home/airflow/.local/lib/python3.12/site-packages/airflow/example_dags/example_task_group_decorator.py took 0.068 seconds
[2024-06-14T12:25:46.416+0000] {processor.py:161} INFO - Started process (PID=848) to work on /home/airflow/.local/lib/python3.12/site-packages/airflow/example_dags/example_task_group_decorator.py
[2024-06-14T12:25:46.416+0000] {processor.py:830} INFO - Processing file /home/airflow/.local/lib/python3.12/site-packages/airflow/example_dags/example_task_group_decorator.py for tasks to queue
[2024-06-14T12:25:46.418+0000] {logging_mixin.py:188} INFO - [2024-06-14T12:25:46.417+0000] {dagbag.py:545} INFO - Filling up the DagBag from /home/airflow/.local/lib/python3.12/site-packages/airflow/example_dags/example_task_group_decorator.py
[2024-06-14T12:25:46.428+0000] {processor.py:840} INFO - DAG(s) 'example_task_group_decorator' retrieved from /home/airflow/.local/lib/python3.12/site-packages/airflow/example_dags/example_task_group_decorator.py
[2024-06-14T12:25:46.451+0000] {logging_mixin.py:188} INFO - [2024-06-14T12:25:46.450+0000] {dag.py:3096} INFO - Sync 1 DAGs
[2024-06-14T12:25:46.470+0000] {logging_mixin.py:188} INFO - [2024-06-14T12:25:46.470+0000] {dag.py:3954} INFO - Setting next_dagrun for example_task_group_decorator to 2024-06-13 00:00:00+00:00, run_after=2024-06-14 00:00:00+00:00
[2024-06-14T12:25:46.487+0000] {processor.py:183} INFO - Processing /home/airflow/.local/lib/python3.12/site-packages/airflow/example_dags/example_task_group_decorator.py took 0.076 seconds
[2024-06-14T12:26:16.720+0000] {processor.py:161} INFO - Started process (PID=906) to work on /home/airflow/.local/lib/python3.12/site-packages/airflow/example_dags/example_task_group_decorator.py
[2024-06-14T12:26:16.721+0000] {processor.py:830} INFO - Processing file /home/airflow/.local/lib/python3.12/site-packages/airflow/example_dags/example_task_group_decorator.py for tasks to queue
[2024-06-14T12:26:16.722+0000] {logging_mixin.py:188} INFO - [2024-06-14T12:26:16.722+0000] {dagbag.py:545} INFO - Filling up the DagBag from /home/airflow/.local/lib/python3.12/site-packages/airflow/example_dags/example_task_group_decorator.py
[2024-06-14T12:26:16.734+0000] {processor.py:840} INFO - DAG(s) 'example_task_group_decorator' retrieved from /home/airflow/.local/lib/python3.12/site-packages/airflow/example_dags/example_task_group_decorator.py
[2024-06-14T12:26:16.755+0000] {logging_mixin.py:188} INFO - [2024-06-14T12:26:16.755+0000] {dag.py:3096} INFO - Sync 1 DAGs
[2024-06-14T12:26:16.772+0000] {logging_mixin.py:188} INFO - [2024-06-14T12:26:16.772+0000] {dag.py:3954} INFO - Setting next_dagrun for example_task_group_decorator to 2024-06-13 00:00:00+00:00, run_after=2024-06-14 00:00:00+00:00
[2024-06-14T12:26:16.792+0000] {processor.py:183} INFO - Processing /home/airflow/.local/lib/python3.12/site-packages/airflow/example_dags/example_task_group_decorator.py took 0.077 seconds
[2024-06-14T12:26:47.098+0000] {processor.py:161} INFO - Started process (PID=964) to work on /home/airflow/.local/lib/python3.12/site-packages/airflow/example_dags/example_task_group_decorator.py
[2024-06-14T12:26:47.098+0000] {processor.py:830} INFO - Processing file /home/airflow/.local/lib/python3.12/site-packages/airflow/example_dags/example_task_group_decorator.py for tasks to queue
[2024-06-14T12:26:47.100+0000] {logging_mixin.py:188} INFO - [2024-06-14T12:26:47.100+0000] {dagbag.py:545} INFO - Filling up the DagBag from /home/airflow/.local/lib/python3.12/site-packages/airflow/example_dags/example_task_group_decorator.py
[2024-06-14T12:26:47.112+0000] {processor.py:840} INFO - DAG(s) 'example_task_group_decorator' retrieved from /home/airflow/.local/lib/python3.12/site-packages/airflow/example_dags/example_task_group_decorator.py
[2024-06-14T12:26:47.133+0000] {logging_mixin.py:188} INFO - [2024-06-14T12:26:47.133+0000] {dag.py:3096} INFO - Sync 1 DAGs
[2024-06-14T12:26:47.150+0000] {logging_mixin.py:188} INFO - [2024-06-14T12:26:47.150+0000] {dag.py:3954} INFO - Setting next_dagrun for example_task_group_decorator to 2024-06-13 00:00:00+00:00, run_after=2024-06-14 00:00:00+00:00
[2024-06-14T12:26:47.167+0000] {processor.py:183} INFO - Processing /home/airflow/.local/lib/python3.12/site-packages/airflow/example_dags/example_task_group_decorator.py took 0.074 seconds
[2024-06-14T12:27:17.332+0000] {processor.py:161} INFO - Started process (PID=1022) to work on /home/airflow/.local/lib/python3.12/site-packages/airflow/example_dags/example_task_group_decorator.py
[2024-06-14T12:27:17.333+0000] {processor.py:830} INFO - Processing file /home/airflow/.local/lib/python3.12/site-packages/airflow/example_dags/example_task_group_decorator.py for tasks to queue
[2024-06-14T12:27:17.335+0000] {logging_mixin.py:188} INFO - [2024-06-14T12:27:17.334+0000] {dagbag.py:545} INFO - Filling up the DagBag from /home/airflow/.local/lib/python3.12/site-packages/airflow/example_dags/example_task_group_decorator.py
[2024-06-14T12:27:17.347+0000] {processor.py:840} INFO - DAG(s) 'example_task_group_decorator' retrieved from /home/airflow/.local/lib/python3.12/site-packages/airflow/example_dags/example_task_group_decorator.py
[2024-06-14T12:27:17.366+0000] {logging_mixin.py:188} INFO - [2024-06-14T12:27:17.366+0000] {dag.py:3096} INFO - Sync 1 DAGs
[2024-06-14T12:27:17.382+0000] {logging_mixin.py:188} INFO - [2024-06-14T12:27:17.382+0000] {dag.py:3954} INFO - Setting next_dagrun for example_task_group_decorator to 2024-06-13 00:00:00+00:00, run_after=2024-06-14 00:00:00+00:00
[2024-06-14T12:27:17.397+0000] {processor.py:183} INFO - Processing /home/airflow/.local/lib/python3.12/site-packages/airflow/example_dags/example_task_group_decorator.py took 0.070 seconds
[2024-06-14T12:27:47.535+0000] {processor.py:161} INFO - Started process (PID=1080) to work on /home/airflow/.local/lib/python3.12/site-packages/airflow/example_dags/example_task_group_decorator.py
[2024-06-14T12:27:47.536+0000] {processor.py:830} INFO - Processing file /home/airflow/.local/lib/python3.12/site-packages/airflow/example_dags/example_task_group_decorator.py for tasks to queue
[2024-06-14T12:27:47.537+0000] {logging_mixin.py:188} INFO - [2024-06-14T12:27:47.537+0000] {dagbag.py:545} INFO - Filling up the DagBag from /home/airflow/.local/lib/python3.12/site-packages/airflow/example_dags/example_task_group_decorator.py
[2024-06-14T12:27:47.547+0000] {processor.py:840} INFO - DAG(s) 'example_task_group_decorator' retrieved from /home/airflow/.local/lib/python3.12/site-packages/airflow/example_dags/example_task_group_decorator.py
[2024-06-14T12:27:47.565+0000] {logging_mixin.py:188} INFO - [2024-06-14T12:27:47.565+0000] {dag.py:3096} INFO - Sync 1 DAGs
[2024-06-14T12:27:47.582+0000] {logging_mixin.py:188} INFO - [2024-06-14T12:27:47.581+0000] {dag.py:3954} INFO - Setting next_dagrun for example_task_group_decorator to 2024-06-13 00:00:00+00:00, run_after=2024-06-14 00:00:00+00:00
[2024-06-14T12:27:47.597+0000] {processor.py:183} INFO - Processing /home/airflow/.local/lib/python3.12/site-packages/airflow/example_dags/example_task_group_decorator.py took 0.065 seconds
[2024-06-14T12:28:17.750+0000] {processor.py:161} INFO - Started process (PID=1138) to work on /home/airflow/.local/lib/python3.12/site-packages/airflow/example_dags/example_task_group_decorator.py
[2024-06-14T12:28:17.751+0000] {processor.py:830} INFO - Processing file /home/airflow/.local/lib/python3.12/site-packages/airflow/example_dags/example_task_group_decorator.py for tasks to queue
[2024-06-14T12:28:17.752+0000] {logging_mixin.py:188} INFO - [2024-06-14T12:28:17.752+0000] {dagbag.py:545} INFO - Filling up the DagBag from /home/airflow/.local/lib/python3.12/site-packages/airflow/example_dags/example_task_group_decorator.py
[2024-06-14T12:28:17.764+0000] {processor.py:840} INFO - DAG(s) 'example_task_group_decorator' retrieved from /home/airflow/.local/lib/python3.12/site-packages/airflow/example_dags/example_task_group_decorator.py
[2024-06-14T12:28:17.787+0000] {logging_mixin.py:188} INFO - [2024-06-14T12:28:17.786+0000] {dag.py:3096} INFO - Sync 1 DAGs
[2024-06-14T12:28:17.803+0000] {logging_mixin.py:188} INFO - [2024-06-14T12:28:17.803+0000] {dag.py:3954} INFO - Setting next_dagrun for example_task_group_decorator to 2024-06-13 00:00:00+00:00, run_after=2024-06-14 00:00:00+00:00
[2024-06-14T12:28:17.818+0000] {processor.py:183} INFO - Processing /home/airflow/.local/lib/python3.12/site-packages/airflow/example_dags/example_task_group_decorator.py took 0.072 seconds
[2024-06-14T12:28:48.061+0000] {processor.py:161} INFO - Started process (PID=1196) to work on /home/airflow/.local/lib/python3.12/site-packages/airflow/example_dags/example_task_group_decorator.py
[2024-06-14T12:28:48.062+0000] {processor.py:830} INFO - Processing file /home/airflow/.local/lib/python3.12/site-packages/airflow/example_dags/example_task_group_decorator.py for tasks to queue
[2024-06-14T12:28:48.063+0000] {logging_mixin.py:188} INFO - [2024-06-14T12:28:48.063+0000] {dagbag.py:545} INFO - Filling up the DagBag from /home/airflow/.local/lib/python3.12/site-packages/airflow/example_dags/example_task_group_decorator.py
[2024-06-14T12:28:48.072+0000] {processor.py:840} INFO - DAG(s) 'example_task_group_decorator' retrieved from /home/airflow/.local/lib/python3.12/site-packages/airflow/example_dags/example_task_group_decorator.py
[2024-06-14T12:28:48.092+0000] {logging_mixin.py:188} INFO - [2024-06-14T12:28:48.091+0000] {dag.py:3096} INFO - Sync 1 DAGs
[2024-06-14T12:28:48.107+0000] {logging_mixin.py:188} INFO - [2024-06-14T12:28:48.107+0000] {dag.py:3954} INFO - Setting next_dagrun for example_task_group_decorator to 2024-06-13 00:00:00+00:00, run_after=2024-06-14 00:00:00+00:00
[2024-06-14T12:28:48.126+0000] {processor.py:183} INFO - Processing /home/airflow/.local/lib/python3.12/site-packages/airflow/example_dags/example_task_group_decorator.py took 0.069 seconds
[2024-06-14T12:29:18.303+0000] {processor.py:161} INFO - Started process (PID=1254) to work on /home/airflow/.local/lib/python3.12/site-packages/airflow/example_dags/example_task_group_decorator.py
[2024-06-14T12:29:18.304+0000] {processor.py:830} INFO - Processing file /home/airflow/.local/lib/python3.12/site-packages/airflow/example_dags/example_task_group_decorator.py for tasks to queue
[2024-06-14T12:29:18.305+0000] {logging_mixin.py:188} INFO - [2024-06-14T12:29:18.305+0000] {dagbag.py:545} INFO - Filling up the DagBag from /home/airflow/.local/lib/python3.12/site-packages/airflow/example_dags/example_task_group_decorator.py
[2024-06-14T12:29:18.316+0000] {processor.py:840} INFO - DAG(s) 'example_task_group_decorator' retrieved from /home/airflow/.local/lib/python3.12/site-packages/airflow/example_dags/example_task_group_decorator.py
[2024-06-14T12:29:18.334+0000] {logging_mixin.py:188} INFO - [2024-06-14T12:29:18.334+0000] {dag.py:3096} INFO - Sync 1 DAGs
[2024-06-14T12:29:18.349+0000] {logging_mixin.py:188} INFO - [2024-06-14T12:29:18.348+0000] {dag.py:3954} INFO - Setting next_dagrun for example_task_group_decorator to 2024-06-13 00:00:00+00:00, run_after=2024-06-14 00:00:00+00:00
[2024-06-14T12:29:18.366+0000] {processor.py:183} INFO - Processing /home/airflow/.local/lib/python3.12/site-packages/airflow/example_dags/example_task_group_decorator.py took 0.067 seconds
[2024-06-14T12:29:48.697+0000] {processor.py:161} INFO - Started process (PID=1312) to work on /home/airflow/.local/lib/python3.12/site-packages/airflow/example_dags/example_task_group_decorator.py
[2024-06-14T12:29:48.698+0000] {processor.py:830} INFO - Processing file /home/airflow/.local/lib/python3.12/site-packages/airflow/example_dags/example_task_group_decorator.py for tasks to queue
[2024-06-14T12:29:48.699+0000] {logging_mixin.py:188} INFO - [2024-06-14T12:29:48.699+0000] {dagbag.py:545} INFO - Filling up the DagBag from /home/airflow/.local/lib/python3.12/site-packages/airflow/example_dags/example_task_group_decorator.py
[2024-06-14T12:29:48.709+0000] {processor.py:840} INFO - DAG(s) 'example_task_group_decorator' retrieved from /home/airflow/.local/lib/python3.12/site-packages/airflow/example_dags/example_task_group_decorator.py
[2024-06-14T12:29:48.728+0000] {logging_mixin.py:188} INFO - [2024-06-14T12:29:48.727+0000] {dag.py:3096} INFO - Sync 1 DAGs
[2024-06-14T12:29:48.747+0000] {logging_mixin.py:188} INFO - [2024-06-14T12:29:48.747+0000] {dag.py:3954} INFO - Setting next_dagrun for example_task_group_decorator to 2024-06-13 00:00:00+00:00, run_after=2024-06-14 00:00:00+00:00
[2024-06-14T12:29:48.764+0000] {processor.py:183} INFO - Processing /home/airflow/.local/lib/python3.12/site-packages/airflow/example_dags/example_task_group_decorator.py took 0.071 seconds
[2024-06-14T12:30:19.064+0000] {processor.py:161} INFO - Started process (PID=1370) to work on /home/airflow/.local/lib/python3.12/site-packages/airflow/example_dags/example_task_group_decorator.py
[2024-06-14T12:30:19.064+0000] {processor.py:830} INFO - Processing file /home/airflow/.local/lib/python3.12/site-packages/airflow/example_dags/example_task_group_decorator.py for tasks to queue
[2024-06-14T12:30:19.065+0000] {logging_mixin.py:188} INFO - [2024-06-14T12:30:19.065+0000] {dagbag.py:545} INFO - Filling up the DagBag from /home/airflow/.local/lib/python3.12/site-packages/airflow/example_dags/example_task_group_decorator.py
[2024-06-14T12:30:19.076+0000] {processor.py:840} INFO - DAG(s) 'example_task_group_decorator' retrieved from /home/airflow/.local/lib/python3.12/site-packages/airflow/example_dags/example_task_group_decorator.py
[2024-06-14T12:30:19.099+0000] {logging_mixin.py:188} INFO - [2024-06-14T12:30:19.098+0000] {dag.py:3096} INFO - Sync 1 DAGs
[2024-06-14T12:30:19.114+0000] {logging_mixin.py:188} INFO - [2024-06-14T12:30:19.114+0000] {dag.py:3954} INFO - Setting next_dagrun for example_task_group_decorator to 2024-06-13 00:00:00+00:00, run_after=2024-06-14 00:00:00+00:00
[2024-06-14T12:30:19.128+0000] {processor.py:183} INFO - Processing /home/airflow/.local/lib/python3.12/site-packages/airflow/example_dags/example_task_group_decorator.py took 0.068 seconds
[2024-06-14T12:30:49.387+0000] {processor.py:161} INFO - Started process (PID=1428) to work on /home/airflow/.local/lib/python3.12/site-packages/airflow/example_dags/example_task_group_decorator.py
[2024-06-14T12:30:49.388+0000] {processor.py:830} INFO - Processing file /home/airflow/.local/lib/python3.12/site-packages/airflow/example_dags/example_task_group_decorator.py for tasks to queue
[2024-06-14T12:30:49.390+0000] {logging_mixin.py:188} INFO - [2024-06-14T12:30:49.389+0000] {dagbag.py:545} INFO - Filling up the DagBag from /home/airflow/.local/lib/python3.12/site-packages/airflow/example_dags/example_task_group_decorator.py
[2024-06-14T12:30:49.401+0000] {processor.py:840} INFO - DAG(s) 'example_task_group_decorator' retrieved from /home/airflow/.local/lib/python3.12/site-packages/airflow/example_dags/example_task_group_decorator.py
[2024-06-14T12:30:49.421+0000] {logging_mixin.py:188} INFO - [2024-06-14T12:30:49.421+0000] {dag.py:3096} INFO - Sync 1 DAGs
[2024-06-14T12:30:49.437+0000] {logging_mixin.py:188} INFO - [2024-06-14T12:30:49.437+0000] {dag.py:3954} INFO - Setting next_dagrun for example_task_group_decorator to 2024-06-13 00:00:00+00:00, run_after=2024-06-14 00:00:00+00:00
[2024-06-14T12:30:49.450+0000] {processor.py:183} INFO - Processing /home/airflow/.local/lib/python3.12/site-packages/airflow/example_dags/example_task_group_decorator.py took 0.067 seconds
