[2024-06-14T12:06:30.191+0000] {processor.py:161} INFO - Started process (PID=39) to work on /home/airflow/.local/lib/python3.12/site-packages/airflow/example_dags/example_sensors.py
[2024-06-14T12:06:30.192+0000] {processor.py:830} INFO - Processing file /home/airflow/.local/lib/python3.12/site-packages/airflow/example_dags/example_sensors.py for tasks to queue
[2024-06-14T12:06:30.193+0000] {logging_mixin.py:188} INFO - [2024-06-14T12:06:30.193+0000] {dagbag.py:545} INFO - Filling up the DagBag from /home/airflow/.local/lib/python3.12/site-packages/airflow/example_dags/example_sensors.py
[2024-06-14T12:06:30.203+0000] {processor.py:840} INFO - DAG(s) 'example_sensors' retrieved from /home/airflow/.local/lib/python3.12/site-packages/airflow/example_dags/example_sensors.py
[2024-06-14T12:06:30.213+0000] {logging_mixin.py:188} INFO - [2024-06-14T12:06:30.213+0000] {dag.py:3096} INFO - Sync 1 DAGs
[2024-06-14T12:06:30.223+0000] {logging_mixin.py:188} INFO - [2024-06-14T12:06:30.223+0000] {dag.py:3954} INFO - Setting next_dagrun for example_sensors to None, run_after=None
[2024-06-14T12:06:30.242+0000] {processor.py:183} INFO - Processing /home/airflow/.local/lib/python3.12/site-packages/airflow/example_dags/example_sensors.py took 0.054 seconds
[2024-06-14T12:07:01.117+0000] {processor.py:161} INFO - Started process (PID=97) to work on /home/airflow/.local/lib/python3.12/site-packages/airflow/example_dags/example_sensors.py
[2024-06-14T12:07:01.119+0000] {processor.py:830} INFO - Processing file /home/airflow/.local/lib/python3.12/site-packages/airflow/example_dags/example_sensors.py for tasks to queue
[2024-06-14T12:07:01.120+0000] {logging_mixin.py:188} INFO - [2024-06-14T12:07:01.120+0000] {dagbag.py:545} INFO - Filling up the DagBag from /home/airflow/.local/lib/python3.12/site-packages/airflow/example_dags/example_sensors.py
[2024-06-14T12:07:01.127+0000] {processor.py:840} INFO - DAG(s) 'example_sensors' retrieved from /home/airflow/.local/lib/python3.12/site-packages/airflow/example_dags/example_sensors.py
[2024-06-14T12:07:01.218+0000] {logging_mixin.py:188} INFO - [2024-06-14T12:07:01.218+0000] {dag.py:3096} INFO - Sync 1 DAGs
[2024-06-14T12:07:01.226+0000] {logging_mixin.py:188} INFO - [2024-06-14T12:07:01.226+0000] {dag.py:3954} INFO - Setting next_dagrun for example_sensors to None, run_after=None
[2024-06-14T12:07:01.245+0000] {processor.py:183} INFO - Processing /home/airflow/.local/lib/python3.12/site-packages/airflow/example_dags/example_sensors.py took 0.133 seconds
[2024-06-14T12:07:32.044+0000] {processor.py:161} INFO - Started process (PID=155) to work on /home/airflow/.local/lib/python3.12/site-packages/airflow/example_dags/example_sensors.py
[2024-06-14T12:07:32.044+0000] {processor.py:830} INFO - Processing file /home/airflow/.local/lib/python3.12/site-packages/airflow/example_dags/example_sensors.py for tasks to queue
[2024-06-14T12:07:32.046+0000] {logging_mixin.py:188} INFO - [2024-06-14T12:07:32.046+0000] {dagbag.py:545} INFO - Filling up the DagBag from /home/airflow/.local/lib/python3.12/site-packages/airflow/example_dags/example_sensors.py
[2024-06-14T12:07:32.052+0000] {processor.py:840} INFO - DAG(s) 'example_sensors' retrieved from /home/airflow/.local/lib/python3.12/site-packages/airflow/example_dags/example_sensors.py
[2024-06-14T12:07:32.069+0000] {logging_mixin.py:188} INFO - [2024-06-14T12:07:32.069+0000] {dag.py:3096} INFO - Sync 1 DAGs
[2024-06-14T12:07:32.079+0000] {logging_mixin.py:188} INFO - [2024-06-14T12:07:32.078+0000] {dag.py:3954} INFO - Setting next_dagrun for example_sensors to None, run_after=None
[2024-06-14T12:07:32.097+0000] {processor.py:183} INFO - Processing /home/airflow/.local/lib/python3.12/site-packages/airflow/example_dags/example_sensors.py took 0.058 seconds
[2024-06-14T12:08:02.244+0000] {processor.py:161} INFO - Started process (PID=213) to work on /home/airflow/.local/lib/python3.12/site-packages/airflow/example_dags/example_sensors.py
[2024-06-14T12:08:02.245+0000] {processor.py:830} INFO - Processing file /home/airflow/.local/lib/python3.12/site-packages/airflow/example_dags/example_sensors.py for tasks to queue
[2024-06-14T12:08:02.246+0000] {logging_mixin.py:188} INFO - [2024-06-14T12:08:02.246+0000] {dagbag.py:545} INFO - Filling up the DagBag from /home/airflow/.local/lib/python3.12/site-packages/airflow/example_dags/example_sensors.py
[2024-06-14T12:08:02.253+0000] {processor.py:840} INFO - DAG(s) 'example_sensors' retrieved from /home/airflow/.local/lib/python3.12/site-packages/airflow/example_dags/example_sensors.py
[2024-06-14T12:08:02.273+0000] {logging_mixin.py:188} INFO - [2024-06-14T12:08:02.273+0000] {dag.py:3096} INFO - Sync 1 DAGs
[2024-06-14T12:08:02.282+0000] {logging_mixin.py:188} INFO - [2024-06-14T12:08:02.282+0000] {dag.py:3954} INFO - Setting next_dagrun for example_sensors to None, run_after=None
[2024-06-14T12:08:02.299+0000] {processor.py:183} INFO - Processing /home/airflow/.local/lib/python3.12/site-packages/airflow/example_dags/example_sensors.py took 0.059 seconds
[2024-06-14T12:08:32.385+0000] {processor.py:161} INFO - Started process (PID=271) to work on /home/airflow/.local/lib/python3.12/site-packages/airflow/example_dags/example_sensors.py
[2024-06-14T12:08:32.386+0000] {processor.py:830} INFO - Processing file /home/airflow/.local/lib/python3.12/site-packages/airflow/example_dags/example_sensors.py for tasks to queue
[2024-06-14T12:08:32.387+0000] {logging_mixin.py:188} INFO - [2024-06-14T12:08:32.387+0000] {dagbag.py:545} INFO - Filling up the DagBag from /home/airflow/.local/lib/python3.12/site-packages/airflow/example_dags/example_sensors.py
[2024-06-14T12:08:32.396+0000] {processor.py:840} INFO - DAG(s) 'example_sensors' retrieved from /home/airflow/.local/lib/python3.12/site-packages/airflow/example_dags/example_sensors.py
[2024-06-14T12:08:32.420+0000] {logging_mixin.py:188} INFO - [2024-06-14T12:08:32.420+0000] {dag.py:3096} INFO - Sync 1 DAGs
[2024-06-14T12:08:32.433+0000] {logging_mixin.py:188} INFO - [2024-06-14T12:08:32.433+0000] {dag.py:3954} INFO - Setting next_dagrun for example_sensors to None, run_after=None
[2024-06-14T12:08:32.452+0000] {processor.py:183} INFO - Processing /home/airflow/.local/lib/python3.12/site-packages/airflow/example_dags/example_sensors.py took 0.072 seconds
[2024-06-14T12:09:02.646+0000] {processor.py:161} INFO - Started process (PID=329) to work on /home/airflow/.local/lib/python3.12/site-packages/airflow/example_dags/example_sensors.py
[2024-06-14T12:09:02.646+0000] {processor.py:830} INFO - Processing file /home/airflow/.local/lib/python3.12/site-packages/airflow/example_dags/example_sensors.py for tasks to queue
[2024-06-14T12:09:02.648+0000] {logging_mixin.py:188} INFO - [2024-06-14T12:09:02.647+0000] {dagbag.py:545} INFO - Filling up the DagBag from /home/airflow/.local/lib/python3.12/site-packages/airflow/example_dags/example_sensors.py
[2024-06-14T12:09:02.656+0000] {processor.py:840} INFO - DAG(s) 'example_sensors' retrieved from /home/airflow/.local/lib/python3.12/site-packages/airflow/example_dags/example_sensors.py
[2024-06-14T12:09:02.675+0000] {logging_mixin.py:188} INFO - [2024-06-14T12:09:02.675+0000] {dag.py:3096} INFO - Sync 1 DAGs
[2024-06-14T12:09:02.685+0000] {logging_mixin.py:188} INFO - [2024-06-14T12:09:02.685+0000] {dag.py:3954} INFO - Setting next_dagrun for example_sensors to None, run_after=None
[2024-06-14T12:09:02.704+0000] {processor.py:183} INFO - Processing /home/airflow/.local/lib/python3.12/site-packages/airflow/example_dags/example_sensors.py took 0.062 seconds
[2024-06-14T12:09:32.886+0000] {processor.py:161} INFO - Started process (PID=394) to work on /home/airflow/.local/lib/python3.12/site-packages/airflow/example_dags/example_sensors.py
[2024-06-14T12:09:32.888+0000] {processor.py:830} INFO - Processing file /home/airflow/.local/lib/python3.12/site-packages/airflow/example_dags/example_sensors.py for tasks to queue
[2024-06-14T12:09:32.889+0000] {logging_mixin.py:188} INFO - [2024-06-14T12:09:32.889+0000] {dagbag.py:545} INFO - Filling up the DagBag from /home/airflow/.local/lib/python3.12/site-packages/airflow/example_dags/example_sensors.py
[2024-06-14T12:09:32.898+0000] {processor.py:840} INFO - DAG(s) 'example_sensors' retrieved from /home/airflow/.local/lib/python3.12/site-packages/airflow/example_dags/example_sensors.py
[2024-06-14T12:09:32.927+0000] {logging_mixin.py:188} INFO - [2024-06-14T12:09:32.926+0000] {dag.py:3096} INFO - Sync 1 DAGs
[2024-06-14T12:09:32.942+0000] {logging_mixin.py:188} INFO - [2024-06-14T12:09:32.942+0000] {dag.py:3954} INFO - Setting next_dagrun for example_sensors to None, run_after=None
[2024-06-14T12:09:32.960+0000] {processor.py:183} INFO - Processing /home/airflow/.local/lib/python3.12/site-packages/airflow/example_dags/example_sensors.py took 0.079 seconds
[2024-06-14T12:10:03.289+0000] {processor.py:161} INFO - Started process (PID=452) to work on /home/airflow/.local/lib/python3.12/site-packages/airflow/example_dags/example_sensors.py
[2024-06-14T12:10:03.290+0000] {processor.py:830} INFO - Processing file /home/airflow/.local/lib/python3.12/site-packages/airflow/example_dags/example_sensors.py for tasks to queue
[2024-06-14T12:10:03.291+0000] {logging_mixin.py:188} INFO - [2024-06-14T12:10:03.291+0000] {dagbag.py:545} INFO - Filling up the DagBag from /home/airflow/.local/lib/python3.12/site-packages/airflow/example_dags/example_sensors.py
[2024-06-14T12:10:03.297+0000] {processor.py:840} INFO - DAG(s) 'example_sensors' retrieved from /home/airflow/.local/lib/python3.12/site-packages/airflow/example_dags/example_sensors.py
[2024-06-14T12:10:03.316+0000] {logging_mixin.py:188} INFO - [2024-06-14T12:10:03.316+0000] {dag.py:3096} INFO - Sync 1 DAGs
[2024-06-14T12:10:03.328+0000] {logging_mixin.py:188} INFO - [2024-06-14T12:10:03.327+0000] {dag.py:3954} INFO - Setting next_dagrun for example_sensors to None, run_after=None
[2024-06-14T12:10:03.343+0000] {processor.py:183} INFO - Processing /home/airflow/.local/lib/python3.12/site-packages/airflow/example_dags/example_sensors.py took 0.058 seconds
[2024-06-14T12:10:33.413+0000] {processor.py:161} INFO - Started process (PID=510) to work on /home/airflow/.local/lib/python3.12/site-packages/airflow/example_dags/example_sensors.py
[2024-06-14T12:10:33.414+0000] {processor.py:830} INFO - Processing file /home/airflow/.local/lib/python3.12/site-packages/airflow/example_dags/example_sensors.py for tasks to queue
[2024-06-14T12:10:33.415+0000] {logging_mixin.py:188} INFO - [2024-06-14T12:10:33.415+0000] {dagbag.py:545} INFO - Filling up the DagBag from /home/airflow/.local/lib/python3.12/site-packages/airflow/example_dags/example_sensors.py
[2024-06-14T12:10:33.423+0000] {processor.py:840} INFO - DAG(s) 'example_sensors' retrieved from /home/airflow/.local/lib/python3.12/site-packages/airflow/example_dags/example_sensors.py
[2024-06-14T12:10:33.444+0000] {logging_mixin.py:188} INFO - [2024-06-14T12:10:33.444+0000] {dag.py:3096} INFO - Sync 1 DAGs
[2024-06-14T12:10:33.457+0000] {logging_mixin.py:188} INFO - [2024-06-14T12:10:33.457+0000] {dag.py:3954} INFO - Setting next_dagrun for example_sensors to None, run_after=None
[2024-06-14T12:10:33.472+0000] {processor.py:183} INFO - Processing /home/airflow/.local/lib/python3.12/site-packages/airflow/example_dags/example_sensors.py took 0.063 seconds
[2024-06-14T12:11:03.662+0000] {processor.py:161} INFO - Started process (PID=575) to work on /home/airflow/.local/lib/python3.12/site-packages/airflow/example_dags/example_sensors.py
[2024-06-14T12:11:03.663+0000] {processor.py:830} INFO - Processing file /home/airflow/.local/lib/python3.12/site-packages/airflow/example_dags/example_sensors.py for tasks to queue
[2024-06-14T12:11:03.664+0000] {logging_mixin.py:188} INFO - [2024-06-14T12:11:03.664+0000] {dagbag.py:545} INFO - Filling up the DagBag from /home/airflow/.local/lib/python3.12/site-packages/airflow/example_dags/example_sensors.py
[2024-06-14T12:11:03.672+0000] {processor.py:840} INFO - DAG(s) 'example_sensors' retrieved from /home/airflow/.local/lib/python3.12/site-packages/airflow/example_dags/example_sensors.py
[2024-06-14T12:11:03.696+0000] {logging_mixin.py:188} INFO - [2024-06-14T12:11:03.696+0000] {dag.py:3096} INFO - Sync 1 DAGs
[2024-06-14T12:11:03.709+0000] {logging_mixin.py:188} INFO - [2024-06-14T12:11:03.708+0000] {dag.py:3954} INFO - Setting next_dagrun for example_sensors to None, run_after=None
[2024-06-14T12:11:03.728+0000] {processor.py:183} INFO - Processing /home/airflow/.local/lib/python3.12/site-packages/airflow/example_dags/example_sensors.py took 0.071 seconds
[2024-06-14T12:11:33.831+0000] {processor.py:161} INFO - Started process (PID=633) to work on /home/airflow/.local/lib/python3.12/site-packages/airflow/example_dags/example_sensors.py
[2024-06-14T12:11:33.832+0000] {processor.py:830} INFO - Processing file /home/airflow/.local/lib/python3.12/site-packages/airflow/example_dags/example_sensors.py for tasks to queue
[2024-06-14T12:11:33.834+0000] {logging_mixin.py:188} INFO - [2024-06-14T12:11:33.833+0000] {dagbag.py:545} INFO - Filling up the DagBag from /home/airflow/.local/lib/python3.12/site-packages/airflow/example_dags/example_sensors.py
[2024-06-14T12:11:33.841+0000] {processor.py:840} INFO - DAG(s) 'example_sensors' retrieved from /home/airflow/.local/lib/python3.12/site-packages/airflow/example_dags/example_sensors.py
[2024-06-14T12:11:33.864+0000] {logging_mixin.py:188} INFO - [2024-06-14T12:11:33.864+0000] {dag.py:3096} INFO - Sync 1 DAGs
[2024-06-14T12:11:33.875+0000] {logging_mixin.py:188} INFO - [2024-06-14T12:11:33.875+0000] {dag.py:3954} INFO - Setting next_dagrun for example_sensors to None, run_after=None
[2024-06-14T12:11:33.892+0000] {processor.py:183} INFO - Processing /home/airflow/.local/lib/python3.12/site-packages/airflow/example_dags/example_sensors.py took 0.065 seconds
[2024-06-14T12:12:03.949+0000] {processor.py:161} INFO - Started process (PID=690) to work on /home/airflow/.local/lib/python3.12/site-packages/airflow/example_dags/example_sensors.py
[2024-06-14T12:12:03.949+0000] {processor.py:830} INFO - Processing file /home/airflow/.local/lib/python3.12/site-packages/airflow/example_dags/example_sensors.py for tasks to queue
[2024-06-14T12:12:03.950+0000] {logging_mixin.py:188} INFO - [2024-06-14T12:12:03.950+0000] {dagbag.py:545} INFO - Filling up the DagBag from /home/airflow/.local/lib/python3.12/site-packages/airflow/example_dags/example_sensors.py
[2024-06-14T12:12:03.957+0000] {processor.py:840} INFO - DAG(s) 'example_sensors' retrieved from /home/airflow/.local/lib/python3.12/site-packages/airflow/example_dags/example_sensors.py
[2024-06-14T12:12:03.974+0000] {logging_mixin.py:188} INFO - [2024-06-14T12:12:03.974+0000] {dag.py:3096} INFO - Sync 1 DAGs
[2024-06-14T12:12:03.984+0000] {logging_mixin.py:188} INFO - [2024-06-14T12:12:03.984+0000] {dag.py:3954} INFO - Setting next_dagrun for example_sensors to None, run_after=None
[2024-06-14T12:12:03.998+0000] {processor.py:183} INFO - Processing /home/airflow/.local/lib/python3.12/site-packages/airflow/example_dags/example_sensors.py took 0.053 seconds
[2024-06-14T12:12:34.105+0000] {processor.py:161} INFO - Started process (PID=748) to work on /home/airflow/.local/lib/python3.12/site-packages/airflow/example_dags/example_sensors.py
[2024-06-14T12:12:34.105+0000] {processor.py:830} INFO - Processing file /home/airflow/.local/lib/python3.12/site-packages/airflow/example_dags/example_sensors.py for tasks to queue
[2024-06-14T12:12:34.107+0000] {logging_mixin.py:188} INFO - [2024-06-14T12:12:34.107+0000] {dagbag.py:545} INFO - Filling up the DagBag from /home/airflow/.local/lib/python3.12/site-packages/airflow/example_dags/example_sensors.py
[2024-06-14T12:12:34.115+0000] {processor.py:840} INFO - DAG(s) 'example_sensors' retrieved from /home/airflow/.local/lib/python3.12/site-packages/airflow/example_dags/example_sensors.py
[2024-06-14T12:12:34.137+0000] {logging_mixin.py:188} INFO - [2024-06-14T12:12:34.137+0000] {dag.py:3096} INFO - Sync 1 DAGs
[2024-06-14T12:12:34.148+0000] {logging_mixin.py:188} INFO - [2024-06-14T12:12:34.147+0000] {dag.py:3954} INFO - Setting next_dagrun for example_sensors to None, run_after=None
[2024-06-14T12:12:34.165+0000] {processor.py:183} INFO - Processing /home/airflow/.local/lib/python3.12/site-packages/airflow/example_dags/example_sensors.py took 0.066 seconds
[2024-06-14T12:13:04.259+0000] {processor.py:161} INFO - Started process (PID=806) to work on /home/airflow/.local/lib/python3.12/site-packages/airflow/example_dags/example_sensors.py
[2024-06-14T12:13:04.260+0000] {processor.py:830} INFO - Processing file /home/airflow/.local/lib/python3.12/site-packages/airflow/example_dags/example_sensors.py for tasks to queue
[2024-06-14T12:13:04.261+0000] {logging_mixin.py:188} INFO - [2024-06-14T12:13:04.261+0000] {dagbag.py:545} INFO - Filling up the DagBag from /home/airflow/.local/lib/python3.12/site-packages/airflow/example_dags/example_sensors.py
[2024-06-14T12:13:04.268+0000] {processor.py:840} INFO - DAG(s) 'example_sensors' retrieved from /home/airflow/.local/lib/python3.12/site-packages/airflow/example_dags/example_sensors.py
[2024-06-14T12:13:04.290+0000] {logging_mixin.py:188} INFO - [2024-06-14T12:13:04.289+0000] {dag.py:3096} INFO - Sync 1 DAGs
[2024-06-14T12:13:04.299+0000] {logging_mixin.py:188} INFO - [2024-06-14T12:13:04.299+0000] {dag.py:3954} INFO - Setting next_dagrun for example_sensors to None, run_after=None
[2024-06-14T12:13:04.314+0000] {processor.py:183} INFO - Processing /home/airflow/.local/lib/python3.12/site-packages/airflow/example_dags/example_sensors.py took 0.060 seconds
[2024-06-14T12:13:34.761+0000] {processor.py:161} INFO - Started process (PID=865) to work on /home/airflow/.local/lib/python3.12/site-packages/airflow/example_dags/example_sensors.py
[2024-06-14T12:13:34.762+0000] {processor.py:830} INFO - Processing file /home/airflow/.local/lib/python3.12/site-packages/airflow/example_dags/example_sensors.py for tasks to queue
[2024-06-14T12:13:34.764+0000] {logging_mixin.py:188} INFO - [2024-06-14T12:13:34.763+0000] {dagbag.py:545} INFO - Filling up the DagBag from /home/airflow/.local/lib/python3.12/site-packages/airflow/example_dags/example_sensors.py
[2024-06-14T12:13:34.770+0000] {processor.py:840} INFO - DAG(s) 'example_sensors' retrieved from /home/airflow/.local/lib/python3.12/site-packages/airflow/example_dags/example_sensors.py
[2024-06-14T12:13:34.791+0000] {logging_mixin.py:188} INFO - [2024-06-14T12:13:34.791+0000] {dag.py:3096} INFO - Sync 1 DAGs
[2024-06-14T12:13:34.802+0000] {logging_mixin.py:188} INFO - [2024-06-14T12:13:34.801+0000] {dag.py:3954} INFO - Setting next_dagrun for example_sensors to None, run_after=None
[2024-06-14T12:13:34.819+0000] {processor.py:183} INFO - Processing /home/airflow/.local/lib/python3.12/site-packages/airflow/example_dags/example_sensors.py took 0.062 seconds
[2024-06-14T12:14:05.241+0000] {processor.py:161} INFO - Started process (PID=923) to work on /home/airflow/.local/lib/python3.12/site-packages/airflow/example_dags/example_sensors.py
[2024-06-14T12:14:05.242+0000] {processor.py:830} INFO - Processing file /home/airflow/.local/lib/python3.12/site-packages/airflow/example_dags/example_sensors.py for tasks to queue
[2024-06-14T12:14:05.244+0000] {logging_mixin.py:188} INFO - [2024-06-14T12:14:05.244+0000] {dagbag.py:545} INFO - Filling up the DagBag from /home/airflow/.local/lib/python3.12/site-packages/airflow/example_dags/example_sensors.py
[2024-06-14T12:14:05.252+0000] {processor.py:840} INFO - DAG(s) 'example_sensors' retrieved from /home/airflow/.local/lib/python3.12/site-packages/airflow/example_dags/example_sensors.py
[2024-06-14T12:14:05.277+0000] {logging_mixin.py:188} INFO - [2024-06-14T12:14:05.277+0000] {dag.py:3096} INFO - Sync 1 DAGs
[2024-06-14T12:14:05.288+0000] {logging_mixin.py:188} INFO - [2024-06-14T12:14:05.288+0000] {dag.py:3954} INFO - Setting next_dagrun for example_sensors to None, run_after=None
[2024-06-14T12:14:05.307+0000] {processor.py:183} INFO - Processing /home/airflow/.local/lib/python3.12/site-packages/airflow/example_dags/example_sensors.py took 0.072 seconds
[2024-06-14T12:14:35.586+0000] {processor.py:161} INFO - Started process (PID=981) to work on /home/airflow/.local/lib/python3.12/site-packages/airflow/example_dags/example_sensors.py
[2024-06-14T12:14:35.587+0000] {processor.py:830} INFO - Processing file /home/airflow/.local/lib/python3.12/site-packages/airflow/example_dags/example_sensors.py for tasks to queue
[2024-06-14T12:14:35.589+0000] {logging_mixin.py:188} INFO - [2024-06-14T12:14:35.589+0000] {dagbag.py:545} INFO - Filling up the DagBag from /home/airflow/.local/lib/python3.12/site-packages/airflow/example_dags/example_sensors.py
[2024-06-14T12:14:35.596+0000] {processor.py:840} INFO - DAG(s) 'example_sensors' retrieved from /home/airflow/.local/lib/python3.12/site-packages/airflow/example_dags/example_sensors.py
[2024-06-14T12:14:35.616+0000] {logging_mixin.py:188} INFO - [2024-06-14T12:14:35.615+0000] {dag.py:3096} INFO - Sync 1 DAGs
[2024-06-14T12:14:35.625+0000] {logging_mixin.py:188} INFO - [2024-06-14T12:14:35.625+0000] {dag.py:3954} INFO - Setting next_dagrun for example_sensors to None, run_after=None
[2024-06-14T12:14:35.647+0000] {processor.py:183} INFO - Processing /home/airflow/.local/lib/python3.12/site-packages/airflow/example_dags/example_sensors.py took 0.065 seconds
[2024-06-14T12:15:05.964+0000] {processor.py:161} INFO - Started process (PID=1039) to work on /home/airflow/.local/lib/python3.12/site-packages/airflow/example_dags/example_sensors.py
[2024-06-14T12:15:05.965+0000] {processor.py:830} INFO - Processing file /home/airflow/.local/lib/python3.12/site-packages/airflow/example_dags/example_sensors.py for tasks to queue
[2024-06-14T12:15:05.966+0000] {logging_mixin.py:188} INFO - [2024-06-14T12:15:05.966+0000] {dagbag.py:545} INFO - Filling up the DagBag from /home/airflow/.local/lib/python3.12/site-packages/airflow/example_dags/example_sensors.py
[2024-06-14T12:15:05.973+0000] {processor.py:840} INFO - DAG(s) 'example_sensors' retrieved from /home/airflow/.local/lib/python3.12/site-packages/airflow/example_dags/example_sensors.py
[2024-06-14T12:15:05.991+0000] {logging_mixin.py:188} INFO - [2024-06-14T12:15:05.991+0000] {dag.py:3096} INFO - Sync 1 DAGs
[2024-06-14T12:15:06.002+0000] {logging_mixin.py:188} INFO - [2024-06-14T12:15:06.002+0000] {dag.py:3954} INFO - Setting next_dagrun for example_sensors to None, run_after=None
[2024-06-14T12:15:06.018+0000] {processor.py:183} INFO - Processing /home/airflow/.local/lib/python3.12/site-packages/airflow/example_dags/example_sensors.py took 0.058 seconds
[2024-06-14T12:15:36.229+0000] {processor.py:161} INFO - Started process (PID=1097) to work on /home/airflow/.local/lib/python3.12/site-packages/airflow/example_dags/example_sensors.py
[2024-06-14T12:15:36.230+0000] {processor.py:830} INFO - Processing file /home/airflow/.local/lib/python3.12/site-packages/airflow/example_dags/example_sensors.py for tasks to queue
[2024-06-14T12:15:36.232+0000] {logging_mixin.py:188} INFO - [2024-06-14T12:15:36.232+0000] {dagbag.py:545} INFO - Filling up the DagBag from /home/airflow/.local/lib/python3.12/site-packages/airflow/example_dags/example_sensors.py
[2024-06-14T12:15:36.239+0000] {processor.py:840} INFO - DAG(s) 'example_sensors' retrieved from /home/airflow/.local/lib/python3.12/site-packages/airflow/example_dags/example_sensors.py
[2024-06-14T12:15:36.257+0000] {logging_mixin.py:188} INFO - [2024-06-14T12:15:36.257+0000] {dag.py:3096} INFO - Sync 1 DAGs
[2024-06-14T12:15:36.267+0000] {logging_mixin.py:188} INFO - [2024-06-14T12:15:36.267+0000] {dag.py:3954} INFO - Setting next_dagrun for example_sensors to None, run_after=None
[2024-06-14T12:15:36.285+0000] {processor.py:183} INFO - Processing /home/airflow/.local/lib/python3.12/site-packages/airflow/example_dags/example_sensors.py took 0.060 seconds
[2024-06-14T12:16:06.551+0000] {processor.py:161} INFO - Started process (PID=1155) to work on /home/airflow/.local/lib/python3.12/site-packages/airflow/example_dags/example_sensors.py
[2024-06-14T12:16:06.552+0000] {processor.py:830} INFO - Processing file /home/airflow/.local/lib/python3.12/site-packages/airflow/example_dags/example_sensors.py for tasks to queue
[2024-06-14T12:16:06.553+0000] {logging_mixin.py:188} INFO - [2024-06-14T12:16:06.553+0000] {dagbag.py:545} INFO - Filling up the DagBag from /home/airflow/.local/lib/python3.12/site-packages/airflow/example_dags/example_sensors.py
[2024-06-14T12:16:06.560+0000] {processor.py:840} INFO - DAG(s) 'example_sensors' retrieved from /home/airflow/.local/lib/python3.12/site-packages/airflow/example_dags/example_sensors.py
[2024-06-14T12:16:06.578+0000] {logging_mixin.py:188} INFO - [2024-06-14T12:16:06.577+0000] {dag.py:3096} INFO - Sync 1 DAGs
[2024-06-14T12:16:06.588+0000] {logging_mixin.py:188} INFO - [2024-06-14T12:16:06.588+0000] {dag.py:3954} INFO - Setting next_dagrun for example_sensors to None, run_after=None
[2024-06-14T12:16:06.603+0000] {processor.py:183} INFO - Processing /home/airflow/.local/lib/python3.12/site-packages/airflow/example_dags/example_sensors.py took 0.055 seconds
[2024-06-14T12:16:36.883+0000] {processor.py:161} INFO - Started process (PID=1213) to work on /home/airflow/.local/lib/python3.12/site-packages/airflow/example_dags/example_sensors.py
[2024-06-14T12:16:36.883+0000] {processor.py:830} INFO - Processing file /home/airflow/.local/lib/python3.12/site-packages/airflow/example_dags/example_sensors.py for tasks to queue
[2024-06-14T12:16:36.885+0000] {logging_mixin.py:188} INFO - [2024-06-14T12:16:36.884+0000] {dagbag.py:545} INFO - Filling up the DagBag from /home/airflow/.local/lib/python3.12/site-packages/airflow/example_dags/example_sensors.py
[2024-06-14T12:16:36.891+0000] {processor.py:840} INFO - DAG(s) 'example_sensors' retrieved from /home/airflow/.local/lib/python3.12/site-packages/airflow/example_dags/example_sensors.py
[2024-06-14T12:16:36.908+0000] {logging_mixin.py:188} INFO - [2024-06-14T12:16:36.908+0000] {dag.py:3096} INFO - Sync 1 DAGs
[2024-06-14T12:16:36.919+0000] {logging_mixin.py:188} INFO - [2024-06-14T12:16:36.918+0000] {dag.py:3954} INFO - Setting next_dagrun for example_sensors to None, run_after=None
[2024-06-14T12:16:36.934+0000] {processor.py:183} INFO - Processing /home/airflow/.local/lib/python3.12/site-packages/airflow/example_dags/example_sensors.py took 0.055 seconds
[2024-06-14T12:17:07.223+0000] {processor.py:161} INFO - Started process (PID=1271) to work on /home/airflow/.local/lib/python3.12/site-packages/airflow/example_dags/example_sensors.py
[2024-06-14T12:17:07.224+0000] {processor.py:830} INFO - Processing file /home/airflow/.local/lib/python3.12/site-packages/airflow/example_dags/example_sensors.py for tasks to queue
[2024-06-14T12:17:07.226+0000] {logging_mixin.py:188} INFO - [2024-06-14T12:17:07.226+0000] {dagbag.py:545} INFO - Filling up the DagBag from /home/airflow/.local/lib/python3.12/site-packages/airflow/example_dags/example_sensors.py
[2024-06-14T12:17:07.232+0000] {processor.py:840} INFO - DAG(s) 'example_sensors' retrieved from /home/airflow/.local/lib/python3.12/site-packages/airflow/example_dags/example_sensors.py
[2024-06-14T12:17:07.250+0000] {logging_mixin.py:188} INFO - [2024-06-14T12:17:07.250+0000] {dag.py:3096} INFO - Sync 1 DAGs
[2024-06-14T12:17:07.259+0000] {logging_mixin.py:188} INFO - [2024-06-14T12:17:07.259+0000] {dag.py:3954} INFO - Setting next_dagrun for example_sensors to None, run_after=None
[2024-06-14T12:17:07.273+0000] {processor.py:183} INFO - Processing /home/airflow/.local/lib/python3.12/site-packages/airflow/example_dags/example_sensors.py took 0.055 seconds
[2024-06-14T12:17:37.583+0000] {processor.py:161} INFO - Started process (PID=1329) to work on /home/airflow/.local/lib/python3.12/site-packages/airflow/example_dags/example_sensors.py
[2024-06-14T12:17:37.583+0000] {processor.py:830} INFO - Processing file /home/airflow/.local/lib/python3.12/site-packages/airflow/example_dags/example_sensors.py for tasks to queue
[2024-06-14T12:17:37.585+0000] {logging_mixin.py:188} INFO - [2024-06-14T12:17:37.585+0000] {dagbag.py:545} INFO - Filling up the DagBag from /home/airflow/.local/lib/python3.12/site-packages/airflow/example_dags/example_sensors.py
[2024-06-14T12:17:37.591+0000] {processor.py:840} INFO - DAG(s) 'example_sensors' retrieved from /home/airflow/.local/lib/python3.12/site-packages/airflow/example_dags/example_sensors.py
[2024-06-14T12:17:37.612+0000] {logging_mixin.py:188} INFO - [2024-06-14T12:17:37.611+0000] {dag.py:3096} INFO - Sync 1 DAGs
[2024-06-14T12:17:37.621+0000] {logging_mixin.py:188} INFO - [2024-06-14T12:17:37.621+0000] {dag.py:3954} INFO - Setting next_dagrun for example_sensors to None, run_after=None
[2024-06-14T12:17:37.635+0000] {processor.py:183} INFO - Processing /home/airflow/.local/lib/python3.12/site-packages/airflow/example_dags/example_sensors.py took 0.057 seconds
[2024-06-14T12:18:40.858+0000] {processor.py:161} INFO - Started process (PID=39) to work on /home/airflow/.local/lib/python3.12/site-packages/airflow/example_dags/example_sensors.py
[2024-06-14T12:18:40.859+0000] {processor.py:830} INFO - Processing file /home/airflow/.local/lib/python3.12/site-packages/airflow/example_dags/example_sensors.py for tasks to queue
[2024-06-14T12:18:40.861+0000] {logging_mixin.py:188} INFO - [2024-06-14T12:18:40.860+0000] {dagbag.py:545} INFO - Filling up the DagBag from /home/airflow/.local/lib/python3.12/site-packages/airflow/example_dags/example_sensors.py
[2024-06-14T12:18:40.870+0000] {processor.py:840} INFO - DAG(s) 'example_sensors' retrieved from /home/airflow/.local/lib/python3.12/site-packages/airflow/example_dags/example_sensors.py
[2024-06-14T12:18:40.880+0000] {logging_mixin.py:188} INFO - [2024-06-14T12:18:40.879+0000] {dag.py:3096} INFO - Sync 1 DAGs
[2024-06-14T12:18:40.889+0000] {logging_mixin.py:188} INFO - [2024-06-14T12:18:40.889+0000] {dag.py:3954} INFO - Setting next_dagrun for example_sensors to None, run_after=None
[2024-06-14T12:18:40.907+0000] {processor.py:183} INFO - Processing /home/airflow/.local/lib/python3.12/site-packages/airflow/example_dags/example_sensors.py took 0.053 seconds
[2024-06-14T12:19:11.926+0000] {processor.py:161} INFO - Started process (PID=97) to work on /home/airflow/.local/lib/python3.12/site-packages/airflow/example_dags/example_sensors.py
[2024-06-14T12:19:11.927+0000] {processor.py:830} INFO - Processing file /home/airflow/.local/lib/python3.12/site-packages/airflow/example_dags/example_sensors.py for tasks to queue
[2024-06-14T12:19:11.928+0000] {logging_mixin.py:188} INFO - [2024-06-14T12:19:11.928+0000] {dagbag.py:545} INFO - Filling up the DagBag from /home/airflow/.local/lib/python3.12/site-packages/airflow/example_dags/example_sensors.py
[2024-06-14T12:19:11.934+0000] {processor.py:840} INFO - DAG(s) 'example_sensors' retrieved from /home/airflow/.local/lib/python3.12/site-packages/airflow/example_dags/example_sensors.py
[2024-06-14T12:19:12.007+0000] {logging_mixin.py:188} INFO - [2024-06-14T12:19:12.006+0000] {dag.py:3096} INFO - Sync 1 DAGs
[2024-06-14T12:19:12.015+0000] {logging_mixin.py:188} INFO - [2024-06-14T12:19:12.015+0000] {dag.py:3954} INFO - Setting next_dagrun for example_sensors to None, run_after=None
[2024-06-14T12:19:12.032+0000] {processor.py:183} INFO - Processing /home/airflow/.local/lib/python3.12/site-packages/airflow/example_dags/example_sensors.py took 0.110 seconds
[2024-06-14T12:19:42.223+0000] {processor.py:161} INFO - Started process (PID=155) to work on /home/airflow/.local/lib/python3.12/site-packages/airflow/example_dags/example_sensors.py
[2024-06-14T12:19:42.224+0000] {processor.py:830} INFO - Processing file /home/airflow/.local/lib/python3.12/site-packages/airflow/example_dags/example_sensors.py for tasks to queue
[2024-06-14T12:19:42.225+0000] {logging_mixin.py:188} INFO - [2024-06-14T12:19:42.225+0000] {dagbag.py:545} INFO - Filling up the DagBag from /home/airflow/.local/lib/python3.12/site-packages/airflow/example_dags/example_sensors.py
[2024-06-14T12:19:42.232+0000] {processor.py:840} INFO - DAG(s) 'example_sensors' retrieved from /home/airflow/.local/lib/python3.12/site-packages/airflow/example_dags/example_sensors.py
[2024-06-14T12:19:42.251+0000] {logging_mixin.py:188} INFO - [2024-06-14T12:19:42.250+0000] {dag.py:3096} INFO - Sync 1 DAGs
[2024-06-14T12:19:42.260+0000] {logging_mixin.py:188} INFO - [2024-06-14T12:19:42.260+0000] {dag.py:3954} INFO - Setting next_dagrun for example_sensors to None, run_after=None
[2024-06-14T12:19:42.275+0000] {processor.py:183} INFO - Processing /home/airflow/.local/lib/python3.12/site-packages/airflow/example_dags/example_sensors.py took 0.055 seconds
[2024-06-14T12:20:12.663+0000] {processor.py:161} INFO - Started process (PID=213) to work on /home/airflow/.local/lib/python3.12/site-packages/airflow/example_dags/example_sensors.py
[2024-06-14T12:20:12.663+0000] {processor.py:830} INFO - Processing file /home/airflow/.local/lib/python3.12/site-packages/airflow/example_dags/example_sensors.py for tasks to queue
[2024-06-14T12:20:12.665+0000] {logging_mixin.py:188} INFO - [2024-06-14T12:20:12.664+0000] {dagbag.py:545} INFO - Filling up the DagBag from /home/airflow/.local/lib/python3.12/site-packages/airflow/example_dags/example_sensors.py
[2024-06-14T12:20:12.671+0000] {processor.py:840} INFO - DAG(s) 'example_sensors' retrieved from /home/airflow/.local/lib/python3.12/site-packages/airflow/example_dags/example_sensors.py
[2024-06-14T12:20:12.689+0000] {logging_mixin.py:188} INFO - [2024-06-14T12:20:12.689+0000] {dag.py:3096} INFO - Sync 1 DAGs
[2024-06-14T12:20:12.699+0000] {logging_mixin.py:188} INFO - [2024-06-14T12:20:12.699+0000] {dag.py:3954} INFO - Setting next_dagrun for example_sensors to None, run_after=None
[2024-06-14T12:20:12.715+0000] {processor.py:183} INFO - Processing /home/airflow/.local/lib/python3.12/site-packages/airflow/example_dags/example_sensors.py took 0.056 seconds
[2024-06-14T12:20:43.156+0000] {processor.py:161} INFO - Started process (PID=271) to work on /home/airflow/.local/lib/python3.12/site-packages/airflow/example_dags/example_sensors.py
[2024-06-14T12:20:43.157+0000] {processor.py:830} INFO - Processing file /home/airflow/.local/lib/python3.12/site-packages/airflow/example_dags/example_sensors.py for tasks to queue
[2024-06-14T12:20:43.158+0000] {logging_mixin.py:188} INFO - [2024-06-14T12:20:43.158+0000] {dagbag.py:545} INFO - Filling up the DagBag from /home/airflow/.local/lib/python3.12/site-packages/airflow/example_dags/example_sensors.py
[2024-06-14T12:20:43.166+0000] {processor.py:840} INFO - DAG(s) 'example_sensors' retrieved from /home/airflow/.local/lib/python3.12/site-packages/airflow/example_dags/example_sensors.py
[2024-06-14T12:20:43.186+0000] {logging_mixin.py:188} INFO - [2024-06-14T12:20:43.186+0000] {dag.py:3096} INFO - Sync 1 DAGs
[2024-06-14T12:20:43.197+0000] {logging_mixin.py:188} INFO - [2024-06-14T12:20:43.196+0000] {dag.py:3954} INFO - Setting next_dagrun for example_sensors to None, run_after=None
[2024-06-14T12:20:43.213+0000] {processor.py:183} INFO - Processing /home/airflow/.local/lib/python3.12/site-packages/airflow/example_dags/example_sensors.py took 0.061 seconds
[2024-06-14T12:21:13.410+0000] {processor.py:161} INFO - Started process (PID=329) to work on /home/airflow/.local/lib/python3.12/site-packages/airflow/example_dags/example_sensors.py
[2024-06-14T12:21:13.411+0000] {processor.py:830} INFO - Processing file /home/airflow/.local/lib/python3.12/site-packages/airflow/example_dags/example_sensors.py for tasks to queue
[2024-06-14T12:21:13.413+0000] {logging_mixin.py:188} INFO - [2024-06-14T12:21:13.412+0000] {dagbag.py:545} INFO - Filling up the DagBag from /home/airflow/.local/lib/python3.12/site-packages/airflow/example_dags/example_sensors.py
[2024-06-14T12:21:13.422+0000] {processor.py:840} INFO - DAG(s) 'example_sensors' retrieved from /home/airflow/.local/lib/python3.12/site-packages/airflow/example_dags/example_sensors.py
[2024-06-14T12:21:13.444+0000] {logging_mixin.py:188} INFO - [2024-06-14T12:21:13.444+0000] {dag.py:3096} INFO - Sync 1 DAGs
[2024-06-14T12:21:13.456+0000] {logging_mixin.py:188} INFO - [2024-06-14T12:21:13.456+0000] {dag.py:3954} INFO - Setting next_dagrun for example_sensors to None, run_after=None
[2024-06-14T12:21:13.475+0000] {processor.py:183} INFO - Processing /home/airflow/.local/lib/python3.12/site-packages/airflow/example_dags/example_sensors.py took 0.070 seconds
[2024-06-14T12:21:43.614+0000] {processor.py:161} INFO - Started process (PID=387) to work on /home/airflow/.local/lib/python3.12/site-packages/airflow/example_dags/example_sensors.py
[2024-06-14T12:21:43.614+0000] {processor.py:830} INFO - Processing file /home/airflow/.local/lib/python3.12/site-packages/airflow/example_dags/example_sensors.py for tasks to queue
[2024-06-14T12:21:43.616+0000] {logging_mixin.py:188} INFO - [2024-06-14T12:21:43.615+0000] {dagbag.py:545} INFO - Filling up the DagBag from /home/airflow/.local/lib/python3.12/site-packages/airflow/example_dags/example_sensors.py
[2024-06-14T12:21:43.622+0000] {processor.py:840} INFO - DAG(s) 'example_sensors' retrieved from /home/airflow/.local/lib/python3.12/site-packages/airflow/example_dags/example_sensors.py
[2024-06-14T12:21:43.641+0000] {logging_mixin.py:188} INFO - [2024-06-14T12:21:43.641+0000] {dag.py:3096} INFO - Sync 1 DAGs
[2024-06-14T12:21:43.651+0000] {logging_mixin.py:188} INFO - [2024-06-14T12:21:43.651+0000] {dag.py:3954} INFO - Setting next_dagrun for example_sensors to None, run_after=None
[2024-06-14T12:21:43.668+0000] {processor.py:183} INFO - Processing /home/airflow/.local/lib/python3.12/site-packages/airflow/example_dags/example_sensors.py took 0.059 seconds
[2024-06-14T12:22:14.232+0000] {processor.py:161} INFO - Started process (PID=446) to work on /home/airflow/.local/lib/python3.12/site-packages/airflow/example_dags/example_sensors.py
[2024-06-14T12:22:14.232+0000] {processor.py:830} INFO - Processing file /home/airflow/.local/lib/python3.12/site-packages/airflow/example_dags/example_sensors.py for tasks to queue
[2024-06-14T12:22:14.234+0000] {logging_mixin.py:188} INFO - [2024-06-14T12:22:14.233+0000] {dagbag.py:545} INFO - Filling up the DagBag from /home/airflow/.local/lib/python3.12/site-packages/airflow/example_dags/example_sensors.py
[2024-06-14T12:22:14.240+0000] {processor.py:840} INFO - DAG(s) 'example_sensors' retrieved from /home/airflow/.local/lib/python3.12/site-packages/airflow/example_dags/example_sensors.py
[2024-06-14T12:22:14.259+0000] {logging_mixin.py:188} INFO - [2024-06-14T12:22:14.259+0000] {dag.py:3096} INFO - Sync 1 DAGs
[2024-06-14T12:22:14.268+0000] {logging_mixin.py:188} INFO - [2024-06-14T12:22:14.267+0000] {dag.py:3954} INFO - Setting next_dagrun for example_sensors to None, run_after=None
[2024-06-14T12:22:14.284+0000] {processor.py:183} INFO - Processing /home/airflow/.local/lib/python3.12/site-packages/airflow/example_dags/example_sensors.py took 0.056 seconds
[2024-06-14T12:22:44.546+0000] {processor.py:161} INFO - Started process (PID=504) to work on /home/airflow/.local/lib/python3.12/site-packages/airflow/example_dags/example_sensors.py
[2024-06-14T12:22:44.546+0000] {processor.py:830} INFO - Processing file /home/airflow/.local/lib/python3.12/site-packages/airflow/example_dags/example_sensors.py for tasks to queue
[2024-06-14T12:22:44.548+0000] {logging_mixin.py:188} INFO - [2024-06-14T12:22:44.547+0000] {dagbag.py:545} INFO - Filling up the DagBag from /home/airflow/.local/lib/python3.12/site-packages/airflow/example_dags/example_sensors.py
[2024-06-14T12:22:44.555+0000] {processor.py:840} INFO - DAG(s) 'example_sensors' retrieved from /home/airflow/.local/lib/python3.12/site-packages/airflow/example_dags/example_sensors.py
[2024-06-14T12:22:44.573+0000] {logging_mixin.py:188} INFO - [2024-06-14T12:22:44.572+0000] {dag.py:3096} INFO - Sync 1 DAGs
[2024-06-14T12:22:44.583+0000] {logging_mixin.py:188} INFO - [2024-06-14T12:22:44.583+0000] {dag.py:3954} INFO - Setting next_dagrun for example_sensors to None, run_after=None
[2024-06-14T12:22:44.598+0000] {processor.py:183} INFO - Processing /home/airflow/.local/lib/python3.12/site-packages/airflow/example_dags/example_sensors.py took 0.056 seconds
[2024-06-14T12:23:14.920+0000] {processor.py:161} INFO - Started process (PID=562) to work on /home/airflow/.local/lib/python3.12/site-packages/airflow/example_dags/example_sensors.py
[2024-06-14T12:23:14.921+0000] {processor.py:830} INFO - Processing file /home/airflow/.local/lib/python3.12/site-packages/airflow/example_dags/example_sensors.py for tasks to queue
[2024-06-14T12:23:14.922+0000] {logging_mixin.py:188} INFO - [2024-06-14T12:23:14.922+0000] {dagbag.py:545} INFO - Filling up the DagBag from /home/airflow/.local/lib/python3.12/site-packages/airflow/example_dags/example_sensors.py
[2024-06-14T12:23:14.928+0000] {processor.py:840} INFO - DAG(s) 'example_sensors' retrieved from /home/airflow/.local/lib/python3.12/site-packages/airflow/example_dags/example_sensors.py
[2024-06-14T12:23:14.948+0000] {logging_mixin.py:188} INFO - [2024-06-14T12:23:14.947+0000] {dag.py:3096} INFO - Sync 1 DAGs
[2024-06-14T12:23:14.960+0000] {logging_mixin.py:188} INFO - [2024-06-14T12:23:14.960+0000] {dag.py:3954} INFO - Setting next_dagrun for example_sensors to None, run_after=None
[2024-06-14T12:23:14.977+0000] {processor.py:183} INFO - Processing /home/airflow/.local/lib/python3.12/site-packages/airflow/example_dags/example_sensors.py took 0.060 seconds
[2024-06-14T12:23:45.365+0000] {processor.py:161} INFO - Started process (PID=620) to work on /home/airflow/.local/lib/python3.12/site-packages/airflow/example_dags/example_sensors.py
[2024-06-14T12:23:45.366+0000] {processor.py:830} INFO - Processing file /home/airflow/.local/lib/python3.12/site-packages/airflow/example_dags/example_sensors.py for tasks to queue
[2024-06-14T12:23:45.368+0000] {logging_mixin.py:188} INFO - [2024-06-14T12:23:45.367+0000] {dagbag.py:545} INFO - Filling up the DagBag from /home/airflow/.local/lib/python3.12/site-packages/airflow/example_dags/example_sensors.py
[2024-06-14T12:23:45.375+0000] {processor.py:840} INFO - DAG(s) 'example_sensors' retrieved from /home/airflow/.local/lib/python3.12/site-packages/airflow/example_dags/example_sensors.py
[2024-06-14T12:23:45.396+0000] {logging_mixin.py:188} INFO - [2024-06-14T12:23:45.396+0000] {dag.py:3096} INFO - Sync 1 DAGs
[2024-06-14T12:23:45.408+0000] {logging_mixin.py:188} INFO - [2024-06-14T12:23:45.408+0000] {dag.py:3954} INFO - Setting next_dagrun for example_sensors to None, run_after=None
[2024-06-14T12:23:45.426+0000] {processor.py:183} INFO - Processing /home/airflow/.local/lib/python3.12/site-packages/airflow/example_dags/example_sensors.py took 0.066 seconds
[2024-06-14T12:24:15.616+0000] {processor.py:161} INFO - Started process (PID=679) to work on /home/airflow/.local/lib/python3.12/site-packages/airflow/example_dags/example_sensors.py
[2024-06-14T12:24:15.616+0000] {processor.py:830} INFO - Processing file /home/airflow/.local/lib/python3.12/site-packages/airflow/example_dags/example_sensors.py for tasks to queue
[2024-06-14T12:24:15.618+0000] {logging_mixin.py:188} INFO - [2024-06-14T12:24:15.618+0000] {dagbag.py:545} INFO - Filling up the DagBag from /home/airflow/.local/lib/python3.12/site-packages/airflow/example_dags/example_sensors.py
[2024-06-14T12:24:15.626+0000] {processor.py:840} INFO - DAG(s) 'example_sensors' retrieved from /home/airflow/.local/lib/python3.12/site-packages/airflow/example_dags/example_sensors.py
[2024-06-14T12:24:15.646+0000] {logging_mixin.py:188} INFO - [2024-06-14T12:24:15.646+0000] {dag.py:3096} INFO - Sync 1 DAGs
[2024-06-14T12:24:15.656+0000] {logging_mixin.py:188} INFO - [2024-06-14T12:24:15.656+0000] {dag.py:3954} INFO - Setting next_dagrun for example_sensors to None, run_after=None
[2024-06-14T12:24:15.676+0000] {processor.py:183} INFO - Processing /home/airflow/.local/lib/python3.12/site-packages/airflow/example_dags/example_sensors.py took 0.065 seconds
[2024-06-14T12:24:45.996+0000] {processor.py:161} INFO - Started process (PID=737) to work on /home/airflow/.local/lib/python3.12/site-packages/airflow/example_dags/example_sensors.py
[2024-06-14T12:24:45.997+0000] {processor.py:830} INFO - Processing file /home/airflow/.local/lib/python3.12/site-packages/airflow/example_dags/example_sensors.py for tasks to queue
[2024-06-14T12:24:45.998+0000] {logging_mixin.py:188} INFO - [2024-06-14T12:24:45.998+0000] {dagbag.py:545} INFO - Filling up the DagBag from /home/airflow/.local/lib/python3.12/site-packages/airflow/example_dags/example_sensors.py
[2024-06-14T12:24:46.004+0000] {processor.py:840} INFO - DAG(s) 'example_sensors' retrieved from /home/airflow/.local/lib/python3.12/site-packages/airflow/example_dags/example_sensors.py
[2024-06-14T12:24:46.022+0000] {logging_mixin.py:188} INFO - [2024-06-14T12:24:46.022+0000] {dag.py:3096} INFO - Sync 1 DAGs
[2024-06-14T12:24:46.034+0000] {logging_mixin.py:188} INFO - [2024-06-14T12:24:46.034+0000] {dag.py:3954} INFO - Setting next_dagrun for example_sensors to None, run_after=None
[2024-06-14T12:24:46.048+0000] {processor.py:183} INFO - Processing /home/airflow/.local/lib/python3.12/site-packages/airflow/example_dags/example_sensors.py took 0.056 seconds
[2024-06-14T12:25:16.151+0000] {processor.py:161} INFO - Started process (PID=795) to work on /home/airflow/.local/lib/python3.12/site-packages/airflow/example_dags/example_sensors.py
[2024-06-14T12:25:16.152+0000] {processor.py:830} INFO - Processing file /home/airflow/.local/lib/python3.12/site-packages/airflow/example_dags/example_sensors.py for tasks to queue
[2024-06-14T12:25:16.154+0000] {logging_mixin.py:188} INFO - [2024-06-14T12:25:16.154+0000] {dagbag.py:545} INFO - Filling up the DagBag from /home/airflow/.local/lib/python3.12/site-packages/airflow/example_dags/example_sensors.py
[2024-06-14T12:25:16.165+0000] {processor.py:840} INFO - DAG(s) 'example_sensors' retrieved from /home/airflow/.local/lib/python3.12/site-packages/airflow/example_dags/example_sensors.py
[2024-06-14T12:25:16.188+0000] {logging_mixin.py:188} INFO - [2024-06-14T12:25:16.188+0000] {dag.py:3096} INFO - Sync 1 DAGs
[2024-06-14T12:25:16.199+0000] {logging_mixin.py:188} INFO - [2024-06-14T12:25:16.199+0000] {dag.py:3954} INFO - Setting next_dagrun for example_sensors to None, run_after=None
[2024-06-14T12:25:16.218+0000] {processor.py:183} INFO - Processing /home/airflow/.local/lib/python3.12/site-packages/airflow/example_dags/example_sensors.py took 0.072 seconds
[2024-06-14T12:25:46.688+0000] {processor.py:161} INFO - Started process (PID=853) to work on /home/airflow/.local/lib/python3.12/site-packages/airflow/example_dags/example_sensors.py
[2024-06-14T12:25:46.689+0000] {processor.py:830} INFO - Processing file /home/airflow/.local/lib/python3.12/site-packages/airflow/example_dags/example_sensors.py for tasks to queue
[2024-06-14T12:25:46.690+0000] {logging_mixin.py:188} INFO - [2024-06-14T12:25:46.690+0000] {dagbag.py:545} INFO - Filling up the DagBag from /home/airflow/.local/lib/python3.12/site-packages/airflow/example_dags/example_sensors.py
[2024-06-14T12:25:46.696+0000] {processor.py:840} INFO - DAG(s) 'example_sensors' retrieved from /home/airflow/.local/lib/python3.12/site-packages/airflow/example_dags/example_sensors.py
[2024-06-14T12:25:46.715+0000] {logging_mixin.py:188} INFO - [2024-06-14T12:25:46.715+0000] {dag.py:3096} INFO - Sync 1 DAGs
[2024-06-14T12:25:46.727+0000] {logging_mixin.py:188} INFO - [2024-06-14T12:25:46.726+0000] {dag.py:3954} INFO - Setting next_dagrun for example_sensors to None, run_after=None
[2024-06-14T12:25:46.744+0000] {processor.py:183} INFO - Processing /home/airflow/.local/lib/python3.12/site-packages/airflow/example_dags/example_sensors.py took 0.061 seconds
[2024-06-14T12:26:17.004+0000] {processor.py:161} INFO - Started process (PID=911) to work on /home/airflow/.local/lib/python3.12/site-packages/airflow/example_dags/example_sensors.py
[2024-06-14T12:26:17.005+0000] {processor.py:830} INFO - Processing file /home/airflow/.local/lib/python3.12/site-packages/airflow/example_dags/example_sensors.py for tasks to queue
[2024-06-14T12:26:17.006+0000] {logging_mixin.py:188} INFO - [2024-06-14T12:26:17.006+0000] {dagbag.py:545} INFO - Filling up the DagBag from /home/airflow/.local/lib/python3.12/site-packages/airflow/example_dags/example_sensors.py
[2024-06-14T12:26:17.013+0000] {processor.py:840} INFO - DAG(s) 'example_sensors' retrieved from /home/airflow/.local/lib/python3.12/site-packages/airflow/example_dags/example_sensors.py
[2024-06-14T12:26:17.031+0000] {logging_mixin.py:188} INFO - [2024-06-14T12:26:17.031+0000] {dag.py:3096} INFO - Sync 1 DAGs
[2024-06-14T12:26:17.040+0000] {logging_mixin.py:188} INFO - [2024-06-14T12:26:17.040+0000] {dag.py:3954} INFO - Setting next_dagrun for example_sensors to None, run_after=None
[2024-06-14T12:26:17.056+0000] {processor.py:183} INFO - Processing /home/airflow/.local/lib/python3.12/site-packages/airflow/example_dags/example_sensors.py took 0.055 seconds
[2024-06-14T12:26:47.281+0000] {processor.py:161} INFO - Started process (PID=968) to work on /home/airflow/.local/lib/python3.12/site-packages/airflow/example_dags/example_sensors.py
[2024-06-14T12:26:47.282+0000] {processor.py:830} INFO - Processing file /home/airflow/.local/lib/python3.12/site-packages/airflow/example_dags/example_sensors.py for tasks to queue
[2024-06-14T12:26:47.283+0000] {logging_mixin.py:188} INFO - [2024-06-14T12:26:47.283+0000] {dagbag.py:545} INFO - Filling up the DagBag from /home/airflow/.local/lib/python3.12/site-packages/airflow/example_dags/example_sensors.py
[2024-06-14T12:26:47.289+0000] {processor.py:840} INFO - DAG(s) 'example_sensors' retrieved from /home/airflow/.local/lib/python3.12/site-packages/airflow/example_dags/example_sensors.py
[2024-06-14T12:26:47.308+0000] {logging_mixin.py:188} INFO - [2024-06-14T12:26:47.308+0000] {dag.py:3096} INFO - Sync 1 DAGs
[2024-06-14T12:26:47.318+0000] {logging_mixin.py:188} INFO - [2024-06-14T12:26:47.318+0000] {dag.py:3954} INFO - Setting next_dagrun for example_sensors to None, run_after=None
[2024-06-14T12:26:47.333+0000] {processor.py:183} INFO - Processing /home/airflow/.local/lib/python3.12/site-packages/airflow/example_dags/example_sensors.py took 0.056 seconds
[2024-06-14T12:27:17.590+0000] {processor.py:161} INFO - Started process (PID=1027) to work on /home/airflow/.local/lib/python3.12/site-packages/airflow/example_dags/example_sensors.py
[2024-06-14T12:27:17.591+0000] {processor.py:830} INFO - Processing file /home/airflow/.local/lib/python3.12/site-packages/airflow/example_dags/example_sensors.py for tasks to queue
[2024-06-14T12:27:17.592+0000] {logging_mixin.py:188} INFO - [2024-06-14T12:27:17.592+0000] {dagbag.py:545} INFO - Filling up the DagBag from /home/airflow/.local/lib/python3.12/site-packages/airflow/example_dags/example_sensors.py
[2024-06-14T12:27:17.599+0000] {processor.py:840} INFO - DAG(s) 'example_sensors' retrieved from /home/airflow/.local/lib/python3.12/site-packages/airflow/example_dags/example_sensors.py
[2024-06-14T12:27:17.619+0000] {logging_mixin.py:188} INFO - [2024-06-14T12:27:17.619+0000] {dag.py:3096} INFO - Sync 1 DAGs
[2024-06-14T12:27:17.630+0000] {logging_mixin.py:188} INFO - [2024-06-14T12:27:17.629+0000] {dag.py:3954} INFO - Setting next_dagrun for example_sensors to None, run_after=None
[2024-06-14T12:27:17.646+0000] {processor.py:183} INFO - Processing /home/airflow/.local/lib/python3.12/site-packages/airflow/example_dags/example_sensors.py took 0.061 seconds
[2024-06-14T12:27:47.784+0000] {processor.py:161} INFO - Started process (PID=1085) to work on /home/airflow/.local/lib/python3.12/site-packages/airflow/example_dags/example_sensors.py
[2024-06-14T12:27:47.784+0000] {processor.py:830} INFO - Processing file /home/airflow/.local/lib/python3.12/site-packages/airflow/example_dags/example_sensors.py for tasks to queue
[2024-06-14T12:27:47.786+0000] {logging_mixin.py:188} INFO - [2024-06-14T12:27:47.786+0000] {dagbag.py:545} INFO - Filling up the DagBag from /home/airflow/.local/lib/python3.12/site-packages/airflow/example_dags/example_sensors.py
[2024-06-14T12:27:47.792+0000] {processor.py:840} INFO - DAG(s) 'example_sensors' retrieved from /home/airflow/.local/lib/python3.12/site-packages/airflow/example_dags/example_sensors.py
[2024-06-14T12:27:47.813+0000] {logging_mixin.py:188} INFO - [2024-06-14T12:27:47.813+0000] {dag.py:3096} INFO - Sync 1 DAGs
[2024-06-14T12:27:47.823+0000] {logging_mixin.py:188} INFO - [2024-06-14T12:27:47.823+0000] {dag.py:3954} INFO - Setting next_dagrun for example_sensors to None, run_after=None
[2024-06-14T12:27:47.841+0000] {processor.py:183} INFO - Processing /home/airflow/.local/lib/python3.12/site-packages/airflow/example_dags/example_sensors.py took 0.061 seconds
[2024-06-14T12:28:18.008+0000] {processor.py:161} INFO - Started process (PID=1143) to work on /home/airflow/.local/lib/python3.12/site-packages/airflow/example_dags/example_sensors.py
[2024-06-14T12:28:18.008+0000] {processor.py:830} INFO - Processing file /home/airflow/.local/lib/python3.12/site-packages/airflow/example_dags/example_sensors.py for tasks to queue
[2024-06-14T12:28:18.010+0000] {logging_mixin.py:188} INFO - [2024-06-14T12:28:18.010+0000] {dagbag.py:545} INFO - Filling up the DagBag from /home/airflow/.local/lib/python3.12/site-packages/airflow/example_dags/example_sensors.py
[2024-06-14T12:28:18.016+0000] {processor.py:840} INFO - DAG(s) 'example_sensors' retrieved from /home/airflow/.local/lib/python3.12/site-packages/airflow/example_dags/example_sensors.py
[2024-06-14T12:28:18.038+0000] {logging_mixin.py:188} INFO - [2024-06-14T12:28:18.037+0000] {dag.py:3096} INFO - Sync 1 DAGs
[2024-06-14T12:28:18.047+0000] {logging_mixin.py:188} INFO - [2024-06-14T12:28:18.047+0000] {dag.py:3954} INFO - Setting next_dagrun for example_sensors to None, run_after=None
[2024-06-14T12:28:18.061+0000] {processor.py:183} INFO - Processing /home/airflow/.local/lib/python3.12/site-packages/airflow/example_dags/example_sensors.py took 0.058 seconds
[2024-06-14T12:28:48.324+0000] {processor.py:161} INFO - Started process (PID=1201) to work on /home/airflow/.local/lib/python3.12/site-packages/airflow/example_dags/example_sensors.py
[2024-06-14T12:28:48.324+0000] {processor.py:830} INFO - Processing file /home/airflow/.local/lib/python3.12/site-packages/airflow/example_dags/example_sensors.py for tasks to queue
[2024-06-14T12:28:48.326+0000] {logging_mixin.py:188} INFO - [2024-06-14T12:28:48.325+0000] {dagbag.py:545} INFO - Filling up the DagBag from /home/airflow/.local/lib/python3.12/site-packages/airflow/example_dags/example_sensors.py
[2024-06-14T12:28:48.331+0000] {processor.py:840} INFO - DAG(s) 'example_sensors' retrieved from /home/airflow/.local/lib/python3.12/site-packages/airflow/example_dags/example_sensors.py
[2024-06-14T12:28:48.352+0000] {logging_mixin.py:188} INFO - [2024-06-14T12:28:48.352+0000] {dag.py:3096} INFO - Sync 1 DAGs
[2024-06-14T12:28:48.360+0000] {logging_mixin.py:188} INFO - [2024-06-14T12:28:48.360+0000] {dag.py:3954} INFO - Setting next_dagrun for example_sensors to None, run_after=None
[2024-06-14T12:28:48.374+0000] {processor.py:183} INFO - Processing /home/airflow/.local/lib/python3.12/site-packages/airflow/example_dags/example_sensors.py took 0.055 seconds
[2024-06-14T12:29:18.553+0000] {processor.py:161} INFO - Started process (PID=1259) to work on /home/airflow/.local/lib/python3.12/site-packages/airflow/example_dags/example_sensors.py
[2024-06-14T12:29:18.553+0000] {processor.py:830} INFO - Processing file /home/airflow/.local/lib/python3.12/site-packages/airflow/example_dags/example_sensors.py for tasks to queue
[2024-06-14T12:29:18.554+0000] {logging_mixin.py:188} INFO - [2024-06-14T12:29:18.554+0000] {dagbag.py:545} INFO - Filling up the DagBag from /home/airflow/.local/lib/python3.12/site-packages/airflow/example_dags/example_sensors.py
[2024-06-14T12:29:18.560+0000] {processor.py:840} INFO - DAG(s) 'example_sensors' retrieved from /home/airflow/.local/lib/python3.12/site-packages/airflow/example_dags/example_sensors.py
[2024-06-14T12:29:18.578+0000] {logging_mixin.py:188} INFO - [2024-06-14T12:29:18.578+0000] {dag.py:3096} INFO - Sync 1 DAGs
[2024-06-14T12:29:18.590+0000] {logging_mixin.py:188} INFO - [2024-06-14T12:29:18.589+0000] {dag.py:3954} INFO - Setting next_dagrun for example_sensors to None, run_after=None
[2024-06-14T12:29:18.605+0000] {processor.py:183} INFO - Processing /home/airflow/.local/lib/python3.12/site-packages/airflow/example_dags/example_sensors.py took 0.057 seconds
[2024-06-14T12:29:48.954+0000] {processor.py:161} INFO - Started process (PID=1317) to work on /home/airflow/.local/lib/python3.12/site-packages/airflow/example_dags/example_sensors.py
[2024-06-14T12:29:48.955+0000] {processor.py:830} INFO - Processing file /home/airflow/.local/lib/python3.12/site-packages/airflow/example_dags/example_sensors.py for tasks to queue
[2024-06-14T12:29:48.956+0000] {logging_mixin.py:188} INFO - [2024-06-14T12:29:48.956+0000] {dagbag.py:545} INFO - Filling up the DagBag from /home/airflow/.local/lib/python3.12/site-packages/airflow/example_dags/example_sensors.py
[2024-06-14T12:29:48.964+0000] {processor.py:840} INFO - DAG(s) 'example_sensors' retrieved from /home/airflow/.local/lib/python3.12/site-packages/airflow/example_dags/example_sensors.py
[2024-06-14T12:29:48.984+0000] {logging_mixin.py:188} INFO - [2024-06-14T12:29:48.984+0000] {dag.py:3096} INFO - Sync 1 DAGs
[2024-06-14T12:29:48.995+0000] {logging_mixin.py:188} INFO - [2024-06-14T12:29:48.995+0000] {dag.py:3954} INFO - Setting next_dagrun for example_sensors to None, run_after=None
[2024-06-14T12:29:49.018+0000] {processor.py:183} INFO - Processing /home/airflow/.local/lib/python3.12/site-packages/airflow/example_dags/example_sensors.py took 0.068 seconds
[2024-06-14T12:30:19.318+0000] {processor.py:161} INFO - Started process (PID=1375) to work on /home/airflow/.local/lib/python3.12/site-packages/airflow/example_dags/example_sensors.py
[2024-06-14T12:30:19.319+0000] {processor.py:830} INFO - Processing file /home/airflow/.local/lib/python3.12/site-packages/airflow/example_dags/example_sensors.py for tasks to queue
[2024-06-14T12:30:19.320+0000] {logging_mixin.py:188} INFO - [2024-06-14T12:30:19.320+0000] {dagbag.py:545} INFO - Filling up the DagBag from /home/airflow/.local/lib/python3.12/site-packages/airflow/example_dags/example_sensors.py
[2024-06-14T12:30:19.327+0000] {processor.py:840} INFO - DAG(s) 'example_sensors' retrieved from /home/airflow/.local/lib/python3.12/site-packages/airflow/example_dags/example_sensors.py
[2024-06-14T12:30:19.345+0000] {logging_mixin.py:188} INFO - [2024-06-14T12:30:19.345+0000] {dag.py:3096} INFO - Sync 1 DAGs
[2024-06-14T12:30:19.356+0000] {logging_mixin.py:188} INFO - [2024-06-14T12:30:19.356+0000] {dag.py:3954} INFO - Setting next_dagrun for example_sensors to None, run_after=None
[2024-06-14T12:30:19.369+0000] {processor.py:183} INFO - Processing /home/airflow/.local/lib/python3.12/site-packages/airflow/example_dags/example_sensors.py took 0.055 seconds
[2024-06-14T12:30:49.642+0000] {processor.py:161} INFO - Started process (PID=1433) to work on /home/airflow/.local/lib/python3.12/site-packages/airflow/example_dags/example_sensors.py
[2024-06-14T12:30:49.643+0000] {processor.py:830} INFO - Processing file /home/airflow/.local/lib/python3.12/site-packages/airflow/example_dags/example_sensors.py for tasks to queue
[2024-06-14T12:30:49.646+0000] {logging_mixin.py:188} INFO - [2024-06-14T12:30:49.645+0000] {dagbag.py:545} INFO - Filling up the DagBag from /home/airflow/.local/lib/python3.12/site-packages/airflow/example_dags/example_sensors.py
[2024-06-14T12:30:49.652+0000] {processor.py:840} INFO - DAG(s) 'example_sensors' retrieved from /home/airflow/.local/lib/python3.12/site-packages/airflow/example_dags/example_sensors.py
[2024-06-14T12:30:49.671+0000] {logging_mixin.py:188} INFO - [2024-06-14T12:30:49.670+0000] {dag.py:3096} INFO - Sync 1 DAGs
[2024-06-14T12:30:49.680+0000] {logging_mixin.py:188} INFO - [2024-06-14T12:30:49.680+0000] {dag.py:3954} INFO - Setting next_dagrun for example_sensors to None, run_after=None
[2024-06-14T12:30:49.695+0000] {processor.py:183} INFO - Processing /home/airflow/.local/lib/python3.12/site-packages/airflow/example_dags/example_sensors.py took 0.057 seconds
