[2024-06-14T12:06:31.020+0000] {processor.py:161} INFO - Started process (PID=54) to work on /home/airflow/.local/lib/python3.12/site-packages/airflow/example_dags/example_display_name.py
[2024-06-14T12:06:31.022+0000] {processor.py:830} INFO - Processing file /home/airflow/.local/lib/python3.12/site-packages/airflow/example_dags/example_display_name.py for tasks to queue
[2024-06-14T12:06:31.023+0000] {logging_mixin.py:188} INFO - [2024-06-14T12:06:31.023+0000] {dagbag.py:545} INFO - Filling up the DagBag from /home/airflow/.local/lib/python3.12/site-packages/airflow/example_dags/example_display_name.py
[2024-06-14T12:06:31.029+0000] {processor.py:840} INFO - DAG(s) 'example_display_name' retrieved from /home/airflow/.local/lib/python3.12/site-packages/airflow/example_dags/example_display_name.py
[2024-06-14T12:06:31.041+0000] {logging_mixin.py:188} INFO - [2024-06-14T12:06:31.041+0000] {dag.py:3096} INFO - Sync 1 DAGs
[2024-06-14T12:06:31.058+0000] {logging_mixin.py:188} INFO - [2024-06-14T12:06:31.058+0000] {dag.py:3954} INFO - Setting next_dagrun for example_display_name to None, run_after=None
[2024-06-14T12:06:31.077+0000] {processor.py:183} INFO - Processing /home/airflow/.local/lib/python3.12/site-packages/airflow/example_dags/example_display_name.py took 0.062 seconds
[2024-06-14T12:07:02.285+0000] {processor.py:161} INFO - Started process (PID=112) to work on /home/airflow/.local/lib/python3.12/site-packages/airflow/example_dags/example_display_name.py
[2024-06-14T12:07:02.286+0000] {processor.py:830} INFO - Processing file /home/airflow/.local/lib/python3.12/site-packages/airflow/example_dags/example_display_name.py for tasks to queue
[2024-06-14T12:07:02.288+0000] {logging_mixin.py:188} INFO - [2024-06-14T12:07:02.288+0000] {dagbag.py:545} INFO - Filling up the DagBag from /home/airflow/.local/lib/python3.12/site-packages/airflow/example_dags/example_display_name.py
[2024-06-14T12:07:02.292+0000] {processor.py:840} INFO - DAG(s) 'example_display_name' retrieved from /home/airflow/.local/lib/python3.12/site-packages/airflow/example_dags/example_display_name.py
[2024-06-14T12:07:02.372+0000] {logging_mixin.py:188} INFO - [2024-06-14T12:07:02.371+0000] {dag.py:3096} INFO - Sync 1 DAGs
[2024-06-14T12:07:02.381+0000] {logging_mixin.py:188} INFO - [2024-06-14T12:07:02.381+0000] {dag.py:3954} INFO - Setting next_dagrun for example_display_name to None, run_after=None
[2024-06-14T12:07:02.399+0000] {processor.py:183} INFO - Processing /home/airflow/.local/lib/python3.12/site-packages/airflow/example_dags/example_display_name.py took 0.118 seconds
[2024-06-14T12:07:32.673+0000] {processor.py:161} INFO - Started process (PID=170) to work on /home/airflow/.local/lib/python3.12/site-packages/airflow/example_dags/example_display_name.py
[2024-06-14T12:07:32.673+0000] {processor.py:830} INFO - Processing file /home/airflow/.local/lib/python3.12/site-packages/airflow/example_dags/example_display_name.py for tasks to queue
[2024-06-14T12:07:32.677+0000] {logging_mixin.py:188} INFO - [2024-06-14T12:07:32.676+0000] {dagbag.py:545} INFO - Filling up the DagBag from /home/airflow/.local/lib/python3.12/site-packages/airflow/example_dags/example_display_name.py
[2024-06-14T12:07:32.683+0000] {processor.py:840} INFO - DAG(s) 'example_display_name' retrieved from /home/airflow/.local/lib/python3.12/site-packages/airflow/example_dags/example_display_name.py
[2024-06-14T12:07:32.696+0000] {logging_mixin.py:188} INFO - [2024-06-14T12:07:32.696+0000] {dag.py:3096} INFO - Sync 1 DAGs
[2024-06-14T12:07:32.705+0000] {logging_mixin.py:188} INFO - [2024-06-14T12:07:32.705+0000] {dag.py:3954} INFO - Setting next_dagrun for example_display_name to None, run_after=None
[2024-06-14T12:07:32.718+0000] {processor.py:183} INFO - Processing /home/airflow/.local/lib/python3.12/site-packages/airflow/example_dags/example_display_name.py took 0.051 seconds
[2024-06-14T12:08:02.902+0000] {processor.py:161} INFO - Started process (PID=228) to work on /home/airflow/.local/lib/python3.12/site-packages/airflow/example_dags/example_display_name.py
[2024-06-14T12:08:02.903+0000] {processor.py:830} INFO - Processing file /home/airflow/.local/lib/python3.12/site-packages/airflow/example_dags/example_display_name.py for tasks to queue
[2024-06-14T12:08:02.904+0000] {logging_mixin.py:188} INFO - [2024-06-14T12:08:02.904+0000] {dagbag.py:545} INFO - Filling up the DagBag from /home/airflow/.local/lib/python3.12/site-packages/airflow/example_dags/example_display_name.py
[2024-06-14T12:08:02.908+0000] {processor.py:840} INFO - DAG(s) 'example_display_name' retrieved from /home/airflow/.local/lib/python3.12/site-packages/airflow/example_dags/example_display_name.py
[2024-06-14T12:08:02.923+0000] {logging_mixin.py:188} INFO - [2024-06-14T12:08:02.922+0000] {dag.py:3096} INFO - Sync 1 DAGs
[2024-06-14T12:08:02.932+0000] {logging_mixin.py:188} INFO - [2024-06-14T12:08:02.931+0000] {dag.py:3954} INFO - Setting next_dagrun for example_display_name to None, run_after=None
[2024-06-14T12:08:02.946+0000] {processor.py:183} INFO - Processing /home/airflow/.local/lib/python3.12/site-packages/airflow/example_dags/example_display_name.py took 0.048 seconds
[2024-06-14T12:08:33.113+0000] {processor.py:161} INFO - Started process (PID=286) to work on /home/airflow/.local/lib/python3.12/site-packages/airflow/example_dags/example_display_name.py
[2024-06-14T12:08:33.114+0000] {processor.py:830} INFO - Processing file /home/airflow/.local/lib/python3.12/site-packages/airflow/example_dags/example_display_name.py for tasks to queue
[2024-06-14T12:08:33.115+0000] {logging_mixin.py:188} INFO - [2024-06-14T12:08:33.115+0000] {dagbag.py:545} INFO - Filling up the DagBag from /home/airflow/.local/lib/python3.12/site-packages/airflow/example_dags/example_display_name.py
[2024-06-14T12:08:33.119+0000] {processor.py:840} INFO - DAG(s) 'example_display_name' retrieved from /home/airflow/.local/lib/python3.12/site-packages/airflow/example_dags/example_display_name.py
[2024-06-14T12:08:33.134+0000] {logging_mixin.py:188} INFO - [2024-06-14T12:08:33.134+0000] {dag.py:3096} INFO - Sync 1 DAGs
[2024-06-14T12:08:33.145+0000] {logging_mixin.py:188} INFO - [2024-06-14T12:08:33.145+0000] {dag.py:3954} INFO - Setting next_dagrun for example_display_name to None, run_after=None
[2024-06-14T12:08:33.162+0000] {processor.py:183} INFO - Processing /home/airflow/.local/lib/python3.12/site-packages/airflow/example_dags/example_display_name.py took 0.053 seconds
[2024-06-14T12:09:03.323+0000] {processor.py:161} INFO - Started process (PID=344) to work on /home/airflow/.local/lib/python3.12/site-packages/airflow/example_dags/example_display_name.py
[2024-06-14T12:09:03.324+0000] {processor.py:830} INFO - Processing file /home/airflow/.local/lib/python3.12/site-packages/airflow/example_dags/example_display_name.py for tasks to queue
[2024-06-14T12:09:03.325+0000] {logging_mixin.py:188} INFO - [2024-06-14T12:09:03.325+0000] {dagbag.py:545} INFO - Filling up the DagBag from /home/airflow/.local/lib/python3.12/site-packages/airflow/example_dags/example_display_name.py
[2024-06-14T12:09:03.330+0000] {processor.py:840} INFO - DAG(s) 'example_display_name' retrieved from /home/airflow/.local/lib/python3.12/site-packages/airflow/example_dags/example_display_name.py
[2024-06-14T12:09:03.345+0000] {logging_mixin.py:188} INFO - [2024-06-14T12:09:03.345+0000] {dag.py:3096} INFO - Sync 1 DAGs
[2024-06-14T12:09:03.356+0000] {logging_mixin.py:188} INFO - [2024-06-14T12:09:03.355+0000] {dag.py:3954} INFO - Setting next_dagrun for example_display_name to None, run_after=None
[2024-06-14T12:09:03.371+0000] {processor.py:183} INFO - Processing /home/airflow/.local/lib/python3.12/site-packages/airflow/example_dags/example_display_name.py took 0.053 seconds
[2024-06-14T12:09:33.773+0000] {processor.py:161} INFO - Started process (PID=409) to work on /home/airflow/.local/lib/python3.12/site-packages/airflow/example_dags/example_display_name.py
[2024-06-14T12:09:33.774+0000] {processor.py:830} INFO - Processing file /home/airflow/.local/lib/python3.12/site-packages/airflow/example_dags/example_display_name.py for tasks to queue
[2024-06-14T12:09:33.776+0000] {logging_mixin.py:188} INFO - [2024-06-14T12:09:33.775+0000] {dagbag.py:545} INFO - Filling up the DagBag from /home/airflow/.local/lib/python3.12/site-packages/airflow/example_dags/example_display_name.py
[2024-06-14T12:09:33.780+0000] {processor.py:840} INFO - DAG(s) 'example_display_name' retrieved from /home/airflow/.local/lib/python3.12/site-packages/airflow/example_dags/example_display_name.py
[2024-06-14T12:09:33.795+0000] {logging_mixin.py:188} INFO - [2024-06-14T12:09:33.795+0000] {dag.py:3096} INFO - Sync 1 DAGs
[2024-06-14T12:09:33.809+0000] {logging_mixin.py:188} INFO - [2024-06-14T12:09:33.809+0000] {dag.py:3954} INFO - Setting next_dagrun for example_display_name to None, run_after=None
[2024-06-14T12:09:33.829+0000] {processor.py:183} INFO - Processing /home/airflow/.local/lib/python3.12/site-packages/airflow/example_dags/example_display_name.py took 0.061 seconds
[2024-06-14T12:10:04.804+0000] {processor.py:161} INFO - Started process (PID=467) to work on /home/airflow/.local/lib/python3.12/site-packages/airflow/example_dags/example_display_name.py
[2024-06-14T12:10:04.804+0000] {processor.py:830} INFO - Processing file /home/airflow/.local/lib/python3.12/site-packages/airflow/example_dags/example_display_name.py for tasks to queue
[2024-06-14T12:10:04.806+0000] {logging_mixin.py:188} INFO - [2024-06-14T12:10:04.806+0000] {dagbag.py:545} INFO - Filling up the DagBag from /home/airflow/.local/lib/python3.12/site-packages/airflow/example_dags/example_display_name.py
[2024-06-14T12:10:04.810+0000] {processor.py:840} INFO - DAG(s) 'example_display_name' retrieved from /home/airflow/.local/lib/python3.12/site-packages/airflow/example_dags/example_display_name.py
[2024-06-14T12:10:04.825+0000] {logging_mixin.py:188} INFO - [2024-06-14T12:10:04.825+0000] {dag.py:3096} INFO - Sync 1 DAGs
[2024-06-14T12:10:04.835+0000] {logging_mixin.py:188} INFO - [2024-06-14T12:10:04.835+0000] {dag.py:3954} INFO - Setting next_dagrun for example_display_name to None, run_after=None
[2024-06-14T12:10:04.851+0000] {processor.py:183} INFO - Processing /home/airflow/.local/lib/python3.12/site-packages/airflow/example_dags/example_display_name.py took 0.052 seconds
[2024-06-14T12:10:35.022+0000] {processor.py:161} INFO - Started process (PID=524) to work on /home/airflow/.local/lib/python3.12/site-packages/airflow/example_dags/example_display_name.py
[2024-06-14T12:10:35.023+0000] {processor.py:830} INFO - Processing file /home/airflow/.local/lib/python3.12/site-packages/airflow/example_dags/example_display_name.py for tasks to queue
[2024-06-14T12:10:35.024+0000] {logging_mixin.py:188} INFO - [2024-06-14T12:10:35.024+0000] {dagbag.py:545} INFO - Filling up the DagBag from /home/airflow/.local/lib/python3.12/site-packages/airflow/example_dags/example_display_name.py
[2024-06-14T12:10:35.028+0000] {processor.py:840} INFO - DAG(s) 'example_display_name' retrieved from /home/airflow/.local/lib/python3.12/site-packages/airflow/example_dags/example_display_name.py
[2024-06-14T12:10:35.041+0000] {logging_mixin.py:188} INFO - [2024-06-14T12:10:35.041+0000] {dag.py:3096} INFO - Sync 1 DAGs
[2024-06-14T12:10:35.051+0000] {logging_mixin.py:188} INFO - [2024-06-14T12:10:35.050+0000] {dag.py:3954} INFO - Setting next_dagrun for example_display_name to None, run_after=None
[2024-06-14T12:10:35.065+0000] {processor.py:183} INFO - Processing /home/airflow/.local/lib/python3.12/site-packages/airflow/example_dags/example_display_name.py took 0.048 seconds
[2024-06-14T12:11:05.251+0000] {processor.py:161} INFO - Started process (PID=589) to work on /home/airflow/.local/lib/python3.12/site-packages/airflow/example_dags/example_display_name.py
[2024-06-14T12:11:05.251+0000] {processor.py:830} INFO - Processing file /home/airflow/.local/lib/python3.12/site-packages/airflow/example_dags/example_display_name.py for tasks to queue
[2024-06-14T12:11:05.253+0000] {logging_mixin.py:188} INFO - [2024-06-14T12:11:05.253+0000] {dagbag.py:545} INFO - Filling up the DagBag from /home/airflow/.local/lib/python3.12/site-packages/airflow/example_dags/example_display_name.py
[2024-06-14T12:11:05.257+0000] {processor.py:840} INFO - DAG(s) 'example_display_name' retrieved from /home/airflow/.local/lib/python3.12/site-packages/airflow/example_dags/example_display_name.py
[2024-06-14T12:11:05.272+0000] {logging_mixin.py:188} INFO - [2024-06-14T12:11:05.272+0000] {dag.py:3096} INFO - Sync 1 DAGs
[2024-06-14T12:11:05.283+0000] {logging_mixin.py:188} INFO - [2024-06-14T12:11:05.283+0000] {dag.py:3954} INFO - Setting next_dagrun for example_display_name to None, run_after=None
[2024-06-14T12:11:05.298+0000] {processor.py:183} INFO - Processing /home/airflow/.local/lib/python3.12/site-packages/airflow/example_dags/example_display_name.py took 0.052 seconds
[2024-06-14T12:11:35.472+0000] {processor.py:161} INFO - Started process (PID=647) to work on /home/airflow/.local/lib/python3.12/site-packages/airflow/example_dags/example_display_name.py
[2024-06-14T12:11:35.472+0000] {processor.py:830} INFO - Processing file /home/airflow/.local/lib/python3.12/site-packages/airflow/example_dags/example_display_name.py for tasks to queue
[2024-06-14T12:11:35.474+0000] {logging_mixin.py:188} INFO - [2024-06-14T12:11:35.474+0000] {dagbag.py:545} INFO - Filling up the DagBag from /home/airflow/.local/lib/python3.12/site-packages/airflow/example_dags/example_display_name.py
[2024-06-14T12:11:35.479+0000] {processor.py:840} INFO - DAG(s) 'example_display_name' retrieved from /home/airflow/.local/lib/python3.12/site-packages/airflow/example_dags/example_display_name.py
[2024-06-14T12:11:35.494+0000] {logging_mixin.py:188} INFO - [2024-06-14T12:11:35.494+0000] {dag.py:3096} INFO - Sync 1 DAGs
[2024-06-14T12:11:35.506+0000] {logging_mixin.py:188} INFO - [2024-06-14T12:11:35.506+0000] {dag.py:3954} INFO - Setting next_dagrun for example_display_name to None, run_after=None
[2024-06-14T12:11:35.522+0000] {processor.py:183} INFO - Processing /home/airflow/.local/lib/python3.12/site-packages/airflow/example_dags/example_display_name.py took 0.054 seconds
[2024-06-14T12:12:05.638+0000] {processor.py:161} INFO - Started process (PID=705) to work on /home/airflow/.local/lib/python3.12/site-packages/airflow/example_dags/example_display_name.py
[2024-06-14T12:12:05.639+0000] {processor.py:830} INFO - Processing file /home/airflow/.local/lib/python3.12/site-packages/airflow/example_dags/example_display_name.py for tasks to queue
[2024-06-14T12:12:05.640+0000] {logging_mixin.py:188} INFO - [2024-06-14T12:12:05.640+0000] {dagbag.py:545} INFO - Filling up the DagBag from /home/airflow/.local/lib/python3.12/site-packages/airflow/example_dags/example_display_name.py
[2024-06-14T12:12:05.645+0000] {processor.py:840} INFO - DAG(s) 'example_display_name' retrieved from /home/airflow/.local/lib/python3.12/site-packages/airflow/example_dags/example_display_name.py
[2024-06-14T12:12:05.660+0000] {logging_mixin.py:188} INFO - [2024-06-14T12:12:05.659+0000] {dag.py:3096} INFO - Sync 1 DAGs
[2024-06-14T12:12:05.669+0000] {logging_mixin.py:188} INFO - [2024-06-14T12:12:05.668+0000] {dag.py:3954} INFO - Setting next_dagrun for example_display_name to None, run_after=None
[2024-06-14T12:12:05.682+0000] {processor.py:183} INFO - Processing /home/airflow/.local/lib/python3.12/site-packages/airflow/example_dags/example_display_name.py took 0.048 seconds
[2024-06-14T12:12:35.836+0000] {processor.py:161} INFO - Started process (PID=763) to work on /home/airflow/.local/lib/python3.12/site-packages/airflow/example_dags/example_display_name.py
[2024-06-14T12:12:35.837+0000] {processor.py:830} INFO - Processing file /home/airflow/.local/lib/python3.12/site-packages/airflow/example_dags/example_display_name.py for tasks to queue
[2024-06-14T12:12:35.838+0000] {logging_mixin.py:188} INFO - [2024-06-14T12:12:35.838+0000] {dagbag.py:545} INFO - Filling up the DagBag from /home/airflow/.local/lib/python3.12/site-packages/airflow/example_dags/example_display_name.py
[2024-06-14T12:12:35.843+0000] {processor.py:840} INFO - DAG(s) 'example_display_name' retrieved from /home/airflow/.local/lib/python3.12/site-packages/airflow/example_dags/example_display_name.py
[2024-06-14T12:12:35.859+0000] {logging_mixin.py:188} INFO - [2024-06-14T12:12:35.859+0000] {dag.py:3096} INFO - Sync 1 DAGs
[2024-06-14T12:12:35.872+0000] {logging_mixin.py:188} INFO - [2024-06-14T12:12:35.871+0000] {dag.py:3954} INFO - Setting next_dagrun for example_display_name to None, run_after=None
[2024-06-14T12:12:35.893+0000] {processor.py:183} INFO - Processing /home/airflow/.local/lib/python3.12/site-packages/airflow/example_dags/example_display_name.py took 0.063 seconds
[2024-06-14T12:13:06.031+0000] {processor.py:161} INFO - Started process (PID=821) to work on /home/airflow/.local/lib/python3.12/site-packages/airflow/example_dags/example_display_name.py
[2024-06-14T12:13:06.032+0000] {processor.py:830} INFO - Processing file /home/airflow/.local/lib/python3.12/site-packages/airflow/example_dags/example_display_name.py for tasks to queue
[2024-06-14T12:13:06.033+0000] {logging_mixin.py:188} INFO - [2024-06-14T12:13:06.033+0000] {dagbag.py:545} INFO - Filling up the DagBag from /home/airflow/.local/lib/python3.12/site-packages/airflow/example_dags/example_display_name.py
[2024-06-14T12:13:06.037+0000] {processor.py:840} INFO - DAG(s) 'example_display_name' retrieved from /home/airflow/.local/lib/python3.12/site-packages/airflow/example_dags/example_display_name.py
[2024-06-14T12:13:06.050+0000] {logging_mixin.py:188} INFO - [2024-06-14T12:13:06.050+0000] {dag.py:3096} INFO - Sync 1 DAGs
[2024-06-14T12:13:06.060+0000] {logging_mixin.py:188} INFO - [2024-06-14T12:13:06.060+0000] {dag.py:3954} INFO - Setting next_dagrun for example_display_name to None, run_after=None
[2024-06-14T12:13:06.073+0000] {processor.py:183} INFO - Processing /home/airflow/.local/lib/python3.12/site-packages/airflow/example_dags/example_display_name.py took 0.048 seconds
[2024-06-14T12:13:36.408+0000] {processor.py:161} INFO - Started process (PID=879) to work on /home/airflow/.local/lib/python3.12/site-packages/airflow/example_dags/example_display_name.py
[2024-06-14T12:13:36.409+0000] {processor.py:830} INFO - Processing file /home/airflow/.local/lib/python3.12/site-packages/airflow/example_dags/example_display_name.py for tasks to queue
[2024-06-14T12:13:36.411+0000] {logging_mixin.py:188} INFO - [2024-06-14T12:13:36.411+0000] {dagbag.py:545} INFO - Filling up the DagBag from /home/airflow/.local/lib/python3.12/site-packages/airflow/example_dags/example_display_name.py
[2024-06-14T12:13:36.418+0000] {processor.py:840} INFO - DAG(s) 'example_display_name' retrieved from /home/airflow/.local/lib/python3.12/site-packages/airflow/example_dags/example_display_name.py
[2024-06-14T12:13:36.438+0000] {logging_mixin.py:188} INFO - [2024-06-14T12:13:36.438+0000] {dag.py:3096} INFO - Sync 1 DAGs
[2024-06-14T12:13:36.447+0000] {logging_mixin.py:188} INFO - [2024-06-14T12:13:36.447+0000] {dag.py:3954} INFO - Setting next_dagrun for example_display_name to None, run_after=None
[2024-06-14T12:13:36.471+0000] {processor.py:183} INFO - Processing /home/airflow/.local/lib/python3.12/site-packages/airflow/example_dags/example_display_name.py took 0.068 seconds
[2024-06-14T12:14:06.858+0000] {processor.py:161} INFO - Started process (PID=937) to work on /home/airflow/.local/lib/python3.12/site-packages/airflow/example_dags/example_display_name.py
[2024-06-14T12:14:06.859+0000] {processor.py:830} INFO - Processing file /home/airflow/.local/lib/python3.12/site-packages/airflow/example_dags/example_display_name.py for tasks to queue
[2024-06-14T12:14:06.860+0000] {logging_mixin.py:188} INFO - [2024-06-14T12:14:06.860+0000] {dagbag.py:545} INFO - Filling up the DagBag from /home/airflow/.local/lib/python3.12/site-packages/airflow/example_dags/example_display_name.py
[2024-06-14T12:14:06.866+0000] {processor.py:840} INFO - DAG(s) 'example_display_name' retrieved from /home/airflow/.local/lib/python3.12/site-packages/airflow/example_dags/example_display_name.py
[2024-06-14T12:14:06.881+0000] {logging_mixin.py:188} INFO - [2024-06-14T12:14:06.881+0000] {dag.py:3096} INFO - Sync 1 DAGs
[2024-06-14T12:14:06.891+0000] {logging_mixin.py:188} INFO - [2024-06-14T12:14:06.891+0000] {dag.py:3954} INFO - Setting next_dagrun for example_display_name to None, run_after=None
[2024-06-14T12:14:06.906+0000] {processor.py:183} INFO - Processing /home/airflow/.local/lib/python3.12/site-packages/airflow/example_dags/example_display_name.py took 0.052 seconds
[2024-06-14T12:14:37.171+0000] {processor.py:161} INFO - Started process (PID=995) to work on /home/airflow/.local/lib/python3.12/site-packages/airflow/example_dags/example_display_name.py
[2024-06-14T12:14:37.171+0000] {processor.py:830} INFO - Processing file /home/airflow/.local/lib/python3.12/site-packages/airflow/example_dags/example_display_name.py for tasks to queue
[2024-06-14T12:14:37.173+0000] {logging_mixin.py:188} INFO - [2024-06-14T12:14:37.173+0000] {dagbag.py:545} INFO - Filling up the DagBag from /home/airflow/.local/lib/python3.12/site-packages/airflow/example_dags/example_display_name.py
[2024-06-14T12:14:37.177+0000] {processor.py:840} INFO - DAG(s) 'example_display_name' retrieved from /home/airflow/.local/lib/python3.12/site-packages/airflow/example_dags/example_display_name.py
[2024-06-14T12:14:37.193+0000] {logging_mixin.py:188} INFO - [2024-06-14T12:14:37.193+0000] {dag.py:3096} INFO - Sync 1 DAGs
[2024-06-14T12:14:37.204+0000] {logging_mixin.py:188} INFO - [2024-06-14T12:14:37.203+0000] {dag.py:3954} INFO - Setting next_dagrun for example_display_name to None, run_after=None
[2024-06-14T12:14:37.222+0000] {processor.py:183} INFO - Processing /home/airflow/.local/lib/python3.12/site-packages/airflow/example_dags/example_display_name.py took 0.055 seconds
[2024-06-14T12:15:07.501+0000] {processor.py:161} INFO - Started process (PID=1053) to work on /home/airflow/.local/lib/python3.12/site-packages/airflow/example_dags/example_display_name.py
[2024-06-14T12:15:07.502+0000] {processor.py:830} INFO - Processing file /home/airflow/.local/lib/python3.12/site-packages/airflow/example_dags/example_display_name.py for tasks to queue
[2024-06-14T12:15:07.503+0000] {logging_mixin.py:188} INFO - [2024-06-14T12:15:07.503+0000] {dagbag.py:545} INFO - Filling up the DagBag from /home/airflow/.local/lib/python3.12/site-packages/airflow/example_dags/example_display_name.py
[2024-06-14T12:15:07.507+0000] {processor.py:840} INFO - DAG(s) 'example_display_name' retrieved from /home/airflow/.local/lib/python3.12/site-packages/airflow/example_dags/example_display_name.py
[2024-06-14T12:15:07.520+0000] {logging_mixin.py:188} INFO - [2024-06-14T12:15:07.520+0000] {dag.py:3096} INFO - Sync 1 DAGs
[2024-06-14T12:15:07.530+0000] {logging_mixin.py:188} INFO - [2024-06-14T12:15:07.530+0000] {dag.py:3954} INFO - Setting next_dagrun for example_display_name to None, run_after=None
[2024-06-14T12:15:07.546+0000] {processor.py:183} INFO - Processing /home/airflow/.local/lib/python3.12/site-packages/airflow/example_dags/example_display_name.py took 0.050 seconds
[2024-06-14T12:15:37.739+0000] {processor.py:161} INFO - Started process (PID=1111) to work on /home/airflow/.local/lib/python3.12/site-packages/airflow/example_dags/example_display_name.py
[2024-06-14T12:15:37.740+0000] {processor.py:830} INFO - Processing file /home/airflow/.local/lib/python3.12/site-packages/airflow/example_dags/example_display_name.py for tasks to queue
[2024-06-14T12:15:37.742+0000] {logging_mixin.py:188} INFO - [2024-06-14T12:15:37.741+0000] {dagbag.py:545} INFO - Filling up the DagBag from /home/airflow/.local/lib/python3.12/site-packages/airflow/example_dags/example_display_name.py
[2024-06-14T12:15:37.746+0000] {processor.py:840} INFO - DAG(s) 'example_display_name' retrieved from /home/airflow/.local/lib/python3.12/site-packages/airflow/example_dags/example_display_name.py
[2024-06-14T12:15:37.761+0000] {logging_mixin.py:188} INFO - [2024-06-14T12:15:37.760+0000] {dag.py:3096} INFO - Sync 1 DAGs
[2024-06-14T12:15:37.771+0000] {logging_mixin.py:188} INFO - [2024-06-14T12:15:37.770+0000] {dag.py:3954} INFO - Setting next_dagrun for example_display_name to None, run_after=None
[2024-06-14T12:15:37.789+0000] {processor.py:183} INFO - Processing /home/airflow/.local/lib/python3.12/site-packages/airflow/example_dags/example_display_name.py took 0.054 seconds
[2024-06-14T12:16:08.056+0000] {processor.py:161} INFO - Started process (PID=1169) to work on /home/airflow/.local/lib/python3.12/site-packages/airflow/example_dags/example_display_name.py
[2024-06-14T12:16:08.056+0000] {processor.py:830} INFO - Processing file /home/airflow/.local/lib/python3.12/site-packages/airflow/example_dags/example_display_name.py for tasks to queue
[2024-06-14T12:16:08.058+0000] {logging_mixin.py:188} INFO - [2024-06-14T12:16:08.058+0000] {dagbag.py:545} INFO - Filling up the DagBag from /home/airflow/.local/lib/python3.12/site-packages/airflow/example_dags/example_display_name.py
[2024-06-14T12:16:08.062+0000] {processor.py:840} INFO - DAG(s) 'example_display_name' retrieved from /home/airflow/.local/lib/python3.12/site-packages/airflow/example_dags/example_display_name.py
[2024-06-14T12:16:08.079+0000] {logging_mixin.py:188} INFO - [2024-06-14T12:16:08.078+0000] {dag.py:3096} INFO - Sync 1 DAGs
[2024-06-14T12:16:08.089+0000] {logging_mixin.py:188} INFO - [2024-06-14T12:16:08.089+0000] {dag.py:3954} INFO - Setting next_dagrun for example_display_name to None, run_after=None
[2024-06-14T12:16:08.105+0000] {processor.py:183} INFO - Processing /home/airflow/.local/lib/python3.12/site-packages/airflow/example_dags/example_display_name.py took 0.053 seconds
[2024-06-14T12:16:38.396+0000] {processor.py:161} INFO - Started process (PID=1227) to work on /home/airflow/.local/lib/python3.12/site-packages/airflow/example_dags/example_display_name.py
[2024-06-14T12:16:38.396+0000] {processor.py:830} INFO - Processing file /home/airflow/.local/lib/python3.12/site-packages/airflow/example_dags/example_display_name.py for tasks to queue
[2024-06-14T12:16:38.398+0000] {logging_mixin.py:188} INFO - [2024-06-14T12:16:38.398+0000] {dagbag.py:545} INFO - Filling up the DagBag from /home/airflow/.local/lib/python3.12/site-packages/airflow/example_dags/example_display_name.py
[2024-06-14T12:16:38.403+0000] {processor.py:840} INFO - DAG(s) 'example_display_name' retrieved from /home/airflow/.local/lib/python3.12/site-packages/airflow/example_dags/example_display_name.py
[2024-06-14T12:16:38.418+0000] {logging_mixin.py:188} INFO - [2024-06-14T12:16:38.418+0000] {dag.py:3096} INFO - Sync 1 DAGs
[2024-06-14T12:16:38.429+0000] {logging_mixin.py:188} INFO - [2024-06-14T12:16:38.429+0000] {dag.py:3954} INFO - Setting next_dagrun for example_display_name to None, run_after=None
[2024-06-14T12:16:38.445+0000] {processor.py:183} INFO - Processing /home/airflow/.local/lib/python3.12/site-packages/airflow/example_dags/example_display_name.py took 0.053 seconds
[2024-06-14T12:17:08.748+0000] {processor.py:161} INFO - Started process (PID=1285) to work on /home/airflow/.local/lib/python3.12/site-packages/airflow/example_dags/example_display_name.py
[2024-06-14T12:17:08.749+0000] {processor.py:830} INFO - Processing file /home/airflow/.local/lib/python3.12/site-packages/airflow/example_dags/example_display_name.py for tasks to queue
[2024-06-14T12:17:08.750+0000] {logging_mixin.py:188} INFO - [2024-06-14T12:17:08.750+0000] {dagbag.py:545} INFO - Filling up the DagBag from /home/airflow/.local/lib/python3.12/site-packages/airflow/example_dags/example_display_name.py
[2024-06-14T12:17:08.756+0000] {processor.py:840} INFO - DAG(s) 'example_display_name' retrieved from /home/airflow/.local/lib/python3.12/site-packages/airflow/example_dags/example_display_name.py
[2024-06-14T12:17:08.771+0000] {logging_mixin.py:188} INFO - [2024-06-14T12:17:08.771+0000] {dag.py:3096} INFO - Sync 1 DAGs
[2024-06-14T12:17:08.781+0000] {logging_mixin.py:188} INFO - [2024-06-14T12:17:08.781+0000] {dag.py:3954} INFO - Setting next_dagrun for example_display_name to None, run_after=None
[2024-06-14T12:17:08.798+0000] {processor.py:183} INFO - Processing /home/airflow/.local/lib/python3.12/site-packages/airflow/example_dags/example_display_name.py took 0.055 seconds
[2024-06-14T12:17:39.106+0000] {processor.py:161} INFO - Started process (PID=1343) to work on /home/airflow/.local/lib/python3.12/site-packages/airflow/example_dags/example_display_name.py
[2024-06-14T12:17:39.106+0000] {processor.py:830} INFO - Processing file /home/airflow/.local/lib/python3.12/site-packages/airflow/example_dags/example_display_name.py for tasks to queue
[2024-06-14T12:17:39.108+0000] {logging_mixin.py:188} INFO - [2024-06-14T12:17:39.108+0000] {dagbag.py:545} INFO - Filling up the DagBag from /home/airflow/.local/lib/python3.12/site-packages/airflow/example_dags/example_display_name.py
[2024-06-14T12:17:39.112+0000] {processor.py:840} INFO - DAG(s) 'example_display_name' retrieved from /home/airflow/.local/lib/python3.12/site-packages/airflow/example_dags/example_display_name.py
[2024-06-14T12:17:39.127+0000] {logging_mixin.py:188} INFO - [2024-06-14T12:17:39.127+0000] {dag.py:3096} INFO - Sync 1 DAGs
[2024-06-14T12:17:39.137+0000] {logging_mixin.py:188} INFO - [2024-06-14T12:17:39.137+0000] {dag.py:3954} INFO - Setting next_dagrun for example_display_name to None, run_after=None
[2024-06-14T12:17:39.152+0000] {processor.py:183} INFO - Processing /home/airflow/.local/lib/python3.12/site-packages/airflow/example_dags/example_display_name.py took 0.054 seconds
[2024-06-14T12:18:41.617+0000] {processor.py:161} INFO - Started process (PID=54) to work on /home/airflow/.local/lib/python3.12/site-packages/airflow/example_dags/example_display_name.py
[2024-06-14T12:18:41.618+0000] {processor.py:830} INFO - Processing file /home/airflow/.local/lib/python3.12/site-packages/airflow/example_dags/example_display_name.py for tasks to queue
[2024-06-14T12:18:41.619+0000] {logging_mixin.py:188} INFO - [2024-06-14T12:18:41.619+0000] {dagbag.py:545} INFO - Filling up the DagBag from /home/airflow/.local/lib/python3.12/site-packages/airflow/example_dags/example_display_name.py
[2024-06-14T12:18:41.623+0000] {processor.py:840} INFO - DAG(s) 'example_display_name' retrieved from /home/airflow/.local/lib/python3.12/site-packages/airflow/example_dags/example_display_name.py
[2024-06-14T12:18:41.632+0000] {logging_mixin.py:188} INFO - [2024-06-14T12:18:41.632+0000] {dag.py:3096} INFO - Sync 1 DAGs
[2024-06-14T12:18:41.649+0000] {logging_mixin.py:188} INFO - [2024-06-14T12:18:41.649+0000] {dag.py:3954} INFO - Setting next_dagrun for example_display_name to None, run_after=None
[2024-06-14T12:18:41.667+0000] {processor.py:183} INFO - Processing /home/airflow/.local/lib/python3.12/site-packages/airflow/example_dags/example_display_name.py took 0.055 seconds
[2024-06-14T12:19:12.998+0000] {processor.py:161} INFO - Started process (PID=112) to work on /home/airflow/.local/lib/python3.12/site-packages/airflow/example_dags/example_display_name.py
[2024-06-14T12:19:12.999+0000] {processor.py:830} INFO - Processing file /home/airflow/.local/lib/python3.12/site-packages/airflow/example_dags/example_display_name.py for tasks to queue
[2024-06-14T12:19:13.001+0000] {logging_mixin.py:188} INFO - [2024-06-14T12:19:13.001+0000] {dagbag.py:545} INFO - Filling up the DagBag from /home/airflow/.local/lib/python3.12/site-packages/airflow/example_dags/example_display_name.py
[2024-06-14T12:19:13.005+0000] {processor.py:840} INFO - DAG(s) 'example_display_name' retrieved from /home/airflow/.local/lib/python3.12/site-packages/airflow/example_dags/example_display_name.py
[2024-06-14T12:19:13.077+0000] {logging_mixin.py:188} INFO - [2024-06-14T12:19:13.077+0000] {dag.py:3096} INFO - Sync 1 DAGs
[2024-06-14T12:19:13.084+0000] {logging_mixin.py:188} INFO - [2024-06-14T12:19:13.084+0000] {dag.py:3954} INFO - Setting next_dagrun for example_display_name to None, run_after=None
[2024-06-14T12:19:13.099+0000] {processor.py:183} INFO - Processing /home/airflow/.local/lib/python3.12/site-packages/airflow/example_dags/example_display_name.py took 0.105 seconds
[2024-06-14T12:19:43.915+0000] {processor.py:161} INFO - Started process (PID=170) to work on /home/airflow/.local/lib/python3.12/site-packages/airflow/example_dags/example_display_name.py
[2024-06-14T12:19:43.915+0000] {processor.py:830} INFO - Processing file /home/airflow/.local/lib/python3.12/site-packages/airflow/example_dags/example_display_name.py for tasks to queue
[2024-06-14T12:19:43.917+0000] {logging_mixin.py:188} INFO - [2024-06-14T12:19:43.916+0000] {dagbag.py:545} INFO - Filling up the DagBag from /home/airflow/.local/lib/python3.12/site-packages/airflow/example_dags/example_display_name.py
[2024-06-14T12:19:43.921+0000] {processor.py:840} INFO - DAG(s) 'example_display_name' retrieved from /home/airflow/.local/lib/python3.12/site-packages/airflow/example_dags/example_display_name.py
[2024-06-14T12:19:43.935+0000] {logging_mixin.py:188} INFO - [2024-06-14T12:19:43.934+0000] {dag.py:3096} INFO - Sync 1 DAGs
[2024-06-14T12:19:43.944+0000] {logging_mixin.py:188} INFO - [2024-06-14T12:19:43.944+0000] {dag.py:3954} INFO - Setting next_dagrun for example_display_name to None, run_after=None
[2024-06-14T12:19:43.958+0000] {processor.py:183} INFO - Processing /home/airflow/.local/lib/python3.12/site-packages/airflow/example_dags/example_display_name.py took 0.048 seconds
[2024-06-14T12:20:14.348+0000] {processor.py:161} INFO - Started process (PID=228) to work on /home/airflow/.local/lib/python3.12/site-packages/airflow/example_dags/example_display_name.py
[2024-06-14T12:20:14.349+0000] {processor.py:830} INFO - Processing file /home/airflow/.local/lib/python3.12/site-packages/airflow/example_dags/example_display_name.py for tasks to queue
[2024-06-14T12:20:14.351+0000] {logging_mixin.py:188} INFO - [2024-06-14T12:20:14.350+0000] {dagbag.py:545} INFO - Filling up the DagBag from /home/airflow/.local/lib/python3.12/site-packages/airflow/example_dags/example_display_name.py
[2024-06-14T12:20:14.356+0000] {processor.py:840} INFO - DAG(s) 'example_display_name' retrieved from /home/airflow/.local/lib/python3.12/site-packages/airflow/example_dags/example_display_name.py
[2024-06-14T12:20:14.372+0000] {logging_mixin.py:188} INFO - [2024-06-14T12:20:14.372+0000] {dag.py:3096} INFO - Sync 1 DAGs
[2024-06-14T12:20:14.382+0000] {logging_mixin.py:188} INFO - [2024-06-14T12:20:14.382+0000] {dag.py:3954} INFO - Setting next_dagrun for example_display_name to None, run_after=None
[2024-06-14T12:20:14.399+0000] {processor.py:183} INFO - Processing /home/airflow/.local/lib/python3.12/site-packages/airflow/example_dags/example_display_name.py took 0.055 seconds
[2024-06-14T12:20:44.770+0000] {processor.py:161} INFO - Started process (PID=286) to work on /home/airflow/.local/lib/python3.12/site-packages/airflow/example_dags/example_display_name.py
[2024-06-14T12:20:44.771+0000] {processor.py:830} INFO - Processing file /home/airflow/.local/lib/python3.12/site-packages/airflow/example_dags/example_display_name.py for tasks to queue
[2024-06-14T12:20:44.772+0000] {logging_mixin.py:188} INFO - [2024-06-14T12:20:44.772+0000] {dagbag.py:545} INFO - Filling up the DagBag from /home/airflow/.local/lib/python3.12/site-packages/airflow/example_dags/example_display_name.py
[2024-06-14T12:20:44.776+0000] {processor.py:840} INFO - DAG(s) 'example_display_name' retrieved from /home/airflow/.local/lib/python3.12/site-packages/airflow/example_dags/example_display_name.py
[2024-06-14T12:20:44.788+0000] {logging_mixin.py:188} INFO - [2024-06-14T12:20:44.788+0000] {dag.py:3096} INFO - Sync 1 DAGs
[2024-06-14T12:20:44.798+0000] {logging_mixin.py:188} INFO - [2024-06-14T12:20:44.797+0000] {dag.py:3954} INFO - Setting next_dagrun for example_display_name to None, run_after=None
[2024-06-14T12:20:44.813+0000] {processor.py:183} INFO - Processing /home/airflow/.local/lib/python3.12/site-packages/airflow/example_dags/example_display_name.py took 0.047 seconds
[2024-06-14T12:21:15.088+0000] {processor.py:161} INFO - Started process (PID=344) to work on /home/airflow/.local/lib/python3.12/site-packages/airflow/example_dags/example_display_name.py
[2024-06-14T12:21:15.089+0000] {processor.py:830} INFO - Processing file /home/airflow/.local/lib/python3.12/site-packages/airflow/example_dags/example_display_name.py for tasks to queue
[2024-06-14T12:21:15.091+0000] {logging_mixin.py:188} INFO - [2024-06-14T12:21:15.091+0000] {dagbag.py:545} INFO - Filling up the DagBag from /home/airflow/.local/lib/python3.12/site-packages/airflow/example_dags/example_display_name.py
[2024-06-14T12:21:15.097+0000] {processor.py:840} INFO - DAG(s) 'example_display_name' retrieved from /home/airflow/.local/lib/python3.12/site-packages/airflow/example_dags/example_display_name.py
[2024-06-14T12:21:15.111+0000] {logging_mixin.py:188} INFO - [2024-06-14T12:21:15.111+0000] {dag.py:3096} INFO - Sync 1 DAGs
[2024-06-14T12:21:15.122+0000] {logging_mixin.py:188} INFO - [2024-06-14T12:21:15.121+0000] {dag.py:3954} INFO - Setting next_dagrun for example_display_name to None, run_after=None
[2024-06-14T12:21:15.139+0000] {processor.py:183} INFO - Processing /home/airflow/.local/lib/python3.12/site-packages/airflow/example_dags/example_display_name.py took 0.055 seconds
[2024-06-14T12:21:45.375+0000] {processor.py:161} INFO - Started process (PID=402) to work on /home/airflow/.local/lib/python3.12/site-packages/airflow/example_dags/example_display_name.py
[2024-06-14T12:21:45.376+0000] {processor.py:830} INFO - Processing file /home/airflow/.local/lib/python3.12/site-packages/airflow/example_dags/example_display_name.py for tasks to queue
[2024-06-14T12:21:45.378+0000] {logging_mixin.py:188} INFO - [2024-06-14T12:21:45.377+0000] {dagbag.py:545} INFO - Filling up the DagBag from /home/airflow/.local/lib/python3.12/site-packages/airflow/example_dags/example_display_name.py
[2024-06-14T12:21:45.381+0000] {processor.py:840} INFO - DAG(s) 'example_display_name' retrieved from /home/airflow/.local/lib/python3.12/site-packages/airflow/example_dags/example_display_name.py
[2024-06-14T12:21:45.396+0000] {logging_mixin.py:188} INFO - [2024-06-14T12:21:45.396+0000] {dag.py:3096} INFO - Sync 1 DAGs
[2024-06-14T12:21:45.406+0000] {logging_mixin.py:188} INFO - [2024-06-14T12:21:45.406+0000] {dag.py:3954} INFO - Setting next_dagrun for example_display_name to None, run_after=None
[2024-06-14T12:21:45.419+0000] {processor.py:183} INFO - Processing /home/airflow/.local/lib/python3.12/site-packages/airflow/example_dags/example_display_name.py took 0.048 seconds
[2024-06-14T12:22:15.849+0000] {processor.py:161} INFO - Started process (PID=461) to work on /home/airflow/.local/lib/python3.12/site-packages/airflow/example_dags/example_display_name.py
[2024-06-14T12:22:15.850+0000] {processor.py:830} INFO - Processing file /home/airflow/.local/lib/python3.12/site-packages/airflow/example_dags/example_display_name.py for tasks to queue
[2024-06-14T12:22:15.852+0000] {logging_mixin.py:188} INFO - [2024-06-14T12:22:15.852+0000] {dagbag.py:545} INFO - Filling up the DagBag from /home/airflow/.local/lib/python3.12/site-packages/airflow/example_dags/example_display_name.py
[2024-06-14T12:22:15.857+0000] {processor.py:840} INFO - DAG(s) 'example_display_name' retrieved from /home/airflow/.local/lib/python3.12/site-packages/airflow/example_dags/example_display_name.py
[2024-06-14T12:22:15.871+0000] {logging_mixin.py:188} INFO - [2024-06-14T12:22:15.871+0000] {dag.py:3096} INFO - Sync 1 DAGs
[2024-06-14T12:22:15.881+0000] {logging_mixin.py:188} INFO - [2024-06-14T12:22:15.881+0000] {dag.py:3954} INFO - Setting next_dagrun for example_display_name to None, run_after=None
[2024-06-14T12:22:15.897+0000] {processor.py:183} INFO - Processing /home/airflow/.local/lib/python3.12/site-packages/airflow/example_dags/example_display_name.py took 0.054 seconds
[2024-06-14T12:22:46.164+0000] {processor.py:161} INFO - Started process (PID=519) to work on /home/airflow/.local/lib/python3.12/site-packages/airflow/example_dags/example_display_name.py
[2024-06-14T12:22:46.165+0000] {processor.py:830} INFO - Processing file /home/airflow/.local/lib/python3.12/site-packages/airflow/example_dags/example_display_name.py for tasks to queue
[2024-06-14T12:22:46.166+0000] {logging_mixin.py:188} INFO - [2024-06-14T12:22:46.166+0000] {dagbag.py:545} INFO - Filling up the DagBag from /home/airflow/.local/lib/python3.12/site-packages/airflow/example_dags/example_display_name.py
[2024-06-14T12:22:46.170+0000] {processor.py:840} INFO - DAG(s) 'example_display_name' retrieved from /home/airflow/.local/lib/python3.12/site-packages/airflow/example_dags/example_display_name.py
[2024-06-14T12:22:46.187+0000] {logging_mixin.py:188} INFO - [2024-06-14T12:22:46.187+0000] {dag.py:3096} INFO - Sync 1 DAGs
[2024-06-14T12:22:46.203+0000] {logging_mixin.py:188} INFO - [2024-06-14T12:22:46.203+0000] {dag.py:3954} INFO - Setting next_dagrun for example_display_name to None, run_after=None
[2024-06-14T12:22:46.220+0000] {processor.py:183} INFO - Processing /home/airflow/.local/lib/python3.12/site-packages/airflow/example_dags/example_display_name.py took 0.060 seconds
[2024-06-14T12:23:16.549+0000] {processor.py:161} INFO - Started process (PID=577) to work on /home/airflow/.local/lib/python3.12/site-packages/airflow/example_dags/example_display_name.py
[2024-06-14T12:23:16.550+0000] {processor.py:830} INFO - Processing file /home/airflow/.local/lib/python3.12/site-packages/airflow/example_dags/example_display_name.py for tasks to queue
[2024-06-14T12:23:16.551+0000] {logging_mixin.py:188} INFO - [2024-06-14T12:23:16.551+0000] {dagbag.py:545} INFO - Filling up the DagBag from /home/airflow/.local/lib/python3.12/site-packages/airflow/example_dags/example_display_name.py
[2024-06-14T12:23:16.555+0000] {processor.py:840} INFO - DAG(s) 'example_display_name' retrieved from /home/airflow/.local/lib/python3.12/site-packages/airflow/example_dags/example_display_name.py
[2024-06-14T12:23:16.570+0000] {logging_mixin.py:188} INFO - [2024-06-14T12:23:16.569+0000] {dag.py:3096} INFO - Sync 1 DAGs
[2024-06-14T12:23:16.579+0000] {logging_mixin.py:188} INFO - [2024-06-14T12:23:16.579+0000] {dag.py:3954} INFO - Setting next_dagrun for example_display_name to None, run_after=None
[2024-06-14T12:23:16.593+0000] {processor.py:183} INFO - Processing /home/airflow/.local/lib/python3.12/site-packages/airflow/example_dags/example_display_name.py took 0.048 seconds
[2024-06-14T12:23:47.019+0000] {processor.py:161} INFO - Started process (PID=635) to work on /home/airflow/.local/lib/python3.12/site-packages/airflow/example_dags/example_display_name.py
[2024-06-14T12:23:47.019+0000] {processor.py:830} INFO - Processing file /home/airflow/.local/lib/python3.12/site-packages/airflow/example_dags/example_display_name.py for tasks to queue
[2024-06-14T12:23:47.021+0000] {logging_mixin.py:188} INFO - [2024-06-14T12:23:47.020+0000] {dagbag.py:545} INFO - Filling up the DagBag from /home/airflow/.local/lib/python3.12/site-packages/airflow/example_dags/example_display_name.py
[2024-06-14T12:23:47.025+0000] {processor.py:840} INFO - DAG(s) 'example_display_name' retrieved from /home/airflow/.local/lib/python3.12/site-packages/airflow/example_dags/example_display_name.py
[2024-06-14T12:23:47.038+0000] {logging_mixin.py:188} INFO - [2024-06-14T12:23:47.037+0000] {dag.py:3096} INFO - Sync 1 DAGs
[2024-06-14T12:23:47.047+0000] {logging_mixin.py:188} INFO - [2024-06-14T12:23:47.047+0000] {dag.py:3954} INFO - Setting next_dagrun for example_display_name to None, run_after=None
[2024-06-14T12:23:47.062+0000] {processor.py:183} INFO - Processing /home/airflow/.local/lib/python3.12/site-packages/airflow/example_dags/example_display_name.py took 0.047 seconds
[2024-06-14T12:24:17.280+0000] {processor.py:161} INFO - Started process (PID=694) to work on /home/airflow/.local/lib/python3.12/site-packages/airflow/example_dags/example_display_name.py
[2024-06-14T12:24:17.281+0000] {processor.py:830} INFO - Processing file /home/airflow/.local/lib/python3.12/site-packages/airflow/example_dags/example_display_name.py for tasks to queue
[2024-06-14T12:24:17.282+0000] {logging_mixin.py:188} INFO - [2024-06-14T12:24:17.282+0000] {dagbag.py:545} INFO - Filling up the DagBag from /home/airflow/.local/lib/python3.12/site-packages/airflow/example_dags/example_display_name.py
[2024-06-14T12:24:17.286+0000] {processor.py:840} INFO - DAG(s) 'example_display_name' retrieved from /home/airflow/.local/lib/python3.12/site-packages/airflow/example_dags/example_display_name.py
[2024-06-14T12:24:17.300+0000] {logging_mixin.py:188} INFO - [2024-06-14T12:24:17.300+0000] {dag.py:3096} INFO - Sync 1 DAGs
[2024-06-14T12:24:17.312+0000] {logging_mixin.py:188} INFO - [2024-06-14T12:24:17.312+0000] {dag.py:3954} INFO - Setting next_dagrun for example_display_name to None, run_after=None
[2024-06-14T12:24:17.330+0000] {processor.py:183} INFO - Processing /home/airflow/.local/lib/python3.12/site-packages/airflow/example_dags/example_display_name.py took 0.054 seconds
[2024-06-14T12:24:47.616+0000] {processor.py:161} INFO - Started process (PID=752) to work on /home/airflow/.local/lib/python3.12/site-packages/airflow/example_dags/example_display_name.py
[2024-06-14T12:24:47.617+0000] {processor.py:830} INFO - Processing file /home/airflow/.local/lib/python3.12/site-packages/airflow/example_dags/example_display_name.py for tasks to queue
[2024-06-14T12:24:47.618+0000] {logging_mixin.py:188} INFO - [2024-06-14T12:24:47.618+0000] {dagbag.py:545} INFO - Filling up the DagBag from /home/airflow/.local/lib/python3.12/site-packages/airflow/example_dags/example_display_name.py
[2024-06-14T12:24:47.622+0000] {processor.py:840} INFO - DAG(s) 'example_display_name' retrieved from /home/airflow/.local/lib/python3.12/site-packages/airflow/example_dags/example_display_name.py
[2024-06-14T12:24:47.635+0000] {logging_mixin.py:188} INFO - [2024-06-14T12:24:47.635+0000] {dag.py:3096} INFO - Sync 1 DAGs
[2024-06-14T12:24:47.645+0000] {logging_mixin.py:188} INFO - [2024-06-14T12:24:47.645+0000] {dag.py:3954} INFO - Setting next_dagrun for example_display_name to None, run_after=None
[2024-06-14T12:24:47.660+0000] {processor.py:183} INFO - Processing /home/airflow/.local/lib/python3.12/site-packages/airflow/example_dags/example_display_name.py took 0.047 seconds
[2024-06-14T12:25:18.042+0000] {processor.py:161} INFO - Started process (PID=810) to work on /home/airflow/.local/lib/python3.12/site-packages/airflow/example_dags/example_display_name.py
[2024-06-14T12:25:18.042+0000] {processor.py:830} INFO - Processing file /home/airflow/.local/lib/python3.12/site-packages/airflow/example_dags/example_display_name.py for tasks to queue
[2024-06-14T12:25:18.044+0000] {logging_mixin.py:188} INFO - [2024-06-14T12:25:18.043+0000] {dagbag.py:545} INFO - Filling up the DagBag from /home/airflow/.local/lib/python3.12/site-packages/airflow/example_dags/example_display_name.py
[2024-06-14T12:25:18.048+0000] {processor.py:840} INFO - DAG(s) 'example_display_name' retrieved from /home/airflow/.local/lib/python3.12/site-packages/airflow/example_dags/example_display_name.py
[2024-06-14T12:25:18.062+0000] {logging_mixin.py:188} INFO - [2024-06-14T12:25:18.062+0000] {dag.py:3096} INFO - Sync 1 DAGs
[2024-06-14T12:25:18.071+0000] {logging_mixin.py:188} INFO - [2024-06-14T12:25:18.071+0000] {dag.py:3954} INFO - Setting next_dagrun for example_display_name to None, run_after=None
[2024-06-14T12:25:18.086+0000] {processor.py:183} INFO - Processing /home/airflow/.local/lib/python3.12/site-packages/airflow/example_dags/example_display_name.py took 0.048 seconds
[2024-06-14T12:25:48.332+0000] {processor.py:161} INFO - Started process (PID=868) to work on /home/airflow/.local/lib/python3.12/site-packages/airflow/example_dags/example_display_name.py
[2024-06-14T12:25:48.332+0000] {processor.py:830} INFO - Processing file /home/airflow/.local/lib/python3.12/site-packages/airflow/example_dags/example_display_name.py for tasks to queue
[2024-06-14T12:25:48.334+0000] {logging_mixin.py:188} INFO - [2024-06-14T12:25:48.333+0000] {dagbag.py:545} INFO - Filling up the DagBag from /home/airflow/.local/lib/python3.12/site-packages/airflow/example_dags/example_display_name.py
[2024-06-14T12:25:48.338+0000] {processor.py:840} INFO - DAG(s) 'example_display_name' retrieved from /home/airflow/.local/lib/python3.12/site-packages/airflow/example_dags/example_display_name.py
[2024-06-14T12:25:48.354+0000] {logging_mixin.py:188} INFO - [2024-06-14T12:25:48.354+0000] {dag.py:3096} INFO - Sync 1 DAGs
[2024-06-14T12:25:48.365+0000] {logging_mixin.py:188} INFO - [2024-06-14T12:25:48.365+0000] {dag.py:3954} INFO - Setting next_dagrun for example_display_name to None, run_after=None
[2024-06-14T12:25:48.382+0000] {processor.py:183} INFO - Processing /home/airflow/.local/lib/python3.12/site-packages/airflow/example_dags/example_display_name.py took 0.055 seconds
[2024-06-14T12:26:18.773+0000] {processor.py:161} INFO - Started process (PID=926) to work on /home/airflow/.local/lib/python3.12/site-packages/airflow/example_dags/example_display_name.py
[2024-06-14T12:26:18.773+0000] {processor.py:830} INFO - Processing file /home/airflow/.local/lib/python3.12/site-packages/airflow/example_dags/example_display_name.py for tasks to queue
[2024-06-14T12:26:18.775+0000] {logging_mixin.py:188} INFO - [2024-06-14T12:26:18.775+0000] {dagbag.py:545} INFO - Filling up the DagBag from /home/airflow/.local/lib/python3.12/site-packages/airflow/example_dags/example_display_name.py
[2024-06-14T12:26:18.780+0000] {processor.py:840} INFO - DAG(s) 'example_display_name' retrieved from /home/airflow/.local/lib/python3.12/site-packages/airflow/example_dags/example_display_name.py
[2024-06-14T12:26:18.794+0000] {logging_mixin.py:188} INFO - [2024-06-14T12:26:18.794+0000] {dag.py:3096} INFO - Sync 1 DAGs
[2024-06-14T12:26:18.804+0000] {logging_mixin.py:188} INFO - [2024-06-14T12:26:18.803+0000] {dag.py:3954} INFO - Setting next_dagrun for example_display_name to None, run_after=None
[2024-06-14T12:26:18.819+0000] {processor.py:183} INFO - Processing /home/airflow/.local/lib/python3.12/site-packages/airflow/example_dags/example_display_name.py took 0.051 seconds
[2024-06-14T12:26:49.118+0000] {processor.py:161} INFO - Started process (PID=984) to work on /home/airflow/.local/lib/python3.12/site-packages/airflow/example_dags/example_display_name.py
[2024-06-14T12:26:49.119+0000] {processor.py:830} INFO - Processing file /home/airflow/.local/lib/python3.12/site-packages/airflow/example_dags/example_display_name.py for tasks to queue
[2024-06-14T12:26:49.120+0000] {logging_mixin.py:188} INFO - [2024-06-14T12:26:49.120+0000] {dagbag.py:545} INFO - Filling up the DagBag from /home/airflow/.local/lib/python3.12/site-packages/airflow/example_dags/example_display_name.py
[2024-06-14T12:26:49.125+0000] {processor.py:840} INFO - DAG(s) 'example_display_name' retrieved from /home/airflow/.local/lib/python3.12/site-packages/airflow/example_dags/example_display_name.py
[2024-06-14T12:26:49.140+0000] {logging_mixin.py:188} INFO - [2024-06-14T12:26:49.140+0000] {dag.py:3096} INFO - Sync 1 DAGs
[2024-06-14T12:26:49.152+0000] {logging_mixin.py:188} INFO - [2024-06-14T12:26:49.151+0000] {dag.py:3954} INFO - Setting next_dagrun for example_display_name to None, run_after=None
[2024-06-14T12:26:49.168+0000] {processor.py:183} INFO - Processing /home/airflow/.local/lib/python3.12/site-packages/airflow/example_dags/example_display_name.py took 0.054 seconds
[2024-06-14T12:27:19.293+0000] {processor.py:161} INFO - Started process (PID=1042) to work on /home/airflow/.local/lib/python3.12/site-packages/airflow/example_dags/example_display_name.py
[2024-06-14T12:27:19.293+0000] {processor.py:830} INFO - Processing file /home/airflow/.local/lib/python3.12/site-packages/airflow/example_dags/example_display_name.py for tasks to queue
[2024-06-14T12:27:19.295+0000] {logging_mixin.py:188} INFO - [2024-06-14T12:27:19.295+0000] {dagbag.py:545} INFO - Filling up the DagBag from /home/airflow/.local/lib/python3.12/site-packages/airflow/example_dags/example_display_name.py
[2024-06-14T12:27:19.299+0000] {processor.py:840} INFO - DAG(s) 'example_display_name' retrieved from /home/airflow/.local/lib/python3.12/site-packages/airflow/example_dags/example_display_name.py
[2024-06-14T12:27:19.314+0000] {logging_mixin.py:188} INFO - [2024-06-14T12:27:19.314+0000] {dag.py:3096} INFO - Sync 1 DAGs
[2024-06-14T12:27:19.324+0000] {logging_mixin.py:188} INFO - [2024-06-14T12:27:19.324+0000] {dag.py:3954} INFO - Setting next_dagrun for example_display_name to None, run_after=None
[2024-06-14T12:27:19.339+0000] {processor.py:183} INFO - Processing /home/airflow/.local/lib/python3.12/site-packages/airflow/example_dags/example_display_name.py took 0.051 seconds
[2024-06-14T12:27:49.425+0000] {processor.py:161} INFO - Started process (PID=1100) to work on /home/airflow/.local/lib/python3.12/site-packages/airflow/example_dags/example_display_name.py
[2024-06-14T12:27:49.425+0000] {processor.py:830} INFO - Processing file /home/airflow/.local/lib/python3.12/site-packages/airflow/example_dags/example_display_name.py for tasks to queue
[2024-06-14T12:27:49.427+0000] {logging_mixin.py:188} INFO - [2024-06-14T12:27:49.427+0000] {dagbag.py:545} INFO - Filling up the DagBag from /home/airflow/.local/lib/python3.12/site-packages/airflow/example_dags/example_display_name.py
[2024-06-14T12:27:49.431+0000] {processor.py:840} INFO - DAG(s) 'example_display_name' retrieved from /home/airflow/.local/lib/python3.12/site-packages/airflow/example_dags/example_display_name.py
[2024-06-14T12:27:49.447+0000] {logging_mixin.py:188} INFO - [2024-06-14T12:27:49.447+0000] {dag.py:3096} INFO - Sync 1 DAGs
[2024-06-14T12:27:49.456+0000] {logging_mixin.py:188} INFO - [2024-06-14T12:27:49.455+0000] {dag.py:3954} INFO - Setting next_dagrun for example_display_name to None, run_after=None
[2024-06-14T12:27:49.471+0000] {processor.py:183} INFO - Processing /home/airflow/.local/lib/python3.12/site-packages/airflow/example_dags/example_display_name.py took 0.049 seconds
[2024-06-14T12:28:19.550+0000] {processor.py:161} INFO - Started process (PID=1157) to work on /home/airflow/.local/lib/python3.12/site-packages/airflow/example_dags/example_display_name.py
[2024-06-14T12:28:19.551+0000] {processor.py:830} INFO - Processing file /home/airflow/.local/lib/python3.12/site-packages/airflow/example_dags/example_display_name.py for tasks to queue
[2024-06-14T12:28:19.553+0000] {logging_mixin.py:188} INFO - [2024-06-14T12:28:19.552+0000] {dagbag.py:545} INFO - Filling up the DagBag from /home/airflow/.local/lib/python3.12/site-packages/airflow/example_dags/example_display_name.py
[2024-06-14T12:28:19.557+0000] {processor.py:840} INFO - DAG(s) 'example_display_name' retrieved from /home/airflow/.local/lib/python3.12/site-packages/airflow/example_dags/example_display_name.py
[2024-06-14T12:28:19.572+0000] {logging_mixin.py:188} INFO - [2024-06-14T12:28:19.572+0000] {dag.py:3096} INFO - Sync 1 DAGs
[2024-06-14T12:28:19.582+0000] {logging_mixin.py:188} INFO - [2024-06-14T12:28:19.582+0000] {dag.py:3954} INFO - Setting next_dagrun for example_display_name to None, run_after=None
[2024-06-14T12:28:19.597+0000] {processor.py:183} INFO - Processing /home/airflow/.local/lib/python3.12/site-packages/airflow/example_dags/example_display_name.py took 0.051 seconds
[2024-06-14T12:28:49.897+0000] {processor.py:161} INFO - Started process (PID=1215) to work on /home/airflow/.local/lib/python3.12/site-packages/airflow/example_dags/example_display_name.py
[2024-06-14T12:28:49.898+0000] {processor.py:830} INFO - Processing file /home/airflow/.local/lib/python3.12/site-packages/airflow/example_dags/example_display_name.py for tasks to queue
[2024-06-14T12:28:49.899+0000] {logging_mixin.py:188} INFO - [2024-06-14T12:28:49.899+0000] {dagbag.py:545} INFO - Filling up the DagBag from /home/airflow/.local/lib/python3.12/site-packages/airflow/example_dags/example_display_name.py
[2024-06-14T12:28:49.903+0000] {processor.py:840} INFO - DAG(s) 'example_display_name' retrieved from /home/airflow/.local/lib/python3.12/site-packages/airflow/example_dags/example_display_name.py
[2024-06-14T12:28:49.917+0000] {logging_mixin.py:188} INFO - [2024-06-14T12:28:49.917+0000] {dag.py:3096} INFO - Sync 1 DAGs
[2024-06-14T12:28:49.927+0000] {logging_mixin.py:188} INFO - [2024-06-14T12:28:49.927+0000] {dag.py:3954} INFO - Setting next_dagrun for example_display_name to None, run_after=None
[2024-06-14T12:28:49.944+0000] {processor.py:183} INFO - Processing /home/airflow/.local/lib/python3.12/site-packages/airflow/example_dags/example_display_name.py took 0.050 seconds
[2024-06-14T12:29:20.086+0000] {processor.py:161} INFO - Started process (PID=1273) to work on /home/airflow/.local/lib/python3.12/site-packages/airflow/example_dags/example_display_name.py
[2024-06-14T12:29:20.087+0000] {processor.py:830} INFO - Processing file /home/airflow/.local/lib/python3.12/site-packages/airflow/example_dags/example_display_name.py for tasks to queue
[2024-06-14T12:29:20.088+0000] {logging_mixin.py:188} INFO - [2024-06-14T12:29:20.088+0000] {dagbag.py:545} INFO - Filling up the DagBag from /home/airflow/.local/lib/python3.12/site-packages/airflow/example_dags/example_display_name.py
[2024-06-14T12:29:20.092+0000] {processor.py:840} INFO - DAG(s) 'example_display_name' retrieved from /home/airflow/.local/lib/python3.12/site-packages/airflow/example_dags/example_display_name.py
[2024-06-14T12:29:20.105+0000] {logging_mixin.py:188} INFO - [2024-06-14T12:29:20.105+0000] {dag.py:3096} INFO - Sync 1 DAGs
[2024-06-14T12:29:20.114+0000] {logging_mixin.py:188} INFO - [2024-06-14T12:29:20.114+0000] {dag.py:3954} INFO - Setting next_dagrun for example_display_name to None, run_after=None
[2024-06-14T12:29:20.128+0000] {processor.py:183} INFO - Processing /home/airflow/.local/lib/python3.12/site-packages/airflow/example_dags/example_display_name.py took 0.046 seconds
[2024-06-14T12:29:50.502+0000] {processor.py:161} INFO - Started process (PID=1331) to work on /home/airflow/.local/lib/python3.12/site-packages/airflow/example_dags/example_display_name.py
[2024-06-14T12:29:50.502+0000] {processor.py:830} INFO - Processing file /home/airflow/.local/lib/python3.12/site-packages/airflow/example_dags/example_display_name.py for tasks to queue
[2024-06-14T12:29:50.504+0000] {logging_mixin.py:188} INFO - [2024-06-14T12:29:50.503+0000] {dagbag.py:545} INFO - Filling up the DagBag from /home/airflow/.local/lib/python3.12/site-packages/airflow/example_dags/example_display_name.py
[2024-06-14T12:29:50.507+0000] {processor.py:840} INFO - DAG(s) 'example_display_name' retrieved from /home/airflow/.local/lib/python3.12/site-packages/airflow/example_dags/example_display_name.py
[2024-06-14T12:29:50.521+0000] {logging_mixin.py:188} INFO - [2024-06-14T12:29:50.521+0000] {dag.py:3096} INFO - Sync 1 DAGs
[2024-06-14T12:29:50.531+0000] {logging_mixin.py:188} INFO - [2024-06-14T12:29:50.531+0000] {dag.py:3954} INFO - Setting next_dagrun for example_display_name to None, run_after=None
[2024-06-14T12:29:50.544+0000] {processor.py:183} INFO - Processing /home/airflow/.local/lib/python3.12/site-packages/airflow/example_dags/example_display_name.py took 0.046 seconds
[2024-06-14T12:30:20.874+0000] {processor.py:161} INFO - Started process (PID=1389) to work on /home/airflow/.local/lib/python3.12/site-packages/airflow/example_dags/example_display_name.py
[2024-06-14T12:30:20.875+0000] {processor.py:830} INFO - Processing file /home/airflow/.local/lib/python3.12/site-packages/airflow/example_dags/example_display_name.py for tasks to queue
[2024-06-14T12:30:20.876+0000] {logging_mixin.py:188} INFO - [2024-06-14T12:30:20.876+0000] {dagbag.py:545} INFO - Filling up the DagBag from /home/airflow/.local/lib/python3.12/site-packages/airflow/example_dags/example_display_name.py
[2024-06-14T12:30:20.880+0000] {processor.py:840} INFO - DAG(s) 'example_display_name' retrieved from /home/airflow/.local/lib/python3.12/site-packages/airflow/example_dags/example_display_name.py
[2024-06-14T12:30:20.892+0000] {logging_mixin.py:188} INFO - [2024-06-14T12:30:20.892+0000] {dag.py:3096} INFO - Sync 1 DAGs
[2024-06-14T12:30:20.902+0000] {logging_mixin.py:188} INFO - [2024-06-14T12:30:20.902+0000] {dag.py:3954} INFO - Setting next_dagrun for example_display_name to None, run_after=None
[2024-06-14T12:30:20.915+0000] {processor.py:183} INFO - Processing /home/airflow/.local/lib/python3.12/site-packages/airflow/example_dags/example_display_name.py took 0.045 seconds
[2024-06-14T12:30:51.219+0000] {processor.py:161} INFO - Started process (PID=1447) to work on /home/airflow/.local/lib/python3.12/site-packages/airflow/example_dags/example_display_name.py
[2024-06-14T12:30:51.220+0000] {processor.py:830} INFO - Processing file /home/airflow/.local/lib/python3.12/site-packages/airflow/example_dags/example_display_name.py for tasks to queue
[2024-06-14T12:30:51.221+0000] {logging_mixin.py:188} INFO - [2024-06-14T12:30:51.221+0000] {dagbag.py:545} INFO - Filling up the DagBag from /home/airflow/.local/lib/python3.12/site-packages/airflow/example_dags/example_display_name.py
[2024-06-14T12:30:51.226+0000] {processor.py:840} INFO - DAG(s) 'example_display_name' retrieved from /home/airflow/.local/lib/python3.12/site-packages/airflow/example_dags/example_display_name.py
[2024-06-14T12:30:51.241+0000] {logging_mixin.py:188} INFO - [2024-06-14T12:30:51.241+0000] {dag.py:3096} INFO - Sync 1 DAGs
[2024-06-14T12:30:51.251+0000] {logging_mixin.py:188} INFO - [2024-06-14T12:30:51.251+0000] {dag.py:3954} INFO - Setting next_dagrun for example_display_name to None, run_after=None
[2024-06-14T12:30:51.265+0000] {processor.py:183} INFO - Processing /home/airflow/.local/lib/python3.12/site-packages/airflow/example_dags/example_display_name.py took 0.050 seconds
