[2024-06-14T12:06:30.107+0000] {processor.py:161} INFO - Started process (PID=38) to work on /home/airflow/.local/lib/python3.12/site-packages/airflow/example_dags/example_branch_labels.py
[2024-06-14T12:06:30.108+0000] {processor.py:830} INFO - Processing file /home/airflow/.local/lib/python3.12/site-packages/airflow/example_dags/example_branch_labels.py for tasks to queue
[2024-06-14T12:06:30.109+0000] {logging_mixin.py:188} INFO - [2024-06-14T12:06:30.109+0000] {dagbag.py:545} INFO - Filling up the DagBag from /home/airflow/.local/lib/python3.12/site-packages/airflow/example_dags/example_branch_labels.py
[2024-06-14T12:06:30.117+0000] {processor.py:840} INFO - DAG(s) 'example_branch_labels' retrieved from /home/airflow/.local/lib/python3.12/site-packages/airflow/example_dags/example_branch_labels.py
[2024-06-14T12:06:30.126+0000] {logging_mixin.py:188} INFO - [2024-06-14T12:06:30.125+0000] {dag.py:3096} INFO - Sync 1 DAGs
[2024-06-14T12:06:30.145+0000] {logging_mixin.py:188} INFO - [2024-06-14T12:06:30.145+0000] {dag.py:3954} INFO - Setting next_dagrun for example_branch_labels to 2024-06-13 00:00:00+00:00, run_after=2024-06-14 00:00:00+00:00
[2024-06-14T12:06:30.164+0000] {processor.py:183} INFO - Processing /home/airflow/.local/lib/python3.12/site-packages/airflow/example_dags/example_branch_labels.py took 0.061 seconds
[2024-06-14T12:07:00.968+0000] {processor.py:161} INFO - Started process (PID=96) to work on /home/airflow/.local/lib/python3.12/site-packages/airflow/example_dags/example_branch_labels.py
[2024-06-14T12:07:00.969+0000] {processor.py:830} INFO - Processing file /home/airflow/.local/lib/python3.12/site-packages/airflow/example_dags/example_branch_labels.py for tasks to queue
[2024-06-14T12:07:00.970+0000] {logging_mixin.py:188} INFO - [2024-06-14T12:07:00.970+0000] {dagbag.py:545} INFO - Filling up the DagBag from /home/airflow/.local/lib/python3.12/site-packages/airflow/example_dags/example_branch_labels.py
[2024-06-14T12:07:00.976+0000] {processor.py:840} INFO - DAG(s) 'example_branch_labels' retrieved from /home/airflow/.local/lib/python3.12/site-packages/airflow/example_dags/example_branch_labels.py
[2024-06-14T12:07:01.060+0000] {logging_mixin.py:188} INFO - [2024-06-14T12:07:01.060+0000] {dag.py:3096} INFO - Sync 1 DAGs
[2024-06-14T12:07:01.077+0000] {logging_mixin.py:188} INFO - [2024-06-14T12:07:01.077+0000] {dag.py:3954} INFO - Setting next_dagrun for example_branch_labels to 2024-06-13 00:00:00+00:00, run_after=2024-06-14 00:00:00+00:00
[2024-06-14T12:07:01.093+0000] {processor.py:183} INFO - Processing /home/airflow/.local/lib/python3.12/site-packages/airflow/example_dags/example_branch_labels.py took 0.130 seconds
[2024-06-14T12:07:31.972+0000] {processor.py:161} INFO - Started process (PID=154) to work on /home/airflow/.local/lib/python3.12/site-packages/airflow/example_dags/example_branch_labels.py
[2024-06-14T12:07:31.973+0000] {processor.py:830} INFO - Processing file /home/airflow/.local/lib/python3.12/site-packages/airflow/example_dags/example_branch_labels.py for tasks to queue
[2024-06-14T12:07:31.974+0000] {logging_mixin.py:188} INFO - [2024-06-14T12:07:31.974+0000] {dagbag.py:545} INFO - Filling up the DagBag from /home/airflow/.local/lib/python3.12/site-packages/airflow/example_dags/example_branch_labels.py
[2024-06-14T12:07:31.979+0000] {processor.py:840} INFO - DAG(s) 'example_branch_labels' retrieved from /home/airflow/.local/lib/python3.12/site-packages/airflow/example_dags/example_branch_labels.py
[2024-06-14T12:07:31.996+0000] {logging_mixin.py:188} INFO - [2024-06-14T12:07:31.996+0000] {dag.py:3096} INFO - Sync 1 DAGs
[2024-06-14T12:07:32.012+0000] {logging_mixin.py:188} INFO - [2024-06-14T12:07:32.012+0000] {dag.py:3954} INFO - Setting next_dagrun for example_branch_labels to 2024-06-13 00:00:00+00:00, run_after=2024-06-14 00:00:00+00:00
[2024-06-14T12:07:32.024+0000] {processor.py:183} INFO - Processing /home/airflow/.local/lib/python3.12/site-packages/airflow/example_dags/example_branch_labels.py took 0.056 seconds
[2024-06-14T12:08:02.167+0000] {processor.py:161} INFO - Started process (PID=212) to work on /home/airflow/.local/lib/python3.12/site-packages/airflow/example_dags/example_branch_labels.py
[2024-06-14T12:08:02.168+0000] {processor.py:830} INFO - Processing file /home/airflow/.local/lib/python3.12/site-packages/airflow/example_dags/example_branch_labels.py for tasks to queue
[2024-06-14T12:08:02.169+0000] {logging_mixin.py:188} INFO - [2024-06-14T12:08:02.169+0000] {dagbag.py:545} INFO - Filling up the DagBag from /home/airflow/.local/lib/python3.12/site-packages/airflow/example_dags/example_branch_labels.py
[2024-06-14T12:08:02.175+0000] {processor.py:840} INFO - DAG(s) 'example_branch_labels' retrieved from /home/airflow/.local/lib/python3.12/site-packages/airflow/example_dags/example_branch_labels.py
[2024-06-14T12:08:02.191+0000] {logging_mixin.py:188} INFO - [2024-06-14T12:08:02.191+0000] {dag.py:3096} INFO - Sync 1 DAGs
[2024-06-14T12:08:02.208+0000] {logging_mixin.py:188} INFO - [2024-06-14T12:08:02.208+0000] {dag.py:3954} INFO - Setting next_dagrun for example_branch_labels to 2024-06-13 00:00:00+00:00, run_after=2024-06-14 00:00:00+00:00
[2024-06-14T12:08:02.225+0000] {processor.py:183} INFO - Processing /home/airflow/.local/lib/python3.12/site-packages/airflow/example_dags/example_branch_labels.py took 0.062 seconds
[2024-06-14T12:08:32.306+0000] {processor.py:161} INFO - Started process (PID=270) to work on /home/airflow/.local/lib/python3.12/site-packages/airflow/example_dags/example_branch_labels.py
[2024-06-14T12:08:32.307+0000] {processor.py:830} INFO - Processing file /home/airflow/.local/lib/python3.12/site-packages/airflow/example_dags/example_branch_labels.py for tasks to queue
[2024-06-14T12:08:32.308+0000] {logging_mixin.py:188} INFO - [2024-06-14T12:08:32.308+0000] {dagbag.py:545} INFO - Filling up the DagBag from /home/airflow/.local/lib/python3.12/site-packages/airflow/example_dags/example_branch_labels.py
[2024-06-14T12:08:32.315+0000] {processor.py:840} INFO - DAG(s) 'example_branch_labels' retrieved from /home/airflow/.local/lib/python3.12/site-packages/airflow/example_dags/example_branch_labels.py
[2024-06-14T12:08:32.333+0000] {logging_mixin.py:188} INFO - [2024-06-14T12:08:32.332+0000] {dag.py:3096} INFO - Sync 1 DAGs
[2024-06-14T12:08:32.350+0000] {logging_mixin.py:188} INFO - [2024-06-14T12:08:32.350+0000] {dag.py:3954} INFO - Setting next_dagrun for example_branch_labels to 2024-06-13 00:00:00+00:00, run_after=2024-06-14 00:00:00+00:00
[2024-06-14T12:08:32.364+0000] {processor.py:183} INFO - Processing /home/airflow/.local/lib/python3.12/site-packages/airflow/example_dags/example_branch_labels.py took 0.063 seconds
[2024-06-14T12:09:02.569+0000] {processor.py:161} INFO - Started process (PID=328) to work on /home/airflow/.local/lib/python3.12/site-packages/airflow/example_dags/example_branch_labels.py
[2024-06-14T12:09:02.571+0000] {processor.py:830} INFO - Processing file /home/airflow/.local/lib/python3.12/site-packages/airflow/example_dags/example_branch_labels.py for tasks to queue
[2024-06-14T12:09:02.572+0000] {logging_mixin.py:188} INFO - [2024-06-14T12:09:02.572+0000] {dagbag.py:545} INFO - Filling up the DagBag from /home/airflow/.local/lib/python3.12/site-packages/airflow/example_dags/example_branch_labels.py
[2024-06-14T12:09:02.578+0000] {processor.py:840} INFO - DAG(s) 'example_branch_labels' retrieved from /home/airflow/.local/lib/python3.12/site-packages/airflow/example_dags/example_branch_labels.py
[2024-06-14T12:09:02.594+0000] {logging_mixin.py:188} INFO - [2024-06-14T12:09:02.594+0000] {dag.py:3096} INFO - Sync 1 DAGs
[2024-06-14T12:09:02.611+0000] {logging_mixin.py:188} INFO - [2024-06-14T12:09:02.611+0000] {dag.py:3954} INFO - Setting next_dagrun for example_branch_labels to 2024-06-13 00:00:00+00:00, run_after=2024-06-14 00:00:00+00:00
[2024-06-14T12:09:02.627+0000] {processor.py:183} INFO - Processing /home/airflow/.local/lib/python3.12/site-packages/airflow/example_dags/example_branch_labels.py took 0.062 seconds
[2024-06-14T12:09:32.780+0000] {processor.py:161} INFO - Started process (PID=393) to work on /home/airflow/.local/lib/python3.12/site-packages/airflow/example_dags/example_branch_labels.py
[2024-06-14T12:09:32.781+0000] {processor.py:830} INFO - Processing file /home/airflow/.local/lib/python3.12/site-packages/airflow/example_dags/example_branch_labels.py for tasks to queue
[2024-06-14T12:09:32.783+0000] {logging_mixin.py:188} INFO - [2024-06-14T12:09:32.783+0000] {dagbag.py:545} INFO - Filling up the DagBag from /home/airflow/.local/lib/python3.12/site-packages/airflow/example_dags/example_branch_labels.py
[2024-06-14T12:09:32.793+0000] {processor.py:840} INFO - DAG(s) 'example_branch_labels' retrieved from /home/airflow/.local/lib/python3.12/site-packages/airflow/example_dags/example_branch_labels.py
[2024-06-14T12:09:32.818+0000] {logging_mixin.py:188} INFO - [2024-06-14T12:09:32.818+0000] {dag.py:3096} INFO - Sync 1 DAGs
[2024-06-14T12:09:32.843+0000] {logging_mixin.py:188} INFO - [2024-06-14T12:09:32.843+0000] {dag.py:3954} INFO - Setting next_dagrun for example_branch_labels to 2024-06-13 00:00:00+00:00, run_after=2024-06-14 00:00:00+00:00
[2024-06-14T12:09:32.863+0000] {processor.py:183} INFO - Processing /home/airflow/.local/lib/python3.12/site-packages/airflow/example_dags/example_branch_labels.py took 0.091 seconds
[2024-06-14T12:10:03.215+0000] {processor.py:161} INFO - Started process (PID=451) to work on /home/airflow/.local/lib/python3.12/site-packages/airflow/example_dags/example_branch_labels.py
[2024-06-14T12:10:03.216+0000] {processor.py:830} INFO - Processing file /home/airflow/.local/lib/python3.12/site-packages/airflow/example_dags/example_branch_labels.py for tasks to queue
[2024-06-14T12:10:03.217+0000] {logging_mixin.py:188} INFO - [2024-06-14T12:10:03.217+0000] {dagbag.py:545} INFO - Filling up the DagBag from /home/airflow/.local/lib/python3.12/site-packages/airflow/example_dags/example_branch_labels.py
[2024-06-14T12:10:03.224+0000] {processor.py:840} INFO - DAG(s) 'example_branch_labels' retrieved from /home/airflow/.local/lib/python3.12/site-packages/airflow/example_dags/example_branch_labels.py
[2024-06-14T12:10:03.241+0000] {logging_mixin.py:188} INFO - [2024-06-14T12:10:03.240+0000] {dag.py:3096} INFO - Sync 1 DAGs
[2024-06-14T12:10:03.258+0000] {logging_mixin.py:188} INFO - [2024-06-14T12:10:03.258+0000] {dag.py:3954} INFO - Setting next_dagrun for example_branch_labels to 2024-06-13 00:00:00+00:00, run_after=2024-06-14 00:00:00+00:00
[2024-06-14T12:10:03.271+0000] {processor.py:183} INFO - Processing /home/airflow/.local/lib/python3.12/site-packages/airflow/example_dags/example_branch_labels.py took 0.060 seconds
[2024-06-14T12:10:33.331+0000] {processor.py:161} INFO - Started process (PID=508) to work on /home/airflow/.local/lib/python3.12/site-packages/airflow/example_dags/example_branch_labels.py
[2024-06-14T12:10:33.332+0000] {processor.py:830} INFO - Processing file /home/airflow/.local/lib/python3.12/site-packages/airflow/example_dags/example_branch_labels.py for tasks to queue
[2024-06-14T12:10:33.333+0000] {logging_mixin.py:188} INFO - [2024-06-14T12:10:33.333+0000] {dagbag.py:545} INFO - Filling up the DagBag from /home/airflow/.local/lib/python3.12/site-packages/airflow/example_dags/example_branch_labels.py
[2024-06-14T12:10:33.339+0000] {processor.py:840} INFO - DAG(s) 'example_branch_labels' retrieved from /home/airflow/.local/lib/python3.12/site-packages/airflow/example_dags/example_branch_labels.py
[2024-06-14T12:10:33.355+0000] {logging_mixin.py:188} INFO - [2024-06-14T12:10:33.355+0000] {dag.py:3096} INFO - Sync 1 DAGs
[2024-06-14T12:10:33.372+0000] {logging_mixin.py:188} INFO - [2024-06-14T12:10:33.371+0000] {dag.py:3954} INFO - Setting next_dagrun for example_branch_labels to 2024-06-13 00:00:00+00:00, run_after=2024-06-14 00:00:00+00:00
[2024-06-14T12:10:33.387+0000] {processor.py:183} INFO - Processing /home/airflow/.local/lib/python3.12/site-packages/airflow/example_dags/example_branch_labels.py took 0.061 seconds
[2024-06-14T12:11:03.580+0000] {processor.py:161} INFO - Started process (PID=574) to work on /home/airflow/.local/lib/python3.12/site-packages/airflow/example_dags/example_branch_labels.py
[2024-06-14T12:11:03.581+0000] {processor.py:830} INFO - Processing file /home/airflow/.local/lib/python3.12/site-packages/airflow/example_dags/example_branch_labels.py for tasks to queue
[2024-06-14T12:11:03.583+0000] {logging_mixin.py:188} INFO - [2024-06-14T12:11:03.583+0000] {dagbag.py:545} INFO - Filling up the DagBag from /home/airflow/.local/lib/python3.12/site-packages/airflow/example_dags/example_branch_labels.py
[2024-06-14T12:11:03.590+0000] {processor.py:840} INFO - DAG(s) 'example_branch_labels' retrieved from /home/airflow/.local/lib/python3.12/site-packages/airflow/example_dags/example_branch_labels.py
[2024-06-14T12:11:03.606+0000] {logging_mixin.py:188} INFO - [2024-06-14T12:11:03.606+0000] {dag.py:3096} INFO - Sync 1 DAGs
[2024-06-14T12:11:03.625+0000] {logging_mixin.py:188} INFO - [2024-06-14T12:11:03.625+0000] {dag.py:3954} INFO - Setting next_dagrun for example_branch_labels to 2024-06-13 00:00:00+00:00, run_after=2024-06-14 00:00:00+00:00
[2024-06-14T12:11:03.641+0000] {processor.py:183} INFO - Processing /home/airflow/.local/lib/python3.12/site-packages/airflow/example_dags/example_branch_labels.py took 0.065 seconds
[2024-06-14T12:11:33.739+0000] {processor.py:161} INFO - Started process (PID=631) to work on /home/airflow/.local/lib/python3.12/site-packages/airflow/example_dags/example_branch_labels.py
[2024-06-14T12:11:33.740+0000] {processor.py:830} INFO - Processing file /home/airflow/.local/lib/python3.12/site-packages/airflow/example_dags/example_branch_labels.py for tasks to queue
[2024-06-14T12:11:33.742+0000] {logging_mixin.py:188} INFO - [2024-06-14T12:11:33.741+0000] {dagbag.py:545} INFO - Filling up the DagBag from /home/airflow/.local/lib/python3.12/site-packages/airflow/example_dags/example_branch_labels.py
[2024-06-14T12:11:33.749+0000] {processor.py:840} INFO - DAG(s) 'example_branch_labels' retrieved from /home/airflow/.local/lib/python3.12/site-packages/airflow/example_dags/example_branch_labels.py
[2024-06-14T12:11:33.766+0000] {logging_mixin.py:188} INFO - [2024-06-14T12:11:33.766+0000] {dag.py:3096} INFO - Sync 1 DAGs
[2024-06-14T12:11:33.785+0000] {logging_mixin.py:188} INFO - [2024-06-14T12:11:33.785+0000] {dag.py:3954} INFO - Setting next_dagrun for example_branch_labels to 2024-06-13 00:00:00+00:00, run_after=2024-06-14 00:00:00+00:00
[2024-06-14T12:11:33.804+0000] {processor.py:183} INFO - Processing /home/airflow/.local/lib/python3.12/site-packages/airflow/example_dags/example_branch_labels.py took 0.074 seconds
[2024-06-14T12:12:03.948+0000] {processor.py:161} INFO - Started process (PID=689) to work on /home/airflow/.local/lib/python3.12/site-packages/airflow/example_dags/example_branch_labels.py
[2024-06-14T12:12:03.949+0000] {processor.py:830} INFO - Processing file /home/airflow/.local/lib/python3.12/site-packages/airflow/example_dags/example_branch_labels.py for tasks to queue
[2024-06-14T12:12:03.950+0000] {logging_mixin.py:188} INFO - [2024-06-14T12:12:03.950+0000] {dagbag.py:545} INFO - Filling up the DagBag from /home/airflow/.local/lib/python3.12/site-packages/airflow/example_dags/example_branch_labels.py
[2024-06-14T12:12:03.956+0000] {processor.py:840} INFO - DAG(s) 'example_branch_labels' retrieved from /home/airflow/.local/lib/python3.12/site-packages/airflow/example_dags/example_branch_labels.py
[2024-06-14T12:12:03.970+0000] {logging_mixin.py:188} INFO - [2024-06-14T12:12:03.970+0000] {dag.py:3096} INFO - Sync 1 DAGs
[2024-06-14T12:12:03.988+0000] {logging_mixin.py:188} INFO - [2024-06-14T12:12:03.988+0000] {dag.py:3954} INFO - Setting next_dagrun for example_branch_labels to 2024-06-13 00:00:00+00:00, run_after=2024-06-14 00:00:00+00:00
[2024-06-14T12:12:04.001+0000] {processor.py:183} INFO - Processing /home/airflow/.local/lib/python3.12/site-packages/airflow/example_dags/example_branch_labels.py took 0.057 seconds
[2024-06-14T12:12:34.104+0000] {processor.py:161} INFO - Started process (PID=747) to work on /home/airflow/.local/lib/python3.12/site-packages/airflow/example_dags/example_branch_labels.py
[2024-06-14T12:12:34.105+0000] {processor.py:830} INFO - Processing file /home/airflow/.local/lib/python3.12/site-packages/airflow/example_dags/example_branch_labels.py for tasks to queue
[2024-06-14T12:12:34.106+0000] {logging_mixin.py:188} INFO - [2024-06-14T12:12:34.106+0000] {dagbag.py:545} INFO - Filling up the DagBag from /home/airflow/.local/lib/python3.12/site-packages/airflow/example_dags/example_branch_labels.py
[2024-06-14T12:12:34.113+0000] {processor.py:840} INFO - DAG(s) 'example_branch_labels' retrieved from /home/airflow/.local/lib/python3.12/site-packages/airflow/example_dags/example_branch_labels.py
[2024-06-14T12:12:34.132+0000] {logging_mixin.py:188} INFO - [2024-06-14T12:12:34.131+0000] {dag.py:3096} INFO - Sync 1 DAGs
[2024-06-14T12:12:34.150+0000] {logging_mixin.py:188} INFO - [2024-06-14T12:12:34.150+0000] {dag.py:3954} INFO - Setting next_dagrun for example_branch_labels to 2024-06-13 00:00:00+00:00, run_after=2024-06-14 00:00:00+00:00
[2024-06-14T12:12:34.167+0000] {processor.py:183} INFO - Processing /home/airflow/.local/lib/python3.12/site-packages/airflow/example_dags/example_branch_labels.py took 0.068 seconds
[2024-06-14T12:13:04.259+0000] {processor.py:161} INFO - Started process (PID=805) to work on /home/airflow/.local/lib/python3.12/site-packages/airflow/example_dags/example_branch_labels.py
[2024-06-14T12:13:04.260+0000] {processor.py:830} INFO - Processing file /home/airflow/.local/lib/python3.12/site-packages/airflow/example_dags/example_branch_labels.py for tasks to queue
[2024-06-14T12:13:04.261+0000] {logging_mixin.py:188} INFO - [2024-06-14T12:13:04.261+0000] {dagbag.py:545} INFO - Filling up the DagBag from /home/airflow/.local/lib/python3.12/site-packages/airflow/example_dags/example_branch_labels.py
[2024-06-14T12:13:04.268+0000] {processor.py:840} INFO - DAG(s) 'example_branch_labels' retrieved from /home/airflow/.local/lib/python3.12/site-packages/airflow/example_dags/example_branch_labels.py
[2024-06-14T12:13:04.285+0000] {logging_mixin.py:188} INFO - [2024-06-14T12:13:04.285+0000] {dag.py:3096} INFO - Sync 1 DAGs
[2024-06-14T12:13:04.303+0000] {logging_mixin.py:188} INFO - [2024-06-14T12:13:04.303+0000] {dag.py:3954} INFO - Setting next_dagrun for example_branch_labels to 2024-06-13 00:00:00+00:00, run_after=2024-06-14 00:00:00+00:00
[2024-06-14T12:13:04.316+0000] {processor.py:183} INFO - Processing /home/airflow/.local/lib/python3.12/site-packages/airflow/example_dags/example_branch_labels.py took 0.063 seconds
[2024-06-14T12:13:34.677+0000] {processor.py:161} INFO - Started process (PID=864) to work on /home/airflow/.local/lib/python3.12/site-packages/airflow/example_dags/example_branch_labels.py
[2024-06-14T12:13:34.679+0000] {processor.py:830} INFO - Processing file /home/airflow/.local/lib/python3.12/site-packages/airflow/example_dags/example_branch_labels.py for tasks to queue
[2024-06-14T12:13:34.680+0000] {logging_mixin.py:188} INFO - [2024-06-14T12:13:34.680+0000] {dagbag.py:545} INFO - Filling up the DagBag from /home/airflow/.local/lib/python3.12/site-packages/airflow/example_dags/example_branch_labels.py
[2024-06-14T12:13:34.687+0000] {processor.py:840} INFO - DAG(s) 'example_branch_labels' retrieved from /home/airflow/.local/lib/python3.12/site-packages/airflow/example_dags/example_branch_labels.py
[2024-06-14T12:13:34.705+0000] {logging_mixin.py:188} INFO - [2024-06-14T12:13:34.705+0000] {dag.py:3096} INFO - Sync 1 DAGs
[2024-06-14T12:13:34.724+0000] {logging_mixin.py:188} INFO - [2024-06-14T12:13:34.724+0000] {dag.py:3954} INFO - Setting next_dagrun for example_branch_labels to 2024-06-13 00:00:00+00:00, run_after=2024-06-14 00:00:00+00:00
[2024-06-14T12:13:34.741+0000] {processor.py:183} INFO - Processing /home/airflow/.local/lib/python3.12/site-packages/airflow/example_dags/example_branch_labels.py took 0.068 seconds
[2024-06-14T12:14:05.156+0000] {processor.py:161} INFO - Started process (PID=922) to work on /home/airflow/.local/lib/python3.12/site-packages/airflow/example_dags/example_branch_labels.py
[2024-06-14T12:14:05.157+0000] {processor.py:830} INFO - Processing file /home/airflow/.local/lib/python3.12/site-packages/airflow/example_dags/example_branch_labels.py for tasks to queue
[2024-06-14T12:14:05.159+0000] {logging_mixin.py:188} INFO - [2024-06-14T12:14:05.159+0000] {dagbag.py:545} INFO - Filling up the DagBag from /home/airflow/.local/lib/python3.12/site-packages/airflow/example_dags/example_branch_labels.py
[2024-06-14T12:14:05.165+0000] {processor.py:840} INFO - DAG(s) 'example_branch_labels' retrieved from /home/airflow/.local/lib/python3.12/site-packages/airflow/example_dags/example_branch_labels.py
[2024-06-14T12:14:05.183+0000] {logging_mixin.py:188} INFO - [2024-06-14T12:14:05.182+0000] {dag.py:3096} INFO - Sync 1 DAGs
[2024-06-14T12:14:05.202+0000] {logging_mixin.py:188} INFO - [2024-06-14T12:14:05.202+0000] {dag.py:3954} INFO - Setting next_dagrun for example_branch_labels to 2024-06-13 00:00:00+00:00, run_after=2024-06-14 00:00:00+00:00
[2024-06-14T12:14:05.217+0000] {processor.py:183} INFO - Processing /home/airflow/.local/lib/python3.12/site-packages/airflow/example_dags/example_branch_labels.py took 0.066 seconds
[2024-06-14T12:14:35.512+0000] {processor.py:161} INFO - Started process (PID=980) to work on /home/airflow/.local/lib/python3.12/site-packages/airflow/example_dags/example_branch_labels.py
[2024-06-14T12:14:35.513+0000] {processor.py:830} INFO - Processing file /home/airflow/.local/lib/python3.12/site-packages/airflow/example_dags/example_branch_labels.py for tasks to queue
[2024-06-14T12:14:35.514+0000] {logging_mixin.py:188} INFO - [2024-06-14T12:14:35.514+0000] {dagbag.py:545} INFO - Filling up the DagBag from /home/airflow/.local/lib/python3.12/site-packages/airflow/example_dags/example_branch_labels.py
[2024-06-14T12:14:35.519+0000] {processor.py:840} INFO - DAG(s) 'example_branch_labels' retrieved from /home/airflow/.local/lib/python3.12/site-packages/airflow/example_dags/example_branch_labels.py
[2024-06-14T12:14:35.533+0000] {logging_mixin.py:188} INFO - [2024-06-14T12:14:35.533+0000] {dag.py:3096} INFO - Sync 1 DAGs
[2024-06-14T12:14:35.552+0000] {logging_mixin.py:188} INFO - [2024-06-14T12:14:35.551+0000] {dag.py:3954} INFO - Setting next_dagrun for example_branch_labels to 2024-06-13 00:00:00+00:00, run_after=2024-06-14 00:00:00+00:00
[2024-06-14T12:14:35.566+0000] {processor.py:183} INFO - Processing /home/airflow/.local/lib/python3.12/site-packages/airflow/example_dags/example_branch_labels.py took 0.058 seconds
[2024-06-14T12:15:05.888+0000] {processor.py:161} INFO - Started process (PID=1038) to work on /home/airflow/.local/lib/python3.12/site-packages/airflow/example_dags/example_branch_labels.py
[2024-06-14T12:15:05.888+0000] {processor.py:830} INFO - Processing file /home/airflow/.local/lib/python3.12/site-packages/airflow/example_dags/example_branch_labels.py for tasks to queue
[2024-06-14T12:15:05.890+0000] {logging_mixin.py:188} INFO - [2024-06-14T12:15:05.890+0000] {dagbag.py:545} INFO - Filling up the DagBag from /home/airflow/.local/lib/python3.12/site-packages/airflow/example_dags/example_branch_labels.py
[2024-06-14T12:15:05.896+0000] {processor.py:840} INFO - DAG(s) 'example_branch_labels' retrieved from /home/airflow/.local/lib/python3.12/site-packages/airflow/example_dags/example_branch_labels.py
[2024-06-14T12:15:05.911+0000] {logging_mixin.py:188} INFO - [2024-06-14T12:15:05.910+0000] {dag.py:3096} INFO - Sync 1 DAGs
[2024-06-14T12:15:05.927+0000] {logging_mixin.py:188} INFO - [2024-06-14T12:15:05.927+0000] {dag.py:3954} INFO - Setting next_dagrun for example_branch_labels to 2024-06-13 00:00:00+00:00, run_after=2024-06-14 00:00:00+00:00
[2024-06-14T12:15:05.944+0000] {processor.py:183} INFO - Processing /home/airflow/.local/lib/python3.12/site-packages/airflow/example_dags/example_branch_labels.py took 0.060 seconds
[2024-06-14T12:15:36.159+0000] {processor.py:161} INFO - Started process (PID=1096) to work on /home/airflow/.local/lib/python3.12/site-packages/airflow/example_dags/example_branch_labels.py
[2024-06-14T12:15:36.160+0000] {processor.py:830} INFO - Processing file /home/airflow/.local/lib/python3.12/site-packages/airflow/example_dags/example_branch_labels.py for tasks to queue
[2024-06-14T12:15:36.161+0000] {logging_mixin.py:188} INFO - [2024-06-14T12:15:36.161+0000] {dagbag.py:545} INFO - Filling up the DagBag from /home/airflow/.local/lib/python3.12/site-packages/airflow/example_dags/example_branch_labels.py
[2024-06-14T12:15:36.166+0000] {processor.py:840} INFO - DAG(s) 'example_branch_labels' retrieved from /home/airflow/.local/lib/python3.12/site-packages/airflow/example_dags/example_branch_labels.py
[2024-06-14T12:15:36.181+0000] {logging_mixin.py:188} INFO - [2024-06-14T12:15:36.181+0000] {dag.py:3096} INFO - Sync 1 DAGs
[2024-06-14T12:15:36.198+0000] {logging_mixin.py:188} INFO - [2024-06-14T12:15:36.197+0000] {dag.py:3954} INFO - Setting next_dagrun for example_branch_labels to 2024-06-13 00:00:00+00:00, run_after=2024-06-14 00:00:00+00:00
[2024-06-14T12:15:36.211+0000] {processor.py:183} INFO - Processing /home/airflow/.local/lib/python3.12/site-packages/airflow/example_dags/example_branch_labels.py took 0.056 seconds
[2024-06-14T12:16:06.480+0000] {processor.py:161} INFO - Started process (PID=1154) to work on /home/airflow/.local/lib/python3.12/site-packages/airflow/example_dags/example_branch_labels.py
[2024-06-14T12:16:06.481+0000] {processor.py:830} INFO - Processing file /home/airflow/.local/lib/python3.12/site-packages/airflow/example_dags/example_branch_labels.py for tasks to queue
[2024-06-14T12:16:06.483+0000] {logging_mixin.py:188} INFO - [2024-06-14T12:16:06.483+0000] {dagbag.py:545} INFO - Filling up the DagBag from /home/airflow/.local/lib/python3.12/site-packages/airflow/example_dags/example_branch_labels.py
[2024-06-14T12:16:06.489+0000] {processor.py:840} INFO - DAG(s) 'example_branch_labels' retrieved from /home/airflow/.local/lib/python3.12/site-packages/airflow/example_dags/example_branch_labels.py
[2024-06-14T12:16:06.504+0000] {logging_mixin.py:188} INFO - [2024-06-14T12:16:06.504+0000] {dag.py:3096} INFO - Sync 1 DAGs
[2024-06-14T12:16:06.520+0000] {logging_mixin.py:188} INFO - [2024-06-14T12:16:06.520+0000] {dag.py:3954} INFO - Setting next_dagrun for example_branch_labels to 2024-06-13 00:00:00+00:00, run_after=2024-06-14 00:00:00+00:00
[2024-06-14T12:16:06.534+0000] {processor.py:183} INFO - Processing /home/airflow/.local/lib/python3.12/site-packages/airflow/example_dags/example_branch_labels.py took 0.058 seconds
[2024-06-14T12:16:36.811+0000] {processor.py:161} INFO - Started process (PID=1212) to work on /home/airflow/.local/lib/python3.12/site-packages/airflow/example_dags/example_branch_labels.py
[2024-06-14T12:16:36.812+0000] {processor.py:830} INFO - Processing file /home/airflow/.local/lib/python3.12/site-packages/airflow/example_dags/example_branch_labels.py for tasks to queue
[2024-06-14T12:16:36.813+0000] {logging_mixin.py:188} INFO - [2024-06-14T12:16:36.813+0000] {dagbag.py:545} INFO - Filling up the DagBag from /home/airflow/.local/lib/python3.12/site-packages/airflow/example_dags/example_branch_labels.py
[2024-06-14T12:16:36.819+0000] {processor.py:840} INFO - DAG(s) 'example_branch_labels' retrieved from /home/airflow/.local/lib/python3.12/site-packages/airflow/example_dags/example_branch_labels.py
[2024-06-14T12:16:36.833+0000] {logging_mixin.py:188} INFO - [2024-06-14T12:16:36.833+0000] {dag.py:3096} INFO - Sync 1 DAGs
[2024-06-14T12:16:36.852+0000] {logging_mixin.py:188} INFO - [2024-06-14T12:16:36.852+0000] {dag.py:3954} INFO - Setting next_dagrun for example_branch_labels to 2024-06-13 00:00:00+00:00, run_after=2024-06-14 00:00:00+00:00
[2024-06-14T12:16:36.865+0000] {processor.py:183} INFO - Processing /home/airflow/.local/lib/python3.12/site-packages/airflow/example_dags/example_branch_labels.py took 0.058 seconds
[2024-06-14T12:17:07.140+0000] {processor.py:161} INFO - Started process (PID=1270) to work on /home/airflow/.local/lib/python3.12/site-packages/airflow/example_dags/example_branch_labels.py
[2024-06-14T12:17:07.141+0000] {processor.py:830} INFO - Processing file /home/airflow/.local/lib/python3.12/site-packages/airflow/example_dags/example_branch_labels.py for tasks to queue
[2024-06-14T12:17:07.142+0000] {logging_mixin.py:188} INFO - [2024-06-14T12:17:07.142+0000] {dagbag.py:545} INFO - Filling up the DagBag from /home/airflow/.local/lib/python3.12/site-packages/airflow/example_dags/example_branch_labels.py
[2024-06-14T12:17:07.148+0000] {processor.py:840} INFO - DAG(s) 'example_branch_labels' retrieved from /home/airflow/.local/lib/python3.12/site-packages/airflow/example_dags/example_branch_labels.py
[2024-06-14T12:17:07.165+0000] {logging_mixin.py:188} INFO - [2024-06-14T12:17:07.165+0000] {dag.py:3096} INFO - Sync 1 DAGs
[2024-06-14T12:17:07.184+0000] {logging_mixin.py:188} INFO - [2024-06-14T12:17:07.183+0000] {dag.py:3954} INFO - Setting next_dagrun for example_branch_labels to 2024-06-13 00:00:00+00:00, run_after=2024-06-14 00:00:00+00:00
[2024-06-14T12:17:07.201+0000] {processor.py:183} INFO - Processing /home/airflow/.local/lib/python3.12/site-packages/airflow/example_dags/example_branch_labels.py took 0.065 seconds
[2024-06-14T12:17:37.504+0000] {processor.py:161} INFO - Started process (PID=1328) to work on /home/airflow/.local/lib/python3.12/site-packages/airflow/example_dags/example_branch_labels.py
[2024-06-14T12:17:37.505+0000] {processor.py:830} INFO - Processing file /home/airflow/.local/lib/python3.12/site-packages/airflow/example_dags/example_branch_labels.py for tasks to queue
[2024-06-14T12:17:37.506+0000] {logging_mixin.py:188} INFO - [2024-06-14T12:17:37.506+0000] {dagbag.py:545} INFO - Filling up the DagBag from /home/airflow/.local/lib/python3.12/site-packages/airflow/example_dags/example_branch_labels.py
[2024-06-14T12:17:37.512+0000] {processor.py:840} INFO - DAG(s) 'example_branch_labels' retrieved from /home/airflow/.local/lib/python3.12/site-packages/airflow/example_dags/example_branch_labels.py
[2024-06-14T12:17:37.527+0000] {logging_mixin.py:188} INFO - [2024-06-14T12:17:37.527+0000] {dag.py:3096} INFO - Sync 1 DAGs
[2024-06-14T12:17:37.545+0000] {logging_mixin.py:188} INFO - [2024-06-14T12:17:37.545+0000] {dag.py:3954} INFO - Setting next_dagrun for example_branch_labels to 2024-06-13 00:00:00+00:00, run_after=2024-06-14 00:00:00+00:00
[2024-06-14T12:17:37.562+0000] {processor.py:183} INFO - Processing /home/airflow/.local/lib/python3.12/site-packages/airflow/example_dags/example_branch_labels.py took 0.062 seconds
[2024-06-14T12:18:40.749+0000] {processor.py:161} INFO - Started process (PID=38) to work on /home/airflow/.local/lib/python3.12/site-packages/airflow/example_dags/example_branch_labels.py
[2024-06-14T12:18:40.750+0000] {processor.py:830} INFO - Processing file /home/airflow/.local/lib/python3.12/site-packages/airflow/example_dags/example_branch_labels.py for tasks to queue
[2024-06-14T12:18:40.754+0000] {logging_mixin.py:188} INFO - [2024-06-14T12:18:40.754+0000] {dagbag.py:545} INFO - Filling up the DagBag from /home/airflow/.local/lib/python3.12/site-packages/airflow/example_dags/example_branch_labels.py
[2024-06-14T12:18:40.766+0000] {processor.py:840} INFO - DAG(s) 'example_branch_labels' retrieved from /home/airflow/.local/lib/python3.12/site-packages/airflow/example_dags/example_branch_labels.py
[2024-06-14T12:18:40.782+0000] {logging_mixin.py:188} INFO - [2024-06-14T12:18:40.781+0000] {dag.py:3096} INFO - Sync 1 DAGs
[2024-06-14T12:18:40.811+0000] {logging_mixin.py:188} INFO - [2024-06-14T12:18:40.811+0000] {dag.py:3954} INFO - Setting next_dagrun for example_branch_labels to 2024-06-13 00:00:00+00:00, run_after=2024-06-14 00:00:00+00:00
[2024-06-14T12:18:40.830+0000] {processor.py:183} INFO - Processing /home/airflow/.local/lib/python3.12/site-packages/airflow/example_dags/example_branch_labels.py took 0.087 seconds
[2024-06-14T12:19:11.792+0000] {processor.py:161} INFO - Started process (PID=96) to work on /home/airflow/.local/lib/python3.12/site-packages/airflow/example_dags/example_branch_labels.py
[2024-06-14T12:19:11.792+0000] {processor.py:830} INFO - Processing file /home/airflow/.local/lib/python3.12/site-packages/airflow/example_dags/example_branch_labels.py for tasks to queue
[2024-06-14T12:19:11.793+0000] {logging_mixin.py:188} INFO - [2024-06-14T12:19:11.793+0000] {dagbag.py:545} INFO - Filling up the DagBag from /home/airflow/.local/lib/python3.12/site-packages/airflow/example_dags/example_branch_labels.py
[2024-06-14T12:19:11.800+0000] {processor.py:840} INFO - DAG(s) 'example_branch_labels' retrieved from /home/airflow/.local/lib/python3.12/site-packages/airflow/example_dags/example_branch_labels.py
[2024-06-14T12:19:11.878+0000] {logging_mixin.py:188} INFO - [2024-06-14T12:19:11.878+0000] {dag.py:3096} INFO - Sync 1 DAGs
[2024-06-14T12:19:11.893+0000] {logging_mixin.py:188} INFO - [2024-06-14T12:19:11.893+0000] {dag.py:3954} INFO - Setting next_dagrun for example_branch_labels to 2024-06-13 00:00:00+00:00, run_after=2024-06-14 00:00:00+00:00
[2024-06-14T12:19:11.908+0000] {processor.py:183} INFO - Processing /home/airflow/.local/lib/python3.12/site-packages/airflow/example_dags/example_branch_labels.py took 0.120 seconds
[2024-06-14T12:19:42.140+0000] {processor.py:161} INFO - Started process (PID=153) to work on /home/airflow/.local/lib/python3.12/site-packages/airflow/example_dags/example_branch_labels.py
[2024-06-14T12:19:42.140+0000] {processor.py:830} INFO - Processing file /home/airflow/.local/lib/python3.12/site-packages/airflow/example_dags/example_branch_labels.py for tasks to queue
[2024-06-14T12:19:42.142+0000] {logging_mixin.py:188} INFO - [2024-06-14T12:19:42.142+0000] {dagbag.py:545} INFO - Filling up the DagBag from /home/airflow/.local/lib/python3.12/site-packages/airflow/example_dags/example_branch_labels.py
[2024-06-14T12:19:42.147+0000] {processor.py:840} INFO - DAG(s) 'example_branch_labels' retrieved from /home/airflow/.local/lib/python3.12/site-packages/airflow/example_dags/example_branch_labels.py
[2024-06-14T12:19:42.162+0000] {logging_mixin.py:188} INFO - [2024-06-14T12:19:42.162+0000] {dag.py:3096} INFO - Sync 1 DAGs
[2024-06-14T12:19:42.182+0000] {logging_mixin.py:188} INFO - [2024-06-14T12:19:42.181+0000] {dag.py:3954} INFO - Setting next_dagrun for example_branch_labels to 2024-06-13 00:00:00+00:00, run_after=2024-06-14 00:00:00+00:00
[2024-06-14T12:19:42.199+0000] {processor.py:183} INFO - Processing /home/airflow/.local/lib/python3.12/site-packages/airflow/example_dags/example_branch_labels.py took 0.063 seconds
[2024-06-14T12:20:12.592+0000] {processor.py:161} INFO - Started process (PID=212) to work on /home/airflow/.local/lib/python3.12/site-packages/airflow/example_dags/example_branch_labels.py
[2024-06-14T12:20:12.593+0000] {processor.py:830} INFO - Processing file /home/airflow/.local/lib/python3.12/site-packages/airflow/example_dags/example_branch_labels.py for tasks to queue
[2024-06-14T12:20:12.595+0000] {logging_mixin.py:188} INFO - [2024-06-14T12:20:12.594+0000] {dagbag.py:545} INFO - Filling up the DagBag from /home/airflow/.local/lib/python3.12/site-packages/airflow/example_dags/example_branch_labels.py
[2024-06-14T12:20:12.601+0000] {processor.py:840} INFO - DAG(s) 'example_branch_labels' retrieved from /home/airflow/.local/lib/python3.12/site-packages/airflow/example_dags/example_branch_labels.py
[2024-06-14T12:20:12.615+0000] {logging_mixin.py:188} INFO - [2024-06-14T12:20:12.615+0000] {dag.py:3096} INFO - Sync 1 DAGs
[2024-06-14T12:20:12.631+0000] {logging_mixin.py:188} INFO - [2024-06-14T12:20:12.631+0000] {dag.py:3954} INFO - Setting next_dagrun for example_branch_labels to 2024-06-13 00:00:00+00:00, run_after=2024-06-14 00:00:00+00:00
[2024-06-14T12:20:12.644+0000] {processor.py:183} INFO - Processing /home/airflow/.local/lib/python3.12/site-packages/airflow/example_dags/example_branch_labels.py took 0.057 seconds
[2024-06-14T12:20:43.071+0000] {processor.py:161} INFO - Started process (PID=270) to work on /home/airflow/.local/lib/python3.12/site-packages/airflow/example_dags/example_branch_labels.py
[2024-06-14T12:20:43.072+0000] {processor.py:830} INFO - Processing file /home/airflow/.local/lib/python3.12/site-packages/airflow/example_dags/example_branch_labels.py for tasks to queue
[2024-06-14T12:20:43.073+0000] {logging_mixin.py:188} INFO - [2024-06-14T12:20:43.073+0000] {dagbag.py:545} INFO - Filling up the DagBag from /home/airflow/.local/lib/python3.12/site-packages/airflow/example_dags/example_branch_labels.py
[2024-06-14T12:20:43.080+0000] {processor.py:840} INFO - DAG(s) 'example_branch_labels' retrieved from /home/airflow/.local/lib/python3.12/site-packages/airflow/example_dags/example_branch_labels.py
[2024-06-14T12:20:43.099+0000] {logging_mixin.py:188} INFO - [2024-06-14T12:20:43.099+0000] {dag.py:3096} INFO - Sync 1 DAGs
[2024-06-14T12:20:43.119+0000] {logging_mixin.py:188} INFO - [2024-06-14T12:20:43.119+0000] {dag.py:3954} INFO - Setting next_dagrun for example_branch_labels to 2024-06-13 00:00:00+00:00, run_after=2024-06-14 00:00:00+00:00
[2024-06-14T12:20:43.135+0000] {processor.py:183} INFO - Processing /home/airflow/.local/lib/python3.12/site-packages/airflow/example_dags/example_branch_labels.py took 0.068 seconds
[2024-06-14T12:21:13.313+0000] {processor.py:161} INFO - Started process (PID=328) to work on /home/airflow/.local/lib/python3.12/site-packages/airflow/example_dags/example_branch_labels.py
[2024-06-14T12:21:13.314+0000] {processor.py:830} INFO - Processing file /home/airflow/.local/lib/python3.12/site-packages/airflow/example_dags/example_branch_labels.py for tasks to queue
[2024-06-14T12:21:13.315+0000] {logging_mixin.py:188} INFO - [2024-06-14T12:21:13.315+0000] {dagbag.py:545} INFO - Filling up the DagBag from /home/airflow/.local/lib/python3.12/site-packages/airflow/example_dags/example_branch_labels.py
[2024-06-14T12:21:13.323+0000] {processor.py:840} INFO - DAG(s) 'example_branch_labels' retrieved from /home/airflow/.local/lib/python3.12/site-packages/airflow/example_dags/example_branch_labels.py
[2024-06-14T12:21:13.340+0000] {logging_mixin.py:188} INFO - [2024-06-14T12:21:13.340+0000] {dag.py:3096} INFO - Sync 1 DAGs
[2024-06-14T12:21:13.364+0000] {logging_mixin.py:188} INFO - [2024-06-14T12:21:13.363+0000] {dag.py:3954} INFO - Setting next_dagrun for example_branch_labels to 2024-06-13 00:00:00+00:00, run_after=2024-06-14 00:00:00+00:00
[2024-06-14T12:21:13.383+0000] {processor.py:183} INFO - Processing /home/airflow/.local/lib/python3.12/site-packages/airflow/example_dags/example_branch_labels.py took 0.075 seconds
[2024-06-14T12:21:43.539+0000] {processor.py:161} INFO - Started process (PID=386) to work on /home/airflow/.local/lib/python3.12/site-packages/airflow/example_dags/example_branch_labels.py
[2024-06-14T12:21:43.540+0000] {processor.py:830} INFO - Processing file /home/airflow/.local/lib/python3.12/site-packages/airflow/example_dags/example_branch_labels.py for tasks to queue
[2024-06-14T12:21:43.541+0000] {logging_mixin.py:188} INFO - [2024-06-14T12:21:43.541+0000] {dagbag.py:545} INFO - Filling up the DagBag from /home/airflow/.local/lib/python3.12/site-packages/airflow/example_dags/example_branch_labels.py
[2024-06-14T12:21:43.546+0000] {processor.py:840} INFO - DAG(s) 'example_branch_labels' retrieved from /home/airflow/.local/lib/python3.12/site-packages/airflow/example_dags/example_branch_labels.py
[2024-06-14T12:21:43.565+0000] {logging_mixin.py:188} INFO - [2024-06-14T12:21:43.565+0000] {dag.py:3096} INFO - Sync 1 DAGs
[2024-06-14T12:21:43.582+0000] {logging_mixin.py:188} INFO - [2024-06-14T12:21:43.582+0000] {dag.py:3954} INFO - Setting next_dagrun for example_branch_labels to 2024-06-13 00:00:00+00:00, run_after=2024-06-14 00:00:00+00:00
[2024-06-14T12:21:43.595+0000] {processor.py:183} INFO - Processing /home/airflow/.local/lib/python3.12/site-packages/airflow/example_dags/example_branch_labels.py took 0.060 seconds
[2024-06-14T12:22:14.159+0000] {processor.py:161} INFO - Started process (PID=445) to work on /home/airflow/.local/lib/python3.12/site-packages/airflow/example_dags/example_branch_labels.py
[2024-06-14T12:22:14.160+0000] {processor.py:830} INFO - Processing file /home/airflow/.local/lib/python3.12/site-packages/airflow/example_dags/example_branch_labels.py for tasks to queue
[2024-06-14T12:22:14.161+0000] {logging_mixin.py:188} INFO - [2024-06-14T12:22:14.161+0000] {dagbag.py:545} INFO - Filling up the DagBag from /home/airflow/.local/lib/python3.12/site-packages/airflow/example_dags/example_branch_labels.py
[2024-06-14T12:22:14.166+0000] {processor.py:840} INFO - DAG(s) 'example_branch_labels' retrieved from /home/airflow/.local/lib/python3.12/site-packages/airflow/example_dags/example_branch_labels.py
[2024-06-14T12:22:14.181+0000] {logging_mixin.py:188} INFO - [2024-06-14T12:22:14.181+0000] {dag.py:3096} INFO - Sync 1 DAGs
[2024-06-14T12:22:14.199+0000] {logging_mixin.py:188} INFO - [2024-06-14T12:22:14.198+0000] {dag.py:3954} INFO - Setting next_dagrun for example_branch_labels to 2024-06-13 00:00:00+00:00, run_after=2024-06-14 00:00:00+00:00
[2024-06-14T12:22:14.212+0000] {processor.py:183} INFO - Processing /home/airflow/.local/lib/python3.12/site-packages/airflow/example_dags/example_branch_labels.py took 0.056 seconds
[2024-06-14T12:22:44.470+0000] {processor.py:161} INFO - Started process (PID=503) to work on /home/airflow/.local/lib/python3.12/site-packages/airflow/example_dags/example_branch_labels.py
[2024-06-14T12:22:44.470+0000] {processor.py:830} INFO - Processing file /home/airflow/.local/lib/python3.12/site-packages/airflow/example_dags/example_branch_labels.py for tasks to queue
[2024-06-14T12:22:44.472+0000] {logging_mixin.py:188} INFO - [2024-06-14T12:22:44.472+0000] {dagbag.py:545} INFO - Filling up the DagBag from /home/airflow/.local/lib/python3.12/site-packages/airflow/example_dags/example_branch_labels.py
[2024-06-14T12:22:44.479+0000] {processor.py:840} INFO - DAG(s) 'example_branch_labels' retrieved from /home/airflow/.local/lib/python3.12/site-packages/airflow/example_dags/example_branch_labels.py
[2024-06-14T12:22:44.495+0000] {logging_mixin.py:188} INFO - [2024-06-14T12:22:44.495+0000] {dag.py:3096} INFO - Sync 1 DAGs
[2024-06-14T12:22:44.512+0000] {logging_mixin.py:188} INFO - [2024-06-14T12:22:44.512+0000] {dag.py:3954} INFO - Setting next_dagrun for example_branch_labels to 2024-06-13 00:00:00+00:00, run_after=2024-06-14 00:00:00+00:00
[2024-06-14T12:22:44.526+0000] {processor.py:183} INFO - Processing /home/airflow/.local/lib/python3.12/site-packages/airflow/example_dags/example_branch_labels.py took 0.060 seconds
[2024-06-14T12:23:14.841+0000] {processor.py:161} INFO - Started process (PID=561) to work on /home/airflow/.local/lib/python3.12/site-packages/airflow/example_dags/example_branch_labels.py
[2024-06-14T12:23:14.842+0000] {processor.py:830} INFO - Processing file /home/airflow/.local/lib/python3.12/site-packages/airflow/example_dags/example_branch_labels.py for tasks to queue
[2024-06-14T12:23:14.843+0000] {logging_mixin.py:188} INFO - [2024-06-14T12:23:14.843+0000] {dagbag.py:545} INFO - Filling up the DagBag from /home/airflow/.local/lib/python3.12/site-packages/airflow/example_dags/example_branch_labels.py
[2024-06-14T12:23:14.850+0000] {processor.py:840} INFO - DAG(s) 'example_branch_labels' retrieved from /home/airflow/.local/lib/python3.12/site-packages/airflow/example_dags/example_branch_labels.py
[2024-06-14T12:23:14.867+0000] {logging_mixin.py:188} INFO - [2024-06-14T12:23:14.866+0000] {dag.py:3096} INFO - Sync 1 DAGs
[2024-06-14T12:23:14.885+0000] {logging_mixin.py:188} INFO - [2024-06-14T12:23:14.885+0000] {dag.py:3954} INFO - Setting next_dagrun for example_branch_labels to 2024-06-13 00:00:00+00:00, run_after=2024-06-14 00:00:00+00:00
[2024-06-14T12:23:14.901+0000] {processor.py:183} INFO - Processing /home/airflow/.local/lib/python3.12/site-packages/airflow/example_dags/example_branch_labels.py took 0.065 seconds
[2024-06-14T12:23:45.283+0000] {processor.py:161} INFO - Started process (PID=619) to work on /home/airflow/.local/lib/python3.12/site-packages/airflow/example_dags/example_branch_labels.py
[2024-06-14T12:23:45.284+0000] {processor.py:830} INFO - Processing file /home/airflow/.local/lib/python3.12/site-packages/airflow/example_dags/example_branch_labels.py for tasks to queue
[2024-06-14T12:23:45.285+0000] {logging_mixin.py:188} INFO - [2024-06-14T12:23:45.285+0000] {dagbag.py:545} INFO - Filling up the DagBag from /home/airflow/.local/lib/python3.12/site-packages/airflow/example_dags/example_branch_labels.py
[2024-06-14T12:23:45.291+0000] {processor.py:840} INFO - DAG(s) 'example_branch_labels' retrieved from /home/airflow/.local/lib/python3.12/site-packages/airflow/example_dags/example_branch_labels.py
[2024-06-14T12:23:45.308+0000] {logging_mixin.py:188} INFO - [2024-06-14T12:23:45.308+0000] {dag.py:3096} INFO - Sync 1 DAGs
[2024-06-14T12:23:45.327+0000] {logging_mixin.py:188} INFO - [2024-06-14T12:23:45.327+0000] {dag.py:3954} INFO - Setting next_dagrun for example_branch_labels to 2024-06-13 00:00:00+00:00, run_after=2024-06-14 00:00:00+00:00
[2024-06-14T12:23:45.343+0000] {processor.py:183} INFO - Processing /home/airflow/.local/lib/python3.12/site-packages/airflow/example_dags/example_branch_labels.py took 0.064 seconds
[2024-06-14T12:24:15.542+0000] {processor.py:161} INFO - Started process (PID=678) to work on /home/airflow/.local/lib/python3.12/site-packages/airflow/example_dags/example_branch_labels.py
[2024-06-14T12:24:15.543+0000] {processor.py:830} INFO - Processing file /home/airflow/.local/lib/python3.12/site-packages/airflow/example_dags/example_branch_labels.py for tasks to queue
[2024-06-14T12:24:15.545+0000] {logging_mixin.py:188} INFO - [2024-06-14T12:24:15.544+0000] {dagbag.py:545} INFO - Filling up the DagBag from /home/airflow/.local/lib/python3.12/site-packages/airflow/example_dags/example_branch_labels.py
[2024-06-14T12:24:15.550+0000] {processor.py:840} INFO - DAG(s) 'example_branch_labels' retrieved from /home/airflow/.local/lib/python3.12/site-packages/airflow/example_dags/example_branch_labels.py
[2024-06-14T12:24:15.565+0000] {logging_mixin.py:188} INFO - [2024-06-14T12:24:15.565+0000] {dag.py:3096} INFO - Sync 1 DAGs
[2024-06-14T12:24:15.581+0000] {logging_mixin.py:188} INFO - [2024-06-14T12:24:15.581+0000] {dag.py:3954} INFO - Setting next_dagrun for example_branch_labels to 2024-06-13 00:00:00+00:00, run_after=2024-06-14 00:00:00+00:00
[2024-06-14T12:24:15.597+0000] {processor.py:183} INFO - Processing /home/airflow/.local/lib/python3.12/site-packages/airflow/example_dags/example_branch_labels.py took 0.059 seconds
[2024-06-14T12:24:45.920+0000] {processor.py:161} INFO - Started process (PID=736) to work on /home/airflow/.local/lib/python3.12/site-packages/airflow/example_dags/example_branch_labels.py
[2024-06-14T12:24:45.921+0000] {processor.py:830} INFO - Processing file /home/airflow/.local/lib/python3.12/site-packages/airflow/example_dags/example_branch_labels.py for tasks to queue
[2024-06-14T12:24:45.922+0000] {logging_mixin.py:188} INFO - [2024-06-14T12:24:45.922+0000] {dagbag.py:545} INFO - Filling up the DagBag from /home/airflow/.local/lib/python3.12/site-packages/airflow/example_dags/example_branch_labels.py
[2024-06-14T12:24:45.930+0000] {processor.py:840} INFO - DAG(s) 'example_branch_labels' retrieved from /home/airflow/.local/lib/python3.12/site-packages/airflow/example_dags/example_branch_labels.py
[2024-06-14T12:24:45.945+0000] {logging_mixin.py:188} INFO - [2024-06-14T12:24:45.945+0000] {dag.py:3096} INFO - Sync 1 DAGs
[2024-06-14T12:24:45.964+0000] {logging_mixin.py:188} INFO - [2024-06-14T12:24:45.964+0000] {dag.py:3954} INFO - Setting next_dagrun for example_branch_labels to 2024-06-13 00:00:00+00:00, run_after=2024-06-14 00:00:00+00:00
[2024-06-14T12:24:45.978+0000] {processor.py:183} INFO - Processing /home/airflow/.local/lib/python3.12/site-packages/airflow/example_dags/example_branch_labels.py took 0.062 seconds
[2024-06-14T12:25:16.065+0000] {processor.py:161} INFO - Started process (PID=794) to work on /home/airflow/.local/lib/python3.12/site-packages/airflow/example_dags/example_branch_labels.py
[2024-06-14T12:25:16.066+0000] {processor.py:830} INFO - Processing file /home/airflow/.local/lib/python3.12/site-packages/airflow/example_dags/example_branch_labels.py for tasks to queue
[2024-06-14T12:25:16.068+0000] {logging_mixin.py:188} INFO - [2024-06-14T12:25:16.067+0000] {dagbag.py:545} INFO - Filling up the DagBag from /home/airflow/.local/lib/python3.12/site-packages/airflow/example_dags/example_branch_labels.py
[2024-06-14T12:25:16.073+0000] {processor.py:840} INFO - DAG(s) 'example_branch_labels' retrieved from /home/airflow/.local/lib/python3.12/site-packages/airflow/example_dags/example_branch_labels.py
[2024-06-14T12:25:16.092+0000] {logging_mixin.py:188} INFO - [2024-06-14T12:25:16.092+0000] {dag.py:3096} INFO - Sync 1 DAGs
[2024-06-14T12:25:16.109+0000] {logging_mixin.py:188} INFO - [2024-06-14T12:25:16.109+0000] {dag.py:3954} INFO - Setting next_dagrun for example_branch_labels to 2024-06-13 00:00:00+00:00, run_after=2024-06-14 00:00:00+00:00
[2024-06-14T12:25:16.126+0000] {processor.py:183} INFO - Processing /home/airflow/.local/lib/python3.12/site-packages/airflow/example_dags/example_branch_labels.py took 0.067 seconds
[2024-06-14T12:25:46.613+0000] {processor.py:161} INFO - Started process (PID=852) to work on /home/airflow/.local/lib/python3.12/site-packages/airflow/example_dags/example_branch_labels.py
[2024-06-14T12:25:46.614+0000] {processor.py:830} INFO - Processing file /home/airflow/.local/lib/python3.12/site-packages/airflow/example_dags/example_branch_labels.py for tasks to queue
[2024-06-14T12:25:46.615+0000] {logging_mixin.py:188} INFO - [2024-06-14T12:25:46.615+0000] {dagbag.py:545} INFO - Filling up the DagBag from /home/airflow/.local/lib/python3.12/site-packages/airflow/example_dags/example_branch_labels.py
[2024-06-14T12:25:46.622+0000] {processor.py:840} INFO - DAG(s) 'example_branch_labels' retrieved from /home/airflow/.local/lib/python3.12/site-packages/airflow/example_dags/example_branch_labels.py
[2024-06-14T12:25:46.637+0000] {logging_mixin.py:188} INFO - [2024-06-14T12:25:46.637+0000] {dag.py:3096} INFO - Sync 1 DAGs
[2024-06-14T12:25:46.654+0000] {logging_mixin.py:188} INFO - [2024-06-14T12:25:46.654+0000] {dag.py:3954} INFO - Setting next_dagrun for example_branch_labels to 2024-06-13 00:00:00+00:00, run_after=2024-06-14 00:00:00+00:00
[2024-06-14T12:25:46.667+0000] {processor.py:183} INFO - Processing /home/airflow/.local/lib/python3.12/site-packages/airflow/example_dags/example_branch_labels.py took 0.059 seconds
[2024-06-14T12:26:16.922+0000] {processor.py:161} INFO - Started process (PID=909) to work on /home/airflow/.local/lib/python3.12/site-packages/airflow/example_dags/example_branch_labels.py
[2024-06-14T12:26:16.923+0000] {processor.py:830} INFO - Processing file /home/airflow/.local/lib/python3.12/site-packages/airflow/example_dags/example_branch_labels.py for tasks to queue
[2024-06-14T12:26:16.925+0000] {logging_mixin.py:188} INFO - [2024-06-14T12:26:16.924+0000] {dagbag.py:545} INFO - Filling up the DagBag from /home/airflow/.local/lib/python3.12/site-packages/airflow/example_dags/example_branch_labels.py
[2024-06-14T12:26:16.930+0000] {processor.py:840} INFO - DAG(s) 'example_branch_labels' retrieved from /home/airflow/.local/lib/python3.12/site-packages/airflow/example_dags/example_branch_labels.py
[2024-06-14T12:26:16.946+0000] {logging_mixin.py:188} INFO - [2024-06-14T12:26:16.946+0000] {dag.py:3096} INFO - Sync 1 DAGs
[2024-06-14T12:26:16.962+0000] {logging_mixin.py:188} INFO - [2024-06-14T12:26:16.962+0000] {dag.py:3954} INFO - Setting next_dagrun for example_branch_labels to 2024-06-13 00:00:00+00:00, run_after=2024-06-14 00:00:00+00:00
[2024-06-14T12:26:16.977+0000] {processor.py:183} INFO - Processing /home/airflow/.local/lib/python3.12/site-packages/airflow/example_dags/example_branch_labels.py took 0.060 seconds
[2024-06-14T12:26:47.278+0000] {processor.py:161} INFO - Started process (PID=967) to work on /home/airflow/.local/lib/python3.12/site-packages/airflow/example_dags/example_branch_labels.py
[2024-06-14T12:26:47.279+0000] {processor.py:830} INFO - Processing file /home/airflow/.local/lib/python3.12/site-packages/airflow/example_dags/example_branch_labels.py for tasks to queue
[2024-06-14T12:26:47.280+0000] {logging_mixin.py:188} INFO - [2024-06-14T12:26:47.280+0000] {dagbag.py:545} INFO - Filling up the DagBag from /home/airflow/.local/lib/python3.12/site-packages/airflow/example_dags/example_branch_labels.py
[2024-06-14T12:26:47.285+0000] {processor.py:840} INFO - DAG(s) 'example_branch_labels' retrieved from /home/airflow/.local/lib/python3.12/site-packages/airflow/example_dags/example_branch_labels.py
[2024-06-14T12:26:47.300+0000] {logging_mixin.py:188} INFO - [2024-06-14T12:26:47.300+0000] {dag.py:3096} INFO - Sync 1 DAGs
[2024-06-14T12:26:47.316+0000] {logging_mixin.py:188} INFO - [2024-06-14T12:26:47.316+0000] {dag.py:3954} INFO - Setting next_dagrun for example_branch_labels to 2024-06-13 00:00:00+00:00, run_after=2024-06-14 00:00:00+00:00
[2024-06-14T12:26:47.330+0000] {processor.py:183} INFO - Processing /home/airflow/.local/lib/python3.12/site-packages/airflow/example_dags/example_branch_labels.py took 0.055 seconds
[2024-06-14T12:27:17.515+0000] {processor.py:161} INFO - Started process (PID=1026) to work on /home/airflow/.local/lib/python3.12/site-packages/airflow/example_dags/example_branch_labels.py
[2024-06-14T12:27:17.515+0000] {processor.py:830} INFO - Processing file /home/airflow/.local/lib/python3.12/site-packages/airflow/example_dags/example_branch_labels.py for tasks to queue
[2024-06-14T12:27:17.516+0000] {logging_mixin.py:188} INFO - [2024-06-14T12:27:17.516+0000] {dagbag.py:545} INFO - Filling up the DagBag from /home/airflow/.local/lib/python3.12/site-packages/airflow/example_dags/example_branch_labels.py
[2024-06-14T12:27:17.521+0000] {processor.py:840} INFO - DAG(s) 'example_branch_labels' retrieved from /home/airflow/.local/lib/python3.12/site-packages/airflow/example_dags/example_branch_labels.py
[2024-06-14T12:27:17.536+0000] {logging_mixin.py:188} INFO - [2024-06-14T12:27:17.536+0000] {dag.py:3096} INFO - Sync 1 DAGs
[2024-06-14T12:27:17.556+0000] {logging_mixin.py:188} INFO - [2024-06-14T12:27:17.556+0000] {dag.py:3954} INFO - Setting next_dagrun for example_branch_labels to 2024-06-13 00:00:00+00:00, run_after=2024-06-14 00:00:00+00:00
[2024-06-14T12:27:17.570+0000] {processor.py:183} INFO - Processing /home/airflow/.local/lib/python3.12/site-packages/airflow/example_dags/example_branch_labels.py took 0.060 seconds
[2024-06-14T12:27:47.715+0000] {processor.py:161} INFO - Started process (PID=1084) to work on /home/airflow/.local/lib/python3.12/site-packages/airflow/example_dags/example_branch_labels.py
[2024-06-14T12:27:47.715+0000] {processor.py:830} INFO - Processing file /home/airflow/.local/lib/python3.12/site-packages/airflow/example_dags/example_branch_labels.py for tasks to queue
[2024-06-14T12:27:47.716+0000] {logging_mixin.py:188} INFO - [2024-06-14T12:27:47.716+0000] {dagbag.py:545} INFO - Filling up the DagBag from /home/airflow/.local/lib/python3.12/site-packages/airflow/example_dags/example_branch_labels.py
[2024-06-14T12:27:47.722+0000] {processor.py:840} INFO - DAG(s) 'example_branch_labels' retrieved from /home/airflow/.local/lib/python3.12/site-packages/airflow/example_dags/example_branch_labels.py
[2024-06-14T12:27:47.737+0000] {logging_mixin.py:188} INFO - [2024-06-14T12:27:47.736+0000] {dag.py:3096} INFO - Sync 1 DAGs
[2024-06-14T12:27:47.752+0000] {logging_mixin.py:188} INFO - [2024-06-14T12:27:47.752+0000] {dag.py:3954} INFO - Setting next_dagrun for example_branch_labels to 2024-06-13 00:00:00+00:00, run_after=2024-06-14 00:00:00+00:00
[2024-06-14T12:27:47.766+0000] {processor.py:183} INFO - Processing /home/airflow/.local/lib/python3.12/site-packages/airflow/example_dags/example_branch_labels.py took 0.055 seconds
[2024-06-14T12:28:17.934+0000] {processor.py:161} INFO - Started process (PID=1142) to work on /home/airflow/.local/lib/python3.12/site-packages/airflow/example_dags/example_branch_labels.py
[2024-06-14T12:28:17.935+0000] {processor.py:830} INFO - Processing file /home/airflow/.local/lib/python3.12/site-packages/airflow/example_dags/example_branch_labels.py for tasks to queue
[2024-06-14T12:28:17.936+0000] {logging_mixin.py:188} INFO - [2024-06-14T12:28:17.936+0000] {dagbag.py:545} INFO - Filling up the DagBag from /home/airflow/.local/lib/python3.12/site-packages/airflow/example_dags/example_branch_labels.py
[2024-06-14T12:28:17.942+0000] {processor.py:840} INFO - DAG(s) 'example_branch_labels' retrieved from /home/airflow/.local/lib/python3.12/site-packages/airflow/example_dags/example_branch_labels.py
[2024-06-14T12:28:17.958+0000] {logging_mixin.py:188} INFO - [2024-06-14T12:28:17.958+0000] {dag.py:3096} INFO - Sync 1 DAGs
[2024-06-14T12:28:17.974+0000] {logging_mixin.py:188} INFO - [2024-06-14T12:28:17.974+0000] {dag.py:3954} INFO - Setting next_dagrun for example_branch_labels to 2024-06-13 00:00:00+00:00, run_after=2024-06-14 00:00:00+00:00
[2024-06-14T12:28:17.988+0000] {processor.py:183} INFO - Processing /home/airflow/.local/lib/python3.12/site-packages/airflow/example_dags/example_branch_labels.py took 0.057 seconds
[2024-06-14T12:28:48.244+0000] {processor.py:161} INFO - Started process (PID=1199) to work on /home/airflow/.local/lib/python3.12/site-packages/airflow/example_dags/example_branch_labels.py
[2024-06-14T12:28:48.245+0000] {processor.py:830} INFO - Processing file /home/airflow/.local/lib/python3.12/site-packages/airflow/example_dags/example_branch_labels.py for tasks to queue
[2024-06-14T12:28:48.246+0000] {logging_mixin.py:188} INFO - [2024-06-14T12:28:48.246+0000] {dagbag.py:545} INFO - Filling up the DagBag from /home/airflow/.local/lib/python3.12/site-packages/airflow/example_dags/example_branch_labels.py
[2024-06-14T12:28:48.254+0000] {processor.py:840} INFO - DAG(s) 'example_branch_labels' retrieved from /home/airflow/.local/lib/python3.12/site-packages/airflow/example_dags/example_branch_labels.py
[2024-06-14T12:28:48.267+0000] {logging_mixin.py:188} INFO - [2024-06-14T12:28:48.267+0000] {dag.py:3096} INFO - Sync 1 DAGs
[2024-06-14T12:28:48.286+0000] {logging_mixin.py:188} INFO - [2024-06-14T12:28:48.286+0000] {dag.py:3954} INFO - Setting next_dagrun for example_branch_labels to 2024-06-13 00:00:00+00:00, run_after=2024-06-14 00:00:00+00:00
[2024-06-14T12:28:48.299+0000] {processor.py:183} INFO - Processing /home/airflow/.local/lib/python3.12/site-packages/airflow/example_dags/example_branch_labels.py took 0.060 seconds
[2024-06-14T12:29:18.482+0000] {processor.py:161} INFO - Started process (PID=1258) to work on /home/airflow/.local/lib/python3.12/site-packages/airflow/example_dags/example_branch_labels.py
[2024-06-14T12:29:18.483+0000] {processor.py:830} INFO - Processing file /home/airflow/.local/lib/python3.12/site-packages/airflow/example_dags/example_branch_labels.py for tasks to queue
[2024-06-14T12:29:18.484+0000] {logging_mixin.py:188} INFO - [2024-06-14T12:29:18.484+0000] {dagbag.py:545} INFO - Filling up the DagBag from /home/airflow/.local/lib/python3.12/site-packages/airflow/example_dags/example_branch_labels.py
[2024-06-14T12:29:18.489+0000] {processor.py:840} INFO - DAG(s) 'example_branch_labels' retrieved from /home/airflow/.local/lib/python3.12/site-packages/airflow/example_dags/example_branch_labels.py
[2024-06-14T12:29:18.503+0000] {logging_mixin.py:188} INFO - [2024-06-14T12:29:18.503+0000] {dag.py:3096} INFO - Sync 1 DAGs
[2024-06-14T12:29:18.520+0000] {logging_mixin.py:188} INFO - [2024-06-14T12:29:18.520+0000] {dag.py:3954} INFO - Setting next_dagrun for example_branch_labels to 2024-06-13 00:00:00+00:00, run_after=2024-06-14 00:00:00+00:00
[2024-06-14T12:29:18.534+0000] {processor.py:183} INFO - Processing /home/airflow/.local/lib/python3.12/site-packages/airflow/example_dags/example_branch_labels.py took 0.056 seconds
[2024-06-14T12:29:48.877+0000] {processor.py:161} INFO - Started process (PID=1316) to work on /home/airflow/.local/lib/python3.12/site-packages/airflow/example_dags/example_branch_labels.py
[2024-06-14T12:29:48.878+0000] {processor.py:830} INFO - Processing file /home/airflow/.local/lib/python3.12/site-packages/airflow/example_dags/example_branch_labels.py for tasks to queue
[2024-06-14T12:29:48.879+0000] {logging_mixin.py:188} INFO - [2024-06-14T12:29:48.879+0000] {dagbag.py:545} INFO - Filling up the DagBag from /home/airflow/.local/lib/python3.12/site-packages/airflow/example_dags/example_branch_labels.py
[2024-06-14T12:29:48.885+0000] {processor.py:840} INFO - DAG(s) 'example_branch_labels' retrieved from /home/airflow/.local/lib/python3.12/site-packages/airflow/example_dags/example_branch_labels.py
[2024-06-14T12:29:48.900+0000] {logging_mixin.py:188} INFO - [2024-06-14T12:29:48.900+0000] {dag.py:3096} INFO - Sync 1 DAGs
[2024-06-14T12:29:48.918+0000] {logging_mixin.py:188} INFO - [2024-06-14T12:29:48.918+0000] {dag.py:3954} INFO - Setting next_dagrun for example_branch_labels to 2024-06-13 00:00:00+00:00, run_after=2024-06-14 00:00:00+00:00
[2024-06-14T12:29:48.933+0000] {processor.py:183} INFO - Processing /home/airflow/.local/lib/python3.12/site-packages/airflow/example_dags/example_branch_labels.py took 0.061 seconds
[2024-06-14T12:30:19.246+0000] {processor.py:161} INFO - Started process (PID=1374) to work on /home/airflow/.local/lib/python3.12/site-packages/airflow/example_dags/example_branch_labels.py
[2024-06-14T12:30:19.246+0000] {processor.py:830} INFO - Processing file /home/airflow/.local/lib/python3.12/site-packages/airflow/example_dags/example_branch_labels.py for tasks to queue
[2024-06-14T12:30:19.247+0000] {logging_mixin.py:188} INFO - [2024-06-14T12:30:19.247+0000] {dagbag.py:545} INFO - Filling up the DagBag from /home/airflow/.local/lib/python3.12/site-packages/airflow/example_dags/example_branch_labels.py
[2024-06-14T12:30:19.253+0000] {processor.py:840} INFO - DAG(s) 'example_branch_labels' retrieved from /home/airflow/.local/lib/python3.12/site-packages/airflow/example_dags/example_branch_labels.py
[2024-06-14T12:30:19.267+0000] {logging_mixin.py:188} INFO - [2024-06-14T12:30:19.267+0000] {dag.py:3096} INFO - Sync 1 DAGs
[2024-06-14T12:30:19.286+0000] {logging_mixin.py:188} INFO - [2024-06-14T12:30:19.285+0000] {dag.py:3954} INFO - Setting next_dagrun for example_branch_labels to 2024-06-13 00:00:00+00:00, run_after=2024-06-14 00:00:00+00:00
[2024-06-14T12:30:19.299+0000] {processor.py:183} INFO - Processing /home/airflow/.local/lib/python3.12/site-packages/airflow/example_dags/example_branch_labels.py took 0.058 seconds
[2024-06-14T12:30:49.566+0000] {processor.py:161} INFO - Started process (PID=1432) to work on /home/airflow/.local/lib/python3.12/site-packages/airflow/example_dags/example_branch_labels.py
[2024-06-14T12:30:49.567+0000] {processor.py:830} INFO - Processing file /home/airflow/.local/lib/python3.12/site-packages/airflow/example_dags/example_branch_labels.py for tasks to queue
[2024-06-14T12:30:49.568+0000] {logging_mixin.py:188} INFO - [2024-06-14T12:30:49.568+0000] {dagbag.py:545} INFO - Filling up the DagBag from /home/airflow/.local/lib/python3.12/site-packages/airflow/example_dags/example_branch_labels.py
[2024-06-14T12:30:49.574+0000] {processor.py:840} INFO - DAG(s) 'example_branch_labels' retrieved from /home/airflow/.local/lib/python3.12/site-packages/airflow/example_dags/example_branch_labels.py
[2024-06-14T12:30:49.589+0000] {logging_mixin.py:188} INFO - [2024-06-14T12:30:49.589+0000] {dag.py:3096} INFO - Sync 1 DAGs
[2024-06-14T12:30:49.608+0000] {logging_mixin.py:188} INFO - [2024-06-14T12:30:49.608+0000] {dag.py:3954} INFO - Setting next_dagrun for example_branch_labels to 2024-06-13 00:00:00+00:00, run_after=2024-06-14 00:00:00+00:00
[2024-06-14T12:30:49.622+0000] {processor.py:183} INFO - Processing /home/airflow/.local/lib/python3.12/site-packages/airflow/example_dags/example_branch_labels.py took 0.060 seconds
[2024-06-14T12:31:19.828+0000] {processor.py:161} INFO - Started process (PID=1489) to work on /home/airflow/.local/lib/python3.12/site-packages/airflow/example_dags/example_branch_labels.py
[2024-06-14T12:31:19.829+0000] {processor.py:830} INFO - Processing file /home/airflow/.local/lib/python3.12/site-packages/airflow/example_dags/example_branch_labels.py for tasks to queue
[2024-06-14T12:31:19.830+0000] {logging_mixin.py:188} INFO - [2024-06-14T12:31:19.830+0000] {dagbag.py:545} INFO - Filling up the DagBag from /home/airflow/.local/lib/python3.12/site-packages/airflow/example_dags/example_branch_labels.py
[2024-06-14T12:31:19.837+0000] {processor.py:840} INFO - DAG(s) 'example_branch_labels' retrieved from /home/airflow/.local/lib/python3.12/site-packages/airflow/example_dags/example_branch_labels.py
[2024-06-14T12:31:19.851+0000] {logging_mixin.py:188} INFO - [2024-06-14T12:31:19.851+0000] {dag.py:3096} INFO - Sync 1 DAGs
[2024-06-14T12:31:19.870+0000] {logging_mixin.py:188} INFO - [2024-06-14T12:31:19.870+0000] {dag.py:3954} INFO - Setting next_dagrun for example_branch_labels to 2024-06-13 00:00:00+00:00, run_after=2024-06-14 00:00:00+00:00
[2024-06-14T12:31:19.883+0000] {processor.py:183} INFO - Processing /home/airflow/.local/lib/python3.12/site-packages/airflow/example_dags/example_branch_labels.py took 0.060 seconds
[2024-06-14T12:31:50.108+0000] {processor.py:161} INFO - Started process (PID=1547) to work on /home/airflow/.local/lib/python3.12/site-packages/airflow/example_dags/example_branch_labels.py
[2024-06-14T12:31:50.109+0000] {processor.py:830} INFO - Processing file /home/airflow/.local/lib/python3.12/site-packages/airflow/example_dags/example_branch_labels.py for tasks to queue
[2024-06-14T12:31:50.110+0000] {logging_mixin.py:188} INFO - [2024-06-14T12:31:50.110+0000] {dagbag.py:545} INFO - Filling up the DagBag from /home/airflow/.local/lib/python3.12/site-packages/airflow/example_dags/example_branch_labels.py
[2024-06-14T12:31:50.115+0000] {processor.py:840} INFO - DAG(s) 'example_branch_labels' retrieved from /home/airflow/.local/lib/python3.12/site-packages/airflow/example_dags/example_branch_labels.py
[2024-06-14T12:31:50.129+0000] {logging_mixin.py:188} INFO - [2024-06-14T12:31:50.129+0000] {dag.py:3096} INFO - Sync 1 DAGs
[2024-06-14T12:31:50.145+0000] {logging_mixin.py:188} INFO - [2024-06-14T12:31:50.144+0000] {dag.py:3954} INFO - Setting next_dagrun for example_branch_labels to 2024-06-13 00:00:00+00:00, run_after=2024-06-14 00:00:00+00:00
[2024-06-14T12:31:50.157+0000] {processor.py:183} INFO - Processing /home/airflow/.local/lib/python3.12/site-packages/airflow/example_dags/example_branch_labels.py took 0.052 seconds
[2024-06-14T12:32:20.421+0000] {processor.py:161} INFO - Started process (PID=1606) to work on /home/airflow/.local/lib/python3.12/site-packages/airflow/example_dags/example_branch_labels.py
[2024-06-14T12:32:20.421+0000] {processor.py:830} INFO - Processing file /home/airflow/.local/lib/python3.12/site-packages/airflow/example_dags/example_branch_labels.py for tasks to queue
[2024-06-14T12:32:20.423+0000] {logging_mixin.py:188} INFO - [2024-06-14T12:32:20.423+0000] {dagbag.py:545} INFO - Filling up the DagBag from /home/airflow/.local/lib/python3.12/site-packages/airflow/example_dags/example_branch_labels.py
[2024-06-14T12:32:20.428+0000] {processor.py:840} INFO - DAG(s) 'example_branch_labels' retrieved from /home/airflow/.local/lib/python3.12/site-packages/airflow/example_dags/example_branch_labels.py
[2024-06-14T12:32:20.442+0000] {logging_mixin.py:188} INFO - [2024-06-14T12:32:20.442+0000] {dag.py:3096} INFO - Sync 1 DAGs
[2024-06-14T12:32:20.458+0000] {logging_mixin.py:188} INFO - [2024-06-14T12:32:20.457+0000] {dag.py:3954} INFO - Setting next_dagrun for example_branch_labels to 2024-06-13 00:00:00+00:00, run_after=2024-06-14 00:00:00+00:00
[2024-06-14T12:32:20.471+0000] {processor.py:183} INFO - Processing /home/airflow/.local/lib/python3.12/site-packages/airflow/example_dags/example_branch_labels.py took 0.055 seconds
[2024-06-14T12:32:50.731+0000] {processor.py:161} INFO - Started process (PID=1664) to work on /home/airflow/.local/lib/python3.12/site-packages/airflow/example_dags/example_branch_labels.py
[2024-06-14T12:32:50.732+0000] {processor.py:830} INFO - Processing file /home/airflow/.local/lib/python3.12/site-packages/airflow/example_dags/example_branch_labels.py for tasks to queue
[2024-06-14T12:32:50.733+0000] {logging_mixin.py:188} INFO - [2024-06-14T12:32:50.733+0000] {dagbag.py:545} INFO - Filling up the DagBag from /home/airflow/.local/lib/python3.12/site-packages/airflow/example_dags/example_branch_labels.py
[2024-06-14T12:32:50.739+0000] {processor.py:840} INFO - DAG(s) 'example_branch_labels' retrieved from /home/airflow/.local/lib/python3.12/site-packages/airflow/example_dags/example_branch_labels.py
[2024-06-14T12:32:50.757+0000] {logging_mixin.py:188} INFO - [2024-06-14T12:32:50.757+0000] {dag.py:3096} INFO - Sync 1 DAGs
[2024-06-14T12:32:50.775+0000] {logging_mixin.py:188} INFO - [2024-06-14T12:32:50.775+0000] {dag.py:3954} INFO - Setting next_dagrun for example_branch_labels to 2024-06-13 00:00:00+00:00, run_after=2024-06-14 00:00:00+00:00
[2024-06-14T12:32:50.791+0000] {processor.py:183} INFO - Processing /home/airflow/.local/lib/python3.12/site-packages/airflow/example_dags/example_branch_labels.py took 0.064 seconds
[2024-06-14T12:33:21.256+0000] {processor.py:161} INFO - Started process (PID=1723) to work on /home/airflow/.local/lib/python3.12/site-packages/airflow/example_dags/example_branch_labels.py
[2024-06-14T12:33:21.257+0000] {processor.py:830} INFO - Processing file /home/airflow/.local/lib/python3.12/site-packages/airflow/example_dags/example_branch_labels.py for tasks to queue
[2024-06-14T12:33:21.258+0000] {logging_mixin.py:188} INFO - [2024-06-14T12:33:21.258+0000] {dagbag.py:545} INFO - Filling up the DagBag from /home/airflow/.local/lib/python3.12/site-packages/airflow/example_dags/example_branch_labels.py
[2024-06-14T12:33:21.263+0000] {processor.py:840} INFO - DAG(s) 'example_branch_labels' retrieved from /home/airflow/.local/lib/python3.12/site-packages/airflow/example_dags/example_branch_labels.py
[2024-06-14T12:33:21.278+0000] {logging_mixin.py:188} INFO - [2024-06-14T12:33:21.278+0000] {dag.py:3096} INFO - Sync 1 DAGs
[2024-06-14T12:33:21.297+0000] {logging_mixin.py:188} INFO - [2024-06-14T12:33:21.297+0000] {dag.py:3954} INFO - Setting next_dagrun for example_branch_labels to 2024-06-13 00:00:00+00:00, run_after=2024-06-14 00:00:00+00:00
[2024-06-14T12:33:21.311+0000] {processor.py:183} INFO - Processing /home/airflow/.local/lib/python3.12/site-packages/airflow/example_dags/example_branch_labels.py took 0.059 seconds
[2024-06-14T12:33:51.985+0000] {processor.py:161} INFO - Started process (PID=1781) to work on /home/airflow/.local/lib/python3.12/site-packages/airflow/example_dags/example_branch_labels.py
[2024-06-14T12:33:51.986+0000] {processor.py:830} INFO - Processing file /home/airflow/.local/lib/python3.12/site-packages/airflow/example_dags/example_branch_labels.py for tasks to queue
[2024-06-14T12:33:51.987+0000] {logging_mixin.py:188} INFO - [2024-06-14T12:33:51.987+0000] {dagbag.py:545} INFO - Filling up the DagBag from /home/airflow/.local/lib/python3.12/site-packages/airflow/example_dags/example_branch_labels.py
[2024-06-14T12:33:51.994+0000] {processor.py:840} INFO - DAG(s) 'example_branch_labels' retrieved from /home/airflow/.local/lib/python3.12/site-packages/airflow/example_dags/example_branch_labels.py
[2024-06-14T12:33:52.014+0000] {logging_mixin.py:188} INFO - [2024-06-14T12:33:52.013+0000] {dag.py:3096} INFO - Sync 1 DAGs
[2024-06-14T12:33:52.039+0000] {logging_mixin.py:188} INFO - [2024-06-14T12:33:52.039+0000] {dag.py:3954} INFO - Setting next_dagrun for example_branch_labels to 2024-06-13 00:00:00+00:00, run_after=2024-06-14 00:00:00+00:00
[2024-06-14T12:33:52.060+0000] {processor.py:183} INFO - Processing /home/airflow/.local/lib/python3.12/site-packages/airflow/example_dags/example_branch_labels.py took 0.081 seconds
[2024-06-14T12:34:22.485+0000] {processor.py:161} INFO - Started process (PID=1839) to work on /home/airflow/.local/lib/python3.12/site-packages/airflow/example_dags/example_branch_labels.py
[2024-06-14T12:34:22.485+0000] {processor.py:830} INFO - Processing file /home/airflow/.local/lib/python3.12/site-packages/airflow/example_dags/example_branch_labels.py for tasks to queue
[2024-06-14T12:34:22.486+0000] {logging_mixin.py:188} INFO - [2024-06-14T12:34:22.486+0000] {dagbag.py:545} INFO - Filling up the DagBag from /home/airflow/.local/lib/python3.12/site-packages/airflow/example_dags/example_branch_labels.py
[2024-06-14T12:34:22.493+0000] {processor.py:840} INFO - DAG(s) 'example_branch_labels' retrieved from /home/airflow/.local/lib/python3.12/site-packages/airflow/example_dags/example_branch_labels.py
[2024-06-14T12:34:22.509+0000] {logging_mixin.py:188} INFO - [2024-06-14T12:34:22.508+0000] {dag.py:3096} INFO - Sync 1 DAGs
[2024-06-14T12:34:22.523+0000] {logging_mixin.py:188} INFO - [2024-06-14T12:34:22.523+0000] {dag.py:3954} INFO - Setting next_dagrun for example_branch_labels to 2024-06-13 00:00:00+00:00, run_after=2024-06-14 00:00:00+00:00
[2024-06-14T12:34:22.537+0000] {processor.py:183} INFO - Processing /home/airflow/.local/lib/python3.12/site-packages/airflow/example_dags/example_branch_labels.py took 0.057 seconds
