[2024-06-14T12:06:30.457+0000] {processor.py:161} INFO - Started process (PID=45) to work on /home/airflow/.local/lib/python3.12/site-packages/airflow/example_dags/example_dag_decorator.py
[2024-06-14T12:06:30.458+0000] {processor.py:830} INFO - Processing file /home/airflow/.local/lib/python3.12/site-packages/airflow/example_dags/example_dag_decorator.py for tasks to queue
[2024-06-14T12:06:30.460+0000] {logging_mixin.py:188} INFO - [2024-06-14T12:06:30.460+0000] {dagbag.py:545} INFO - Filling up the DagBag from /home/airflow/.local/lib/python3.12/site-packages/airflow/example_dags/example_dag_decorator.py
[2024-06-14T12:06:30.787+0000] {processor.py:840} INFO - DAG(s) 'example_dag_decorator' retrieved from /home/airflow/.local/lib/python3.12/site-packages/airflow/example_dags/example_dag_decorator.py
[2024-06-14T12:06:30.795+0000] {logging_mixin.py:188} INFO - [2024-06-14T12:06:30.795+0000] {dag.py:3096} INFO - Sync 1 DAGs
[2024-06-14T12:06:30.809+0000] {logging_mixin.py:188} INFO - [2024-06-14T12:06:30.809+0000] {dag.py:3954} INFO - Setting next_dagrun for example_dag_decorator to None, run_after=None
[2024-06-14T12:06:30.828+0000] {processor.py:183} INFO - Processing /home/airflow/.local/lib/python3.12/site-packages/airflow/example_dags/example_dag_decorator.py took 0.377 seconds
[2024-06-14T12:07:01.569+0000] {processor.py:161} INFO - Started process (PID=103) to work on /home/airflow/.local/lib/python3.12/site-packages/airflow/example_dags/example_dag_decorator.py
[2024-06-14T12:07:01.570+0000] {processor.py:830} INFO - Processing file /home/airflow/.local/lib/python3.12/site-packages/airflow/example_dags/example_dag_decorator.py for tasks to queue
[2024-06-14T12:07:01.572+0000] {logging_mixin.py:188} INFO - [2024-06-14T12:07:01.571+0000] {dagbag.py:545} INFO - Filling up the DagBag from /home/airflow/.local/lib/python3.12/site-packages/airflow/example_dags/example_dag_decorator.py
[2024-06-14T12:07:01.660+0000] {processor.py:840} INFO - DAG(s) 'example_dag_decorator' retrieved from /home/airflow/.local/lib/python3.12/site-packages/airflow/example_dags/example_dag_decorator.py
[2024-06-14T12:07:01.737+0000] {logging_mixin.py:188} INFO - [2024-06-14T12:07:01.737+0000] {dag.py:3096} INFO - Sync 1 DAGs
[2024-06-14T12:07:01.746+0000] {logging_mixin.py:188} INFO - [2024-06-14T12:07:01.746+0000] {dag.py:3954} INFO - Setting next_dagrun for example_dag_decorator to None, run_after=None
[2024-06-14T12:07:01.762+0000] {processor.py:183} INFO - Processing /home/airflow/.local/lib/python3.12/site-packages/airflow/example_dags/example_dag_decorator.py took 0.197 seconds
[2024-06-14T12:07:32.271+0000] {processor.py:161} INFO - Started process (PID=161) to work on /home/airflow/.local/lib/python3.12/site-packages/airflow/example_dags/example_dag_decorator.py
[2024-06-14T12:07:32.272+0000] {processor.py:830} INFO - Processing file /home/airflow/.local/lib/python3.12/site-packages/airflow/example_dags/example_dag_decorator.py for tasks to queue
[2024-06-14T12:07:32.273+0000] {logging_mixin.py:188} INFO - [2024-06-14T12:07:32.273+0000] {dagbag.py:545} INFO - Filling up the DagBag from /home/airflow/.local/lib/python3.12/site-packages/airflow/example_dags/example_dag_decorator.py
[2024-06-14T12:07:32.357+0000] {processor.py:840} INFO - DAG(s) 'example_dag_decorator' retrieved from /home/airflow/.local/lib/python3.12/site-packages/airflow/example_dags/example_dag_decorator.py
[2024-06-14T12:07:32.431+0000] {logging_mixin.py:188} INFO - [2024-06-14T12:07:32.430+0000] {dag.py:3096} INFO - Sync 1 DAGs
[2024-06-14T12:07:32.439+0000] {logging_mixin.py:188} INFO - [2024-06-14T12:07:32.439+0000] {dag.py:3954} INFO - Setting next_dagrun for example_dag_decorator to None, run_after=None
[2024-06-14T12:07:32.454+0000] {processor.py:183} INFO - Processing /home/airflow/.local/lib/python3.12/site-packages/airflow/example_dags/example_dag_decorator.py took 0.188 seconds
[2024-06-14T12:08:02.505+0000] {processor.py:161} INFO - Started process (PID=220) to work on /home/airflow/.local/lib/python3.12/site-packages/airflow/example_dags/example_dag_decorator.py
[2024-06-14T12:08:02.506+0000] {processor.py:830} INFO - Processing file /home/airflow/.local/lib/python3.12/site-packages/airflow/example_dags/example_dag_decorator.py for tasks to queue
[2024-06-14T12:08:02.508+0000] {logging_mixin.py:188} INFO - [2024-06-14T12:08:02.507+0000] {dagbag.py:545} INFO - Filling up the DagBag from /home/airflow/.local/lib/python3.12/site-packages/airflow/example_dags/example_dag_decorator.py
[2024-06-14T12:08:02.585+0000] {processor.py:840} INFO - DAG(s) 'example_dag_decorator' retrieved from /home/airflow/.local/lib/python3.12/site-packages/airflow/example_dags/example_dag_decorator.py
[2024-06-14T12:08:02.660+0000] {logging_mixin.py:188} INFO - [2024-06-14T12:08:02.660+0000] {dag.py:3096} INFO - Sync 1 DAGs
[2024-06-14T12:08:02.668+0000] {logging_mixin.py:188} INFO - [2024-06-14T12:08:02.668+0000] {dag.py:3954} INFO - Setting next_dagrun for example_dag_decorator to None, run_after=None
[2024-06-14T12:08:02.684+0000] {processor.py:183} INFO - Processing /home/airflow/.local/lib/python3.12/site-packages/airflow/example_dags/example_dag_decorator.py took 0.183 seconds
[2024-06-14T12:08:32.799+0000] {processor.py:161} INFO - Started process (PID=280) to work on /home/airflow/.local/lib/python3.12/site-packages/airflow/example_dags/example_dag_decorator.py
[2024-06-14T12:08:32.800+0000] {processor.py:830} INFO - Processing file /home/airflow/.local/lib/python3.12/site-packages/airflow/example_dags/example_dag_decorator.py for tasks to queue
[2024-06-14T12:08:32.802+0000] {logging_mixin.py:188} INFO - [2024-06-14T12:08:32.801+0000] {dagbag.py:545} INFO - Filling up the DagBag from /home/airflow/.local/lib/python3.12/site-packages/airflow/example_dags/example_dag_decorator.py
[2024-06-14T12:08:32.909+0000] {processor.py:840} INFO - DAG(s) 'example_dag_decorator' retrieved from /home/airflow/.local/lib/python3.12/site-packages/airflow/example_dags/example_dag_decorator.py
[2024-06-14T12:08:33.002+0000] {logging_mixin.py:188} INFO - [2024-06-14T12:08:33.002+0000] {dag.py:3096} INFO - Sync 1 DAGs
[2024-06-14T12:08:33.011+0000] {logging_mixin.py:188} INFO - [2024-06-14T12:08:33.010+0000] {dag.py:3954} INFO - Setting next_dagrun for example_dag_decorator to None, run_after=None
[2024-06-14T12:08:33.028+0000] {processor.py:183} INFO - Processing /home/airflow/.local/lib/python3.12/site-packages/airflow/example_dags/example_dag_decorator.py took 0.233 seconds
[2024-06-14T12:09:03.105+0000] {processor.py:161} INFO - Started process (PID=340) to work on /home/airflow/.local/lib/python3.12/site-packages/airflow/example_dags/example_dag_decorator.py
[2024-06-14T12:09:03.106+0000] {processor.py:830} INFO - Processing file /home/airflow/.local/lib/python3.12/site-packages/airflow/example_dags/example_dag_decorator.py for tasks to queue
[2024-06-14T12:09:03.107+0000] {logging_mixin.py:188} INFO - [2024-06-14T12:09:03.107+0000] {dagbag.py:545} INFO - Filling up the DagBag from /home/airflow/.local/lib/python3.12/site-packages/airflow/example_dags/example_dag_decorator.py
[2024-06-14T12:09:03.191+0000] {processor.py:840} INFO - DAG(s) 'example_dag_decorator' retrieved from /home/airflow/.local/lib/python3.12/site-packages/airflow/example_dags/example_dag_decorator.py
[2024-06-14T12:09:03.276+0000] {logging_mixin.py:188} INFO - [2024-06-14T12:09:03.276+0000] {dag.py:3096} INFO - Sync 1 DAGs
[2024-06-14T12:09:03.286+0000] {logging_mixin.py:188} INFO - [2024-06-14T12:09:03.286+0000] {dag.py:3954} INFO - Setting next_dagrun for example_dag_decorator to None, run_after=None
[2024-06-14T12:09:03.303+0000] {processor.py:183} INFO - Processing /home/airflow/.local/lib/python3.12/site-packages/airflow/example_dags/example_dag_decorator.py took 0.202 seconds
[2024-06-14T12:09:33.652+0000] {processor.py:161} INFO - Started process (PID=407) to work on /home/airflow/.local/lib/python3.12/site-packages/airflow/example_dags/example_dag_decorator.py
[2024-06-14T12:09:33.653+0000] {processor.py:830} INFO - Processing file /home/airflow/.local/lib/python3.12/site-packages/airflow/example_dags/example_dag_decorator.py for tasks to queue
[2024-06-14T12:09:33.655+0000] {logging_mixin.py:188} INFO - [2024-06-14T12:09:33.655+0000] {dagbag.py:545} INFO - Filling up the DagBag from /home/airflow/.local/lib/python3.12/site-packages/airflow/example_dags/example_dag_decorator.py
[2024-06-14T12:09:33.739+0000] {processor.py:840} INFO - DAG(s) 'example_dag_decorator' retrieved from /home/airflow/.local/lib/python3.12/site-packages/airflow/example_dags/example_dag_decorator.py
[2024-06-14T12:09:33.841+0000] {logging_mixin.py:188} INFO - [2024-06-14T12:09:33.841+0000] {dag.py:3096} INFO - Sync 1 DAGs
[2024-06-14T12:09:33.850+0000] {logging_mixin.py:188} INFO - [2024-06-14T12:09:33.850+0000] {dag.py:3954} INFO - Setting next_dagrun for example_dag_decorator to None, run_after=None
[2024-06-14T12:09:33.867+0000] {processor.py:183} INFO - Processing /home/airflow/.local/lib/python3.12/site-packages/airflow/example_dags/example_dag_decorator.py took 0.219 seconds
[2024-06-14T12:10:04.802+0000] {processor.py:161} INFO - Started process (PID=466) to work on /home/airflow/.local/lib/python3.12/site-packages/airflow/example_dags/example_dag_decorator.py
[2024-06-14T12:10:04.803+0000] {processor.py:830} INFO - Processing file /home/airflow/.local/lib/python3.12/site-packages/airflow/example_dags/example_dag_decorator.py for tasks to queue
[2024-06-14T12:10:04.805+0000] {logging_mixin.py:188} INFO - [2024-06-14T12:10:04.805+0000] {dagbag.py:545} INFO - Filling up the DagBag from /home/airflow/.local/lib/python3.12/site-packages/airflow/example_dags/example_dag_decorator.py
[2024-06-14T12:10:04.891+0000] {processor.py:840} INFO - DAG(s) 'example_dag_decorator' retrieved from /home/airflow/.local/lib/python3.12/site-packages/airflow/example_dags/example_dag_decorator.py
[2024-06-14T12:10:04.976+0000] {logging_mixin.py:188} INFO - [2024-06-14T12:10:04.975+0000] {dag.py:3096} INFO - Sync 1 DAGs
[2024-06-14T12:10:04.984+0000] {logging_mixin.py:188} INFO - [2024-06-14T12:10:04.984+0000] {dag.py:3954} INFO - Setting next_dagrun for example_dag_decorator to None, run_after=None
[2024-06-14T12:10:05.001+0000] {processor.py:183} INFO - Processing /home/airflow/.local/lib/python3.12/site-packages/airflow/example_dags/example_dag_decorator.py took 0.203 seconds
[2024-06-14T12:10:35.084+0000] {processor.py:161} INFO - Started process (PID=526) to work on /home/airflow/.local/lib/python3.12/site-packages/airflow/example_dags/example_dag_decorator.py
[2024-06-14T12:10:35.084+0000] {processor.py:830} INFO - Processing file /home/airflow/.local/lib/python3.12/site-packages/airflow/example_dags/example_dag_decorator.py for tasks to queue
[2024-06-14T12:10:35.086+0000] {logging_mixin.py:188} INFO - [2024-06-14T12:10:35.086+0000] {dagbag.py:545} INFO - Filling up the DagBag from /home/airflow/.local/lib/python3.12/site-packages/airflow/example_dags/example_dag_decorator.py
[2024-06-14T12:10:35.168+0000] {processor.py:840} INFO - DAG(s) 'example_dag_decorator' retrieved from /home/airflow/.local/lib/python3.12/site-packages/airflow/example_dags/example_dag_decorator.py
[2024-06-14T12:10:35.247+0000] {logging_mixin.py:188} INFO - [2024-06-14T12:10:35.247+0000] {dag.py:3096} INFO - Sync 1 DAGs
[2024-06-14T12:10:35.257+0000] {logging_mixin.py:188} INFO - [2024-06-14T12:10:35.256+0000] {dag.py:3954} INFO - Setting next_dagrun for example_dag_decorator to None, run_after=None
[2024-06-14T12:10:35.273+0000] {processor.py:183} INFO - Processing /home/airflow/.local/lib/python3.12/site-packages/airflow/example_dags/example_dag_decorator.py took 0.194 seconds
[2024-06-14T12:11:05.385+0000] {processor.py:161} INFO - Started process (PID=593) to work on /home/airflow/.local/lib/python3.12/site-packages/airflow/example_dags/example_dag_decorator.py
[2024-06-14T12:11:05.386+0000] {processor.py:830} INFO - Processing file /home/airflow/.local/lib/python3.12/site-packages/airflow/example_dags/example_dag_decorator.py for tasks to queue
[2024-06-14T12:11:05.387+0000] {logging_mixin.py:188} INFO - [2024-06-14T12:11:05.387+0000] {dagbag.py:545} INFO - Filling up the DagBag from /home/airflow/.local/lib/python3.12/site-packages/airflow/example_dags/example_dag_decorator.py
[2024-06-14T12:11:05.457+0000] {processor.py:840} INFO - DAG(s) 'example_dag_decorator' retrieved from /home/airflow/.local/lib/python3.12/site-packages/airflow/example_dags/example_dag_decorator.py
[2024-06-14T12:11:05.474+0000] {logging_mixin.py:188} INFO - [2024-06-14T12:11:05.474+0000] {dag.py:3096} INFO - Sync 1 DAGs
[2024-06-14T12:11:05.483+0000] {logging_mixin.py:188} INFO - [2024-06-14T12:11:05.483+0000] {dag.py:3954} INFO - Setting next_dagrun for example_dag_decorator to None, run_after=None
[2024-06-14T12:11:05.495+0000] {processor.py:183} INFO - Processing /home/airflow/.local/lib/python3.12/site-packages/airflow/example_dags/example_dag_decorator.py took 0.114 seconds
[2024-06-14T12:11:35.616+0000] {processor.py:161} INFO - Started process (PID=651) to work on /home/airflow/.local/lib/python3.12/site-packages/airflow/example_dags/example_dag_decorator.py
[2024-06-14T12:11:35.617+0000] {processor.py:830} INFO - Processing file /home/airflow/.local/lib/python3.12/site-packages/airflow/example_dags/example_dag_decorator.py for tasks to queue
[2024-06-14T12:11:35.618+0000] {logging_mixin.py:188} INFO - [2024-06-14T12:11:35.618+0000] {dagbag.py:545} INFO - Filling up the DagBag from /home/airflow/.local/lib/python3.12/site-packages/airflow/example_dags/example_dag_decorator.py
[2024-06-14T12:11:35.709+0000] {processor.py:840} INFO - DAG(s) 'example_dag_decorator' retrieved from /home/airflow/.local/lib/python3.12/site-packages/airflow/example_dags/example_dag_decorator.py
[2024-06-14T12:11:35.726+0000] {logging_mixin.py:188} INFO - [2024-06-14T12:11:35.726+0000] {dag.py:3096} INFO - Sync 1 DAGs
[2024-06-14T12:11:35.736+0000] {logging_mixin.py:188} INFO - [2024-06-14T12:11:35.736+0000] {dag.py:3954} INFO - Setting next_dagrun for example_dag_decorator to None, run_after=None
[2024-06-14T12:11:35.751+0000] {processor.py:183} INFO - Processing /home/airflow/.local/lib/python3.12/site-packages/airflow/example_dags/example_dag_decorator.py took 0.140 seconds
[2024-06-14T12:12:05.774+0000] {processor.py:161} INFO - Started process (PID=709) to work on /home/airflow/.local/lib/python3.12/site-packages/airflow/example_dags/example_dag_decorator.py
[2024-06-14T12:12:05.775+0000] {processor.py:830} INFO - Processing file /home/airflow/.local/lib/python3.12/site-packages/airflow/example_dags/example_dag_decorator.py for tasks to queue
[2024-06-14T12:12:05.776+0000] {logging_mixin.py:188} INFO - [2024-06-14T12:12:05.776+0000] {dagbag.py:545} INFO - Filling up the DagBag from /home/airflow/.local/lib/python3.12/site-packages/airflow/example_dags/example_dag_decorator.py
[2024-06-14T12:12:05.854+0000] {processor.py:840} INFO - DAG(s) 'example_dag_decorator' retrieved from /home/airflow/.local/lib/python3.12/site-packages/airflow/example_dags/example_dag_decorator.py
[2024-06-14T12:12:05.871+0000] {logging_mixin.py:188} INFO - [2024-06-14T12:12:05.871+0000] {dag.py:3096} INFO - Sync 1 DAGs
[2024-06-14T12:12:05.880+0000] {logging_mixin.py:188} INFO - [2024-06-14T12:12:05.880+0000] {dag.py:3954} INFO - Setting next_dagrun for example_dag_decorator to None, run_after=None
[2024-06-14T12:12:05.894+0000] {processor.py:183} INFO - Processing /home/airflow/.local/lib/python3.12/site-packages/airflow/example_dags/example_dag_decorator.py took 0.124 seconds
[2024-06-14T12:12:36.006+0000] {processor.py:161} INFO - Started process (PID=767) to work on /home/airflow/.local/lib/python3.12/site-packages/airflow/example_dags/example_dag_decorator.py
[2024-06-14T12:12:36.007+0000] {processor.py:830} INFO - Processing file /home/airflow/.local/lib/python3.12/site-packages/airflow/example_dags/example_dag_decorator.py for tasks to queue
[2024-06-14T12:12:36.009+0000] {logging_mixin.py:188} INFO - [2024-06-14T12:12:36.008+0000] {dagbag.py:545} INFO - Filling up the DagBag from /home/airflow/.local/lib/python3.12/site-packages/airflow/example_dags/example_dag_decorator.py
[2024-06-14T12:12:36.101+0000] {processor.py:840} INFO - DAG(s) 'example_dag_decorator' retrieved from /home/airflow/.local/lib/python3.12/site-packages/airflow/example_dags/example_dag_decorator.py
[2024-06-14T12:12:36.176+0000] {logging_mixin.py:188} INFO - [2024-06-14T12:12:36.176+0000] {dag.py:3096} INFO - Sync 1 DAGs
[2024-06-14T12:12:36.186+0000] {logging_mixin.py:188} INFO - [2024-06-14T12:12:36.186+0000] {dag.py:3954} INFO - Setting next_dagrun for example_dag_decorator to None, run_after=None
[2024-06-14T12:12:36.203+0000] {processor.py:183} INFO - Processing /home/airflow/.local/lib/python3.12/site-packages/airflow/example_dags/example_dag_decorator.py took 0.203 seconds
[2024-06-14T12:13:06.329+0000] {processor.py:161} INFO - Started process (PID=827) to work on /home/airflow/.local/lib/python3.12/site-packages/airflow/example_dags/example_dag_decorator.py
[2024-06-14T12:13:06.330+0000] {processor.py:830} INFO - Processing file /home/airflow/.local/lib/python3.12/site-packages/airflow/example_dags/example_dag_decorator.py for tasks to queue
[2024-06-14T12:13:06.332+0000] {logging_mixin.py:188} INFO - [2024-06-14T12:13:06.331+0000] {dagbag.py:545} INFO - Filling up the DagBag from /home/airflow/.local/lib/python3.12/site-packages/airflow/example_dags/example_dag_decorator.py
[2024-06-14T12:13:06.407+0000] {processor.py:840} INFO - DAG(s) 'example_dag_decorator' retrieved from /home/airflow/.local/lib/python3.12/site-packages/airflow/example_dags/example_dag_decorator.py
[2024-06-14T12:13:06.424+0000] {logging_mixin.py:188} INFO - [2024-06-14T12:13:06.424+0000] {dag.py:3096} INFO - Sync 1 DAGs
[2024-06-14T12:13:06.435+0000] {logging_mixin.py:188} INFO - [2024-06-14T12:13:06.435+0000] {dag.py:3954} INFO - Setting next_dagrun for example_dag_decorator to None, run_after=None
[2024-06-14T12:13:06.449+0000] {processor.py:183} INFO - Processing /home/airflow/.local/lib/python3.12/site-packages/airflow/example_dags/example_dag_decorator.py took 0.123 seconds
[2024-06-14T12:13:36.648+0000] {processor.py:161} INFO - Started process (PID=885) to work on /home/airflow/.local/lib/python3.12/site-packages/airflow/example_dags/example_dag_decorator.py
[2024-06-14T12:13:36.648+0000] {processor.py:830} INFO - Processing file /home/airflow/.local/lib/python3.12/site-packages/airflow/example_dags/example_dag_decorator.py for tasks to queue
[2024-06-14T12:13:36.650+0000] {logging_mixin.py:188} INFO - [2024-06-14T12:13:36.650+0000] {dagbag.py:545} INFO - Filling up the DagBag from /home/airflow/.local/lib/python3.12/site-packages/airflow/example_dags/example_dag_decorator.py
[2024-06-14T12:13:36.742+0000] {processor.py:840} INFO - DAG(s) 'example_dag_decorator' retrieved from /home/airflow/.local/lib/python3.12/site-packages/airflow/example_dags/example_dag_decorator.py
[2024-06-14T12:13:36.850+0000] {logging_mixin.py:188} INFO - [2024-06-14T12:13:36.849+0000] {dag.py:3096} INFO - Sync 1 DAGs
[2024-06-14T12:13:37.002+0000] {logging_mixin.py:188} INFO - [2024-06-14T12:13:37.001+0000] {dag.py:3954} INFO - Setting next_dagrun for example_dag_decorator to None, run_after=None
[2024-06-14T12:13:37.022+0000] {processor.py:183} INFO - Processing /home/airflow/.local/lib/python3.12/site-packages/airflow/example_dags/example_dag_decorator.py took 0.379 seconds
[2024-06-14T12:14:07.151+0000] {processor.py:161} INFO - Started process (PID=945) to work on /home/airflow/.local/lib/python3.12/site-packages/airflow/example_dags/example_dag_decorator.py
[2024-06-14T12:14:07.152+0000] {processor.py:830} INFO - Processing file /home/airflow/.local/lib/python3.12/site-packages/airflow/example_dags/example_dag_decorator.py for tasks to queue
[2024-06-14T12:14:07.155+0000] {logging_mixin.py:188} INFO - [2024-06-14T12:14:07.154+0000] {dagbag.py:545} INFO - Filling up the DagBag from /home/airflow/.local/lib/python3.12/site-packages/airflow/example_dags/example_dag_decorator.py
[2024-06-14T12:14:07.245+0000] {processor.py:840} INFO - DAG(s) 'example_dag_decorator' retrieved from /home/airflow/.local/lib/python3.12/site-packages/airflow/example_dags/example_dag_decorator.py
[2024-06-14T12:14:07.261+0000] {logging_mixin.py:188} INFO - [2024-06-14T12:14:07.261+0000] {dag.py:3096} INFO - Sync 1 DAGs
[2024-06-14T12:14:07.272+0000] {logging_mixin.py:188} INFO - [2024-06-14T12:14:07.272+0000] {dag.py:3954} INFO - Setting next_dagrun for example_dag_decorator to None, run_after=None
[2024-06-14T12:14:07.288+0000] {processor.py:183} INFO - Processing /home/airflow/.local/lib/python3.12/site-packages/airflow/example_dags/example_dag_decorator.py took 0.141 seconds
[2024-06-14T12:14:37.462+0000] {processor.py:161} INFO - Started process (PID=1003) to work on /home/airflow/.local/lib/python3.12/site-packages/airflow/example_dags/example_dag_decorator.py
[2024-06-14T12:14:37.463+0000] {processor.py:830} INFO - Processing file /home/airflow/.local/lib/python3.12/site-packages/airflow/example_dags/example_dag_decorator.py for tasks to queue
[2024-06-14T12:14:37.465+0000] {logging_mixin.py:188} INFO - [2024-06-14T12:14:37.464+0000] {dagbag.py:545} INFO - Filling up the DagBag from /home/airflow/.local/lib/python3.12/site-packages/airflow/example_dags/example_dag_decorator.py
[2024-06-14T12:14:37.550+0000] {processor.py:840} INFO - DAG(s) 'example_dag_decorator' retrieved from /home/airflow/.local/lib/python3.12/site-packages/airflow/example_dags/example_dag_decorator.py
[2024-06-14T12:14:37.567+0000] {logging_mixin.py:188} INFO - [2024-06-14T12:14:37.567+0000] {dag.py:3096} INFO - Sync 1 DAGs
[2024-06-14T12:14:37.576+0000] {logging_mixin.py:188} INFO - [2024-06-14T12:14:37.576+0000] {dag.py:3954} INFO - Setting next_dagrun for example_dag_decorator to None, run_after=None
[2024-06-14T12:14:37.591+0000] {processor.py:183} INFO - Processing /home/airflow/.local/lib/python3.12/site-packages/airflow/example_dags/example_dag_decorator.py took 0.134 seconds
[2024-06-14T12:15:07.713+0000] {processor.py:161} INFO - Started process (PID=1060) to work on /home/airflow/.local/lib/python3.12/site-packages/airflow/example_dags/example_dag_decorator.py
[2024-06-14T12:15:07.713+0000] {processor.py:830} INFO - Processing file /home/airflow/.local/lib/python3.12/site-packages/airflow/example_dags/example_dag_decorator.py for tasks to queue
[2024-06-14T12:15:07.715+0000] {logging_mixin.py:188} INFO - [2024-06-14T12:15:07.715+0000] {dagbag.py:545} INFO - Filling up the DagBag from /home/airflow/.local/lib/python3.12/site-packages/airflow/example_dags/example_dag_decorator.py
[2024-06-14T12:15:07.793+0000] {processor.py:840} INFO - DAG(s) 'example_dag_decorator' retrieved from /home/airflow/.local/lib/python3.12/site-packages/airflow/example_dags/example_dag_decorator.py
[2024-06-14T12:15:07.810+0000] {logging_mixin.py:188} INFO - [2024-06-14T12:15:07.810+0000] {dag.py:3096} INFO - Sync 1 DAGs
[2024-06-14T12:15:07.819+0000] {logging_mixin.py:188} INFO - [2024-06-14T12:15:07.819+0000] {dag.py:3954} INFO - Setting next_dagrun for example_dag_decorator to None, run_after=None
[2024-06-14T12:15:07.833+0000] {processor.py:183} INFO - Processing /home/airflow/.local/lib/python3.12/site-packages/airflow/example_dags/example_dag_decorator.py took 0.125 seconds
[2024-06-14T12:15:37.940+0000] {processor.py:161} INFO - Started process (PID=1117) to work on /home/airflow/.local/lib/python3.12/site-packages/airflow/example_dags/example_dag_decorator.py
[2024-06-14T12:15:37.941+0000] {processor.py:830} INFO - Processing file /home/airflow/.local/lib/python3.12/site-packages/airflow/example_dags/example_dag_decorator.py for tasks to queue
[2024-06-14T12:15:37.942+0000] {logging_mixin.py:188} INFO - [2024-06-14T12:15:37.942+0000] {dagbag.py:545} INFO - Filling up the DagBag from /home/airflow/.local/lib/python3.12/site-packages/airflow/example_dags/example_dag_decorator.py
[2024-06-14T12:15:38.018+0000] {processor.py:840} INFO - DAG(s) 'example_dag_decorator' retrieved from /home/airflow/.local/lib/python3.12/site-packages/airflow/example_dags/example_dag_decorator.py
[2024-06-14T12:15:38.035+0000] {logging_mixin.py:188} INFO - [2024-06-14T12:15:38.035+0000] {dag.py:3096} INFO - Sync 1 DAGs
[2024-06-14T12:15:38.044+0000] {logging_mixin.py:188} INFO - [2024-06-14T12:15:38.044+0000] {dag.py:3954} INFO - Setting next_dagrun for example_dag_decorator to None, run_after=None
[2024-06-14T12:15:38.057+0000] {processor.py:183} INFO - Processing /home/airflow/.local/lib/python3.12/site-packages/airflow/example_dags/example_dag_decorator.py took 0.121 seconds
[2024-06-14T12:16:08.338+0000] {processor.py:161} INFO - Started process (PID=1176) to work on /home/airflow/.local/lib/python3.12/site-packages/airflow/example_dags/example_dag_decorator.py
[2024-06-14T12:16:08.339+0000] {processor.py:830} INFO - Processing file /home/airflow/.local/lib/python3.12/site-packages/airflow/example_dags/example_dag_decorator.py for tasks to queue
[2024-06-14T12:16:08.340+0000] {logging_mixin.py:188} INFO - [2024-06-14T12:16:08.340+0000] {dagbag.py:545} INFO - Filling up the DagBag from /home/airflow/.local/lib/python3.12/site-packages/airflow/example_dags/example_dag_decorator.py
[2024-06-14T12:16:08.418+0000] {processor.py:840} INFO - DAG(s) 'example_dag_decorator' retrieved from /home/airflow/.local/lib/python3.12/site-packages/airflow/example_dags/example_dag_decorator.py
[2024-06-14T12:16:08.437+0000] {logging_mixin.py:188} INFO - [2024-06-14T12:16:08.437+0000] {dag.py:3096} INFO - Sync 1 DAGs
[2024-06-14T12:16:08.447+0000] {logging_mixin.py:188} INFO - [2024-06-14T12:16:08.446+0000] {dag.py:3954} INFO - Setting next_dagrun for example_dag_decorator to None, run_after=None
[2024-06-14T12:16:08.461+0000] {processor.py:183} INFO - Processing /home/airflow/.local/lib/python3.12/site-packages/airflow/example_dags/example_dag_decorator.py took 0.128 seconds
[2024-06-14T12:16:38.618+0000] {processor.py:161} INFO - Started process (PID=1234) to work on /home/airflow/.local/lib/python3.12/site-packages/airflow/example_dags/example_dag_decorator.py
[2024-06-14T12:16:38.618+0000] {processor.py:830} INFO - Processing file /home/airflow/.local/lib/python3.12/site-packages/airflow/example_dags/example_dag_decorator.py for tasks to queue
[2024-06-14T12:16:38.619+0000] {logging_mixin.py:188} INFO - [2024-06-14T12:16:38.619+0000] {dagbag.py:545} INFO - Filling up the DagBag from /home/airflow/.local/lib/python3.12/site-packages/airflow/example_dags/example_dag_decorator.py
[2024-06-14T12:16:38.704+0000] {processor.py:840} INFO - DAG(s) 'example_dag_decorator' retrieved from /home/airflow/.local/lib/python3.12/site-packages/airflow/example_dags/example_dag_decorator.py
[2024-06-14T12:16:38.788+0000] {logging_mixin.py:188} INFO - [2024-06-14T12:16:38.788+0000] {dag.py:3096} INFO - Sync 1 DAGs
[2024-06-14T12:16:38.887+0000] {logging_mixin.py:188} INFO - [2024-06-14T12:16:38.887+0000] {dag.py:3954} INFO - Setting next_dagrun for example_dag_decorator to None, run_after=None
[2024-06-14T12:16:38.901+0000] {processor.py:183} INFO - Processing /home/airflow/.local/lib/python3.12/site-packages/airflow/example_dags/example_dag_decorator.py took 0.288 seconds
[2024-06-14T12:17:08.968+0000] {processor.py:161} INFO - Started process (PID=1292) to work on /home/airflow/.local/lib/python3.12/site-packages/airflow/example_dags/example_dag_decorator.py
[2024-06-14T12:17:08.969+0000] {processor.py:830} INFO - Processing file /home/airflow/.local/lib/python3.12/site-packages/airflow/example_dags/example_dag_decorator.py for tasks to queue
[2024-06-14T12:17:08.970+0000] {logging_mixin.py:188} INFO - [2024-06-14T12:17:08.970+0000] {dagbag.py:545} INFO - Filling up the DagBag from /home/airflow/.local/lib/python3.12/site-packages/airflow/example_dags/example_dag_decorator.py
[2024-06-14T12:17:09.052+0000] {processor.py:840} INFO - DAG(s) 'example_dag_decorator' retrieved from /home/airflow/.local/lib/python3.12/site-packages/airflow/example_dags/example_dag_decorator.py
[2024-06-14T12:17:09.232+0000] {logging_mixin.py:188} INFO - [2024-06-14T12:17:09.232+0000] {dag.py:3096} INFO - Sync 1 DAGs
[2024-06-14T12:17:09.240+0000] {logging_mixin.py:188} INFO - [2024-06-14T12:17:09.239+0000] {dag.py:3954} INFO - Setting next_dagrun for example_dag_decorator to None, run_after=None
[2024-06-14T12:17:09.255+0000] {processor.py:183} INFO - Processing /home/airflow/.local/lib/python3.12/site-packages/airflow/example_dags/example_dag_decorator.py took 0.291 seconds
[2024-06-14T12:17:39.462+0000] {processor.py:161} INFO - Started process (PID=1351) to work on /home/airflow/.local/lib/python3.12/site-packages/airflow/example_dags/example_dag_decorator.py
[2024-06-14T12:17:39.462+0000] {processor.py:830} INFO - Processing file /home/airflow/.local/lib/python3.12/site-packages/airflow/example_dags/example_dag_decorator.py for tasks to queue
[2024-06-14T12:17:39.464+0000] {logging_mixin.py:188} INFO - [2024-06-14T12:17:39.464+0000] {dagbag.py:545} INFO - Filling up the DagBag from /home/airflow/.local/lib/python3.12/site-packages/airflow/example_dags/example_dag_decorator.py
[2024-06-14T12:17:39.541+0000] {processor.py:840} INFO - DAG(s) 'example_dag_decorator' retrieved from /home/airflow/.local/lib/python3.12/site-packages/airflow/example_dags/example_dag_decorator.py
[2024-06-14T12:17:39.558+0000] {logging_mixin.py:188} INFO - [2024-06-14T12:17:39.558+0000] {dag.py:3096} INFO - Sync 1 DAGs
[2024-06-14T12:17:39.569+0000] {logging_mixin.py:188} INFO - [2024-06-14T12:17:39.568+0000] {dag.py:3954} INFO - Setting next_dagrun for example_dag_decorator to None, run_after=None
[2024-06-14T12:17:39.584+0000] {processor.py:183} INFO - Processing /home/airflow/.local/lib/python3.12/site-packages/airflow/example_dags/example_dag_decorator.py took 0.127 seconds
[2024-06-14T12:18:41.100+0000] {processor.py:161} INFO - Started process (PID=45) to work on /home/airflow/.local/lib/python3.12/site-packages/airflow/example_dags/example_dag_decorator.py
[2024-06-14T12:18:41.101+0000] {processor.py:830} INFO - Processing file /home/airflow/.local/lib/python3.12/site-packages/airflow/example_dags/example_dag_decorator.py for tasks to queue
[2024-06-14T12:18:41.102+0000] {logging_mixin.py:188} INFO - [2024-06-14T12:18:41.102+0000] {dagbag.py:545} INFO - Filling up the DagBag from /home/airflow/.local/lib/python3.12/site-packages/airflow/example_dags/example_dag_decorator.py
[2024-06-14T12:18:41.392+0000] {processor.py:840} INFO - DAG(s) 'example_dag_decorator' retrieved from /home/airflow/.local/lib/python3.12/site-packages/airflow/example_dags/example_dag_decorator.py
[2024-06-14T12:18:41.401+0000] {logging_mixin.py:188} INFO - [2024-06-14T12:18:41.401+0000] {dag.py:3096} INFO - Sync 1 DAGs
[2024-06-14T12:18:41.412+0000] {logging_mixin.py:188} INFO - [2024-06-14T12:18:41.411+0000] {dag.py:3954} INFO - Setting next_dagrun for example_dag_decorator to None, run_after=None
[2024-06-14T12:18:41.431+0000] {processor.py:183} INFO - Processing /home/airflow/.local/lib/python3.12/site-packages/airflow/example_dags/example_dag_decorator.py took 0.335 seconds
[2024-06-14T12:19:12.460+0000] {processor.py:161} INFO - Started process (PID=105) to work on /home/airflow/.local/lib/python3.12/site-packages/airflow/example_dags/example_dag_decorator.py
[2024-06-14T12:19:12.461+0000] {processor.py:830} INFO - Processing file /home/airflow/.local/lib/python3.12/site-packages/airflow/example_dags/example_dag_decorator.py for tasks to queue
[2024-06-14T12:19:12.462+0000] {logging_mixin.py:188} INFO - [2024-06-14T12:19:12.462+0000] {dagbag.py:545} INFO - Filling up the DagBag from /home/airflow/.local/lib/python3.12/site-packages/airflow/example_dags/example_dag_decorator.py
[2024-06-14T12:19:12.540+0000] {processor.py:840} INFO - DAG(s) 'example_dag_decorator' retrieved from /home/airflow/.local/lib/python3.12/site-packages/airflow/example_dags/example_dag_decorator.py
[2024-06-14T12:19:12.617+0000] {logging_mixin.py:188} INFO - [2024-06-14T12:19:12.617+0000] {dag.py:3096} INFO - Sync 1 DAGs
[2024-06-14T12:19:12.625+0000] {logging_mixin.py:188} INFO - [2024-06-14T12:19:12.625+0000] {dag.py:3954} INFO - Setting next_dagrun for example_dag_decorator to None, run_after=None
[2024-06-14T12:19:12.641+0000] {processor.py:183} INFO - Processing /home/airflow/.local/lib/python3.12/site-packages/airflow/example_dags/example_dag_decorator.py took 0.185 seconds
[2024-06-14T12:19:43.590+0000] {processor.py:161} INFO - Started process (PID=163) to work on /home/airflow/.local/lib/python3.12/site-packages/airflow/example_dags/example_dag_decorator.py
[2024-06-14T12:19:43.590+0000] {processor.py:830} INFO - Processing file /home/airflow/.local/lib/python3.12/site-packages/airflow/example_dags/example_dag_decorator.py for tasks to queue
[2024-06-14T12:19:43.592+0000] {logging_mixin.py:188} INFO - [2024-06-14T12:19:43.592+0000] {dagbag.py:545} INFO - Filling up the DagBag from /home/airflow/.local/lib/python3.12/site-packages/airflow/example_dags/example_dag_decorator.py
[2024-06-14T12:19:43.677+0000] {processor.py:840} INFO - DAG(s) 'example_dag_decorator' retrieved from /home/airflow/.local/lib/python3.12/site-packages/airflow/example_dags/example_dag_decorator.py
[2024-06-14T12:19:43.764+0000] {logging_mixin.py:188} INFO - [2024-06-14T12:19:43.764+0000] {dag.py:3096} INFO - Sync 1 DAGs
[2024-06-14T12:19:43.774+0000] {logging_mixin.py:188} INFO - [2024-06-14T12:19:43.774+0000] {dag.py:3954} INFO - Setting next_dagrun for example_dag_decorator to None, run_after=None
[2024-06-14T12:19:43.792+0000] {processor.py:183} INFO - Processing /home/airflow/.local/lib/python3.12/site-packages/airflow/example_dags/example_dag_decorator.py took 0.206 seconds
[2024-06-14T12:20:14.034+0000] {processor.py:161} INFO - Started process (PID=221) to work on /home/airflow/.local/lib/python3.12/site-packages/airflow/example_dags/example_dag_decorator.py
[2024-06-14T12:20:14.035+0000] {processor.py:830} INFO - Processing file /home/airflow/.local/lib/python3.12/site-packages/airflow/example_dags/example_dag_decorator.py for tasks to queue
[2024-06-14T12:20:14.037+0000] {logging_mixin.py:188} INFO - [2024-06-14T12:20:14.037+0000] {dagbag.py:545} INFO - Filling up the DagBag from /home/airflow/.local/lib/python3.12/site-packages/airflow/example_dags/example_dag_decorator.py
[2024-06-14T12:20:14.119+0000] {processor.py:840} INFO - DAG(s) 'example_dag_decorator' retrieved from /home/airflow/.local/lib/python3.12/site-packages/airflow/example_dags/example_dag_decorator.py
[2024-06-14T12:20:14.198+0000] {logging_mixin.py:188} INFO - [2024-06-14T12:20:14.198+0000] {dag.py:3096} INFO - Sync 1 DAGs
[2024-06-14T12:20:14.206+0000] {logging_mixin.py:188} INFO - [2024-06-14T12:20:14.206+0000] {dag.py:3954} INFO - Setting next_dagrun for example_dag_decorator to None, run_after=None
[2024-06-14T12:20:14.221+0000] {processor.py:183} INFO - Processing /home/airflow/.local/lib/python3.12/site-packages/airflow/example_dags/example_dag_decorator.py took 0.193 seconds
[2024-06-14T12:20:44.470+0000] {processor.py:161} INFO - Started process (PID=279) to work on /home/airflow/.local/lib/python3.12/site-packages/airflow/example_dags/example_dag_decorator.py
[2024-06-14T12:20:44.470+0000] {processor.py:830} INFO - Processing file /home/airflow/.local/lib/python3.12/site-packages/airflow/example_dags/example_dag_decorator.py for tasks to queue
[2024-06-14T12:20:44.472+0000] {logging_mixin.py:188} INFO - [2024-06-14T12:20:44.471+0000] {dagbag.py:545} INFO - Filling up the DagBag from /home/airflow/.local/lib/python3.12/site-packages/airflow/example_dags/example_dag_decorator.py
[2024-06-14T12:20:44.552+0000] {processor.py:840} INFO - DAG(s) 'example_dag_decorator' retrieved from /home/airflow/.local/lib/python3.12/site-packages/airflow/example_dags/example_dag_decorator.py
[2024-06-14T12:20:44.631+0000] {logging_mixin.py:188} INFO - [2024-06-14T12:20:44.630+0000] {dag.py:3096} INFO - Sync 1 DAGs
[2024-06-14T12:20:44.639+0000] {logging_mixin.py:188} INFO - [2024-06-14T12:20:44.639+0000] {dag.py:3954} INFO - Setting next_dagrun for example_dag_decorator to None, run_after=None
[2024-06-14T12:20:44.652+0000] {processor.py:183} INFO - Processing /home/airflow/.local/lib/python3.12/site-packages/airflow/example_dags/example_dag_decorator.py took 0.187 seconds
[2024-06-14T12:21:14.751+0000] {processor.py:161} INFO - Started process (PID=337) to work on /home/airflow/.local/lib/python3.12/site-packages/airflow/example_dags/example_dag_decorator.py
[2024-06-14T12:21:14.752+0000] {processor.py:830} INFO - Processing file /home/airflow/.local/lib/python3.12/site-packages/airflow/example_dags/example_dag_decorator.py for tasks to queue
[2024-06-14T12:21:14.754+0000] {logging_mixin.py:188} INFO - [2024-06-14T12:21:14.754+0000] {dagbag.py:545} INFO - Filling up the DagBag from /home/airflow/.local/lib/python3.12/site-packages/airflow/example_dags/example_dag_decorator.py
[2024-06-14T12:21:14.845+0000] {processor.py:840} INFO - DAG(s) 'example_dag_decorator' retrieved from /home/airflow/.local/lib/python3.12/site-packages/airflow/example_dags/example_dag_decorator.py
[2024-06-14T12:21:14.932+0000] {logging_mixin.py:188} INFO - [2024-06-14T12:21:14.932+0000] {dag.py:3096} INFO - Sync 1 DAGs
[2024-06-14T12:21:14.941+0000] {logging_mixin.py:188} INFO - [2024-06-14T12:21:14.941+0000] {dag.py:3954} INFO - Setting next_dagrun for example_dag_decorator to None, run_after=None
[2024-06-14T12:21:14.959+0000] {processor.py:183} INFO - Processing /home/airflow/.local/lib/python3.12/site-packages/airflow/example_dags/example_dag_decorator.py took 0.212 seconds
[2024-06-14T12:21:45.016+0000] {processor.py:161} INFO - Started process (PID=397) to work on /home/airflow/.local/lib/python3.12/site-packages/airflow/example_dags/example_dag_decorator.py
[2024-06-14T12:21:45.017+0000] {processor.py:830} INFO - Processing file /home/airflow/.local/lib/python3.12/site-packages/airflow/example_dags/example_dag_decorator.py for tasks to queue
[2024-06-14T12:21:45.018+0000] {logging_mixin.py:188} INFO - [2024-06-14T12:21:45.018+0000] {dagbag.py:545} INFO - Filling up the DagBag from /home/airflow/.local/lib/python3.12/site-packages/airflow/example_dags/example_dag_decorator.py
[2024-06-14T12:21:45.095+0000] {processor.py:840} INFO - DAG(s) 'example_dag_decorator' retrieved from /home/airflow/.local/lib/python3.12/site-packages/airflow/example_dags/example_dag_decorator.py
[2024-06-14T12:21:45.165+0000] {logging_mixin.py:188} INFO - [2024-06-14T12:21:45.165+0000] {dag.py:3096} INFO - Sync 1 DAGs
[2024-06-14T12:21:45.173+0000] {logging_mixin.py:188} INFO - [2024-06-14T12:21:45.173+0000] {dag.py:3954} INFO - Setting next_dagrun for example_dag_decorator to None, run_after=None
[2024-06-14T12:21:45.187+0000] {processor.py:183} INFO - Processing /home/airflow/.local/lib/python3.12/site-packages/airflow/example_dags/example_dag_decorator.py took 0.176 seconds
[2024-06-14T12:22:15.541+0000] {processor.py:161} INFO - Started process (PID=454) to work on /home/airflow/.local/lib/python3.12/site-packages/airflow/example_dags/example_dag_decorator.py
[2024-06-14T12:22:15.542+0000] {processor.py:830} INFO - Processing file /home/airflow/.local/lib/python3.12/site-packages/airflow/example_dags/example_dag_decorator.py for tasks to queue
[2024-06-14T12:22:15.544+0000] {logging_mixin.py:188} INFO - [2024-06-14T12:22:15.543+0000] {dagbag.py:545} INFO - Filling up the DagBag from /home/airflow/.local/lib/python3.12/site-packages/airflow/example_dags/example_dag_decorator.py
[2024-06-14T12:22:15.631+0000] {processor.py:840} INFO - DAG(s) 'example_dag_decorator' retrieved from /home/airflow/.local/lib/python3.12/site-packages/airflow/example_dags/example_dag_decorator.py
[2024-06-14T12:22:15.707+0000] {logging_mixin.py:188} INFO - [2024-06-14T12:22:15.707+0000] {dag.py:3096} INFO - Sync 1 DAGs
[2024-06-14T12:22:15.716+0000] {logging_mixin.py:188} INFO - [2024-06-14T12:22:15.715+0000] {dag.py:3954} INFO - Setting next_dagrun for example_dag_decorator to None, run_after=None
[2024-06-14T12:22:15.736+0000] {processor.py:183} INFO - Processing /home/airflow/.local/lib/python3.12/site-packages/airflow/example_dags/example_dag_decorator.py took 0.200 seconds
[2024-06-14T12:22:45.856+0000] {processor.py:161} INFO - Started process (PID=512) to work on /home/airflow/.local/lib/python3.12/site-packages/airflow/example_dags/example_dag_decorator.py
[2024-06-14T12:22:45.857+0000] {processor.py:830} INFO - Processing file /home/airflow/.local/lib/python3.12/site-packages/airflow/example_dags/example_dag_decorator.py for tasks to queue
[2024-06-14T12:22:45.858+0000] {logging_mixin.py:188} INFO - [2024-06-14T12:22:45.858+0000] {dagbag.py:545} INFO - Filling up the DagBag from /home/airflow/.local/lib/python3.12/site-packages/airflow/example_dags/example_dag_decorator.py
[2024-06-14T12:22:45.940+0000] {processor.py:840} INFO - DAG(s) 'example_dag_decorator' retrieved from /home/airflow/.local/lib/python3.12/site-packages/airflow/example_dags/example_dag_decorator.py
[2024-06-14T12:22:46.028+0000] {logging_mixin.py:188} INFO - [2024-06-14T12:22:46.028+0000] {dag.py:3096} INFO - Sync 1 DAGs
[2024-06-14T12:22:46.036+0000] {logging_mixin.py:188} INFO - [2024-06-14T12:22:46.036+0000] {dag.py:3954} INFO - Setting next_dagrun for example_dag_decorator to None, run_after=None
[2024-06-14T12:22:46.051+0000] {processor.py:183} INFO - Processing /home/airflow/.local/lib/python3.12/site-packages/airflow/example_dags/example_dag_decorator.py took 0.200 seconds
[2024-06-14T12:23:16.253+0000] {processor.py:161} INFO - Started process (PID=570) to work on /home/airflow/.local/lib/python3.12/site-packages/airflow/example_dags/example_dag_decorator.py
[2024-06-14T12:23:16.254+0000] {processor.py:830} INFO - Processing file /home/airflow/.local/lib/python3.12/site-packages/airflow/example_dags/example_dag_decorator.py for tasks to queue
[2024-06-14T12:23:16.255+0000] {logging_mixin.py:188} INFO - [2024-06-14T12:23:16.255+0000] {dagbag.py:545} INFO - Filling up the DagBag from /home/airflow/.local/lib/python3.12/site-packages/airflow/example_dags/example_dag_decorator.py
[2024-06-14T12:23:16.335+0000] {processor.py:840} INFO - DAG(s) 'example_dag_decorator' retrieved from /home/airflow/.local/lib/python3.12/site-packages/airflow/example_dags/example_dag_decorator.py
[2024-06-14T12:23:16.413+0000] {logging_mixin.py:188} INFO - [2024-06-14T12:23:16.413+0000] {dag.py:3096} INFO - Sync 1 DAGs
[2024-06-14T12:23:16.423+0000] {logging_mixin.py:188} INFO - [2024-06-14T12:23:16.423+0000] {dag.py:3954} INFO - Setting next_dagrun for example_dag_decorator to None, run_after=None
[2024-06-14T12:23:16.438+0000] {processor.py:183} INFO - Processing /home/airflow/.local/lib/python3.12/site-packages/airflow/example_dags/example_dag_decorator.py took 0.191 seconds
[2024-06-14T12:23:46.712+0000] {processor.py:161} INFO - Started process (PID=628) to work on /home/airflow/.local/lib/python3.12/site-packages/airflow/example_dags/example_dag_decorator.py
[2024-06-14T12:23:46.713+0000] {processor.py:830} INFO - Processing file /home/airflow/.local/lib/python3.12/site-packages/airflow/example_dags/example_dag_decorator.py for tasks to queue
[2024-06-14T12:23:46.714+0000] {logging_mixin.py:188} INFO - [2024-06-14T12:23:46.714+0000] {dagbag.py:545} INFO - Filling up the DagBag from /home/airflow/.local/lib/python3.12/site-packages/airflow/example_dags/example_dag_decorator.py
[2024-06-14T12:23:46.802+0000] {processor.py:840} INFO - DAG(s) 'example_dag_decorator' retrieved from /home/airflow/.local/lib/python3.12/site-packages/airflow/example_dags/example_dag_decorator.py
[2024-06-14T12:23:46.885+0000] {logging_mixin.py:188} INFO - [2024-06-14T12:23:46.885+0000] {dag.py:3096} INFO - Sync 1 DAGs
[2024-06-14T12:23:46.894+0000] {logging_mixin.py:188} INFO - [2024-06-14T12:23:46.893+0000] {dag.py:3954} INFO - Setting next_dagrun for example_dag_decorator to None, run_after=None
[2024-06-14T12:23:46.911+0000] {processor.py:183} INFO - Processing /home/airflow/.local/lib/python3.12/site-packages/airflow/example_dags/example_dag_decorator.py took 0.203 seconds
[2024-06-14T12:24:16.986+0000] {processor.py:161} INFO - Started process (PID=687) to work on /home/airflow/.local/lib/python3.12/site-packages/airflow/example_dags/example_dag_decorator.py
[2024-06-14T12:24:16.987+0000] {processor.py:830} INFO - Processing file /home/airflow/.local/lib/python3.12/site-packages/airflow/example_dags/example_dag_decorator.py for tasks to queue
[2024-06-14T12:24:16.988+0000] {logging_mixin.py:188} INFO - [2024-06-14T12:24:16.988+0000] {dagbag.py:545} INFO - Filling up the DagBag from /home/airflow/.local/lib/python3.12/site-packages/airflow/example_dags/example_dag_decorator.py
[2024-06-14T12:24:17.066+0000] {processor.py:840} INFO - DAG(s) 'example_dag_decorator' retrieved from /home/airflow/.local/lib/python3.12/site-packages/airflow/example_dags/example_dag_decorator.py
[2024-06-14T12:24:17.145+0000] {logging_mixin.py:188} INFO - [2024-06-14T12:24:17.144+0000] {dag.py:3096} INFO - Sync 1 DAGs
[2024-06-14T12:24:17.152+0000] {logging_mixin.py:188} INFO - [2024-06-14T12:24:17.152+0000] {dag.py:3954} INFO - Setting next_dagrun for example_dag_decorator to None, run_after=None
[2024-06-14T12:24:17.168+0000] {processor.py:183} INFO - Processing /home/airflow/.local/lib/python3.12/site-packages/airflow/example_dags/example_dag_decorator.py took 0.186 seconds
[2024-06-14T12:24:47.317+0000] {processor.py:161} INFO - Started process (PID=745) to work on /home/airflow/.local/lib/python3.12/site-packages/airflow/example_dags/example_dag_decorator.py
[2024-06-14T12:24:47.318+0000] {processor.py:830} INFO - Processing file /home/airflow/.local/lib/python3.12/site-packages/airflow/example_dags/example_dag_decorator.py for tasks to queue
[2024-06-14T12:24:47.320+0000] {logging_mixin.py:188} INFO - [2024-06-14T12:24:47.319+0000] {dagbag.py:545} INFO - Filling up the DagBag from /home/airflow/.local/lib/python3.12/site-packages/airflow/example_dags/example_dag_decorator.py
[2024-06-14T12:24:47.404+0000] {processor.py:840} INFO - DAG(s) 'example_dag_decorator' retrieved from /home/airflow/.local/lib/python3.12/site-packages/airflow/example_dags/example_dag_decorator.py
[2024-06-14T12:24:47.480+0000] {logging_mixin.py:188} INFO - [2024-06-14T12:24:47.480+0000] {dag.py:3096} INFO - Sync 1 DAGs
[2024-06-14T12:24:47.488+0000] {logging_mixin.py:188} INFO - [2024-06-14T12:24:47.488+0000] {dag.py:3954} INFO - Setting next_dagrun for example_dag_decorator to None, run_after=None
[2024-06-14T12:24:47.504+0000] {processor.py:183} INFO - Processing /home/airflow/.local/lib/python3.12/site-packages/airflow/example_dags/example_dag_decorator.py took 0.191 seconds
[2024-06-14T12:25:17.572+0000] {processor.py:161} INFO - Started process (PID=805) to work on /home/airflow/.local/lib/python3.12/site-packages/airflow/example_dags/example_dag_decorator.py
[2024-06-14T12:25:17.572+0000] {processor.py:830} INFO - Processing file /home/airflow/.local/lib/python3.12/site-packages/airflow/example_dags/example_dag_decorator.py for tasks to queue
[2024-06-14T12:25:17.574+0000] {logging_mixin.py:188} INFO - [2024-06-14T12:25:17.573+0000] {dagbag.py:545} INFO - Filling up the DagBag from /home/airflow/.local/lib/python3.12/site-packages/airflow/example_dags/example_dag_decorator.py
[2024-06-14T12:25:17.646+0000] {processor.py:840} INFO - DAG(s) 'example_dag_decorator' retrieved from /home/airflow/.local/lib/python3.12/site-packages/airflow/example_dags/example_dag_decorator.py
[2024-06-14T12:25:17.734+0000] {logging_mixin.py:188} INFO - [2024-06-14T12:25:17.733+0000] {dag.py:3096} INFO - Sync 1 DAGs
[2024-06-14T12:25:17.837+0000] {logging_mixin.py:188} INFO - [2024-06-14T12:25:17.837+0000] {dag.py:3954} INFO - Setting next_dagrun for example_dag_decorator to None, run_after=None
[2024-06-14T12:25:17.854+0000] {processor.py:183} INFO - Processing /home/airflow/.local/lib/python3.12/site-packages/airflow/example_dags/example_dag_decorator.py took 0.287 seconds
[2024-06-14T12:25:48.022+0000] {processor.py:161} INFO - Started process (PID=861) to work on /home/airflow/.local/lib/python3.12/site-packages/airflow/example_dags/example_dag_decorator.py
[2024-06-14T12:25:48.022+0000] {processor.py:830} INFO - Processing file /home/airflow/.local/lib/python3.12/site-packages/airflow/example_dags/example_dag_decorator.py for tasks to queue
[2024-06-14T12:25:48.024+0000] {logging_mixin.py:188} INFO - [2024-06-14T12:25:48.024+0000] {dagbag.py:545} INFO - Filling up the DagBag from /home/airflow/.local/lib/python3.12/site-packages/airflow/example_dags/example_dag_decorator.py
[2024-06-14T12:25:48.110+0000] {processor.py:840} INFO - DAG(s) 'example_dag_decorator' retrieved from /home/airflow/.local/lib/python3.12/site-packages/airflow/example_dags/example_dag_decorator.py
[2024-06-14T12:25:48.186+0000] {logging_mixin.py:188} INFO - [2024-06-14T12:25:48.186+0000] {dag.py:3096} INFO - Sync 1 DAGs
[2024-06-14T12:25:48.196+0000] {logging_mixin.py:188} INFO - [2024-06-14T12:25:48.196+0000] {dag.py:3954} INFO - Setting next_dagrun for example_dag_decorator to None, run_after=None
[2024-06-14T12:25:48.214+0000] {processor.py:183} INFO - Processing /home/airflow/.local/lib/python3.12/site-packages/airflow/example_dags/example_dag_decorator.py took 0.196 seconds
[2024-06-14T12:26:18.365+0000] {processor.py:161} INFO - Started process (PID=919) to work on /home/airflow/.local/lib/python3.12/site-packages/airflow/example_dags/example_dag_decorator.py
[2024-06-14T12:26:18.366+0000] {processor.py:830} INFO - Processing file /home/airflow/.local/lib/python3.12/site-packages/airflow/example_dags/example_dag_decorator.py for tasks to queue
[2024-06-14T12:26:18.367+0000] {logging_mixin.py:188} INFO - [2024-06-14T12:26:18.367+0000] {dagbag.py:545} INFO - Filling up the DagBag from /home/airflow/.local/lib/python3.12/site-packages/airflow/example_dags/example_dag_decorator.py
[2024-06-14T12:26:18.464+0000] {processor.py:840} INFO - DAG(s) 'example_dag_decorator' retrieved from /home/airflow/.local/lib/python3.12/site-packages/airflow/example_dags/example_dag_decorator.py
[2024-06-14T12:26:18.555+0000] {logging_mixin.py:188} INFO - [2024-06-14T12:26:18.555+0000] {dag.py:3096} INFO - Sync 1 DAGs
[2024-06-14T12:26:18.565+0000] {logging_mixin.py:188} INFO - [2024-06-14T12:26:18.565+0000] {dag.py:3954} INFO - Setting next_dagrun for example_dag_decorator to None, run_after=None
[2024-06-14T12:26:18.583+0000] {processor.py:183} INFO - Processing /home/airflow/.local/lib/python3.12/site-packages/airflow/example_dags/example_dag_decorator.py took 0.223 seconds
[2024-06-14T12:26:48.698+0000] {processor.py:161} INFO - Started process (PID=977) to work on /home/airflow/.local/lib/python3.12/site-packages/airflow/example_dags/example_dag_decorator.py
[2024-06-14T12:26:48.698+0000] {processor.py:830} INFO - Processing file /home/airflow/.local/lib/python3.12/site-packages/airflow/example_dags/example_dag_decorator.py for tasks to queue
[2024-06-14T12:26:48.700+0000] {logging_mixin.py:188} INFO - [2024-06-14T12:26:48.700+0000] {dagbag.py:545} INFO - Filling up the DagBag from /home/airflow/.local/lib/python3.12/site-packages/airflow/example_dags/example_dag_decorator.py
[2024-06-14T12:26:48.806+0000] {processor.py:840} INFO - DAG(s) 'example_dag_decorator' retrieved from /home/airflow/.local/lib/python3.12/site-packages/airflow/example_dags/example_dag_decorator.py
[2024-06-14T12:26:49.022+0000] {logging_mixin.py:188} INFO - [2024-06-14T12:26:49.021+0000] {dag.py:3096} INFO - Sync 1 DAGs
[2024-06-14T12:26:49.029+0000] {logging_mixin.py:188} INFO - [2024-06-14T12:26:49.029+0000] {dag.py:3954} INFO - Setting next_dagrun for example_dag_decorator to None, run_after=None
[2024-06-14T12:26:49.044+0000] {processor.py:183} INFO - Processing /home/airflow/.local/lib/python3.12/site-packages/airflow/example_dags/example_dag_decorator.py took 0.351 seconds
[2024-06-14T12:27:19.074+0000] {processor.py:161} INFO - Started process (PID=1038) to work on /home/airflow/.local/lib/python3.12/site-packages/airflow/example_dags/example_dag_decorator.py
[2024-06-14T12:27:19.075+0000] {processor.py:830} INFO - Processing file /home/airflow/.local/lib/python3.12/site-packages/airflow/example_dags/example_dag_decorator.py for tasks to queue
[2024-06-14T12:27:19.077+0000] {logging_mixin.py:188} INFO - [2024-06-14T12:27:19.076+0000] {dagbag.py:545} INFO - Filling up the DagBag from /home/airflow/.local/lib/python3.12/site-packages/airflow/example_dags/example_dag_decorator.py
[2024-06-14T12:27:19.164+0000] {processor.py:840} INFO - DAG(s) 'example_dag_decorator' retrieved from /home/airflow/.local/lib/python3.12/site-packages/airflow/example_dags/example_dag_decorator.py
[2024-06-14T12:27:19.335+0000] {logging_mixin.py:188} INFO - [2024-06-14T12:27:19.335+0000] {dag.py:3096} INFO - Sync 1 DAGs
[2024-06-14T12:27:19.344+0000] {logging_mixin.py:188} INFO - [2024-06-14T12:27:19.344+0000] {dag.py:3954} INFO - Setting next_dagrun for example_dag_decorator to None, run_after=None
[2024-06-14T12:27:19.360+0000] {processor.py:183} INFO - Processing /home/airflow/.local/lib/python3.12/site-packages/airflow/example_dags/example_dag_decorator.py took 0.290 seconds
[2024-06-14T12:27:49.424+0000] {processor.py:161} INFO - Started process (PID=1099) to work on /home/airflow/.local/lib/python3.12/site-packages/airflow/example_dags/example_dag_decorator.py
[2024-06-14T12:27:49.425+0000] {processor.py:830} INFO - Processing file /home/airflow/.local/lib/python3.12/site-packages/airflow/example_dags/example_dag_decorator.py for tasks to queue
[2024-06-14T12:27:49.426+0000] {logging_mixin.py:188} INFO - [2024-06-14T12:27:49.426+0000] {dagbag.py:545} INFO - Filling up the DagBag from /home/airflow/.local/lib/python3.12/site-packages/airflow/example_dags/example_dag_decorator.py
[2024-06-14T12:27:49.505+0000] {processor.py:840} INFO - DAG(s) 'example_dag_decorator' retrieved from /home/airflow/.local/lib/python3.12/site-packages/airflow/example_dags/example_dag_decorator.py
[2024-06-14T12:27:49.683+0000] {logging_mixin.py:188} INFO - [2024-06-14T12:27:49.682+0000] {dag.py:3096} INFO - Sync 1 DAGs
[2024-06-14T12:27:49.690+0000] {logging_mixin.py:188} INFO - [2024-06-14T12:27:49.690+0000] {dag.py:3954} INFO - Setting next_dagrun for example_dag_decorator to None, run_after=None
[2024-06-14T12:27:49.707+0000] {processor.py:183} INFO - Processing /home/airflow/.local/lib/python3.12/site-packages/airflow/example_dags/example_dag_decorator.py took 0.287 seconds
[2024-06-14T12:28:19.757+0000] {processor.py:161} INFO - Started process (PID=1160) to work on /home/airflow/.local/lib/python3.12/site-packages/airflow/example_dags/example_dag_decorator.py
[2024-06-14T12:28:19.758+0000] {processor.py:830} INFO - Processing file /home/airflow/.local/lib/python3.12/site-packages/airflow/example_dags/example_dag_decorator.py for tasks to queue
[2024-06-14T12:28:19.759+0000] {logging_mixin.py:188} INFO - [2024-06-14T12:28:19.759+0000] {dagbag.py:545} INFO - Filling up the DagBag from /home/airflow/.local/lib/python3.12/site-packages/airflow/example_dags/example_dag_decorator.py
[2024-06-14T12:28:19.837+0000] {processor.py:840} INFO - DAG(s) 'example_dag_decorator' retrieved from /home/airflow/.local/lib/python3.12/site-packages/airflow/example_dags/example_dag_decorator.py
[2024-06-14T12:28:19.916+0000] {logging_mixin.py:188} INFO - [2024-06-14T12:28:19.916+0000] {dag.py:3096} INFO - Sync 1 DAGs
[2024-06-14T12:28:20.013+0000] {logging_mixin.py:188} INFO - [2024-06-14T12:28:20.013+0000] {dag.py:3954} INFO - Setting next_dagrun for example_dag_decorator to None, run_after=None
[2024-06-14T12:28:20.030+0000] {processor.py:183} INFO - Processing /home/airflow/.local/lib/python3.12/site-packages/airflow/example_dags/example_dag_decorator.py took 0.277 seconds
[2024-06-14T12:28:50.181+0000] {processor.py:161} INFO - Started process (PID=1220) to work on /home/airflow/.local/lib/python3.12/site-packages/airflow/example_dags/example_dag_decorator.py
[2024-06-14T12:28:50.182+0000] {processor.py:830} INFO - Processing file /home/airflow/.local/lib/python3.12/site-packages/airflow/example_dags/example_dag_decorator.py for tasks to queue
[2024-06-14T12:28:50.183+0000] {logging_mixin.py:188} INFO - [2024-06-14T12:28:50.183+0000] {dagbag.py:545} INFO - Filling up the DagBag from /home/airflow/.local/lib/python3.12/site-packages/airflow/example_dags/example_dag_decorator.py
[2024-06-14T12:28:50.260+0000] {processor.py:840} INFO - DAG(s) 'example_dag_decorator' retrieved from /home/airflow/.local/lib/python3.12/site-packages/airflow/example_dags/example_dag_decorator.py
[2024-06-14T12:28:50.416+0000] {logging_mixin.py:188} INFO - [2024-06-14T12:28:50.415+0000] {dag.py:3096} INFO - Sync 1 DAGs
[2024-06-14T12:28:50.423+0000] {logging_mixin.py:188} INFO - [2024-06-14T12:28:50.423+0000] {dag.py:3954} INFO - Setting next_dagrun for example_dag_decorator to None, run_after=None
[2024-06-14T12:28:50.436+0000] {processor.py:183} INFO - Processing /home/airflow/.local/lib/python3.12/site-packages/airflow/example_dags/example_dag_decorator.py took 0.260 seconds
[2024-06-14T12:29:20.503+0000] {processor.py:161} INFO - Started process (PID=1281) to work on /home/airflow/.local/lib/python3.12/site-packages/airflow/example_dags/example_dag_decorator.py
[2024-06-14T12:29:20.504+0000] {processor.py:830} INFO - Processing file /home/airflow/.local/lib/python3.12/site-packages/airflow/example_dags/example_dag_decorator.py for tasks to queue
[2024-06-14T12:29:20.505+0000] {logging_mixin.py:188} INFO - [2024-06-14T12:29:20.505+0000] {dagbag.py:545} INFO - Filling up the DagBag from /home/airflow/.local/lib/python3.12/site-packages/airflow/example_dags/example_dag_decorator.py
[2024-06-14T12:29:20.573+0000] {processor.py:840} INFO - DAG(s) 'example_dag_decorator' retrieved from /home/airflow/.local/lib/python3.12/site-packages/airflow/example_dags/example_dag_decorator.py
[2024-06-14T12:29:20.735+0000] {logging_mixin.py:188} INFO - [2024-06-14T12:29:20.734+0000] {dag.py:3096} INFO - Sync 1 DAGs
[2024-06-14T12:29:20.742+0000] {logging_mixin.py:188} INFO - [2024-06-14T12:29:20.741+0000] {dag.py:3954} INFO - Setting next_dagrun for example_dag_decorator to None, run_after=None
[2024-06-14T12:29:20.756+0000] {processor.py:183} INFO - Processing /home/airflow/.local/lib/python3.12/site-packages/airflow/example_dags/example_dag_decorator.py took 0.256 seconds
[2024-06-14T12:29:50.933+0000] {processor.py:161} INFO - Started process (PID=1339) to work on /home/airflow/.local/lib/python3.12/site-packages/airflow/example_dags/example_dag_decorator.py
[2024-06-14T12:29:50.934+0000] {processor.py:830} INFO - Processing file /home/airflow/.local/lib/python3.12/site-packages/airflow/example_dags/example_dag_decorator.py for tasks to queue
[2024-06-14T12:29:50.935+0000] {logging_mixin.py:188} INFO - [2024-06-14T12:29:50.935+0000] {dagbag.py:545} INFO - Filling up the DagBag from /home/airflow/.local/lib/python3.12/site-packages/airflow/example_dags/example_dag_decorator.py
[2024-06-14T12:29:51.015+0000] {processor.py:840} INFO - DAG(s) 'example_dag_decorator' retrieved from /home/airflow/.local/lib/python3.12/site-packages/airflow/example_dags/example_dag_decorator.py
[2024-06-14T12:29:51.191+0000] {logging_mixin.py:188} INFO - [2024-06-14T12:29:51.191+0000] {dag.py:3096} INFO - Sync 1 DAGs
[2024-06-14T12:29:51.197+0000] {logging_mixin.py:188} INFO - [2024-06-14T12:29:51.197+0000] {dag.py:3954} INFO - Setting next_dagrun for example_dag_decorator to None, run_after=None
[2024-06-14T12:29:51.211+0000] {processor.py:183} INFO - Processing /home/airflow/.local/lib/python3.12/site-packages/airflow/example_dags/example_dag_decorator.py took 0.284 seconds
[2024-06-14T12:30:21.290+0000] {processor.py:161} INFO - Started process (PID=1397) to work on /home/airflow/.local/lib/python3.12/site-packages/airflow/example_dags/example_dag_decorator.py
[2024-06-14T12:30:21.291+0000] {processor.py:830} INFO - Processing file /home/airflow/.local/lib/python3.12/site-packages/airflow/example_dags/example_dag_decorator.py for tasks to queue
[2024-06-14T12:30:21.292+0000] {logging_mixin.py:188} INFO - [2024-06-14T12:30:21.292+0000] {dagbag.py:545} INFO - Filling up the DagBag from /home/airflow/.local/lib/python3.12/site-packages/airflow/example_dags/example_dag_decorator.py
[2024-06-14T12:30:21.367+0000] {processor.py:840} INFO - DAG(s) 'example_dag_decorator' retrieved from /home/airflow/.local/lib/python3.12/site-packages/airflow/example_dags/example_dag_decorator.py
[2024-06-14T12:30:21.536+0000] {logging_mixin.py:188} INFO - [2024-06-14T12:30:21.536+0000] {dag.py:3096} INFO - Sync 1 DAGs
[2024-06-14T12:30:21.543+0000] {logging_mixin.py:188} INFO - [2024-06-14T12:30:21.543+0000] {dag.py:3954} INFO - Setting next_dagrun for example_dag_decorator to None, run_after=None
[2024-06-14T12:30:21.557+0000] {processor.py:183} INFO - Processing /home/airflow/.local/lib/python3.12/site-packages/airflow/example_dags/example_dag_decorator.py took 0.271 seconds
[2024-06-14T12:30:51.592+0000] {processor.py:161} INFO - Started process (PID=1454) to work on /home/airflow/.local/lib/python3.12/site-packages/airflow/example_dags/example_dag_decorator.py
[2024-06-14T12:30:51.593+0000] {processor.py:830} INFO - Processing file /home/airflow/.local/lib/python3.12/site-packages/airflow/example_dags/example_dag_decorator.py for tasks to queue
[2024-06-14T12:30:51.594+0000] {logging_mixin.py:188} INFO - [2024-06-14T12:30:51.594+0000] {dagbag.py:545} INFO - Filling up the DagBag from /home/airflow/.local/lib/python3.12/site-packages/airflow/example_dags/example_dag_decorator.py
[2024-06-14T12:30:51.675+0000] {processor.py:840} INFO - DAG(s) 'example_dag_decorator' retrieved from /home/airflow/.local/lib/python3.12/site-packages/airflow/example_dags/example_dag_decorator.py
[2024-06-14T12:30:51.845+0000] {logging_mixin.py:188} INFO - [2024-06-14T12:30:51.845+0000] {dag.py:3096} INFO - Sync 1 DAGs
[2024-06-14T12:30:51.852+0000] {logging_mixin.py:188} INFO - [2024-06-14T12:30:51.852+0000] {dag.py:3954} INFO - Setting next_dagrun for example_dag_decorator to None, run_after=None
[2024-06-14T12:30:51.865+0000] {processor.py:183} INFO - Processing /home/airflow/.local/lib/python3.12/site-packages/airflow/example_dags/example_dag_decorator.py took 0.278 seconds
