[2024-06-14T12:06:31.795+0000] {processor.py:161} INFO - Started process (PID=69) to work on /home/airflow/.local/lib/python3.12/site-packages/airflow/example_dags/example_branch_operator.py
[2024-06-14T12:06:31.797+0000] {processor.py:830} INFO - Processing file /home/airflow/.local/lib/python3.12/site-packages/airflow/example_dags/example_branch_operator.py for tasks to queue
[2024-06-14T12:06:31.799+0000] {logging_mixin.py:188} INFO - [2024-06-14T12:06:31.798+0000] {dagbag.py:545} INFO - Filling up the DagBag from /home/airflow/.local/lib/python3.12/site-packages/airflow/example_dags/example_branch_operator.py
[2024-06-14T12:06:31.818+0000] {processor.py:840} INFO - DAG(s) 'example_branch_operator' retrieved from /home/airflow/.local/lib/python3.12/site-packages/airflow/example_dags/example_branch_operator.py
[2024-06-14T12:06:31.828+0000] {logging_mixin.py:188} INFO - [2024-06-14T12:06:31.828+0000] {dag.py:3096} INFO - Sync 1 DAGs
[2024-06-14T12:06:31.850+0000] {logging_mixin.py:188} INFO - [2024-06-14T12:06:31.850+0000] {dag.py:3954} INFO - Setting next_dagrun for example_branch_operator to 2024-06-13 00:00:00+00:00, run_after=2024-06-14 00:00:00+00:00
[2024-06-14T12:06:31.870+0000] {processor.py:183} INFO - Processing /home/airflow/.local/lib/python3.12/site-packages/airflow/example_dags/example_branch_operator.py took 0.081 seconds
[2024-06-14T12:07:03.438+0000] {processor.py:161} INFO - Started process (PID=127) to work on /home/airflow/.local/lib/python3.12/site-packages/airflow/example_dags/example_branch_operator.py
[2024-06-14T12:07:03.439+0000] {processor.py:830} INFO - Processing file /home/airflow/.local/lib/python3.12/site-packages/airflow/example_dags/example_branch_operator.py for tasks to queue
[2024-06-14T12:07:03.441+0000] {logging_mixin.py:188} INFO - [2024-06-14T12:07:03.441+0000] {dagbag.py:545} INFO - Filling up the DagBag from /home/airflow/.local/lib/python3.12/site-packages/airflow/example_dags/example_branch_operator.py
[2024-06-14T12:07:03.453+0000] {processor.py:840} INFO - DAG(s) 'example_branch_operator' retrieved from /home/airflow/.local/lib/python3.12/site-packages/airflow/example_dags/example_branch_operator.py
[2024-06-14T12:07:03.550+0000] {logging_mixin.py:188} INFO - [2024-06-14T12:07:03.550+0000] {dag.py:3096} INFO - Sync 1 DAGs
[2024-06-14T12:07:03.568+0000] {logging_mixin.py:188} INFO - [2024-06-14T12:07:03.567+0000] {dag.py:3954} INFO - Setting next_dagrun for example_branch_operator to 2024-06-13 00:00:00+00:00, run_after=2024-06-14 00:00:00+00:00
[2024-06-14T12:07:03.585+0000] {processor.py:183} INFO - Processing /home/airflow/.local/lib/python3.12/site-packages/airflow/example_dags/example_branch_operator.py took 0.150 seconds
[2024-06-14T12:07:34.332+0000] {processor.py:161} INFO - Started process (PID=185) to work on /home/airflow/.local/lib/python3.12/site-packages/airflow/example_dags/example_branch_operator.py
[2024-06-14T12:07:34.332+0000] {processor.py:830} INFO - Processing file /home/airflow/.local/lib/python3.12/site-packages/airflow/example_dags/example_branch_operator.py for tasks to queue
[2024-06-14T12:07:34.334+0000] {logging_mixin.py:188} INFO - [2024-06-14T12:07:34.333+0000] {dagbag.py:545} INFO - Filling up the DagBag from /home/airflow/.local/lib/python3.12/site-packages/airflow/example_dags/example_branch_operator.py
[2024-06-14T12:07:34.345+0000] {processor.py:840} INFO - DAG(s) 'example_branch_operator' retrieved from /home/airflow/.local/lib/python3.12/site-packages/airflow/example_dags/example_branch_operator.py
[2024-06-14T12:07:34.368+0000] {logging_mixin.py:188} INFO - [2024-06-14T12:07:34.368+0000] {dag.py:3096} INFO - Sync 1 DAGs
[2024-06-14T12:07:34.383+0000] {logging_mixin.py:188} INFO - [2024-06-14T12:07:34.383+0000] {dag.py:3954} INFO - Setting next_dagrun for example_branch_operator to 2024-06-13 00:00:00+00:00, run_after=2024-06-14 00:00:00+00:00
[2024-06-14T12:07:34.401+0000] {processor.py:183} INFO - Processing /home/airflow/.local/lib/python3.12/site-packages/airflow/example_dags/example_branch_operator.py took 0.075 seconds
[2024-06-14T12:08:04.589+0000] {processor.py:161} INFO - Started process (PID=243) to work on /home/airflow/.local/lib/python3.12/site-packages/airflow/example_dags/example_branch_operator.py
[2024-06-14T12:08:04.590+0000] {processor.py:830} INFO - Processing file /home/airflow/.local/lib/python3.12/site-packages/airflow/example_dags/example_branch_operator.py for tasks to queue
[2024-06-14T12:08:04.591+0000] {logging_mixin.py:188} INFO - [2024-06-14T12:08:04.591+0000] {dagbag.py:545} INFO - Filling up the DagBag from /home/airflow/.local/lib/python3.12/site-packages/airflow/example_dags/example_branch_operator.py
[2024-06-14T12:08:04.604+0000] {processor.py:840} INFO - DAG(s) 'example_branch_operator' retrieved from /home/airflow/.local/lib/python3.12/site-packages/airflow/example_dags/example_branch_operator.py
[2024-06-14T12:08:04.624+0000] {logging_mixin.py:188} INFO - [2024-06-14T12:08:04.624+0000] {dag.py:3096} INFO - Sync 1 DAGs
[2024-06-14T12:08:04.641+0000] {logging_mixin.py:188} INFO - [2024-06-14T12:08:04.641+0000] {dag.py:3954} INFO - Setting next_dagrun for example_branch_operator to 2024-06-13 00:00:00+00:00, run_after=2024-06-14 00:00:00+00:00
[2024-06-14T12:08:04.658+0000] {processor.py:183} INFO - Processing /home/airflow/.local/lib/python3.12/site-packages/airflow/example_dags/example_branch_operator.py took 0.073 seconds
[2024-06-14T12:08:34.775+0000] {processor.py:161} INFO - Started process (PID=301) to work on /home/airflow/.local/lib/python3.12/site-packages/airflow/example_dags/example_branch_operator.py
[2024-06-14T12:08:34.776+0000] {processor.py:830} INFO - Processing file /home/airflow/.local/lib/python3.12/site-packages/airflow/example_dags/example_branch_operator.py for tasks to queue
[2024-06-14T12:08:34.777+0000] {logging_mixin.py:188} INFO - [2024-06-14T12:08:34.777+0000] {dagbag.py:545} INFO - Filling up the DagBag from /home/airflow/.local/lib/python3.12/site-packages/airflow/example_dags/example_branch_operator.py
[2024-06-14T12:08:34.789+0000] {processor.py:840} INFO - DAG(s) 'example_branch_operator' retrieved from /home/airflow/.local/lib/python3.12/site-packages/airflow/example_dags/example_branch_operator.py
[2024-06-14T12:08:34.810+0000] {logging_mixin.py:188} INFO - [2024-06-14T12:08:34.810+0000] {dag.py:3096} INFO - Sync 1 DAGs
[2024-06-14T12:08:34.826+0000] {logging_mixin.py:188} INFO - [2024-06-14T12:08:34.826+0000] {dag.py:3954} INFO - Setting next_dagrun for example_branch_operator to 2024-06-13 00:00:00+00:00, run_after=2024-06-14 00:00:00+00:00
[2024-06-14T12:08:34.842+0000] {processor.py:183} INFO - Processing /home/airflow/.local/lib/python3.12/site-packages/airflow/example_dags/example_branch_operator.py took 0.072 seconds
[2024-06-14T12:09:04.906+0000] {processor.py:161} INFO - Started process (PID=359) to work on /home/airflow/.local/lib/python3.12/site-packages/airflow/example_dags/example_branch_operator.py
[2024-06-14T12:09:04.915+0000] {processor.py:830} INFO - Processing file /home/airflow/.local/lib/python3.12/site-packages/airflow/example_dags/example_branch_operator.py for tasks to queue
[2024-06-14T12:09:04.917+0000] {logging_mixin.py:188} INFO - [2024-06-14T12:09:04.917+0000] {dagbag.py:545} INFO - Filling up the DagBag from /home/airflow/.local/lib/python3.12/site-packages/airflow/example_dags/example_branch_operator.py
[2024-06-14T12:09:04.936+0000] {processor.py:840} INFO - DAG(s) 'example_branch_operator' retrieved from /home/airflow/.local/lib/python3.12/site-packages/airflow/example_dags/example_branch_operator.py
[2024-06-14T12:09:04.964+0000] {logging_mixin.py:188} INFO - [2024-06-14T12:09:04.964+0000] {dag.py:3096} INFO - Sync 1 DAGs
[2024-06-14T12:09:04.981+0000] {logging_mixin.py:188} INFO - [2024-06-14T12:09:04.980+0000] {dag.py:3954} INFO - Setting next_dagrun for example_branch_operator to 2024-06-13 00:00:00+00:00, run_after=2024-06-14 00:00:00+00:00
[2024-06-14T12:09:04.997+0000] {processor.py:183} INFO - Processing /home/airflow/.local/lib/python3.12/site-packages/airflow/example_dags/example_branch_operator.py took 0.095 seconds
[2024-06-14T12:09:35.458+0000] {processor.py:161} INFO - Started process (PID=424) to work on /home/airflow/.local/lib/python3.12/site-packages/airflow/example_dags/example_branch_operator.py
[2024-06-14T12:09:35.459+0000] {processor.py:830} INFO - Processing file /home/airflow/.local/lib/python3.12/site-packages/airflow/example_dags/example_branch_operator.py for tasks to queue
[2024-06-14T12:09:35.461+0000] {logging_mixin.py:188} INFO - [2024-06-14T12:09:35.460+0000] {dagbag.py:545} INFO - Filling up the DagBag from /home/airflow/.local/lib/python3.12/site-packages/airflow/example_dags/example_branch_operator.py
[2024-06-14T12:09:35.476+0000] {processor.py:840} INFO - DAG(s) 'example_branch_operator' retrieved from /home/airflow/.local/lib/python3.12/site-packages/airflow/example_dags/example_branch_operator.py
[2024-06-14T12:09:35.501+0000] {logging_mixin.py:188} INFO - [2024-06-14T12:09:35.501+0000] {dag.py:3096} INFO - Sync 1 DAGs
[2024-06-14T12:09:35.521+0000] {logging_mixin.py:188} INFO - [2024-06-14T12:09:35.520+0000] {dag.py:3954} INFO - Setting next_dagrun for example_branch_operator to 2024-06-13 00:00:00+00:00, run_after=2024-06-14 00:00:00+00:00
[2024-06-14T12:09:35.541+0000] {processor.py:183} INFO - Processing /home/airflow/.local/lib/python3.12/site-packages/airflow/example_dags/example_branch_operator.py took 0.087 seconds
[2024-06-14T12:10:05.638+0000] {processor.py:161} INFO - Started process (PID=482) to work on /home/airflow/.local/lib/python3.12/site-packages/airflow/example_dags/example_branch_operator.py
[2024-06-14T12:10:05.639+0000] {processor.py:830} INFO - Processing file /home/airflow/.local/lib/python3.12/site-packages/airflow/example_dags/example_branch_operator.py for tasks to queue
[2024-06-14T12:10:05.640+0000] {logging_mixin.py:188} INFO - [2024-06-14T12:10:05.640+0000] {dagbag.py:545} INFO - Filling up the DagBag from /home/airflow/.local/lib/python3.12/site-packages/airflow/example_dags/example_branch_operator.py
[2024-06-14T12:10:05.651+0000] {processor.py:840} INFO - DAG(s) 'example_branch_operator' retrieved from /home/airflow/.local/lib/python3.12/site-packages/airflow/example_dags/example_branch_operator.py
[2024-06-14T12:10:05.671+0000] {logging_mixin.py:188} INFO - [2024-06-14T12:10:05.671+0000] {dag.py:3096} INFO - Sync 1 DAGs
[2024-06-14T12:10:05.687+0000] {logging_mixin.py:188} INFO - [2024-06-14T12:10:05.687+0000] {dag.py:3954} INFO - Setting next_dagrun for example_branch_operator to 2024-06-13 00:00:00+00:00, run_after=2024-06-14 00:00:00+00:00
[2024-06-14T12:10:05.702+0000] {processor.py:183} INFO - Processing /home/airflow/.local/lib/python3.12/site-packages/airflow/example_dags/example_branch_operator.py took 0.067 seconds
[2024-06-14T12:10:35.787+0000] {processor.py:161} INFO - Started process (PID=540) to work on /home/airflow/.local/lib/python3.12/site-packages/airflow/example_dags/example_branch_operator.py
[2024-06-14T12:10:35.788+0000] {processor.py:830} INFO - Processing file /home/airflow/.local/lib/python3.12/site-packages/airflow/example_dags/example_branch_operator.py for tasks to queue
[2024-06-14T12:10:35.790+0000] {logging_mixin.py:188} INFO - [2024-06-14T12:10:35.790+0000] {dagbag.py:545} INFO - Filling up the DagBag from /home/airflow/.local/lib/python3.12/site-packages/airflow/example_dags/example_branch_operator.py
[2024-06-14T12:10:35.803+0000] {processor.py:840} INFO - DAG(s) 'example_branch_operator' retrieved from /home/airflow/.local/lib/python3.12/site-packages/airflow/example_dags/example_branch_operator.py
[2024-06-14T12:10:35.824+0000] {logging_mixin.py:188} INFO - [2024-06-14T12:10:35.824+0000] {dag.py:3096} INFO - Sync 1 DAGs
[2024-06-14T12:10:35.842+0000] {logging_mixin.py:188} INFO - [2024-06-14T12:10:35.842+0000] {dag.py:3954} INFO - Setting next_dagrun for example_branch_operator to 2024-06-13 00:00:00+00:00, run_after=2024-06-14 00:00:00+00:00
[2024-06-14T12:10:35.860+0000] {processor.py:183} INFO - Processing /home/airflow/.local/lib/python3.12/site-packages/airflow/example_dags/example_branch_operator.py took 0.079 seconds
[2024-06-14T12:11:05.959+0000] {processor.py:161} INFO - Started process (PID=604) to work on /home/airflow/.local/lib/python3.12/site-packages/airflow/example_dags/example_branch_operator.py
[2024-06-14T12:11:05.960+0000] {processor.py:830} INFO - Processing file /home/airflow/.local/lib/python3.12/site-packages/airflow/example_dags/example_branch_operator.py for tasks to queue
[2024-06-14T12:11:05.961+0000] {logging_mixin.py:188} INFO - [2024-06-14T12:11:05.961+0000] {dagbag.py:545} INFO - Filling up the DagBag from /home/airflow/.local/lib/python3.12/site-packages/airflow/example_dags/example_branch_operator.py
[2024-06-14T12:11:05.973+0000] {processor.py:840} INFO - DAG(s) 'example_branch_operator' retrieved from /home/airflow/.local/lib/python3.12/site-packages/airflow/example_dags/example_branch_operator.py
[2024-06-14T12:11:05.994+0000] {logging_mixin.py:188} INFO - [2024-06-14T12:11:05.994+0000] {dag.py:3096} INFO - Sync 1 DAGs
[2024-06-14T12:11:06.010+0000] {logging_mixin.py:188} INFO - [2024-06-14T12:11:06.010+0000] {dag.py:3954} INFO - Setting next_dagrun for example_branch_operator to 2024-06-13 00:00:00+00:00, run_after=2024-06-14 00:00:00+00:00
[2024-06-14T12:11:06.024+0000] {processor.py:183} INFO - Processing /home/airflow/.local/lib/python3.12/site-packages/airflow/example_dags/example_branch_operator.py took 0.069 seconds
[2024-06-14T12:11:36.184+0000] {processor.py:161} INFO - Started process (PID=662) to work on /home/airflow/.local/lib/python3.12/site-packages/airflow/example_dags/example_branch_operator.py
[2024-06-14T12:11:36.185+0000] {processor.py:830} INFO - Processing file /home/airflow/.local/lib/python3.12/site-packages/airflow/example_dags/example_branch_operator.py for tasks to queue
[2024-06-14T12:11:36.187+0000] {logging_mixin.py:188} INFO - [2024-06-14T12:11:36.186+0000] {dagbag.py:545} INFO - Filling up the DagBag from /home/airflow/.local/lib/python3.12/site-packages/airflow/example_dags/example_branch_operator.py
[2024-06-14T12:11:36.199+0000] {processor.py:840} INFO - DAG(s) 'example_branch_operator' retrieved from /home/airflow/.local/lib/python3.12/site-packages/airflow/example_dags/example_branch_operator.py
[2024-06-14T12:11:36.220+0000] {logging_mixin.py:188} INFO - [2024-06-14T12:11:36.219+0000] {dag.py:3096} INFO - Sync 1 DAGs
[2024-06-14T12:11:36.240+0000] {logging_mixin.py:188} INFO - [2024-06-14T12:11:36.239+0000] {dag.py:3954} INFO - Setting next_dagrun for example_branch_operator to 2024-06-13 00:00:00+00:00, run_after=2024-06-14 00:00:00+00:00
[2024-06-14T12:11:36.255+0000] {processor.py:183} INFO - Processing /home/airflow/.local/lib/python3.12/site-packages/airflow/example_dags/example_branch_operator.py took 0.075 seconds
[2024-06-14T12:12:06.419+0000] {processor.py:161} INFO - Started process (PID=721) to work on /home/airflow/.local/lib/python3.12/site-packages/airflow/example_dags/example_branch_operator.py
[2024-06-14T12:12:06.420+0000] {processor.py:830} INFO - Processing file /home/airflow/.local/lib/python3.12/site-packages/airflow/example_dags/example_branch_operator.py for tasks to queue
[2024-06-14T12:12:06.422+0000] {logging_mixin.py:188} INFO - [2024-06-14T12:12:06.421+0000] {dagbag.py:545} INFO - Filling up the DagBag from /home/airflow/.local/lib/python3.12/site-packages/airflow/example_dags/example_branch_operator.py
[2024-06-14T12:12:06.435+0000] {processor.py:840} INFO - DAG(s) 'example_branch_operator' retrieved from /home/airflow/.local/lib/python3.12/site-packages/airflow/example_dags/example_branch_operator.py
[2024-06-14T12:12:06.458+0000] {logging_mixin.py:188} INFO - [2024-06-14T12:12:06.458+0000] {dag.py:3096} INFO - Sync 1 DAGs
[2024-06-14T12:12:06.475+0000] {logging_mixin.py:188} INFO - [2024-06-14T12:12:06.475+0000] {dag.py:3954} INFO - Setting next_dagrun for example_branch_operator to 2024-06-13 00:00:00+00:00, run_after=2024-06-14 00:00:00+00:00
[2024-06-14T12:12:06.491+0000] {processor.py:183} INFO - Processing /home/airflow/.local/lib/python3.12/site-packages/airflow/example_dags/example_branch_operator.py took 0.076 seconds
[2024-06-14T12:12:36.554+0000] {processor.py:161} INFO - Started process (PID=779) to work on /home/airflow/.local/lib/python3.12/site-packages/airflow/example_dags/example_branch_operator.py
[2024-06-14T12:12:36.555+0000] {processor.py:830} INFO - Processing file /home/airflow/.local/lib/python3.12/site-packages/airflow/example_dags/example_branch_operator.py for tasks to queue
[2024-06-14T12:12:36.556+0000] {logging_mixin.py:188} INFO - [2024-06-14T12:12:36.556+0000] {dagbag.py:545} INFO - Filling up the DagBag from /home/airflow/.local/lib/python3.12/site-packages/airflow/example_dags/example_branch_operator.py
[2024-06-14T12:12:36.567+0000] {processor.py:840} INFO - DAG(s) 'example_branch_operator' retrieved from /home/airflow/.local/lib/python3.12/site-packages/airflow/example_dags/example_branch_operator.py
[2024-06-14T12:12:36.589+0000] {logging_mixin.py:188} INFO - [2024-06-14T12:12:36.589+0000] {dag.py:3096} INFO - Sync 1 DAGs
[2024-06-14T12:12:36.606+0000] {logging_mixin.py:188} INFO - [2024-06-14T12:12:36.606+0000] {dag.py:3954} INFO - Setting next_dagrun for example_branch_operator to 2024-06-13 00:00:00+00:00, run_after=2024-06-14 00:00:00+00:00
[2024-06-14T12:12:36.621+0000] {processor.py:183} INFO - Processing /home/airflow/.local/lib/python3.12/site-packages/airflow/example_dags/example_branch_operator.py took 0.072 seconds
[2024-06-14T12:13:06.775+0000] {processor.py:161} INFO - Started process (PID=837) to work on /home/airflow/.local/lib/python3.12/site-packages/airflow/example_dags/example_branch_operator.py
[2024-06-14T12:13:06.776+0000] {processor.py:830} INFO - Processing file /home/airflow/.local/lib/python3.12/site-packages/airflow/example_dags/example_branch_operator.py for tasks to queue
[2024-06-14T12:13:06.777+0000] {logging_mixin.py:188} INFO - [2024-06-14T12:13:06.777+0000] {dagbag.py:545} INFO - Filling up the DagBag from /home/airflow/.local/lib/python3.12/site-packages/airflow/example_dags/example_branch_operator.py
[2024-06-14T12:13:06.789+0000] {processor.py:840} INFO - DAG(s) 'example_branch_operator' retrieved from /home/airflow/.local/lib/python3.12/site-packages/airflow/example_dags/example_branch_operator.py
[2024-06-14T12:13:06.811+0000] {logging_mixin.py:188} INFO - [2024-06-14T12:13:06.811+0000] {dag.py:3096} INFO - Sync 1 DAGs
[2024-06-14T12:13:06.830+0000] {logging_mixin.py:188} INFO - [2024-06-14T12:13:06.830+0000] {dag.py:3954} INFO - Setting next_dagrun for example_branch_operator to 2024-06-13 00:00:00+00:00, run_after=2024-06-14 00:00:00+00:00
[2024-06-14T12:13:06.845+0000] {processor.py:183} INFO - Processing /home/airflow/.local/lib/python3.12/site-packages/airflow/example_dags/example_branch_operator.py took 0.074 seconds
[2024-06-14T12:13:37.211+0000] {processor.py:161} INFO - Started process (PID=895) to work on /home/airflow/.local/lib/python3.12/site-packages/airflow/example_dags/example_branch_operator.py
[2024-06-14T12:13:37.211+0000] {processor.py:830} INFO - Processing file /home/airflow/.local/lib/python3.12/site-packages/airflow/example_dags/example_branch_operator.py for tasks to queue
[2024-06-14T12:13:37.213+0000] {logging_mixin.py:188} INFO - [2024-06-14T12:13:37.212+0000] {dagbag.py:545} INFO - Filling up the DagBag from /home/airflow/.local/lib/python3.12/site-packages/airflow/example_dags/example_branch_operator.py
[2024-06-14T12:13:37.227+0000] {processor.py:840} INFO - DAG(s) 'example_branch_operator' retrieved from /home/airflow/.local/lib/python3.12/site-packages/airflow/example_dags/example_branch_operator.py
[2024-06-14T12:13:37.253+0000] {logging_mixin.py:188} INFO - [2024-06-14T12:13:37.253+0000] {dag.py:3096} INFO - Sync 1 DAGs
[2024-06-14T12:13:37.274+0000] {logging_mixin.py:188} INFO - [2024-06-14T12:13:37.274+0000] {dag.py:3954} INFO - Setting next_dagrun for example_branch_operator to 2024-06-13 00:00:00+00:00, run_after=2024-06-14 00:00:00+00:00
[2024-06-14T12:13:37.290+0000] {processor.py:183} INFO - Processing /home/airflow/.local/lib/python3.12/site-packages/airflow/example_dags/example_branch_operator.py took 0.084 seconds
[2024-06-14T12:14:07.471+0000] {processor.py:161} INFO - Started process (PID=953) to work on /home/airflow/.local/lib/python3.12/site-packages/airflow/example_dags/example_branch_operator.py
[2024-06-14T12:14:07.472+0000] {processor.py:830} INFO - Processing file /home/airflow/.local/lib/python3.12/site-packages/airflow/example_dags/example_branch_operator.py for tasks to queue
[2024-06-14T12:14:07.473+0000] {logging_mixin.py:188} INFO - [2024-06-14T12:14:07.473+0000] {dagbag.py:545} INFO - Filling up the DagBag from /home/airflow/.local/lib/python3.12/site-packages/airflow/example_dags/example_branch_operator.py
[2024-06-14T12:14:07.484+0000] {processor.py:840} INFO - DAG(s) 'example_branch_operator' retrieved from /home/airflow/.local/lib/python3.12/site-packages/airflow/example_dags/example_branch_operator.py
[2024-06-14T12:14:07.504+0000] {logging_mixin.py:188} INFO - [2024-06-14T12:14:07.504+0000] {dag.py:3096} INFO - Sync 1 DAGs
[2024-06-14T12:14:07.521+0000] {logging_mixin.py:188} INFO - [2024-06-14T12:14:07.521+0000] {dag.py:3954} INFO - Setting next_dagrun for example_branch_operator to 2024-06-13 00:00:00+00:00, run_after=2024-06-14 00:00:00+00:00
[2024-06-14T12:14:07.536+0000] {processor.py:183} INFO - Processing /home/airflow/.local/lib/python3.12/site-packages/airflow/example_dags/example_branch_operator.py took 0.069 seconds
[2024-06-14T12:14:37.833+0000] {processor.py:161} INFO - Started process (PID=1011) to work on /home/airflow/.local/lib/python3.12/site-packages/airflow/example_dags/example_branch_operator.py
[2024-06-14T12:14:37.833+0000] {processor.py:830} INFO - Processing file /home/airflow/.local/lib/python3.12/site-packages/airflow/example_dags/example_branch_operator.py for tasks to queue
[2024-06-14T12:14:37.835+0000] {logging_mixin.py:188} INFO - [2024-06-14T12:14:37.834+0000] {dagbag.py:545} INFO - Filling up the DagBag from /home/airflow/.local/lib/python3.12/site-packages/airflow/example_dags/example_branch_operator.py
[2024-06-14T12:14:37.847+0000] {processor.py:840} INFO - DAG(s) 'example_branch_operator' retrieved from /home/airflow/.local/lib/python3.12/site-packages/airflow/example_dags/example_branch_operator.py
[2024-06-14T12:14:37.869+0000] {logging_mixin.py:188} INFO - [2024-06-14T12:14:37.869+0000] {dag.py:3096} INFO - Sync 1 DAGs
[2024-06-14T12:14:37.889+0000] {logging_mixin.py:188} INFO - [2024-06-14T12:14:37.888+0000] {dag.py:3954} INFO - Setting next_dagrun for example_branch_operator to 2024-06-13 00:00:00+00:00, run_after=2024-06-14 00:00:00+00:00
[2024-06-14T12:14:37.903+0000] {processor.py:183} INFO - Processing /home/airflow/.local/lib/python3.12/site-packages/airflow/example_dags/example_branch_operator.py took 0.075 seconds
[2024-06-14T12:15:08.075+0000] {processor.py:161} INFO - Started process (PID=1069) to work on /home/airflow/.local/lib/python3.12/site-packages/airflow/example_dags/example_branch_operator.py
[2024-06-14T12:15:08.076+0000] {processor.py:830} INFO - Processing file /home/airflow/.local/lib/python3.12/site-packages/airflow/example_dags/example_branch_operator.py for tasks to queue
[2024-06-14T12:15:08.078+0000] {logging_mixin.py:188} INFO - [2024-06-14T12:15:08.077+0000] {dagbag.py:545} INFO - Filling up the DagBag from /home/airflow/.local/lib/python3.12/site-packages/airflow/example_dags/example_branch_operator.py
[2024-06-14T12:15:08.096+0000] {processor.py:840} INFO - DAG(s) 'example_branch_operator' retrieved from /home/airflow/.local/lib/python3.12/site-packages/airflow/example_dags/example_branch_operator.py
[2024-06-14T12:15:08.119+0000] {logging_mixin.py:188} INFO - [2024-06-14T12:15:08.119+0000] {dag.py:3096} INFO - Sync 1 DAGs
[2024-06-14T12:15:08.138+0000] {logging_mixin.py:188} INFO - [2024-06-14T12:15:08.137+0000] {dag.py:3954} INFO - Setting next_dagrun for example_branch_operator to 2024-06-13 00:00:00+00:00, run_after=2024-06-14 00:00:00+00:00
[2024-06-14T12:15:08.153+0000] {processor.py:183} INFO - Processing /home/airflow/.local/lib/python3.12/site-packages/airflow/example_dags/example_branch_operator.py took 0.082 seconds
[2024-06-14T12:15:38.307+0000] {processor.py:161} INFO - Started process (PID=1127) to work on /home/airflow/.local/lib/python3.12/site-packages/airflow/example_dags/example_branch_operator.py
[2024-06-14T12:15:38.308+0000] {processor.py:830} INFO - Processing file /home/airflow/.local/lib/python3.12/site-packages/airflow/example_dags/example_branch_operator.py for tasks to queue
[2024-06-14T12:15:38.309+0000] {logging_mixin.py:188} INFO - [2024-06-14T12:15:38.309+0000] {dagbag.py:545} INFO - Filling up the DagBag from /home/airflow/.local/lib/python3.12/site-packages/airflow/example_dags/example_branch_operator.py
[2024-06-14T12:15:38.321+0000] {processor.py:840} INFO - DAG(s) 'example_branch_operator' retrieved from /home/airflow/.local/lib/python3.12/site-packages/airflow/example_dags/example_branch_operator.py
[2024-06-14T12:15:38.341+0000] {logging_mixin.py:188} INFO - [2024-06-14T12:15:38.340+0000] {dag.py:3096} INFO - Sync 1 DAGs
[2024-06-14T12:15:38.359+0000] {logging_mixin.py:188} INFO - [2024-06-14T12:15:38.359+0000] {dag.py:3954} INFO - Setting next_dagrun for example_branch_operator to 2024-06-13 00:00:00+00:00, run_after=2024-06-14 00:00:00+00:00
[2024-06-14T12:15:38.373+0000] {processor.py:183} INFO - Processing /home/airflow/.local/lib/python3.12/site-packages/airflow/example_dags/example_branch_operator.py took 0.071 seconds
[2024-06-14T12:16:08.790+0000] {processor.py:161} INFO - Started process (PID=1185) to work on /home/airflow/.local/lib/python3.12/site-packages/airflow/example_dags/example_branch_operator.py
[2024-06-14T12:16:08.791+0000] {processor.py:830} INFO - Processing file /home/airflow/.local/lib/python3.12/site-packages/airflow/example_dags/example_branch_operator.py for tasks to queue
[2024-06-14T12:16:08.793+0000] {logging_mixin.py:188} INFO - [2024-06-14T12:16:08.792+0000] {dagbag.py:545} INFO - Filling up the DagBag from /home/airflow/.local/lib/python3.12/site-packages/airflow/example_dags/example_branch_operator.py
[2024-06-14T12:16:08.807+0000] {processor.py:840} INFO - DAG(s) 'example_branch_operator' retrieved from /home/airflow/.local/lib/python3.12/site-packages/airflow/example_dags/example_branch_operator.py
[2024-06-14T12:16:08.827+0000] {logging_mixin.py:188} INFO - [2024-06-14T12:16:08.827+0000] {dag.py:3096} INFO - Sync 1 DAGs
[2024-06-14T12:16:08.845+0000] {logging_mixin.py:188} INFO - [2024-06-14T12:16:08.845+0000] {dag.py:3954} INFO - Setting next_dagrun for example_branch_operator to 2024-06-13 00:00:00+00:00, run_after=2024-06-14 00:00:00+00:00
[2024-06-14T12:16:08.861+0000] {processor.py:183} INFO - Processing /home/airflow/.local/lib/python3.12/site-packages/airflow/example_dags/example_branch_operator.py took 0.075 seconds
[2024-06-14T12:16:39.067+0000] {processor.py:161} INFO - Started process (PID=1243) to work on /home/airflow/.local/lib/python3.12/site-packages/airflow/example_dags/example_branch_operator.py
[2024-06-14T12:16:39.068+0000] {processor.py:830} INFO - Processing file /home/airflow/.local/lib/python3.12/site-packages/airflow/example_dags/example_branch_operator.py for tasks to queue
[2024-06-14T12:16:39.069+0000] {logging_mixin.py:188} INFO - [2024-06-14T12:16:39.069+0000] {dagbag.py:545} INFO - Filling up the DagBag from /home/airflow/.local/lib/python3.12/site-packages/airflow/example_dags/example_branch_operator.py
[2024-06-14T12:16:39.081+0000] {processor.py:840} INFO - DAG(s) 'example_branch_operator' retrieved from /home/airflow/.local/lib/python3.12/site-packages/airflow/example_dags/example_branch_operator.py
[2024-06-14T12:16:39.102+0000] {logging_mixin.py:188} INFO - [2024-06-14T12:16:39.102+0000] {dag.py:3096} INFO - Sync 1 DAGs
[2024-06-14T12:16:39.122+0000] {logging_mixin.py:188} INFO - [2024-06-14T12:16:39.122+0000] {dag.py:3954} INFO - Setting next_dagrun for example_branch_operator to 2024-06-13 00:00:00+00:00, run_after=2024-06-14 00:00:00+00:00
[2024-06-14T12:16:39.138+0000] {processor.py:183} INFO - Processing /home/airflow/.local/lib/python3.12/site-packages/airflow/example_dags/example_branch_operator.py took 0.075 seconds
[2024-06-14T12:17:09.428+0000] {processor.py:161} INFO - Started process (PID=1301) to work on /home/airflow/.local/lib/python3.12/site-packages/airflow/example_dags/example_branch_operator.py
[2024-06-14T12:17:09.428+0000] {processor.py:830} INFO - Processing file /home/airflow/.local/lib/python3.12/site-packages/airflow/example_dags/example_branch_operator.py for tasks to queue
[2024-06-14T12:17:09.430+0000] {logging_mixin.py:188} INFO - [2024-06-14T12:17:09.430+0000] {dagbag.py:545} INFO - Filling up the DagBag from /home/airflow/.local/lib/python3.12/site-packages/airflow/example_dags/example_branch_operator.py
[2024-06-14T12:17:09.443+0000] {processor.py:840} INFO - DAG(s) 'example_branch_operator' retrieved from /home/airflow/.local/lib/python3.12/site-packages/airflow/example_dags/example_branch_operator.py
[2024-06-14T12:17:09.467+0000] {logging_mixin.py:188} INFO - [2024-06-14T12:17:09.467+0000] {dag.py:3096} INFO - Sync 1 DAGs
[2024-06-14T12:17:09.484+0000] {logging_mixin.py:188} INFO - [2024-06-14T12:17:09.484+0000] {dag.py:3954} INFO - Setting next_dagrun for example_branch_operator to 2024-06-13 00:00:00+00:00, run_after=2024-06-14 00:00:00+00:00
[2024-06-14T12:17:09.500+0000] {processor.py:183} INFO - Processing /home/airflow/.local/lib/python3.12/site-packages/airflow/example_dags/example_branch_operator.py took 0.078 seconds
[2024-06-14T12:17:39.824+0000] {processor.py:161} INFO - Started process (PID=1359) to work on /home/airflow/.local/lib/python3.12/site-packages/airflow/example_dags/example_branch_operator.py
[2024-06-14T12:17:39.825+0000] {processor.py:830} INFO - Processing file /home/airflow/.local/lib/python3.12/site-packages/airflow/example_dags/example_branch_operator.py for tasks to queue
[2024-06-14T12:17:39.826+0000] {logging_mixin.py:188} INFO - [2024-06-14T12:17:39.826+0000] {dagbag.py:545} INFO - Filling up the DagBag from /home/airflow/.local/lib/python3.12/site-packages/airflow/example_dags/example_branch_operator.py
[2024-06-14T12:17:39.838+0000] {processor.py:840} INFO - DAG(s) 'example_branch_operator' retrieved from /home/airflow/.local/lib/python3.12/site-packages/airflow/example_dags/example_branch_operator.py
[2024-06-14T12:17:39.860+0000] {logging_mixin.py:188} INFO - [2024-06-14T12:17:39.860+0000] {dag.py:3096} INFO - Sync 1 DAGs
[2024-06-14T12:17:39.876+0000] {logging_mixin.py:188} INFO - [2024-06-14T12:17:39.876+0000] {dag.py:3954} INFO - Setting next_dagrun for example_branch_operator to 2024-06-13 00:00:00+00:00, run_after=2024-06-14 00:00:00+00:00
[2024-06-14T12:17:39.891+0000] {processor.py:183} INFO - Processing /home/airflow/.local/lib/python3.12/site-packages/airflow/example_dags/example_branch_operator.py took 0.071 seconds
[2024-06-14T12:18:42.566+0000] {processor.py:161} INFO - Started process (PID=69) to work on /home/airflow/.local/lib/python3.12/site-packages/airflow/example_dags/example_branch_operator.py
[2024-06-14T12:18:42.567+0000] {processor.py:830} INFO - Processing file /home/airflow/.local/lib/python3.12/site-packages/airflow/example_dags/example_branch_operator.py for tasks to queue
[2024-06-14T12:18:42.568+0000] {logging_mixin.py:188} INFO - [2024-06-14T12:18:42.568+0000] {dagbag.py:545} INFO - Filling up the DagBag from /home/airflow/.local/lib/python3.12/site-packages/airflow/example_dags/example_branch_operator.py
[2024-06-14T12:18:42.591+0000] {processor.py:840} INFO - DAG(s) 'example_branch_operator' retrieved from /home/airflow/.local/lib/python3.12/site-packages/airflow/example_dags/example_branch_operator.py
[2024-06-14T12:18:42.601+0000] {logging_mixin.py:188} INFO - [2024-06-14T12:18:42.600+0000] {dag.py:3096} INFO - Sync 1 DAGs
[2024-06-14T12:18:42.630+0000] {logging_mixin.py:188} INFO - [2024-06-14T12:18:42.630+0000] {dag.py:3954} INFO - Setting next_dagrun for example_branch_operator to 2024-06-13 00:00:00+00:00, run_after=2024-06-14 00:00:00+00:00
[2024-06-14T12:18:42.650+0000] {processor.py:183} INFO - Processing /home/airflow/.local/lib/python3.12/site-packages/airflow/example_dags/example_branch_operator.py took 0.090 seconds
[2024-06-14T12:19:14.004+0000] {processor.py:161} INFO - Started process (PID=127) to work on /home/airflow/.local/lib/python3.12/site-packages/airflow/example_dags/example_branch_operator.py
[2024-06-14T12:19:14.005+0000] {processor.py:830} INFO - Processing file /home/airflow/.local/lib/python3.12/site-packages/airflow/example_dags/example_branch_operator.py for tasks to queue
[2024-06-14T12:19:14.007+0000] {logging_mixin.py:188} INFO - [2024-06-14T12:19:14.006+0000] {dagbag.py:545} INFO - Filling up the DagBag from /home/airflow/.local/lib/python3.12/site-packages/airflow/example_dags/example_branch_operator.py
[2024-06-14T12:19:14.018+0000] {processor.py:840} INFO - DAG(s) 'example_branch_operator' retrieved from /home/airflow/.local/lib/python3.12/site-packages/airflow/example_dags/example_branch_operator.py
[2024-06-14T12:19:14.102+0000] {logging_mixin.py:188} INFO - [2024-06-14T12:19:14.102+0000] {dag.py:3096} INFO - Sync 1 DAGs
[2024-06-14T12:19:14.118+0000] {logging_mixin.py:188} INFO - [2024-06-14T12:19:14.118+0000] {dag.py:3954} INFO - Setting next_dagrun for example_branch_operator to 2024-06-13 00:00:00+00:00, run_after=2024-06-14 00:00:00+00:00
[2024-06-14T12:19:14.133+0000] {processor.py:183} INFO - Processing /home/airflow/.local/lib/python3.12/site-packages/airflow/example_dags/example_branch_operator.py took 0.133 seconds
[2024-06-14T12:19:44.673+0000] {processor.py:161} INFO - Started process (PID=185) to work on /home/airflow/.local/lib/python3.12/site-packages/airflow/example_dags/example_branch_operator.py
[2024-06-14T12:19:44.674+0000] {processor.py:830} INFO - Processing file /home/airflow/.local/lib/python3.12/site-packages/airflow/example_dags/example_branch_operator.py for tasks to queue
[2024-06-14T12:19:44.675+0000] {logging_mixin.py:188} INFO - [2024-06-14T12:19:44.675+0000] {dagbag.py:545} INFO - Filling up the DagBag from /home/airflow/.local/lib/python3.12/site-packages/airflow/example_dags/example_branch_operator.py
[2024-06-14T12:19:44.686+0000] {processor.py:840} INFO - DAG(s) 'example_branch_operator' retrieved from /home/airflow/.local/lib/python3.12/site-packages/airflow/example_dags/example_branch_operator.py
[2024-06-14T12:19:44.708+0000] {logging_mixin.py:188} INFO - [2024-06-14T12:19:44.708+0000] {dag.py:3096} INFO - Sync 1 DAGs
[2024-06-14T12:19:44.724+0000] {logging_mixin.py:188} INFO - [2024-06-14T12:19:44.724+0000] {dag.py:3954} INFO - Setting next_dagrun for example_branch_operator to 2024-06-13 00:00:00+00:00, run_after=2024-06-14 00:00:00+00:00
[2024-06-14T12:19:44.738+0000] {processor.py:183} INFO - Processing /home/airflow/.local/lib/python3.12/site-packages/airflow/example_dags/example_branch_operator.py took 0.069 seconds
[2024-06-14T12:20:15.160+0000] {processor.py:161} INFO - Started process (PID=243) to work on /home/airflow/.local/lib/python3.12/site-packages/airflow/example_dags/example_branch_operator.py
[2024-06-14T12:20:15.160+0000] {processor.py:830} INFO - Processing file /home/airflow/.local/lib/python3.12/site-packages/airflow/example_dags/example_branch_operator.py for tasks to queue
[2024-06-14T12:20:15.162+0000] {logging_mixin.py:188} INFO - [2024-06-14T12:20:15.161+0000] {dagbag.py:545} INFO - Filling up the DagBag from /home/airflow/.local/lib/python3.12/site-packages/airflow/example_dags/example_branch_operator.py
[2024-06-14T12:20:15.173+0000] {processor.py:840} INFO - DAG(s) 'example_branch_operator' retrieved from /home/airflow/.local/lib/python3.12/site-packages/airflow/example_dags/example_branch_operator.py
[2024-06-14T12:20:15.195+0000] {logging_mixin.py:188} INFO - [2024-06-14T12:20:15.195+0000] {dag.py:3096} INFO - Sync 1 DAGs
[2024-06-14T12:20:15.212+0000] {logging_mixin.py:188} INFO - [2024-06-14T12:20:15.212+0000] {dag.py:3954} INFO - Setting next_dagrun for example_branch_operator to 2024-06-13 00:00:00+00:00, run_after=2024-06-14 00:00:00+00:00
[2024-06-14T12:20:15.226+0000] {processor.py:183} INFO - Processing /home/airflow/.local/lib/python3.12/site-packages/airflow/example_dags/example_branch_operator.py took 0.070 seconds
[2024-06-14T12:20:45.484+0000] {processor.py:161} INFO - Started process (PID=301) to work on /home/airflow/.local/lib/python3.12/site-packages/airflow/example_dags/example_branch_operator.py
[2024-06-14T12:20:45.484+0000] {processor.py:830} INFO - Processing file /home/airflow/.local/lib/python3.12/site-packages/airflow/example_dags/example_branch_operator.py for tasks to queue
[2024-06-14T12:20:45.486+0000] {logging_mixin.py:188} INFO - [2024-06-14T12:20:45.485+0000] {dagbag.py:545} INFO - Filling up the DagBag from /home/airflow/.local/lib/python3.12/site-packages/airflow/example_dags/example_branch_operator.py
[2024-06-14T12:20:45.498+0000] {processor.py:840} INFO - DAG(s) 'example_branch_operator' retrieved from /home/airflow/.local/lib/python3.12/site-packages/airflow/example_dags/example_branch_operator.py
[2024-06-14T12:20:45.519+0000] {logging_mixin.py:188} INFO - [2024-06-14T12:20:45.519+0000] {dag.py:3096} INFO - Sync 1 DAGs
[2024-06-14T12:20:45.535+0000] {logging_mixin.py:188} INFO - [2024-06-14T12:20:45.534+0000] {dag.py:3954} INFO - Setting next_dagrun for example_branch_operator to 2024-06-13 00:00:00+00:00, run_after=2024-06-14 00:00:00+00:00
[2024-06-14T12:20:45.549+0000] {processor.py:183} INFO - Processing /home/airflow/.local/lib/python3.12/site-packages/airflow/example_dags/example_branch_operator.py took 0.069 seconds
[2024-06-14T12:21:15.708+0000] {processor.py:161} INFO - Started process (PID=359) to work on /home/airflow/.local/lib/python3.12/site-packages/airflow/example_dags/example_branch_operator.py
[2024-06-14T12:21:15.709+0000] {processor.py:830} INFO - Processing file /home/airflow/.local/lib/python3.12/site-packages/airflow/example_dags/example_branch_operator.py for tasks to queue
[2024-06-14T12:21:15.711+0000] {logging_mixin.py:188} INFO - [2024-06-14T12:21:15.710+0000] {dagbag.py:545} INFO - Filling up the DagBag from /home/airflow/.local/lib/python3.12/site-packages/airflow/example_dags/example_branch_operator.py
[2024-06-14T12:21:15.726+0000] {processor.py:840} INFO - DAG(s) 'example_branch_operator' retrieved from /home/airflow/.local/lib/python3.12/site-packages/airflow/example_dags/example_branch_operator.py
[2024-06-14T12:21:15.749+0000] {logging_mixin.py:188} INFO - [2024-06-14T12:21:15.749+0000] {dag.py:3096} INFO - Sync 1 DAGs
[2024-06-14T12:21:15.769+0000] {logging_mixin.py:188} INFO - [2024-06-14T12:21:15.769+0000] {dag.py:3954} INFO - Setting next_dagrun for example_branch_operator to 2024-06-13 00:00:00+00:00, run_after=2024-06-14 00:00:00+00:00
[2024-06-14T12:21:15.784+0000] {processor.py:183} INFO - Processing /home/airflow/.local/lib/python3.12/site-packages/airflow/example_dags/example_branch_operator.py took 0.080 seconds
[2024-06-14T12:21:46.166+0000] {processor.py:161} INFO - Started process (PID=417) to work on /home/airflow/.local/lib/python3.12/site-packages/airflow/example_dags/example_branch_operator.py
[2024-06-14T12:21:46.167+0000] {processor.py:830} INFO - Processing file /home/airflow/.local/lib/python3.12/site-packages/airflow/example_dags/example_branch_operator.py for tasks to queue
[2024-06-14T12:21:46.168+0000] {logging_mixin.py:188} INFO - [2024-06-14T12:21:46.168+0000] {dagbag.py:545} INFO - Filling up the DagBag from /home/airflow/.local/lib/python3.12/site-packages/airflow/example_dags/example_branch_operator.py
[2024-06-14T12:21:46.184+0000] {processor.py:840} INFO - DAG(s) 'example_branch_operator' retrieved from /home/airflow/.local/lib/python3.12/site-packages/airflow/example_dags/example_branch_operator.py
[2024-06-14T12:21:46.205+0000] {logging_mixin.py:188} INFO - [2024-06-14T12:21:46.205+0000] {dag.py:3096} INFO - Sync 1 DAGs
[2024-06-14T12:21:46.224+0000] {logging_mixin.py:188} INFO - [2024-06-14T12:21:46.224+0000] {dag.py:3954} INFO - Setting next_dagrun for example_branch_operator to 2024-06-13 00:00:00+00:00, run_after=2024-06-14 00:00:00+00:00
[2024-06-14T12:21:46.239+0000] {processor.py:183} INFO - Processing /home/airflow/.local/lib/python3.12/site-packages/airflow/example_dags/example_branch_operator.py took 0.076 seconds
[2024-06-14T12:22:16.634+0000] {processor.py:161} INFO - Started process (PID=476) to work on /home/airflow/.local/lib/python3.12/site-packages/airflow/example_dags/example_branch_operator.py
[2024-06-14T12:22:16.635+0000] {processor.py:830} INFO - Processing file /home/airflow/.local/lib/python3.12/site-packages/airflow/example_dags/example_branch_operator.py for tasks to queue
[2024-06-14T12:22:16.636+0000] {logging_mixin.py:188} INFO - [2024-06-14T12:22:16.636+0000] {dagbag.py:545} INFO - Filling up the DagBag from /home/airflow/.local/lib/python3.12/site-packages/airflow/example_dags/example_branch_operator.py
[2024-06-14T12:22:16.652+0000] {processor.py:840} INFO - DAG(s) 'example_branch_operator' retrieved from /home/airflow/.local/lib/python3.12/site-packages/airflow/example_dags/example_branch_operator.py
[2024-06-14T12:22:16.675+0000] {logging_mixin.py:188} INFO - [2024-06-14T12:22:16.675+0000] {dag.py:3096} INFO - Sync 1 DAGs
[2024-06-14T12:22:16.697+0000] {logging_mixin.py:188} INFO - [2024-06-14T12:22:16.697+0000] {dag.py:3954} INFO - Setting next_dagrun for example_branch_operator to 2024-06-13 00:00:00+00:00, run_after=2024-06-14 00:00:00+00:00
[2024-06-14T12:22:16.713+0000] {processor.py:183} INFO - Processing /home/airflow/.local/lib/python3.12/site-packages/airflow/example_dags/example_branch_operator.py took 0.085 seconds
[2024-06-14T12:22:46.922+0000] {processor.py:161} INFO - Started process (PID=534) to work on /home/airflow/.local/lib/python3.12/site-packages/airflow/example_dags/example_branch_operator.py
[2024-06-14T12:22:46.923+0000] {processor.py:830} INFO - Processing file /home/airflow/.local/lib/python3.12/site-packages/airflow/example_dags/example_branch_operator.py for tasks to queue
[2024-06-14T12:22:46.924+0000] {logging_mixin.py:188} INFO - [2024-06-14T12:22:46.924+0000] {dagbag.py:545} INFO - Filling up the DagBag from /home/airflow/.local/lib/python3.12/site-packages/airflow/example_dags/example_branch_operator.py
[2024-06-14T12:22:46.936+0000] {processor.py:840} INFO - DAG(s) 'example_branch_operator' retrieved from /home/airflow/.local/lib/python3.12/site-packages/airflow/example_dags/example_branch_operator.py
[2024-06-14T12:22:46.962+0000] {logging_mixin.py:188} INFO - [2024-06-14T12:22:46.961+0000] {dag.py:3096} INFO - Sync 1 DAGs
[2024-06-14T12:22:46.979+0000] {logging_mixin.py:188} INFO - [2024-06-14T12:22:46.979+0000] {dag.py:3954} INFO - Setting next_dagrun for example_branch_operator to 2024-06-13 00:00:00+00:00, run_after=2024-06-14 00:00:00+00:00
[2024-06-14T12:22:46.995+0000] {processor.py:183} INFO - Processing /home/airflow/.local/lib/python3.12/site-packages/airflow/example_dags/example_branch_operator.py took 0.077 seconds
[2024-06-14T12:23:17.272+0000] {processor.py:161} INFO - Started process (PID=592) to work on /home/airflow/.local/lib/python3.12/site-packages/airflow/example_dags/example_branch_operator.py
[2024-06-14T12:23:17.273+0000] {processor.py:830} INFO - Processing file /home/airflow/.local/lib/python3.12/site-packages/airflow/example_dags/example_branch_operator.py for tasks to queue
[2024-06-14T12:23:17.274+0000] {logging_mixin.py:188} INFO - [2024-06-14T12:23:17.274+0000] {dagbag.py:545} INFO - Filling up the DagBag from /home/airflow/.local/lib/python3.12/site-packages/airflow/example_dags/example_branch_operator.py
[2024-06-14T12:23:17.287+0000] {processor.py:840} INFO - DAG(s) 'example_branch_operator' retrieved from /home/airflow/.local/lib/python3.12/site-packages/airflow/example_dags/example_branch_operator.py
[2024-06-14T12:23:17.310+0000] {logging_mixin.py:188} INFO - [2024-06-14T12:23:17.309+0000] {dag.py:3096} INFO - Sync 1 DAGs
[2024-06-14T12:23:17.328+0000] {logging_mixin.py:188} INFO - [2024-06-14T12:23:17.328+0000] {dag.py:3954} INFO - Setting next_dagrun for example_branch_operator to 2024-06-13 00:00:00+00:00, run_after=2024-06-14 00:00:00+00:00
[2024-06-14T12:23:17.344+0000] {processor.py:183} INFO - Processing /home/airflow/.local/lib/python3.12/site-packages/airflow/example_dags/example_branch_operator.py took 0.075 seconds
[2024-06-14T12:23:47.758+0000] {processor.py:161} INFO - Started process (PID=650) to work on /home/airflow/.local/lib/python3.12/site-packages/airflow/example_dags/example_branch_operator.py
[2024-06-14T12:23:47.758+0000] {processor.py:830} INFO - Processing file /home/airflow/.local/lib/python3.12/site-packages/airflow/example_dags/example_branch_operator.py for tasks to queue
[2024-06-14T12:23:47.760+0000] {logging_mixin.py:188} INFO - [2024-06-14T12:23:47.759+0000] {dagbag.py:545} INFO - Filling up the DagBag from /home/airflow/.local/lib/python3.12/site-packages/airflow/example_dags/example_branch_operator.py
[2024-06-14T12:23:47.772+0000] {processor.py:840} INFO - DAG(s) 'example_branch_operator' retrieved from /home/airflow/.local/lib/python3.12/site-packages/airflow/example_dags/example_branch_operator.py
[2024-06-14T12:23:47.793+0000] {logging_mixin.py:188} INFO - [2024-06-14T12:23:47.792+0000] {dag.py:3096} INFO - Sync 1 DAGs
[2024-06-14T12:23:47.809+0000] {logging_mixin.py:188} INFO - [2024-06-14T12:23:47.809+0000] {dag.py:3954} INFO - Setting next_dagrun for example_branch_operator to 2024-06-13 00:00:00+00:00, run_after=2024-06-14 00:00:00+00:00
[2024-06-14T12:23:47.822+0000] {processor.py:183} INFO - Processing /home/airflow/.local/lib/python3.12/site-packages/airflow/example_dags/example_branch_operator.py took 0.068 seconds
[2024-06-14T12:24:18.055+0000] {processor.py:161} INFO - Started process (PID=709) to work on /home/airflow/.local/lib/python3.12/site-packages/airflow/example_dags/example_branch_operator.py
[2024-06-14T12:24:18.056+0000] {processor.py:830} INFO - Processing file /home/airflow/.local/lib/python3.12/site-packages/airflow/example_dags/example_branch_operator.py for tasks to queue
[2024-06-14T12:24:18.057+0000] {logging_mixin.py:188} INFO - [2024-06-14T12:24:18.057+0000] {dagbag.py:545} INFO - Filling up the DagBag from /home/airflow/.local/lib/python3.12/site-packages/airflow/example_dags/example_branch_operator.py
[2024-06-14T12:24:18.072+0000] {processor.py:840} INFO - DAG(s) 'example_branch_operator' retrieved from /home/airflow/.local/lib/python3.12/site-packages/airflow/example_dags/example_branch_operator.py
[2024-06-14T12:24:18.101+0000] {logging_mixin.py:188} INFO - [2024-06-14T12:24:18.100+0000] {dag.py:3096} INFO - Sync 1 DAGs
[2024-06-14T12:24:18.125+0000] {logging_mixin.py:188} INFO - [2024-06-14T12:24:18.125+0000] {dag.py:3954} INFO - Setting next_dagrun for example_branch_operator to 2024-06-13 00:00:00+00:00, run_after=2024-06-14 00:00:00+00:00
[2024-06-14T12:24:18.145+0000] {processor.py:183} INFO - Processing /home/airflow/.local/lib/python3.12/site-packages/airflow/example_dags/example_branch_operator.py took 0.094 seconds
[2024-06-14T12:24:48.242+0000] {processor.py:161} INFO - Started process (PID=767) to work on /home/airflow/.local/lib/python3.12/site-packages/airflow/example_dags/example_branch_operator.py
[2024-06-14T12:24:48.243+0000] {processor.py:830} INFO - Processing file /home/airflow/.local/lib/python3.12/site-packages/airflow/example_dags/example_branch_operator.py for tasks to queue
[2024-06-14T12:24:48.244+0000] {logging_mixin.py:188} INFO - [2024-06-14T12:24:48.244+0000] {dagbag.py:545} INFO - Filling up the DagBag from /home/airflow/.local/lib/python3.12/site-packages/airflow/example_dags/example_branch_operator.py
[2024-06-14T12:24:48.258+0000] {processor.py:840} INFO - DAG(s) 'example_branch_operator' retrieved from /home/airflow/.local/lib/python3.12/site-packages/airflow/example_dags/example_branch_operator.py
[2024-06-14T12:24:48.283+0000] {logging_mixin.py:188} INFO - [2024-06-14T12:24:48.282+0000] {dag.py:3096} INFO - Sync 1 DAGs
[2024-06-14T12:24:48.301+0000] {logging_mixin.py:188} INFO - [2024-06-14T12:24:48.300+0000] {dag.py:3954} INFO - Setting next_dagrun for example_branch_operator to 2024-06-13 00:00:00+00:00, run_after=2024-06-14 00:00:00+00:00
[2024-06-14T12:24:48.315+0000] {processor.py:183} INFO - Processing /home/airflow/.local/lib/python3.12/site-packages/airflow/example_dags/example_branch_operator.py took 0.078 seconds
[2024-06-14T12:25:18.637+0000] {processor.py:161} INFO - Started process (PID=825) to work on /home/airflow/.local/lib/python3.12/site-packages/airflow/example_dags/example_branch_operator.py
[2024-06-14T12:25:18.638+0000] {processor.py:830} INFO - Processing file /home/airflow/.local/lib/python3.12/site-packages/airflow/example_dags/example_branch_operator.py for tasks to queue
[2024-06-14T12:25:18.639+0000] {logging_mixin.py:188} INFO - [2024-06-14T12:25:18.639+0000] {dagbag.py:545} INFO - Filling up the DagBag from /home/airflow/.local/lib/python3.12/site-packages/airflow/example_dags/example_branch_operator.py
[2024-06-14T12:25:18.651+0000] {processor.py:840} INFO - DAG(s) 'example_branch_operator' retrieved from /home/airflow/.local/lib/python3.12/site-packages/airflow/example_dags/example_branch_operator.py
[2024-06-14T12:25:18.673+0000] {logging_mixin.py:188} INFO - [2024-06-14T12:25:18.672+0000] {dag.py:3096} INFO - Sync 1 DAGs
[2024-06-14T12:25:18.688+0000] {logging_mixin.py:188} INFO - [2024-06-14T12:25:18.688+0000] {dag.py:3954} INFO - Setting next_dagrun for example_branch_operator to 2024-06-13 00:00:00+00:00, run_after=2024-06-14 00:00:00+00:00
[2024-06-14T12:25:18.704+0000] {processor.py:183} INFO - Processing /home/airflow/.local/lib/python3.12/site-packages/airflow/example_dags/example_branch_operator.py took 0.071 seconds
[2024-06-14T12:25:49.041+0000] {processor.py:161} INFO - Started process (PID=883) to work on /home/airflow/.local/lib/python3.12/site-packages/airflow/example_dags/example_branch_operator.py
[2024-06-14T12:25:49.042+0000] {processor.py:830} INFO - Processing file /home/airflow/.local/lib/python3.12/site-packages/airflow/example_dags/example_branch_operator.py for tasks to queue
[2024-06-14T12:25:49.043+0000] {logging_mixin.py:188} INFO - [2024-06-14T12:25:49.043+0000] {dagbag.py:545} INFO - Filling up the DagBag from /home/airflow/.local/lib/python3.12/site-packages/airflow/example_dags/example_branch_operator.py
[2024-06-14T12:25:49.056+0000] {processor.py:840} INFO - DAG(s) 'example_branch_operator' retrieved from /home/airflow/.local/lib/python3.12/site-packages/airflow/example_dags/example_branch_operator.py
[2024-06-14T12:25:49.079+0000] {logging_mixin.py:188} INFO - [2024-06-14T12:25:49.079+0000] {dag.py:3096} INFO - Sync 1 DAGs
[2024-06-14T12:25:49.099+0000] {logging_mixin.py:188} INFO - [2024-06-14T12:25:49.099+0000] {dag.py:3954} INFO - Setting next_dagrun for example_branch_operator to 2024-06-13 00:00:00+00:00, run_after=2024-06-14 00:00:00+00:00
[2024-06-14T12:25:49.117+0000] {processor.py:183} INFO - Processing /home/airflow/.local/lib/python3.12/site-packages/airflow/example_dags/example_branch_operator.py took 0.080 seconds
[2024-06-14T12:26:19.425+0000] {processor.py:161} INFO - Started process (PID=941) to work on /home/airflow/.local/lib/python3.12/site-packages/airflow/example_dags/example_branch_operator.py
[2024-06-14T12:26:19.426+0000] {processor.py:830} INFO - Processing file /home/airflow/.local/lib/python3.12/site-packages/airflow/example_dags/example_branch_operator.py for tasks to queue
[2024-06-14T12:26:19.427+0000] {logging_mixin.py:188} INFO - [2024-06-14T12:26:19.427+0000] {dagbag.py:545} INFO - Filling up the DagBag from /home/airflow/.local/lib/python3.12/site-packages/airflow/example_dags/example_branch_operator.py
[2024-06-14T12:26:19.440+0000] {processor.py:840} INFO - DAG(s) 'example_branch_operator' retrieved from /home/airflow/.local/lib/python3.12/site-packages/airflow/example_dags/example_branch_operator.py
[2024-06-14T12:26:19.459+0000] {logging_mixin.py:188} INFO - [2024-06-14T12:26:19.459+0000] {dag.py:3096} INFO - Sync 1 DAGs
[2024-06-14T12:26:19.475+0000] {logging_mixin.py:188} INFO - [2024-06-14T12:26:19.475+0000] {dag.py:3954} INFO - Setting next_dagrun for example_branch_operator to 2024-06-13 00:00:00+00:00, run_after=2024-06-14 00:00:00+00:00
[2024-06-14T12:26:19.490+0000] {processor.py:183} INFO - Processing /home/airflow/.local/lib/python3.12/site-packages/airflow/example_dags/example_branch_operator.py took 0.069 seconds
[2024-06-14T12:26:49.679+0000] {processor.py:161} INFO - Started process (PID=999) to work on /home/airflow/.local/lib/python3.12/site-packages/airflow/example_dags/example_branch_operator.py
[2024-06-14T12:26:49.680+0000] {processor.py:830} INFO - Processing file /home/airflow/.local/lib/python3.12/site-packages/airflow/example_dags/example_branch_operator.py for tasks to queue
[2024-06-14T12:26:49.682+0000] {logging_mixin.py:188} INFO - [2024-06-14T12:26:49.682+0000] {dagbag.py:545} INFO - Filling up the DagBag from /home/airflow/.local/lib/python3.12/site-packages/airflow/example_dags/example_branch_operator.py
[2024-06-14T12:26:49.695+0000] {processor.py:840} INFO - DAG(s) 'example_branch_operator' retrieved from /home/airflow/.local/lib/python3.12/site-packages/airflow/example_dags/example_branch_operator.py
[2024-06-14T12:26:49.720+0000] {logging_mixin.py:188} INFO - [2024-06-14T12:26:49.720+0000] {dag.py:3096} INFO - Sync 1 DAGs
[2024-06-14T12:26:49.741+0000] {logging_mixin.py:188} INFO - [2024-06-14T12:26:49.741+0000] {dag.py:3954} INFO - Setting next_dagrun for example_branch_operator to 2024-06-13 00:00:00+00:00, run_after=2024-06-14 00:00:00+00:00
[2024-06-14T12:26:49.760+0000] {processor.py:183} INFO - Processing /home/airflow/.local/lib/python3.12/site-packages/airflow/example_dags/example_branch_operator.py took 0.085 seconds
[2024-06-14T12:27:19.883+0000] {processor.py:161} INFO - Started process (PID=1057) to work on /home/airflow/.local/lib/python3.12/site-packages/airflow/example_dags/example_branch_operator.py
[2024-06-14T12:27:19.884+0000] {processor.py:830} INFO - Processing file /home/airflow/.local/lib/python3.12/site-packages/airflow/example_dags/example_branch_operator.py for tasks to queue
[2024-06-14T12:27:19.885+0000] {logging_mixin.py:188} INFO - [2024-06-14T12:27:19.885+0000] {dagbag.py:545} INFO - Filling up the DagBag from /home/airflow/.local/lib/python3.12/site-packages/airflow/example_dags/example_branch_operator.py
[2024-06-14T12:27:19.898+0000] {processor.py:840} INFO - DAG(s) 'example_branch_operator' retrieved from /home/airflow/.local/lib/python3.12/site-packages/airflow/example_dags/example_branch_operator.py
[2024-06-14T12:27:19.923+0000] {logging_mixin.py:188} INFO - [2024-06-14T12:27:19.923+0000] {dag.py:3096} INFO - Sync 1 DAGs
[2024-06-14T12:27:19.940+0000] {logging_mixin.py:188} INFO - [2024-06-14T12:27:19.940+0000] {dag.py:3954} INFO - Setting next_dagrun for example_branch_operator to 2024-06-13 00:00:00+00:00, run_after=2024-06-14 00:00:00+00:00
[2024-06-14T12:27:19.955+0000] {processor.py:183} INFO - Processing /home/airflow/.local/lib/python3.12/site-packages/airflow/example_dags/example_branch_operator.py took 0.075 seconds
[2024-06-14T12:27:50.104+0000] {processor.py:161} INFO - Started process (PID=1115) to work on /home/airflow/.local/lib/python3.12/site-packages/airflow/example_dags/example_branch_operator.py
[2024-06-14T12:27:50.105+0000] {processor.py:830} INFO - Processing file /home/airflow/.local/lib/python3.12/site-packages/airflow/example_dags/example_branch_operator.py for tasks to queue
[2024-06-14T12:27:50.107+0000] {logging_mixin.py:188} INFO - [2024-06-14T12:27:50.106+0000] {dagbag.py:545} INFO - Filling up the DagBag from /home/airflow/.local/lib/python3.12/site-packages/airflow/example_dags/example_branch_operator.py
[2024-06-14T12:27:50.120+0000] {processor.py:840} INFO - DAG(s) 'example_branch_operator' retrieved from /home/airflow/.local/lib/python3.12/site-packages/airflow/example_dags/example_branch_operator.py
[2024-06-14T12:27:50.141+0000] {logging_mixin.py:188} INFO - [2024-06-14T12:27:50.141+0000] {dag.py:3096} INFO - Sync 1 DAGs
[2024-06-14T12:27:50.160+0000] {logging_mixin.py:188} INFO - [2024-06-14T12:27:50.160+0000] {dag.py:3954} INFO - Setting next_dagrun for example_branch_operator to 2024-06-13 00:00:00+00:00, run_after=2024-06-14 00:00:00+00:00
[2024-06-14T12:27:50.175+0000] {processor.py:183} INFO - Processing /home/airflow/.local/lib/python3.12/site-packages/airflow/example_dags/example_branch_operator.py took 0.076 seconds
[2024-06-14T12:28:20.330+0000] {processor.py:161} INFO - Started process (PID=1173) to work on /home/airflow/.local/lib/python3.12/site-packages/airflow/example_dags/example_branch_operator.py
[2024-06-14T12:28:20.331+0000] {processor.py:830} INFO - Processing file /home/airflow/.local/lib/python3.12/site-packages/airflow/example_dags/example_branch_operator.py for tasks to queue
[2024-06-14T12:28:20.333+0000] {logging_mixin.py:188} INFO - [2024-06-14T12:28:20.332+0000] {dagbag.py:545} INFO - Filling up the DagBag from /home/airflow/.local/lib/python3.12/site-packages/airflow/example_dags/example_branch_operator.py
[2024-06-14T12:28:20.349+0000] {processor.py:840} INFO - DAG(s) 'example_branch_operator' retrieved from /home/airflow/.local/lib/python3.12/site-packages/airflow/example_dags/example_branch_operator.py
[2024-06-14T12:28:20.372+0000] {logging_mixin.py:188} INFO - [2024-06-14T12:28:20.372+0000] {dag.py:3096} INFO - Sync 1 DAGs
[2024-06-14T12:28:20.396+0000] {logging_mixin.py:188} INFO - [2024-06-14T12:28:20.396+0000] {dag.py:3954} INFO - Setting next_dagrun for example_branch_operator to 2024-06-13 00:00:00+00:00, run_after=2024-06-14 00:00:00+00:00
[2024-06-14T12:28:20.413+0000] {processor.py:183} INFO - Processing /home/airflow/.local/lib/python3.12/site-packages/airflow/example_dags/example_branch_operator.py took 0.087 seconds
[2024-06-14T12:28:50.702+0000] {processor.py:161} INFO - Started process (PID=1231) to work on /home/airflow/.local/lib/python3.12/site-packages/airflow/example_dags/example_branch_operator.py
[2024-06-14T12:28:50.703+0000] {processor.py:830} INFO - Processing file /home/airflow/.local/lib/python3.12/site-packages/airflow/example_dags/example_branch_operator.py for tasks to queue
[2024-06-14T12:28:50.704+0000] {logging_mixin.py:188} INFO - [2024-06-14T12:28:50.704+0000] {dagbag.py:545} INFO - Filling up the DagBag from /home/airflow/.local/lib/python3.12/site-packages/airflow/example_dags/example_branch_operator.py
[2024-06-14T12:28:50.716+0000] {processor.py:840} INFO - DAG(s) 'example_branch_operator' retrieved from /home/airflow/.local/lib/python3.12/site-packages/airflow/example_dags/example_branch_operator.py
[2024-06-14T12:28:50.737+0000] {logging_mixin.py:188} INFO - [2024-06-14T12:28:50.737+0000] {dag.py:3096} INFO - Sync 1 DAGs
[2024-06-14T12:28:50.754+0000] {logging_mixin.py:188} INFO - [2024-06-14T12:28:50.754+0000] {dag.py:3954} INFO - Setting next_dagrun for example_branch_operator to 2024-06-13 00:00:00+00:00, run_after=2024-06-14 00:00:00+00:00
[2024-06-14T12:28:50.769+0000] {processor.py:183} INFO - Processing /home/airflow/.local/lib/python3.12/site-packages/airflow/example_dags/example_branch_operator.py took 0.071 seconds
[2024-06-14T12:29:21.054+0000] {processor.py:161} INFO - Started process (PID=1289) to work on /home/airflow/.local/lib/python3.12/site-packages/airflow/example_dags/example_branch_operator.py
[2024-06-14T12:29:21.054+0000] {processor.py:830} INFO - Processing file /home/airflow/.local/lib/python3.12/site-packages/airflow/example_dags/example_branch_operator.py for tasks to queue
[2024-06-14T12:29:21.056+0000] {logging_mixin.py:188} INFO - [2024-06-14T12:29:21.055+0000] {dagbag.py:545} INFO - Filling up the DagBag from /home/airflow/.local/lib/python3.12/site-packages/airflow/example_dags/example_branch_operator.py
[2024-06-14T12:29:21.067+0000] {processor.py:840} INFO - DAG(s) 'example_branch_operator' retrieved from /home/airflow/.local/lib/python3.12/site-packages/airflow/example_dags/example_branch_operator.py
[2024-06-14T12:29:21.089+0000] {logging_mixin.py:188} INFO - [2024-06-14T12:29:21.089+0000] {dag.py:3096} INFO - Sync 1 DAGs
[2024-06-14T12:29:21.106+0000] {logging_mixin.py:188} INFO - [2024-06-14T12:29:21.106+0000] {dag.py:3954} INFO - Setting next_dagrun for example_branch_operator to 2024-06-13 00:00:00+00:00, run_after=2024-06-14 00:00:00+00:00
[2024-06-14T12:29:21.121+0000] {processor.py:183} INFO - Processing /home/airflow/.local/lib/python3.12/site-packages/airflow/example_dags/example_branch_operator.py took 0.071 seconds
[2024-06-14T12:29:51.378+0000] {processor.py:161} INFO - Started process (PID=1347) to work on /home/airflow/.local/lib/python3.12/site-packages/airflow/example_dags/example_branch_operator.py
[2024-06-14T12:29:51.379+0000] {processor.py:830} INFO - Processing file /home/airflow/.local/lib/python3.12/site-packages/airflow/example_dags/example_branch_operator.py for tasks to queue
[2024-06-14T12:29:51.381+0000] {logging_mixin.py:188} INFO - [2024-06-14T12:29:51.380+0000] {dagbag.py:545} INFO - Filling up the DagBag from /home/airflow/.local/lib/python3.12/site-packages/airflow/example_dags/example_branch_operator.py
[2024-06-14T12:29:51.398+0000] {processor.py:840} INFO - DAG(s) 'example_branch_operator' retrieved from /home/airflow/.local/lib/python3.12/site-packages/airflow/example_dags/example_branch_operator.py
[2024-06-14T12:29:51.418+0000] {logging_mixin.py:188} INFO - [2024-06-14T12:29:51.418+0000] {dag.py:3096} INFO - Sync 1 DAGs
[2024-06-14T12:29:51.434+0000] {logging_mixin.py:188} INFO - [2024-06-14T12:29:51.434+0000] {dag.py:3954} INFO - Setting next_dagrun for example_branch_operator to 2024-06-13 00:00:00+00:00, run_after=2024-06-14 00:00:00+00:00
[2024-06-14T12:29:51.447+0000] {processor.py:183} INFO - Processing /home/airflow/.local/lib/python3.12/site-packages/airflow/example_dags/example_branch_operator.py took 0.074 seconds
[2024-06-14T12:30:21.739+0000] {processor.py:161} INFO - Started process (PID=1405) to work on /home/airflow/.local/lib/python3.12/site-packages/airflow/example_dags/example_branch_operator.py
[2024-06-14T12:30:21.740+0000] {processor.py:830} INFO - Processing file /home/airflow/.local/lib/python3.12/site-packages/airflow/example_dags/example_branch_operator.py for tasks to queue
[2024-06-14T12:30:21.741+0000] {logging_mixin.py:188} INFO - [2024-06-14T12:30:21.741+0000] {dagbag.py:545} INFO - Filling up the DagBag from /home/airflow/.local/lib/python3.12/site-packages/airflow/example_dags/example_branch_operator.py
[2024-06-14T12:30:21.755+0000] {processor.py:840} INFO - DAG(s) 'example_branch_operator' retrieved from /home/airflow/.local/lib/python3.12/site-packages/airflow/example_dags/example_branch_operator.py
[2024-06-14T12:30:21.779+0000] {logging_mixin.py:188} INFO - [2024-06-14T12:30:21.779+0000] {dag.py:3096} INFO - Sync 1 DAGs
[2024-06-14T12:30:21.800+0000] {logging_mixin.py:188} INFO - [2024-06-14T12:30:21.800+0000] {dag.py:3954} INFO - Setting next_dagrun for example_branch_operator to 2024-06-13 00:00:00+00:00, run_after=2024-06-14 00:00:00+00:00
[2024-06-14T12:30:21.821+0000] {processor.py:183} INFO - Processing /home/airflow/.local/lib/python3.12/site-packages/airflow/example_dags/example_branch_operator.py took 0.085 seconds
[2024-06-14T12:30:52.027+0000] {processor.py:161} INFO - Started process (PID=1463) to work on /home/airflow/.local/lib/python3.12/site-packages/airflow/example_dags/example_branch_operator.py
[2024-06-14T12:30:52.028+0000] {processor.py:830} INFO - Processing file /home/airflow/.local/lib/python3.12/site-packages/airflow/example_dags/example_branch_operator.py for tasks to queue
[2024-06-14T12:30:52.030+0000] {logging_mixin.py:188} INFO - [2024-06-14T12:30:52.030+0000] {dagbag.py:545} INFO - Filling up the DagBag from /home/airflow/.local/lib/python3.12/site-packages/airflow/example_dags/example_branch_operator.py
[2024-06-14T12:30:52.041+0000] {processor.py:840} INFO - DAG(s) 'example_branch_operator' retrieved from /home/airflow/.local/lib/python3.12/site-packages/airflow/example_dags/example_branch_operator.py
[2024-06-14T12:30:52.061+0000] {logging_mixin.py:188} INFO - [2024-06-14T12:30:52.061+0000] {dag.py:3096} INFO - Sync 1 DAGs
[2024-06-14T12:30:52.076+0000] {logging_mixin.py:188} INFO - [2024-06-14T12:30:52.076+0000] {dag.py:3954} INFO - Setting next_dagrun for example_branch_operator to 2024-06-13 00:00:00+00:00, run_after=2024-06-14 00:00:00+00:00
[2024-06-14T12:30:52.090+0000] {processor.py:183} INFO - Processing /home/airflow/.local/lib/python3.12/site-packages/airflow/example_dags/example_branch_operator.py took 0.067 seconds
[2024-06-14T12:31:22.283+0000] {processor.py:161} INFO - Started process (PID=1521) to work on /home/airflow/.local/lib/python3.12/site-packages/airflow/example_dags/example_branch_operator.py
[2024-06-14T12:31:22.284+0000] {processor.py:830} INFO - Processing file /home/airflow/.local/lib/python3.12/site-packages/airflow/example_dags/example_branch_operator.py for tasks to queue
[2024-06-14T12:31:22.285+0000] {logging_mixin.py:188} INFO - [2024-06-14T12:31:22.285+0000] {dagbag.py:545} INFO - Filling up the DagBag from /home/airflow/.local/lib/python3.12/site-packages/airflow/example_dags/example_branch_operator.py
[2024-06-14T12:31:22.298+0000] {processor.py:840} INFO - DAG(s) 'example_branch_operator' retrieved from /home/airflow/.local/lib/python3.12/site-packages/airflow/example_dags/example_branch_operator.py
[2024-06-14T12:31:22.318+0000] {logging_mixin.py:188} INFO - [2024-06-14T12:31:22.317+0000] {dag.py:3096} INFO - Sync 1 DAGs
[2024-06-14T12:31:22.335+0000] {logging_mixin.py:188} INFO - [2024-06-14T12:31:22.335+0000] {dag.py:3954} INFO - Setting next_dagrun for example_branch_operator to 2024-06-13 00:00:00+00:00, run_after=2024-06-14 00:00:00+00:00
[2024-06-14T12:31:22.350+0000] {processor.py:183} INFO - Processing /home/airflow/.local/lib/python3.12/site-packages/airflow/example_dags/example_branch_operator.py took 0.071 seconds
[2024-06-14T12:31:52.646+0000] {processor.py:161} INFO - Started process (PID=1579) to work on /home/airflow/.local/lib/python3.12/site-packages/airflow/example_dags/example_branch_operator.py
[2024-06-14T12:31:52.647+0000] {processor.py:830} INFO - Processing file /home/airflow/.local/lib/python3.12/site-packages/airflow/example_dags/example_branch_operator.py for tasks to queue
[2024-06-14T12:31:52.648+0000] {logging_mixin.py:188} INFO - [2024-06-14T12:31:52.648+0000] {dagbag.py:545} INFO - Filling up the DagBag from /home/airflow/.local/lib/python3.12/site-packages/airflow/example_dags/example_branch_operator.py
[2024-06-14T12:31:52.661+0000] {processor.py:840} INFO - DAG(s) 'example_branch_operator' retrieved from /home/airflow/.local/lib/python3.12/site-packages/airflow/example_dags/example_branch_operator.py
[2024-06-14T12:31:52.681+0000] {logging_mixin.py:188} INFO - [2024-06-14T12:31:52.681+0000] {dag.py:3096} INFO - Sync 1 DAGs
[2024-06-14T12:31:52.696+0000] {logging_mixin.py:188} INFO - [2024-06-14T12:31:52.696+0000] {dag.py:3954} INFO - Setting next_dagrun for example_branch_operator to 2024-06-13 00:00:00+00:00, run_after=2024-06-14 00:00:00+00:00
[2024-06-14T12:31:52.711+0000] {processor.py:183} INFO - Processing /home/airflow/.local/lib/python3.12/site-packages/airflow/example_dags/example_branch_operator.py took 0.069 seconds
[2024-06-14T12:32:22.888+0000] {processor.py:161} INFO - Started process (PID=1638) to work on /home/airflow/.local/lib/python3.12/site-packages/airflow/example_dags/example_branch_operator.py
[2024-06-14T12:32:22.888+0000] {processor.py:830} INFO - Processing file /home/airflow/.local/lib/python3.12/site-packages/airflow/example_dags/example_branch_operator.py for tasks to queue
[2024-06-14T12:32:22.889+0000] {logging_mixin.py:188} INFO - [2024-06-14T12:32:22.889+0000] {dagbag.py:545} INFO - Filling up the DagBag from /home/airflow/.local/lib/python3.12/site-packages/airflow/example_dags/example_branch_operator.py
[2024-06-14T12:32:22.901+0000] {processor.py:840} INFO - DAG(s) 'example_branch_operator' retrieved from /home/airflow/.local/lib/python3.12/site-packages/airflow/example_dags/example_branch_operator.py
[2024-06-14T12:32:22.920+0000] {logging_mixin.py:188} INFO - [2024-06-14T12:32:22.920+0000] {dag.py:3096} INFO - Sync 1 DAGs
[2024-06-14T12:32:22.940+0000] {logging_mixin.py:188} INFO - [2024-06-14T12:32:22.939+0000] {dag.py:3954} INFO - Setting next_dagrun for example_branch_operator to 2024-06-13 00:00:00+00:00, run_after=2024-06-14 00:00:00+00:00
[2024-06-14T12:32:22.954+0000] {processor.py:183} INFO - Processing /home/airflow/.local/lib/python3.12/site-packages/airflow/example_dags/example_branch_operator.py took 0.071 seconds
[2024-06-14T12:32:53.361+0000] {processor.py:161} INFO - Started process (PID=1696) to work on /home/airflow/.local/lib/python3.12/site-packages/airflow/example_dags/example_branch_operator.py
[2024-06-14T12:32:53.362+0000] {processor.py:830} INFO - Processing file /home/airflow/.local/lib/python3.12/site-packages/airflow/example_dags/example_branch_operator.py for tasks to queue
[2024-06-14T12:32:53.363+0000] {logging_mixin.py:188} INFO - [2024-06-14T12:32:53.363+0000] {dagbag.py:545} INFO - Filling up the DagBag from /home/airflow/.local/lib/python3.12/site-packages/airflow/example_dags/example_branch_operator.py
[2024-06-14T12:32:53.382+0000] {processor.py:840} INFO - DAG(s) 'example_branch_operator' retrieved from /home/airflow/.local/lib/python3.12/site-packages/airflow/example_dags/example_branch_operator.py
[2024-06-14T12:32:53.408+0000] {logging_mixin.py:188} INFO - [2024-06-14T12:32:53.408+0000] {dag.py:3096} INFO - Sync 1 DAGs
[2024-06-14T12:32:53.428+0000] {logging_mixin.py:188} INFO - [2024-06-14T12:32:53.427+0000] {dag.py:3954} INFO - Setting next_dagrun for example_branch_operator to 2024-06-13 00:00:00+00:00, run_after=2024-06-14 00:00:00+00:00
[2024-06-14T12:32:53.445+0000] {processor.py:183} INFO - Processing /home/airflow/.local/lib/python3.12/site-packages/airflow/example_dags/example_branch_operator.py took 0.089 seconds
[2024-06-14T12:33:23.899+0000] {processor.py:161} INFO - Started process (PID=1754) to work on /home/airflow/.local/lib/python3.12/site-packages/airflow/example_dags/example_branch_operator.py
[2024-06-14T12:33:23.899+0000] {processor.py:830} INFO - Processing file /home/airflow/.local/lib/python3.12/site-packages/airflow/example_dags/example_branch_operator.py for tasks to queue
[2024-06-14T12:33:23.901+0000] {logging_mixin.py:188} INFO - [2024-06-14T12:33:23.901+0000] {dagbag.py:545} INFO - Filling up the DagBag from /home/airflow/.local/lib/python3.12/site-packages/airflow/example_dags/example_branch_operator.py
[2024-06-14T12:33:23.913+0000] {processor.py:840} INFO - DAG(s) 'example_branch_operator' retrieved from /home/airflow/.local/lib/python3.12/site-packages/airflow/example_dags/example_branch_operator.py
[2024-06-14T12:33:23.932+0000] {logging_mixin.py:188} INFO - [2024-06-14T12:33:23.932+0000] {dag.py:3096} INFO - Sync 1 DAGs
[2024-06-14T12:33:23.951+0000] {logging_mixin.py:188} INFO - [2024-06-14T12:33:23.951+0000] {dag.py:3954} INFO - Setting next_dagrun for example_branch_operator to 2024-06-13 00:00:00+00:00, run_after=2024-06-14 00:00:00+00:00
[2024-06-14T12:33:23.965+0000] {processor.py:183} INFO - Processing /home/airflow/.local/lib/python3.12/site-packages/airflow/example_dags/example_branch_operator.py took 0.071 seconds
[2024-06-14T12:33:54.596+0000] {processor.py:161} INFO - Started process (PID=1812) to work on /home/airflow/.local/lib/python3.12/site-packages/airflow/example_dags/example_branch_operator.py
[2024-06-14T12:33:54.597+0000] {processor.py:830} INFO - Processing file /home/airflow/.local/lib/python3.12/site-packages/airflow/example_dags/example_branch_operator.py for tasks to queue
[2024-06-14T12:33:54.598+0000] {logging_mixin.py:188} INFO - [2024-06-14T12:33:54.598+0000] {dagbag.py:545} INFO - Filling up the DagBag from /home/airflow/.local/lib/python3.12/site-packages/airflow/example_dags/example_branch_operator.py
[2024-06-14T12:33:54.609+0000] {processor.py:840} INFO - DAG(s) 'example_branch_operator' retrieved from /home/airflow/.local/lib/python3.12/site-packages/airflow/example_dags/example_branch_operator.py
[2024-06-14T12:33:54.629+0000] {logging_mixin.py:188} INFO - [2024-06-14T12:33:54.629+0000] {dag.py:3096} INFO - Sync 1 DAGs
[2024-06-14T12:33:54.645+0000] {logging_mixin.py:188} INFO - [2024-06-14T12:33:54.644+0000] {dag.py:3954} INFO - Setting next_dagrun for example_branch_operator to 2024-06-13 00:00:00+00:00, run_after=2024-06-14 00:00:00+00:00
[2024-06-14T12:33:54.661+0000] {processor.py:183} INFO - Processing /home/airflow/.local/lib/python3.12/site-packages/airflow/example_dags/example_branch_operator.py took 0.069 seconds
[2024-06-14T12:34:25.528+0000] {processor.py:161} INFO - Started process (PID=1870) to work on /home/airflow/.local/lib/python3.12/site-packages/airflow/example_dags/example_branch_operator.py
[2024-06-14T12:34:25.529+0000] {processor.py:830} INFO - Processing file /home/airflow/.local/lib/python3.12/site-packages/airflow/example_dags/example_branch_operator.py for tasks to queue
[2024-06-14T12:34:25.530+0000] {logging_mixin.py:188} INFO - [2024-06-14T12:34:25.530+0000] {dagbag.py:545} INFO - Filling up the DagBag from /home/airflow/.local/lib/python3.12/site-packages/airflow/example_dags/example_branch_operator.py
[2024-06-14T12:34:25.541+0000] {processor.py:840} INFO - DAG(s) 'example_branch_operator' retrieved from /home/airflow/.local/lib/python3.12/site-packages/airflow/example_dags/example_branch_operator.py
[2024-06-14T12:34:25.564+0000] {logging_mixin.py:188} INFO - [2024-06-14T12:34:25.564+0000] {dag.py:3096} INFO - Sync 1 DAGs
[2024-06-14T12:34:25.676+0000] {logging_mixin.py:188} INFO - [2024-06-14T12:34:25.676+0000] {dag.py:3954} INFO - Setting next_dagrun for example_branch_operator to 2024-06-13 00:00:00+00:00, run_after=2024-06-14 00:00:00+00:00
[2024-06-14T12:34:25.689+0000] {processor.py:183} INFO - Processing /home/airflow/.local/lib/python3.12/site-packages/airflow/example_dags/example_branch_operator.py took 0.164 seconds
