[2024-06-14T12:06:31.073+0000] {processor.py:161} INFO - Started process (PID=55) to work on /home/airflow/.local/lib/python3.12/site-packages/airflow/example_dags/example_short_circuit_operator.py
[2024-06-14T12:06:31.074+0000] {processor.py:830} INFO - Processing file /home/airflow/.local/lib/python3.12/site-packages/airflow/example_dags/example_short_circuit_operator.py for tasks to queue
[2024-06-14T12:06:31.077+0000] {logging_mixin.py:188} INFO - [2024-06-14T12:06:31.076+0000] {dagbag.py:545} INFO - Filling up the DagBag from /home/airflow/.local/lib/python3.12/site-packages/airflow/example_dags/example_short_circuit_operator.py
[2024-06-14T12:06:31.085+0000] {processor.py:840} INFO - DAG(s) 'example_short_circuit_operator' retrieved from /home/airflow/.local/lib/python3.12/site-packages/airflow/example_dags/example_short_circuit_operator.py
[2024-06-14T12:06:31.095+0000] {logging_mixin.py:188} INFO - [2024-06-14T12:06:31.095+0000] {dag.py:3096} INFO - Sync 1 DAGs
[2024-06-14T12:06:31.120+0000] {logging_mixin.py:188} INFO - [2024-06-14T12:06:31.119+0000] {dag.py:3954} INFO - Setting next_dagrun for example_short_circuit_operator to 2024-06-13 00:00:00+00:00, run_after=2024-06-14 00:00:00+00:00
[2024-06-14T12:06:31.138+0000] {processor.py:183} INFO - Processing /home/airflow/.local/lib/python3.12/site-packages/airflow/example_dags/example_short_circuit_operator.py took 0.073 seconds
[2024-06-14T12:07:02.397+0000] {processor.py:161} INFO - Started process (PID=113) to work on /home/airflow/.local/lib/python3.12/site-packages/airflow/example_dags/example_short_circuit_operator.py
[2024-06-14T12:07:02.398+0000] {processor.py:830} INFO - Processing file /home/airflow/.local/lib/python3.12/site-packages/airflow/example_dags/example_short_circuit_operator.py for tasks to queue
[2024-06-14T12:07:02.400+0000] {logging_mixin.py:188} INFO - [2024-06-14T12:07:02.400+0000] {dagbag.py:545} INFO - Filling up the DagBag from /home/airflow/.local/lib/python3.12/site-packages/airflow/example_dags/example_short_circuit_operator.py
[2024-06-14T12:07:02.407+0000] {processor.py:840} INFO - DAG(s) 'example_short_circuit_operator' retrieved from /home/airflow/.local/lib/python3.12/site-packages/airflow/example_dags/example_short_circuit_operator.py
[2024-06-14T12:07:02.491+0000] {logging_mixin.py:188} INFO - [2024-06-14T12:07:02.491+0000] {dag.py:3096} INFO - Sync 1 DAGs
[2024-06-14T12:07:02.508+0000] {logging_mixin.py:188} INFO - [2024-06-14T12:07:02.508+0000] {dag.py:3954} INFO - Setting next_dagrun for example_short_circuit_operator to 2024-06-13 00:00:00+00:00, run_after=2024-06-14 00:00:00+00:00
[2024-06-14T12:07:02.526+0000] {processor.py:183} INFO - Processing /home/airflow/.local/lib/python3.12/site-packages/airflow/example_dags/example_short_circuit_operator.py took 0.133 seconds
[2024-06-14T12:07:32.692+0000] {processor.py:161} INFO - Started process (PID=171) to work on /home/airflow/.local/lib/python3.12/site-packages/airflow/example_dags/example_short_circuit_operator.py
[2024-06-14T12:07:32.693+0000] {processor.py:830} INFO - Processing file /home/airflow/.local/lib/python3.12/site-packages/airflow/example_dags/example_short_circuit_operator.py for tasks to queue
[2024-06-14T12:07:32.694+0000] {logging_mixin.py:188} INFO - [2024-06-14T12:07:32.694+0000] {dagbag.py:545} INFO - Filling up the DagBag from /home/airflow/.local/lib/python3.12/site-packages/airflow/example_dags/example_short_circuit_operator.py
[2024-06-14T12:07:32.700+0000] {processor.py:840} INFO - DAG(s) 'example_short_circuit_operator' retrieved from /home/airflow/.local/lib/python3.12/site-packages/airflow/example_dags/example_short_circuit_operator.py
[2024-06-14T12:07:32.716+0000] {logging_mixin.py:188} INFO - [2024-06-14T12:07:32.716+0000] {dag.py:3096} INFO - Sync 1 DAGs
[2024-06-14T12:07:32.732+0000] {logging_mixin.py:188} INFO - [2024-06-14T12:07:32.732+0000] {dag.py:3954} INFO - Setting next_dagrun for example_short_circuit_operator to 2024-06-13 00:00:00+00:00, run_after=2024-06-14 00:00:00+00:00
[2024-06-14T12:07:32.748+0000] {processor.py:183} INFO - Processing /home/airflow/.local/lib/python3.12/site-packages/airflow/example_dags/example_short_circuit_operator.py took 0.059 seconds
[2024-06-14T12:08:02.972+0000] {processor.py:161} INFO - Started process (PID=229) to work on /home/airflow/.local/lib/python3.12/site-packages/airflow/example_dags/example_short_circuit_operator.py
[2024-06-14T12:08:02.973+0000] {processor.py:830} INFO - Processing file /home/airflow/.local/lib/python3.12/site-packages/airflow/example_dags/example_short_circuit_operator.py for tasks to queue
[2024-06-14T12:08:02.974+0000] {logging_mixin.py:188} INFO - [2024-06-14T12:08:02.974+0000] {dagbag.py:545} INFO - Filling up the DagBag from /home/airflow/.local/lib/python3.12/site-packages/airflow/example_dags/example_short_circuit_operator.py
[2024-06-14T12:08:02.979+0000] {processor.py:840} INFO - DAG(s) 'example_short_circuit_operator' retrieved from /home/airflow/.local/lib/python3.12/site-packages/airflow/example_dags/example_short_circuit_operator.py
[2024-06-14T12:08:02.996+0000] {logging_mixin.py:188} INFO - [2024-06-14T12:08:02.996+0000] {dag.py:3096} INFO - Sync 1 DAGs
[2024-06-14T12:08:03.013+0000] {logging_mixin.py:188} INFO - [2024-06-14T12:08:03.013+0000] {dag.py:3954} INFO - Setting next_dagrun for example_short_circuit_operator to 2024-06-13 00:00:00+00:00, run_after=2024-06-14 00:00:00+00:00
[2024-06-14T12:08:03.032+0000] {processor.py:183} INFO - Processing /home/airflow/.local/lib/python3.12/site-packages/airflow/example_dags/example_short_circuit_operator.py took 0.065 seconds
[2024-06-14T12:08:33.169+0000] {processor.py:161} INFO - Started process (PID=287) to work on /home/airflow/.local/lib/python3.12/site-packages/airflow/example_dags/example_short_circuit_operator.py
[2024-06-14T12:08:33.170+0000] {processor.py:830} INFO - Processing file /home/airflow/.local/lib/python3.12/site-packages/airflow/example_dags/example_short_circuit_operator.py for tasks to queue
[2024-06-14T12:08:33.172+0000] {logging_mixin.py:188} INFO - [2024-06-14T12:08:33.172+0000] {dagbag.py:545} INFO - Filling up the DagBag from /home/airflow/.local/lib/python3.12/site-packages/airflow/example_dags/example_short_circuit_operator.py
[2024-06-14T12:08:33.180+0000] {processor.py:840} INFO - DAG(s) 'example_short_circuit_operator' retrieved from /home/airflow/.local/lib/python3.12/site-packages/airflow/example_dags/example_short_circuit_operator.py
[2024-06-14T12:08:33.201+0000] {logging_mixin.py:188} INFO - [2024-06-14T12:08:33.201+0000] {dag.py:3096} INFO - Sync 1 DAGs
[2024-06-14T12:08:33.221+0000] {logging_mixin.py:188} INFO - [2024-06-14T12:08:33.221+0000] {dag.py:3954} INFO - Setting next_dagrun for example_short_circuit_operator to 2024-06-13 00:00:00+00:00, run_after=2024-06-14 00:00:00+00:00
[2024-06-14T12:08:33.236+0000] {processor.py:183} INFO - Processing /home/airflow/.local/lib/python3.12/site-packages/airflow/example_dags/example_short_circuit_operator.py took 0.073 seconds
[2024-06-14T12:09:03.370+0000] {processor.py:161} INFO - Started process (PID=345) to work on /home/airflow/.local/lib/python3.12/site-packages/airflow/example_dags/example_short_circuit_operator.py
[2024-06-14T12:09:03.371+0000] {processor.py:830} INFO - Processing file /home/airflow/.local/lib/python3.12/site-packages/airflow/example_dags/example_short_circuit_operator.py for tasks to queue
[2024-06-14T12:09:03.373+0000] {logging_mixin.py:188} INFO - [2024-06-14T12:09:03.373+0000] {dagbag.py:545} INFO - Filling up the DagBag from /home/airflow/.local/lib/python3.12/site-packages/airflow/example_dags/example_short_circuit_operator.py
[2024-06-14T12:09:03.378+0000] {processor.py:840} INFO - DAG(s) 'example_short_circuit_operator' retrieved from /home/airflow/.local/lib/python3.12/site-packages/airflow/example_dags/example_short_circuit_operator.py
[2024-06-14T12:09:03.396+0000] {logging_mixin.py:188} INFO - [2024-06-14T12:09:03.395+0000] {dag.py:3096} INFO - Sync 1 DAGs
[2024-06-14T12:09:03.413+0000] {logging_mixin.py:188} INFO - [2024-06-14T12:09:03.413+0000] {dag.py:3954} INFO - Setting next_dagrun for example_short_circuit_operator to 2024-06-13 00:00:00+00:00, run_after=2024-06-14 00:00:00+00:00
[2024-06-14T12:09:03.430+0000] {processor.py:183} INFO - Processing /home/airflow/.local/lib/python3.12/site-packages/airflow/example_dags/example_short_circuit_operator.py took 0.064 seconds
[2024-06-14T12:09:33.850+0000] {processor.py:161} INFO - Started process (PID=410) to work on /home/airflow/.local/lib/python3.12/site-packages/airflow/example_dags/example_short_circuit_operator.py
[2024-06-14T12:09:33.851+0000] {processor.py:830} INFO - Processing file /home/airflow/.local/lib/python3.12/site-packages/airflow/example_dags/example_short_circuit_operator.py for tasks to queue
[2024-06-14T12:09:33.852+0000] {logging_mixin.py:188} INFO - [2024-06-14T12:09:33.852+0000] {dagbag.py:545} INFO - Filling up the DagBag from /home/airflow/.local/lib/python3.12/site-packages/airflow/example_dags/example_short_circuit_operator.py
[2024-06-14T12:09:33.861+0000] {processor.py:840} INFO - DAG(s) 'example_short_circuit_operator' retrieved from /home/airflow/.local/lib/python3.12/site-packages/airflow/example_dags/example_short_circuit_operator.py
[2024-06-14T12:09:33.880+0000] {logging_mixin.py:188} INFO - [2024-06-14T12:09:33.879+0000] {dag.py:3096} INFO - Sync 1 DAGs
[2024-06-14T12:09:33.900+0000] {logging_mixin.py:188} INFO - [2024-06-14T12:09:33.899+0000] {dag.py:3954} INFO - Setting next_dagrun for example_short_circuit_operator to 2024-06-13 00:00:00+00:00, run_after=2024-06-14 00:00:00+00:00
[2024-06-14T12:09:33.922+0000] {processor.py:183} INFO - Processing /home/airflow/.local/lib/python3.12/site-packages/airflow/example_dags/example_short_circuit_operator.py took 0.078 seconds
[2024-06-14T12:10:04.869+0000] {processor.py:161} INFO - Started process (PID=468) to work on /home/airflow/.local/lib/python3.12/site-packages/airflow/example_dags/example_short_circuit_operator.py
[2024-06-14T12:10:04.869+0000] {processor.py:830} INFO - Processing file /home/airflow/.local/lib/python3.12/site-packages/airflow/example_dags/example_short_circuit_operator.py for tasks to queue
[2024-06-14T12:10:04.871+0000] {logging_mixin.py:188} INFO - [2024-06-14T12:10:04.870+0000] {dagbag.py:545} INFO - Filling up the DagBag from /home/airflow/.local/lib/python3.12/site-packages/airflow/example_dags/example_short_circuit_operator.py
[2024-06-14T12:10:04.876+0000] {processor.py:840} INFO - DAG(s) 'example_short_circuit_operator' retrieved from /home/airflow/.local/lib/python3.12/site-packages/airflow/example_dags/example_short_circuit_operator.py
[2024-06-14T12:10:04.896+0000] {logging_mixin.py:188} INFO - [2024-06-14T12:10:04.895+0000] {dag.py:3096} INFO - Sync 1 DAGs
[2024-06-14T12:10:04.913+0000] {logging_mixin.py:188} INFO - [2024-06-14T12:10:04.913+0000] {dag.py:3954} INFO - Setting next_dagrun for example_short_circuit_operator to 2024-06-13 00:00:00+00:00, run_after=2024-06-14 00:00:00+00:00
[2024-06-14T12:10:04.929+0000] {processor.py:183} INFO - Processing /home/airflow/.local/lib/python3.12/site-packages/airflow/example_dags/example_short_circuit_operator.py took 0.065 seconds
[2024-06-14T12:10:35.022+0000] {processor.py:161} INFO - Started process (PID=525) to work on /home/airflow/.local/lib/python3.12/site-packages/airflow/example_dags/example_short_circuit_operator.py
[2024-06-14T12:10:35.023+0000] {processor.py:830} INFO - Processing file /home/airflow/.local/lib/python3.12/site-packages/airflow/example_dags/example_short_circuit_operator.py for tasks to queue
[2024-06-14T12:10:35.024+0000] {logging_mixin.py:188} INFO - [2024-06-14T12:10:35.024+0000] {dagbag.py:545} INFO - Filling up the DagBag from /home/airflow/.local/lib/python3.12/site-packages/airflow/example_dags/example_short_circuit_operator.py
[2024-06-14T12:10:35.029+0000] {processor.py:840} INFO - DAG(s) 'example_short_circuit_operator' retrieved from /home/airflow/.local/lib/python3.12/site-packages/airflow/example_dags/example_short_circuit_operator.py
[2024-06-14T12:10:35.045+0000] {logging_mixin.py:188} INFO - [2024-06-14T12:10:35.045+0000] {dag.py:3096} INFO - Sync 1 DAGs
[2024-06-14T12:10:35.063+0000] {logging_mixin.py:188} INFO - [2024-06-14T12:10:35.063+0000] {dag.py:3954} INFO - Setting next_dagrun for example_short_circuit_operator to 2024-06-13 00:00:00+00:00, run_after=2024-06-14 00:00:00+00:00
[2024-06-14T12:10:35.077+0000] {processor.py:183} INFO - Processing /home/airflow/.local/lib/python3.12/site-packages/airflow/example_dags/example_short_circuit_operator.py took 0.059 seconds
[2024-06-14T12:11:05.251+0000] {processor.py:161} INFO - Started process (PID=590) to work on /home/airflow/.local/lib/python3.12/site-packages/airflow/example_dags/example_short_circuit_operator.py
[2024-06-14T12:11:05.252+0000] {processor.py:830} INFO - Processing file /home/airflow/.local/lib/python3.12/site-packages/airflow/example_dags/example_short_circuit_operator.py for tasks to queue
[2024-06-14T12:11:05.254+0000] {logging_mixin.py:188} INFO - [2024-06-14T12:11:05.254+0000] {dagbag.py:545} INFO - Filling up the DagBag from /home/airflow/.local/lib/python3.12/site-packages/airflow/example_dags/example_short_circuit_operator.py
[2024-06-14T12:11:05.259+0000] {processor.py:840} INFO - DAG(s) 'example_short_circuit_operator' retrieved from /home/airflow/.local/lib/python3.12/site-packages/airflow/example_dags/example_short_circuit_operator.py
[2024-06-14T12:11:05.275+0000] {logging_mixin.py:188} INFO - [2024-06-14T12:11:05.275+0000] {dag.py:3096} INFO - Sync 1 DAGs
[2024-06-14T12:11:05.292+0000] {logging_mixin.py:188} INFO - [2024-06-14T12:11:05.292+0000] {dag.py:3954} INFO - Setting next_dagrun for example_short_circuit_operator to 2024-06-13 00:00:00+00:00, run_after=2024-06-14 00:00:00+00:00
[2024-06-14T12:11:05.308+0000] {processor.py:183} INFO - Processing /home/airflow/.local/lib/python3.12/site-packages/airflow/example_dags/example_short_circuit_operator.py took 0.061 seconds
[2024-06-14T12:11:35.475+0000] {processor.py:161} INFO - Started process (PID=648) to work on /home/airflow/.local/lib/python3.12/site-packages/airflow/example_dags/example_short_circuit_operator.py
[2024-06-14T12:11:35.476+0000] {processor.py:830} INFO - Processing file /home/airflow/.local/lib/python3.12/site-packages/airflow/example_dags/example_short_circuit_operator.py for tasks to queue
[2024-06-14T12:11:35.478+0000] {logging_mixin.py:188} INFO - [2024-06-14T12:11:35.478+0000] {dagbag.py:545} INFO - Filling up the DagBag from /home/airflow/.local/lib/python3.12/site-packages/airflow/example_dags/example_short_circuit_operator.py
[2024-06-14T12:11:35.483+0000] {processor.py:840} INFO - DAG(s) 'example_short_circuit_operator' retrieved from /home/airflow/.local/lib/python3.12/site-packages/airflow/example_dags/example_short_circuit_operator.py
[2024-06-14T12:11:35.500+0000] {logging_mixin.py:188} INFO - [2024-06-14T12:11:35.499+0000] {dag.py:3096} INFO - Sync 1 DAGs
[2024-06-14T12:11:35.519+0000] {logging_mixin.py:188} INFO - [2024-06-14T12:11:35.519+0000] {dag.py:3954} INFO - Setting next_dagrun for example_short_circuit_operator to 2024-06-13 00:00:00+00:00, run_after=2024-06-14 00:00:00+00:00
[2024-06-14T12:11:35.535+0000] {processor.py:183} INFO - Processing /home/airflow/.local/lib/python3.12/site-packages/airflow/example_dags/example_short_circuit_operator.py took 0.065 seconds
[2024-06-14T12:12:05.639+0000] {processor.py:161} INFO - Started process (PID=706) to work on /home/airflow/.local/lib/python3.12/site-packages/airflow/example_dags/example_short_circuit_operator.py
[2024-06-14T12:12:05.639+0000] {processor.py:830} INFO - Processing file /home/airflow/.local/lib/python3.12/site-packages/airflow/example_dags/example_short_circuit_operator.py for tasks to queue
[2024-06-14T12:12:05.641+0000] {logging_mixin.py:188} INFO - [2024-06-14T12:12:05.641+0000] {dagbag.py:545} INFO - Filling up the DagBag from /home/airflow/.local/lib/python3.12/site-packages/airflow/example_dags/example_short_circuit_operator.py
[2024-06-14T12:12:05.646+0000] {processor.py:840} INFO - DAG(s) 'example_short_circuit_operator' retrieved from /home/airflow/.local/lib/python3.12/site-packages/airflow/example_dags/example_short_circuit_operator.py
[2024-06-14T12:12:05.663+0000] {logging_mixin.py:188} INFO - [2024-06-14T12:12:05.663+0000] {dag.py:3096} INFO - Sync 1 DAGs
[2024-06-14T12:12:05.678+0000] {logging_mixin.py:188} INFO - [2024-06-14T12:12:05.678+0000] {dag.py:3954} INFO - Setting next_dagrun for example_short_circuit_operator to 2024-06-13 00:00:00+00:00, run_after=2024-06-14 00:00:00+00:00
[2024-06-14T12:12:05.694+0000] {processor.py:183} INFO - Processing /home/airflow/.local/lib/python3.12/site-packages/airflow/example_dags/example_short_circuit_operator.py took 0.059 seconds
[2024-06-14T12:12:35.836+0000] {processor.py:161} INFO - Started process (PID=764) to work on /home/airflow/.local/lib/python3.12/site-packages/airflow/example_dags/example_short_circuit_operator.py
[2024-06-14T12:12:35.837+0000] {processor.py:830} INFO - Processing file /home/airflow/.local/lib/python3.12/site-packages/airflow/example_dags/example_short_circuit_operator.py for tasks to queue
[2024-06-14T12:12:35.839+0000] {logging_mixin.py:188} INFO - [2024-06-14T12:12:35.838+0000] {dagbag.py:545} INFO - Filling up the DagBag from /home/airflow/.local/lib/python3.12/site-packages/airflow/example_dags/example_short_circuit_operator.py
[2024-06-14T12:12:35.845+0000] {processor.py:840} INFO - DAG(s) 'example_short_circuit_operator' retrieved from /home/airflow/.local/lib/python3.12/site-packages/airflow/example_dags/example_short_circuit_operator.py
[2024-06-14T12:12:35.864+0000] {logging_mixin.py:188} INFO - [2024-06-14T12:12:35.864+0000] {dag.py:3096} INFO - Sync 1 DAGs
[2024-06-14T12:12:35.884+0000] {logging_mixin.py:188} INFO - [2024-06-14T12:12:35.884+0000] {dag.py:3954} INFO - Setting next_dagrun for example_short_circuit_operator to 2024-06-13 00:00:00+00:00, run_after=2024-06-14 00:00:00+00:00
[2024-06-14T12:12:35.902+0000] {processor.py:183} INFO - Processing /home/airflow/.local/lib/python3.12/site-packages/airflow/example_dags/example_short_circuit_operator.py took 0.071 seconds
[2024-06-14T12:13:06.031+0000] {processor.py:161} INFO - Started process (PID=822) to work on /home/airflow/.local/lib/python3.12/site-packages/airflow/example_dags/example_short_circuit_operator.py
[2024-06-14T12:13:06.032+0000] {processor.py:830} INFO - Processing file /home/airflow/.local/lib/python3.12/site-packages/airflow/example_dags/example_short_circuit_operator.py for tasks to queue
[2024-06-14T12:13:06.033+0000] {logging_mixin.py:188} INFO - [2024-06-14T12:13:06.033+0000] {dagbag.py:545} INFO - Filling up the DagBag from /home/airflow/.local/lib/python3.12/site-packages/airflow/example_dags/example_short_circuit_operator.py
[2024-06-14T12:13:06.039+0000] {processor.py:840} INFO - DAG(s) 'example_short_circuit_operator' retrieved from /home/airflow/.local/lib/python3.12/site-packages/airflow/example_dags/example_short_circuit_operator.py
[2024-06-14T12:13:06.055+0000] {logging_mixin.py:188} INFO - [2024-06-14T12:13:06.054+0000] {dag.py:3096} INFO - Sync 1 DAGs
[2024-06-14T12:13:06.069+0000] {logging_mixin.py:188} INFO - [2024-06-14T12:13:06.069+0000] {dag.py:3954} INFO - Setting next_dagrun for example_short_circuit_operator to 2024-06-13 00:00:00+00:00, run_after=2024-06-14 00:00:00+00:00
[2024-06-14T12:13:06.084+0000] {processor.py:183} INFO - Processing /home/airflow/.local/lib/python3.12/site-packages/airflow/example_dags/example_short_circuit_operator.py took 0.058 seconds
[2024-06-14T12:13:36.408+0000] {processor.py:161} INFO - Started process (PID=880) to work on /home/airflow/.local/lib/python3.12/site-packages/airflow/example_dags/example_short_circuit_operator.py
[2024-06-14T12:13:36.409+0000] {processor.py:830} INFO - Processing file /home/airflow/.local/lib/python3.12/site-packages/airflow/example_dags/example_short_circuit_operator.py for tasks to queue
[2024-06-14T12:13:36.411+0000] {logging_mixin.py:188} INFO - [2024-06-14T12:13:36.411+0000] {dagbag.py:545} INFO - Filling up the DagBag from /home/airflow/.local/lib/python3.12/site-packages/airflow/example_dags/example_short_circuit_operator.py
[2024-06-14T12:13:36.425+0000] {processor.py:840} INFO - DAG(s) 'example_short_circuit_operator' retrieved from /home/airflow/.local/lib/python3.12/site-packages/airflow/example_dags/example_short_circuit_operator.py
[2024-06-14T12:13:36.448+0000] {logging_mixin.py:188} INFO - [2024-06-14T12:13:36.447+0000] {dag.py:3096} INFO - Sync 1 DAGs
[2024-06-14T12:13:36.472+0000] {logging_mixin.py:188} INFO - [2024-06-14T12:13:36.472+0000] {dag.py:3954} INFO - Setting next_dagrun for example_short_circuit_operator to 2024-06-13 00:00:00+00:00, run_after=2024-06-14 00:00:00+00:00
[2024-06-14T12:13:36.491+0000] {processor.py:183} INFO - Processing /home/airflow/.local/lib/python3.12/site-packages/airflow/example_dags/example_short_circuit_operator.py took 0.089 seconds
[2024-06-14T12:14:06.860+0000] {processor.py:161} INFO - Started process (PID=938) to work on /home/airflow/.local/lib/python3.12/site-packages/airflow/example_dags/example_short_circuit_operator.py
[2024-06-14T12:14:06.861+0000] {processor.py:830} INFO - Processing file /home/airflow/.local/lib/python3.12/site-packages/airflow/example_dags/example_short_circuit_operator.py for tasks to queue
[2024-06-14T12:14:06.862+0000] {logging_mixin.py:188} INFO - [2024-06-14T12:14:06.862+0000] {dagbag.py:545} INFO - Filling up the DagBag from /home/airflow/.local/lib/python3.12/site-packages/airflow/example_dags/example_short_circuit_operator.py
[2024-06-14T12:14:06.869+0000] {processor.py:840} INFO - DAG(s) 'example_short_circuit_operator' retrieved from /home/airflow/.local/lib/python3.12/site-packages/airflow/example_dags/example_short_circuit_operator.py
[2024-06-14T12:14:06.887+0000] {logging_mixin.py:188} INFO - [2024-06-14T12:14:06.886+0000] {dag.py:3096} INFO - Sync 1 DAGs
[2024-06-14T12:14:06.904+0000] {logging_mixin.py:188} INFO - [2024-06-14T12:14:06.904+0000] {dag.py:3954} INFO - Setting next_dagrun for example_short_circuit_operator to 2024-06-13 00:00:00+00:00, run_after=2024-06-14 00:00:00+00:00
[2024-06-14T12:14:06.920+0000] {processor.py:183} INFO - Processing /home/airflow/.local/lib/python3.12/site-packages/airflow/example_dags/example_short_circuit_operator.py took 0.067 seconds
[2024-06-14T12:14:37.171+0000] {processor.py:161} INFO - Started process (PID=996) to work on /home/airflow/.local/lib/python3.12/site-packages/airflow/example_dags/example_short_circuit_operator.py
[2024-06-14T12:14:37.172+0000] {processor.py:830} INFO - Processing file /home/airflow/.local/lib/python3.12/site-packages/airflow/example_dags/example_short_circuit_operator.py for tasks to queue
[2024-06-14T12:14:37.174+0000] {logging_mixin.py:188} INFO - [2024-06-14T12:14:37.173+0000] {dagbag.py:545} INFO - Filling up the DagBag from /home/airflow/.local/lib/python3.12/site-packages/airflow/example_dags/example_short_circuit_operator.py
[2024-06-14T12:14:37.178+0000] {processor.py:840} INFO - DAG(s) 'example_short_circuit_operator' retrieved from /home/airflow/.local/lib/python3.12/site-packages/airflow/example_dags/example_short_circuit_operator.py
[2024-06-14T12:14:37.196+0000] {logging_mixin.py:188} INFO - [2024-06-14T12:14:37.195+0000] {dag.py:3096} INFO - Sync 1 DAGs
[2024-06-14T12:14:37.213+0000] {logging_mixin.py:188} INFO - [2024-06-14T12:14:37.213+0000] {dag.py:3954} INFO - Setting next_dagrun for example_short_circuit_operator to 2024-06-13 00:00:00+00:00, run_after=2024-06-14 00:00:00+00:00
[2024-06-14T12:14:37.227+0000] {processor.py:183} INFO - Processing /home/airflow/.local/lib/python3.12/site-packages/airflow/example_dags/example_short_circuit_operator.py took 0.060 seconds
[2024-06-14T12:15:07.502+0000] {processor.py:161} INFO - Started process (PID=1054) to work on /home/airflow/.local/lib/python3.12/site-packages/airflow/example_dags/example_short_circuit_operator.py
[2024-06-14T12:15:07.502+0000] {processor.py:830} INFO - Processing file /home/airflow/.local/lib/python3.12/site-packages/airflow/example_dags/example_short_circuit_operator.py for tasks to queue
[2024-06-14T12:15:07.504+0000] {logging_mixin.py:188} INFO - [2024-06-14T12:15:07.503+0000] {dagbag.py:545} INFO - Filling up the DagBag from /home/airflow/.local/lib/python3.12/site-packages/airflow/example_dags/example_short_circuit_operator.py
[2024-06-14T12:15:07.508+0000] {processor.py:840} INFO - DAG(s) 'example_short_circuit_operator' retrieved from /home/airflow/.local/lib/python3.12/site-packages/airflow/example_dags/example_short_circuit_operator.py
[2024-06-14T12:15:07.524+0000] {logging_mixin.py:188} INFO - [2024-06-14T12:15:07.524+0000] {dag.py:3096} INFO - Sync 1 DAGs
[2024-06-14T12:15:07.539+0000] {logging_mixin.py:188} INFO - [2024-06-14T12:15:07.539+0000] {dag.py:3954} INFO - Setting next_dagrun for example_short_circuit_operator to 2024-06-13 00:00:00+00:00, run_after=2024-06-14 00:00:00+00:00
[2024-06-14T12:15:07.553+0000] {processor.py:183} INFO - Processing /home/airflow/.local/lib/python3.12/site-packages/airflow/example_dags/example_short_circuit_operator.py took 0.056 seconds
[2024-06-14T12:15:37.741+0000] {processor.py:161} INFO - Started process (PID=1112) to work on /home/airflow/.local/lib/python3.12/site-packages/airflow/example_dags/example_short_circuit_operator.py
[2024-06-14T12:15:37.741+0000] {processor.py:830} INFO - Processing file /home/airflow/.local/lib/python3.12/site-packages/airflow/example_dags/example_short_circuit_operator.py for tasks to queue
[2024-06-14T12:15:37.743+0000] {logging_mixin.py:188} INFO - [2024-06-14T12:15:37.743+0000] {dagbag.py:545} INFO - Filling up the DagBag from /home/airflow/.local/lib/python3.12/site-packages/airflow/example_dags/example_short_circuit_operator.py
[2024-06-14T12:15:37.748+0000] {processor.py:840} INFO - DAG(s) 'example_short_circuit_operator' retrieved from /home/airflow/.local/lib/python3.12/site-packages/airflow/example_dags/example_short_circuit_operator.py
[2024-06-14T12:15:37.764+0000] {logging_mixin.py:188} INFO - [2024-06-14T12:15:37.763+0000] {dag.py:3096} INFO - Sync 1 DAGs
[2024-06-14T12:15:37.781+0000] {logging_mixin.py:188} INFO - [2024-06-14T12:15:37.780+0000] {dag.py:3954} INFO - Setting next_dagrun for example_short_circuit_operator to 2024-06-13 00:00:00+00:00, run_after=2024-06-14 00:00:00+00:00
[2024-06-14T12:15:37.797+0000] {processor.py:183} INFO - Processing /home/airflow/.local/lib/python3.12/site-packages/airflow/example_dags/example_short_circuit_operator.py took 0.061 seconds
[2024-06-14T12:16:08.056+0000] {processor.py:161} INFO - Started process (PID=1170) to work on /home/airflow/.local/lib/python3.12/site-packages/airflow/example_dags/example_short_circuit_operator.py
[2024-06-14T12:16:08.057+0000] {processor.py:830} INFO - Processing file /home/airflow/.local/lib/python3.12/site-packages/airflow/example_dags/example_short_circuit_operator.py for tasks to queue
[2024-06-14T12:16:08.058+0000] {logging_mixin.py:188} INFO - [2024-06-14T12:16:08.058+0000] {dagbag.py:545} INFO - Filling up the DagBag from /home/airflow/.local/lib/python3.12/site-packages/airflow/example_dags/example_short_circuit_operator.py
[2024-06-14T12:16:08.064+0000] {processor.py:840} INFO - DAG(s) 'example_short_circuit_operator' retrieved from /home/airflow/.local/lib/python3.12/site-packages/airflow/example_dags/example_short_circuit_operator.py
[2024-06-14T12:16:08.082+0000] {logging_mixin.py:188} INFO - [2024-06-14T12:16:08.082+0000] {dag.py:3096} INFO - Sync 1 DAGs
[2024-06-14T12:16:08.097+0000] {logging_mixin.py:188} INFO - [2024-06-14T12:16:08.097+0000] {dag.py:3954} INFO - Setting next_dagrun for example_short_circuit_operator to 2024-06-13 00:00:00+00:00, run_after=2024-06-14 00:00:00+00:00
[2024-06-14T12:16:08.112+0000] {processor.py:183} INFO - Processing /home/airflow/.local/lib/python3.12/site-packages/airflow/example_dags/example_short_circuit_operator.py took 0.060 seconds
[2024-06-14T12:16:38.396+0000] {processor.py:161} INFO - Started process (PID=1228) to work on /home/airflow/.local/lib/python3.12/site-packages/airflow/example_dags/example_short_circuit_operator.py
[2024-06-14T12:16:38.397+0000] {processor.py:830} INFO - Processing file /home/airflow/.local/lib/python3.12/site-packages/airflow/example_dags/example_short_circuit_operator.py for tasks to queue
[2024-06-14T12:16:38.399+0000] {logging_mixin.py:188} INFO - [2024-06-14T12:16:38.398+0000] {dagbag.py:545} INFO - Filling up the DagBag from /home/airflow/.local/lib/python3.12/site-packages/airflow/example_dags/example_short_circuit_operator.py
[2024-06-14T12:16:38.404+0000] {processor.py:840} INFO - DAG(s) 'example_short_circuit_operator' retrieved from /home/airflow/.local/lib/python3.12/site-packages/airflow/example_dags/example_short_circuit_operator.py
[2024-06-14T12:16:38.424+0000] {logging_mixin.py:188} INFO - [2024-06-14T12:16:38.424+0000] {dag.py:3096} INFO - Sync 1 DAGs
[2024-06-14T12:16:38.442+0000] {logging_mixin.py:188} INFO - [2024-06-14T12:16:38.441+0000] {dag.py:3954} INFO - Setting next_dagrun for example_short_circuit_operator to 2024-06-13 00:00:00+00:00, run_after=2024-06-14 00:00:00+00:00
[2024-06-14T12:16:38.455+0000] {processor.py:183} INFO - Processing /home/airflow/.local/lib/python3.12/site-packages/airflow/example_dags/example_short_circuit_operator.py took 0.064 seconds
[2024-06-14T12:17:08.749+0000] {processor.py:161} INFO - Started process (PID=1286) to work on /home/airflow/.local/lib/python3.12/site-packages/airflow/example_dags/example_short_circuit_operator.py
[2024-06-14T12:17:08.750+0000] {processor.py:830} INFO - Processing file /home/airflow/.local/lib/python3.12/site-packages/airflow/example_dags/example_short_circuit_operator.py for tasks to queue
[2024-06-14T12:17:08.752+0000] {logging_mixin.py:188} INFO - [2024-06-14T12:17:08.752+0000] {dagbag.py:545} INFO - Filling up the DagBag from /home/airflow/.local/lib/python3.12/site-packages/airflow/example_dags/example_short_circuit_operator.py
[2024-06-14T12:17:08.760+0000] {processor.py:840} INFO - DAG(s) 'example_short_circuit_operator' retrieved from /home/airflow/.local/lib/python3.12/site-packages/airflow/example_dags/example_short_circuit_operator.py
[2024-06-14T12:17:08.777+0000] {logging_mixin.py:188} INFO - [2024-06-14T12:17:08.777+0000] {dag.py:3096} INFO - Sync 1 DAGs
[2024-06-14T12:17:08.794+0000] {logging_mixin.py:188} INFO - [2024-06-14T12:17:08.793+0000] {dag.py:3954} INFO - Setting next_dagrun for example_short_circuit_operator to 2024-06-13 00:00:00+00:00, run_after=2024-06-14 00:00:00+00:00
[2024-06-14T12:17:08.811+0000] {processor.py:183} INFO - Processing /home/airflow/.local/lib/python3.12/site-packages/airflow/example_dags/example_short_circuit_operator.py took 0.067 seconds
[2024-06-14T12:17:39.105+0000] {processor.py:161} INFO - Started process (PID=1344) to work on /home/airflow/.local/lib/python3.12/site-packages/airflow/example_dags/example_short_circuit_operator.py
[2024-06-14T12:17:39.106+0000] {processor.py:830} INFO - Processing file /home/airflow/.local/lib/python3.12/site-packages/airflow/example_dags/example_short_circuit_operator.py for tasks to queue
[2024-06-14T12:17:39.108+0000] {logging_mixin.py:188} INFO - [2024-06-14T12:17:39.108+0000] {dagbag.py:545} INFO - Filling up the DagBag from /home/airflow/.local/lib/python3.12/site-packages/airflow/example_dags/example_short_circuit_operator.py
[2024-06-14T12:17:39.114+0000] {processor.py:840} INFO - DAG(s) 'example_short_circuit_operator' retrieved from /home/airflow/.local/lib/python3.12/site-packages/airflow/example_dags/example_short_circuit_operator.py
[2024-06-14T12:17:39.133+0000] {logging_mixin.py:188} INFO - [2024-06-14T12:17:39.133+0000] {dag.py:3096} INFO - Sync 1 DAGs
[2024-06-14T12:17:39.152+0000] {logging_mixin.py:188} INFO - [2024-06-14T12:17:39.152+0000] {dag.py:3954} INFO - Setting next_dagrun for example_short_circuit_operator to 2024-06-13 00:00:00+00:00, run_after=2024-06-14 00:00:00+00:00
[2024-06-14T12:17:39.166+0000] {processor.py:183} INFO - Processing /home/airflow/.local/lib/python3.12/site-packages/airflow/example_dags/example_short_circuit_operator.py took 0.066 seconds
[2024-06-14T12:18:41.678+0000] {processor.py:161} INFO - Started process (PID=55) to work on /home/airflow/.local/lib/python3.12/site-packages/airflow/example_dags/example_short_circuit_operator.py
[2024-06-14T12:18:41.679+0000] {processor.py:830} INFO - Processing file /home/airflow/.local/lib/python3.12/site-packages/airflow/example_dags/example_short_circuit_operator.py for tasks to queue
[2024-06-14T12:18:41.682+0000] {logging_mixin.py:188} INFO - [2024-06-14T12:18:41.681+0000] {dagbag.py:545} INFO - Filling up the DagBag from /home/airflow/.local/lib/python3.12/site-packages/airflow/example_dags/example_short_circuit_operator.py
[2024-06-14T12:18:41.688+0000] {processor.py:840} INFO - DAG(s) 'example_short_circuit_operator' retrieved from /home/airflow/.local/lib/python3.12/site-packages/airflow/example_dags/example_short_circuit_operator.py
[2024-06-14T12:18:41.697+0000] {logging_mixin.py:188} INFO - [2024-06-14T12:18:41.697+0000] {dag.py:3096} INFO - Sync 1 DAGs
[2024-06-14T12:18:41.721+0000] {logging_mixin.py:188} INFO - [2024-06-14T12:18:41.721+0000] {dag.py:3954} INFO - Setting next_dagrun for example_short_circuit_operator to 2024-06-13 00:00:00+00:00, run_after=2024-06-14 00:00:00+00:00
[2024-06-14T12:18:41.740+0000] {processor.py:183} INFO - Processing /home/airflow/.local/lib/python3.12/site-packages/airflow/example_dags/example_short_circuit_operator.py took 0.066 seconds
[2024-06-14T12:19:13.086+0000] {processor.py:161} INFO - Started process (PID=113) to work on /home/airflow/.local/lib/python3.12/site-packages/airflow/example_dags/example_short_circuit_operator.py
[2024-06-14T12:19:13.086+0000] {processor.py:830} INFO - Processing file /home/airflow/.local/lib/python3.12/site-packages/airflow/example_dags/example_short_circuit_operator.py for tasks to queue
[2024-06-14T12:19:13.088+0000] {logging_mixin.py:188} INFO - [2024-06-14T12:19:13.087+0000] {dagbag.py:545} INFO - Filling up the DagBag from /home/airflow/.local/lib/python3.12/site-packages/airflow/example_dags/example_short_circuit_operator.py
[2024-06-14T12:19:13.093+0000] {processor.py:840} INFO - DAG(s) 'example_short_circuit_operator' retrieved from /home/airflow/.local/lib/python3.12/site-packages/airflow/example_dags/example_short_circuit_operator.py
[2024-06-14T12:19:13.169+0000] {logging_mixin.py:188} INFO - [2024-06-14T12:19:13.168+0000] {dag.py:3096} INFO - Sync 1 DAGs
[2024-06-14T12:19:13.184+0000] {logging_mixin.py:188} INFO - [2024-06-14T12:19:13.184+0000] {dag.py:3954} INFO - Setting next_dagrun for example_short_circuit_operator to 2024-06-13 00:00:00+00:00, run_after=2024-06-14 00:00:00+00:00
[2024-06-14T12:19:13.198+0000] {processor.py:183} INFO - Processing /home/airflow/.local/lib/python3.12/site-packages/airflow/example_dags/example_short_circuit_operator.py took 0.116 seconds
[2024-06-14T12:19:43.973+0000] {processor.py:161} INFO - Started process (PID=171) to work on /home/airflow/.local/lib/python3.12/site-packages/airflow/example_dags/example_short_circuit_operator.py
[2024-06-14T12:19:43.974+0000] {processor.py:830} INFO - Processing file /home/airflow/.local/lib/python3.12/site-packages/airflow/example_dags/example_short_circuit_operator.py for tasks to queue
[2024-06-14T12:19:43.976+0000] {logging_mixin.py:188} INFO - [2024-06-14T12:19:43.975+0000] {dagbag.py:545} INFO - Filling up the DagBag from /home/airflow/.local/lib/python3.12/site-packages/airflow/example_dags/example_short_circuit_operator.py
[2024-06-14T12:19:43.981+0000] {processor.py:840} INFO - DAG(s) 'example_short_circuit_operator' retrieved from /home/airflow/.local/lib/python3.12/site-packages/airflow/example_dags/example_short_circuit_operator.py
[2024-06-14T12:19:43.997+0000] {logging_mixin.py:188} INFO - [2024-06-14T12:19:43.996+0000] {dag.py:3096} INFO - Sync 1 DAGs
[2024-06-14T12:19:44.011+0000] {logging_mixin.py:188} INFO - [2024-06-14T12:19:44.011+0000] {dag.py:3954} INFO - Setting next_dagrun for example_short_circuit_operator to 2024-06-13 00:00:00+00:00, run_after=2024-06-14 00:00:00+00:00
[2024-06-14T12:19:44.026+0000] {processor.py:183} INFO - Processing /home/airflow/.local/lib/python3.12/site-packages/airflow/example_dags/example_short_circuit_operator.py took 0.057 seconds
[2024-06-14T12:20:14.418+0000] {processor.py:161} INFO - Started process (PID=229) to work on /home/airflow/.local/lib/python3.12/site-packages/airflow/example_dags/example_short_circuit_operator.py
[2024-06-14T12:20:14.420+0000] {processor.py:830} INFO - Processing file /home/airflow/.local/lib/python3.12/site-packages/airflow/example_dags/example_short_circuit_operator.py for tasks to queue
[2024-06-14T12:20:14.422+0000] {logging_mixin.py:188} INFO - [2024-06-14T12:20:14.422+0000] {dagbag.py:545} INFO - Filling up the DagBag from /home/airflow/.local/lib/python3.12/site-packages/airflow/example_dags/example_short_circuit_operator.py
[2024-06-14T12:20:14.429+0000] {processor.py:840} INFO - DAG(s) 'example_short_circuit_operator' retrieved from /home/airflow/.local/lib/python3.12/site-packages/airflow/example_dags/example_short_circuit_operator.py
[2024-06-14T12:20:14.461+0000] {logging_mixin.py:188} INFO - [2024-06-14T12:20:14.460+0000] {dag.py:3096} INFO - Sync 1 DAGs
[2024-06-14T12:20:14.480+0000] {logging_mixin.py:188} INFO - [2024-06-14T12:20:14.480+0000] {dag.py:3954} INFO - Setting next_dagrun for example_short_circuit_operator to 2024-06-13 00:00:00+00:00, run_after=2024-06-14 00:00:00+00:00
[2024-06-14T12:20:14.501+0000] {processor.py:183} INFO - Processing /home/airflow/.local/lib/python3.12/site-packages/airflow/example_dags/example_short_circuit_operator.py took 0.089 seconds
[2024-06-14T12:20:44.820+0000] {processor.py:161} INFO - Started process (PID=287) to work on /home/airflow/.local/lib/python3.12/site-packages/airflow/example_dags/example_short_circuit_operator.py
[2024-06-14T12:20:44.821+0000] {processor.py:830} INFO - Processing file /home/airflow/.local/lib/python3.12/site-packages/airflow/example_dags/example_short_circuit_operator.py for tasks to queue
[2024-06-14T12:20:44.822+0000] {logging_mixin.py:188} INFO - [2024-06-14T12:20:44.822+0000] {dagbag.py:545} INFO - Filling up the DagBag from /home/airflow/.local/lib/python3.12/site-packages/airflow/example_dags/example_short_circuit_operator.py
[2024-06-14T12:20:44.827+0000] {processor.py:840} INFO - DAG(s) 'example_short_circuit_operator' retrieved from /home/airflow/.local/lib/python3.12/site-packages/airflow/example_dags/example_short_circuit_operator.py
[2024-06-14T12:20:44.846+0000] {logging_mixin.py:188} INFO - [2024-06-14T12:20:44.845+0000] {dag.py:3096} INFO - Sync 1 DAGs
[2024-06-14T12:20:44.863+0000] {logging_mixin.py:188} INFO - [2024-06-14T12:20:44.863+0000] {dag.py:3954} INFO - Setting next_dagrun for example_short_circuit_operator to 2024-06-13 00:00:00+00:00, run_after=2024-06-14 00:00:00+00:00
[2024-06-14T12:20:44.877+0000] {processor.py:183} INFO - Processing /home/airflow/.local/lib/python3.12/site-packages/airflow/example_dags/example_short_circuit_operator.py took 0.061 seconds
[2024-06-14T12:21:15.143+0000] {processor.py:161} INFO - Started process (PID=345) to work on /home/airflow/.local/lib/python3.12/site-packages/airflow/example_dags/example_short_circuit_operator.py
[2024-06-14T12:21:15.144+0000] {processor.py:830} INFO - Processing file /home/airflow/.local/lib/python3.12/site-packages/airflow/example_dags/example_short_circuit_operator.py for tasks to queue
[2024-06-14T12:21:15.145+0000] {logging_mixin.py:188} INFO - [2024-06-14T12:21:15.145+0000] {dagbag.py:545} INFO - Filling up the DagBag from /home/airflow/.local/lib/python3.12/site-packages/airflow/example_dags/example_short_circuit_operator.py
[2024-06-14T12:21:15.151+0000] {processor.py:840} INFO - DAG(s) 'example_short_circuit_operator' retrieved from /home/airflow/.local/lib/python3.12/site-packages/airflow/example_dags/example_short_circuit_operator.py
[2024-06-14T12:21:15.169+0000] {logging_mixin.py:188} INFO - [2024-06-14T12:21:15.169+0000] {dag.py:3096} INFO - Sync 1 DAGs
[2024-06-14T12:21:15.187+0000] {logging_mixin.py:188} INFO - [2024-06-14T12:21:15.187+0000] {dag.py:3954} INFO - Setting next_dagrun for example_short_circuit_operator to 2024-06-13 00:00:00+00:00, run_after=2024-06-14 00:00:00+00:00
[2024-06-14T12:21:15.202+0000] {processor.py:183} INFO - Processing /home/airflow/.local/lib/python3.12/site-packages/airflow/example_dags/example_short_circuit_operator.py took 0.063 seconds
[2024-06-14T12:21:45.435+0000] {processor.py:161} INFO - Started process (PID=403) to work on /home/airflow/.local/lib/python3.12/site-packages/airflow/example_dags/example_short_circuit_operator.py
[2024-06-14T12:21:45.436+0000] {processor.py:830} INFO - Processing file /home/airflow/.local/lib/python3.12/site-packages/airflow/example_dags/example_short_circuit_operator.py for tasks to queue
[2024-06-14T12:21:45.437+0000] {logging_mixin.py:188} INFO - [2024-06-14T12:21:45.437+0000] {dagbag.py:545} INFO - Filling up the DagBag from /home/airflow/.local/lib/python3.12/site-packages/airflow/example_dags/example_short_circuit_operator.py
[2024-06-14T12:21:45.443+0000] {processor.py:840} INFO - DAG(s) 'example_short_circuit_operator' retrieved from /home/airflow/.local/lib/python3.12/site-packages/airflow/example_dags/example_short_circuit_operator.py
[2024-06-14T12:21:45.460+0000] {logging_mixin.py:188} INFO - [2024-06-14T12:21:45.460+0000] {dag.py:3096} INFO - Sync 1 DAGs
[2024-06-14T12:21:45.477+0000] {logging_mixin.py:188} INFO - [2024-06-14T12:21:45.477+0000] {dag.py:3954} INFO - Setting next_dagrun for example_short_circuit_operator to 2024-06-13 00:00:00+00:00, run_after=2024-06-14 00:00:00+00:00
[2024-06-14T12:21:45.494+0000] {processor.py:183} INFO - Processing /home/airflow/.local/lib/python3.12/site-packages/airflow/example_dags/example_short_circuit_operator.py took 0.063 seconds
[2024-06-14T12:22:15.912+0000] {processor.py:161} INFO - Started process (PID=462) to work on /home/airflow/.local/lib/python3.12/site-packages/airflow/example_dags/example_short_circuit_operator.py
[2024-06-14T12:22:15.912+0000] {processor.py:830} INFO - Processing file /home/airflow/.local/lib/python3.12/site-packages/airflow/example_dags/example_short_circuit_operator.py for tasks to queue
[2024-06-14T12:22:15.913+0000] {logging_mixin.py:188} INFO - [2024-06-14T12:22:15.913+0000] {dagbag.py:545} INFO - Filling up the DagBag from /home/airflow/.local/lib/python3.12/site-packages/airflow/example_dags/example_short_circuit_operator.py
[2024-06-14T12:22:15.919+0000] {processor.py:840} INFO - DAG(s) 'example_short_circuit_operator' retrieved from /home/airflow/.local/lib/python3.12/site-packages/airflow/example_dags/example_short_circuit_operator.py
[2024-06-14T12:22:15.935+0000] {logging_mixin.py:188} INFO - [2024-06-14T12:22:15.935+0000] {dag.py:3096} INFO - Sync 1 DAGs
[2024-06-14T12:22:15.951+0000] {logging_mixin.py:188} INFO - [2024-06-14T12:22:15.951+0000] {dag.py:3954} INFO - Setting next_dagrun for example_short_circuit_operator to 2024-06-13 00:00:00+00:00, run_after=2024-06-14 00:00:00+00:00
[2024-06-14T12:22:15.965+0000] {processor.py:183} INFO - Processing /home/airflow/.local/lib/python3.12/site-packages/airflow/example_dags/example_short_circuit_operator.py took 0.057 seconds
[2024-06-14T12:22:46.243+0000] {processor.py:161} INFO - Started process (PID=520) to work on /home/airflow/.local/lib/python3.12/site-packages/airflow/example_dags/example_short_circuit_operator.py
[2024-06-14T12:22:46.243+0000] {processor.py:830} INFO - Processing file /home/airflow/.local/lib/python3.12/site-packages/airflow/example_dags/example_short_circuit_operator.py for tasks to queue
[2024-06-14T12:22:46.245+0000] {logging_mixin.py:188} INFO - [2024-06-14T12:22:46.245+0000] {dagbag.py:545} INFO - Filling up the DagBag from /home/airflow/.local/lib/python3.12/site-packages/airflow/example_dags/example_short_circuit_operator.py
[2024-06-14T12:22:46.250+0000] {processor.py:840} INFO - DAG(s) 'example_short_circuit_operator' retrieved from /home/airflow/.local/lib/python3.12/site-packages/airflow/example_dags/example_short_circuit_operator.py
[2024-06-14T12:22:46.267+0000] {logging_mixin.py:188} INFO - [2024-06-14T12:22:46.267+0000] {dag.py:3096} INFO - Sync 1 DAGs
[2024-06-14T12:22:46.284+0000] {logging_mixin.py:188} INFO - [2024-06-14T12:22:46.284+0000] {dag.py:3954} INFO - Setting next_dagrun for example_short_circuit_operator to 2024-06-13 00:00:00+00:00, run_after=2024-06-14 00:00:00+00:00
[2024-06-14T12:22:46.300+0000] {processor.py:183} INFO - Processing /home/airflow/.local/lib/python3.12/site-packages/airflow/example_dags/example_short_circuit_operator.py took 0.061 seconds
[2024-06-14T12:23:16.613+0000] {processor.py:161} INFO - Started process (PID=578) to work on /home/airflow/.local/lib/python3.12/site-packages/airflow/example_dags/example_short_circuit_operator.py
[2024-06-14T12:23:16.613+0000] {processor.py:830} INFO - Processing file /home/airflow/.local/lib/python3.12/site-packages/airflow/example_dags/example_short_circuit_operator.py for tasks to queue
[2024-06-14T12:23:16.615+0000] {logging_mixin.py:188} INFO - [2024-06-14T12:23:16.615+0000] {dagbag.py:545} INFO - Filling up the DagBag from /home/airflow/.local/lib/python3.12/site-packages/airflow/example_dags/example_short_circuit_operator.py
[2024-06-14T12:23:16.620+0000] {processor.py:840} INFO - DAG(s) 'example_short_circuit_operator' retrieved from /home/airflow/.local/lib/python3.12/site-packages/airflow/example_dags/example_short_circuit_operator.py
[2024-06-14T12:23:16.635+0000] {logging_mixin.py:188} INFO - [2024-06-14T12:23:16.635+0000] {dag.py:3096} INFO - Sync 1 DAGs
[2024-06-14T12:23:16.650+0000] {logging_mixin.py:188} INFO - [2024-06-14T12:23:16.650+0000] {dag.py:3954} INFO - Setting next_dagrun for example_short_circuit_operator to 2024-06-13 00:00:00+00:00, run_after=2024-06-14 00:00:00+00:00
[2024-06-14T12:23:16.664+0000] {processor.py:183} INFO - Processing /home/airflow/.local/lib/python3.12/site-packages/airflow/example_dags/example_short_circuit_operator.py took 0.056 seconds
[2024-06-14T12:23:47.083+0000] {processor.py:161} INFO - Started process (PID=636) to work on /home/airflow/.local/lib/python3.12/site-packages/airflow/example_dags/example_short_circuit_operator.py
[2024-06-14T12:23:47.084+0000] {processor.py:830} INFO - Processing file /home/airflow/.local/lib/python3.12/site-packages/airflow/example_dags/example_short_circuit_operator.py for tasks to queue
[2024-06-14T12:23:47.086+0000] {logging_mixin.py:188} INFO - [2024-06-14T12:23:47.086+0000] {dagbag.py:545} INFO - Filling up the DagBag from /home/airflow/.local/lib/python3.12/site-packages/airflow/example_dags/example_short_circuit_operator.py
[2024-06-14T12:23:47.091+0000] {processor.py:840} INFO - DAG(s) 'example_short_circuit_operator' retrieved from /home/airflow/.local/lib/python3.12/site-packages/airflow/example_dags/example_short_circuit_operator.py
[2024-06-14T12:23:47.108+0000] {logging_mixin.py:188} INFO - [2024-06-14T12:23:47.107+0000] {dag.py:3096} INFO - Sync 1 DAGs
[2024-06-14T12:23:47.125+0000] {logging_mixin.py:188} INFO - [2024-06-14T12:23:47.125+0000] {dag.py:3954} INFO - Setting next_dagrun for example_short_circuit_operator to 2024-06-13 00:00:00+00:00, run_after=2024-06-14 00:00:00+00:00
[2024-06-14T12:23:47.143+0000] {processor.py:183} INFO - Processing /home/airflow/.local/lib/python3.12/site-packages/airflow/example_dags/example_short_circuit_operator.py took 0.064 seconds
[2024-06-14T12:24:17.338+0000] {processor.py:161} INFO - Started process (PID=695) to work on /home/airflow/.local/lib/python3.12/site-packages/airflow/example_dags/example_short_circuit_operator.py
[2024-06-14T12:24:17.339+0000] {processor.py:830} INFO - Processing file /home/airflow/.local/lib/python3.12/site-packages/airflow/example_dags/example_short_circuit_operator.py for tasks to queue
[2024-06-14T12:24:17.340+0000] {logging_mixin.py:188} INFO - [2024-06-14T12:24:17.340+0000] {dagbag.py:545} INFO - Filling up the DagBag from /home/airflow/.local/lib/python3.12/site-packages/airflow/example_dags/example_short_circuit_operator.py
[2024-06-14T12:24:17.346+0000] {processor.py:840} INFO - DAG(s) 'example_short_circuit_operator' retrieved from /home/airflow/.local/lib/python3.12/site-packages/airflow/example_dags/example_short_circuit_operator.py
[2024-06-14T12:24:17.365+0000] {logging_mixin.py:188} INFO - [2024-06-14T12:24:17.365+0000] {dag.py:3096} INFO - Sync 1 DAGs
[2024-06-14T12:24:17.381+0000] {logging_mixin.py:188} INFO - [2024-06-14T12:24:17.381+0000] {dag.py:3954} INFO - Setting next_dagrun for example_short_circuit_operator to 2024-06-13 00:00:00+00:00, run_after=2024-06-14 00:00:00+00:00
[2024-06-14T12:24:17.397+0000] {processor.py:183} INFO - Processing /home/airflow/.local/lib/python3.12/site-packages/airflow/example_dags/example_short_circuit_operator.py took 0.064 seconds
[2024-06-14T12:24:47.674+0000] {processor.py:161} INFO - Started process (PID=753) to work on /home/airflow/.local/lib/python3.12/site-packages/airflow/example_dags/example_short_circuit_operator.py
[2024-06-14T12:24:47.675+0000] {processor.py:830} INFO - Processing file /home/airflow/.local/lib/python3.12/site-packages/airflow/example_dags/example_short_circuit_operator.py for tasks to queue
[2024-06-14T12:24:47.676+0000] {logging_mixin.py:188} INFO - [2024-06-14T12:24:47.676+0000] {dagbag.py:545} INFO - Filling up the DagBag from /home/airflow/.local/lib/python3.12/site-packages/airflow/example_dags/example_short_circuit_operator.py
[2024-06-14T12:24:47.681+0000] {processor.py:840} INFO - DAG(s) 'example_short_circuit_operator' retrieved from /home/airflow/.local/lib/python3.12/site-packages/airflow/example_dags/example_short_circuit_operator.py
[2024-06-14T12:24:47.697+0000] {logging_mixin.py:188} INFO - [2024-06-14T12:24:47.697+0000] {dag.py:3096} INFO - Sync 1 DAGs
[2024-06-14T12:24:47.716+0000] {logging_mixin.py:188} INFO - [2024-06-14T12:24:47.716+0000] {dag.py:3954} INFO - Setting next_dagrun for example_short_circuit_operator to 2024-06-13 00:00:00+00:00, run_after=2024-06-14 00:00:00+00:00
[2024-06-14T12:24:47.731+0000] {processor.py:183} INFO - Processing /home/airflow/.local/lib/python3.12/site-packages/airflow/example_dags/example_short_circuit_operator.py took 0.061 seconds
[2024-06-14T12:25:18.107+0000] {processor.py:161} INFO - Started process (PID=811) to work on /home/airflow/.local/lib/python3.12/site-packages/airflow/example_dags/example_short_circuit_operator.py
[2024-06-14T12:25:18.107+0000] {processor.py:830} INFO - Processing file /home/airflow/.local/lib/python3.12/site-packages/airflow/example_dags/example_short_circuit_operator.py for tasks to queue
[2024-06-14T12:25:18.109+0000] {logging_mixin.py:188} INFO - [2024-06-14T12:25:18.108+0000] {dagbag.py:545} INFO - Filling up the DagBag from /home/airflow/.local/lib/python3.12/site-packages/airflow/example_dags/example_short_circuit_operator.py
[2024-06-14T12:25:18.114+0000] {processor.py:840} INFO - DAG(s) 'example_short_circuit_operator' retrieved from /home/airflow/.local/lib/python3.12/site-packages/airflow/example_dags/example_short_circuit_operator.py
[2024-06-14T12:25:18.128+0000] {logging_mixin.py:188} INFO - [2024-06-14T12:25:18.128+0000] {dag.py:3096} INFO - Sync 1 DAGs
[2024-06-14T12:25:18.143+0000] {logging_mixin.py:188} INFO - [2024-06-14T12:25:18.143+0000] {dag.py:3954} INFO - Setting next_dagrun for example_short_circuit_operator to 2024-06-13 00:00:00+00:00, run_after=2024-06-14 00:00:00+00:00
[2024-06-14T12:25:18.157+0000] {processor.py:183} INFO - Processing /home/airflow/.local/lib/python3.12/site-packages/airflow/example_dags/example_short_circuit_operator.py took 0.053 seconds
[2024-06-14T12:25:48.403+0000] {processor.py:161} INFO - Started process (PID=869) to work on /home/airflow/.local/lib/python3.12/site-packages/airflow/example_dags/example_short_circuit_operator.py
[2024-06-14T12:25:48.404+0000] {processor.py:830} INFO - Processing file /home/airflow/.local/lib/python3.12/site-packages/airflow/example_dags/example_short_circuit_operator.py for tasks to queue
[2024-06-14T12:25:48.405+0000] {logging_mixin.py:188} INFO - [2024-06-14T12:25:48.405+0000] {dagbag.py:545} INFO - Filling up the DagBag from /home/airflow/.local/lib/python3.12/site-packages/airflow/example_dags/example_short_circuit_operator.py
[2024-06-14T12:25:48.411+0000] {processor.py:840} INFO - DAG(s) 'example_short_circuit_operator' retrieved from /home/airflow/.local/lib/python3.12/site-packages/airflow/example_dags/example_short_circuit_operator.py
[2024-06-14T12:25:48.429+0000] {logging_mixin.py:188} INFO - [2024-06-14T12:25:48.429+0000] {dag.py:3096} INFO - Sync 1 DAGs
[2024-06-14T12:25:48.445+0000] {logging_mixin.py:188} INFO - [2024-06-14T12:25:48.445+0000] {dag.py:3954} INFO - Setting next_dagrun for example_short_circuit_operator to 2024-06-13 00:00:00+00:00, run_after=2024-06-14 00:00:00+00:00
[2024-06-14T12:25:48.463+0000] {processor.py:183} INFO - Processing /home/airflow/.local/lib/python3.12/site-packages/airflow/example_dags/example_short_circuit_operator.py took 0.064 seconds
[2024-06-14T12:26:18.773+0000] {processor.py:161} INFO - Started process (PID=927) to work on /home/airflow/.local/lib/python3.12/site-packages/airflow/example_dags/example_short_circuit_operator.py
[2024-06-14T12:26:18.774+0000] {processor.py:830} INFO - Processing file /home/airflow/.local/lib/python3.12/site-packages/airflow/example_dags/example_short_circuit_operator.py for tasks to queue
[2024-06-14T12:26:18.775+0000] {logging_mixin.py:188} INFO - [2024-06-14T12:26:18.775+0000] {dagbag.py:545} INFO - Filling up the DagBag from /home/airflow/.local/lib/python3.12/site-packages/airflow/example_dags/example_short_circuit_operator.py
[2024-06-14T12:26:18.781+0000] {processor.py:840} INFO - DAG(s) 'example_short_circuit_operator' retrieved from /home/airflow/.local/lib/python3.12/site-packages/airflow/example_dags/example_short_circuit_operator.py
[2024-06-14T12:26:18.797+0000] {logging_mixin.py:188} INFO - [2024-06-14T12:26:18.797+0000] {dag.py:3096} INFO - Sync 1 DAGs
[2024-06-14T12:26:18.812+0000] {logging_mixin.py:188} INFO - [2024-06-14T12:26:18.812+0000] {dag.py:3954} INFO - Setting next_dagrun for example_short_circuit_operator to 2024-06-13 00:00:00+00:00, run_after=2024-06-14 00:00:00+00:00
[2024-06-14T12:26:18.827+0000] {processor.py:183} INFO - Processing /home/airflow/.local/lib/python3.12/site-packages/airflow/example_dags/example_short_circuit_operator.py took 0.059 seconds
[2024-06-14T12:26:49.151+0000] {processor.py:161} INFO - Started process (PID=985) to work on /home/airflow/.local/lib/python3.12/site-packages/airflow/example_dags/example_short_circuit_operator.py
[2024-06-14T12:26:49.152+0000] {processor.py:830} INFO - Processing file /home/airflow/.local/lib/python3.12/site-packages/airflow/example_dags/example_short_circuit_operator.py for tasks to queue
[2024-06-14T12:26:49.154+0000] {logging_mixin.py:188} INFO - [2024-06-14T12:26:49.153+0000] {dagbag.py:545} INFO - Filling up the DagBag from /home/airflow/.local/lib/python3.12/site-packages/airflow/example_dags/example_short_circuit_operator.py
[2024-06-14T12:26:49.159+0000] {processor.py:840} INFO - DAG(s) 'example_short_circuit_operator' retrieved from /home/airflow/.local/lib/python3.12/site-packages/airflow/example_dags/example_short_circuit_operator.py
[2024-06-14T12:26:49.179+0000] {logging_mixin.py:188} INFO - [2024-06-14T12:26:49.178+0000] {dag.py:3096} INFO - Sync 1 DAGs
[2024-06-14T12:26:49.198+0000] {logging_mixin.py:188} INFO - [2024-06-14T12:26:49.198+0000] {dag.py:3954} INFO - Setting next_dagrun for example_short_circuit_operator to 2024-06-13 00:00:00+00:00, run_after=2024-06-14 00:00:00+00:00
[2024-06-14T12:26:49.213+0000] {processor.py:183} INFO - Processing /home/airflow/.local/lib/python3.12/site-packages/airflow/example_dags/example_short_circuit_operator.py took 0.066 seconds
[2024-06-14T12:27:19.359+0000] {processor.py:161} INFO - Started process (PID=1043) to work on /home/airflow/.local/lib/python3.12/site-packages/airflow/example_dags/example_short_circuit_operator.py
[2024-06-14T12:27:19.360+0000] {processor.py:830} INFO - Processing file /home/airflow/.local/lib/python3.12/site-packages/airflow/example_dags/example_short_circuit_operator.py for tasks to queue
[2024-06-14T12:27:19.361+0000] {logging_mixin.py:188} INFO - [2024-06-14T12:27:19.361+0000] {dagbag.py:545} INFO - Filling up the DagBag from /home/airflow/.local/lib/python3.12/site-packages/airflow/example_dags/example_short_circuit_operator.py
[2024-06-14T12:27:19.368+0000] {processor.py:840} INFO - DAG(s) 'example_short_circuit_operator' retrieved from /home/airflow/.local/lib/python3.12/site-packages/airflow/example_dags/example_short_circuit_operator.py
[2024-06-14T12:27:19.386+0000] {logging_mixin.py:188} INFO - [2024-06-14T12:27:19.386+0000] {dag.py:3096} INFO - Sync 1 DAGs
[2024-06-14T12:27:19.404+0000] {logging_mixin.py:188} INFO - [2024-06-14T12:27:19.403+0000] {dag.py:3954} INFO - Setting next_dagrun for example_short_circuit_operator to 2024-06-13 00:00:00+00:00, run_after=2024-06-14 00:00:00+00:00
[2024-06-14T12:27:19.419+0000] {processor.py:183} INFO - Processing /home/airflow/.local/lib/python3.12/site-packages/airflow/example_dags/example_short_circuit_operator.py took 0.065 seconds
[2024-06-14T12:27:49.490+0000] {processor.py:161} INFO - Started process (PID=1101) to work on /home/airflow/.local/lib/python3.12/site-packages/airflow/example_dags/example_short_circuit_operator.py
[2024-06-14T12:27:49.491+0000] {processor.py:830} INFO - Processing file /home/airflow/.local/lib/python3.12/site-packages/airflow/example_dags/example_short_circuit_operator.py for tasks to queue
[2024-06-14T12:27:49.492+0000] {logging_mixin.py:188} INFO - [2024-06-14T12:27:49.492+0000] {dagbag.py:545} INFO - Filling up the DagBag from /home/airflow/.local/lib/python3.12/site-packages/airflow/example_dags/example_short_circuit_operator.py
[2024-06-14T12:27:49.497+0000] {processor.py:840} INFO - DAG(s) 'example_short_circuit_operator' retrieved from /home/airflow/.local/lib/python3.12/site-packages/airflow/example_dags/example_short_circuit_operator.py
[2024-06-14T12:27:49.516+0000] {logging_mixin.py:188} INFO - [2024-06-14T12:27:49.515+0000] {dag.py:3096} INFO - Sync 1 DAGs
[2024-06-14T12:27:49.533+0000] {logging_mixin.py:188} INFO - [2024-06-14T12:27:49.532+0000] {dag.py:3954} INFO - Setting next_dagrun for example_short_circuit_operator to 2024-06-13 00:00:00+00:00, run_after=2024-06-14 00:00:00+00:00
[2024-06-14T12:27:49.548+0000] {processor.py:183} INFO - Processing /home/airflow/.local/lib/python3.12/site-packages/airflow/example_dags/example_short_circuit_operator.py took 0.061 seconds
[2024-06-14T12:28:19.617+0000] {processor.py:161} INFO - Started process (PID=1158) to work on /home/airflow/.local/lib/python3.12/site-packages/airflow/example_dags/example_short_circuit_operator.py
[2024-06-14T12:28:19.617+0000] {processor.py:830} INFO - Processing file /home/airflow/.local/lib/python3.12/site-packages/airflow/example_dags/example_short_circuit_operator.py for tasks to queue
[2024-06-14T12:28:19.619+0000] {logging_mixin.py:188} INFO - [2024-06-14T12:28:19.618+0000] {dagbag.py:545} INFO - Filling up the DagBag from /home/airflow/.local/lib/python3.12/site-packages/airflow/example_dags/example_short_circuit_operator.py
[2024-06-14T12:28:19.623+0000] {processor.py:840} INFO - DAG(s) 'example_short_circuit_operator' retrieved from /home/airflow/.local/lib/python3.12/site-packages/airflow/example_dags/example_short_circuit_operator.py
[2024-06-14T12:28:19.641+0000] {logging_mixin.py:188} INFO - [2024-06-14T12:28:19.641+0000] {dag.py:3096} INFO - Sync 1 DAGs
[2024-06-14T12:28:19.657+0000] {logging_mixin.py:188} INFO - [2024-06-14T12:28:19.656+0000] {dag.py:3954} INFO - Setting next_dagrun for example_short_circuit_operator to 2024-06-13 00:00:00+00:00, run_after=2024-06-14 00:00:00+00:00
[2024-06-14T12:28:19.671+0000] {processor.py:183} INFO - Processing /home/airflow/.local/lib/python3.12/site-packages/airflow/example_dags/example_short_circuit_operator.py took 0.058 seconds
[2024-06-14T12:28:49.965+0000] {processor.py:161} INFO - Started process (PID=1216) to work on /home/airflow/.local/lib/python3.12/site-packages/airflow/example_dags/example_short_circuit_operator.py
[2024-06-14T12:28:49.965+0000] {processor.py:830} INFO - Processing file /home/airflow/.local/lib/python3.12/site-packages/airflow/example_dags/example_short_circuit_operator.py for tasks to queue
[2024-06-14T12:28:49.967+0000] {logging_mixin.py:188} INFO - [2024-06-14T12:28:49.966+0000] {dagbag.py:545} INFO - Filling up the DagBag from /home/airflow/.local/lib/python3.12/site-packages/airflow/example_dags/example_short_circuit_operator.py
[2024-06-14T12:28:49.971+0000] {processor.py:840} INFO - DAG(s) 'example_short_circuit_operator' retrieved from /home/airflow/.local/lib/python3.12/site-packages/airflow/example_dags/example_short_circuit_operator.py
[2024-06-14T12:28:49.988+0000] {logging_mixin.py:188} INFO - [2024-06-14T12:28:49.988+0000] {dag.py:3096} INFO - Sync 1 DAGs
[2024-06-14T12:28:50.004+0000] {logging_mixin.py:188} INFO - [2024-06-14T12:28:50.004+0000] {dag.py:3954} INFO - Setting next_dagrun for example_short_circuit_operator to 2024-06-13 00:00:00+00:00, run_after=2024-06-14 00:00:00+00:00
[2024-06-14T12:28:50.017+0000] {processor.py:183} INFO - Processing /home/airflow/.local/lib/python3.12/site-packages/airflow/example_dags/example_short_circuit_operator.py took 0.056 seconds
[2024-06-14T12:29:20.148+0000] {processor.py:161} INFO - Started process (PID=1274) to work on /home/airflow/.local/lib/python3.12/site-packages/airflow/example_dags/example_short_circuit_operator.py
[2024-06-14T12:29:20.149+0000] {processor.py:830} INFO - Processing file /home/airflow/.local/lib/python3.12/site-packages/airflow/example_dags/example_short_circuit_operator.py for tasks to queue
[2024-06-14T12:29:20.150+0000] {logging_mixin.py:188} INFO - [2024-06-14T12:29:20.150+0000] {dagbag.py:545} INFO - Filling up the DagBag from /home/airflow/.local/lib/python3.12/site-packages/airflow/example_dags/example_short_circuit_operator.py
[2024-06-14T12:29:20.155+0000] {processor.py:840} INFO - DAG(s) 'example_short_circuit_operator' retrieved from /home/airflow/.local/lib/python3.12/site-packages/airflow/example_dags/example_short_circuit_operator.py
[2024-06-14T12:29:20.172+0000] {logging_mixin.py:188} INFO - [2024-06-14T12:29:20.172+0000] {dag.py:3096} INFO - Sync 1 DAGs
[2024-06-14T12:29:20.188+0000] {logging_mixin.py:188} INFO - [2024-06-14T12:29:20.188+0000] {dag.py:3954} INFO - Setting next_dagrun for example_short_circuit_operator to 2024-06-13 00:00:00+00:00, run_after=2024-06-14 00:00:00+00:00
[2024-06-14T12:29:20.201+0000] {processor.py:183} INFO - Processing /home/airflow/.local/lib/python3.12/site-packages/airflow/example_dags/example_short_circuit_operator.py took 0.057 seconds
[2024-06-14T12:29:50.564+0000] {processor.py:161} INFO - Started process (PID=1332) to work on /home/airflow/.local/lib/python3.12/site-packages/airflow/example_dags/example_short_circuit_operator.py
[2024-06-14T12:29:50.565+0000] {processor.py:830} INFO - Processing file /home/airflow/.local/lib/python3.12/site-packages/airflow/example_dags/example_short_circuit_operator.py for tasks to queue
[2024-06-14T12:29:50.566+0000] {logging_mixin.py:188} INFO - [2024-06-14T12:29:50.566+0000] {dagbag.py:545} INFO - Filling up the DagBag from /home/airflow/.local/lib/python3.12/site-packages/airflow/example_dags/example_short_circuit_operator.py
[2024-06-14T12:29:50.571+0000] {processor.py:840} INFO - DAG(s) 'example_short_circuit_operator' retrieved from /home/airflow/.local/lib/python3.12/site-packages/airflow/example_dags/example_short_circuit_operator.py
[2024-06-14T12:29:50.588+0000] {logging_mixin.py:188} INFO - [2024-06-14T12:29:50.588+0000] {dag.py:3096} INFO - Sync 1 DAGs
[2024-06-14T12:29:50.603+0000] {logging_mixin.py:188} INFO - [2024-06-14T12:29:50.602+0000] {dag.py:3954} INFO - Setting next_dagrun for example_short_circuit_operator to 2024-06-13 00:00:00+00:00, run_after=2024-06-14 00:00:00+00:00
[2024-06-14T12:29:50.615+0000] {processor.py:183} INFO - Processing /home/airflow/.local/lib/python3.12/site-packages/airflow/example_dags/example_short_circuit_operator.py took 0.055 seconds
[2024-06-14T12:30:20.935+0000] {processor.py:161} INFO - Started process (PID=1390) to work on /home/airflow/.local/lib/python3.12/site-packages/airflow/example_dags/example_short_circuit_operator.py
[2024-06-14T12:30:20.936+0000] {processor.py:830} INFO - Processing file /home/airflow/.local/lib/python3.12/site-packages/airflow/example_dags/example_short_circuit_operator.py for tasks to queue
[2024-06-14T12:30:20.937+0000] {logging_mixin.py:188} INFO - [2024-06-14T12:30:20.936+0000] {dagbag.py:545} INFO - Filling up the DagBag from /home/airflow/.local/lib/python3.12/site-packages/airflow/example_dags/example_short_circuit_operator.py
[2024-06-14T12:30:20.941+0000] {processor.py:840} INFO - DAG(s) 'example_short_circuit_operator' retrieved from /home/airflow/.local/lib/python3.12/site-packages/airflow/example_dags/example_short_circuit_operator.py
[2024-06-14T12:30:20.958+0000] {logging_mixin.py:188} INFO - [2024-06-14T12:30:20.958+0000] {dag.py:3096} INFO - Sync 1 DAGs
[2024-06-14T12:30:20.973+0000] {logging_mixin.py:188} INFO - [2024-06-14T12:30:20.973+0000] {dag.py:3954} INFO - Setting next_dagrun for example_short_circuit_operator to 2024-06-13 00:00:00+00:00, run_after=2024-06-14 00:00:00+00:00
[2024-06-14T12:30:20.987+0000] {processor.py:183} INFO - Processing /home/airflow/.local/lib/python3.12/site-packages/airflow/example_dags/example_short_circuit_operator.py took 0.056 seconds
[2024-06-14T12:30:51.285+0000] {processor.py:161} INFO - Started process (PID=1448) to work on /home/airflow/.local/lib/python3.12/site-packages/airflow/example_dags/example_short_circuit_operator.py
[2024-06-14T12:30:51.286+0000] {processor.py:830} INFO - Processing file /home/airflow/.local/lib/python3.12/site-packages/airflow/example_dags/example_short_circuit_operator.py for tasks to queue
[2024-06-14T12:30:51.287+0000] {logging_mixin.py:188} INFO - [2024-06-14T12:30:51.287+0000] {dagbag.py:545} INFO - Filling up the DagBag from /home/airflow/.local/lib/python3.12/site-packages/airflow/example_dags/example_short_circuit_operator.py
[2024-06-14T12:30:51.292+0000] {processor.py:840} INFO - DAG(s) 'example_short_circuit_operator' retrieved from /home/airflow/.local/lib/python3.12/site-packages/airflow/example_dags/example_short_circuit_operator.py
[2024-06-14T12:30:51.309+0000] {logging_mixin.py:188} INFO - [2024-06-14T12:30:51.308+0000] {dag.py:3096} INFO - Sync 1 DAGs
[2024-06-14T12:30:51.325+0000] {logging_mixin.py:188} INFO - [2024-06-14T12:30:51.325+0000] {dag.py:3954} INFO - Setting next_dagrun for example_short_circuit_operator to 2024-06-13 00:00:00+00:00, run_after=2024-06-14 00:00:00+00:00
[2024-06-14T12:30:51.340+0000] {processor.py:183} INFO - Processing /home/airflow/.local/lib/python3.12/site-packages/airflow/example_dags/example_short_circuit_operator.py took 0.059 seconds
