[2024-06-14T12:06:30.382+0000] {processor.py:161} INFO - Started process (PID=44) to work on /home/airflow/.local/lib/python3.12/site-packages/airflow/example_dags/example_complex.py
[2024-06-14T12:06:30.383+0000] {processor.py:830} INFO - Processing file /home/airflow/.local/lib/python3.12/site-packages/airflow/example_dags/example_complex.py for tasks to queue
[2024-06-14T12:06:30.385+0000] {logging_mixin.py:188} INFO - [2024-06-14T12:06:30.384+0000] {dagbag.py:545} INFO - Filling up the DagBag from /home/airflow/.local/lib/python3.12/site-packages/airflow/example_dags/example_complex.py
[2024-06-14T12:06:30.394+0000] {processor.py:840} INFO - DAG(s) 'example_complex' retrieved from /home/airflow/.local/lib/python3.12/site-packages/airflow/example_dags/example_complex.py
[2024-06-14T12:06:30.405+0000] {logging_mixin.py:188} INFO - [2024-06-14T12:06:30.405+0000] {dag.py:3096} INFO - Sync 1 DAGs
[2024-06-14T12:06:30.420+0000] {logging_mixin.py:188} INFO - [2024-06-14T12:06:30.420+0000] {dag.py:3954} INFO - Setting next_dagrun for example_complex to None, run_after=None
[2024-06-14T12:06:30.442+0000] {processor.py:183} INFO - Processing /home/airflow/.local/lib/python3.12/site-packages/airflow/example_dags/example_complex.py took 0.065 seconds
[2024-06-14T12:07:01.534+0000] {processor.py:161} INFO - Started process (PID=102) to work on /home/airflow/.local/lib/python3.12/site-packages/airflow/example_dags/example_complex.py
[2024-06-14T12:07:01.535+0000] {processor.py:830} INFO - Processing file /home/airflow/.local/lib/python3.12/site-packages/airflow/example_dags/example_complex.py for tasks to queue
[2024-06-14T12:07:01.536+0000] {logging_mixin.py:188} INFO - [2024-06-14T12:07:01.536+0000] {dagbag.py:545} INFO - Filling up the DagBag from /home/airflow/.local/lib/python3.12/site-packages/airflow/example_dags/example_complex.py
[2024-06-14T12:07:01.544+0000] {processor.py:840} INFO - DAG(s) 'example_complex' retrieved from /home/airflow/.local/lib/python3.12/site-packages/airflow/example_dags/example_complex.py
[2024-06-14T12:07:01.639+0000] {logging_mixin.py:188} INFO - [2024-06-14T12:07:01.639+0000] {dag.py:3096} INFO - Sync 1 DAGs
[2024-06-14T12:07:01.647+0000] {logging_mixin.py:188} INFO - [2024-06-14T12:07:01.647+0000] {dag.py:3954} INFO - Setting next_dagrun for example_complex to None, run_after=None
[2024-06-14T12:07:01.661+0000] {processor.py:183} INFO - Processing /home/airflow/.local/lib/python3.12/site-packages/airflow/example_dags/example_complex.py took 0.131 seconds
[2024-06-14T12:07:32.232+0000] {processor.py:161} INFO - Started process (PID=160) to work on /home/airflow/.local/lib/python3.12/site-packages/airflow/example_dags/example_complex.py
[2024-06-14T12:07:32.233+0000] {processor.py:830} INFO - Processing file /home/airflow/.local/lib/python3.12/site-packages/airflow/example_dags/example_complex.py for tasks to queue
[2024-06-14T12:07:32.235+0000] {logging_mixin.py:188} INFO - [2024-06-14T12:07:32.234+0000] {dagbag.py:545} INFO - Filling up the DagBag from /home/airflow/.local/lib/python3.12/site-packages/airflow/example_dags/example_complex.py
[2024-06-14T12:07:32.243+0000] {processor.py:840} INFO - DAG(s) 'example_complex' retrieved from /home/airflow/.local/lib/python3.12/site-packages/airflow/example_dags/example_complex.py
[2024-06-14T12:07:32.271+0000] {logging_mixin.py:188} INFO - [2024-06-14T12:07:32.271+0000] {dag.py:3096} INFO - Sync 1 DAGs
[2024-06-14T12:07:32.282+0000] {logging_mixin.py:188} INFO - [2024-06-14T12:07:32.281+0000] {dag.py:3954} INFO - Setting next_dagrun for example_complex to None, run_after=None
[2024-06-14T12:07:32.299+0000] {processor.py:183} INFO - Processing /home/airflow/.local/lib/python3.12/site-packages/airflow/example_dags/example_complex.py took 0.070 seconds
[2024-06-14T12:08:02.427+0000] {processor.py:161} INFO - Started process (PID=218) to work on /home/airflow/.local/lib/python3.12/site-packages/airflow/example_dags/example_complex.py
[2024-06-14T12:08:02.428+0000] {processor.py:830} INFO - Processing file /home/airflow/.local/lib/python3.12/site-packages/airflow/example_dags/example_complex.py for tasks to queue
[2024-06-14T12:08:02.429+0000] {logging_mixin.py:188} INFO - [2024-06-14T12:08:02.429+0000] {dagbag.py:545} INFO - Filling up the DagBag from /home/airflow/.local/lib/python3.12/site-packages/airflow/example_dags/example_complex.py
[2024-06-14T12:08:02.436+0000] {processor.py:840} INFO - DAG(s) 'example_complex' retrieved from /home/airflow/.local/lib/python3.12/site-packages/airflow/example_dags/example_complex.py
[2024-06-14T12:08:02.461+0000] {logging_mixin.py:188} INFO - [2024-06-14T12:08:02.461+0000] {dag.py:3096} INFO - Sync 1 DAGs
[2024-06-14T12:08:02.471+0000] {logging_mixin.py:188} INFO - [2024-06-14T12:08:02.470+0000] {dag.py:3954} INFO - Setting next_dagrun for example_complex to None, run_after=None
[2024-06-14T12:08:02.486+0000] {processor.py:183} INFO - Processing /home/airflow/.local/lib/python3.12/site-packages/airflow/example_dags/example_complex.py took 0.062 seconds
[2024-06-14T12:08:32.607+0000] {processor.py:161} INFO - Started process (PID=276) to work on /home/airflow/.local/lib/python3.12/site-packages/airflow/example_dags/example_complex.py
[2024-06-14T12:08:32.608+0000] {processor.py:830} INFO - Processing file /home/airflow/.local/lib/python3.12/site-packages/airflow/example_dags/example_complex.py for tasks to queue
[2024-06-14T12:08:32.610+0000] {logging_mixin.py:188} INFO - [2024-06-14T12:08:32.609+0000] {dagbag.py:545} INFO - Filling up the DagBag from /home/airflow/.local/lib/python3.12/site-packages/airflow/example_dags/example_complex.py
[2024-06-14T12:08:32.619+0000] {processor.py:840} INFO - DAG(s) 'example_complex' retrieved from /home/airflow/.local/lib/python3.12/site-packages/airflow/example_dags/example_complex.py
[2024-06-14T12:08:32.647+0000] {logging_mixin.py:188} INFO - [2024-06-14T12:08:32.647+0000] {dag.py:3096} INFO - Sync 1 DAGs
[2024-06-14T12:08:32.659+0000] {logging_mixin.py:188} INFO - [2024-06-14T12:08:32.658+0000] {dag.py:3954} INFO - Setting next_dagrun for example_complex to None, run_after=None
[2024-06-14T12:08:32.673+0000] {processor.py:183} INFO - Processing /home/airflow/.local/lib/python3.12/site-packages/airflow/example_dags/example_complex.py took 0.072 seconds
[2024-06-14T12:09:02.857+0000] {processor.py:161} INFO - Started process (PID=334) to work on /home/airflow/.local/lib/python3.12/site-packages/airflow/example_dags/example_complex.py
[2024-06-14T12:09:02.858+0000] {processor.py:830} INFO - Processing file /home/airflow/.local/lib/python3.12/site-packages/airflow/example_dags/example_complex.py for tasks to queue
[2024-06-14T12:09:02.859+0000] {logging_mixin.py:188} INFO - [2024-06-14T12:09:02.859+0000] {dagbag.py:545} INFO - Filling up the DagBag from /home/airflow/.local/lib/python3.12/site-packages/airflow/example_dags/example_complex.py
[2024-06-14T12:09:02.867+0000] {processor.py:840} INFO - DAG(s) 'example_complex' retrieved from /home/airflow/.local/lib/python3.12/site-packages/airflow/example_dags/example_complex.py
[2024-06-14T12:09:02.890+0000] {logging_mixin.py:188} INFO - [2024-06-14T12:09:02.890+0000] {dag.py:3096} INFO - Sync 1 DAGs
[2024-06-14T12:09:02.900+0000] {logging_mixin.py:188} INFO - [2024-06-14T12:09:02.900+0000] {dag.py:3954} INFO - Setting next_dagrun for example_complex to None, run_after=None
[2024-06-14T12:09:02.914+0000] {processor.py:183} INFO - Processing /home/airflow/.local/lib/python3.12/site-packages/airflow/example_dags/example_complex.py took 0.061 seconds
[2024-06-14T12:09:33.219+0000] {processor.py:161} INFO - Started process (PID=399) to work on /home/airflow/.local/lib/python3.12/site-packages/airflow/example_dags/example_complex.py
[2024-06-14T12:09:33.223+0000] {processor.py:830} INFO - Processing file /home/airflow/.local/lib/python3.12/site-packages/airflow/example_dags/example_complex.py for tasks to queue
[2024-06-14T12:09:33.231+0000] {logging_mixin.py:188} INFO - [2024-06-14T12:09:33.230+0000] {dagbag.py:545} INFO - Filling up the DagBag from /home/airflow/.local/lib/python3.12/site-packages/airflow/example_dags/example_complex.py
[2024-06-14T12:09:33.257+0000] {processor.py:840} INFO - DAG(s) 'example_complex' retrieved from /home/airflow/.local/lib/python3.12/site-packages/airflow/example_dags/example_complex.py
[2024-06-14T12:09:33.317+0000] {logging_mixin.py:188} INFO - [2024-06-14T12:09:33.317+0000] {dag.py:3096} INFO - Sync 1 DAGs
[2024-06-14T12:09:33.330+0000] {logging_mixin.py:188} INFO - [2024-06-14T12:09:33.329+0000] {dag.py:3954} INFO - Setting next_dagrun for example_complex to None, run_after=None
[2024-06-14T12:09:33.348+0000] {processor.py:183} INFO - Processing /home/airflow/.local/lib/python3.12/site-packages/airflow/example_dags/example_complex.py took 0.142 seconds
[2024-06-14T12:10:03.473+0000] {processor.py:161} INFO - Started process (PID=457) to work on /home/airflow/.local/lib/python3.12/site-packages/airflow/example_dags/example_complex.py
[2024-06-14T12:10:03.474+0000] {processor.py:830} INFO - Processing file /home/airflow/.local/lib/python3.12/site-packages/airflow/example_dags/example_complex.py for tasks to queue
[2024-06-14T12:10:03.475+0000] {logging_mixin.py:188} INFO - [2024-06-14T12:10:03.474+0000] {dagbag.py:545} INFO - Filling up the DagBag from /home/airflow/.local/lib/python3.12/site-packages/airflow/example_dags/example_complex.py
[2024-06-14T12:10:03.482+0000] {processor.py:840} INFO - DAG(s) 'example_complex' retrieved from /home/airflow/.local/lib/python3.12/site-packages/airflow/example_dags/example_complex.py
[2024-06-14T12:10:03.507+0000] {logging_mixin.py:188} INFO - [2024-06-14T12:10:03.507+0000] {dag.py:3096} INFO - Sync 1 DAGs
[2024-06-14T12:10:03.517+0000] {logging_mixin.py:188} INFO - [2024-06-14T12:10:03.517+0000] {dag.py:3954} INFO - Setting next_dagrun for example_complex to None, run_after=None
[2024-06-14T12:10:03.530+0000] {processor.py:183} INFO - Processing /home/airflow/.local/lib/python3.12/site-packages/airflow/example_dags/example_complex.py took 0.061 seconds
[2024-06-14T12:10:33.658+0000] {processor.py:161} INFO - Started process (PID=515) to work on /home/airflow/.local/lib/python3.12/site-packages/airflow/example_dags/example_complex.py
[2024-06-14T12:10:33.659+0000] {processor.py:830} INFO - Processing file /home/airflow/.local/lib/python3.12/site-packages/airflow/example_dags/example_complex.py for tasks to queue
[2024-06-14T12:10:33.660+0000] {logging_mixin.py:188} INFO - [2024-06-14T12:10:33.660+0000] {dagbag.py:545} INFO - Filling up the DagBag from /home/airflow/.local/lib/python3.12/site-packages/airflow/example_dags/example_complex.py
[2024-06-14T12:10:33.670+0000] {processor.py:840} INFO - DAG(s) 'example_complex' retrieved from /home/airflow/.local/lib/python3.12/site-packages/airflow/example_dags/example_complex.py
[2024-06-14T12:10:33.697+0000] {logging_mixin.py:188} INFO - [2024-06-14T12:10:33.697+0000] {dag.py:3096} INFO - Sync 1 DAGs
[2024-06-14T12:10:33.708+0000] {logging_mixin.py:188} INFO - [2024-06-14T12:10:33.707+0000] {dag.py:3954} INFO - Setting next_dagrun for example_complex to None, run_after=None
[2024-06-14T12:10:33.725+0000] {processor.py:183} INFO - Processing /home/airflow/.local/lib/python3.12/site-packages/airflow/example_dags/example_complex.py took 0.071 seconds
[2024-06-14T12:11:03.878+0000] {processor.py:161} INFO - Started process (PID=580) to work on /home/airflow/.local/lib/python3.12/site-packages/airflow/example_dags/example_complex.py
[2024-06-14T12:11:03.879+0000] {processor.py:830} INFO - Processing file /home/airflow/.local/lib/python3.12/site-packages/airflow/example_dags/example_complex.py for tasks to queue
[2024-06-14T12:11:03.881+0000] {logging_mixin.py:188} INFO - [2024-06-14T12:11:03.880+0000] {dagbag.py:545} INFO - Filling up the DagBag from /home/airflow/.local/lib/python3.12/site-packages/airflow/example_dags/example_complex.py
[2024-06-14T12:11:03.888+0000] {processor.py:840} INFO - DAG(s) 'example_complex' retrieved from /home/airflow/.local/lib/python3.12/site-packages/airflow/example_dags/example_complex.py
[2024-06-14T12:11:03.914+0000] {logging_mixin.py:188} INFO - [2024-06-14T12:11:03.914+0000] {dag.py:3096} INFO - Sync 1 DAGs
[2024-06-14T12:11:03.925+0000] {logging_mixin.py:188} INFO - [2024-06-14T12:11:03.925+0000] {dag.py:3954} INFO - Setting next_dagrun for example_complex to None, run_after=None
[2024-06-14T12:11:03.941+0000] {processor.py:183} INFO - Processing /home/airflow/.local/lib/python3.12/site-packages/airflow/example_dags/example_complex.py took 0.068 seconds
[2024-06-14T12:11:34.088+0000] {processor.py:161} INFO - Started process (PID=638) to work on /home/airflow/.local/lib/python3.12/site-packages/airflow/example_dags/example_complex.py
[2024-06-14T12:11:34.089+0000] {processor.py:830} INFO - Processing file /home/airflow/.local/lib/python3.12/site-packages/airflow/example_dags/example_complex.py for tasks to queue
[2024-06-14T12:11:34.090+0000] {logging_mixin.py:188} INFO - [2024-06-14T12:11:34.090+0000] {dagbag.py:545} INFO - Filling up the DagBag from /home/airflow/.local/lib/python3.12/site-packages/airflow/example_dags/example_complex.py
[2024-06-14T12:11:34.099+0000] {processor.py:840} INFO - DAG(s) 'example_complex' retrieved from /home/airflow/.local/lib/python3.12/site-packages/airflow/example_dags/example_complex.py
[2024-06-14T12:11:34.124+0000] {logging_mixin.py:188} INFO - [2024-06-14T12:11:34.124+0000] {dag.py:3096} INFO - Sync 1 DAGs
[2024-06-14T12:11:34.135+0000] {logging_mixin.py:188} INFO - [2024-06-14T12:11:34.135+0000] {dag.py:3954} INFO - Setting next_dagrun for example_complex to None, run_after=None
[2024-06-14T12:11:34.150+0000] {processor.py:183} INFO - Processing /home/airflow/.local/lib/python3.12/site-packages/airflow/example_dags/example_complex.py took 0.067 seconds
[2024-06-14T12:12:04.307+0000] {processor.py:161} INFO - Started process (PID=696) to work on /home/airflow/.local/lib/python3.12/site-packages/airflow/example_dags/example_complex.py
[2024-06-14T12:12:04.308+0000] {processor.py:830} INFO - Processing file /home/airflow/.local/lib/python3.12/site-packages/airflow/example_dags/example_complex.py for tasks to queue
[2024-06-14T12:12:04.309+0000] {logging_mixin.py:188} INFO - [2024-06-14T12:12:04.309+0000] {dagbag.py:545} INFO - Filling up the DagBag from /home/airflow/.local/lib/python3.12/site-packages/airflow/example_dags/example_complex.py
[2024-06-14T12:12:04.318+0000] {processor.py:840} INFO - DAG(s) 'example_complex' retrieved from /home/airflow/.local/lib/python3.12/site-packages/airflow/example_dags/example_complex.py
[2024-06-14T12:12:04.341+0000] {logging_mixin.py:188} INFO - [2024-06-14T12:12:04.341+0000] {dag.py:3096} INFO - Sync 1 DAGs
[2024-06-14T12:12:04.352+0000] {logging_mixin.py:188} INFO - [2024-06-14T12:12:04.351+0000] {dag.py:3954} INFO - Setting next_dagrun for example_complex to None, run_after=None
[2024-06-14T12:12:04.367+0000] {processor.py:183} INFO - Processing /home/airflow/.local/lib/python3.12/site-packages/airflow/example_dags/example_complex.py took 0.065 seconds
[2024-06-14T12:12:34.463+0000] {processor.py:161} INFO - Started process (PID=754) to work on /home/airflow/.local/lib/python3.12/site-packages/airflow/example_dags/example_complex.py
[2024-06-14T12:12:34.464+0000] {processor.py:830} INFO - Processing file /home/airflow/.local/lib/python3.12/site-packages/airflow/example_dags/example_complex.py for tasks to queue
[2024-06-14T12:12:34.465+0000] {logging_mixin.py:188} INFO - [2024-06-14T12:12:34.465+0000] {dagbag.py:545} INFO - Filling up the DagBag from /home/airflow/.local/lib/python3.12/site-packages/airflow/example_dags/example_complex.py
[2024-06-14T12:12:34.473+0000] {processor.py:840} INFO - DAG(s) 'example_complex' retrieved from /home/airflow/.local/lib/python3.12/site-packages/airflow/example_dags/example_complex.py
[2024-06-14T12:12:34.494+0000] {logging_mixin.py:188} INFO - [2024-06-14T12:12:34.494+0000] {dag.py:3096} INFO - Sync 1 DAGs
[2024-06-14T12:12:34.505+0000] {logging_mixin.py:188} INFO - [2024-06-14T12:12:34.504+0000] {dag.py:3954} INFO - Setting next_dagrun for example_complex to None, run_after=None
[2024-06-14T12:12:34.525+0000] {processor.py:183} INFO - Processing /home/airflow/.local/lib/python3.12/site-packages/airflow/example_dags/example_complex.py took 0.066 seconds
[2024-06-14T12:13:04.605+0000] {processor.py:161} INFO - Started process (PID=812) to work on /home/airflow/.local/lib/python3.12/site-packages/airflow/example_dags/example_complex.py
[2024-06-14T12:13:04.606+0000] {processor.py:830} INFO - Processing file /home/airflow/.local/lib/python3.12/site-packages/airflow/example_dags/example_complex.py for tasks to queue
[2024-06-14T12:13:04.607+0000] {logging_mixin.py:188} INFO - [2024-06-14T12:13:04.607+0000] {dagbag.py:545} INFO - Filling up the DagBag from /home/airflow/.local/lib/python3.12/site-packages/airflow/example_dags/example_complex.py
[2024-06-14T12:13:04.617+0000] {processor.py:840} INFO - DAG(s) 'example_complex' retrieved from /home/airflow/.local/lib/python3.12/site-packages/airflow/example_dags/example_complex.py
[2024-06-14T12:13:04.642+0000] {logging_mixin.py:188} INFO - [2024-06-14T12:13:04.642+0000] {dag.py:3096} INFO - Sync 1 DAGs
[2024-06-14T12:13:04.654+0000] {logging_mixin.py:188} INFO - [2024-06-14T12:13:04.654+0000] {dag.py:3954} INFO - Setting next_dagrun for example_complex to None, run_after=None
[2024-06-14T12:13:04.672+0000] {processor.py:183} INFO - Processing /home/airflow/.local/lib/python3.12/site-packages/airflow/example_dags/example_complex.py took 0.071 seconds
[2024-06-14T12:13:35.018+0000] {processor.py:161} INFO - Started process (PID=870) to work on /home/airflow/.local/lib/python3.12/site-packages/airflow/example_dags/example_complex.py
[2024-06-14T12:13:35.019+0000] {processor.py:830} INFO - Processing file /home/airflow/.local/lib/python3.12/site-packages/airflow/example_dags/example_complex.py for tasks to queue
[2024-06-14T12:13:35.021+0000] {logging_mixin.py:188} INFO - [2024-06-14T12:13:35.021+0000] {dagbag.py:545} INFO - Filling up the DagBag from /home/airflow/.local/lib/python3.12/site-packages/airflow/example_dags/example_complex.py
[2024-06-14T12:13:35.031+0000] {processor.py:840} INFO - DAG(s) 'example_complex' retrieved from /home/airflow/.local/lib/python3.12/site-packages/airflow/example_dags/example_complex.py
[2024-06-14T12:13:35.057+0000] {logging_mixin.py:188} INFO - [2024-06-14T12:13:35.056+0000] {dag.py:3096} INFO - Sync 1 DAGs
[2024-06-14T12:13:35.067+0000] {logging_mixin.py:188} INFO - [2024-06-14T12:13:35.067+0000] {dag.py:3954} INFO - Setting next_dagrun for example_complex to None, run_after=None
[2024-06-14T12:13:35.083+0000] {processor.py:183} INFO - Processing /home/airflow/.local/lib/python3.12/site-packages/airflow/example_dags/example_complex.py took 0.070 seconds
[2024-06-14T12:14:05.465+0000] {processor.py:161} INFO - Started process (PID=928) to work on /home/airflow/.local/lib/python3.12/site-packages/airflow/example_dags/example_complex.py
[2024-06-14T12:14:05.466+0000] {processor.py:830} INFO - Processing file /home/airflow/.local/lib/python3.12/site-packages/airflow/example_dags/example_complex.py for tasks to queue
[2024-06-14T12:14:05.468+0000] {logging_mixin.py:188} INFO - [2024-06-14T12:14:05.468+0000] {dagbag.py:545} INFO - Filling up the DagBag from /home/airflow/.local/lib/python3.12/site-packages/airflow/example_dags/example_complex.py
[2024-06-14T12:14:05.478+0000] {processor.py:840} INFO - DAG(s) 'example_complex' retrieved from /home/airflow/.local/lib/python3.12/site-packages/airflow/example_dags/example_complex.py
[2024-06-14T12:14:05.506+0000] {logging_mixin.py:188} INFO - [2024-06-14T12:14:05.505+0000] {dag.py:3096} INFO - Sync 1 DAGs
[2024-06-14T12:14:05.517+0000] {logging_mixin.py:188} INFO - [2024-06-14T12:14:05.517+0000] {dag.py:3954} INFO - Setting next_dagrun for example_complex to None, run_after=None
[2024-06-14T12:14:05.536+0000] {processor.py:183} INFO - Processing /home/airflow/.local/lib/python3.12/site-packages/airflow/example_dags/example_complex.py took 0.077 seconds
[2024-06-14T12:14:35.813+0000] {processor.py:161} INFO - Started process (PID=986) to work on /home/airflow/.local/lib/python3.12/site-packages/airflow/example_dags/example_complex.py
[2024-06-14T12:14:35.814+0000] {processor.py:830} INFO - Processing file /home/airflow/.local/lib/python3.12/site-packages/airflow/example_dags/example_complex.py for tasks to queue
[2024-06-14T12:14:35.815+0000] {logging_mixin.py:188} INFO - [2024-06-14T12:14:35.815+0000] {dagbag.py:545} INFO - Filling up the DagBag from /home/airflow/.local/lib/python3.12/site-packages/airflow/example_dags/example_complex.py
[2024-06-14T12:14:35.823+0000] {processor.py:840} INFO - DAG(s) 'example_complex' retrieved from /home/airflow/.local/lib/python3.12/site-packages/airflow/example_dags/example_complex.py
[2024-06-14T12:14:35.852+0000] {logging_mixin.py:188} INFO - [2024-06-14T12:14:35.851+0000] {dag.py:3096} INFO - Sync 1 DAGs
[2024-06-14T12:14:35.861+0000] {logging_mixin.py:188} INFO - [2024-06-14T12:14:35.861+0000] {dag.py:3954} INFO - Setting next_dagrun for example_complex to None, run_after=None
[2024-06-14T12:14:35.877+0000] {processor.py:183} INFO - Processing /home/airflow/.local/lib/python3.12/site-packages/airflow/example_dags/example_complex.py took 0.070 seconds
[2024-06-14T12:15:06.166+0000] {processor.py:161} INFO - Started process (PID=1044) to work on /home/airflow/.local/lib/python3.12/site-packages/airflow/example_dags/example_complex.py
[2024-06-14T12:15:06.167+0000] {processor.py:830} INFO - Processing file /home/airflow/.local/lib/python3.12/site-packages/airflow/example_dags/example_complex.py for tasks to queue
[2024-06-14T12:15:06.168+0000] {logging_mixin.py:188} INFO - [2024-06-14T12:15:06.168+0000] {dagbag.py:545} INFO - Filling up the DagBag from /home/airflow/.local/lib/python3.12/site-packages/airflow/example_dags/example_complex.py
[2024-06-14T12:15:06.175+0000] {processor.py:840} INFO - DAG(s) 'example_complex' retrieved from /home/airflow/.local/lib/python3.12/site-packages/airflow/example_dags/example_complex.py
[2024-06-14T12:15:06.200+0000] {logging_mixin.py:188} INFO - [2024-06-14T12:15:06.199+0000] {dag.py:3096} INFO - Sync 1 DAGs
[2024-06-14T12:15:06.210+0000] {logging_mixin.py:188} INFO - [2024-06-14T12:15:06.210+0000] {dag.py:3954} INFO - Setting next_dagrun for example_complex to None, run_after=None
[2024-06-14T12:15:06.225+0000] {processor.py:183} INFO - Processing /home/airflow/.local/lib/python3.12/site-packages/airflow/example_dags/example_complex.py took 0.063 seconds
[2024-06-14T12:15:36.408+0000] {processor.py:161} INFO - Started process (PID=1102) to work on /home/airflow/.local/lib/python3.12/site-packages/airflow/example_dags/example_complex.py
[2024-06-14T12:15:36.409+0000] {processor.py:830} INFO - Processing file /home/airflow/.local/lib/python3.12/site-packages/airflow/example_dags/example_complex.py for tasks to queue
[2024-06-14T12:15:36.410+0000] {logging_mixin.py:188} INFO - [2024-06-14T12:15:36.410+0000] {dagbag.py:545} INFO - Filling up the DagBag from /home/airflow/.local/lib/python3.12/site-packages/airflow/example_dags/example_complex.py
[2024-06-14T12:15:36.420+0000] {processor.py:840} INFO - DAG(s) 'example_complex' retrieved from /home/airflow/.local/lib/python3.12/site-packages/airflow/example_dags/example_complex.py
[2024-06-14T12:15:36.442+0000] {logging_mixin.py:188} INFO - [2024-06-14T12:15:36.442+0000] {dag.py:3096} INFO - Sync 1 DAGs
[2024-06-14T12:15:36.451+0000] {logging_mixin.py:188} INFO - [2024-06-14T12:15:36.450+0000] {dag.py:3954} INFO - Setting next_dagrun for example_complex to None, run_after=None
[2024-06-14T12:15:36.466+0000] {processor.py:183} INFO - Processing /home/airflow/.local/lib/python3.12/site-packages/airflow/example_dags/example_complex.py took 0.061 seconds
[2024-06-14T12:16:06.743+0000] {processor.py:161} INFO - Started process (PID=1160) to work on /home/airflow/.local/lib/python3.12/site-packages/airflow/example_dags/example_complex.py
[2024-06-14T12:16:06.744+0000] {processor.py:830} INFO - Processing file /home/airflow/.local/lib/python3.12/site-packages/airflow/example_dags/example_complex.py for tasks to queue
[2024-06-14T12:16:06.745+0000] {logging_mixin.py:188} INFO - [2024-06-14T12:16:06.745+0000] {dagbag.py:545} INFO - Filling up the DagBag from /home/airflow/.local/lib/python3.12/site-packages/airflow/example_dags/example_complex.py
[2024-06-14T12:16:06.752+0000] {processor.py:840} INFO - DAG(s) 'example_complex' retrieved from /home/airflow/.local/lib/python3.12/site-packages/airflow/example_dags/example_complex.py
[2024-06-14T12:16:06.777+0000] {logging_mixin.py:188} INFO - [2024-06-14T12:16:06.777+0000] {dag.py:3096} INFO - Sync 1 DAGs
[2024-06-14T12:16:06.787+0000] {logging_mixin.py:188} INFO - [2024-06-14T12:16:06.787+0000] {dag.py:3954} INFO - Setting next_dagrun for example_complex to None, run_after=None
[2024-06-14T12:16:06.800+0000] {processor.py:183} INFO - Processing /home/airflow/.local/lib/python3.12/site-packages/airflow/example_dags/example_complex.py took 0.062 seconds
[2024-06-14T12:16:37.070+0000] {processor.py:161} INFO - Started process (PID=1218) to work on /home/airflow/.local/lib/python3.12/site-packages/airflow/example_dags/example_complex.py
[2024-06-14T12:16:37.071+0000] {processor.py:830} INFO - Processing file /home/airflow/.local/lib/python3.12/site-packages/airflow/example_dags/example_complex.py for tasks to queue
[2024-06-14T12:16:37.072+0000] {logging_mixin.py:188} INFO - [2024-06-14T12:16:37.072+0000] {dagbag.py:545} INFO - Filling up the DagBag from /home/airflow/.local/lib/python3.12/site-packages/airflow/example_dags/example_complex.py
[2024-06-14T12:16:37.082+0000] {processor.py:840} INFO - DAG(s) 'example_complex' retrieved from /home/airflow/.local/lib/python3.12/site-packages/airflow/example_dags/example_complex.py
[2024-06-14T12:16:37.106+0000] {logging_mixin.py:188} INFO - [2024-06-14T12:16:37.106+0000] {dag.py:3096} INFO - Sync 1 DAGs
[2024-06-14T12:16:37.115+0000] {logging_mixin.py:188} INFO - [2024-06-14T12:16:37.115+0000] {dag.py:3954} INFO - Setting next_dagrun for example_complex to None, run_after=None
[2024-06-14T12:16:37.130+0000] {processor.py:183} INFO - Processing /home/airflow/.local/lib/python3.12/site-packages/airflow/example_dags/example_complex.py took 0.065 seconds
[2024-06-14T12:17:07.398+0000] {processor.py:161} INFO - Started process (PID=1276) to work on /home/airflow/.local/lib/python3.12/site-packages/airflow/example_dags/example_complex.py
[2024-06-14T12:17:07.399+0000] {processor.py:830} INFO - Processing file /home/airflow/.local/lib/python3.12/site-packages/airflow/example_dags/example_complex.py for tasks to queue
[2024-06-14T12:17:07.400+0000] {logging_mixin.py:188} INFO - [2024-06-14T12:17:07.400+0000] {dagbag.py:545} INFO - Filling up the DagBag from /home/airflow/.local/lib/python3.12/site-packages/airflow/example_dags/example_complex.py
[2024-06-14T12:17:07.407+0000] {processor.py:840} INFO - DAG(s) 'example_complex' retrieved from /home/airflow/.local/lib/python3.12/site-packages/airflow/example_dags/example_complex.py
[2024-06-14T12:17:07.431+0000] {logging_mixin.py:188} INFO - [2024-06-14T12:17:07.430+0000] {dag.py:3096} INFO - Sync 1 DAGs
[2024-06-14T12:17:07.442+0000] {logging_mixin.py:188} INFO - [2024-06-14T12:17:07.441+0000] {dag.py:3954} INFO - Setting next_dagrun for example_complex to None, run_after=None
[2024-06-14T12:17:07.460+0000] {processor.py:183} INFO - Processing /home/airflow/.local/lib/python3.12/site-packages/airflow/example_dags/example_complex.py took 0.066 seconds
[2024-06-14T12:17:37.768+0000] {processor.py:161} INFO - Started process (PID=1334) to work on /home/airflow/.local/lib/python3.12/site-packages/airflow/example_dags/example_complex.py
[2024-06-14T12:17:37.769+0000] {processor.py:830} INFO - Processing file /home/airflow/.local/lib/python3.12/site-packages/airflow/example_dags/example_complex.py for tasks to queue
[2024-06-14T12:17:37.771+0000] {logging_mixin.py:188} INFO - [2024-06-14T12:17:37.770+0000] {dagbag.py:545} INFO - Filling up the DagBag from /home/airflow/.local/lib/python3.12/site-packages/airflow/example_dags/example_complex.py
[2024-06-14T12:17:37.779+0000] {processor.py:840} INFO - DAG(s) 'example_complex' retrieved from /home/airflow/.local/lib/python3.12/site-packages/airflow/example_dags/example_complex.py
[2024-06-14T12:17:37.805+0000] {logging_mixin.py:188} INFO - [2024-06-14T12:17:37.804+0000] {dag.py:3096} INFO - Sync 1 DAGs
[2024-06-14T12:17:37.815+0000] {logging_mixin.py:188} INFO - [2024-06-14T12:17:37.815+0000] {dag.py:3954} INFO - Setting next_dagrun for example_complex to None, run_after=None
[2024-06-14T12:17:37.829+0000] {processor.py:183} INFO - Processing /home/airflow/.local/lib/python3.12/site-packages/airflow/example_dags/example_complex.py took 0.066 seconds
[2024-06-14T12:18:41.099+0000] {processor.py:161} INFO - Started process (PID=44) to work on /home/airflow/.local/lib/python3.12/site-packages/airflow/example_dags/example_complex.py
[2024-06-14T12:18:41.099+0000] {processor.py:830} INFO - Processing file /home/airflow/.local/lib/python3.12/site-packages/airflow/example_dags/example_complex.py for tasks to queue
[2024-06-14T12:18:41.101+0000] {logging_mixin.py:188} INFO - [2024-06-14T12:18:41.101+0000] {dagbag.py:545} INFO - Filling up the DagBag from /home/airflow/.local/lib/python3.12/site-packages/airflow/example_dags/example_complex.py
[2024-06-14T12:18:41.109+0000] {processor.py:840} INFO - DAG(s) 'example_complex' retrieved from /home/airflow/.local/lib/python3.12/site-packages/airflow/example_dags/example_complex.py
[2024-06-14T12:18:41.119+0000] {logging_mixin.py:188} INFO - [2024-06-14T12:18:41.119+0000] {dag.py:3096} INFO - Sync 1 DAGs
[2024-06-14T12:18:41.131+0000] {logging_mixin.py:188} INFO - [2024-06-14T12:18:41.131+0000] {dag.py:3954} INFO - Setting next_dagrun for example_complex to None, run_after=None
[2024-06-14T12:18:41.150+0000] {processor.py:183} INFO - Processing /home/airflow/.local/lib/python3.12/site-packages/airflow/example_dags/example_complex.py took 0.055 seconds
[2024-06-14T12:19:12.294+0000] {processor.py:161} INFO - Started process (PID=102) to work on /home/airflow/.local/lib/python3.12/site-packages/airflow/example_dags/example_complex.py
[2024-06-14T12:19:12.294+0000] {processor.py:830} INFO - Processing file /home/airflow/.local/lib/python3.12/site-packages/airflow/example_dags/example_complex.py for tasks to queue
[2024-06-14T12:19:12.296+0000] {logging_mixin.py:188} INFO - [2024-06-14T12:19:12.296+0000] {dagbag.py:545} INFO - Filling up the DagBag from /home/airflow/.local/lib/python3.12/site-packages/airflow/example_dags/example_complex.py
[2024-06-14T12:19:12.304+0000] {processor.py:840} INFO - DAG(s) 'example_complex' retrieved from /home/airflow/.local/lib/python3.12/site-packages/airflow/example_dags/example_complex.py
[2024-06-14T12:19:12.387+0000] {logging_mixin.py:188} INFO - [2024-06-14T12:19:12.386+0000] {dag.py:3096} INFO - Sync 1 DAGs
[2024-06-14T12:19:12.394+0000] {logging_mixin.py:188} INFO - [2024-06-14T12:19:12.394+0000] {dag.py:3954} INFO - Setting next_dagrun for example_complex to None, run_after=None
[2024-06-14T12:19:12.410+0000] {processor.py:183} INFO - Processing /home/airflow/.local/lib/python3.12/site-packages/airflow/example_dags/example_complex.py took 0.120 seconds
[2024-06-14T12:19:42.450+0000] {processor.py:161} INFO - Started process (PID=160) to work on /home/airflow/.local/lib/python3.12/site-packages/airflow/example_dags/example_complex.py
[2024-06-14T12:19:42.450+0000] {processor.py:830} INFO - Processing file /home/airflow/.local/lib/python3.12/site-packages/airflow/example_dags/example_complex.py for tasks to queue
[2024-06-14T12:19:42.452+0000] {logging_mixin.py:188} INFO - [2024-06-14T12:19:42.451+0000] {dagbag.py:545} INFO - Filling up the DagBag from /home/airflow/.local/lib/python3.12/site-packages/airflow/example_dags/example_complex.py
[2024-06-14T12:19:42.461+0000] {processor.py:840} INFO - DAG(s) 'example_complex' retrieved from /home/airflow/.local/lib/python3.12/site-packages/airflow/example_dags/example_complex.py
[2024-06-14T12:19:42.483+0000] {logging_mixin.py:188} INFO - [2024-06-14T12:19:42.483+0000] {dag.py:3096} INFO - Sync 1 DAGs
[2024-06-14T12:19:42.495+0000] {logging_mixin.py:188} INFO - [2024-06-14T12:19:42.495+0000] {dag.py:3954} INFO - Setting next_dagrun for example_complex to None, run_after=None
[2024-06-14T12:19:42.509+0000] {processor.py:183} INFO - Processing /home/airflow/.local/lib/python3.12/site-packages/airflow/example_dags/example_complex.py took 0.064 seconds
[2024-06-14T12:20:12.892+0000] {processor.py:161} INFO - Started process (PID=218) to work on /home/airflow/.local/lib/python3.12/site-packages/airflow/example_dags/example_complex.py
[2024-06-14T12:20:12.894+0000] {processor.py:830} INFO - Processing file /home/airflow/.local/lib/python3.12/site-packages/airflow/example_dags/example_complex.py for tasks to queue
[2024-06-14T12:20:12.896+0000] {logging_mixin.py:188} INFO - [2024-06-14T12:20:12.895+0000] {dagbag.py:545} INFO - Filling up the DagBag from /home/airflow/.local/lib/python3.12/site-packages/airflow/example_dags/example_complex.py
[2024-06-14T12:20:12.904+0000] {processor.py:840} INFO - DAG(s) 'example_complex' retrieved from /home/airflow/.local/lib/python3.12/site-packages/airflow/example_dags/example_complex.py
[2024-06-14T12:20:12.932+0000] {logging_mixin.py:188} INFO - [2024-06-14T12:20:12.932+0000] {dag.py:3096} INFO - Sync 1 DAGs
[2024-06-14T12:20:12.944+0000] {logging_mixin.py:188} INFO - [2024-06-14T12:20:12.943+0000] {dag.py:3954} INFO - Setting next_dagrun for example_complex to None, run_after=None
[2024-06-14T12:20:12.961+0000] {processor.py:183} INFO - Processing /home/airflow/.local/lib/python3.12/site-packages/airflow/example_dags/example_complex.py took 0.073 seconds
[2024-06-14T12:20:43.349+0000] {processor.py:161} INFO - Started process (PID=276) to work on /home/airflow/.local/lib/python3.12/site-packages/airflow/example_dags/example_complex.py
[2024-06-14T12:20:43.350+0000] {processor.py:830} INFO - Processing file /home/airflow/.local/lib/python3.12/site-packages/airflow/example_dags/example_complex.py for tasks to queue
[2024-06-14T12:20:43.351+0000] {logging_mixin.py:188} INFO - [2024-06-14T12:20:43.351+0000] {dagbag.py:545} INFO - Filling up the DagBag from /home/airflow/.local/lib/python3.12/site-packages/airflow/example_dags/example_complex.py
[2024-06-14T12:20:43.359+0000] {processor.py:840} INFO - DAG(s) 'example_complex' retrieved from /home/airflow/.local/lib/python3.12/site-packages/airflow/example_dags/example_complex.py
[2024-06-14T12:20:43.386+0000] {logging_mixin.py:188} INFO - [2024-06-14T12:20:43.385+0000] {dag.py:3096} INFO - Sync 1 DAGs
[2024-06-14T12:20:43.397+0000] {logging_mixin.py:188} INFO - [2024-06-14T12:20:43.397+0000] {dag.py:3954} INFO - Setting next_dagrun for example_complex to None, run_after=None
[2024-06-14T12:20:43.411+0000] {processor.py:183} INFO - Processing /home/airflow/.local/lib/python3.12/site-packages/airflow/example_dags/example_complex.py took 0.066 seconds
[2024-06-14T12:21:13.627+0000] {processor.py:161} INFO - Started process (PID=334) to work on /home/airflow/.local/lib/python3.12/site-packages/airflow/example_dags/example_complex.py
[2024-06-14T12:21:13.628+0000] {processor.py:830} INFO - Processing file /home/airflow/.local/lib/python3.12/site-packages/airflow/example_dags/example_complex.py for tasks to queue
[2024-06-14T12:21:13.629+0000] {logging_mixin.py:188} INFO - [2024-06-14T12:21:13.629+0000] {dagbag.py:545} INFO - Filling up the DagBag from /home/airflow/.local/lib/python3.12/site-packages/airflow/example_dags/example_complex.py
[2024-06-14T12:21:13.636+0000] {processor.py:840} INFO - DAG(s) 'example_complex' retrieved from /home/airflow/.local/lib/python3.12/site-packages/airflow/example_dags/example_complex.py
[2024-06-14T12:21:13.660+0000] {logging_mixin.py:188} INFO - [2024-06-14T12:21:13.660+0000] {dag.py:3096} INFO - Sync 1 DAGs
[2024-06-14T12:21:13.669+0000] {logging_mixin.py:188} INFO - [2024-06-14T12:21:13.669+0000] {dag.py:3954} INFO - Setting next_dagrun for example_complex to None, run_after=None
[2024-06-14T12:21:13.684+0000] {processor.py:183} INFO - Processing /home/airflow/.local/lib/python3.12/site-packages/airflow/example_dags/example_complex.py took 0.063 seconds
[2024-06-14T12:21:43.812+0000] {processor.py:161} INFO - Started process (PID=392) to work on /home/airflow/.local/lib/python3.12/site-packages/airflow/example_dags/example_complex.py
[2024-06-14T12:21:43.813+0000] {processor.py:830} INFO - Processing file /home/airflow/.local/lib/python3.12/site-packages/airflow/example_dags/example_complex.py for tasks to queue
[2024-06-14T12:21:43.814+0000] {logging_mixin.py:188} INFO - [2024-06-14T12:21:43.814+0000] {dagbag.py:545} INFO - Filling up the DagBag from /home/airflow/.local/lib/python3.12/site-packages/airflow/example_dags/example_complex.py
[2024-06-14T12:21:43.821+0000] {processor.py:840} INFO - DAG(s) 'example_complex' retrieved from /home/airflow/.local/lib/python3.12/site-packages/airflow/example_dags/example_complex.py
[2024-06-14T12:21:43.845+0000] {logging_mixin.py:188} INFO - [2024-06-14T12:21:43.845+0000] {dag.py:3096} INFO - Sync 1 DAGs
[2024-06-14T12:21:43.854+0000] {logging_mixin.py:188} INFO - [2024-06-14T12:21:43.854+0000] {dag.py:3954} INFO - Setting next_dagrun for example_complex to None, run_after=None
[2024-06-14T12:21:43.869+0000] {processor.py:183} INFO - Processing /home/airflow/.local/lib/python3.12/site-packages/airflow/example_dags/example_complex.py took 0.061 seconds
[2024-06-14T12:22:14.419+0000] {processor.py:161} INFO - Started process (PID=451) to work on /home/airflow/.local/lib/python3.12/site-packages/airflow/example_dags/example_complex.py
[2024-06-14T12:22:14.420+0000] {processor.py:830} INFO - Processing file /home/airflow/.local/lib/python3.12/site-packages/airflow/example_dags/example_complex.py for tasks to queue
[2024-06-14T12:22:14.421+0000] {logging_mixin.py:188} INFO - [2024-06-14T12:22:14.421+0000] {dagbag.py:545} INFO - Filling up the DagBag from /home/airflow/.local/lib/python3.12/site-packages/airflow/example_dags/example_complex.py
[2024-06-14T12:22:14.430+0000] {processor.py:840} INFO - DAG(s) 'example_complex' retrieved from /home/airflow/.local/lib/python3.12/site-packages/airflow/example_dags/example_complex.py
[2024-06-14T12:22:14.455+0000] {logging_mixin.py:188} INFO - [2024-06-14T12:22:14.455+0000] {dag.py:3096} INFO - Sync 1 DAGs
[2024-06-14T12:22:14.464+0000] {logging_mixin.py:188} INFO - [2024-06-14T12:22:14.464+0000] {dag.py:3954} INFO - Setting next_dagrun for example_complex to None, run_after=None
[2024-06-14T12:22:14.478+0000] {processor.py:183} INFO - Processing /home/airflow/.local/lib/python3.12/site-packages/airflow/example_dags/example_complex.py took 0.063 seconds
[2024-06-14T12:22:44.729+0000] {processor.py:161} INFO - Started process (PID=509) to work on /home/airflow/.local/lib/python3.12/site-packages/airflow/example_dags/example_complex.py
[2024-06-14T12:22:44.730+0000] {processor.py:830} INFO - Processing file /home/airflow/.local/lib/python3.12/site-packages/airflow/example_dags/example_complex.py for tasks to queue
[2024-06-14T12:22:44.731+0000] {logging_mixin.py:188} INFO - [2024-06-14T12:22:44.731+0000] {dagbag.py:545} INFO - Filling up the DagBag from /home/airflow/.local/lib/python3.12/site-packages/airflow/example_dags/example_complex.py
[2024-06-14T12:22:44.739+0000] {processor.py:840} INFO - DAG(s) 'example_complex' retrieved from /home/airflow/.local/lib/python3.12/site-packages/airflow/example_dags/example_complex.py
[2024-06-14T12:22:44.767+0000] {logging_mixin.py:188} INFO - [2024-06-14T12:22:44.767+0000] {dag.py:3096} INFO - Sync 1 DAGs
[2024-06-14T12:22:44.777+0000] {logging_mixin.py:188} INFO - [2024-06-14T12:22:44.777+0000] {dag.py:3954} INFO - Setting next_dagrun for example_complex to None, run_after=None
[2024-06-14T12:22:44.792+0000] {processor.py:183} INFO - Processing /home/airflow/.local/lib/python3.12/site-packages/airflow/example_dags/example_complex.py took 0.067 seconds
[2024-06-14T12:23:15.127+0000] {processor.py:161} INFO - Started process (PID=567) to work on /home/airflow/.local/lib/python3.12/site-packages/airflow/example_dags/example_complex.py
[2024-06-14T12:23:15.128+0000] {processor.py:830} INFO - Processing file /home/airflow/.local/lib/python3.12/site-packages/airflow/example_dags/example_complex.py for tasks to queue
[2024-06-14T12:23:15.129+0000] {logging_mixin.py:188} INFO - [2024-06-14T12:23:15.129+0000] {dagbag.py:545} INFO - Filling up the DagBag from /home/airflow/.local/lib/python3.12/site-packages/airflow/example_dags/example_complex.py
[2024-06-14T12:23:15.138+0000] {processor.py:840} INFO - DAG(s) 'example_complex' retrieved from /home/airflow/.local/lib/python3.12/site-packages/airflow/example_dags/example_complex.py
[2024-06-14T12:23:15.163+0000] {logging_mixin.py:188} INFO - [2024-06-14T12:23:15.163+0000] {dag.py:3096} INFO - Sync 1 DAGs
[2024-06-14T12:23:15.173+0000] {logging_mixin.py:188} INFO - [2024-06-14T12:23:15.173+0000] {dag.py:3954} INFO - Setting next_dagrun for example_complex to None, run_after=None
[2024-06-14T12:23:15.188+0000] {processor.py:183} INFO - Processing /home/airflow/.local/lib/python3.12/site-packages/airflow/example_dags/example_complex.py took 0.065 seconds
[2024-06-14T12:23:45.578+0000] {processor.py:161} INFO - Started process (PID=625) to work on /home/airflow/.local/lib/python3.12/site-packages/airflow/example_dags/example_complex.py
[2024-06-14T12:23:45.580+0000] {processor.py:830} INFO - Processing file /home/airflow/.local/lib/python3.12/site-packages/airflow/example_dags/example_complex.py for tasks to queue
[2024-06-14T12:23:45.582+0000] {logging_mixin.py:188} INFO - [2024-06-14T12:23:45.582+0000] {dagbag.py:545} INFO - Filling up the DagBag from /home/airflow/.local/lib/python3.12/site-packages/airflow/example_dags/example_complex.py
[2024-06-14T12:23:45.590+0000] {processor.py:840} INFO - DAG(s) 'example_complex' retrieved from /home/airflow/.local/lib/python3.12/site-packages/airflow/example_dags/example_complex.py
[2024-06-14T12:23:45.616+0000] {logging_mixin.py:188} INFO - [2024-06-14T12:23:45.616+0000] {dag.py:3096} INFO - Sync 1 DAGs
[2024-06-14T12:23:45.627+0000] {logging_mixin.py:188} INFO - [2024-06-14T12:23:45.626+0000] {dag.py:3954} INFO - Setting next_dagrun for example_complex to None, run_after=None
[2024-06-14T12:23:45.643+0000] {processor.py:183} INFO - Processing /home/airflow/.local/lib/python3.12/site-packages/airflow/example_dags/example_complex.py took 0.070 seconds
[2024-06-14T12:24:15.848+0000] {processor.py:161} INFO - Started process (PID=684) to work on /home/airflow/.local/lib/python3.12/site-packages/airflow/example_dags/example_complex.py
[2024-06-14T12:24:15.849+0000] {processor.py:830} INFO - Processing file /home/airflow/.local/lib/python3.12/site-packages/airflow/example_dags/example_complex.py for tasks to queue
[2024-06-14T12:24:15.851+0000] {logging_mixin.py:188} INFO - [2024-06-14T12:24:15.851+0000] {dagbag.py:545} INFO - Filling up the DagBag from /home/airflow/.local/lib/python3.12/site-packages/airflow/example_dags/example_complex.py
[2024-06-14T12:24:15.859+0000] {processor.py:840} INFO - DAG(s) 'example_complex' retrieved from /home/airflow/.local/lib/python3.12/site-packages/airflow/example_dags/example_complex.py
[2024-06-14T12:24:15.895+0000] {logging_mixin.py:188} INFO - [2024-06-14T12:24:15.894+0000] {dag.py:3096} INFO - Sync 1 DAGs
[2024-06-14T12:24:15.908+0000] {logging_mixin.py:188} INFO - [2024-06-14T12:24:15.907+0000] {dag.py:3954} INFO - Setting next_dagrun for example_complex to None, run_after=None
[2024-06-14T12:24:15.927+0000] {processor.py:183} INFO - Processing /home/airflow/.local/lib/python3.12/site-packages/airflow/example_dags/example_complex.py took 0.083 seconds
[2024-06-14T12:24:46.178+0000] {processor.py:161} INFO - Started process (PID=742) to work on /home/airflow/.local/lib/python3.12/site-packages/airflow/example_dags/example_complex.py
[2024-06-14T12:24:46.178+0000] {processor.py:830} INFO - Processing file /home/airflow/.local/lib/python3.12/site-packages/airflow/example_dags/example_complex.py for tasks to queue
[2024-06-14T12:24:46.180+0000] {logging_mixin.py:188} INFO - [2024-06-14T12:24:46.179+0000] {dagbag.py:545} INFO - Filling up the DagBag from /home/airflow/.local/lib/python3.12/site-packages/airflow/example_dags/example_complex.py
[2024-06-14T12:24:46.187+0000] {processor.py:840} INFO - DAG(s) 'example_complex' retrieved from /home/airflow/.local/lib/python3.12/site-packages/airflow/example_dags/example_complex.py
[2024-06-14T12:24:46.211+0000] {logging_mixin.py:188} INFO - [2024-06-14T12:24:46.210+0000] {dag.py:3096} INFO - Sync 1 DAGs
[2024-06-14T12:24:46.221+0000] {logging_mixin.py:188} INFO - [2024-06-14T12:24:46.221+0000] {dag.py:3954} INFO - Setting next_dagrun for example_complex to None, run_after=None
[2024-06-14T12:24:46.237+0000] {processor.py:183} INFO - Processing /home/airflow/.local/lib/python3.12/site-packages/airflow/example_dags/example_complex.py took 0.063 seconds
[2024-06-14T12:25:16.373+0000] {processor.py:161} INFO - Started process (PID=800) to work on /home/airflow/.local/lib/python3.12/site-packages/airflow/example_dags/example_complex.py
[2024-06-14T12:25:16.373+0000] {processor.py:830} INFO - Processing file /home/airflow/.local/lib/python3.12/site-packages/airflow/example_dags/example_complex.py for tasks to queue
[2024-06-14T12:25:16.375+0000] {logging_mixin.py:188} INFO - [2024-06-14T12:25:16.375+0000] {dagbag.py:545} INFO - Filling up the DagBag from /home/airflow/.local/lib/python3.12/site-packages/airflow/example_dags/example_complex.py
[2024-06-14T12:25:16.382+0000] {processor.py:840} INFO - DAG(s) 'example_complex' retrieved from /home/airflow/.local/lib/python3.12/site-packages/airflow/example_dags/example_complex.py
[2024-06-14T12:25:16.406+0000] {logging_mixin.py:188} INFO - [2024-06-14T12:25:16.406+0000] {dag.py:3096} INFO - Sync 1 DAGs
[2024-06-14T12:25:16.417+0000] {logging_mixin.py:188} INFO - [2024-06-14T12:25:16.416+0000] {dag.py:3954} INFO - Setting next_dagrun for example_complex to None, run_after=None
[2024-06-14T12:25:16.434+0000] {processor.py:183} INFO - Processing /home/airflow/.local/lib/python3.12/site-packages/airflow/example_dags/example_complex.py took 0.065 seconds
[2024-06-14T12:25:46.892+0000] {processor.py:161} INFO - Started process (PID=858) to work on /home/airflow/.local/lib/python3.12/site-packages/airflow/example_dags/example_complex.py
[2024-06-14T12:25:46.892+0000] {processor.py:830} INFO - Processing file /home/airflow/.local/lib/python3.12/site-packages/airflow/example_dags/example_complex.py for tasks to queue
[2024-06-14T12:25:46.894+0000] {logging_mixin.py:188} INFO - [2024-06-14T12:25:46.893+0000] {dagbag.py:545} INFO - Filling up the DagBag from /home/airflow/.local/lib/python3.12/site-packages/airflow/example_dags/example_complex.py
[2024-06-14T12:25:46.901+0000] {processor.py:840} INFO - DAG(s) 'example_complex' retrieved from /home/airflow/.local/lib/python3.12/site-packages/airflow/example_dags/example_complex.py
[2024-06-14T12:25:46.924+0000] {logging_mixin.py:188} INFO - [2024-06-14T12:25:46.924+0000] {dag.py:3096} INFO - Sync 1 DAGs
[2024-06-14T12:25:46.934+0000] {logging_mixin.py:188} INFO - [2024-06-14T12:25:46.934+0000] {dag.py:3954} INFO - Setting next_dagrun for example_complex to None, run_after=None
[2024-06-14T12:25:46.950+0000] {processor.py:183} INFO - Processing /home/airflow/.local/lib/python3.12/site-packages/airflow/example_dags/example_complex.py took 0.062 seconds
[2024-06-14T12:26:17.224+0000] {processor.py:161} INFO - Started process (PID=916) to work on /home/airflow/.local/lib/python3.12/site-packages/airflow/example_dags/example_complex.py
[2024-06-14T12:26:17.224+0000] {processor.py:830} INFO - Processing file /home/airflow/.local/lib/python3.12/site-packages/airflow/example_dags/example_complex.py for tasks to queue
[2024-06-14T12:26:17.226+0000] {logging_mixin.py:188} INFO - [2024-06-14T12:26:17.225+0000] {dagbag.py:545} INFO - Filling up the DagBag from /home/airflow/.local/lib/python3.12/site-packages/airflow/example_dags/example_complex.py
[2024-06-14T12:26:17.233+0000] {processor.py:840} INFO - DAG(s) 'example_complex' retrieved from /home/airflow/.local/lib/python3.12/site-packages/airflow/example_dags/example_complex.py
[2024-06-14T12:26:17.256+0000] {logging_mixin.py:188} INFO - [2024-06-14T12:26:17.256+0000] {dag.py:3096} INFO - Sync 1 DAGs
[2024-06-14T12:26:17.266+0000] {logging_mixin.py:188} INFO - [2024-06-14T12:26:17.266+0000] {dag.py:3954} INFO - Setting next_dagrun for example_complex to None, run_after=None
[2024-06-14T12:26:17.284+0000] {processor.py:183} INFO - Processing /home/airflow/.local/lib/python3.12/site-packages/airflow/example_dags/example_complex.py took 0.064 seconds
[2024-06-14T12:26:47.602+0000] {processor.py:161} INFO - Started process (PID=974) to work on /home/airflow/.local/lib/python3.12/site-packages/airflow/example_dags/example_complex.py
[2024-06-14T12:26:47.603+0000] {processor.py:830} INFO - Processing file /home/airflow/.local/lib/python3.12/site-packages/airflow/example_dags/example_complex.py for tasks to queue
[2024-06-14T12:26:47.604+0000] {logging_mixin.py:188} INFO - [2024-06-14T12:26:47.604+0000] {dagbag.py:545} INFO - Filling up the DagBag from /home/airflow/.local/lib/python3.12/site-packages/airflow/example_dags/example_complex.py
[2024-06-14T12:26:47.612+0000] {processor.py:840} INFO - DAG(s) 'example_complex' retrieved from /home/airflow/.local/lib/python3.12/site-packages/airflow/example_dags/example_complex.py
[2024-06-14T12:26:47.633+0000] {logging_mixin.py:188} INFO - [2024-06-14T12:26:47.633+0000] {dag.py:3096} INFO - Sync 1 DAGs
[2024-06-14T12:26:47.641+0000] {logging_mixin.py:188} INFO - [2024-06-14T12:26:47.641+0000] {dag.py:3954} INFO - Setting next_dagrun for example_complex to None, run_after=None
[2024-06-14T12:26:47.655+0000] {processor.py:183} INFO - Processing /home/airflow/.local/lib/python3.12/site-packages/airflow/example_dags/example_complex.py took 0.056 seconds
[2024-06-14T12:27:17.790+0000] {processor.py:161} INFO - Started process (PID=1032) to work on /home/airflow/.local/lib/python3.12/site-packages/airflow/example_dags/example_complex.py
[2024-06-14T12:27:17.791+0000] {processor.py:830} INFO - Processing file /home/airflow/.local/lib/python3.12/site-packages/airflow/example_dags/example_complex.py for tasks to queue
[2024-06-14T12:27:17.793+0000] {logging_mixin.py:188} INFO - [2024-06-14T12:27:17.792+0000] {dagbag.py:545} INFO - Filling up the DagBag from /home/airflow/.local/lib/python3.12/site-packages/airflow/example_dags/example_complex.py
[2024-06-14T12:27:17.800+0000] {processor.py:840} INFO - DAG(s) 'example_complex' retrieved from /home/airflow/.local/lib/python3.12/site-packages/airflow/example_dags/example_complex.py
[2024-06-14T12:27:17.830+0000] {logging_mixin.py:188} INFO - [2024-06-14T12:27:17.830+0000] {dag.py:3096} INFO - Sync 1 DAGs
[2024-06-14T12:27:17.840+0000] {logging_mixin.py:188} INFO - [2024-06-14T12:27:17.840+0000] {dag.py:3954} INFO - Setting next_dagrun for example_complex to None, run_after=None
[2024-06-14T12:27:17.855+0000] {processor.py:183} INFO - Processing /home/airflow/.local/lib/python3.12/site-packages/airflow/example_dags/example_complex.py took 0.069 seconds
[2024-06-14T12:27:47.979+0000] {processor.py:161} INFO - Started process (PID=1090) to work on /home/airflow/.local/lib/python3.12/site-packages/airflow/example_dags/example_complex.py
[2024-06-14T12:27:47.980+0000] {processor.py:830} INFO - Processing file /home/airflow/.local/lib/python3.12/site-packages/airflow/example_dags/example_complex.py for tasks to queue
[2024-06-14T12:27:47.982+0000] {logging_mixin.py:188} INFO - [2024-06-14T12:27:47.982+0000] {dagbag.py:545} INFO - Filling up the DagBag from /home/airflow/.local/lib/python3.12/site-packages/airflow/example_dags/example_complex.py
[2024-06-14T12:27:47.991+0000] {processor.py:840} INFO - DAG(s) 'example_complex' retrieved from /home/airflow/.local/lib/python3.12/site-packages/airflow/example_dags/example_complex.py
[2024-06-14T12:27:48.019+0000] {logging_mixin.py:188} INFO - [2024-06-14T12:27:48.019+0000] {dag.py:3096} INFO - Sync 1 DAGs
[2024-06-14T12:27:48.029+0000] {logging_mixin.py:188} INFO - [2024-06-14T12:27:48.029+0000] {dag.py:3954} INFO - Setting next_dagrun for example_complex to None, run_after=None
[2024-06-14T12:27:48.044+0000] {processor.py:183} INFO - Processing /home/airflow/.local/lib/python3.12/site-packages/airflow/example_dags/example_complex.py took 0.069 seconds
[2024-06-14T12:28:18.195+0000] {processor.py:161} INFO - Started process (PID=1148) to work on /home/airflow/.local/lib/python3.12/site-packages/airflow/example_dags/example_complex.py
[2024-06-14T12:28:18.195+0000] {processor.py:830} INFO - Processing file /home/airflow/.local/lib/python3.12/site-packages/airflow/example_dags/example_complex.py for tasks to queue
[2024-06-14T12:28:18.197+0000] {logging_mixin.py:188} INFO - [2024-06-14T12:28:18.196+0000] {dagbag.py:545} INFO - Filling up the DagBag from /home/airflow/.local/lib/python3.12/site-packages/airflow/example_dags/example_complex.py
[2024-06-14T12:28:18.203+0000] {processor.py:840} INFO - DAG(s) 'example_complex' retrieved from /home/airflow/.local/lib/python3.12/site-packages/airflow/example_dags/example_complex.py
[2024-06-14T12:28:18.228+0000] {logging_mixin.py:188} INFO - [2024-06-14T12:28:18.228+0000] {dag.py:3096} INFO - Sync 1 DAGs
[2024-06-14T12:28:18.238+0000] {logging_mixin.py:188} INFO - [2024-06-14T12:28:18.238+0000] {dag.py:3954} INFO - Setting next_dagrun for example_complex to None, run_after=None
[2024-06-14T12:28:18.255+0000] {processor.py:183} INFO - Processing /home/airflow/.local/lib/python3.12/site-packages/airflow/example_dags/example_complex.py took 0.064 seconds
[2024-06-14T12:28:48.591+0000] {processor.py:161} INFO - Started process (PID=1206) to work on /home/airflow/.local/lib/python3.12/site-packages/airflow/example_dags/example_complex.py
[2024-06-14T12:28:48.592+0000] {processor.py:830} INFO - Processing file /home/airflow/.local/lib/python3.12/site-packages/airflow/example_dags/example_complex.py for tasks to queue
[2024-06-14T12:28:48.594+0000] {logging_mixin.py:188} INFO - [2024-06-14T12:28:48.593+0000] {dagbag.py:545} INFO - Filling up the DagBag from /home/airflow/.local/lib/python3.12/site-packages/airflow/example_dags/example_complex.py
[2024-06-14T12:28:48.601+0000] {processor.py:840} INFO - DAG(s) 'example_complex' retrieved from /home/airflow/.local/lib/python3.12/site-packages/airflow/example_dags/example_complex.py
[2024-06-14T12:28:48.624+0000] {logging_mixin.py:188} INFO - [2024-06-14T12:28:48.624+0000] {dag.py:3096} INFO - Sync 1 DAGs
[2024-06-14T12:28:48.635+0000] {logging_mixin.py:188} INFO - [2024-06-14T12:28:48.635+0000] {dag.py:3954} INFO - Setting next_dagrun for example_complex to None, run_after=None
[2024-06-14T12:28:48.650+0000] {processor.py:183} INFO - Processing /home/airflow/.local/lib/python3.12/site-packages/airflow/example_dags/example_complex.py took 0.063 seconds
[2024-06-14T12:29:18.732+0000] {processor.py:161} INFO - Started process (PID=1264) to work on /home/airflow/.local/lib/python3.12/site-packages/airflow/example_dags/example_complex.py
[2024-06-14T12:29:18.733+0000] {processor.py:830} INFO - Processing file /home/airflow/.local/lib/python3.12/site-packages/airflow/example_dags/example_complex.py for tasks to queue
[2024-06-14T12:29:18.734+0000] {logging_mixin.py:188} INFO - [2024-06-14T12:29:18.734+0000] {dagbag.py:545} INFO - Filling up the DagBag from /home/airflow/.local/lib/python3.12/site-packages/airflow/example_dags/example_complex.py
[2024-06-14T12:29:18.743+0000] {processor.py:840} INFO - DAG(s) 'example_complex' retrieved from /home/airflow/.local/lib/python3.12/site-packages/airflow/example_dags/example_complex.py
[2024-06-14T12:29:18.767+0000] {logging_mixin.py:188} INFO - [2024-06-14T12:29:18.767+0000] {dag.py:3096} INFO - Sync 1 DAGs
[2024-06-14T12:29:18.778+0000] {logging_mixin.py:188} INFO - [2024-06-14T12:29:18.778+0000] {dag.py:3954} INFO - Setting next_dagrun for example_complex to None, run_after=None
[2024-06-14T12:29:18.792+0000] {processor.py:183} INFO - Processing /home/airflow/.local/lib/python3.12/site-packages/airflow/example_dags/example_complex.py took 0.065 seconds
[2024-06-14T12:29:49.152+0000] {processor.py:161} INFO - Started process (PID=1322) to work on /home/airflow/.local/lib/python3.12/site-packages/airflow/example_dags/example_complex.py
[2024-06-14T12:29:49.153+0000] {processor.py:830} INFO - Processing file /home/airflow/.local/lib/python3.12/site-packages/airflow/example_dags/example_complex.py for tasks to queue
[2024-06-14T12:29:49.154+0000] {logging_mixin.py:188} INFO - [2024-06-14T12:29:49.154+0000] {dagbag.py:545} INFO - Filling up the DagBag from /home/airflow/.local/lib/python3.12/site-packages/airflow/example_dags/example_complex.py
[2024-06-14T12:29:49.161+0000] {processor.py:840} INFO - DAG(s) 'example_complex' retrieved from /home/airflow/.local/lib/python3.12/site-packages/airflow/example_dags/example_complex.py
[2024-06-14T12:29:49.185+0000] {logging_mixin.py:188} INFO - [2024-06-14T12:29:49.185+0000] {dag.py:3096} INFO - Sync 1 DAGs
[2024-06-14T12:29:49.194+0000] {logging_mixin.py:188} INFO - [2024-06-14T12:29:49.194+0000] {dag.py:3954} INFO - Setting next_dagrun for example_complex to None, run_after=None
[2024-06-14T12:29:49.208+0000] {processor.py:183} INFO - Processing /home/airflow/.local/lib/python3.12/site-packages/airflow/example_dags/example_complex.py took 0.060 seconds
[2024-06-14T12:30:19.506+0000] {processor.py:161} INFO - Started process (PID=1380) to work on /home/airflow/.local/lib/python3.12/site-packages/airflow/example_dags/example_complex.py
[2024-06-14T12:30:19.507+0000] {processor.py:830} INFO - Processing file /home/airflow/.local/lib/python3.12/site-packages/airflow/example_dags/example_complex.py for tasks to queue
[2024-06-14T12:30:19.509+0000] {logging_mixin.py:188} INFO - [2024-06-14T12:30:19.508+0000] {dagbag.py:545} INFO - Filling up the DagBag from /home/airflow/.local/lib/python3.12/site-packages/airflow/example_dags/example_complex.py
[2024-06-14T12:30:19.516+0000] {processor.py:840} INFO - DAG(s) 'example_complex' retrieved from /home/airflow/.local/lib/python3.12/site-packages/airflow/example_dags/example_complex.py
[2024-06-14T12:30:19.540+0000] {logging_mixin.py:188} INFO - [2024-06-14T12:30:19.540+0000] {dag.py:3096} INFO - Sync 1 DAGs
[2024-06-14T12:30:19.549+0000] {logging_mixin.py:188} INFO - [2024-06-14T12:30:19.549+0000] {dag.py:3954} INFO - Setting next_dagrun for example_complex to None, run_after=None
[2024-06-14T12:30:19.563+0000] {processor.py:183} INFO - Processing /home/airflow/.local/lib/python3.12/site-packages/airflow/example_dags/example_complex.py took 0.061 seconds
[2024-06-14T12:30:49.841+0000] {processor.py:161} INFO - Started process (PID=1438) to work on /home/airflow/.local/lib/python3.12/site-packages/airflow/example_dags/example_complex.py
[2024-06-14T12:30:49.842+0000] {processor.py:830} INFO - Processing file /home/airflow/.local/lib/python3.12/site-packages/airflow/example_dags/example_complex.py for tasks to queue
[2024-06-14T12:30:49.843+0000] {logging_mixin.py:188} INFO - [2024-06-14T12:30:49.843+0000] {dagbag.py:545} INFO - Filling up the DagBag from /home/airflow/.local/lib/python3.12/site-packages/airflow/example_dags/example_complex.py
[2024-06-14T12:30:49.851+0000] {processor.py:840} INFO - DAG(s) 'example_complex' retrieved from /home/airflow/.local/lib/python3.12/site-packages/airflow/example_dags/example_complex.py
[2024-06-14T12:30:49.875+0000] {logging_mixin.py:188} INFO - [2024-06-14T12:30:49.874+0000] {dag.py:3096} INFO - Sync 1 DAGs
[2024-06-14T12:30:49.885+0000] {logging_mixin.py:188} INFO - [2024-06-14T12:30:49.884+0000] {dag.py:3954} INFO - Setting next_dagrun for example_complex to None, run_after=None
[2024-06-14T12:30:49.900+0000] {processor.py:183} INFO - Processing /home/airflow/.local/lib/python3.12/site-packages/airflow/example_dags/example_complex.py took 0.063 seconds
[2024-06-14T12:31:20.118+0000] {processor.py:161} INFO - Started process (PID=1496) to work on /home/airflow/.local/lib/python3.12/site-packages/airflow/example_dags/example_complex.py
[2024-06-14T12:31:20.119+0000] {processor.py:830} INFO - Processing file /home/airflow/.local/lib/python3.12/site-packages/airflow/example_dags/example_complex.py for tasks to queue
[2024-06-14T12:31:20.120+0000] {logging_mixin.py:188} INFO - [2024-06-14T12:31:20.120+0000] {dagbag.py:545} INFO - Filling up the DagBag from /home/airflow/.local/lib/python3.12/site-packages/airflow/example_dags/example_complex.py
[2024-06-14T12:31:20.127+0000] {processor.py:840} INFO - DAG(s) 'example_complex' retrieved from /home/airflow/.local/lib/python3.12/site-packages/airflow/example_dags/example_complex.py
[2024-06-14T12:31:20.150+0000] {logging_mixin.py:188} INFO - [2024-06-14T12:31:20.150+0000] {dag.py:3096} INFO - Sync 1 DAGs
[2024-06-14T12:31:20.160+0000] {logging_mixin.py:188} INFO - [2024-06-14T12:31:20.159+0000] {dag.py:3954} INFO - Setting next_dagrun for example_complex to None, run_after=None
[2024-06-14T12:31:20.175+0000] {processor.py:183} INFO - Processing /home/airflow/.local/lib/python3.12/site-packages/airflow/example_dags/example_complex.py took 0.061 seconds
[2024-06-14T12:31:50.450+0000] {processor.py:161} INFO - Started process (PID=1554) to work on /home/airflow/.local/lib/python3.12/site-packages/airflow/example_dags/example_complex.py
[2024-06-14T12:31:50.451+0000] {processor.py:830} INFO - Processing file /home/airflow/.local/lib/python3.12/site-packages/airflow/example_dags/example_complex.py for tasks to queue
[2024-06-14T12:31:50.452+0000] {logging_mixin.py:188} INFO - [2024-06-14T12:31:50.452+0000] {dagbag.py:545} INFO - Filling up the DagBag from /home/airflow/.local/lib/python3.12/site-packages/airflow/example_dags/example_complex.py
[2024-06-14T12:31:50.459+0000] {processor.py:840} INFO - DAG(s) 'example_complex' retrieved from /home/airflow/.local/lib/python3.12/site-packages/airflow/example_dags/example_complex.py
[2024-06-14T12:31:50.481+0000] {logging_mixin.py:188} INFO - [2024-06-14T12:31:50.481+0000] {dag.py:3096} INFO - Sync 1 DAGs
[2024-06-14T12:31:50.490+0000] {logging_mixin.py:188} INFO - [2024-06-14T12:31:50.490+0000] {dag.py:3954} INFO - Setting next_dagrun for example_complex to None, run_after=None
[2024-06-14T12:31:50.505+0000] {processor.py:183} INFO - Processing /home/airflow/.local/lib/python3.12/site-packages/airflow/example_dags/example_complex.py took 0.060 seconds
[2024-06-14T12:32:20.710+0000] {processor.py:161} INFO - Started process (PID=1613) to work on /home/airflow/.local/lib/python3.12/site-packages/airflow/example_dags/example_complex.py
[2024-06-14T12:32:20.711+0000] {processor.py:830} INFO - Processing file /home/airflow/.local/lib/python3.12/site-packages/airflow/example_dags/example_complex.py for tasks to queue
[2024-06-14T12:32:20.712+0000] {logging_mixin.py:188} INFO - [2024-06-14T12:32:20.712+0000] {dagbag.py:545} INFO - Filling up the DagBag from /home/airflow/.local/lib/python3.12/site-packages/airflow/example_dags/example_complex.py
[2024-06-14T12:32:20.719+0000] {processor.py:840} INFO - DAG(s) 'example_complex' retrieved from /home/airflow/.local/lib/python3.12/site-packages/airflow/example_dags/example_complex.py
[2024-06-14T12:32:20.743+0000] {logging_mixin.py:188} INFO - [2024-06-14T12:32:20.743+0000] {dag.py:3096} INFO - Sync 1 DAGs
[2024-06-14T12:32:20.752+0000] {logging_mixin.py:188} INFO - [2024-06-14T12:32:20.752+0000] {dag.py:3954} INFO - Setting next_dagrun for example_complex to None, run_after=None
[2024-06-14T12:32:20.770+0000] {processor.py:183} INFO - Processing /home/airflow/.local/lib/python3.12/site-packages/airflow/example_dags/example_complex.py took 0.064 seconds
[2024-06-14T12:32:51.060+0000] {processor.py:161} INFO - Started process (PID=1671) to work on /home/airflow/.local/lib/python3.12/site-packages/airflow/example_dags/example_complex.py
[2024-06-14T12:32:51.060+0000] {processor.py:830} INFO - Processing file /home/airflow/.local/lib/python3.12/site-packages/airflow/example_dags/example_complex.py for tasks to queue
[2024-06-14T12:32:51.062+0000] {logging_mixin.py:188} INFO - [2024-06-14T12:32:51.062+0000] {dagbag.py:545} INFO - Filling up the DagBag from /home/airflow/.local/lib/python3.12/site-packages/airflow/example_dags/example_complex.py
[2024-06-14T12:32:51.070+0000] {processor.py:840} INFO - DAG(s) 'example_complex' retrieved from /home/airflow/.local/lib/python3.12/site-packages/airflow/example_dags/example_complex.py
[2024-06-14T12:32:51.094+0000] {logging_mixin.py:188} INFO - [2024-06-14T12:32:51.094+0000] {dag.py:3096} INFO - Sync 1 DAGs
[2024-06-14T12:32:51.105+0000] {logging_mixin.py:188} INFO - [2024-06-14T12:32:51.105+0000] {dag.py:3954} INFO - Setting next_dagrun for example_complex to None, run_after=None
[2024-06-14T12:32:51.120+0000] {processor.py:183} INFO - Processing /home/airflow/.local/lib/python3.12/site-packages/airflow/example_dags/example_complex.py took 0.064 seconds
[2024-06-14T12:33:21.554+0000] {processor.py:161} INFO - Started process (PID=1729) to work on /home/airflow/.local/lib/python3.12/site-packages/airflow/example_dags/example_complex.py
[2024-06-14T12:33:21.555+0000] {processor.py:830} INFO - Processing file /home/airflow/.local/lib/python3.12/site-packages/airflow/example_dags/example_complex.py for tasks to queue
[2024-06-14T12:33:21.557+0000] {logging_mixin.py:188} INFO - [2024-06-14T12:33:21.557+0000] {dagbag.py:545} INFO - Filling up the DagBag from /home/airflow/.local/lib/python3.12/site-packages/airflow/example_dags/example_complex.py
[2024-06-14T12:33:21.565+0000] {processor.py:840} INFO - DAG(s) 'example_complex' retrieved from /home/airflow/.local/lib/python3.12/site-packages/airflow/example_dags/example_complex.py
[2024-06-14T12:33:21.606+0000] {logging_mixin.py:188} INFO - [2024-06-14T12:33:21.606+0000] {dag.py:3096} INFO - Sync 1 DAGs
[2024-06-14T12:33:21.618+0000] {logging_mixin.py:188} INFO - [2024-06-14T12:33:21.618+0000] {dag.py:3954} INFO - Setting next_dagrun for example_complex to None, run_after=None
[2024-06-14T12:33:21.635+0000] {processor.py:183} INFO - Processing /home/airflow/.local/lib/python3.12/site-packages/airflow/example_dags/example_complex.py took 0.086 seconds
[2024-06-14T12:33:52.354+0000] {processor.py:161} INFO - Started process (PID=1787) to work on /home/airflow/.local/lib/python3.12/site-packages/airflow/example_dags/example_complex.py
[2024-06-14T12:33:52.355+0000] {processor.py:830} INFO - Processing file /home/airflow/.local/lib/python3.12/site-packages/airflow/example_dags/example_complex.py for tasks to queue
[2024-06-14T12:33:52.356+0000] {logging_mixin.py:188} INFO - [2024-06-14T12:33:52.356+0000] {dagbag.py:545} INFO - Filling up the DagBag from /home/airflow/.local/lib/python3.12/site-packages/airflow/example_dags/example_complex.py
[2024-06-14T12:33:52.364+0000] {processor.py:840} INFO - DAG(s) 'example_complex' retrieved from /home/airflow/.local/lib/python3.12/site-packages/airflow/example_dags/example_complex.py
[2024-06-14T12:33:52.391+0000] {logging_mixin.py:188} INFO - [2024-06-14T12:33:52.391+0000] {dag.py:3096} INFO - Sync 1 DAGs
[2024-06-14T12:33:52.404+0000] {logging_mixin.py:188} INFO - [2024-06-14T12:33:52.404+0000] {dag.py:3954} INFO - Setting next_dagrun for example_complex to None, run_after=None
[2024-06-14T12:33:52.423+0000] {processor.py:183} INFO - Processing /home/airflow/.local/lib/python3.12/site-packages/airflow/example_dags/example_complex.py took 0.073 seconds
[2024-06-14T12:34:22.854+0000] {processor.py:161} INFO - Started process (PID=1845) to work on /home/airflow/.local/lib/python3.12/site-packages/airflow/example_dags/example_complex.py
[2024-06-14T12:34:22.855+0000] {processor.py:830} INFO - Processing file /home/airflow/.local/lib/python3.12/site-packages/airflow/example_dags/example_complex.py for tasks to queue
[2024-06-14T12:34:22.856+0000] {logging_mixin.py:188} INFO - [2024-06-14T12:34:22.856+0000] {dagbag.py:545} INFO - Filling up the DagBag from /home/airflow/.local/lib/python3.12/site-packages/airflow/example_dags/example_complex.py
[2024-06-14T12:34:22.862+0000] {processor.py:840} INFO - DAG(s) 'example_complex' retrieved from /home/airflow/.local/lib/python3.12/site-packages/airflow/example_dags/example_complex.py
[2024-06-14T12:34:22.884+0000] {logging_mixin.py:188} INFO - [2024-06-14T12:34:22.884+0000] {dag.py:3096} INFO - Sync 1 DAGs
[2024-06-14T12:34:22.894+0000] {logging_mixin.py:188} INFO - [2024-06-14T12:34:22.893+0000] {dag.py:3954} INFO - Setting next_dagrun for example_complex to None, run_after=None
[2024-06-14T12:34:22.909+0000] {processor.py:183} INFO - Processing /home/airflow/.local/lib/python3.12/site-packages/airflow/example_dags/example_complex.py took 0.059 seconds
