[2024-06-14T12:06:31.277+0000] {processor.py:161} INFO - Started process (PID=60) to work on /home/airflow/.local/lib/python3.12/site-packages/airflow/example_dags/example_external_task_marker_dag.py
[2024-06-14T12:06:31.278+0000] {processor.py:830} INFO - Processing file /home/airflow/.local/lib/python3.12/site-packages/airflow/example_dags/example_external_task_marker_dag.py for tasks to queue
[2024-06-14T12:06:31.280+0000] {logging_mixin.py:188} INFO - [2024-06-14T12:06:31.280+0000] {dagbag.py:545} INFO - Filling up the DagBag from /home/airflow/.local/lib/python3.12/site-packages/airflow/example_dags/example_external_task_marker_dag.py
[2024-06-14T12:06:31.290+0000] {processor.py:840} INFO - DAG(s) 'example_external_task_marker_child', 'example_external_task_marker_parent' retrieved from /home/airflow/.local/lib/python3.12/site-packages/airflow/example_dags/example_external_task_marker_dag.py
[2024-06-14T12:06:31.303+0000] {logging_mixin.py:188} INFO - [2024-06-14T12:06:31.302+0000] {dag.py:3096} INFO - Sync 2 DAGs
[2024-06-14T12:06:31.318+0000] {logging_mixin.py:188} INFO - [2024-06-14T12:06:31.318+0000] {dag.py:3954} INFO - Setting next_dagrun for example_external_task_marker_child to None, run_after=None
[2024-06-14T12:06:31.323+0000] {logging_mixin.py:188} INFO - [2024-06-14T12:06:31.322+0000] {dag.py:3954} INFO - Setting next_dagrun for example_external_task_marker_parent to None, run_after=None
[2024-06-14T12:06:31.340+0000] {processor.py:183} INFO - Processing /home/airflow/.local/lib/python3.12/site-packages/airflow/example_dags/example_external_task_marker_dag.py took 0.067 seconds
[2024-06-14T12:07:02.708+0000] {processor.py:161} INFO - Started process (PID=118) to work on /home/airflow/.local/lib/python3.12/site-packages/airflow/example_dags/example_external_task_marker_dag.py
[2024-06-14T12:07:02.709+0000] {processor.py:830} INFO - Processing file /home/airflow/.local/lib/python3.12/site-packages/airflow/example_dags/example_external_task_marker_dag.py for tasks to queue
[2024-06-14T12:07:02.711+0000] {logging_mixin.py:188} INFO - [2024-06-14T12:07:02.710+0000] {dagbag.py:545} INFO - Filling up the DagBag from /home/airflow/.local/lib/python3.12/site-packages/airflow/example_dags/example_external_task_marker_dag.py
[2024-06-14T12:07:02.715+0000] {processor.py:840} INFO - DAG(s) 'example_external_task_marker_child', 'example_external_task_marker_parent' retrieved from /home/airflow/.local/lib/python3.12/site-packages/airflow/example_dags/example_external_task_marker_dag.py
[2024-06-14T12:07:02.795+0000] {logging_mixin.py:188} INFO - [2024-06-14T12:07:02.794+0000] {dag.py:3096} INFO - Sync 2 DAGs
[2024-06-14T12:07:02.803+0000] {logging_mixin.py:188} INFO - [2024-06-14T12:07:02.803+0000] {dag.py:3954} INFO - Setting next_dagrun for example_external_task_marker_child to None, run_after=None
[2024-06-14T12:07:02.806+0000] {logging_mixin.py:188} INFO - [2024-06-14T12:07:02.806+0000] {dag.py:3954} INFO - Setting next_dagrun for example_external_task_marker_parent to None, run_after=None
[2024-06-14T12:07:02.819+0000] {processor.py:183} INFO - Processing /home/airflow/.local/lib/python3.12/site-packages/airflow/example_dags/example_external_task_marker_dag.py took 0.115 seconds
[2024-06-14T12:07:32.882+0000] {processor.py:161} INFO - Started process (PID=176) to work on /home/airflow/.local/lib/python3.12/site-packages/airflow/example_dags/example_external_task_marker_dag.py
[2024-06-14T12:07:32.883+0000] {processor.py:830} INFO - Processing file /home/airflow/.local/lib/python3.12/site-packages/airflow/example_dags/example_external_task_marker_dag.py for tasks to queue
[2024-06-14T12:07:32.885+0000] {logging_mixin.py:188} INFO - [2024-06-14T12:07:32.884+0000] {dagbag.py:545} INFO - Filling up the DagBag from /home/airflow/.local/lib/python3.12/site-packages/airflow/example_dags/example_external_task_marker_dag.py
[2024-06-14T12:07:32.889+0000] {processor.py:840} INFO - DAG(s) 'example_external_task_marker_child', 'example_external_task_marker_parent' retrieved from /home/airflow/.local/lib/python3.12/site-packages/airflow/example_dags/example_external_task_marker_dag.py
[2024-06-14T12:07:32.906+0000] {logging_mixin.py:188} INFO - [2024-06-14T12:07:32.905+0000] {dag.py:3096} INFO - Sync 2 DAGs
[2024-06-14T12:07:32.915+0000] {logging_mixin.py:188} INFO - [2024-06-14T12:07:32.915+0000] {dag.py:3954} INFO - Setting next_dagrun for example_external_task_marker_child to None, run_after=None
[2024-06-14T12:07:32.918+0000] {logging_mixin.py:188} INFO - [2024-06-14T12:07:32.918+0000] {dag.py:3954} INFO - Setting next_dagrun for example_external_task_marker_parent to None, run_after=None
[2024-06-14T12:07:32.932+0000] {processor.py:183} INFO - Processing /home/airflow/.local/lib/python3.12/site-packages/airflow/example_dags/example_external_task_marker_dag.py took 0.054 seconds
[2024-06-14T12:08:03.128+0000] {processor.py:161} INFO - Started process (PID=234) to work on /home/airflow/.local/lib/python3.12/site-packages/airflow/example_dags/example_external_task_marker_dag.py
[2024-06-14T12:08:03.129+0000] {processor.py:830} INFO - Processing file /home/airflow/.local/lib/python3.12/site-packages/airflow/example_dags/example_external_task_marker_dag.py for tasks to queue
[2024-06-14T12:08:03.130+0000] {logging_mixin.py:188} INFO - [2024-06-14T12:08:03.130+0000] {dagbag.py:545} INFO - Filling up the DagBag from /home/airflow/.local/lib/python3.12/site-packages/airflow/example_dags/example_external_task_marker_dag.py
[2024-06-14T12:08:03.135+0000] {processor.py:840} INFO - DAG(s) 'example_external_task_marker_child', 'example_external_task_marker_parent' retrieved from /home/airflow/.local/lib/python3.12/site-packages/airflow/example_dags/example_external_task_marker_dag.py
[2024-06-14T12:08:03.152+0000] {logging_mixin.py:188} INFO - [2024-06-14T12:08:03.152+0000] {dag.py:3096} INFO - Sync 2 DAGs
[2024-06-14T12:08:03.161+0000] {logging_mixin.py:188} INFO - [2024-06-14T12:08:03.161+0000] {dag.py:3954} INFO - Setting next_dagrun for example_external_task_marker_child to None, run_after=None
[2024-06-14T12:08:03.164+0000] {logging_mixin.py:188} INFO - [2024-06-14T12:08:03.164+0000] {dag.py:3954} INFO - Setting next_dagrun for example_external_task_marker_parent to None, run_after=None
[2024-06-14T12:08:03.177+0000] {processor.py:183} INFO - Processing /home/airflow/.local/lib/python3.12/site-packages/airflow/example_dags/example_external_task_marker_dag.py took 0.053 seconds
[2024-06-14T12:08:33.397+0000] {processor.py:161} INFO - Started process (PID=292) to work on /home/airflow/.local/lib/python3.12/site-packages/airflow/example_dags/example_external_task_marker_dag.py
[2024-06-14T12:08:33.397+0000] {processor.py:830} INFO - Processing file /home/airflow/.local/lib/python3.12/site-packages/airflow/example_dags/example_external_task_marker_dag.py for tasks to queue
[2024-06-14T12:08:33.399+0000] {logging_mixin.py:188} INFO - [2024-06-14T12:08:33.398+0000] {dagbag.py:545} INFO - Filling up the DagBag from /home/airflow/.local/lib/python3.12/site-packages/airflow/example_dags/example_external_task_marker_dag.py
[2024-06-14T12:08:33.403+0000] {processor.py:840} INFO - DAG(s) 'example_external_task_marker_child', 'example_external_task_marker_parent' retrieved from /home/airflow/.local/lib/python3.12/site-packages/airflow/example_dags/example_external_task_marker_dag.py
[2024-06-14T12:08:33.423+0000] {logging_mixin.py:188} INFO - [2024-06-14T12:08:33.423+0000] {dag.py:3096} INFO - Sync 2 DAGs
[2024-06-14T12:08:33.433+0000] {logging_mixin.py:188} INFO - [2024-06-14T12:08:33.433+0000] {dag.py:3954} INFO - Setting next_dagrun for example_external_task_marker_child to None, run_after=None
[2024-06-14T12:08:33.436+0000] {logging_mixin.py:188} INFO - [2024-06-14T12:08:33.436+0000] {dag.py:3954} INFO - Setting next_dagrun for example_external_task_marker_parent to None, run_after=None
[2024-06-14T12:08:33.449+0000] {processor.py:183} INFO - Processing /home/airflow/.local/lib/python3.12/site-packages/airflow/example_dags/example_external_task_marker_dag.py took 0.056 seconds
[2024-06-14T12:09:03.541+0000] {processor.py:161} INFO - Started process (PID=350) to work on /home/airflow/.local/lib/python3.12/site-packages/airflow/example_dags/example_external_task_marker_dag.py
[2024-06-14T12:09:03.542+0000] {processor.py:830} INFO - Processing file /home/airflow/.local/lib/python3.12/site-packages/airflow/example_dags/example_external_task_marker_dag.py for tasks to queue
[2024-06-14T12:09:03.543+0000] {logging_mixin.py:188} INFO - [2024-06-14T12:09:03.543+0000] {dagbag.py:545} INFO - Filling up the DagBag from /home/airflow/.local/lib/python3.12/site-packages/airflow/example_dags/example_external_task_marker_dag.py
[2024-06-14T12:09:03.547+0000] {processor.py:840} INFO - DAG(s) 'example_external_task_marker_parent', 'example_external_task_marker_child' retrieved from /home/airflow/.local/lib/python3.12/site-packages/airflow/example_dags/example_external_task_marker_dag.py
[2024-06-14T12:09:03.564+0000] {logging_mixin.py:188} INFO - [2024-06-14T12:09:03.564+0000] {dag.py:3096} INFO - Sync 2 DAGs
[2024-06-14T12:09:03.574+0000] {logging_mixin.py:188} INFO - [2024-06-14T12:09:03.573+0000] {dag.py:3954} INFO - Setting next_dagrun for example_external_task_marker_child to None, run_after=None
[2024-06-14T12:09:03.577+0000] {logging_mixin.py:188} INFO - [2024-06-14T12:09:03.577+0000] {dag.py:3954} INFO - Setting next_dagrun for example_external_task_marker_parent to None, run_after=None
[2024-06-14T12:09:03.590+0000] {processor.py:183} INFO - Processing /home/airflow/.local/lib/python3.12/site-packages/airflow/example_dags/example_external_task_marker_dag.py took 0.054 seconds
[2024-06-14T12:09:34.091+0000] {processor.py:161} INFO - Started process (PID=415) to work on /home/airflow/.local/lib/python3.12/site-packages/airflow/example_dags/example_external_task_marker_dag.py
[2024-06-14T12:09:34.092+0000] {processor.py:830} INFO - Processing file /home/airflow/.local/lib/python3.12/site-packages/airflow/example_dags/example_external_task_marker_dag.py for tasks to queue
[2024-06-14T12:09:34.095+0000] {logging_mixin.py:188} INFO - [2024-06-14T12:09:34.094+0000] {dagbag.py:545} INFO - Filling up the DagBag from /home/airflow/.local/lib/python3.12/site-packages/airflow/example_dags/example_external_task_marker_dag.py
[2024-06-14T12:09:34.100+0000] {processor.py:840} INFO - DAG(s) 'example_external_task_marker_parent', 'example_external_task_marker_child' retrieved from /home/airflow/.local/lib/python3.12/site-packages/airflow/example_dags/example_external_task_marker_dag.py
[2024-06-14T12:09:34.120+0000] {logging_mixin.py:188} INFO - [2024-06-14T12:09:34.120+0000] {dag.py:3096} INFO - Sync 2 DAGs
[2024-06-14T12:09:34.136+0000] {logging_mixin.py:188} INFO - [2024-06-14T12:09:34.135+0000] {dag.py:3954} INFO - Setting next_dagrun for example_external_task_marker_child to None, run_after=None
[2024-06-14T12:09:34.140+0000] {logging_mixin.py:188} INFO - [2024-06-14T12:09:34.140+0000] {dag.py:3954} INFO - Setting next_dagrun for example_external_task_marker_parent to None, run_after=None
[2024-06-14T12:09:34.156+0000] {processor.py:183} INFO - Processing /home/airflow/.local/lib/python3.12/site-packages/airflow/example_dags/example_external_task_marker_dag.py took 0.075 seconds
[2024-06-14T12:10:05.167+0000] {processor.py:161} INFO - Started process (PID=473) to work on /home/airflow/.local/lib/python3.12/site-packages/airflow/example_dags/example_external_task_marker_dag.py
[2024-06-14T12:10:05.168+0000] {processor.py:830} INFO - Processing file /home/airflow/.local/lib/python3.12/site-packages/airflow/example_dags/example_external_task_marker_dag.py for tasks to queue
[2024-06-14T12:10:05.169+0000] {logging_mixin.py:188} INFO - [2024-06-14T12:10:05.169+0000] {dagbag.py:545} INFO - Filling up the DagBag from /home/airflow/.local/lib/python3.12/site-packages/airflow/example_dags/example_external_task_marker_dag.py
[2024-06-14T12:10:05.173+0000] {processor.py:840} INFO - DAG(s) 'example_external_task_marker_parent', 'example_external_task_marker_child' retrieved from /home/airflow/.local/lib/python3.12/site-packages/airflow/example_dags/example_external_task_marker_dag.py
[2024-06-14T12:10:05.190+0000] {logging_mixin.py:188} INFO - [2024-06-14T12:10:05.189+0000] {dag.py:3096} INFO - Sync 2 DAGs
[2024-06-14T12:10:05.200+0000] {logging_mixin.py:188} INFO - [2024-06-14T12:10:05.200+0000] {dag.py:3954} INFO - Setting next_dagrun for example_external_task_marker_child to None, run_after=None
[2024-06-14T12:10:05.204+0000] {logging_mixin.py:188} INFO - [2024-06-14T12:10:05.203+0000] {dag.py:3954} INFO - Setting next_dagrun for example_external_task_marker_parent to None, run_after=None
[2024-06-14T12:10:05.218+0000] {processor.py:183} INFO - Processing /home/airflow/.local/lib/python3.12/site-packages/airflow/example_dags/example_external_task_marker_dag.py took 0.056 seconds
[2024-06-14T12:10:35.301+0000] {processor.py:161} INFO - Started process (PID=531) to work on /home/airflow/.local/lib/python3.12/site-packages/airflow/example_dags/example_external_task_marker_dag.py
[2024-06-14T12:10:35.302+0000] {processor.py:830} INFO - Processing file /home/airflow/.local/lib/python3.12/site-packages/airflow/example_dags/example_external_task_marker_dag.py for tasks to queue
[2024-06-14T12:10:35.303+0000] {logging_mixin.py:188} INFO - [2024-06-14T12:10:35.303+0000] {dagbag.py:545} INFO - Filling up the DagBag from /home/airflow/.local/lib/python3.12/site-packages/airflow/example_dags/example_external_task_marker_dag.py
[2024-06-14T12:10:35.307+0000] {processor.py:840} INFO - DAG(s) 'example_external_task_marker_child', 'example_external_task_marker_parent' retrieved from /home/airflow/.local/lib/python3.12/site-packages/airflow/example_dags/example_external_task_marker_dag.py
[2024-06-14T12:10:35.330+0000] {logging_mixin.py:188} INFO - [2024-06-14T12:10:35.330+0000] {dag.py:3096} INFO - Sync 2 DAGs
[2024-06-14T12:10:35.344+0000] {logging_mixin.py:188} INFO - [2024-06-14T12:10:35.344+0000] {dag.py:3954} INFO - Setting next_dagrun for example_external_task_marker_child to None, run_after=None
[2024-06-14T12:10:35.352+0000] {logging_mixin.py:188} INFO - [2024-06-14T12:10:35.352+0000] {dag.py:3954} INFO - Setting next_dagrun for example_external_task_marker_parent to None, run_after=None
[2024-06-14T12:10:35.368+0000] {processor.py:183} INFO - Processing /home/airflow/.local/lib/python3.12/site-packages/airflow/example_dags/example_external_task_marker_dag.py took 0.071 seconds
[2024-06-14T12:11:05.589+0000] {processor.py:161} INFO - Started process (PID=596) to work on /home/airflow/.local/lib/python3.12/site-packages/airflow/example_dags/example_external_task_marker_dag.py
[2024-06-14T12:11:05.590+0000] {processor.py:830} INFO - Processing file /home/airflow/.local/lib/python3.12/site-packages/airflow/example_dags/example_external_task_marker_dag.py for tasks to queue
[2024-06-14T12:11:05.591+0000] {logging_mixin.py:188} INFO - [2024-06-14T12:11:05.591+0000] {dagbag.py:545} INFO - Filling up the DagBag from /home/airflow/.local/lib/python3.12/site-packages/airflow/example_dags/example_external_task_marker_dag.py
[2024-06-14T12:11:05.595+0000] {processor.py:840} INFO - DAG(s) 'example_external_task_marker_parent', 'example_external_task_marker_child' retrieved from /home/airflow/.local/lib/python3.12/site-packages/airflow/example_dags/example_external_task_marker_dag.py
[2024-06-14T12:11:05.611+0000] {logging_mixin.py:188} INFO - [2024-06-14T12:11:05.611+0000] {dag.py:3096} INFO - Sync 2 DAGs
[2024-06-14T12:11:05.620+0000] {logging_mixin.py:188} INFO - [2024-06-14T12:11:05.620+0000] {dag.py:3954} INFO - Setting next_dagrun for example_external_task_marker_child to None, run_after=None
[2024-06-14T12:11:05.623+0000] {logging_mixin.py:188} INFO - [2024-06-14T12:11:05.623+0000] {dag.py:3954} INFO - Setting next_dagrun for example_external_task_marker_parent to None, run_after=None
[2024-06-14T12:11:05.636+0000] {processor.py:183} INFO - Processing /home/airflow/.local/lib/python3.12/site-packages/airflow/example_dags/example_external_task_marker_dag.py took 0.051 seconds
[2024-06-14T12:11:35.778+0000] {processor.py:161} INFO - Started process (PID=654) to work on /home/airflow/.local/lib/python3.12/site-packages/airflow/example_dags/example_external_task_marker_dag.py
[2024-06-14T12:11:35.779+0000] {processor.py:830} INFO - Processing file /home/airflow/.local/lib/python3.12/site-packages/airflow/example_dags/example_external_task_marker_dag.py for tasks to queue
[2024-06-14T12:11:35.780+0000] {logging_mixin.py:188} INFO - [2024-06-14T12:11:35.780+0000] {dagbag.py:545} INFO - Filling up the DagBag from /home/airflow/.local/lib/python3.12/site-packages/airflow/example_dags/example_external_task_marker_dag.py
[2024-06-14T12:11:35.785+0000] {processor.py:840} INFO - DAG(s) 'example_external_task_marker_parent', 'example_external_task_marker_child' retrieved from /home/airflow/.local/lib/python3.12/site-packages/airflow/example_dags/example_external_task_marker_dag.py
[2024-06-14T12:11:35.804+0000] {logging_mixin.py:188} INFO - [2024-06-14T12:11:35.804+0000] {dag.py:3096} INFO - Sync 2 DAGs
[2024-06-14T12:11:35.814+0000] {logging_mixin.py:188} INFO - [2024-06-14T12:11:35.814+0000] {dag.py:3954} INFO - Setting next_dagrun for example_external_task_marker_child to None, run_after=None
[2024-06-14T12:11:35.817+0000] {logging_mixin.py:188} INFO - [2024-06-14T12:11:35.817+0000] {dag.py:3954} INFO - Setting next_dagrun for example_external_task_marker_parent to None, run_after=None
[2024-06-14T12:11:35.829+0000] {processor.py:183} INFO - Processing /home/airflow/.local/lib/python3.12/site-packages/airflow/example_dags/example_external_task_marker_dag.py took 0.056 seconds
[2024-06-14T12:12:06.001+0000] {processor.py:161} INFO - Started process (PID=712) to work on /home/airflow/.local/lib/python3.12/site-packages/airflow/example_dags/example_external_task_marker_dag.py
[2024-06-14T12:12:06.002+0000] {processor.py:830} INFO - Processing file /home/airflow/.local/lib/python3.12/site-packages/airflow/example_dags/example_external_task_marker_dag.py for tasks to queue
[2024-06-14T12:12:06.003+0000] {logging_mixin.py:188} INFO - [2024-06-14T12:12:06.003+0000] {dagbag.py:545} INFO - Filling up the DagBag from /home/airflow/.local/lib/python3.12/site-packages/airflow/example_dags/example_external_task_marker_dag.py
[2024-06-14T12:12:06.007+0000] {processor.py:840} INFO - DAG(s) 'example_external_task_marker_parent', 'example_external_task_marker_child' retrieved from /home/airflow/.local/lib/python3.12/site-packages/airflow/example_dags/example_external_task_marker_dag.py
[2024-06-14T12:12:06.024+0000] {logging_mixin.py:188} INFO - [2024-06-14T12:12:06.024+0000] {dag.py:3096} INFO - Sync 2 DAGs
[2024-06-14T12:12:06.035+0000] {logging_mixin.py:188} INFO - [2024-06-14T12:12:06.034+0000] {dag.py:3954} INFO - Setting next_dagrun for example_external_task_marker_child to None, run_after=None
[2024-06-14T12:12:06.038+0000] {logging_mixin.py:188} INFO - [2024-06-14T12:12:06.038+0000] {dag.py:3954} INFO - Setting next_dagrun for example_external_task_marker_parent to None, run_after=None
[2024-06-14T12:12:06.050+0000] {processor.py:183} INFO - Processing /home/airflow/.local/lib/python3.12/site-packages/airflow/example_dags/example_external_task_marker_dag.py took 0.054 seconds
[2024-06-14T12:12:36.165+0000] {processor.py:161} INFO - Started process (PID=770) to work on /home/airflow/.local/lib/python3.12/site-packages/airflow/example_dags/example_external_task_marker_dag.py
[2024-06-14T12:12:36.166+0000] {processor.py:830} INFO - Processing file /home/airflow/.local/lib/python3.12/site-packages/airflow/example_dags/example_external_task_marker_dag.py for tasks to queue
[2024-06-14T12:12:36.167+0000] {logging_mixin.py:188} INFO - [2024-06-14T12:12:36.167+0000] {dagbag.py:545} INFO - Filling up the DagBag from /home/airflow/.local/lib/python3.12/site-packages/airflow/example_dags/example_external_task_marker_dag.py
[2024-06-14T12:12:36.171+0000] {processor.py:840} INFO - DAG(s) 'example_external_task_marker_child', 'example_external_task_marker_parent' retrieved from /home/airflow/.local/lib/python3.12/site-packages/airflow/example_dags/example_external_task_marker_dag.py
[2024-06-14T12:12:36.189+0000] {logging_mixin.py:188} INFO - [2024-06-14T12:12:36.188+0000] {dag.py:3096} INFO - Sync 2 DAGs
[2024-06-14T12:12:36.200+0000] {logging_mixin.py:188} INFO - [2024-06-14T12:12:36.200+0000] {dag.py:3954} INFO - Setting next_dagrun for example_external_task_marker_child to None, run_after=None
[2024-06-14T12:12:36.203+0000] {logging_mixin.py:188} INFO - [2024-06-14T12:12:36.203+0000] {dag.py:3954} INFO - Setting next_dagrun for example_external_task_marker_parent to None, run_after=None
[2024-06-14T12:12:36.216+0000] {processor.py:183} INFO - Processing /home/airflow/.local/lib/python3.12/site-packages/airflow/example_dags/example_external_task_marker_dag.py took 0.055 seconds
[2024-06-14T12:13:06.330+0000] {processor.py:161} INFO - Started process (PID=828) to work on /home/airflow/.local/lib/python3.12/site-packages/airflow/example_dags/example_external_task_marker_dag.py
[2024-06-14T12:13:06.331+0000] {processor.py:830} INFO - Processing file /home/airflow/.local/lib/python3.12/site-packages/airflow/example_dags/example_external_task_marker_dag.py for tasks to queue
[2024-06-14T12:13:06.333+0000] {logging_mixin.py:188} INFO - [2024-06-14T12:13:06.333+0000] {dagbag.py:545} INFO - Filling up the DagBag from /home/airflow/.local/lib/python3.12/site-packages/airflow/example_dags/example_external_task_marker_dag.py
[2024-06-14T12:13:06.338+0000] {processor.py:840} INFO - DAG(s) 'example_external_task_marker_child', 'example_external_task_marker_parent' retrieved from /home/airflow/.local/lib/python3.12/site-packages/airflow/example_dags/example_external_task_marker_dag.py
[2024-06-14T12:13:06.356+0000] {logging_mixin.py:188} INFO - [2024-06-14T12:13:06.356+0000] {dag.py:3096} INFO - Sync 2 DAGs
[2024-06-14T12:13:06.365+0000] {logging_mixin.py:188} INFO - [2024-06-14T12:13:06.365+0000] {dag.py:3954} INFO - Setting next_dagrun for example_external_task_marker_child to None, run_after=None
[2024-06-14T12:13:06.368+0000] {logging_mixin.py:188} INFO - [2024-06-14T12:13:06.368+0000] {dag.py:3954} INFO - Setting next_dagrun for example_external_task_marker_parent to None, run_after=None
[2024-06-14T12:13:06.381+0000] {processor.py:183} INFO - Processing /home/airflow/.local/lib/python3.12/site-packages/airflow/example_dags/example_external_task_marker_dag.py took 0.054 seconds
[2024-06-14T12:13:36.667+0000] {processor.py:161} INFO - Started process (PID=886) to work on /home/airflow/.local/lib/python3.12/site-packages/airflow/example_dags/example_external_task_marker_dag.py
[2024-06-14T12:13:36.668+0000] {processor.py:830} INFO - Processing file /home/airflow/.local/lib/python3.12/site-packages/airflow/example_dags/example_external_task_marker_dag.py for tasks to queue
[2024-06-14T12:13:36.669+0000] {logging_mixin.py:188} INFO - [2024-06-14T12:13:36.669+0000] {dagbag.py:545} INFO - Filling up the DagBag from /home/airflow/.local/lib/python3.12/site-packages/airflow/example_dags/example_external_task_marker_dag.py
[2024-06-14T12:13:36.675+0000] {processor.py:840} INFO - DAG(s) 'example_external_task_marker_parent', 'example_external_task_marker_child' retrieved from /home/airflow/.local/lib/python3.12/site-packages/airflow/example_dags/example_external_task_marker_dag.py
[2024-06-14T12:13:36.693+0000] {logging_mixin.py:188} INFO - [2024-06-14T12:13:36.693+0000] {dag.py:3096} INFO - Sync 2 DAGs
[2024-06-14T12:13:36.704+0000] {logging_mixin.py:188} INFO - [2024-06-14T12:13:36.704+0000] {dag.py:3954} INFO - Setting next_dagrun for example_external_task_marker_child to None, run_after=None
[2024-06-14T12:13:36.709+0000] {logging_mixin.py:188} INFO - [2024-06-14T12:13:36.708+0000] {dag.py:3954} INFO - Setting next_dagrun for example_external_task_marker_parent to None, run_after=None
[2024-06-14T12:13:36.722+0000] {processor.py:183} INFO - Processing /home/airflow/.local/lib/python3.12/site-packages/airflow/example_dags/example_external_task_marker_dag.py took 0.059 seconds
[2024-06-14T12:14:07.083+0000] {processor.py:161} INFO - Started process (PID=943) to work on /home/airflow/.local/lib/python3.12/site-packages/airflow/example_dags/example_external_task_marker_dag.py
[2024-06-14T12:14:07.083+0000] {processor.py:830} INFO - Processing file /home/airflow/.local/lib/python3.12/site-packages/airflow/example_dags/example_external_task_marker_dag.py for tasks to queue
[2024-06-14T12:14:07.085+0000] {logging_mixin.py:188} INFO - [2024-06-14T12:14:07.084+0000] {dagbag.py:545} INFO - Filling up the DagBag from /home/airflow/.local/lib/python3.12/site-packages/airflow/example_dags/example_external_task_marker_dag.py
[2024-06-14T12:14:07.089+0000] {processor.py:840} INFO - DAG(s) 'example_external_task_marker_child', 'example_external_task_marker_parent' retrieved from /home/airflow/.local/lib/python3.12/site-packages/airflow/example_dags/example_external_task_marker_dag.py
[2024-06-14T12:14:07.105+0000] {logging_mixin.py:188} INFO - [2024-06-14T12:14:07.105+0000] {dag.py:3096} INFO - Sync 2 DAGs
[2024-06-14T12:14:07.115+0000] {logging_mixin.py:188} INFO - [2024-06-14T12:14:07.115+0000] {dag.py:3954} INFO - Setting next_dagrun for example_external_task_marker_child to None, run_after=None
[2024-06-14T12:14:07.118+0000] {logging_mixin.py:188} INFO - [2024-06-14T12:14:07.117+0000] {dag.py:3954} INFO - Setting next_dagrun for example_external_task_marker_parent to None, run_after=None
[2024-06-14T12:14:07.131+0000] {processor.py:183} INFO - Processing /home/airflow/.local/lib/python3.12/site-packages/airflow/example_dags/example_external_task_marker_dag.py took 0.053 seconds
[2024-06-14T12:14:37.393+0000] {processor.py:161} INFO - Started process (PID=1001) to work on /home/airflow/.local/lib/python3.12/site-packages/airflow/example_dags/example_external_task_marker_dag.py
[2024-06-14T12:14:37.394+0000] {processor.py:830} INFO - Processing file /home/airflow/.local/lib/python3.12/site-packages/airflow/example_dags/example_external_task_marker_dag.py for tasks to queue
[2024-06-14T12:14:37.395+0000] {logging_mixin.py:188} INFO - [2024-06-14T12:14:37.395+0000] {dagbag.py:545} INFO - Filling up the DagBag from /home/airflow/.local/lib/python3.12/site-packages/airflow/example_dags/example_external_task_marker_dag.py
[2024-06-14T12:14:37.399+0000] {processor.py:840} INFO - DAG(s) 'example_external_task_marker_parent', 'example_external_task_marker_child' retrieved from /home/airflow/.local/lib/python3.12/site-packages/airflow/example_dags/example_external_task_marker_dag.py
[2024-06-14T12:14:37.416+0000] {logging_mixin.py:188} INFO - [2024-06-14T12:14:37.416+0000] {dag.py:3096} INFO - Sync 2 DAGs
[2024-06-14T12:14:37.425+0000] {logging_mixin.py:188} INFO - [2024-06-14T12:14:37.425+0000] {dag.py:3954} INFO - Setting next_dagrun for example_external_task_marker_child to None, run_after=None
[2024-06-14T12:14:37.428+0000] {logging_mixin.py:188} INFO - [2024-06-14T12:14:37.428+0000] {dag.py:3954} INFO - Setting next_dagrun for example_external_task_marker_parent to None, run_after=None
[2024-06-14T12:14:37.440+0000] {processor.py:183} INFO - Processing /home/airflow/.local/lib/python3.12/site-packages/airflow/example_dags/example_external_task_marker_dag.py took 0.051 seconds
[2024-06-14T12:15:07.701+0000] {processor.py:161} INFO - Started process (PID=1059) to work on /home/airflow/.local/lib/python3.12/site-packages/airflow/example_dags/example_external_task_marker_dag.py
[2024-06-14T12:15:07.702+0000] {processor.py:830} INFO - Processing file /home/airflow/.local/lib/python3.12/site-packages/airflow/example_dags/example_external_task_marker_dag.py for tasks to queue
[2024-06-14T12:15:07.704+0000] {logging_mixin.py:188} INFO - [2024-06-14T12:15:07.703+0000] {dagbag.py:545} INFO - Filling up the DagBag from /home/airflow/.local/lib/python3.12/site-packages/airflow/example_dags/example_external_task_marker_dag.py
[2024-06-14T12:15:07.708+0000] {processor.py:840} INFO - DAG(s) 'example_external_task_marker_child', 'example_external_task_marker_parent' retrieved from /home/airflow/.local/lib/python3.12/site-packages/airflow/example_dags/example_external_task_marker_dag.py
[2024-06-14T12:15:07.723+0000] {logging_mixin.py:188} INFO - [2024-06-14T12:15:07.722+0000] {dag.py:3096} INFO - Sync 2 DAGs
[2024-06-14T12:15:07.731+0000] {logging_mixin.py:188} INFO - [2024-06-14T12:15:07.731+0000] {dag.py:3954} INFO - Setting next_dagrun for example_external_task_marker_child to None, run_after=None
[2024-06-14T12:15:07.734+0000] {logging_mixin.py:188} INFO - [2024-06-14T12:15:07.734+0000] {dag.py:3954} INFO - Setting next_dagrun for example_external_task_marker_parent to None, run_after=None
[2024-06-14T12:15:07.746+0000] {processor.py:183} INFO - Processing /home/airflow/.local/lib/python3.12/site-packages/airflow/example_dags/example_external_task_marker_dag.py took 0.049 seconds
[2024-06-14T12:15:37.956+0000] {processor.py:161} INFO - Started process (PID=1118) to work on /home/airflow/.local/lib/python3.12/site-packages/airflow/example_dags/example_external_task_marker_dag.py
[2024-06-14T12:15:37.957+0000] {processor.py:830} INFO - Processing file /home/airflow/.local/lib/python3.12/site-packages/airflow/example_dags/example_external_task_marker_dag.py for tasks to queue
[2024-06-14T12:15:37.958+0000] {logging_mixin.py:188} INFO - [2024-06-14T12:15:37.958+0000] {dagbag.py:545} INFO - Filling up the DagBag from /home/airflow/.local/lib/python3.12/site-packages/airflow/example_dags/example_external_task_marker_dag.py
[2024-06-14T12:15:37.962+0000] {processor.py:840} INFO - DAG(s) 'example_external_task_marker_parent', 'example_external_task_marker_child' retrieved from /home/airflow/.local/lib/python3.12/site-packages/airflow/example_dags/example_external_task_marker_dag.py
[2024-06-14T12:15:37.978+0000] {logging_mixin.py:188} INFO - [2024-06-14T12:15:37.977+0000] {dag.py:3096} INFO - Sync 2 DAGs
[2024-06-14T12:15:37.989+0000] {logging_mixin.py:188} INFO - [2024-06-14T12:15:37.988+0000] {dag.py:3954} INFO - Setting next_dagrun for example_external_task_marker_child to None, run_after=None
[2024-06-14T12:15:37.992+0000] {logging_mixin.py:188} INFO - [2024-06-14T12:15:37.991+0000] {dag.py:3954} INFO - Setting next_dagrun for example_external_task_marker_parent to None, run_after=None
[2024-06-14T12:15:38.004+0000] {processor.py:183} INFO - Processing /home/airflow/.local/lib/python3.12/site-packages/airflow/example_dags/example_external_task_marker_dag.py took 0.053 seconds
[2024-06-14T12:16:08.271+0000] {processor.py:161} INFO - Started process (PID=1175) to work on /home/airflow/.local/lib/python3.12/site-packages/airflow/example_dags/example_external_task_marker_dag.py
[2024-06-14T12:16:08.271+0000] {processor.py:830} INFO - Processing file /home/airflow/.local/lib/python3.12/site-packages/airflow/example_dags/example_external_task_marker_dag.py for tasks to queue
[2024-06-14T12:16:08.273+0000] {logging_mixin.py:188} INFO - [2024-06-14T12:16:08.272+0000] {dagbag.py:545} INFO - Filling up the DagBag from /home/airflow/.local/lib/python3.12/site-packages/airflow/example_dags/example_external_task_marker_dag.py
[2024-06-14T12:16:08.277+0000] {processor.py:840} INFO - DAG(s) 'example_external_task_marker_child', 'example_external_task_marker_parent' retrieved from /home/airflow/.local/lib/python3.12/site-packages/airflow/example_dags/example_external_task_marker_dag.py
[2024-06-14T12:16:08.293+0000] {logging_mixin.py:188} INFO - [2024-06-14T12:16:08.293+0000] {dag.py:3096} INFO - Sync 2 DAGs
[2024-06-14T12:16:08.303+0000] {logging_mixin.py:188} INFO - [2024-06-14T12:16:08.303+0000] {dag.py:3954} INFO - Setting next_dagrun for example_external_task_marker_child to None, run_after=None
[2024-06-14T12:16:08.306+0000] {logging_mixin.py:188} INFO - [2024-06-14T12:16:08.306+0000] {dag.py:3954} INFO - Setting next_dagrun for example_external_task_marker_parent to None, run_after=None
[2024-06-14T12:16:08.317+0000] {processor.py:183} INFO - Processing /home/airflow/.local/lib/python3.12/site-packages/airflow/example_dags/example_external_task_marker_dag.py took 0.050 seconds
[2024-06-14T12:16:38.600+0000] {processor.py:161} INFO - Started process (PID=1233) to work on /home/airflow/.local/lib/python3.12/site-packages/airflow/example_dags/example_external_task_marker_dag.py
[2024-06-14T12:16:38.602+0000] {processor.py:830} INFO - Processing file /home/airflow/.local/lib/python3.12/site-packages/airflow/example_dags/example_external_task_marker_dag.py for tasks to queue
[2024-06-14T12:16:38.603+0000] {logging_mixin.py:188} INFO - [2024-06-14T12:16:38.603+0000] {dagbag.py:545} INFO - Filling up the DagBag from /home/airflow/.local/lib/python3.12/site-packages/airflow/example_dags/example_external_task_marker_dag.py
[2024-06-14T12:16:38.608+0000] {processor.py:840} INFO - DAG(s) 'example_external_task_marker_parent', 'example_external_task_marker_child' retrieved from /home/airflow/.local/lib/python3.12/site-packages/airflow/example_dags/example_external_task_marker_dag.py
[2024-06-14T12:16:38.626+0000] {logging_mixin.py:188} INFO - [2024-06-14T12:16:38.625+0000] {dag.py:3096} INFO - Sync 2 DAGs
[2024-06-14T12:16:38.634+0000] {logging_mixin.py:188} INFO - [2024-06-14T12:16:38.634+0000] {dag.py:3954} INFO - Setting next_dagrun for example_external_task_marker_child to None, run_after=None
[2024-06-14T12:16:38.637+0000] {logging_mixin.py:188} INFO - [2024-06-14T12:16:38.637+0000] {dag.py:3954} INFO - Setting next_dagrun for example_external_task_marker_parent to None, run_after=None
[2024-06-14T12:16:38.650+0000] {processor.py:183} INFO - Processing /home/airflow/.local/lib/python3.12/site-packages/airflow/example_dags/example_external_task_marker_dag.py took 0.055 seconds
[2024-06-14T12:17:08.959+0000] {processor.py:161} INFO - Started process (PID=1291) to work on /home/airflow/.local/lib/python3.12/site-packages/airflow/example_dags/example_external_task_marker_dag.py
[2024-06-14T12:17:08.959+0000] {processor.py:830} INFO - Processing file /home/airflow/.local/lib/python3.12/site-packages/airflow/example_dags/example_external_task_marker_dag.py for tasks to queue
[2024-06-14T12:17:08.961+0000] {logging_mixin.py:188} INFO - [2024-06-14T12:17:08.961+0000] {dagbag.py:545} INFO - Filling up the DagBag from /home/airflow/.local/lib/python3.12/site-packages/airflow/example_dags/example_external_task_marker_dag.py
[2024-06-14T12:17:08.966+0000] {processor.py:840} INFO - DAG(s) 'example_external_task_marker_parent', 'example_external_task_marker_child' retrieved from /home/airflow/.local/lib/python3.12/site-packages/airflow/example_dags/example_external_task_marker_dag.py
[2024-06-14T12:17:08.982+0000] {logging_mixin.py:188} INFO - [2024-06-14T12:17:08.982+0000] {dag.py:3096} INFO - Sync 2 DAGs
[2024-06-14T12:17:08.991+0000] {logging_mixin.py:188} INFO - [2024-06-14T12:17:08.991+0000] {dag.py:3954} INFO - Setting next_dagrun for example_external_task_marker_child to None, run_after=None
[2024-06-14T12:17:08.994+0000] {logging_mixin.py:188} INFO - [2024-06-14T12:17:08.994+0000] {dag.py:3954} INFO - Setting next_dagrun for example_external_task_marker_parent to None, run_after=None
[2024-06-14T12:17:09.005+0000] {processor.py:183} INFO - Processing /home/airflow/.local/lib/python3.12/site-packages/airflow/example_dags/example_external_task_marker_dag.py took 0.051 seconds
[2024-06-14T12:17:39.319+0000] {processor.py:161} INFO - Started process (PID=1349) to work on /home/airflow/.local/lib/python3.12/site-packages/airflow/example_dags/example_external_task_marker_dag.py
[2024-06-14T12:17:39.320+0000] {processor.py:830} INFO - Processing file /home/airflow/.local/lib/python3.12/site-packages/airflow/example_dags/example_external_task_marker_dag.py for tasks to queue
[2024-06-14T12:17:39.322+0000] {logging_mixin.py:188} INFO - [2024-06-14T12:17:39.321+0000] {dagbag.py:545} INFO - Filling up the DagBag from /home/airflow/.local/lib/python3.12/site-packages/airflow/example_dags/example_external_task_marker_dag.py
[2024-06-14T12:17:39.326+0000] {processor.py:840} INFO - DAG(s) 'example_external_task_marker_child', 'example_external_task_marker_parent' retrieved from /home/airflow/.local/lib/python3.12/site-packages/airflow/example_dags/example_external_task_marker_dag.py
[2024-06-14T12:17:39.344+0000] {logging_mixin.py:188} INFO - [2024-06-14T12:17:39.344+0000] {dag.py:3096} INFO - Sync 2 DAGs
[2024-06-14T12:17:39.355+0000] {logging_mixin.py:188} INFO - [2024-06-14T12:17:39.355+0000] {dag.py:3954} INFO - Setting next_dagrun for example_external_task_marker_child to None, run_after=None
[2024-06-14T12:17:39.358+0000] {logging_mixin.py:188} INFO - [2024-06-14T12:17:39.358+0000] {dag.py:3954} INFO - Setting next_dagrun for example_external_task_marker_parent to None, run_after=None
[2024-06-14T12:17:39.371+0000] {processor.py:183} INFO - Processing /home/airflow/.local/lib/python3.12/site-packages/airflow/example_dags/example_external_task_marker_dag.py took 0.055 seconds
[2024-06-14T12:18:41.922+0000] {processor.py:161} INFO - Started process (PID=60) to work on /home/airflow/.local/lib/python3.12/site-packages/airflow/example_dags/example_external_task_marker_dag.py
[2024-06-14T12:18:41.922+0000] {processor.py:830} INFO - Processing file /home/airflow/.local/lib/python3.12/site-packages/airflow/example_dags/example_external_task_marker_dag.py for tasks to queue
[2024-06-14T12:18:41.924+0000] {logging_mixin.py:188} INFO - [2024-06-14T12:18:41.924+0000] {dagbag.py:545} INFO - Filling up the DagBag from /home/airflow/.local/lib/python3.12/site-packages/airflow/example_dags/example_external_task_marker_dag.py
[2024-06-14T12:18:41.931+0000] {processor.py:840} INFO - DAG(s) 'example_external_task_marker_child', 'example_external_task_marker_parent' retrieved from /home/airflow/.local/lib/python3.12/site-packages/airflow/example_dags/example_external_task_marker_dag.py
[2024-06-14T12:18:41.940+0000] {logging_mixin.py:188} INFO - [2024-06-14T12:18:41.940+0000] {dag.py:3096} INFO - Sync 2 DAGs
[2024-06-14T12:18:41.951+0000] {logging_mixin.py:188} INFO - [2024-06-14T12:18:41.951+0000] {dag.py:3954} INFO - Setting next_dagrun for example_external_task_marker_child to None, run_after=None
[2024-06-14T12:18:41.956+0000] {logging_mixin.py:188} INFO - [2024-06-14T12:18:41.955+0000] {dag.py:3954} INFO - Setting next_dagrun for example_external_task_marker_parent to None, run_after=None
[2024-06-14T12:18:41.970+0000] {processor.py:183} INFO - Processing /home/airflow/.local/lib/python3.12/site-packages/airflow/example_dags/example_external_task_marker_dag.py took 0.052 seconds
[2024-06-14T12:19:13.379+0000] {processor.py:161} INFO - Started process (PID=118) to work on /home/airflow/.local/lib/python3.12/site-packages/airflow/example_dags/example_external_task_marker_dag.py
[2024-06-14T12:19:13.379+0000] {processor.py:830} INFO - Processing file /home/airflow/.local/lib/python3.12/site-packages/airflow/example_dags/example_external_task_marker_dag.py for tasks to queue
[2024-06-14T12:19:13.381+0000] {logging_mixin.py:188} INFO - [2024-06-14T12:19:13.380+0000] {dagbag.py:545} INFO - Filling up the DagBag from /home/airflow/.local/lib/python3.12/site-packages/airflow/example_dags/example_external_task_marker_dag.py
[2024-06-14T12:19:13.385+0000] {processor.py:840} INFO - DAG(s) 'example_external_task_marker_child', 'example_external_task_marker_parent' retrieved from /home/airflow/.local/lib/python3.12/site-packages/airflow/example_dags/example_external_task_marker_dag.py
[2024-06-14T12:19:13.469+0000] {logging_mixin.py:188} INFO - [2024-06-14T12:19:13.469+0000] {dag.py:3096} INFO - Sync 2 DAGs
[2024-06-14T12:19:13.479+0000] {logging_mixin.py:188} INFO - [2024-06-14T12:19:13.479+0000] {dag.py:3954} INFO - Setting next_dagrun for example_external_task_marker_child to None, run_after=None
[2024-06-14T12:19:13.482+0000] {logging_mixin.py:188} INFO - [2024-06-14T12:19:13.482+0000] {dag.py:3954} INFO - Setting next_dagrun for example_external_task_marker_parent to None, run_after=None
[2024-06-14T12:19:13.495+0000] {processor.py:183} INFO - Processing /home/airflow/.local/lib/python3.12/site-packages/airflow/example_dags/example_external_task_marker_dag.py took 0.121 seconds
[2024-06-14T12:19:44.209+0000] {processor.py:161} INFO - Started process (PID=176) to work on /home/airflow/.local/lib/python3.12/site-packages/airflow/example_dags/example_external_task_marker_dag.py
[2024-06-14T12:19:44.209+0000] {processor.py:830} INFO - Processing file /home/airflow/.local/lib/python3.12/site-packages/airflow/example_dags/example_external_task_marker_dag.py for tasks to queue
[2024-06-14T12:19:44.211+0000] {logging_mixin.py:188} INFO - [2024-06-14T12:19:44.211+0000] {dagbag.py:545} INFO - Filling up the DagBag from /home/airflow/.local/lib/python3.12/site-packages/airflow/example_dags/example_external_task_marker_dag.py
[2024-06-14T12:19:44.216+0000] {processor.py:840} INFO - DAG(s) 'example_external_task_marker_parent', 'example_external_task_marker_child' retrieved from /home/airflow/.local/lib/python3.12/site-packages/airflow/example_dags/example_external_task_marker_dag.py
[2024-06-14T12:19:44.232+0000] {logging_mixin.py:188} INFO - [2024-06-14T12:19:44.232+0000] {dag.py:3096} INFO - Sync 2 DAGs
[2024-06-14T12:19:44.242+0000] {logging_mixin.py:188} INFO - [2024-06-14T12:19:44.242+0000] {dag.py:3954} INFO - Setting next_dagrun for example_external_task_marker_child to None, run_after=None
[2024-06-14T12:19:44.245+0000] {logging_mixin.py:188} INFO - [2024-06-14T12:19:44.244+0000] {dag.py:3954} INFO - Setting next_dagrun for example_external_task_marker_parent to None, run_after=None
[2024-06-14T12:19:44.258+0000] {processor.py:183} INFO - Processing /home/airflow/.local/lib/python3.12/site-packages/airflow/example_dags/example_external_task_marker_dag.py took 0.053 seconds
[2024-06-14T12:20:14.692+0000] {processor.py:161} INFO - Started process (PID=234) to work on /home/airflow/.local/lib/python3.12/site-packages/airflow/example_dags/example_external_task_marker_dag.py
[2024-06-14T12:20:14.693+0000] {processor.py:830} INFO - Processing file /home/airflow/.local/lib/python3.12/site-packages/airflow/example_dags/example_external_task_marker_dag.py for tasks to queue
[2024-06-14T12:20:14.695+0000] {logging_mixin.py:188} INFO - [2024-06-14T12:20:14.694+0000] {dagbag.py:545} INFO - Filling up the DagBag from /home/airflow/.local/lib/python3.12/site-packages/airflow/example_dags/example_external_task_marker_dag.py
[2024-06-14T12:20:14.699+0000] {processor.py:840} INFO - DAG(s) 'example_external_task_marker_child', 'example_external_task_marker_parent' retrieved from /home/airflow/.local/lib/python3.12/site-packages/airflow/example_dags/example_external_task_marker_dag.py
[2024-06-14T12:20:14.717+0000] {logging_mixin.py:188} INFO - [2024-06-14T12:20:14.717+0000] {dag.py:3096} INFO - Sync 2 DAGs
[2024-06-14T12:20:14.727+0000] {logging_mixin.py:188} INFO - [2024-06-14T12:20:14.727+0000] {dag.py:3954} INFO - Setting next_dagrun for example_external_task_marker_child to None, run_after=None
[2024-06-14T12:20:14.730+0000] {logging_mixin.py:188} INFO - [2024-06-14T12:20:14.730+0000] {dag.py:3954} INFO - Setting next_dagrun for example_external_task_marker_parent to None, run_after=None
[2024-06-14T12:20:14.744+0000] {processor.py:183} INFO - Processing /home/airflow/.local/lib/python3.12/site-packages/airflow/example_dags/example_external_task_marker_dag.py took 0.057 seconds
[2024-06-14T12:20:45.034+0000] {processor.py:161} INFO - Started process (PID=292) to work on /home/airflow/.local/lib/python3.12/site-packages/airflow/example_dags/example_external_task_marker_dag.py
[2024-06-14T12:20:45.034+0000] {processor.py:830} INFO - Processing file /home/airflow/.local/lib/python3.12/site-packages/airflow/example_dags/example_external_task_marker_dag.py for tasks to queue
[2024-06-14T12:20:45.036+0000] {logging_mixin.py:188} INFO - [2024-06-14T12:20:45.035+0000] {dagbag.py:545} INFO - Filling up the DagBag from /home/airflow/.local/lib/python3.12/site-packages/airflow/example_dags/example_external_task_marker_dag.py
[2024-06-14T12:20:45.040+0000] {processor.py:840} INFO - DAG(s) 'example_external_task_marker_parent', 'example_external_task_marker_child' retrieved from /home/airflow/.local/lib/python3.12/site-packages/airflow/example_dags/example_external_task_marker_dag.py
[2024-06-14T12:20:45.055+0000] {logging_mixin.py:188} INFO - [2024-06-14T12:20:45.055+0000] {dag.py:3096} INFO - Sync 2 DAGs
[2024-06-14T12:20:45.065+0000] {logging_mixin.py:188} INFO - [2024-06-14T12:20:45.064+0000] {dag.py:3954} INFO - Setting next_dagrun for example_external_task_marker_child to None, run_after=None
[2024-06-14T12:20:45.067+0000] {logging_mixin.py:188} INFO - [2024-06-14T12:20:45.067+0000] {dag.py:3954} INFO - Setting next_dagrun for example_external_task_marker_parent to None, run_after=None
[2024-06-14T12:20:45.079+0000] {processor.py:183} INFO - Processing /home/airflow/.local/lib/python3.12/site-packages/airflow/example_dags/example_external_task_marker_dag.py took 0.049 seconds
[2024-06-14T12:21:15.306+0000] {processor.py:161} INFO - Started process (PID=350) to work on /home/airflow/.local/lib/python3.12/site-packages/airflow/example_dags/example_external_task_marker_dag.py
[2024-06-14T12:21:15.307+0000] {processor.py:830} INFO - Processing file /home/airflow/.local/lib/python3.12/site-packages/airflow/example_dags/example_external_task_marker_dag.py for tasks to queue
[2024-06-14T12:21:15.309+0000] {logging_mixin.py:188} INFO - [2024-06-14T12:21:15.309+0000] {dagbag.py:545} INFO - Filling up the DagBag from /home/airflow/.local/lib/python3.12/site-packages/airflow/example_dags/example_external_task_marker_dag.py
[2024-06-14T12:21:15.316+0000] {processor.py:840} INFO - DAG(s) 'example_external_task_marker_child', 'example_external_task_marker_parent' retrieved from /home/airflow/.local/lib/python3.12/site-packages/airflow/example_dags/example_external_task_marker_dag.py
[2024-06-14T12:21:15.335+0000] {logging_mixin.py:188} INFO - [2024-06-14T12:21:15.335+0000] {dag.py:3096} INFO - Sync 2 DAGs
[2024-06-14T12:21:15.354+0000] {logging_mixin.py:188} INFO - [2024-06-14T12:21:15.353+0000] {dag.py:3954} INFO - Setting next_dagrun for example_external_task_marker_child to None, run_after=None
[2024-06-14T12:21:15.358+0000] {logging_mixin.py:188} INFO - [2024-06-14T12:21:15.358+0000] {dag.py:3954} INFO - Setting next_dagrun for example_external_task_marker_parent to None, run_after=None
[2024-06-14T12:21:15.374+0000] {processor.py:183} INFO - Processing /home/airflow/.local/lib/python3.12/site-packages/airflow/example_dags/example_external_task_marker_dag.py took 0.073 seconds
[2024-06-14T12:21:45.683+0000] {processor.py:161} INFO - Started process (PID=408) to work on /home/airflow/.local/lib/python3.12/site-packages/airflow/example_dags/example_external_task_marker_dag.py
[2024-06-14T12:21:45.684+0000] {processor.py:830} INFO - Processing file /home/airflow/.local/lib/python3.12/site-packages/airflow/example_dags/example_external_task_marker_dag.py for tasks to queue
[2024-06-14T12:21:45.685+0000] {logging_mixin.py:188} INFO - [2024-06-14T12:21:45.685+0000] {dagbag.py:545} INFO - Filling up the DagBag from /home/airflow/.local/lib/python3.12/site-packages/airflow/example_dags/example_external_task_marker_dag.py
[2024-06-14T12:21:45.690+0000] {processor.py:840} INFO - DAG(s) 'example_external_task_marker_parent', 'example_external_task_marker_child' retrieved from /home/airflow/.local/lib/python3.12/site-packages/airflow/example_dags/example_external_task_marker_dag.py
[2024-06-14T12:21:45.708+0000] {logging_mixin.py:188} INFO - [2024-06-14T12:21:45.708+0000] {dag.py:3096} INFO - Sync 2 DAGs
[2024-06-14T12:21:45.718+0000] {logging_mixin.py:188} INFO - [2024-06-14T12:21:45.718+0000] {dag.py:3954} INFO - Setting next_dagrun for example_external_task_marker_child to None, run_after=None
[2024-06-14T12:21:45.722+0000] {logging_mixin.py:188} INFO - [2024-06-14T12:21:45.722+0000] {dag.py:3954} INFO - Setting next_dagrun for example_external_task_marker_parent to None, run_after=None
[2024-06-14T12:21:45.738+0000] {processor.py:183} INFO - Processing /home/airflow/.local/lib/python3.12/site-packages/airflow/example_dags/example_external_task_marker_dag.py took 0.061 seconds
[2024-06-14T12:22:16.149+0000] {processor.py:161} INFO - Started process (PID=467) to work on /home/airflow/.local/lib/python3.12/site-packages/airflow/example_dags/example_external_task_marker_dag.py
[2024-06-14T12:22:16.150+0000] {processor.py:830} INFO - Processing file /home/airflow/.local/lib/python3.12/site-packages/airflow/example_dags/example_external_task_marker_dag.py for tasks to queue
[2024-06-14T12:22:16.152+0000] {logging_mixin.py:188} INFO - [2024-06-14T12:22:16.151+0000] {dagbag.py:545} INFO - Filling up the DagBag from /home/airflow/.local/lib/python3.12/site-packages/airflow/example_dags/example_external_task_marker_dag.py
[2024-06-14T12:22:16.157+0000] {processor.py:840} INFO - DAG(s) 'example_external_task_marker_child', 'example_external_task_marker_parent' retrieved from /home/airflow/.local/lib/python3.12/site-packages/airflow/example_dags/example_external_task_marker_dag.py
[2024-06-14T12:22:16.175+0000] {logging_mixin.py:188} INFO - [2024-06-14T12:22:16.175+0000] {dag.py:3096} INFO - Sync 2 DAGs
[2024-06-14T12:22:16.186+0000] {logging_mixin.py:188} INFO - [2024-06-14T12:22:16.186+0000] {dag.py:3954} INFO - Setting next_dagrun for example_external_task_marker_child to None, run_after=None
[2024-06-14T12:22:16.190+0000] {logging_mixin.py:188} INFO - [2024-06-14T12:22:16.189+0000] {dag.py:3954} INFO - Setting next_dagrun for example_external_task_marker_parent to None, run_after=None
[2024-06-14T12:22:16.205+0000] {processor.py:183} INFO - Processing /home/airflow/.local/lib/python3.12/site-packages/airflow/example_dags/example_external_task_marker_dag.py took 0.061 seconds
[2024-06-14T12:22:46.550+0000] {processor.py:161} INFO - Started process (PID=525) to work on /home/airflow/.local/lib/python3.12/site-packages/airflow/example_dags/example_external_task_marker_dag.py
[2024-06-14T12:22:46.550+0000] {processor.py:830} INFO - Processing file /home/airflow/.local/lib/python3.12/site-packages/airflow/example_dags/example_external_task_marker_dag.py for tasks to queue
[2024-06-14T12:22:46.552+0000] {logging_mixin.py:188} INFO - [2024-06-14T12:22:46.551+0000] {dagbag.py:545} INFO - Filling up the DagBag from /home/airflow/.local/lib/python3.12/site-packages/airflow/example_dags/example_external_task_marker_dag.py
[2024-06-14T12:22:46.556+0000] {processor.py:840} INFO - DAG(s) 'example_external_task_marker_child', 'example_external_task_marker_parent' retrieved from /home/airflow/.local/lib/python3.12/site-packages/airflow/example_dags/example_external_task_marker_dag.py
[2024-06-14T12:22:46.572+0000] {logging_mixin.py:188} INFO - [2024-06-14T12:22:46.572+0000] {dag.py:3096} INFO - Sync 2 DAGs
[2024-06-14T12:22:46.583+0000] {logging_mixin.py:188} INFO - [2024-06-14T12:22:46.582+0000] {dag.py:3954} INFO - Setting next_dagrun for example_external_task_marker_child to None, run_after=None
[2024-06-14T12:22:46.586+0000] {logging_mixin.py:188} INFO - [2024-06-14T12:22:46.586+0000] {dag.py:3954} INFO - Setting next_dagrun for example_external_task_marker_parent to None, run_after=None
[2024-06-14T12:22:46.599+0000] {processor.py:183} INFO - Processing /home/airflow/.local/lib/python3.12/site-packages/airflow/example_dags/example_external_task_marker_dag.py took 0.053 seconds
[2024-06-14T12:23:16.837+0000] {processor.py:161} INFO - Started process (PID=583) to work on /home/airflow/.local/lib/python3.12/site-packages/airflow/example_dags/example_external_task_marker_dag.py
[2024-06-14T12:23:16.837+0000] {processor.py:830} INFO - Processing file /home/airflow/.local/lib/python3.12/site-packages/airflow/example_dags/example_external_task_marker_dag.py for tasks to queue
[2024-06-14T12:23:16.839+0000] {logging_mixin.py:188} INFO - [2024-06-14T12:23:16.838+0000] {dagbag.py:545} INFO - Filling up the DagBag from /home/airflow/.local/lib/python3.12/site-packages/airflow/example_dags/example_external_task_marker_dag.py
[2024-06-14T12:23:16.843+0000] {processor.py:840} INFO - DAG(s) 'example_external_task_marker_child', 'example_external_task_marker_parent' retrieved from /home/airflow/.local/lib/python3.12/site-packages/airflow/example_dags/example_external_task_marker_dag.py
[2024-06-14T12:23:16.859+0000] {logging_mixin.py:188} INFO - [2024-06-14T12:23:16.859+0000] {dag.py:3096} INFO - Sync 2 DAGs
[2024-06-14T12:23:16.868+0000] {logging_mixin.py:188} INFO - [2024-06-14T12:23:16.868+0000] {dag.py:3954} INFO - Setting next_dagrun for example_external_task_marker_child to None, run_after=None
[2024-06-14T12:23:16.871+0000] {logging_mixin.py:188} INFO - [2024-06-14T12:23:16.870+0000] {dag.py:3954} INFO - Setting next_dagrun for example_external_task_marker_parent to None, run_after=None
[2024-06-14T12:23:16.883+0000] {processor.py:183} INFO - Processing /home/airflow/.local/lib/python3.12/site-packages/airflow/example_dags/example_external_task_marker_dag.py took 0.050 seconds
[2024-06-14T12:23:47.314+0000] {processor.py:161} INFO - Started process (PID=641) to work on /home/airflow/.local/lib/python3.12/site-packages/airflow/example_dags/example_external_task_marker_dag.py
[2024-06-14T12:23:47.315+0000] {processor.py:830} INFO - Processing file /home/airflow/.local/lib/python3.12/site-packages/airflow/example_dags/example_external_task_marker_dag.py for tasks to queue
[2024-06-14T12:23:47.316+0000] {logging_mixin.py:188} INFO - [2024-06-14T12:23:47.316+0000] {dagbag.py:545} INFO - Filling up the DagBag from /home/airflow/.local/lib/python3.12/site-packages/airflow/example_dags/example_external_task_marker_dag.py
[2024-06-14T12:23:47.322+0000] {processor.py:840} INFO - DAG(s) 'example_external_task_marker_parent', 'example_external_task_marker_child' retrieved from /home/airflow/.local/lib/python3.12/site-packages/airflow/example_dags/example_external_task_marker_dag.py
[2024-06-14T12:23:47.342+0000] {logging_mixin.py:188} INFO - [2024-06-14T12:23:47.341+0000] {dag.py:3096} INFO - Sync 2 DAGs
[2024-06-14T12:23:47.353+0000] {logging_mixin.py:188} INFO - [2024-06-14T12:23:47.352+0000] {dag.py:3954} INFO - Setting next_dagrun for example_external_task_marker_child to None, run_after=None
[2024-06-14T12:23:47.355+0000] {logging_mixin.py:188} INFO - [2024-06-14T12:23:47.355+0000] {dag.py:3954} INFO - Setting next_dagrun for example_external_task_marker_parent to None, run_after=None
[2024-06-14T12:23:47.368+0000] {processor.py:183} INFO - Processing /home/airflow/.local/lib/python3.12/site-packages/airflow/example_dags/example_external_task_marker_dag.py took 0.057 seconds
[2024-06-14T12:24:17.568+0000] {processor.py:161} INFO - Started process (PID=700) to work on /home/airflow/.local/lib/python3.12/site-packages/airflow/example_dags/example_external_task_marker_dag.py
[2024-06-14T12:24:17.568+0000] {processor.py:830} INFO - Processing file /home/airflow/.local/lib/python3.12/site-packages/airflow/example_dags/example_external_task_marker_dag.py for tasks to queue
[2024-06-14T12:24:17.570+0000] {logging_mixin.py:188} INFO - [2024-06-14T12:24:17.570+0000] {dagbag.py:545} INFO - Filling up the DagBag from /home/airflow/.local/lib/python3.12/site-packages/airflow/example_dags/example_external_task_marker_dag.py
[2024-06-14T12:24:17.574+0000] {processor.py:840} INFO - DAG(s) 'example_external_task_marker_child', 'example_external_task_marker_parent' retrieved from /home/airflow/.local/lib/python3.12/site-packages/airflow/example_dags/example_external_task_marker_dag.py
[2024-06-14T12:24:17.595+0000] {logging_mixin.py:188} INFO - [2024-06-14T12:24:17.595+0000] {dag.py:3096} INFO - Sync 2 DAGs
[2024-06-14T12:24:17.605+0000] {logging_mixin.py:188} INFO - [2024-06-14T12:24:17.605+0000] {dag.py:3954} INFO - Setting next_dagrun for example_external_task_marker_child to None, run_after=None
[2024-06-14T12:24:17.608+0000] {logging_mixin.py:188} INFO - [2024-06-14T12:24:17.608+0000] {dag.py:3954} INFO - Setting next_dagrun for example_external_task_marker_parent to None, run_after=None
[2024-06-14T12:24:17.622+0000] {processor.py:183} INFO - Processing /home/airflow/.local/lib/python3.12/site-packages/airflow/example_dags/example_external_task_marker_dag.py took 0.060 seconds
[2024-06-14T12:24:47.893+0000] {processor.py:161} INFO - Started process (PID=758) to work on /home/airflow/.local/lib/python3.12/site-packages/airflow/example_dags/example_external_task_marker_dag.py
[2024-06-14T12:24:47.893+0000] {processor.py:830} INFO - Processing file /home/airflow/.local/lib/python3.12/site-packages/airflow/example_dags/example_external_task_marker_dag.py for tasks to queue
[2024-06-14T12:24:47.894+0000] {logging_mixin.py:188} INFO - [2024-06-14T12:24:47.894+0000] {dagbag.py:545} INFO - Filling up the DagBag from /home/airflow/.local/lib/python3.12/site-packages/airflow/example_dags/example_external_task_marker_dag.py
[2024-06-14T12:24:47.899+0000] {processor.py:840} INFO - DAG(s) 'example_external_task_marker_parent', 'example_external_task_marker_child' retrieved from /home/airflow/.local/lib/python3.12/site-packages/airflow/example_dags/example_external_task_marker_dag.py
[2024-06-14T12:24:47.915+0000] {logging_mixin.py:188} INFO - [2024-06-14T12:24:47.915+0000] {dag.py:3096} INFO - Sync 2 DAGs
[2024-06-14T12:24:47.924+0000] {logging_mixin.py:188} INFO - [2024-06-14T12:24:47.924+0000] {dag.py:3954} INFO - Setting next_dagrun for example_external_task_marker_child to None, run_after=None
[2024-06-14T12:24:47.926+0000] {logging_mixin.py:188} INFO - [2024-06-14T12:24:47.926+0000] {dag.py:3954} INFO - Setting next_dagrun for example_external_task_marker_parent to None, run_after=None
[2024-06-14T12:24:47.938+0000] {processor.py:183} INFO - Processing /home/airflow/.local/lib/python3.12/site-packages/airflow/example_dags/example_external_task_marker_dag.py took 0.050 seconds
[2024-06-14T12:25:18.310+0000] {processor.py:161} INFO - Started process (PID=816) to work on /home/airflow/.local/lib/python3.12/site-packages/airflow/example_dags/example_external_task_marker_dag.py
[2024-06-14T12:25:18.311+0000] {processor.py:830} INFO - Processing file /home/airflow/.local/lib/python3.12/site-packages/airflow/example_dags/example_external_task_marker_dag.py for tasks to queue
[2024-06-14T12:25:18.313+0000] {logging_mixin.py:188} INFO - [2024-06-14T12:25:18.312+0000] {dagbag.py:545} INFO - Filling up the DagBag from /home/airflow/.local/lib/python3.12/site-packages/airflow/example_dags/example_external_task_marker_dag.py
[2024-06-14T12:25:18.317+0000] {processor.py:840} INFO - DAG(s) 'example_external_task_marker_child', 'example_external_task_marker_parent' retrieved from /home/airflow/.local/lib/python3.12/site-packages/airflow/example_dags/example_external_task_marker_dag.py
[2024-06-14T12:25:18.335+0000] {logging_mixin.py:188} INFO - [2024-06-14T12:25:18.335+0000] {dag.py:3096} INFO - Sync 2 DAGs
[2024-06-14T12:25:18.345+0000] {logging_mixin.py:188} INFO - [2024-06-14T12:25:18.344+0000] {dag.py:3954} INFO - Setting next_dagrun for example_external_task_marker_child to None, run_after=None
[2024-06-14T12:25:18.347+0000] {logging_mixin.py:188} INFO - [2024-06-14T12:25:18.347+0000] {dag.py:3954} INFO - Setting next_dagrun for example_external_task_marker_parent to None, run_after=None
[2024-06-14T12:25:18.360+0000] {processor.py:183} INFO - Processing /home/airflow/.local/lib/python3.12/site-packages/airflow/example_dags/example_external_task_marker_dag.py took 0.054 seconds
[2024-06-14T12:25:48.639+0000] {processor.py:161} INFO - Started process (PID=874) to work on /home/airflow/.local/lib/python3.12/site-packages/airflow/example_dags/example_external_task_marker_dag.py
[2024-06-14T12:25:48.640+0000] {processor.py:830} INFO - Processing file /home/airflow/.local/lib/python3.12/site-packages/airflow/example_dags/example_external_task_marker_dag.py for tasks to queue
[2024-06-14T12:25:48.642+0000] {logging_mixin.py:188} INFO - [2024-06-14T12:25:48.641+0000] {dagbag.py:545} INFO - Filling up the DagBag from /home/airflow/.local/lib/python3.12/site-packages/airflow/example_dags/example_external_task_marker_dag.py
[2024-06-14T12:25:48.647+0000] {processor.py:840} INFO - DAG(s) 'example_external_task_marker_parent', 'example_external_task_marker_child' retrieved from /home/airflow/.local/lib/python3.12/site-packages/airflow/example_dags/example_external_task_marker_dag.py
[2024-06-14T12:25:48.666+0000] {logging_mixin.py:188} INFO - [2024-06-14T12:25:48.666+0000] {dag.py:3096} INFO - Sync 2 DAGs
[2024-06-14T12:25:48.676+0000] {logging_mixin.py:188} INFO - [2024-06-14T12:25:48.676+0000] {dag.py:3954} INFO - Setting next_dagrun for example_external_task_marker_child to None, run_after=None
[2024-06-14T12:25:48.679+0000] {logging_mixin.py:188} INFO - [2024-06-14T12:25:48.679+0000] {dag.py:3954} INFO - Setting next_dagrun for example_external_task_marker_parent to None, run_after=None
[2024-06-14T12:25:48.694+0000] {processor.py:183} INFO - Processing /home/airflow/.local/lib/python3.12/site-packages/airflow/example_dags/example_external_task_marker_dag.py took 0.059 seconds
[2024-06-14T12:26:18.981+0000] {processor.py:161} INFO - Started process (PID=932) to work on /home/airflow/.local/lib/python3.12/site-packages/airflow/example_dags/example_external_task_marker_dag.py
[2024-06-14T12:26:18.981+0000] {processor.py:830} INFO - Processing file /home/airflow/.local/lib/python3.12/site-packages/airflow/example_dags/example_external_task_marker_dag.py for tasks to queue
[2024-06-14T12:26:18.983+0000] {logging_mixin.py:188} INFO - [2024-06-14T12:26:18.982+0000] {dagbag.py:545} INFO - Filling up the DagBag from /home/airflow/.local/lib/python3.12/site-packages/airflow/example_dags/example_external_task_marker_dag.py
[2024-06-14T12:26:18.987+0000] {processor.py:840} INFO - DAG(s) 'example_external_task_marker_parent', 'example_external_task_marker_child' retrieved from /home/airflow/.local/lib/python3.12/site-packages/airflow/example_dags/example_external_task_marker_dag.py
[2024-06-14T12:26:19.005+0000] {logging_mixin.py:188} INFO - [2024-06-14T12:26:19.005+0000] {dag.py:3096} INFO - Sync 2 DAGs
[2024-06-14T12:26:19.015+0000] {logging_mixin.py:188} INFO - [2024-06-14T12:26:19.014+0000] {dag.py:3954} INFO - Setting next_dagrun for example_external_task_marker_child to None, run_after=None
[2024-06-14T12:26:19.018+0000] {logging_mixin.py:188} INFO - [2024-06-14T12:26:19.017+0000] {dag.py:3954} INFO - Setting next_dagrun for example_external_task_marker_parent to None, run_after=None
[2024-06-14T12:26:19.031+0000] {processor.py:183} INFO - Processing /home/airflow/.local/lib/python3.12/site-packages/airflow/example_dags/example_external_task_marker_dag.py took 0.055 seconds
[2024-06-14T12:26:49.331+0000] {processor.py:161} INFO - Started process (PID=990) to work on /home/airflow/.local/lib/python3.12/site-packages/airflow/example_dags/example_external_task_marker_dag.py
[2024-06-14T12:26:49.332+0000] {processor.py:830} INFO - Processing file /home/airflow/.local/lib/python3.12/site-packages/airflow/example_dags/example_external_task_marker_dag.py for tasks to queue
[2024-06-14T12:26:49.334+0000] {logging_mixin.py:188} INFO - [2024-06-14T12:26:49.333+0000] {dagbag.py:545} INFO - Filling up the DagBag from /home/airflow/.local/lib/python3.12/site-packages/airflow/example_dags/example_external_task_marker_dag.py
[2024-06-14T12:26:49.338+0000] {processor.py:840} INFO - DAG(s) 'example_external_task_marker_child', 'example_external_task_marker_parent' retrieved from /home/airflow/.local/lib/python3.12/site-packages/airflow/example_dags/example_external_task_marker_dag.py
[2024-06-14T12:26:49.356+0000] {logging_mixin.py:188} INFO - [2024-06-14T12:26:49.356+0000] {dag.py:3096} INFO - Sync 2 DAGs
[2024-06-14T12:26:49.367+0000] {logging_mixin.py:188} INFO - [2024-06-14T12:26:49.367+0000] {dag.py:3954} INFO - Setting next_dagrun for example_external_task_marker_child to None, run_after=None
[2024-06-14T12:26:49.370+0000] {logging_mixin.py:188} INFO - [2024-06-14T12:26:49.370+0000] {dag.py:3954} INFO - Setting next_dagrun for example_external_task_marker_parent to None, run_after=None
[2024-06-14T12:26:49.386+0000] {processor.py:183} INFO - Processing /home/airflow/.local/lib/python3.12/site-packages/airflow/example_dags/example_external_task_marker_dag.py took 0.059 seconds
[2024-06-14T12:27:19.533+0000] {processor.py:161} INFO - Started process (PID=1048) to work on /home/airflow/.local/lib/python3.12/site-packages/airflow/example_dags/example_external_task_marker_dag.py
[2024-06-14T12:27:19.534+0000] {processor.py:830} INFO - Processing file /home/airflow/.local/lib/python3.12/site-packages/airflow/example_dags/example_external_task_marker_dag.py for tasks to queue
[2024-06-14T12:27:19.536+0000] {logging_mixin.py:188} INFO - [2024-06-14T12:27:19.535+0000] {dagbag.py:545} INFO - Filling up the DagBag from /home/airflow/.local/lib/python3.12/site-packages/airflow/example_dags/example_external_task_marker_dag.py
[2024-06-14T12:27:19.540+0000] {processor.py:840} INFO - DAG(s) 'example_external_task_marker_child', 'example_external_task_marker_parent' retrieved from /home/airflow/.local/lib/python3.12/site-packages/airflow/example_dags/example_external_task_marker_dag.py
[2024-06-14T12:27:19.557+0000] {logging_mixin.py:188} INFO - [2024-06-14T12:27:19.557+0000] {dag.py:3096} INFO - Sync 2 DAGs
[2024-06-14T12:27:19.567+0000] {logging_mixin.py:188} INFO - [2024-06-14T12:27:19.567+0000] {dag.py:3954} INFO - Setting next_dagrun for example_external_task_marker_child to None, run_after=None
[2024-06-14T12:27:19.570+0000] {logging_mixin.py:188} INFO - [2024-06-14T12:27:19.570+0000] {dag.py:3954} INFO - Setting next_dagrun for example_external_task_marker_parent to None, run_after=None
[2024-06-14T12:27:19.583+0000] {processor.py:183} INFO - Processing /home/airflow/.local/lib/python3.12/site-packages/airflow/example_dags/example_external_task_marker_dag.py took 0.055 seconds
[2024-06-14T12:27:49.786+0000] {processor.py:161} INFO - Started process (PID=1106) to work on /home/airflow/.local/lib/python3.12/site-packages/airflow/example_dags/example_external_task_marker_dag.py
[2024-06-14T12:27:49.787+0000] {processor.py:830} INFO - Processing file /home/airflow/.local/lib/python3.12/site-packages/airflow/example_dags/example_external_task_marker_dag.py for tasks to queue
[2024-06-14T12:27:49.788+0000] {logging_mixin.py:188} INFO - [2024-06-14T12:27:49.788+0000] {dagbag.py:545} INFO - Filling up the DagBag from /home/airflow/.local/lib/python3.12/site-packages/airflow/example_dags/example_external_task_marker_dag.py
[2024-06-14T12:27:49.794+0000] {processor.py:840} INFO - DAG(s) 'example_external_task_marker_child', 'example_external_task_marker_parent' retrieved from /home/airflow/.local/lib/python3.12/site-packages/airflow/example_dags/example_external_task_marker_dag.py
[2024-06-14T12:27:49.811+0000] {logging_mixin.py:188} INFO - [2024-06-14T12:27:49.811+0000] {dag.py:3096} INFO - Sync 2 DAGs
[2024-06-14T12:27:49.821+0000] {logging_mixin.py:188} INFO - [2024-06-14T12:27:49.821+0000] {dag.py:3954} INFO - Setting next_dagrun for example_external_task_marker_child to None, run_after=None
[2024-06-14T12:27:49.824+0000] {logging_mixin.py:188} INFO - [2024-06-14T12:27:49.824+0000] {dag.py:3954} INFO - Setting next_dagrun for example_external_task_marker_parent to None, run_after=None
[2024-06-14T12:27:49.836+0000] {processor.py:183} INFO - Processing /home/airflow/.local/lib/python3.12/site-packages/airflow/example_dags/example_external_task_marker_dag.py took 0.054 seconds
[2024-06-14T12:28:19.967+0000] {processor.py:161} INFO - Started process (PID=1164) to work on /home/airflow/.local/lib/python3.12/site-packages/airflow/example_dags/example_external_task_marker_dag.py
[2024-06-14T12:28:19.968+0000] {processor.py:830} INFO - Processing file /home/airflow/.local/lib/python3.12/site-packages/airflow/example_dags/example_external_task_marker_dag.py for tasks to queue
[2024-06-14T12:28:19.969+0000] {logging_mixin.py:188} INFO - [2024-06-14T12:28:19.969+0000] {dagbag.py:545} INFO - Filling up the DagBag from /home/airflow/.local/lib/python3.12/site-packages/airflow/example_dags/example_external_task_marker_dag.py
[2024-06-14T12:28:19.973+0000] {processor.py:840} INFO - DAG(s) 'example_external_task_marker_child', 'example_external_task_marker_parent' retrieved from /home/airflow/.local/lib/python3.12/site-packages/airflow/example_dags/example_external_task_marker_dag.py
[2024-06-14T12:28:19.990+0000] {logging_mixin.py:188} INFO - [2024-06-14T12:28:19.990+0000] {dag.py:3096} INFO - Sync 2 DAGs
[2024-06-14T12:28:19.999+0000] {logging_mixin.py:188} INFO - [2024-06-14T12:28:19.999+0000] {dag.py:3954} INFO - Setting next_dagrun for example_external_task_marker_child to None, run_after=None
[2024-06-14T12:28:20.002+0000] {logging_mixin.py:188} INFO - [2024-06-14T12:28:20.002+0000] {dag.py:3954} INFO - Setting next_dagrun for example_external_task_marker_parent to None, run_after=None
[2024-06-14T12:28:20.015+0000] {processor.py:183} INFO - Processing /home/airflow/.local/lib/python3.12/site-packages/airflow/example_dags/example_external_task_marker_dag.py took 0.052 seconds
[2024-06-14T12:28:50.251+0000] {processor.py:161} INFO - Started process (PID=1222) to work on /home/airflow/.local/lib/python3.12/site-packages/airflow/example_dags/example_external_task_marker_dag.py
[2024-06-14T12:28:50.251+0000] {processor.py:830} INFO - Processing file /home/airflow/.local/lib/python3.12/site-packages/airflow/example_dags/example_external_task_marker_dag.py for tasks to queue
[2024-06-14T12:28:50.253+0000] {logging_mixin.py:188} INFO - [2024-06-14T12:28:50.253+0000] {dagbag.py:545} INFO - Filling up the DagBag from /home/airflow/.local/lib/python3.12/site-packages/airflow/example_dags/example_external_task_marker_dag.py
[2024-06-14T12:28:50.257+0000] {processor.py:840} INFO - DAG(s) 'example_external_task_marker_parent', 'example_external_task_marker_child' retrieved from /home/airflow/.local/lib/python3.12/site-packages/airflow/example_dags/example_external_task_marker_dag.py
[2024-06-14T12:28:50.274+0000] {logging_mixin.py:188} INFO - [2024-06-14T12:28:50.274+0000] {dag.py:3096} INFO - Sync 2 DAGs
[2024-06-14T12:28:50.285+0000] {logging_mixin.py:188} INFO - [2024-06-14T12:28:50.285+0000] {dag.py:3954} INFO - Setting next_dagrun for example_external_task_marker_child to None, run_after=None
[2024-06-14T12:28:50.288+0000] {logging_mixin.py:188} INFO - [2024-06-14T12:28:50.288+0000] {dag.py:3954} INFO - Setting next_dagrun for example_external_task_marker_parent to None, run_after=None
[2024-06-14T12:28:50.299+0000] {processor.py:183} INFO - Processing /home/airflow/.local/lib/python3.12/site-packages/airflow/example_dags/example_external_task_marker_dag.py took 0.052 seconds
[2024-06-14T12:29:20.435+0000] {processor.py:161} INFO - Started process (PID=1279) to work on /home/airflow/.local/lib/python3.12/site-packages/airflow/example_dags/example_external_task_marker_dag.py
[2024-06-14T12:29:20.435+0000] {processor.py:830} INFO - Processing file /home/airflow/.local/lib/python3.12/site-packages/airflow/example_dags/example_external_task_marker_dag.py for tasks to queue
[2024-06-14T12:29:20.437+0000] {logging_mixin.py:188} INFO - [2024-06-14T12:29:20.436+0000] {dagbag.py:545} INFO - Filling up the DagBag from /home/airflow/.local/lib/python3.12/site-packages/airflow/example_dags/example_external_task_marker_dag.py
[2024-06-14T12:29:20.441+0000] {processor.py:840} INFO - DAG(s) 'example_external_task_marker_child', 'example_external_task_marker_parent' retrieved from /home/airflow/.local/lib/python3.12/site-packages/airflow/example_dags/example_external_task_marker_dag.py
[2024-06-14T12:29:20.458+0000] {logging_mixin.py:188} INFO - [2024-06-14T12:29:20.457+0000] {dag.py:3096} INFO - Sync 2 DAGs
[2024-06-14T12:29:20.468+0000] {logging_mixin.py:188} INFO - [2024-06-14T12:29:20.468+0000] {dag.py:3954} INFO - Setting next_dagrun for example_external_task_marker_child to None, run_after=None
[2024-06-14T12:29:20.470+0000] {logging_mixin.py:188} INFO - [2024-06-14T12:29:20.470+0000] {dag.py:3954} INFO - Setting next_dagrun for example_external_task_marker_parent to None, run_after=None
[2024-06-14T12:29:20.482+0000] {processor.py:183} INFO - Processing /home/airflow/.local/lib/python3.12/site-packages/airflow/example_dags/example_external_task_marker_dag.py took 0.051 seconds
[2024-06-14T12:29:50.798+0000] {processor.py:161} INFO - Started process (PID=1337) to work on /home/airflow/.local/lib/python3.12/site-packages/airflow/example_dags/example_external_task_marker_dag.py
[2024-06-14T12:29:50.799+0000] {processor.py:830} INFO - Processing file /home/airflow/.local/lib/python3.12/site-packages/airflow/example_dags/example_external_task_marker_dag.py for tasks to queue
[2024-06-14T12:29:50.800+0000] {logging_mixin.py:188} INFO - [2024-06-14T12:29:50.800+0000] {dagbag.py:545} INFO - Filling up the DagBag from /home/airflow/.local/lib/python3.12/site-packages/airflow/example_dags/example_external_task_marker_dag.py
[2024-06-14T12:29:50.805+0000] {processor.py:840} INFO - DAG(s) 'example_external_task_marker_child', 'example_external_task_marker_parent' retrieved from /home/airflow/.local/lib/python3.12/site-packages/airflow/example_dags/example_external_task_marker_dag.py
[2024-06-14T12:29:50.820+0000] {logging_mixin.py:188} INFO - [2024-06-14T12:29:50.820+0000] {dag.py:3096} INFO - Sync 2 DAGs
[2024-06-14T12:29:50.829+0000] {logging_mixin.py:188} INFO - [2024-06-14T12:29:50.829+0000] {dag.py:3954} INFO - Setting next_dagrun for example_external_task_marker_child to None, run_after=None
[2024-06-14T12:29:50.832+0000] {logging_mixin.py:188} INFO - [2024-06-14T12:29:50.831+0000] {dag.py:3954} INFO - Setting next_dagrun for example_external_task_marker_parent to None, run_after=None
[2024-06-14T12:29:50.844+0000] {processor.py:183} INFO - Processing /home/airflow/.local/lib/python3.12/site-packages/airflow/example_dags/example_external_task_marker_dag.py took 0.049 seconds
[2024-06-14T12:30:21.144+0000] {processor.py:161} INFO - Started process (PID=1395) to work on /home/airflow/.local/lib/python3.12/site-packages/airflow/example_dags/example_external_task_marker_dag.py
[2024-06-14T12:30:21.145+0000] {processor.py:830} INFO - Processing file /home/airflow/.local/lib/python3.12/site-packages/airflow/example_dags/example_external_task_marker_dag.py for tasks to queue
[2024-06-14T12:30:21.146+0000] {logging_mixin.py:188} INFO - [2024-06-14T12:30:21.146+0000] {dagbag.py:545} INFO - Filling up the DagBag from /home/airflow/.local/lib/python3.12/site-packages/airflow/example_dags/example_external_task_marker_dag.py
[2024-06-14T12:30:21.150+0000] {processor.py:840} INFO - DAG(s) 'example_external_task_marker_parent', 'example_external_task_marker_child' retrieved from /home/airflow/.local/lib/python3.12/site-packages/airflow/example_dags/example_external_task_marker_dag.py
[2024-06-14T12:30:21.168+0000] {logging_mixin.py:188} INFO - [2024-06-14T12:30:21.167+0000] {dag.py:3096} INFO - Sync 2 DAGs
[2024-06-14T12:30:21.178+0000] {logging_mixin.py:188} INFO - [2024-06-14T12:30:21.178+0000] {dag.py:3954} INFO - Setting next_dagrun for example_external_task_marker_child to None, run_after=None
[2024-06-14T12:30:21.181+0000] {logging_mixin.py:188} INFO - [2024-06-14T12:30:21.181+0000] {dag.py:3954} INFO - Setting next_dagrun for example_external_task_marker_parent to None, run_after=None
[2024-06-14T12:30:21.195+0000] {processor.py:183} INFO - Processing /home/airflow/.local/lib/python3.12/site-packages/airflow/example_dags/example_external_task_marker_dag.py took 0.055 seconds
[2024-06-14T12:30:51.520+0000] {processor.py:161} INFO - Started process (PID=1453) to work on /home/airflow/.local/lib/python3.12/site-packages/airflow/example_dags/example_external_task_marker_dag.py
[2024-06-14T12:30:51.520+0000] {processor.py:830} INFO - Processing file /home/airflow/.local/lib/python3.12/site-packages/airflow/example_dags/example_external_task_marker_dag.py for tasks to queue
[2024-06-14T12:30:51.522+0000] {logging_mixin.py:188} INFO - [2024-06-14T12:30:51.521+0000] {dagbag.py:545} INFO - Filling up the DagBag from /home/airflow/.local/lib/python3.12/site-packages/airflow/example_dags/example_external_task_marker_dag.py
[2024-06-14T12:30:51.526+0000] {processor.py:840} INFO - DAG(s) 'example_external_task_marker_child', 'example_external_task_marker_parent' retrieved from /home/airflow/.local/lib/python3.12/site-packages/airflow/example_dags/example_external_task_marker_dag.py
[2024-06-14T12:30:51.543+0000] {logging_mixin.py:188} INFO - [2024-06-14T12:30:51.543+0000] {dag.py:3096} INFO - Sync 2 DAGs
[2024-06-14T12:30:51.553+0000] {logging_mixin.py:188} INFO - [2024-06-14T12:30:51.552+0000] {dag.py:3954} INFO - Setting next_dagrun for example_external_task_marker_child to None, run_after=None
[2024-06-14T12:30:51.556+0000] {logging_mixin.py:188} INFO - [2024-06-14T12:30:51.555+0000] {dag.py:3954} INFO - Setting next_dagrun for example_external_task_marker_parent to None, run_after=None
[2024-06-14T12:30:51.568+0000] {processor.py:183} INFO - Processing /home/airflow/.local/lib/python3.12/site-packages/airflow/example_dags/example_external_task_marker_dag.py took 0.053 seconds
[2024-06-14T12:31:21.773+0000] {processor.py:161} INFO - Started process (PID=1511) to work on /home/airflow/.local/lib/python3.12/site-packages/airflow/example_dags/example_external_task_marker_dag.py
[2024-06-14T12:31:21.773+0000] {processor.py:830} INFO - Processing file /home/airflow/.local/lib/python3.12/site-packages/airflow/example_dags/example_external_task_marker_dag.py for tasks to queue
[2024-06-14T12:31:21.775+0000] {logging_mixin.py:188} INFO - [2024-06-14T12:31:21.774+0000] {dagbag.py:545} INFO - Filling up the DagBag from /home/airflow/.local/lib/python3.12/site-packages/airflow/example_dags/example_external_task_marker_dag.py
[2024-06-14T12:31:21.779+0000] {processor.py:840} INFO - DAG(s) 'example_external_task_marker_child', 'example_external_task_marker_parent' retrieved from /home/airflow/.local/lib/python3.12/site-packages/airflow/example_dags/example_external_task_marker_dag.py
[2024-06-14T12:31:21.796+0000] {logging_mixin.py:188} INFO - [2024-06-14T12:31:21.796+0000] {dag.py:3096} INFO - Sync 2 DAGs
[2024-06-14T12:31:21.805+0000] {logging_mixin.py:188} INFO - [2024-06-14T12:31:21.805+0000] {dag.py:3954} INFO - Setting next_dagrun for example_external_task_marker_child to None, run_after=None
[2024-06-14T12:31:21.807+0000] {logging_mixin.py:188} INFO - [2024-06-14T12:31:21.807+0000] {dag.py:3954} INFO - Setting next_dagrun for example_external_task_marker_parent to None, run_after=None
[2024-06-14T12:31:21.820+0000] {processor.py:183} INFO - Processing /home/airflow/.local/lib/python3.12/site-packages/airflow/example_dags/example_external_task_marker_dag.py took 0.052 seconds
[2024-06-14T12:31:52.054+0000] {processor.py:161} INFO - Started process (PID=1569) to work on /home/airflow/.local/lib/python3.12/site-packages/airflow/example_dags/example_external_task_marker_dag.py
[2024-06-14T12:31:52.054+0000] {processor.py:830} INFO - Processing file /home/airflow/.local/lib/python3.12/site-packages/airflow/example_dags/example_external_task_marker_dag.py for tasks to queue
[2024-06-14T12:31:52.056+0000] {logging_mixin.py:188} INFO - [2024-06-14T12:31:52.056+0000] {dagbag.py:545} INFO - Filling up the DagBag from /home/airflow/.local/lib/python3.12/site-packages/airflow/example_dags/example_external_task_marker_dag.py
[2024-06-14T12:31:52.061+0000] {processor.py:840} INFO - DAG(s) 'example_external_task_marker_child', 'example_external_task_marker_parent' retrieved from /home/airflow/.local/lib/python3.12/site-packages/airflow/example_dags/example_external_task_marker_dag.py
[2024-06-14T12:31:52.077+0000] {logging_mixin.py:188} INFO - [2024-06-14T12:31:52.077+0000] {dag.py:3096} INFO - Sync 2 DAGs
[2024-06-14T12:31:52.086+0000] {logging_mixin.py:188} INFO - [2024-06-14T12:31:52.086+0000] {dag.py:3954} INFO - Setting next_dagrun for example_external_task_marker_child to None, run_after=None
[2024-06-14T12:31:52.089+0000] {logging_mixin.py:188} INFO - [2024-06-14T12:31:52.089+0000] {dag.py:3954} INFO - Setting next_dagrun for example_external_task_marker_parent to None, run_after=None
[2024-06-14T12:31:52.101+0000] {processor.py:183} INFO - Processing /home/airflow/.local/lib/python3.12/site-packages/airflow/example_dags/example_external_task_marker_dag.py took 0.051 seconds
[2024-06-14T12:32:22.359+0000] {processor.py:161} INFO - Started process (PID=1628) to work on /home/airflow/.local/lib/python3.12/site-packages/airflow/example_dags/example_external_task_marker_dag.py
[2024-06-14T12:32:22.360+0000] {processor.py:830} INFO - Processing file /home/airflow/.local/lib/python3.12/site-packages/airflow/example_dags/example_external_task_marker_dag.py for tasks to queue
[2024-06-14T12:32:22.361+0000] {logging_mixin.py:188} INFO - [2024-06-14T12:32:22.361+0000] {dagbag.py:545} INFO - Filling up the DagBag from /home/airflow/.local/lib/python3.12/site-packages/airflow/example_dags/example_external_task_marker_dag.py
[2024-06-14T12:32:22.366+0000] {processor.py:840} INFO - DAG(s) 'example_external_task_marker_parent', 'example_external_task_marker_child' retrieved from /home/airflow/.local/lib/python3.12/site-packages/airflow/example_dags/example_external_task_marker_dag.py
[2024-06-14T12:32:22.382+0000] {logging_mixin.py:188} INFO - [2024-06-14T12:32:22.382+0000] {dag.py:3096} INFO - Sync 2 DAGs
[2024-06-14T12:32:22.394+0000] {logging_mixin.py:188} INFO - [2024-06-14T12:32:22.394+0000] {dag.py:3954} INFO - Setting next_dagrun for example_external_task_marker_child to None, run_after=None
[2024-06-14T12:32:22.396+0000] {logging_mixin.py:188} INFO - [2024-06-14T12:32:22.396+0000] {dag.py:3954} INFO - Setting next_dagrun for example_external_task_marker_parent to None, run_after=None
[2024-06-14T12:32:22.408+0000] {processor.py:183} INFO - Processing /home/airflow/.local/lib/python3.12/site-packages/airflow/example_dags/example_external_task_marker_dag.py took 0.054 seconds
[2024-06-14T12:32:52.751+0000] {processor.py:161} INFO - Started process (PID=1686) to work on /home/airflow/.local/lib/python3.12/site-packages/airflow/example_dags/example_external_task_marker_dag.py
[2024-06-14T12:32:52.752+0000] {processor.py:830} INFO - Processing file /home/airflow/.local/lib/python3.12/site-packages/airflow/example_dags/example_external_task_marker_dag.py for tasks to queue
[2024-06-14T12:32:52.753+0000] {logging_mixin.py:188} INFO - [2024-06-14T12:32:52.753+0000] {dagbag.py:545} INFO - Filling up the DagBag from /home/airflow/.local/lib/python3.12/site-packages/airflow/example_dags/example_external_task_marker_dag.py
[2024-06-14T12:32:52.758+0000] {processor.py:840} INFO - DAG(s) 'example_external_task_marker_child', 'example_external_task_marker_parent' retrieved from /home/airflow/.local/lib/python3.12/site-packages/airflow/example_dags/example_external_task_marker_dag.py
[2024-06-14T12:32:52.778+0000] {logging_mixin.py:188} INFO - [2024-06-14T12:32:52.778+0000] {dag.py:3096} INFO - Sync 2 DAGs
[2024-06-14T12:32:52.788+0000] {logging_mixin.py:188} INFO - [2024-06-14T12:32:52.788+0000] {dag.py:3954} INFO - Setting next_dagrun for example_external_task_marker_child to None, run_after=None
[2024-06-14T12:32:52.792+0000] {logging_mixin.py:188} INFO - [2024-06-14T12:32:52.791+0000] {dag.py:3954} INFO - Setting next_dagrun for example_external_task_marker_parent to None, run_after=None
[2024-06-14T12:32:52.805+0000] {processor.py:183} INFO - Processing /home/airflow/.local/lib/python3.12/site-packages/airflow/example_dags/example_external_task_marker_dag.py took 0.057 seconds
[2024-06-14T12:33:23.238+0000] {processor.py:161} INFO - Started process (PID=1744) to work on /home/airflow/.local/lib/python3.12/site-packages/airflow/example_dags/example_external_task_marker_dag.py
[2024-06-14T12:33:23.239+0000] {processor.py:830} INFO - Processing file /home/airflow/.local/lib/python3.12/site-packages/airflow/example_dags/example_external_task_marker_dag.py for tasks to queue
[2024-06-14T12:33:23.240+0000] {logging_mixin.py:188} INFO - [2024-06-14T12:33:23.240+0000] {dagbag.py:545} INFO - Filling up the DagBag from /home/airflow/.local/lib/python3.12/site-packages/airflow/example_dags/example_external_task_marker_dag.py
[2024-06-14T12:33:23.245+0000] {processor.py:840} INFO - DAG(s) 'example_external_task_marker_child', 'example_external_task_marker_parent' retrieved from /home/airflow/.local/lib/python3.12/site-packages/airflow/example_dags/example_external_task_marker_dag.py
[2024-06-14T12:33:23.266+0000] {logging_mixin.py:188} INFO - [2024-06-14T12:33:23.266+0000] {dag.py:3096} INFO - Sync 2 DAGs
[2024-06-14T12:33:23.278+0000] {logging_mixin.py:188} INFO - [2024-06-14T12:33:23.278+0000] {dag.py:3954} INFO - Setting next_dagrun for example_external_task_marker_child to None, run_after=None
[2024-06-14T12:33:23.282+0000] {logging_mixin.py:188} INFO - [2024-06-14T12:33:23.282+0000] {dag.py:3954} INFO - Setting next_dagrun for example_external_task_marker_parent to None, run_after=None
[2024-06-14T12:33:23.297+0000] {processor.py:183} INFO - Processing /home/airflow/.local/lib/python3.12/site-packages/airflow/example_dags/example_external_task_marker_dag.py took 0.065 seconds
[2024-06-14T12:33:54.088+0000] {processor.py:161} INFO - Started process (PID=1802) to work on /home/airflow/.local/lib/python3.12/site-packages/airflow/example_dags/example_external_task_marker_dag.py
[2024-06-14T12:33:54.089+0000] {processor.py:830} INFO - Processing file /home/airflow/.local/lib/python3.12/site-packages/airflow/example_dags/example_external_task_marker_dag.py for tasks to queue
[2024-06-14T12:33:54.090+0000] {logging_mixin.py:188} INFO - [2024-06-14T12:33:54.090+0000] {dagbag.py:545} INFO - Filling up the DagBag from /home/airflow/.local/lib/python3.12/site-packages/airflow/example_dags/example_external_task_marker_dag.py
[2024-06-14T12:33:54.095+0000] {processor.py:840} INFO - DAG(s) 'example_external_task_marker_parent', 'example_external_task_marker_child' retrieved from /home/airflow/.local/lib/python3.12/site-packages/airflow/example_dags/example_external_task_marker_dag.py
[2024-06-14T12:33:54.116+0000] {logging_mixin.py:188} INFO - [2024-06-14T12:33:54.116+0000] {dag.py:3096} INFO - Sync 2 DAGs
[2024-06-14T12:33:54.126+0000] {logging_mixin.py:188} INFO - [2024-06-14T12:33:54.126+0000] {dag.py:3954} INFO - Setting next_dagrun for example_external_task_marker_child to None, run_after=None
[2024-06-14T12:33:54.129+0000] {logging_mixin.py:188} INFO - [2024-06-14T12:33:54.128+0000] {dag.py:3954} INFO - Setting next_dagrun for example_external_task_marker_parent to None, run_after=None
[2024-06-14T12:33:54.143+0000] {processor.py:183} INFO - Processing /home/airflow/.local/lib/python3.12/site-packages/airflow/example_dags/example_external_task_marker_dag.py took 0.060 seconds
[2024-06-14T12:34:24.569+0000] {processor.py:161} INFO - Started process (PID=1860) to work on /home/airflow/.local/lib/python3.12/site-packages/airflow/example_dags/example_external_task_marker_dag.py
[2024-06-14T12:34:24.570+0000] {processor.py:830} INFO - Processing file /home/airflow/.local/lib/python3.12/site-packages/airflow/example_dags/example_external_task_marker_dag.py for tasks to queue
[2024-06-14T12:34:24.572+0000] {logging_mixin.py:188} INFO - [2024-06-14T12:34:24.572+0000] {dagbag.py:545} INFO - Filling up the DagBag from /home/airflow/.local/lib/python3.12/site-packages/airflow/example_dags/example_external_task_marker_dag.py
[2024-06-14T12:34:24.577+0000] {processor.py:840} INFO - DAG(s) 'example_external_task_marker_child', 'example_external_task_marker_parent' retrieved from /home/airflow/.local/lib/python3.12/site-packages/airflow/example_dags/example_external_task_marker_dag.py
[2024-06-14T12:34:24.596+0000] {logging_mixin.py:188} INFO - [2024-06-14T12:34:24.596+0000] {dag.py:3096} INFO - Sync 2 DAGs
[2024-06-14T12:34:24.605+0000] {logging_mixin.py:188} INFO - [2024-06-14T12:34:24.605+0000] {dag.py:3954} INFO - Setting next_dagrun for example_external_task_marker_child to None, run_after=None
[2024-06-14T12:34:24.608+0000] {logging_mixin.py:188} INFO - [2024-06-14T12:34:24.608+0000] {dag.py:3954} INFO - Setting next_dagrun for example_external_task_marker_parent to None, run_after=None
[2024-06-14T12:34:24.622+0000] {processor.py:183} INFO - Processing /home/airflow/.local/lib/python3.12/site-packages/airflow/example_dags/example_external_task_marker_dag.py took 0.057 seconds
