[2024-06-14T12:06:32.057+0000] {processor.py:161} INFO - Started process (PID=74) to work on /home/airflow/.local/lib/python3.12/site-packages/airflow/example_dags/example_latest_only.py
[2024-06-14T12:06:32.058+0000] {processor.py:830} INFO - Processing file /home/airflow/.local/lib/python3.12/site-packages/airflow/example_dags/example_latest_only.py for tasks to queue
[2024-06-14T12:06:32.060+0000] {logging_mixin.py:188} INFO - [2024-06-14T12:06:32.060+0000] {dagbag.py:545} INFO - Filling up the DagBag from /home/airflow/.local/lib/python3.12/site-packages/airflow/example_dags/example_latest_only.py
[2024-06-14T12:06:32.064+0000] {processor.py:840} INFO - DAG(s) 'latest_only' retrieved from /home/airflow/.local/lib/python3.12/site-packages/airflow/example_dags/example_latest_only.py
[2024-06-14T12:06:32.073+0000] {logging_mixin.py:188} INFO - [2024-06-14T12:06:32.073+0000] {dag.py:3096} INFO - Sync 1 DAGs
[2024-06-14T12:06:32.093+0000] {logging_mixin.py:188} INFO - [2024-06-14T12:06:32.093+0000] {dag.py:3954} INFO - Setting next_dagrun for latest_only to 2024-06-14 08:00:00+00:00, run_after=2024-06-14 12:00:00+00:00
[2024-06-14T12:06:32.112+0000] {processor.py:183} INFO - Processing /home/airflow/.local/lib/python3.12/site-packages/airflow/example_dags/example_latest_only.py took 0.061 seconds
[2024-06-14T12:07:03.862+0000] {processor.py:161} INFO - Started process (PID=132) to work on /home/airflow/.local/lib/python3.12/site-packages/airflow/example_dags/example_latest_only.py
[2024-06-14T12:07:03.863+0000] {processor.py:830} INFO - Processing file /home/airflow/.local/lib/python3.12/site-packages/airflow/example_dags/example_latest_only.py for tasks to queue
[2024-06-14T12:07:03.864+0000] {logging_mixin.py:188} INFO - [2024-06-14T12:07:03.864+0000] {dagbag.py:545} INFO - Filling up the DagBag from /home/airflow/.local/lib/python3.12/site-packages/airflow/example_dags/example_latest_only.py
[2024-06-14T12:07:03.868+0000] {processor.py:840} INFO - DAG(s) 'latest_only' retrieved from /home/airflow/.local/lib/python3.12/site-packages/airflow/example_dags/example_latest_only.py
[2024-06-14T12:07:03.947+0000] {logging_mixin.py:188} INFO - [2024-06-14T12:07:03.947+0000] {dag.py:3096} INFO - Sync 1 DAGs
[2024-06-14T12:07:03.963+0000] {logging_mixin.py:188} INFO - [2024-06-14T12:07:03.963+0000] {dag.py:3954} INFO - Setting next_dagrun for latest_only to 2024-06-14 08:00:00+00:00, run_after=2024-06-14 12:00:00+00:00
[2024-06-14T12:07:03.979+0000] {processor.py:183} INFO - Processing /home/airflow/.local/lib/python3.12/site-packages/airflow/example_dags/example_latest_only.py took 0.123 seconds
[2024-06-14T12:07:34.499+0000] {processor.py:161} INFO - Started process (PID=190) to work on /home/airflow/.local/lib/python3.12/site-packages/airflow/example_dags/example_latest_only.py
[2024-06-14T12:07:34.500+0000] {processor.py:830} INFO - Processing file /home/airflow/.local/lib/python3.12/site-packages/airflow/example_dags/example_latest_only.py for tasks to queue
[2024-06-14T12:07:34.501+0000] {logging_mixin.py:188} INFO - [2024-06-14T12:07:34.501+0000] {dagbag.py:545} INFO - Filling up the DagBag from /home/airflow/.local/lib/python3.12/site-packages/airflow/example_dags/example_latest_only.py
[2024-06-14T12:07:34.506+0000] {processor.py:840} INFO - DAG(s) 'latest_only' retrieved from /home/airflow/.local/lib/python3.12/site-packages/airflow/example_dags/example_latest_only.py
[2024-06-14T12:07:34.521+0000] {logging_mixin.py:188} INFO - [2024-06-14T12:07:34.521+0000] {dag.py:3096} INFO - Sync 1 DAGs
[2024-06-14T12:07:34.542+0000] {logging_mixin.py:188} INFO - [2024-06-14T12:07:34.542+0000] {dag.py:3954} INFO - Setting next_dagrun for latest_only to 2024-06-14 08:00:00+00:00, run_after=2024-06-14 12:00:00+00:00
[2024-06-14T12:07:34.559+0000] {processor.py:183} INFO - Processing /home/airflow/.local/lib/python3.12/site-packages/airflow/example_dags/example_latest_only.py took 0.064 seconds
[2024-06-14T12:08:04.759+0000] {processor.py:161} INFO - Started process (PID=248) to work on /home/airflow/.local/lib/python3.12/site-packages/airflow/example_dags/example_latest_only.py
[2024-06-14T12:08:04.759+0000] {processor.py:830} INFO - Processing file /home/airflow/.local/lib/python3.12/site-packages/airflow/example_dags/example_latest_only.py for tasks to queue
[2024-06-14T12:08:04.761+0000] {logging_mixin.py:188} INFO - [2024-06-14T12:08:04.760+0000] {dagbag.py:545} INFO - Filling up the DagBag from /home/airflow/.local/lib/python3.12/site-packages/airflow/example_dags/example_latest_only.py
[2024-06-14T12:08:04.764+0000] {processor.py:840} INFO - DAG(s) 'latest_only' retrieved from /home/airflow/.local/lib/python3.12/site-packages/airflow/example_dags/example_latest_only.py
[2024-06-14T12:08:04.777+0000] {logging_mixin.py:188} INFO - [2024-06-14T12:08:04.777+0000] {dag.py:3096} INFO - Sync 1 DAGs
[2024-06-14T12:08:04.794+0000] {logging_mixin.py:188} INFO - [2024-06-14T12:08:04.793+0000] {dag.py:3954} INFO - Setting next_dagrun for latest_only to 2024-06-14 08:00:00+00:00, run_after=2024-06-14 12:00:00+00:00
[2024-06-14T12:08:04.808+0000] {processor.py:183} INFO - Processing /home/airflow/.local/lib/python3.12/site-packages/airflow/example_dags/example_latest_only.py took 0.054 seconds
[2024-06-14T12:08:35.017+0000] {processor.py:161} INFO - Started process (PID=306) to work on /home/airflow/.local/lib/python3.12/site-packages/airflow/example_dags/example_latest_only.py
[2024-06-14T12:08:35.018+0000] {processor.py:830} INFO - Processing file /home/airflow/.local/lib/python3.12/site-packages/airflow/example_dags/example_latest_only.py for tasks to queue
[2024-06-14T12:08:35.020+0000] {logging_mixin.py:188} INFO - [2024-06-14T12:08:35.019+0000] {dagbag.py:545} INFO - Filling up the DagBag from /home/airflow/.local/lib/python3.12/site-packages/airflow/example_dags/example_latest_only.py
[2024-06-14T12:08:35.024+0000] {processor.py:840} INFO - DAG(s) 'latest_only' retrieved from /home/airflow/.local/lib/python3.12/site-packages/airflow/example_dags/example_latest_only.py
[2024-06-14T12:08:35.038+0000] {logging_mixin.py:188} INFO - [2024-06-14T12:08:35.038+0000] {dag.py:3096} INFO - Sync 1 DAGs
[2024-06-14T12:08:35.056+0000] {logging_mixin.py:188} INFO - [2024-06-14T12:08:35.056+0000] {dag.py:3954} INFO - Setting next_dagrun for latest_only to 2024-06-14 08:00:00+00:00, run_after=2024-06-14 12:00:00+00:00
[2024-06-14T12:08:35.076+0000] {processor.py:183} INFO - Processing /home/airflow/.local/lib/python3.12/site-packages/airflow/example_dags/example_latest_only.py took 0.064 seconds
[2024-06-14T12:09:05.159+0000] {processor.py:161} INFO - Started process (PID=364) to work on /home/airflow/.local/lib/python3.12/site-packages/airflow/example_dags/example_latest_only.py
[2024-06-14T12:09:05.160+0000] {processor.py:830} INFO - Processing file /home/airflow/.local/lib/python3.12/site-packages/airflow/example_dags/example_latest_only.py for tasks to queue
[2024-06-14T12:09:05.162+0000] {logging_mixin.py:188} INFO - [2024-06-14T12:09:05.161+0000] {dagbag.py:545} INFO - Filling up the DagBag from /home/airflow/.local/lib/python3.12/site-packages/airflow/example_dags/example_latest_only.py
[2024-06-14T12:09:05.165+0000] {processor.py:840} INFO - DAG(s) 'latest_only' retrieved from /home/airflow/.local/lib/python3.12/site-packages/airflow/example_dags/example_latest_only.py
[2024-06-14T12:09:05.181+0000] {logging_mixin.py:188} INFO - [2024-06-14T12:09:05.181+0000] {dag.py:3096} INFO - Sync 1 DAGs
[2024-06-14T12:09:05.201+0000] {logging_mixin.py:188} INFO - [2024-06-14T12:09:05.200+0000] {dag.py:3954} INFO - Setting next_dagrun for latest_only to 2024-06-14 08:00:00+00:00, run_after=2024-06-14 12:00:00+00:00
[2024-06-14T12:09:05.216+0000] {processor.py:183} INFO - Processing /home/airflow/.local/lib/python3.12/site-packages/airflow/example_dags/example_latest_only.py took 0.062 seconds
[2024-06-14T12:09:35.700+0000] {processor.py:161} INFO - Started process (PID=429) to work on /home/airflow/.local/lib/python3.12/site-packages/airflow/example_dags/example_latest_only.py
[2024-06-14T12:09:35.701+0000] {processor.py:830} INFO - Processing file /home/airflow/.local/lib/python3.12/site-packages/airflow/example_dags/example_latest_only.py for tasks to queue
[2024-06-14T12:09:35.703+0000] {logging_mixin.py:188} INFO - [2024-06-14T12:09:35.703+0000] {dagbag.py:545} INFO - Filling up the DagBag from /home/airflow/.local/lib/python3.12/site-packages/airflow/example_dags/example_latest_only.py
[2024-06-14T12:09:35.706+0000] {processor.py:840} INFO - DAG(s) 'latest_only' retrieved from /home/airflow/.local/lib/python3.12/site-packages/airflow/example_dags/example_latest_only.py
[2024-06-14T12:09:35.721+0000] {logging_mixin.py:188} INFO - [2024-06-14T12:09:35.721+0000] {dag.py:3096} INFO - Sync 1 DAGs
[2024-06-14T12:09:35.738+0000] {logging_mixin.py:188} INFO - [2024-06-14T12:09:35.738+0000] {dag.py:3954} INFO - Setting next_dagrun for latest_only to 2024-06-14 08:00:00+00:00, run_after=2024-06-14 12:00:00+00:00
[2024-06-14T12:09:35.754+0000] {processor.py:183} INFO - Processing /home/airflow/.local/lib/python3.12/site-packages/airflow/example_dags/example_latest_only.py took 0.059 seconds
[2024-06-14T12:10:05.800+0000] {processor.py:161} INFO - Started process (PID=487) to work on /home/airflow/.local/lib/python3.12/site-packages/airflow/example_dags/example_latest_only.py
[2024-06-14T12:10:05.801+0000] {processor.py:830} INFO - Processing file /home/airflow/.local/lib/python3.12/site-packages/airflow/example_dags/example_latest_only.py for tasks to queue
[2024-06-14T12:10:05.802+0000] {logging_mixin.py:188} INFO - [2024-06-14T12:10:05.802+0000] {dagbag.py:545} INFO - Filling up the DagBag from /home/airflow/.local/lib/python3.12/site-packages/airflow/example_dags/example_latest_only.py
[2024-06-14T12:10:05.805+0000] {processor.py:840} INFO - DAG(s) 'latest_only' retrieved from /home/airflow/.local/lib/python3.12/site-packages/airflow/example_dags/example_latest_only.py
[2024-06-14T12:10:05.819+0000] {logging_mixin.py:188} INFO - [2024-06-14T12:10:05.819+0000] {dag.py:3096} INFO - Sync 1 DAGs
[2024-06-14T12:10:05.839+0000] {logging_mixin.py:188} INFO - [2024-06-14T12:10:05.839+0000] {dag.py:3954} INFO - Setting next_dagrun for latest_only to 2024-06-14 08:00:00+00:00, run_after=2024-06-14 12:00:00+00:00
[2024-06-14T12:10:05.860+0000] {processor.py:183} INFO - Processing /home/airflow/.local/lib/python3.12/site-packages/airflow/example_dags/example_latest_only.py took 0.064 seconds
[2024-06-14T12:10:36.047+0000] {processor.py:161} INFO - Started process (PID=545) to work on /home/airflow/.local/lib/python3.12/site-packages/airflow/example_dags/example_latest_only.py
[2024-06-14T12:10:36.048+0000] {processor.py:830} INFO - Processing file /home/airflow/.local/lib/python3.12/site-packages/airflow/example_dags/example_latest_only.py for tasks to queue
[2024-06-14T12:10:36.050+0000] {logging_mixin.py:188} INFO - [2024-06-14T12:10:36.049+0000] {dagbag.py:545} INFO - Filling up the DagBag from /home/airflow/.local/lib/python3.12/site-packages/airflow/example_dags/example_latest_only.py
[2024-06-14T12:10:36.053+0000] {processor.py:840} INFO - DAG(s) 'latest_only' retrieved from /home/airflow/.local/lib/python3.12/site-packages/airflow/example_dags/example_latest_only.py
[2024-06-14T12:10:36.069+0000] {logging_mixin.py:188} INFO - [2024-06-14T12:10:36.069+0000] {dag.py:3096} INFO - Sync 1 DAGs
[2024-06-14T12:10:36.088+0000] {logging_mixin.py:188} INFO - [2024-06-14T12:10:36.088+0000] {dag.py:3954} INFO - Setting next_dagrun for latest_only to 2024-06-14 08:00:00+00:00, run_after=2024-06-14 12:00:00+00:00
[2024-06-14T12:10:36.103+0000] {processor.py:183} INFO - Processing /home/airflow/.local/lib/python3.12/site-packages/airflow/example_dags/example_latest_only.py took 0.061 seconds
[2024-06-14T12:11:06.205+0000] {processor.py:161} INFO - Started process (PID=610) to work on /home/airflow/.local/lib/python3.12/site-packages/airflow/example_dags/example_latest_only.py
[2024-06-14T12:11:06.206+0000] {processor.py:830} INFO - Processing file /home/airflow/.local/lib/python3.12/site-packages/airflow/example_dags/example_latest_only.py for tasks to queue
[2024-06-14T12:11:06.207+0000] {logging_mixin.py:188} INFO - [2024-06-14T12:11:06.207+0000] {dagbag.py:545} INFO - Filling up the DagBag from /home/airflow/.local/lib/python3.12/site-packages/airflow/example_dags/example_latest_only.py
[2024-06-14T12:11:06.210+0000] {processor.py:840} INFO - DAG(s) 'latest_only' retrieved from /home/airflow/.local/lib/python3.12/site-packages/airflow/example_dags/example_latest_only.py
[2024-06-14T12:11:06.223+0000] {logging_mixin.py:188} INFO - [2024-06-14T12:11:06.223+0000] {dag.py:3096} INFO - Sync 1 DAGs
[2024-06-14T12:11:06.238+0000] {logging_mixin.py:188} INFO - [2024-06-14T12:11:06.238+0000] {dag.py:3954} INFO - Setting next_dagrun for latest_only to 2024-06-14 08:00:00+00:00, run_after=2024-06-14 12:00:00+00:00
[2024-06-14T12:11:06.255+0000] {processor.py:183} INFO - Processing /home/airflow/.local/lib/python3.12/site-packages/airflow/example_dags/example_latest_only.py took 0.054 seconds
[2024-06-14T12:11:36.431+0000] {processor.py:161} INFO - Started process (PID=668) to work on /home/airflow/.local/lib/python3.12/site-packages/airflow/example_dags/example_latest_only.py
[2024-06-14T12:11:36.432+0000] {processor.py:830} INFO - Processing file /home/airflow/.local/lib/python3.12/site-packages/airflow/example_dags/example_latest_only.py for tasks to queue
[2024-06-14T12:11:36.433+0000] {logging_mixin.py:188} INFO - [2024-06-14T12:11:36.433+0000] {dagbag.py:545} INFO - Filling up the DagBag from /home/airflow/.local/lib/python3.12/site-packages/airflow/example_dags/example_latest_only.py
[2024-06-14T12:11:36.437+0000] {processor.py:840} INFO - DAG(s) 'latest_only' retrieved from /home/airflow/.local/lib/python3.12/site-packages/airflow/example_dags/example_latest_only.py
[2024-06-14T12:11:36.452+0000] {logging_mixin.py:188} INFO - [2024-06-14T12:11:36.451+0000] {dag.py:3096} INFO - Sync 1 DAGs
[2024-06-14T12:11:36.468+0000] {logging_mixin.py:188} INFO - [2024-06-14T12:11:36.468+0000] {dag.py:3954} INFO - Setting next_dagrun for latest_only to 2024-06-14 08:00:00+00:00, run_after=2024-06-14 12:00:00+00:00
[2024-06-14T12:11:36.483+0000] {processor.py:183} INFO - Processing /home/airflow/.local/lib/python3.12/site-packages/airflow/example_dags/example_latest_only.py took 0.056 seconds
[2024-06-14T12:12:06.608+0000] {processor.py:161} INFO - Started process (PID=726) to work on /home/airflow/.local/lib/python3.12/site-packages/airflow/example_dags/example_latest_only.py
[2024-06-14T12:12:06.609+0000] {processor.py:830} INFO - Processing file /home/airflow/.local/lib/python3.12/site-packages/airflow/example_dags/example_latest_only.py for tasks to queue
[2024-06-14T12:12:06.610+0000] {logging_mixin.py:188} INFO - [2024-06-14T12:12:06.610+0000] {dagbag.py:545} INFO - Filling up the DagBag from /home/airflow/.local/lib/python3.12/site-packages/airflow/example_dags/example_latest_only.py
[2024-06-14T12:12:06.613+0000] {processor.py:840} INFO - DAG(s) 'latest_only' retrieved from /home/airflow/.local/lib/python3.12/site-packages/airflow/example_dags/example_latest_only.py
[2024-06-14T12:12:06.627+0000] {logging_mixin.py:188} INFO - [2024-06-14T12:12:06.627+0000] {dag.py:3096} INFO - Sync 1 DAGs
[2024-06-14T12:12:06.643+0000] {logging_mixin.py:188} INFO - [2024-06-14T12:12:06.643+0000] {dag.py:3954} INFO - Setting next_dagrun for latest_only to 2024-06-14 08:00:00+00:00, run_after=2024-06-14 12:00:00+00:00
[2024-06-14T12:12:06.658+0000] {processor.py:183} INFO - Processing /home/airflow/.local/lib/python3.12/site-packages/airflow/example_dags/example_latest_only.py took 0.054 seconds
[2024-06-14T12:12:36.717+0000] {processor.py:161} INFO - Started process (PID=784) to work on /home/airflow/.local/lib/python3.12/site-packages/airflow/example_dags/example_latest_only.py
[2024-06-14T12:12:36.718+0000] {processor.py:830} INFO - Processing file /home/airflow/.local/lib/python3.12/site-packages/airflow/example_dags/example_latest_only.py for tasks to queue
[2024-06-14T12:12:36.720+0000] {logging_mixin.py:188} INFO - [2024-06-14T12:12:36.720+0000] {dagbag.py:545} INFO - Filling up the DagBag from /home/airflow/.local/lib/python3.12/site-packages/airflow/example_dags/example_latest_only.py
[2024-06-14T12:12:36.724+0000] {processor.py:840} INFO - DAG(s) 'latest_only' retrieved from /home/airflow/.local/lib/python3.12/site-packages/airflow/example_dags/example_latest_only.py
[2024-06-14T12:12:36.739+0000] {logging_mixin.py:188} INFO - [2024-06-14T12:12:36.739+0000] {dag.py:3096} INFO - Sync 1 DAGs
[2024-06-14T12:12:36.754+0000] {logging_mixin.py:188} INFO - [2024-06-14T12:12:36.754+0000] {dag.py:3954} INFO - Setting next_dagrun for latest_only to 2024-06-14 08:00:00+00:00, run_after=2024-06-14 12:00:00+00:00
[2024-06-14T12:12:36.770+0000] {processor.py:183} INFO - Processing /home/airflow/.local/lib/python3.12/site-packages/airflow/example_dags/example_latest_only.py took 0.058 seconds
[2024-06-14T12:13:07.030+0000] {processor.py:161} INFO - Started process (PID=842) to work on /home/airflow/.local/lib/python3.12/site-packages/airflow/example_dags/example_latest_only.py
[2024-06-14T12:13:07.031+0000] {processor.py:830} INFO - Processing file /home/airflow/.local/lib/python3.12/site-packages/airflow/example_dags/example_latest_only.py for tasks to queue
[2024-06-14T12:13:07.032+0000] {logging_mixin.py:188} INFO - [2024-06-14T12:13:07.032+0000] {dagbag.py:545} INFO - Filling up the DagBag from /home/airflow/.local/lib/python3.12/site-packages/airflow/example_dags/example_latest_only.py
[2024-06-14T12:13:07.036+0000] {processor.py:840} INFO - DAG(s) 'latest_only' retrieved from /home/airflow/.local/lib/python3.12/site-packages/airflow/example_dags/example_latest_only.py
[2024-06-14T12:13:07.053+0000] {logging_mixin.py:188} INFO - [2024-06-14T12:13:07.053+0000] {dag.py:3096} INFO - Sync 1 DAGs
[2024-06-14T12:13:07.072+0000] {logging_mixin.py:188} INFO - [2024-06-14T12:13:07.071+0000] {dag.py:3954} INFO - Setting next_dagrun for latest_only to 2024-06-14 08:00:00+00:00, run_after=2024-06-14 12:00:00+00:00
[2024-06-14T12:13:07.090+0000] {processor.py:183} INFO - Processing /home/airflow/.local/lib/python3.12/site-packages/airflow/example_dags/example_latest_only.py took 0.064 seconds
[2024-06-14T12:13:37.508+0000] {processor.py:161} INFO - Started process (PID=900) to work on /home/airflow/.local/lib/python3.12/site-packages/airflow/example_dags/example_latest_only.py
[2024-06-14T12:13:37.509+0000] {processor.py:830} INFO - Processing file /home/airflow/.local/lib/python3.12/site-packages/airflow/example_dags/example_latest_only.py for tasks to queue
[2024-06-14T12:13:37.510+0000] {logging_mixin.py:188} INFO - [2024-06-14T12:13:37.510+0000] {dagbag.py:545} INFO - Filling up the DagBag from /home/airflow/.local/lib/python3.12/site-packages/airflow/example_dags/example_latest_only.py
[2024-06-14T12:13:37.516+0000] {processor.py:840} INFO - DAG(s) 'latest_only' retrieved from /home/airflow/.local/lib/python3.12/site-packages/airflow/example_dags/example_latest_only.py
[2024-06-14T12:13:37.532+0000] {logging_mixin.py:188} INFO - [2024-06-14T12:13:37.532+0000] {dag.py:3096} INFO - Sync 1 DAGs
[2024-06-14T12:13:37.551+0000] {logging_mixin.py:188} INFO - [2024-06-14T12:13:37.551+0000] {dag.py:3954} INFO - Setting next_dagrun for latest_only to 2024-06-14 08:00:00+00:00, run_after=2024-06-14 12:00:00+00:00
[2024-06-14T12:13:37.568+0000] {processor.py:183} INFO - Processing /home/airflow/.local/lib/python3.12/site-packages/airflow/example_dags/example_latest_only.py took 0.065 seconds
[2024-06-14T12:14:07.681+0000] {processor.py:161} INFO - Started process (PID=958) to work on /home/airflow/.local/lib/python3.12/site-packages/airflow/example_dags/example_latest_only.py
[2024-06-14T12:14:07.682+0000] {processor.py:830} INFO - Processing file /home/airflow/.local/lib/python3.12/site-packages/airflow/example_dags/example_latest_only.py for tasks to queue
[2024-06-14T12:14:07.683+0000] {logging_mixin.py:188} INFO - [2024-06-14T12:14:07.683+0000] {dagbag.py:545} INFO - Filling up the DagBag from /home/airflow/.local/lib/python3.12/site-packages/airflow/example_dags/example_latest_only.py
[2024-06-14T12:14:07.687+0000] {processor.py:840} INFO - DAG(s) 'latest_only' retrieved from /home/airflow/.local/lib/python3.12/site-packages/airflow/example_dags/example_latest_only.py
[2024-06-14T12:14:07.702+0000] {logging_mixin.py:188} INFO - [2024-06-14T12:14:07.701+0000] {dag.py:3096} INFO - Sync 1 DAGs
[2024-06-14T12:14:07.717+0000] {logging_mixin.py:188} INFO - [2024-06-14T12:14:07.717+0000] {dag.py:3954} INFO - Setting next_dagrun for latest_only to 2024-06-14 08:00:00+00:00, run_after=2024-06-14 12:00:00+00:00
[2024-06-14T12:14:07.730+0000] {processor.py:183} INFO - Processing /home/airflow/.local/lib/python3.12/site-packages/airflow/example_dags/example_latest_only.py took 0.055 seconds
[2024-06-14T12:14:38.014+0000] {processor.py:161} INFO - Started process (PID=1016) to work on /home/airflow/.local/lib/python3.12/site-packages/airflow/example_dags/example_latest_only.py
[2024-06-14T12:14:38.015+0000] {processor.py:830} INFO - Processing file /home/airflow/.local/lib/python3.12/site-packages/airflow/example_dags/example_latest_only.py for tasks to queue
[2024-06-14T12:14:38.016+0000] {logging_mixin.py:188} INFO - [2024-06-14T12:14:38.016+0000] {dagbag.py:545} INFO - Filling up the DagBag from /home/airflow/.local/lib/python3.12/site-packages/airflow/example_dags/example_latest_only.py
[2024-06-14T12:14:38.019+0000] {processor.py:840} INFO - DAG(s) 'latest_only' retrieved from /home/airflow/.local/lib/python3.12/site-packages/airflow/example_dags/example_latest_only.py
[2024-06-14T12:14:38.034+0000] {logging_mixin.py:188} INFO - [2024-06-14T12:14:38.034+0000] {dag.py:3096} INFO - Sync 1 DAGs
[2024-06-14T12:14:38.051+0000] {logging_mixin.py:188} INFO - [2024-06-14T12:14:38.050+0000] {dag.py:3954} INFO - Setting next_dagrun for latest_only to 2024-06-14 08:00:00+00:00, run_after=2024-06-14 12:00:00+00:00
[2024-06-14T12:14:38.065+0000] {processor.py:183} INFO - Processing /home/airflow/.local/lib/python3.12/site-packages/airflow/example_dags/example_latest_only.py took 0.055 seconds
[2024-06-14T12:15:08.306+0000] {processor.py:161} INFO - Started process (PID=1074) to work on /home/airflow/.local/lib/python3.12/site-packages/airflow/example_dags/example_latest_only.py
[2024-06-14T12:15:08.307+0000] {processor.py:830} INFO - Processing file /home/airflow/.local/lib/python3.12/site-packages/airflow/example_dags/example_latest_only.py for tasks to queue
[2024-06-14T12:15:08.309+0000] {logging_mixin.py:188} INFO - [2024-06-14T12:15:08.309+0000] {dagbag.py:545} INFO - Filling up the DagBag from /home/airflow/.local/lib/python3.12/site-packages/airflow/example_dags/example_latest_only.py
[2024-06-14T12:15:08.312+0000] {processor.py:840} INFO - DAG(s) 'latest_only' retrieved from /home/airflow/.local/lib/python3.12/site-packages/airflow/example_dags/example_latest_only.py
[2024-06-14T12:15:08.326+0000] {logging_mixin.py:188} INFO - [2024-06-14T12:15:08.326+0000] {dag.py:3096} INFO - Sync 1 DAGs
[2024-06-14T12:15:08.344+0000] {logging_mixin.py:188} INFO - [2024-06-14T12:15:08.344+0000] {dag.py:3954} INFO - Setting next_dagrun for latest_only to 2024-06-14 08:00:00+00:00, run_after=2024-06-14 12:00:00+00:00
[2024-06-14T12:15:08.358+0000] {processor.py:183} INFO - Processing /home/airflow/.local/lib/python3.12/site-packages/airflow/example_dags/example_latest_only.py took 0.056 seconds
[2024-06-14T12:15:38.601+0000] {processor.py:161} INFO - Started process (PID=1132) to work on /home/airflow/.local/lib/python3.12/site-packages/airflow/example_dags/example_latest_only.py
[2024-06-14T12:15:38.601+0000] {processor.py:830} INFO - Processing file /home/airflow/.local/lib/python3.12/site-packages/airflow/example_dags/example_latest_only.py for tasks to queue
[2024-06-14T12:15:38.602+0000] {logging_mixin.py:188} INFO - [2024-06-14T12:15:38.602+0000] {dagbag.py:545} INFO - Filling up the DagBag from /home/airflow/.local/lib/python3.12/site-packages/airflow/example_dags/example_latest_only.py
[2024-06-14T12:15:38.605+0000] {processor.py:840} INFO - DAG(s) 'latest_only' retrieved from /home/airflow/.local/lib/python3.12/site-packages/airflow/example_dags/example_latest_only.py
[2024-06-14T12:15:38.620+0000] {logging_mixin.py:188} INFO - [2024-06-14T12:15:38.619+0000] {dag.py:3096} INFO - Sync 1 DAGs
[2024-06-14T12:15:38.634+0000] {logging_mixin.py:188} INFO - [2024-06-14T12:15:38.634+0000] {dag.py:3954} INFO - Setting next_dagrun for latest_only to 2024-06-14 08:00:00+00:00, run_after=2024-06-14 12:00:00+00:00
[2024-06-14T12:15:38.648+0000] {processor.py:183} INFO - Processing /home/airflow/.local/lib/python3.12/site-packages/airflow/example_dags/example_latest_only.py took 0.051 seconds
[2024-06-14T12:16:08.958+0000] {processor.py:161} INFO - Started process (PID=1190) to work on /home/airflow/.local/lib/python3.12/site-packages/airflow/example_dags/example_latest_only.py
[2024-06-14T12:16:08.958+0000] {processor.py:830} INFO - Processing file /home/airflow/.local/lib/python3.12/site-packages/airflow/example_dags/example_latest_only.py for tasks to queue
[2024-06-14T12:16:08.960+0000] {logging_mixin.py:188} INFO - [2024-06-14T12:16:08.959+0000] {dagbag.py:545} INFO - Filling up the DagBag from /home/airflow/.local/lib/python3.12/site-packages/airflow/example_dags/example_latest_only.py
[2024-06-14T12:16:08.963+0000] {processor.py:840} INFO - DAG(s) 'latest_only' retrieved from /home/airflow/.local/lib/python3.12/site-packages/airflow/example_dags/example_latest_only.py
[2024-06-14T12:16:08.976+0000] {logging_mixin.py:188} INFO - [2024-06-14T12:16:08.976+0000] {dag.py:3096} INFO - Sync 1 DAGs
[2024-06-14T12:16:08.994+0000] {logging_mixin.py:188} INFO - [2024-06-14T12:16:08.994+0000] {dag.py:3954} INFO - Setting next_dagrun for latest_only to 2024-06-14 08:00:00+00:00, run_after=2024-06-14 12:00:00+00:00
[2024-06-14T12:16:09.009+0000] {processor.py:183} INFO - Processing /home/airflow/.local/lib/python3.12/site-packages/airflow/example_dags/example_latest_only.py took 0.055 seconds
[2024-06-14T12:16:39.284+0000] {processor.py:161} INFO - Started process (PID=1248) to work on /home/airflow/.local/lib/python3.12/site-packages/airflow/example_dags/example_latest_only.py
[2024-06-14T12:16:39.284+0000] {processor.py:830} INFO - Processing file /home/airflow/.local/lib/python3.12/site-packages/airflow/example_dags/example_latest_only.py for tasks to queue
[2024-06-14T12:16:39.286+0000] {logging_mixin.py:188} INFO - [2024-06-14T12:16:39.285+0000] {dagbag.py:545} INFO - Filling up the DagBag from /home/airflow/.local/lib/python3.12/site-packages/airflow/example_dags/example_latest_only.py
[2024-06-14T12:16:39.290+0000] {processor.py:840} INFO - DAG(s) 'latest_only' retrieved from /home/airflow/.local/lib/python3.12/site-packages/airflow/example_dags/example_latest_only.py
[2024-06-14T12:16:39.303+0000] {logging_mixin.py:188} INFO - [2024-06-14T12:16:39.303+0000] {dag.py:3096} INFO - Sync 1 DAGs
[2024-06-14T12:16:39.319+0000] {logging_mixin.py:188} INFO - [2024-06-14T12:16:39.319+0000] {dag.py:3954} INFO - Setting next_dagrun for latest_only to 2024-06-14 08:00:00+00:00, run_after=2024-06-14 12:00:00+00:00
[2024-06-14T12:16:39.334+0000] {processor.py:183} INFO - Processing /home/airflow/.local/lib/python3.12/site-packages/airflow/example_dags/example_latest_only.py took 0.054 seconds
[2024-06-14T12:17:09.650+0000] {processor.py:161} INFO - Started process (PID=1306) to work on /home/airflow/.local/lib/python3.12/site-packages/airflow/example_dags/example_latest_only.py
[2024-06-14T12:17:09.650+0000] {processor.py:830} INFO - Processing file /home/airflow/.local/lib/python3.12/site-packages/airflow/example_dags/example_latest_only.py for tasks to queue
[2024-06-14T12:17:09.652+0000] {logging_mixin.py:188} INFO - [2024-06-14T12:17:09.652+0000] {dagbag.py:545} INFO - Filling up the DagBag from /home/airflow/.local/lib/python3.12/site-packages/airflow/example_dags/example_latest_only.py
[2024-06-14T12:17:09.656+0000] {processor.py:840} INFO - DAG(s) 'latest_only' retrieved from /home/airflow/.local/lib/python3.12/site-packages/airflow/example_dags/example_latest_only.py
[2024-06-14T12:17:09.671+0000] {logging_mixin.py:188} INFO - [2024-06-14T12:17:09.671+0000] {dag.py:3096} INFO - Sync 1 DAGs
[2024-06-14T12:17:09.689+0000] {logging_mixin.py:188} INFO - [2024-06-14T12:17:09.689+0000] {dag.py:3954} INFO - Setting next_dagrun for latest_only to 2024-06-14 08:00:00+00:00, run_after=2024-06-14 12:00:00+00:00
[2024-06-14T12:17:09.704+0000] {processor.py:183} INFO - Processing /home/airflow/.local/lib/python3.12/site-packages/airflow/example_dags/example_latest_only.py took 0.059 seconds
[2024-06-14T12:17:40.118+0000] {processor.py:161} INFO - Started process (PID=1364) to work on /home/airflow/.local/lib/python3.12/site-packages/airflow/example_dags/example_latest_only.py
[2024-06-14T12:17:40.119+0000] {processor.py:830} INFO - Processing file /home/airflow/.local/lib/python3.12/site-packages/airflow/example_dags/example_latest_only.py for tasks to queue
[2024-06-14T12:17:40.120+0000] {logging_mixin.py:188} INFO - [2024-06-14T12:17:40.120+0000] {dagbag.py:545} INFO - Filling up the DagBag from /home/airflow/.local/lib/python3.12/site-packages/airflow/example_dags/example_latest_only.py
[2024-06-14T12:17:40.123+0000] {processor.py:840} INFO - DAG(s) 'latest_only' retrieved from /home/airflow/.local/lib/python3.12/site-packages/airflow/example_dags/example_latest_only.py
[2024-06-14T12:17:40.138+0000] {logging_mixin.py:188} INFO - [2024-06-14T12:17:40.137+0000] {dag.py:3096} INFO - Sync 1 DAGs
[2024-06-14T12:17:40.154+0000] {logging_mixin.py:188} INFO - [2024-06-14T12:17:40.154+0000] {dag.py:3954} INFO - Setting next_dagrun for latest_only to 2024-06-14 08:00:00+00:00, run_after=2024-06-14 12:00:00+00:00
[2024-06-14T12:17:40.167+0000] {processor.py:183} INFO - Processing /home/airflow/.local/lib/python3.12/site-packages/airflow/example_dags/example_latest_only.py took 0.053 seconds
[2024-06-14T12:18:42.899+0000] {processor.py:161} INFO - Started process (PID=74) to work on /home/airflow/.local/lib/python3.12/site-packages/airflow/example_dags/example_latest_only.py
[2024-06-14T12:18:42.901+0000] {processor.py:830} INFO - Processing file /home/airflow/.local/lib/python3.12/site-packages/airflow/example_dags/example_latest_only.py for tasks to queue
[2024-06-14T12:18:42.904+0000] {logging_mixin.py:188} INFO - [2024-06-14T12:18:42.903+0000] {dagbag.py:545} INFO - Filling up the DagBag from /home/airflow/.local/lib/python3.12/site-packages/airflow/example_dags/example_latest_only.py
[2024-06-14T12:18:42.912+0000] {processor.py:840} INFO - DAG(s) 'latest_only' retrieved from /home/airflow/.local/lib/python3.12/site-packages/airflow/example_dags/example_latest_only.py
[2024-06-14T12:18:42.924+0000] {logging_mixin.py:188} INFO - [2024-06-14T12:18:42.924+0000] {dag.py:3096} INFO - Sync 1 DAGs
[2024-06-14T12:18:42.954+0000] {logging_mixin.py:188} INFO - [2024-06-14T12:18:42.953+0000] {dag.py:3954} INFO - Setting next_dagrun for latest_only to 2024-06-14 08:00:00+00:00, run_after=2024-06-14 12:00:00+00:00
[2024-06-14T12:18:42.976+0000] {processor.py:183} INFO - Processing /home/airflow/.local/lib/python3.12/site-packages/airflow/example_dags/example_latest_only.py took 0.082 seconds
[2024-06-14T12:19:14.355+0000] {processor.py:161} INFO - Started process (PID=132) to work on /home/airflow/.local/lib/python3.12/site-packages/airflow/example_dags/example_latest_only.py
[2024-06-14T12:19:14.356+0000] {processor.py:830} INFO - Processing file /home/airflow/.local/lib/python3.12/site-packages/airflow/example_dags/example_latest_only.py for tasks to queue
[2024-06-14T12:19:14.357+0000] {logging_mixin.py:188} INFO - [2024-06-14T12:19:14.357+0000] {dagbag.py:545} INFO - Filling up the DagBag from /home/airflow/.local/lib/python3.12/site-packages/airflow/example_dags/example_latest_only.py
[2024-06-14T12:19:14.361+0000] {processor.py:840} INFO - DAG(s) 'latest_only' retrieved from /home/airflow/.local/lib/python3.12/site-packages/airflow/example_dags/example_latest_only.py
[2024-06-14T12:19:14.439+0000] {logging_mixin.py:188} INFO - [2024-06-14T12:19:14.439+0000] {dag.py:3096} INFO - Sync 1 DAGs
[2024-06-14T12:19:14.453+0000] {logging_mixin.py:188} INFO - [2024-06-14T12:19:14.453+0000] {dag.py:3954} INFO - Setting next_dagrun for latest_only to 2024-06-14 08:00:00+00:00, run_after=2024-06-14 12:00:00+00:00
[2024-06-14T12:19:14.468+0000] {processor.py:183} INFO - Processing /home/airflow/.local/lib/python3.12/site-packages/airflow/example_dags/example_latest_only.py took 0.118 seconds
[2024-06-14T12:19:44.987+0000] {processor.py:161} INFO - Started process (PID=190) to work on /home/airflow/.local/lib/python3.12/site-packages/airflow/example_dags/example_latest_only.py
[2024-06-14T12:19:44.988+0000] {processor.py:830} INFO - Processing file /home/airflow/.local/lib/python3.12/site-packages/airflow/example_dags/example_latest_only.py for tasks to queue
[2024-06-14T12:19:44.989+0000] {logging_mixin.py:188} INFO - [2024-06-14T12:19:44.989+0000] {dagbag.py:545} INFO - Filling up the DagBag from /home/airflow/.local/lib/python3.12/site-packages/airflow/example_dags/example_latest_only.py
[2024-06-14T12:19:44.993+0000] {processor.py:840} INFO - DAG(s) 'latest_only' retrieved from /home/airflow/.local/lib/python3.12/site-packages/airflow/example_dags/example_latest_only.py
[2024-06-14T12:19:45.008+0000] {logging_mixin.py:188} INFO - [2024-06-14T12:19:45.007+0000] {dag.py:3096} INFO - Sync 1 DAGs
[2024-06-14T12:19:45.023+0000] {logging_mixin.py:188} INFO - [2024-06-14T12:19:45.023+0000] {dag.py:3954} INFO - Setting next_dagrun for latest_only to 2024-06-14 08:00:00+00:00, run_after=2024-06-14 12:00:00+00:00
[2024-06-14T12:19:45.037+0000] {processor.py:183} INFO - Processing /home/airflow/.local/lib/python3.12/site-packages/airflow/example_dags/example_latest_only.py took 0.054 seconds
[2024-06-14T12:20:15.462+0000] {processor.py:161} INFO - Started process (PID=248) to work on /home/airflow/.local/lib/python3.12/site-packages/airflow/example_dags/example_latest_only.py
[2024-06-14T12:20:15.463+0000] {processor.py:830} INFO - Processing file /home/airflow/.local/lib/python3.12/site-packages/airflow/example_dags/example_latest_only.py for tasks to queue
[2024-06-14T12:20:15.465+0000] {logging_mixin.py:188} INFO - [2024-06-14T12:20:15.465+0000] {dagbag.py:545} INFO - Filling up the DagBag from /home/airflow/.local/lib/python3.12/site-packages/airflow/example_dags/example_latest_only.py
[2024-06-14T12:20:15.469+0000] {processor.py:840} INFO - DAG(s) 'latest_only' retrieved from /home/airflow/.local/lib/python3.12/site-packages/airflow/example_dags/example_latest_only.py
[2024-06-14T12:20:15.485+0000] {logging_mixin.py:188} INFO - [2024-06-14T12:20:15.485+0000] {dag.py:3096} INFO - Sync 1 DAGs
[2024-06-14T12:20:15.501+0000] {logging_mixin.py:188} INFO - [2024-06-14T12:20:15.501+0000] {dag.py:3954} INFO - Setting next_dagrun for latest_only to 2024-06-14 08:00:00+00:00, run_after=2024-06-14 12:00:00+00:00
[2024-06-14T12:20:15.515+0000] {processor.py:183} INFO - Processing /home/airflow/.local/lib/python3.12/site-packages/airflow/example_dags/example_latest_only.py took 0.058 seconds
[2024-06-14T12:20:45.646+0000] {processor.py:161} INFO - Started process (PID=306) to work on /home/airflow/.local/lib/python3.12/site-packages/airflow/example_dags/example_latest_only.py
[2024-06-14T12:20:45.646+0000] {processor.py:830} INFO - Processing file /home/airflow/.local/lib/python3.12/site-packages/airflow/example_dags/example_latest_only.py for tasks to queue
[2024-06-14T12:20:45.648+0000] {logging_mixin.py:188} INFO - [2024-06-14T12:20:45.647+0000] {dagbag.py:545} INFO - Filling up the DagBag from /home/airflow/.local/lib/python3.12/site-packages/airflow/example_dags/example_latest_only.py
[2024-06-14T12:20:45.651+0000] {processor.py:840} INFO - DAG(s) 'latest_only' retrieved from /home/airflow/.local/lib/python3.12/site-packages/airflow/example_dags/example_latest_only.py
[2024-06-14T12:20:45.664+0000] {logging_mixin.py:188} INFO - [2024-06-14T12:20:45.664+0000] {dag.py:3096} INFO - Sync 1 DAGs
[2024-06-14T12:20:45.681+0000] {logging_mixin.py:188} INFO - [2024-06-14T12:20:45.681+0000] {dag.py:3954} INFO - Setting next_dagrun for latest_only to 2024-06-14 08:00:00+00:00, run_after=2024-06-14 12:00:00+00:00
[2024-06-14T12:20:45.697+0000] {processor.py:183} INFO - Processing /home/airflow/.local/lib/python3.12/site-packages/airflow/example_dags/example_latest_only.py took 0.055 seconds
[2024-06-14T12:21:15.903+0000] {processor.py:161} INFO - Started process (PID=364) to work on /home/airflow/.local/lib/python3.12/site-packages/airflow/example_dags/example_latest_only.py
[2024-06-14T12:21:15.904+0000] {processor.py:830} INFO - Processing file /home/airflow/.local/lib/python3.12/site-packages/airflow/example_dags/example_latest_only.py for tasks to queue
[2024-06-14T12:21:15.906+0000] {logging_mixin.py:188} INFO - [2024-06-14T12:21:15.905+0000] {dagbag.py:545} INFO - Filling up the DagBag from /home/airflow/.local/lib/python3.12/site-packages/airflow/example_dags/example_latest_only.py
[2024-06-14T12:21:15.909+0000] {processor.py:840} INFO - DAG(s) 'latest_only' retrieved from /home/airflow/.local/lib/python3.12/site-packages/airflow/example_dags/example_latest_only.py
[2024-06-14T12:21:15.924+0000] {logging_mixin.py:188} INFO - [2024-06-14T12:21:15.924+0000] {dag.py:3096} INFO - Sync 1 DAGs
[2024-06-14T12:21:15.942+0000] {logging_mixin.py:188} INFO - [2024-06-14T12:21:15.941+0000] {dag.py:3954} INFO - Setting next_dagrun for latest_only to 2024-06-14 08:00:00+00:00, run_after=2024-06-14 12:00:00+00:00
[2024-06-14T12:21:15.957+0000] {processor.py:183} INFO - Processing /home/airflow/.local/lib/python3.12/site-packages/airflow/example_dags/example_latest_only.py took 0.059 seconds
[2024-06-14T12:21:46.481+0000] {processor.py:161} INFO - Started process (PID=422) to work on /home/airflow/.local/lib/python3.12/site-packages/airflow/example_dags/example_latest_only.py
[2024-06-14T12:21:46.482+0000] {processor.py:830} INFO - Processing file /home/airflow/.local/lib/python3.12/site-packages/airflow/example_dags/example_latest_only.py for tasks to queue
[2024-06-14T12:21:46.483+0000] {logging_mixin.py:188} INFO - [2024-06-14T12:21:46.483+0000] {dagbag.py:545} INFO - Filling up the DagBag from /home/airflow/.local/lib/python3.12/site-packages/airflow/example_dags/example_latest_only.py
[2024-06-14T12:21:46.487+0000] {processor.py:840} INFO - DAG(s) 'latest_only' retrieved from /home/airflow/.local/lib/python3.12/site-packages/airflow/example_dags/example_latest_only.py
[2024-06-14T12:21:46.501+0000] {logging_mixin.py:188} INFO - [2024-06-14T12:21:46.501+0000] {dag.py:3096} INFO - Sync 1 DAGs
[2024-06-14T12:21:46.517+0000] {logging_mixin.py:188} INFO - [2024-06-14T12:21:46.517+0000] {dag.py:3954} INFO - Setting next_dagrun for latest_only to 2024-06-14 08:00:00+00:00, run_after=2024-06-14 12:00:00+00:00
[2024-06-14T12:21:46.531+0000] {processor.py:183} INFO - Processing /home/airflow/.local/lib/python3.12/site-packages/airflow/example_dags/example_latest_only.py took 0.054 seconds
[2024-06-14T12:22:16.883+0000] {processor.py:161} INFO - Started process (PID=481) to work on /home/airflow/.local/lib/python3.12/site-packages/airflow/example_dags/example_latest_only.py
[2024-06-14T12:22:16.883+0000] {processor.py:830} INFO - Processing file /home/airflow/.local/lib/python3.12/site-packages/airflow/example_dags/example_latest_only.py for tasks to queue
[2024-06-14T12:22:16.885+0000] {logging_mixin.py:188} INFO - [2024-06-14T12:22:16.884+0000] {dagbag.py:545} INFO - Filling up the DagBag from /home/airflow/.local/lib/python3.12/site-packages/airflow/example_dags/example_latest_only.py
[2024-06-14T12:22:16.887+0000] {processor.py:840} INFO - DAG(s) 'latest_only' retrieved from /home/airflow/.local/lib/python3.12/site-packages/airflow/example_dags/example_latest_only.py
[2024-06-14T12:22:16.905+0000] {logging_mixin.py:188} INFO - [2024-06-14T12:22:16.904+0000] {dag.py:3096} INFO - Sync 1 DAGs
[2024-06-14T12:22:16.927+0000] {logging_mixin.py:188} INFO - [2024-06-14T12:22:16.927+0000] {dag.py:3954} INFO - Setting next_dagrun for latest_only to 2024-06-14 08:00:00+00:00, run_after=2024-06-14 12:00:00+00:00
[2024-06-14T12:22:16.942+0000] {processor.py:183} INFO - Processing /home/airflow/.local/lib/python3.12/site-packages/airflow/example_dags/example_latest_only.py took 0.064 seconds
[2024-06-14T12:22:47.153+0000] {processor.py:161} INFO - Started process (PID=539) to work on /home/airflow/.local/lib/python3.12/site-packages/airflow/example_dags/example_latest_only.py
[2024-06-14T12:22:47.153+0000] {processor.py:830} INFO - Processing file /home/airflow/.local/lib/python3.12/site-packages/airflow/example_dags/example_latest_only.py for tasks to queue
[2024-06-14T12:22:47.155+0000] {logging_mixin.py:188} INFO - [2024-06-14T12:22:47.155+0000] {dagbag.py:545} INFO - Filling up the DagBag from /home/airflow/.local/lib/python3.12/site-packages/airflow/example_dags/example_latest_only.py
[2024-06-14T12:22:47.158+0000] {processor.py:840} INFO - DAG(s) 'latest_only' retrieved from /home/airflow/.local/lib/python3.12/site-packages/airflow/example_dags/example_latest_only.py
[2024-06-14T12:22:47.172+0000] {logging_mixin.py:188} INFO - [2024-06-14T12:22:47.171+0000] {dag.py:3096} INFO - Sync 1 DAGs
[2024-06-14T12:22:47.187+0000] {logging_mixin.py:188} INFO - [2024-06-14T12:22:47.187+0000] {dag.py:3954} INFO - Setting next_dagrun for latest_only to 2024-06-14 08:00:00+00:00, run_after=2024-06-14 12:00:00+00:00
[2024-06-14T12:22:47.200+0000] {processor.py:183} INFO - Processing /home/airflow/.local/lib/python3.12/site-packages/airflow/example_dags/example_latest_only.py took 0.052 seconds
[2024-06-14T12:23:17.510+0000] {processor.py:161} INFO - Started process (PID=597) to work on /home/airflow/.local/lib/python3.12/site-packages/airflow/example_dags/example_latest_only.py
[2024-06-14T12:23:17.510+0000] {processor.py:830} INFO - Processing file /home/airflow/.local/lib/python3.12/site-packages/airflow/example_dags/example_latest_only.py for tasks to queue
[2024-06-14T12:23:17.512+0000] {logging_mixin.py:188} INFO - [2024-06-14T12:23:17.511+0000] {dagbag.py:545} INFO - Filling up the DagBag from /home/airflow/.local/lib/python3.12/site-packages/airflow/example_dags/example_latest_only.py
[2024-06-14T12:23:17.515+0000] {processor.py:840} INFO - DAG(s) 'latest_only' retrieved from /home/airflow/.local/lib/python3.12/site-packages/airflow/example_dags/example_latest_only.py
[2024-06-14T12:23:17.528+0000] {logging_mixin.py:188} INFO - [2024-06-14T12:23:17.528+0000] {dag.py:3096} INFO - Sync 1 DAGs
[2024-06-14T12:23:17.544+0000] {logging_mixin.py:188} INFO - [2024-06-14T12:23:17.544+0000] {dag.py:3954} INFO - Setting next_dagrun for latest_only to 2024-06-14 08:00:00+00:00, run_after=2024-06-14 12:00:00+00:00
[2024-06-14T12:23:17.560+0000] {processor.py:183} INFO - Processing /home/airflow/.local/lib/python3.12/site-packages/airflow/example_dags/example_latest_only.py took 0.054 seconds
[2024-06-14T12:23:47.928+0000] {processor.py:161} INFO - Started process (PID=655) to work on /home/airflow/.local/lib/python3.12/site-packages/airflow/example_dags/example_latest_only.py
[2024-06-14T12:23:47.928+0000] {processor.py:830} INFO - Processing file /home/airflow/.local/lib/python3.12/site-packages/airflow/example_dags/example_latest_only.py for tasks to queue
[2024-06-14T12:23:47.930+0000] {logging_mixin.py:188} INFO - [2024-06-14T12:23:47.929+0000] {dagbag.py:545} INFO - Filling up the DagBag from /home/airflow/.local/lib/python3.12/site-packages/airflow/example_dags/example_latest_only.py
[2024-06-14T12:23:47.933+0000] {processor.py:840} INFO - DAG(s) 'latest_only' retrieved from /home/airflow/.local/lib/python3.12/site-packages/airflow/example_dags/example_latest_only.py
[2024-06-14T12:23:47.948+0000] {logging_mixin.py:188} INFO - [2024-06-14T12:23:47.948+0000] {dag.py:3096} INFO - Sync 1 DAGs
[2024-06-14T12:23:47.966+0000] {logging_mixin.py:188} INFO - [2024-06-14T12:23:47.966+0000] {dag.py:3954} INFO - Setting next_dagrun for latest_only to 2024-06-14 08:00:00+00:00, run_after=2024-06-14 12:00:00+00:00
[2024-06-14T12:23:47.982+0000] {processor.py:183} INFO - Processing /home/airflow/.local/lib/python3.12/site-packages/airflow/example_dags/example_latest_only.py took 0.058 seconds
[2024-06-14T12:24:18.261+0000] {processor.py:161} INFO - Started process (PID=714) to work on /home/airflow/.local/lib/python3.12/site-packages/airflow/example_dags/example_latest_only.py
[2024-06-14T12:24:18.262+0000] {processor.py:830} INFO - Processing file /home/airflow/.local/lib/python3.12/site-packages/airflow/example_dags/example_latest_only.py for tasks to queue
[2024-06-14T12:24:18.263+0000] {logging_mixin.py:188} INFO - [2024-06-14T12:24:18.263+0000] {dagbag.py:545} INFO - Filling up the DagBag from /home/airflow/.local/lib/python3.12/site-packages/airflow/example_dags/example_latest_only.py
[2024-06-14T12:24:18.266+0000] {processor.py:840} INFO - DAG(s) 'latest_only' retrieved from /home/airflow/.local/lib/python3.12/site-packages/airflow/example_dags/example_latest_only.py
[2024-06-14T12:24:18.280+0000] {logging_mixin.py:188} INFO - [2024-06-14T12:24:18.280+0000] {dag.py:3096} INFO - Sync 1 DAGs
[2024-06-14T12:24:18.299+0000] {logging_mixin.py:188} INFO - [2024-06-14T12:24:18.299+0000] {dag.py:3954} INFO - Setting next_dagrun for latest_only to 2024-06-14 08:00:00+00:00, run_after=2024-06-14 12:00:00+00:00
[2024-06-14T12:24:18.314+0000] {processor.py:183} INFO - Processing /home/airflow/.local/lib/python3.12/site-packages/airflow/example_dags/example_latest_only.py took 0.059 seconds
[2024-06-14T12:24:48.435+0000] {processor.py:161} INFO - Started process (PID=772) to work on /home/airflow/.local/lib/python3.12/site-packages/airflow/example_dags/example_latest_only.py
[2024-06-14T12:24:48.436+0000] {processor.py:830} INFO - Processing file /home/airflow/.local/lib/python3.12/site-packages/airflow/example_dags/example_latest_only.py for tasks to queue
[2024-06-14T12:24:48.437+0000] {logging_mixin.py:188} INFO - [2024-06-14T12:24:48.437+0000] {dagbag.py:545} INFO - Filling up the DagBag from /home/airflow/.local/lib/python3.12/site-packages/airflow/example_dags/example_latest_only.py
[2024-06-14T12:24:48.441+0000] {processor.py:840} INFO - DAG(s) 'latest_only' retrieved from /home/airflow/.local/lib/python3.12/site-packages/airflow/example_dags/example_latest_only.py
[2024-06-14T12:24:48.455+0000] {logging_mixin.py:188} INFO - [2024-06-14T12:24:48.455+0000] {dag.py:3096} INFO - Sync 1 DAGs
[2024-06-14T12:24:48.472+0000] {logging_mixin.py:188} INFO - [2024-06-14T12:24:48.472+0000] {dag.py:3954} INFO - Setting next_dagrun for latest_only to 2024-06-14 08:00:00+00:00, run_after=2024-06-14 12:00:00+00:00
[2024-06-14T12:24:48.485+0000] {processor.py:183} INFO - Processing /home/airflow/.local/lib/python3.12/site-packages/airflow/example_dags/example_latest_only.py took 0.055 seconds
[2024-06-14T12:25:18.880+0000] {processor.py:161} INFO - Started process (PID=830) to work on /home/airflow/.local/lib/python3.12/site-packages/airflow/example_dags/example_latest_only.py
[2024-06-14T12:25:18.881+0000] {processor.py:830} INFO - Processing file /home/airflow/.local/lib/python3.12/site-packages/airflow/example_dags/example_latest_only.py for tasks to queue
[2024-06-14T12:25:18.883+0000] {logging_mixin.py:188} INFO - [2024-06-14T12:25:18.882+0000] {dagbag.py:545} INFO - Filling up the DagBag from /home/airflow/.local/lib/python3.12/site-packages/airflow/example_dags/example_latest_only.py
[2024-06-14T12:25:18.886+0000] {processor.py:840} INFO - DAG(s) 'latest_only' retrieved from /home/airflow/.local/lib/python3.12/site-packages/airflow/example_dags/example_latest_only.py
[2024-06-14T12:25:18.901+0000] {logging_mixin.py:188} INFO - [2024-06-14T12:25:18.901+0000] {dag.py:3096} INFO - Sync 1 DAGs
[2024-06-14T12:25:18.921+0000] {logging_mixin.py:188} INFO - [2024-06-14T12:25:18.921+0000] {dag.py:3954} INFO - Setting next_dagrun for latest_only to 2024-06-14 08:00:00+00:00, run_after=2024-06-14 12:00:00+00:00
[2024-06-14T12:25:18.938+0000] {processor.py:183} INFO - Processing /home/airflow/.local/lib/python3.12/site-packages/airflow/example_dags/example_latest_only.py took 0.063 seconds
[2024-06-14T12:25:49.248+0000] {processor.py:161} INFO - Started process (PID=888) to work on /home/airflow/.local/lib/python3.12/site-packages/airflow/example_dags/example_latest_only.py
[2024-06-14T12:25:49.248+0000] {processor.py:830} INFO - Processing file /home/airflow/.local/lib/python3.12/site-packages/airflow/example_dags/example_latest_only.py for tasks to queue
[2024-06-14T12:25:49.250+0000] {logging_mixin.py:188} INFO - [2024-06-14T12:25:49.250+0000] {dagbag.py:545} INFO - Filling up the DagBag from /home/airflow/.local/lib/python3.12/site-packages/airflow/example_dags/example_latest_only.py
[2024-06-14T12:25:49.254+0000] {processor.py:840} INFO - DAG(s) 'latest_only' retrieved from /home/airflow/.local/lib/python3.12/site-packages/airflow/example_dags/example_latest_only.py
[2024-06-14T12:25:49.269+0000] {logging_mixin.py:188} INFO - [2024-06-14T12:25:49.269+0000] {dag.py:3096} INFO - Sync 1 DAGs
[2024-06-14T12:25:49.288+0000] {logging_mixin.py:188} INFO - [2024-06-14T12:25:49.288+0000] {dag.py:3954} INFO - Setting next_dagrun for latest_only to 2024-06-14 08:00:00+00:00, run_after=2024-06-14 12:00:00+00:00
[2024-06-14T12:25:49.308+0000] {processor.py:183} INFO - Processing /home/airflow/.local/lib/python3.12/site-packages/airflow/example_dags/example_latest_only.py took 0.065 seconds
[2024-06-14T12:26:19.658+0000] {processor.py:161} INFO - Started process (PID=946) to work on /home/airflow/.local/lib/python3.12/site-packages/airflow/example_dags/example_latest_only.py
[2024-06-14T12:26:19.659+0000] {processor.py:830} INFO - Processing file /home/airflow/.local/lib/python3.12/site-packages/airflow/example_dags/example_latest_only.py for tasks to queue
[2024-06-14T12:26:19.661+0000] {logging_mixin.py:188} INFO - [2024-06-14T12:26:19.660+0000] {dagbag.py:545} INFO - Filling up the DagBag from /home/airflow/.local/lib/python3.12/site-packages/airflow/example_dags/example_latest_only.py
[2024-06-14T12:26:19.664+0000] {processor.py:840} INFO - DAG(s) 'latest_only' retrieved from /home/airflow/.local/lib/python3.12/site-packages/airflow/example_dags/example_latest_only.py
[2024-06-14T12:26:19.679+0000] {logging_mixin.py:188} INFO - [2024-06-14T12:26:19.679+0000] {dag.py:3096} INFO - Sync 1 DAGs
[2024-06-14T12:26:19.697+0000] {logging_mixin.py:188} INFO - [2024-06-14T12:26:19.697+0000] {dag.py:3954} INFO - Setting next_dagrun for latest_only to 2024-06-14 08:00:00+00:00, run_after=2024-06-14 12:00:00+00:00
[2024-06-14T12:26:19.712+0000] {processor.py:183} INFO - Processing /home/airflow/.local/lib/python3.12/site-packages/airflow/example_dags/example_latest_only.py took 0.058 seconds
[2024-06-14T12:26:49.907+0000] {processor.py:161} INFO - Started process (PID=1004) to work on /home/airflow/.local/lib/python3.12/site-packages/airflow/example_dags/example_latest_only.py
[2024-06-14T12:26:49.908+0000] {processor.py:830} INFO - Processing file /home/airflow/.local/lib/python3.12/site-packages/airflow/example_dags/example_latest_only.py for tasks to queue
[2024-06-14T12:26:49.910+0000] {logging_mixin.py:188} INFO - [2024-06-14T12:26:49.909+0000] {dagbag.py:545} INFO - Filling up the DagBag from /home/airflow/.local/lib/python3.12/site-packages/airflow/example_dags/example_latest_only.py
[2024-06-14T12:26:49.914+0000] {processor.py:840} INFO - DAG(s) 'latest_only' retrieved from /home/airflow/.local/lib/python3.12/site-packages/airflow/example_dags/example_latest_only.py
[2024-06-14T12:26:49.929+0000] {logging_mixin.py:188} INFO - [2024-06-14T12:26:49.929+0000] {dag.py:3096} INFO - Sync 1 DAGs
[2024-06-14T12:26:49.949+0000] {logging_mixin.py:188} INFO - [2024-06-14T12:26:49.949+0000] {dag.py:3954} INFO - Setting next_dagrun for latest_only to 2024-06-14 08:00:00+00:00, run_after=2024-06-14 12:00:00+00:00
[2024-06-14T12:26:49.968+0000] {processor.py:183} INFO - Processing /home/airflow/.local/lib/python3.12/site-packages/airflow/example_dags/example_latest_only.py took 0.066 seconds
[2024-06-14T12:27:20.093+0000] {processor.py:161} INFO - Started process (PID=1062) to work on /home/airflow/.local/lib/python3.12/site-packages/airflow/example_dags/example_latest_only.py
[2024-06-14T12:27:20.093+0000] {processor.py:830} INFO - Processing file /home/airflow/.local/lib/python3.12/site-packages/airflow/example_dags/example_latest_only.py for tasks to queue
[2024-06-14T12:27:20.095+0000] {logging_mixin.py:188} INFO - [2024-06-14T12:27:20.095+0000] {dagbag.py:545} INFO - Filling up the DagBag from /home/airflow/.local/lib/python3.12/site-packages/airflow/example_dags/example_latest_only.py
[2024-06-14T12:27:20.099+0000] {processor.py:840} INFO - DAG(s) 'latest_only' retrieved from /home/airflow/.local/lib/python3.12/site-packages/airflow/example_dags/example_latest_only.py
[2024-06-14T12:27:20.117+0000] {logging_mixin.py:188} INFO - [2024-06-14T12:27:20.117+0000] {dag.py:3096} INFO - Sync 1 DAGs
[2024-06-14T12:27:20.137+0000] {logging_mixin.py:188} INFO - [2024-06-14T12:27:20.137+0000] {dag.py:3954} INFO - Setting next_dagrun for latest_only to 2024-06-14 08:00:00+00:00, run_after=2024-06-14 12:00:00+00:00
[2024-06-14T12:27:20.154+0000] {processor.py:183} INFO - Processing /home/airflow/.local/lib/python3.12/site-packages/airflow/example_dags/example_latest_only.py took 0.066 seconds
[2024-06-14T12:27:50.331+0000] {processor.py:161} INFO - Started process (PID=1120) to work on /home/airflow/.local/lib/python3.12/site-packages/airflow/example_dags/example_latest_only.py
[2024-06-14T12:27:50.332+0000] {processor.py:830} INFO - Processing file /home/airflow/.local/lib/python3.12/site-packages/airflow/example_dags/example_latest_only.py for tasks to queue
[2024-06-14T12:27:50.333+0000] {logging_mixin.py:188} INFO - [2024-06-14T12:27:50.333+0000] {dagbag.py:545} INFO - Filling up the DagBag from /home/airflow/.local/lib/python3.12/site-packages/airflow/example_dags/example_latest_only.py
[2024-06-14T12:27:50.336+0000] {processor.py:840} INFO - DAG(s) 'latest_only' retrieved from /home/airflow/.local/lib/python3.12/site-packages/airflow/example_dags/example_latest_only.py
[2024-06-14T12:27:50.351+0000] {logging_mixin.py:188} INFO - [2024-06-14T12:27:50.351+0000] {dag.py:3096} INFO - Sync 1 DAGs
[2024-06-14T12:27:50.368+0000] {logging_mixin.py:188} INFO - [2024-06-14T12:27:50.368+0000] {dag.py:3954} INFO - Setting next_dagrun for latest_only to 2024-06-14 08:00:00+00:00, run_after=2024-06-14 12:00:00+00:00
[2024-06-14T12:27:50.384+0000] {processor.py:183} INFO - Processing /home/airflow/.local/lib/python3.12/site-packages/airflow/example_dags/example_latest_only.py took 0.057 seconds
[2024-06-14T12:28:20.561+0000] {processor.py:161} INFO - Started process (PID=1178) to work on /home/airflow/.local/lib/python3.12/site-packages/airflow/example_dags/example_latest_only.py
[2024-06-14T12:28:20.562+0000] {processor.py:830} INFO - Processing file /home/airflow/.local/lib/python3.12/site-packages/airflow/example_dags/example_latest_only.py for tasks to queue
[2024-06-14T12:28:20.564+0000] {logging_mixin.py:188} INFO - [2024-06-14T12:28:20.564+0000] {dagbag.py:545} INFO - Filling up the DagBag from /home/airflow/.local/lib/python3.12/site-packages/airflow/example_dags/example_latest_only.py
[2024-06-14T12:28:20.569+0000] {processor.py:840} INFO - DAG(s) 'latest_only' retrieved from /home/airflow/.local/lib/python3.12/site-packages/airflow/example_dags/example_latest_only.py
[2024-06-14T12:28:20.588+0000] {logging_mixin.py:188} INFO - [2024-06-14T12:28:20.587+0000] {dag.py:3096} INFO - Sync 1 DAGs
[2024-06-14T12:28:20.610+0000] {logging_mixin.py:188} INFO - [2024-06-14T12:28:20.610+0000] {dag.py:3954} INFO - Setting next_dagrun for latest_only to 2024-06-14 08:00:00+00:00, run_after=2024-06-14 12:00:00+00:00
[2024-06-14T12:28:20.628+0000] {processor.py:183} INFO - Processing /home/airflow/.local/lib/python3.12/site-packages/airflow/example_dags/example_latest_only.py took 0.071 seconds
[2024-06-14T12:28:50.912+0000] {processor.py:161} INFO - Started process (PID=1236) to work on /home/airflow/.local/lib/python3.12/site-packages/airflow/example_dags/example_latest_only.py
[2024-06-14T12:28:50.912+0000] {processor.py:830} INFO - Processing file /home/airflow/.local/lib/python3.12/site-packages/airflow/example_dags/example_latest_only.py for tasks to queue
[2024-06-14T12:28:50.914+0000] {logging_mixin.py:188} INFO - [2024-06-14T12:28:50.913+0000] {dagbag.py:545} INFO - Filling up the DagBag from /home/airflow/.local/lib/python3.12/site-packages/airflow/example_dags/example_latest_only.py
[2024-06-14T12:28:50.918+0000] {processor.py:840} INFO - DAG(s) 'latest_only' retrieved from /home/airflow/.local/lib/python3.12/site-packages/airflow/example_dags/example_latest_only.py
[2024-06-14T12:28:50.930+0000] {logging_mixin.py:188} INFO - [2024-06-14T12:28:50.930+0000] {dag.py:3096} INFO - Sync 1 DAGs
[2024-06-14T12:28:50.945+0000] {logging_mixin.py:188} INFO - [2024-06-14T12:28:50.945+0000] {dag.py:3954} INFO - Setting next_dagrun for latest_only to 2024-06-14 08:00:00+00:00, run_after=2024-06-14 12:00:00+00:00
[2024-06-14T12:28:50.958+0000] {processor.py:183} INFO - Processing /home/airflow/.local/lib/python3.12/site-packages/airflow/example_dags/example_latest_only.py took 0.051 seconds
[2024-06-14T12:29:21.285+0000] {processor.py:161} INFO - Started process (PID=1294) to work on /home/airflow/.local/lib/python3.12/site-packages/airflow/example_dags/example_latest_only.py
[2024-06-14T12:29:21.285+0000] {processor.py:830} INFO - Processing file /home/airflow/.local/lib/python3.12/site-packages/airflow/example_dags/example_latest_only.py for tasks to queue
[2024-06-14T12:29:21.287+0000] {logging_mixin.py:188} INFO - [2024-06-14T12:29:21.287+0000] {dagbag.py:545} INFO - Filling up the DagBag from /home/airflow/.local/lib/python3.12/site-packages/airflow/example_dags/example_latest_only.py
[2024-06-14T12:29:21.290+0000] {processor.py:840} INFO - DAG(s) 'latest_only' retrieved from /home/airflow/.local/lib/python3.12/site-packages/airflow/example_dags/example_latest_only.py
[2024-06-14T12:29:21.305+0000] {logging_mixin.py:188} INFO - [2024-06-14T12:29:21.305+0000] {dag.py:3096} INFO - Sync 1 DAGs
[2024-06-14T12:29:21.320+0000] {logging_mixin.py:188} INFO - [2024-06-14T12:29:21.320+0000] {dag.py:3954} INFO - Setting next_dagrun for latest_only to 2024-06-14 08:00:00+00:00, run_after=2024-06-14 12:00:00+00:00
[2024-06-14T12:29:21.338+0000] {processor.py:183} INFO - Processing /home/airflow/.local/lib/python3.12/site-packages/airflow/example_dags/example_latest_only.py took 0.057 seconds
[2024-06-14T12:29:51.621+0000] {processor.py:161} INFO - Started process (PID=1352) to work on /home/airflow/.local/lib/python3.12/site-packages/airflow/example_dags/example_latest_only.py
[2024-06-14T12:29:51.622+0000] {processor.py:830} INFO - Processing file /home/airflow/.local/lib/python3.12/site-packages/airflow/example_dags/example_latest_only.py for tasks to queue
[2024-06-14T12:29:51.623+0000] {logging_mixin.py:188} INFO - [2024-06-14T12:29:51.623+0000] {dagbag.py:545} INFO - Filling up the DagBag from /home/airflow/.local/lib/python3.12/site-packages/airflow/example_dags/example_latest_only.py
[2024-06-14T12:29:51.626+0000] {processor.py:840} INFO - DAG(s) 'latest_only' retrieved from /home/airflow/.local/lib/python3.12/site-packages/airflow/example_dags/example_latest_only.py
[2024-06-14T12:29:51.639+0000] {logging_mixin.py:188} INFO - [2024-06-14T12:29:51.639+0000] {dag.py:3096} INFO - Sync 1 DAGs
[2024-06-14T12:29:51.654+0000] {logging_mixin.py:188} INFO - [2024-06-14T12:29:51.654+0000] {dag.py:3954} INFO - Setting next_dagrun for latest_only to 2024-06-14 08:00:00+00:00, run_after=2024-06-14 12:00:00+00:00
[2024-06-14T12:29:51.668+0000] {processor.py:183} INFO - Processing /home/airflow/.local/lib/python3.12/site-packages/airflow/example_dags/example_latest_only.py took 0.051 seconds
[2024-06-14T12:30:21.930+0000] {processor.py:161} INFO - Started process (PID=1410) to work on /home/airflow/.local/lib/python3.12/site-packages/airflow/example_dags/example_latest_only.py
[2024-06-14T12:30:21.931+0000] {processor.py:830} INFO - Processing file /home/airflow/.local/lib/python3.12/site-packages/airflow/example_dags/example_latest_only.py for tasks to queue
[2024-06-14T12:30:21.933+0000] {logging_mixin.py:188} INFO - [2024-06-14T12:30:21.932+0000] {dagbag.py:545} INFO - Filling up the DagBag from /home/airflow/.local/lib/python3.12/site-packages/airflow/example_dags/example_latest_only.py
[2024-06-14T12:30:21.936+0000] {processor.py:840} INFO - DAG(s) 'latest_only' retrieved from /home/airflow/.local/lib/python3.12/site-packages/airflow/example_dags/example_latest_only.py
[2024-06-14T12:30:21.951+0000] {logging_mixin.py:188} INFO - [2024-06-14T12:30:21.951+0000] {dag.py:3096} INFO - Sync 1 DAGs
[2024-06-14T12:30:21.969+0000] {logging_mixin.py:188} INFO - [2024-06-14T12:30:21.969+0000] {dag.py:3954} INFO - Setting next_dagrun for latest_only to 2024-06-14 08:00:00+00:00, run_after=2024-06-14 12:00:00+00:00
[2024-06-14T12:30:21.988+0000] {processor.py:183} INFO - Processing /home/airflow/.local/lib/python3.12/site-packages/airflow/example_dags/example_latest_only.py took 0.062 seconds
[2024-06-14T12:30:52.210+0000] {processor.py:161} INFO - Started process (PID=1468) to work on /home/airflow/.local/lib/python3.12/site-packages/airflow/example_dags/example_latest_only.py
[2024-06-14T12:30:52.211+0000] {processor.py:830} INFO - Processing file /home/airflow/.local/lib/python3.12/site-packages/airflow/example_dags/example_latest_only.py for tasks to queue
[2024-06-14T12:30:52.212+0000] {logging_mixin.py:188} INFO - [2024-06-14T12:30:52.212+0000] {dagbag.py:545} INFO - Filling up the DagBag from /home/airflow/.local/lib/python3.12/site-packages/airflow/example_dags/example_latest_only.py
[2024-06-14T12:30:52.215+0000] {processor.py:840} INFO - DAG(s) 'latest_only' retrieved from /home/airflow/.local/lib/python3.12/site-packages/airflow/example_dags/example_latest_only.py
[2024-06-14T12:30:52.231+0000] {logging_mixin.py:188} INFO - [2024-06-14T12:30:52.230+0000] {dag.py:3096} INFO - Sync 1 DAGs
[2024-06-14T12:30:52.250+0000] {logging_mixin.py:188} INFO - [2024-06-14T12:30:52.249+0000] {dag.py:3954} INFO - Setting next_dagrun for latest_only to 2024-06-14 08:00:00+00:00, run_after=2024-06-14 12:00:00+00:00
[2024-06-14T12:30:52.264+0000] {processor.py:183} INFO - Processing /home/airflow/.local/lib/python3.12/site-packages/airflow/example_dags/example_latest_only.py took 0.058 seconds
