[2024-06-14T12:06:31.990+0000] {processor.py:161} INFO - Started process (PID=73) to work on /home/airflow/.local/lib/python3.12/site-packages/airflow/example_dags/example_python_operator.py
[2024-06-14T12:06:31.991+0000] {processor.py:830} INFO - Processing file /home/airflow/.local/lib/python3.12/site-packages/airflow/example_dags/example_python_operator.py for tasks to queue
[2024-06-14T12:06:31.994+0000] {logging_mixin.py:188} INFO - [2024-06-14T12:06:31.993+0000] {dagbag.py:545} INFO - Filling up the DagBag from /home/airflow/.local/lib/python3.12/site-packages/airflow/example_dags/example_python_operator.py
[2024-06-14T12:06:32.009+0000] {processor.py:840} INFO - DAG(s) 'example_python_operator' retrieved from /home/airflow/.local/lib/python3.12/site-packages/airflow/example_dags/example_python_operator.py
[2024-06-14T12:06:32.022+0000] {logging_mixin.py:188} INFO - [2024-06-14T12:06:32.022+0000] {dag.py:3096} INFO - Sync 1 DAGs
[2024-06-14T12:06:32.040+0000] {logging_mixin.py:188} INFO - [2024-06-14T12:06:32.039+0000] {dag.py:3954} INFO - Setting next_dagrun for example_python_operator to None, run_after=None
[2024-06-14T12:06:32.058+0000] {processor.py:183} INFO - Processing /home/airflow/.local/lib/python3.12/site-packages/airflow/example_dags/example_python_operator.py took 0.072 seconds
[2024-06-14T12:07:03.789+0000] {processor.py:161} INFO - Started process (PID=131) to work on /home/airflow/.local/lib/python3.12/site-packages/airflow/example_dags/example_python_operator.py
[2024-06-14T12:07:03.790+0000] {processor.py:830} INFO - Processing file /home/airflow/.local/lib/python3.12/site-packages/airflow/example_dags/example_python_operator.py for tasks to queue
[2024-06-14T12:07:03.791+0000] {logging_mixin.py:188} INFO - [2024-06-14T12:07:03.791+0000] {dagbag.py:545} INFO - Filling up the DagBag from /home/airflow/.local/lib/python3.12/site-packages/airflow/example_dags/example_python_operator.py
[2024-06-14T12:07:03.801+0000] {processor.py:840} INFO - DAG(s) 'example_python_operator' retrieved from /home/airflow/.local/lib/python3.12/site-packages/airflow/example_dags/example_python_operator.py
[2024-06-14T12:07:03.890+0000] {logging_mixin.py:188} INFO - [2024-06-14T12:07:03.889+0000] {dag.py:3096} INFO - Sync 1 DAGs
[2024-06-14T12:07:03.898+0000] {logging_mixin.py:188} INFO - [2024-06-14T12:07:03.898+0000] {dag.py:3954} INFO - Setting next_dagrun for example_python_operator to None, run_after=None
[2024-06-14T12:07:03.914+0000] {processor.py:183} INFO - Processing /home/airflow/.local/lib/python3.12/site-packages/airflow/example_dags/example_python_operator.py took 0.130 seconds
[2024-06-14T12:07:34.482+0000] {processor.py:161} INFO - Started process (PID=189) to work on /home/airflow/.local/lib/python3.12/site-packages/airflow/example_dags/example_python_operator.py
[2024-06-14T12:07:34.483+0000] {processor.py:830} INFO - Processing file /home/airflow/.local/lib/python3.12/site-packages/airflow/example_dags/example_python_operator.py for tasks to queue
[2024-06-14T12:07:34.484+0000] {logging_mixin.py:188} INFO - [2024-06-14T12:07:34.484+0000] {dagbag.py:545} INFO - Filling up the DagBag from /home/airflow/.local/lib/python3.12/site-packages/airflow/example_dags/example_python_operator.py
[2024-06-14T12:07:34.493+0000] {processor.py:840} INFO - DAG(s) 'example_python_operator' retrieved from /home/airflow/.local/lib/python3.12/site-packages/airflow/example_dags/example_python_operator.py
[2024-06-14T12:07:34.510+0000] {logging_mixin.py:188} INFO - [2024-06-14T12:07:34.509+0000] {dag.py:3096} INFO - Sync 1 DAGs
[2024-06-14T12:07:34.523+0000] {logging_mixin.py:188} INFO - [2024-06-14T12:07:34.522+0000] {dag.py:3954} INFO - Setting next_dagrun for example_python_operator to None, run_after=None
[2024-06-14T12:07:34.542+0000] {processor.py:183} INFO - Processing /home/airflow/.local/lib/python3.12/site-packages/airflow/example_dags/example_python_operator.py took 0.064 seconds
[2024-06-14T12:08:04.735+0000] {processor.py:161} INFO - Started process (PID=247) to work on /home/airflow/.local/lib/python3.12/site-packages/airflow/example_dags/example_python_operator.py
[2024-06-14T12:08:04.735+0000] {processor.py:830} INFO - Processing file /home/airflow/.local/lib/python3.12/site-packages/airflow/example_dags/example_python_operator.py for tasks to queue
[2024-06-14T12:08:04.737+0000] {logging_mixin.py:188} INFO - [2024-06-14T12:08:04.736+0000] {dagbag.py:545} INFO - Filling up the DagBag from /home/airflow/.local/lib/python3.12/site-packages/airflow/example_dags/example_python_operator.py
[2024-06-14T12:08:04.745+0000] {processor.py:840} INFO - DAG(s) 'example_python_operator' retrieved from /home/airflow/.local/lib/python3.12/site-packages/airflow/example_dags/example_python_operator.py
[2024-06-14T12:08:04.762+0000] {logging_mixin.py:188} INFO - [2024-06-14T12:08:04.762+0000] {dag.py:3096} INFO - Sync 1 DAGs
[2024-06-14T12:08:04.771+0000] {logging_mixin.py:188} INFO - [2024-06-14T12:08:04.771+0000] {dag.py:3954} INFO - Setting next_dagrun for example_python_operator to None, run_after=None
[2024-06-14T12:08:04.785+0000] {processor.py:183} INFO - Processing /home/airflow/.local/lib/python3.12/site-packages/airflow/example_dags/example_python_operator.py took 0.054 seconds
[2024-06-14T12:08:34.944+0000] {processor.py:161} INFO - Started process (PID=305) to work on /home/airflow/.local/lib/python3.12/site-packages/airflow/example_dags/example_python_operator.py
[2024-06-14T12:08:34.945+0000] {processor.py:830} INFO - Processing file /home/airflow/.local/lib/python3.12/site-packages/airflow/example_dags/example_python_operator.py for tasks to queue
[2024-06-14T12:08:34.946+0000] {logging_mixin.py:188} INFO - [2024-06-14T12:08:34.946+0000] {dagbag.py:545} INFO - Filling up the DagBag from /home/airflow/.local/lib/python3.12/site-packages/airflow/example_dags/example_python_operator.py
[2024-06-14T12:08:34.955+0000] {processor.py:840} INFO - DAG(s) 'example_python_operator' retrieved from /home/airflow/.local/lib/python3.12/site-packages/airflow/example_dags/example_python_operator.py
[2024-06-14T12:08:34.974+0000] {logging_mixin.py:188} INFO - [2024-06-14T12:08:34.974+0000] {dag.py:3096} INFO - Sync 1 DAGs
[2024-06-14T12:08:34.987+0000] {logging_mixin.py:188} INFO - [2024-06-14T12:08:34.986+0000] {dag.py:3954} INFO - Setting next_dagrun for example_python_operator to None, run_after=None
[2024-06-14T12:08:35.008+0000] {processor.py:183} INFO - Processing /home/airflow/.local/lib/python3.12/site-packages/airflow/example_dags/example_python_operator.py took 0.069 seconds
[2024-06-14T12:09:05.094+0000] {processor.py:161} INFO - Started process (PID=363) to work on /home/airflow/.local/lib/python3.12/site-packages/airflow/example_dags/example_python_operator.py
[2024-06-14T12:09:05.095+0000] {processor.py:830} INFO - Processing file /home/airflow/.local/lib/python3.12/site-packages/airflow/example_dags/example_python_operator.py for tasks to queue
[2024-06-14T12:09:05.096+0000] {logging_mixin.py:188} INFO - [2024-06-14T12:09:05.096+0000] {dagbag.py:545} INFO - Filling up the DagBag from /home/airflow/.local/lib/python3.12/site-packages/airflow/example_dags/example_python_operator.py
[2024-06-14T12:09:05.106+0000] {processor.py:840} INFO - DAG(s) 'example_python_operator' retrieved from /home/airflow/.local/lib/python3.12/site-packages/airflow/example_dags/example_python_operator.py
[2024-06-14T12:09:05.123+0000] {logging_mixin.py:188} INFO - [2024-06-14T12:09:05.122+0000] {dag.py:3096} INFO - Sync 1 DAGs
[2024-06-14T12:09:05.132+0000] {logging_mixin.py:188} INFO - [2024-06-14T12:09:05.132+0000] {dag.py:3954} INFO - Setting next_dagrun for example_python_operator to None, run_after=None
[2024-06-14T12:09:05.149+0000] {processor.py:183} INFO - Processing /home/airflow/.local/lib/python3.12/site-packages/airflow/example_dags/example_python_operator.py took 0.059 seconds
[2024-06-14T12:09:35.636+0000] {processor.py:161} INFO - Started process (PID=428) to work on /home/airflow/.local/lib/python3.12/site-packages/airflow/example_dags/example_python_operator.py
[2024-06-14T12:09:35.637+0000] {processor.py:830} INFO - Processing file /home/airflow/.local/lib/python3.12/site-packages/airflow/example_dags/example_python_operator.py for tasks to queue
[2024-06-14T12:09:35.639+0000] {logging_mixin.py:188} INFO - [2024-06-14T12:09:35.638+0000] {dagbag.py:545} INFO - Filling up the DagBag from /home/airflow/.local/lib/python3.12/site-packages/airflow/example_dags/example_python_operator.py
[2024-06-14T12:09:35.646+0000] {processor.py:840} INFO - DAG(s) 'example_python_operator' retrieved from /home/airflow/.local/lib/python3.12/site-packages/airflow/example_dags/example_python_operator.py
[2024-06-14T12:09:35.663+0000] {logging_mixin.py:188} INFO - [2024-06-14T12:09:35.663+0000] {dag.py:3096} INFO - Sync 1 DAGs
[2024-06-14T12:09:35.676+0000] {logging_mixin.py:188} INFO - [2024-06-14T12:09:35.676+0000] {dag.py:3954} INFO - Setting next_dagrun for example_python_operator to None, run_after=None
[2024-06-14T12:09:35.694+0000] {processor.py:183} INFO - Processing /home/airflow/.local/lib/python3.12/site-packages/airflow/example_dags/example_python_operator.py took 0.062 seconds
[2024-06-14T12:10:05.779+0000] {processor.py:161} INFO - Started process (PID=486) to work on /home/airflow/.local/lib/python3.12/site-packages/airflow/example_dags/example_python_operator.py
[2024-06-14T12:10:05.780+0000] {processor.py:830} INFO - Processing file /home/airflow/.local/lib/python3.12/site-packages/airflow/example_dags/example_python_operator.py for tasks to queue
[2024-06-14T12:10:05.781+0000] {logging_mixin.py:188} INFO - [2024-06-14T12:10:05.781+0000] {dagbag.py:545} INFO - Filling up the DagBag from /home/airflow/.local/lib/python3.12/site-packages/airflow/example_dags/example_python_operator.py
[2024-06-14T12:10:05.790+0000] {processor.py:840} INFO - DAG(s) 'example_python_operator' retrieved from /home/airflow/.local/lib/python3.12/site-packages/airflow/example_dags/example_python_operator.py
[2024-06-14T12:10:05.807+0000] {logging_mixin.py:188} INFO - [2024-06-14T12:10:05.807+0000] {dag.py:3096} INFO - Sync 1 DAGs
[2024-06-14T12:10:05.816+0000] {logging_mixin.py:188} INFO - [2024-06-14T12:10:05.816+0000] {dag.py:3954} INFO - Setting next_dagrun for example_python_operator to None, run_after=None
[2024-06-14T12:10:05.833+0000] {processor.py:183} INFO - Processing /home/airflow/.local/lib/python3.12/site-packages/airflow/example_dags/example_python_operator.py took 0.058 seconds
[2024-06-14T12:10:35.986+0000] {processor.py:161} INFO - Started process (PID=544) to work on /home/airflow/.local/lib/python3.12/site-packages/airflow/example_dags/example_python_operator.py
[2024-06-14T12:10:35.987+0000] {processor.py:830} INFO - Processing file /home/airflow/.local/lib/python3.12/site-packages/airflow/example_dags/example_python_operator.py for tasks to queue
[2024-06-14T12:10:35.989+0000] {logging_mixin.py:188} INFO - [2024-06-14T12:10:35.988+0000] {dagbag.py:545} INFO - Filling up the DagBag from /home/airflow/.local/lib/python3.12/site-packages/airflow/example_dags/example_python_operator.py
[2024-06-14T12:10:35.997+0000] {processor.py:840} INFO - DAG(s) 'example_python_operator' retrieved from /home/airflow/.local/lib/python3.12/site-packages/airflow/example_dags/example_python_operator.py
[2024-06-14T12:10:36.018+0000] {logging_mixin.py:188} INFO - [2024-06-14T12:10:36.018+0000] {dag.py:3096} INFO - Sync 1 DAGs
[2024-06-14T12:10:36.028+0000] {logging_mixin.py:188} INFO - [2024-06-14T12:10:36.028+0000] {dag.py:3954} INFO - Setting next_dagrun for example_python_operator to None, run_after=None
[2024-06-14T12:10:36.046+0000] {processor.py:183} INFO - Processing /home/airflow/.local/lib/python3.12/site-packages/airflow/example_dags/example_python_operator.py took 0.065 seconds
[2024-06-14T12:11:06.186+0000] {processor.py:161} INFO - Started process (PID=609) to work on /home/airflow/.local/lib/python3.12/site-packages/airflow/example_dags/example_python_operator.py
[2024-06-14T12:11:06.187+0000] {processor.py:830} INFO - Processing file /home/airflow/.local/lib/python3.12/site-packages/airflow/example_dags/example_python_operator.py for tasks to queue
[2024-06-14T12:11:06.188+0000] {logging_mixin.py:188} INFO - [2024-06-14T12:11:06.188+0000] {dagbag.py:545} INFO - Filling up the DagBag from /home/airflow/.local/lib/python3.12/site-packages/airflow/example_dags/example_python_operator.py
[2024-06-14T12:11:06.196+0000] {processor.py:840} INFO - DAG(s) 'example_python_operator' retrieved from /home/airflow/.local/lib/python3.12/site-packages/airflow/example_dags/example_python_operator.py
[2024-06-14T12:11:06.212+0000] {logging_mixin.py:188} INFO - [2024-06-14T12:11:06.212+0000] {dag.py:3096} INFO - Sync 1 DAGs
[2024-06-14T12:11:06.221+0000] {logging_mixin.py:188} INFO - [2024-06-14T12:11:06.221+0000] {dag.py:3954} INFO - Setting next_dagrun for example_python_operator to None, run_after=None
[2024-06-14T12:11:06.234+0000] {processor.py:183} INFO - Processing /home/airflow/.local/lib/python3.12/site-packages/airflow/example_dags/example_python_operator.py took 0.053 seconds
[2024-06-14T12:11:36.367+0000] {processor.py:161} INFO - Started process (PID=667) to work on /home/airflow/.local/lib/python3.12/site-packages/airflow/example_dags/example_python_operator.py
[2024-06-14T12:11:36.368+0000] {processor.py:830} INFO - Processing file /home/airflow/.local/lib/python3.12/site-packages/airflow/example_dags/example_python_operator.py for tasks to queue
[2024-06-14T12:11:36.369+0000] {logging_mixin.py:188} INFO - [2024-06-14T12:11:36.369+0000] {dagbag.py:545} INFO - Filling up the DagBag from /home/airflow/.local/lib/python3.12/site-packages/airflow/example_dags/example_python_operator.py
[2024-06-14T12:11:36.377+0000] {processor.py:840} INFO - DAG(s) 'example_python_operator' retrieved from /home/airflow/.local/lib/python3.12/site-packages/airflow/example_dags/example_python_operator.py
[2024-06-14T12:11:36.393+0000] {logging_mixin.py:188} INFO - [2024-06-14T12:11:36.393+0000] {dag.py:3096} INFO - Sync 1 DAGs
[2024-06-14T12:11:36.404+0000] {logging_mixin.py:188} INFO - [2024-06-14T12:11:36.404+0000] {dag.py:3954} INFO - Setting next_dagrun for example_python_operator to None, run_after=None
[2024-06-14T12:11:36.420+0000] {processor.py:183} INFO - Processing /home/airflow/.local/lib/python3.12/site-packages/airflow/example_dags/example_python_operator.py took 0.057 seconds
[2024-06-14T12:12:06.584+0000] {processor.py:161} INFO - Started process (PID=725) to work on /home/airflow/.local/lib/python3.12/site-packages/airflow/example_dags/example_python_operator.py
[2024-06-14T12:12:06.585+0000] {processor.py:830} INFO - Processing file /home/airflow/.local/lib/python3.12/site-packages/airflow/example_dags/example_python_operator.py for tasks to queue
[2024-06-14T12:12:06.587+0000] {logging_mixin.py:188} INFO - [2024-06-14T12:12:06.587+0000] {dagbag.py:545} INFO - Filling up the DagBag from /home/airflow/.local/lib/python3.12/site-packages/airflow/example_dags/example_python_operator.py
[2024-06-14T12:12:06.597+0000] {processor.py:840} INFO - DAG(s) 'example_python_operator' retrieved from /home/airflow/.local/lib/python3.12/site-packages/airflow/example_dags/example_python_operator.py
[2024-06-14T12:12:06.613+0000] {logging_mixin.py:188} INFO - [2024-06-14T12:12:06.613+0000] {dag.py:3096} INFO - Sync 1 DAGs
[2024-06-14T12:12:06.623+0000] {logging_mixin.py:188} INFO - [2024-06-14T12:12:06.622+0000] {dag.py:3954} INFO - Setting next_dagrun for example_python_operator to None, run_after=None
[2024-06-14T12:12:06.635+0000] {processor.py:183} INFO - Processing /home/airflow/.local/lib/python3.12/site-packages/airflow/example_dags/example_python_operator.py took 0.056 seconds
[2024-06-14T12:12:36.694+0000] {processor.py:161} INFO - Started process (PID=783) to work on /home/airflow/.local/lib/python3.12/site-packages/airflow/example_dags/example_python_operator.py
[2024-06-14T12:12:36.695+0000] {processor.py:830} INFO - Processing file /home/airflow/.local/lib/python3.12/site-packages/airflow/example_dags/example_python_operator.py for tasks to queue
[2024-06-14T12:12:36.696+0000] {logging_mixin.py:188} INFO - [2024-06-14T12:12:36.696+0000] {dagbag.py:545} INFO - Filling up the DagBag from /home/airflow/.local/lib/python3.12/site-packages/airflow/example_dags/example_python_operator.py
[2024-06-14T12:12:36.704+0000] {processor.py:840} INFO - DAG(s) 'example_python_operator' retrieved from /home/airflow/.local/lib/python3.12/site-packages/airflow/example_dags/example_python_operator.py
[2024-06-14T12:12:36.722+0000] {logging_mixin.py:188} INFO - [2024-06-14T12:12:36.722+0000] {dag.py:3096} INFO - Sync 1 DAGs
[2024-06-14T12:12:36.732+0000] {logging_mixin.py:188} INFO - [2024-06-14T12:12:36.732+0000] {dag.py:3954} INFO - Setting next_dagrun for example_python_operator to None, run_after=None
[2024-06-14T12:12:36.746+0000] {processor.py:183} INFO - Processing /home/airflow/.local/lib/python3.12/site-packages/airflow/example_dags/example_python_operator.py took 0.056 seconds
[2024-06-14T12:13:07.019+0000] {processor.py:161} INFO - Started process (PID=841) to work on /home/airflow/.local/lib/python3.12/site-packages/airflow/example_dags/example_python_operator.py
[2024-06-14T12:13:07.021+0000] {processor.py:830} INFO - Processing file /home/airflow/.local/lib/python3.12/site-packages/airflow/example_dags/example_python_operator.py for tasks to queue
[2024-06-14T12:13:07.022+0000] {logging_mixin.py:188} INFO - [2024-06-14T12:13:07.022+0000] {dagbag.py:545} INFO - Filling up the DagBag from /home/airflow/.local/lib/python3.12/site-packages/airflow/example_dags/example_python_operator.py
[2024-06-14T12:13:07.031+0000] {processor.py:840} INFO - DAG(s) 'example_python_operator' retrieved from /home/airflow/.local/lib/python3.12/site-packages/airflow/example_dags/example_python_operator.py
[2024-06-14T12:13:07.049+0000] {logging_mixin.py:188} INFO - [2024-06-14T12:13:07.049+0000] {dag.py:3096} INFO - Sync 1 DAGs
[2024-06-14T12:13:07.062+0000] {logging_mixin.py:188} INFO - [2024-06-14T12:13:07.061+0000] {dag.py:3954} INFO - Setting next_dagrun for example_python_operator to None, run_after=None
[2024-06-14T12:13:07.079+0000] {processor.py:183} INFO - Processing /home/airflow/.local/lib/python3.12/site-packages/airflow/example_dags/example_python_operator.py took 0.065 seconds
[2024-06-14T12:13:37.435+0000] {processor.py:161} INFO - Started process (PID=899) to work on /home/airflow/.local/lib/python3.12/site-packages/airflow/example_dags/example_python_operator.py
[2024-06-14T12:13:37.436+0000] {processor.py:830} INFO - Processing file /home/airflow/.local/lib/python3.12/site-packages/airflow/example_dags/example_python_operator.py for tasks to queue
[2024-06-14T12:13:37.438+0000] {logging_mixin.py:188} INFO - [2024-06-14T12:13:37.438+0000] {dagbag.py:545} INFO - Filling up the DagBag from /home/airflow/.local/lib/python3.12/site-packages/airflow/example_dags/example_python_operator.py
[2024-06-14T12:13:37.446+0000] {processor.py:840} INFO - DAG(s) 'example_python_operator' retrieved from /home/airflow/.local/lib/python3.12/site-packages/airflow/example_dags/example_python_operator.py
[2024-06-14T12:13:37.464+0000] {logging_mixin.py:188} INFO - [2024-06-14T12:13:37.463+0000] {dag.py:3096} INFO - Sync 1 DAGs
[2024-06-14T12:13:37.474+0000] {logging_mixin.py:188} INFO - [2024-06-14T12:13:37.474+0000] {dag.py:3954} INFO - Setting next_dagrun for example_python_operator to None, run_after=None
[2024-06-14T12:13:37.490+0000] {processor.py:183} INFO - Processing /home/airflow/.local/lib/python3.12/site-packages/airflow/example_dags/example_python_operator.py took 0.061 seconds
[2024-06-14T12:14:07.625+0000] {processor.py:161} INFO - Started process (PID=957) to work on /home/airflow/.local/lib/python3.12/site-packages/airflow/example_dags/example_python_operator.py
[2024-06-14T12:14:07.626+0000] {processor.py:830} INFO - Processing file /home/airflow/.local/lib/python3.12/site-packages/airflow/example_dags/example_python_operator.py for tasks to queue
[2024-06-14T12:14:07.627+0000] {logging_mixin.py:188} INFO - [2024-06-14T12:14:07.627+0000] {dagbag.py:545} INFO - Filling up the DagBag from /home/airflow/.local/lib/python3.12/site-packages/airflow/example_dags/example_python_operator.py
[2024-06-14T12:14:07.635+0000] {processor.py:840} INFO - DAG(s) 'example_python_operator' retrieved from /home/airflow/.local/lib/python3.12/site-packages/airflow/example_dags/example_python_operator.py
[2024-06-14T12:14:07.651+0000] {logging_mixin.py:188} INFO - [2024-06-14T12:14:07.651+0000] {dag.py:3096} INFO - Sync 1 DAGs
[2024-06-14T12:14:07.659+0000] {logging_mixin.py:188} INFO - [2024-06-14T12:14:07.659+0000] {dag.py:3954} INFO - Setting next_dagrun for example_python_operator to None, run_after=None
[2024-06-14T12:14:07.676+0000] {processor.py:183} INFO - Processing /home/airflow/.local/lib/python3.12/site-packages/airflow/example_dags/example_python_operator.py took 0.054 seconds
[2024-06-14T12:14:37.993+0000] {processor.py:161} INFO - Started process (PID=1015) to work on /home/airflow/.local/lib/python3.12/site-packages/airflow/example_dags/example_python_operator.py
[2024-06-14T12:14:37.994+0000] {processor.py:830} INFO - Processing file /home/airflow/.local/lib/python3.12/site-packages/airflow/example_dags/example_python_operator.py for tasks to queue
[2024-06-14T12:14:37.996+0000] {logging_mixin.py:188} INFO - [2024-06-14T12:14:37.995+0000] {dagbag.py:545} INFO - Filling up the DagBag from /home/airflow/.local/lib/python3.12/site-packages/airflow/example_dags/example_python_operator.py
[2024-06-14T12:14:38.004+0000] {processor.py:840} INFO - DAG(s) 'example_python_operator' retrieved from /home/airflow/.local/lib/python3.12/site-packages/airflow/example_dags/example_python_operator.py
[2024-06-14T12:14:38.020+0000] {logging_mixin.py:188} INFO - [2024-06-14T12:14:38.020+0000] {dag.py:3096} INFO - Sync 1 DAGs
[2024-06-14T12:14:38.030+0000] {logging_mixin.py:188} INFO - [2024-06-14T12:14:38.030+0000] {dag.py:3954} INFO - Setting next_dagrun for example_python_operator to None, run_after=None
[2024-06-14T12:14:38.045+0000] {processor.py:183} INFO - Processing /home/airflow/.local/lib/python3.12/site-packages/airflow/example_dags/example_python_operator.py took 0.056 seconds
[2024-06-14T12:15:08.247+0000] {processor.py:161} INFO - Started process (PID=1073) to work on /home/airflow/.local/lib/python3.12/site-packages/airflow/example_dags/example_python_operator.py
[2024-06-14T12:15:08.247+0000] {processor.py:830} INFO - Processing file /home/airflow/.local/lib/python3.12/site-packages/airflow/example_dags/example_python_operator.py for tasks to queue
[2024-06-14T12:15:08.249+0000] {logging_mixin.py:188} INFO - [2024-06-14T12:15:08.248+0000] {dagbag.py:545} INFO - Filling up the DagBag from /home/airflow/.local/lib/python3.12/site-packages/airflow/example_dags/example_python_operator.py
[2024-06-14T12:15:08.256+0000] {processor.py:840} INFO - DAG(s) 'example_python_operator' retrieved from /home/airflow/.local/lib/python3.12/site-packages/airflow/example_dags/example_python_operator.py
[2024-06-14T12:15:08.273+0000] {logging_mixin.py:188} INFO - [2024-06-14T12:15:08.273+0000] {dag.py:3096} INFO - Sync 1 DAGs
[2024-06-14T12:15:08.282+0000] {logging_mixin.py:188} INFO - [2024-06-14T12:15:08.282+0000] {dag.py:3954} INFO - Setting next_dagrun for example_python_operator to None, run_after=None
[2024-06-14T12:15:08.298+0000] {processor.py:183} INFO - Processing /home/airflow/.local/lib/python3.12/site-packages/airflow/example_dags/example_python_operator.py took 0.057 seconds
[2024-06-14T12:15:38.528+0000] {processor.py:161} INFO - Started process (PID=1131) to work on /home/airflow/.local/lib/python3.12/site-packages/airflow/example_dags/example_python_operator.py
[2024-06-14T12:15:38.529+0000] {processor.py:830} INFO - Processing file /home/airflow/.local/lib/python3.12/site-packages/airflow/example_dags/example_python_operator.py for tasks to queue
[2024-06-14T12:15:38.530+0000] {logging_mixin.py:188} INFO - [2024-06-14T12:15:38.530+0000] {dagbag.py:545} INFO - Filling up the DagBag from /home/airflow/.local/lib/python3.12/site-packages/airflow/example_dags/example_python_operator.py
[2024-06-14T12:15:38.540+0000] {processor.py:840} INFO - DAG(s) 'example_python_operator' retrieved from /home/airflow/.local/lib/python3.12/site-packages/airflow/example_dags/example_python_operator.py
[2024-06-14T12:15:38.557+0000] {logging_mixin.py:188} INFO - [2024-06-14T12:15:38.556+0000] {dag.py:3096} INFO - Sync 1 DAGs
[2024-06-14T12:15:38.566+0000] {logging_mixin.py:188} INFO - [2024-06-14T12:15:38.566+0000] {dag.py:3954} INFO - Setting next_dagrun for example_python_operator to None, run_after=None
[2024-06-14T12:15:38.581+0000] {processor.py:183} INFO - Processing /home/airflow/.local/lib/python3.12/site-packages/airflow/example_dags/example_python_operator.py took 0.056 seconds
[2024-06-14T12:16:08.926+0000] {processor.py:161} INFO - Started process (PID=1189) to work on /home/airflow/.local/lib/python3.12/site-packages/airflow/example_dags/example_python_operator.py
[2024-06-14T12:16:08.927+0000] {processor.py:830} INFO - Processing file /home/airflow/.local/lib/python3.12/site-packages/airflow/example_dags/example_python_operator.py for tasks to queue
[2024-06-14T12:16:08.928+0000] {logging_mixin.py:188} INFO - [2024-06-14T12:16:08.928+0000] {dagbag.py:545} INFO - Filling up the DagBag from /home/airflow/.local/lib/python3.12/site-packages/airflow/example_dags/example_python_operator.py
[2024-06-14T12:16:08.935+0000] {processor.py:840} INFO - DAG(s) 'example_python_operator' retrieved from /home/airflow/.local/lib/python3.12/site-packages/airflow/example_dags/example_python_operator.py
[2024-06-14T12:16:08.955+0000] {logging_mixin.py:188} INFO - [2024-06-14T12:16:08.954+0000] {dag.py:3096} INFO - Sync 1 DAGs
[2024-06-14T12:16:08.964+0000] {logging_mixin.py:188} INFO - [2024-06-14T12:16:08.964+0000] {dag.py:3954} INFO - Setting next_dagrun for example_python_operator to None, run_after=None
[2024-06-14T12:16:08.979+0000] {processor.py:183} INFO - Processing /home/airflow/.local/lib/python3.12/site-packages/airflow/example_dags/example_python_operator.py took 0.056 seconds
[2024-06-14T12:16:39.226+0000] {processor.py:161} INFO - Started process (PID=1247) to work on /home/airflow/.local/lib/python3.12/site-packages/airflow/example_dags/example_python_operator.py
[2024-06-14T12:16:39.227+0000] {processor.py:830} INFO - Processing file /home/airflow/.local/lib/python3.12/site-packages/airflow/example_dags/example_python_operator.py for tasks to queue
[2024-06-14T12:16:39.228+0000] {logging_mixin.py:188} INFO - [2024-06-14T12:16:39.228+0000] {dagbag.py:545} INFO - Filling up the DagBag from /home/airflow/.local/lib/python3.12/site-packages/airflow/example_dags/example_python_operator.py
[2024-06-14T12:16:39.235+0000] {processor.py:840} INFO - DAG(s) 'example_python_operator' retrieved from /home/airflow/.local/lib/python3.12/site-packages/airflow/example_dags/example_python_operator.py
[2024-06-14T12:16:39.252+0000] {logging_mixin.py:188} INFO - [2024-06-14T12:16:39.252+0000] {dag.py:3096} INFO - Sync 1 DAGs
[2024-06-14T12:16:39.264+0000] {logging_mixin.py:188} INFO - [2024-06-14T12:16:39.264+0000] {dag.py:3954} INFO - Setting next_dagrun for example_python_operator to None, run_after=None
[2024-06-14T12:16:39.282+0000] {processor.py:183} INFO - Processing /home/airflow/.local/lib/python3.12/site-packages/airflow/example_dags/example_python_operator.py took 0.060 seconds
[2024-06-14T12:17:09.593+0000] {processor.py:161} INFO - Started process (PID=1305) to work on /home/airflow/.local/lib/python3.12/site-packages/airflow/example_dags/example_python_operator.py
[2024-06-14T12:17:09.593+0000] {processor.py:830} INFO - Processing file /home/airflow/.local/lib/python3.12/site-packages/airflow/example_dags/example_python_operator.py for tasks to queue
[2024-06-14T12:17:09.594+0000] {logging_mixin.py:188} INFO - [2024-06-14T12:17:09.594+0000] {dagbag.py:545} INFO - Filling up the DagBag from /home/airflow/.local/lib/python3.12/site-packages/airflow/example_dags/example_python_operator.py
[2024-06-14T12:17:09.603+0000] {processor.py:840} INFO - DAG(s) 'example_python_operator' retrieved from /home/airflow/.local/lib/python3.12/site-packages/airflow/example_dags/example_python_operator.py
[2024-06-14T12:17:09.620+0000] {logging_mixin.py:188} INFO - [2024-06-14T12:17:09.619+0000] {dag.py:3096} INFO - Sync 1 DAGs
[2024-06-14T12:17:09.628+0000] {logging_mixin.py:188} INFO - [2024-06-14T12:17:09.628+0000] {dag.py:3954} INFO - Setting next_dagrun for example_python_operator to None, run_after=None
[2024-06-14T12:17:09.645+0000] {processor.py:183} INFO - Processing /home/airflow/.local/lib/python3.12/site-packages/airflow/example_dags/example_python_operator.py took 0.056 seconds
[2024-06-14T12:17:40.050+0000] {processor.py:161} INFO - Started process (PID=1363) to work on /home/airflow/.local/lib/python3.12/site-packages/airflow/example_dags/example_python_operator.py
[2024-06-14T12:17:40.050+0000] {processor.py:830} INFO - Processing file /home/airflow/.local/lib/python3.12/site-packages/airflow/example_dags/example_python_operator.py for tasks to queue
[2024-06-14T12:17:40.052+0000] {logging_mixin.py:188} INFO - [2024-06-14T12:17:40.051+0000] {dagbag.py:545} INFO - Filling up the DagBag from /home/airflow/.local/lib/python3.12/site-packages/airflow/example_dags/example_python_operator.py
[2024-06-14T12:17:40.059+0000] {processor.py:840} INFO - DAG(s) 'example_python_operator' retrieved from /home/airflow/.local/lib/python3.12/site-packages/airflow/example_dags/example_python_operator.py
[2024-06-14T12:17:40.074+0000] {logging_mixin.py:188} INFO - [2024-06-14T12:17:40.074+0000] {dag.py:3096} INFO - Sync 1 DAGs
[2024-06-14T12:17:40.083+0000] {logging_mixin.py:188} INFO - [2024-06-14T12:17:40.083+0000] {dag.py:3954} INFO - Setting next_dagrun for example_python_operator to None, run_after=None
[2024-06-14T12:17:40.097+0000] {processor.py:183} INFO - Processing /home/airflow/.local/lib/python3.12/site-packages/airflow/example_dags/example_python_operator.py took 0.051 seconds
[2024-06-14T12:18:42.805+0000] {processor.py:161} INFO - Started process (PID=73) to work on /home/airflow/.local/lib/python3.12/site-packages/airflow/example_dags/example_python_operator.py
[2024-06-14T12:18:42.807+0000] {processor.py:830} INFO - Processing file /home/airflow/.local/lib/python3.12/site-packages/airflow/example_dags/example_python_operator.py for tasks to queue
[2024-06-14T12:18:42.810+0000] {logging_mixin.py:188} INFO - [2024-06-14T12:18:42.809+0000] {dagbag.py:545} INFO - Filling up the DagBag from /home/airflow/.local/lib/python3.12/site-packages/airflow/example_dags/example_python_operator.py
[2024-06-14T12:18:42.832+0000] {processor.py:840} INFO - DAG(s) 'example_python_operator' retrieved from /home/airflow/.local/lib/python3.12/site-packages/airflow/example_dags/example_python_operator.py
[2024-06-14T12:18:42.847+0000] {logging_mixin.py:188} INFO - [2024-06-14T12:18:42.846+0000] {dag.py:3096} INFO - Sync 1 DAGs
[2024-06-14T12:18:42.862+0000] {logging_mixin.py:188} INFO - [2024-06-14T12:18:42.861+0000] {dag.py:3954} INFO - Setting next_dagrun for example_python_operator to None, run_after=None
[2024-06-14T12:18:42.884+0000] {processor.py:183} INFO - Processing /home/airflow/.local/lib/python3.12/site-packages/airflow/example_dags/example_python_operator.py took 0.088 seconds
[2024-06-14T12:19:14.286+0000] {processor.py:161} INFO - Started process (PID=131) to work on /home/airflow/.local/lib/python3.12/site-packages/airflow/example_dags/example_python_operator.py
[2024-06-14T12:19:14.287+0000] {processor.py:830} INFO - Processing file /home/airflow/.local/lib/python3.12/site-packages/airflow/example_dags/example_python_operator.py for tasks to queue
[2024-06-14T12:19:14.288+0000] {logging_mixin.py:188} INFO - [2024-06-14T12:19:14.288+0000] {dagbag.py:545} INFO - Filling up the DagBag from /home/airflow/.local/lib/python3.12/site-packages/airflow/example_dags/example_python_operator.py
[2024-06-14T12:19:14.297+0000] {processor.py:840} INFO - DAG(s) 'example_python_operator' retrieved from /home/airflow/.local/lib/python3.12/site-packages/airflow/example_dags/example_python_operator.py
[2024-06-14T12:19:14.376+0000] {logging_mixin.py:188} INFO - [2024-06-14T12:19:14.376+0000] {dag.py:3096} INFO - Sync 1 DAGs
[2024-06-14T12:19:14.383+0000] {logging_mixin.py:188} INFO - [2024-06-14T12:19:14.383+0000] {dag.py:3954} INFO - Setting next_dagrun for example_python_operator to None, run_after=None
[2024-06-14T12:19:14.399+0000] {processor.py:183} INFO - Processing /home/airflow/.local/lib/python3.12/site-packages/airflow/example_dags/example_python_operator.py took 0.116 seconds
[2024-06-14T12:19:44.916+0000] {processor.py:161} INFO - Started process (PID=189) to work on /home/airflow/.local/lib/python3.12/site-packages/airflow/example_dags/example_python_operator.py
[2024-06-14T12:19:44.916+0000] {processor.py:830} INFO - Processing file /home/airflow/.local/lib/python3.12/site-packages/airflow/example_dags/example_python_operator.py for tasks to queue
[2024-06-14T12:19:44.918+0000] {logging_mixin.py:188} INFO - [2024-06-14T12:19:44.918+0000] {dagbag.py:545} INFO - Filling up the DagBag from /home/airflow/.local/lib/python3.12/site-packages/airflow/example_dags/example_python_operator.py
[2024-06-14T12:19:44.926+0000] {processor.py:840} INFO - DAG(s) 'example_python_operator' retrieved from /home/airflow/.local/lib/python3.12/site-packages/airflow/example_dags/example_python_operator.py
[2024-06-14T12:19:44.943+0000] {logging_mixin.py:188} INFO - [2024-06-14T12:19:44.942+0000] {dag.py:3096} INFO - Sync 1 DAGs
[2024-06-14T12:19:44.952+0000] {logging_mixin.py:188} INFO - [2024-06-14T12:19:44.951+0000] {dag.py:3954} INFO - Setting next_dagrun for example_python_operator to None, run_after=None
[2024-06-14T12:19:44.965+0000] {processor.py:183} INFO - Processing /home/airflow/.local/lib/python3.12/site-packages/airflow/example_dags/example_python_operator.py took 0.055 seconds
[2024-06-14T12:20:15.394+0000] {processor.py:161} INFO - Started process (PID=247) to work on /home/airflow/.local/lib/python3.12/site-packages/airflow/example_dags/example_python_operator.py
[2024-06-14T12:20:15.395+0000] {processor.py:830} INFO - Processing file /home/airflow/.local/lib/python3.12/site-packages/airflow/example_dags/example_python_operator.py for tasks to queue
[2024-06-14T12:20:15.396+0000] {logging_mixin.py:188} INFO - [2024-06-14T12:20:15.396+0000] {dagbag.py:545} INFO - Filling up the DagBag from /home/airflow/.local/lib/python3.12/site-packages/airflow/example_dags/example_python_operator.py
[2024-06-14T12:20:15.403+0000] {processor.py:840} INFO - DAG(s) 'example_python_operator' retrieved from /home/airflow/.local/lib/python3.12/site-packages/airflow/example_dags/example_python_operator.py
[2024-06-14T12:20:15.419+0000] {logging_mixin.py:188} INFO - [2024-06-14T12:20:15.418+0000] {dag.py:3096} INFO - Sync 1 DAGs
[2024-06-14T12:20:15.427+0000] {logging_mixin.py:188} INFO - [2024-06-14T12:20:15.427+0000] {dag.py:3954} INFO - Setting next_dagrun for example_python_operator to None, run_after=None
[2024-06-14T12:20:15.440+0000] {processor.py:183} INFO - Processing /home/airflow/.local/lib/python3.12/site-packages/airflow/example_dags/example_python_operator.py took 0.051 seconds
[2024-06-14T12:20:45.624+0000] {processor.py:161} INFO - Started process (PID=305) to work on /home/airflow/.local/lib/python3.12/site-packages/airflow/example_dags/example_python_operator.py
[2024-06-14T12:20:45.625+0000] {processor.py:830} INFO - Processing file /home/airflow/.local/lib/python3.12/site-packages/airflow/example_dags/example_python_operator.py for tasks to queue
[2024-06-14T12:20:45.626+0000] {logging_mixin.py:188} INFO - [2024-06-14T12:20:45.626+0000] {dagbag.py:545} INFO - Filling up the DagBag from /home/airflow/.local/lib/python3.12/site-packages/airflow/example_dags/example_python_operator.py
[2024-06-14T12:20:45.636+0000] {processor.py:840} INFO - DAG(s) 'example_python_operator' retrieved from /home/airflow/.local/lib/python3.12/site-packages/airflow/example_dags/example_python_operator.py
[2024-06-14T12:20:45.652+0000] {logging_mixin.py:188} INFO - [2024-06-14T12:20:45.652+0000] {dag.py:3096} INFO - Sync 1 DAGs
[2024-06-14T12:20:45.661+0000] {logging_mixin.py:188} INFO - [2024-06-14T12:20:45.661+0000] {dag.py:3954} INFO - Setting next_dagrun for example_python_operator to None, run_after=None
[2024-06-14T12:20:45.676+0000] {processor.py:183} INFO - Processing /home/airflow/.local/lib/python3.12/site-packages/airflow/example_dags/example_python_operator.py took 0.056 seconds
[2024-06-14T12:21:15.880+0000] {processor.py:161} INFO - Started process (PID=363) to work on /home/airflow/.local/lib/python3.12/site-packages/airflow/example_dags/example_python_operator.py
[2024-06-14T12:21:15.881+0000] {processor.py:830} INFO - Processing file /home/airflow/.local/lib/python3.12/site-packages/airflow/example_dags/example_python_operator.py for tasks to queue
[2024-06-14T12:21:15.883+0000] {logging_mixin.py:188} INFO - [2024-06-14T12:21:15.882+0000] {dagbag.py:545} INFO - Filling up the DagBag from /home/airflow/.local/lib/python3.12/site-packages/airflow/example_dags/example_python_operator.py
[2024-06-14T12:21:15.891+0000] {processor.py:840} INFO - DAG(s) 'example_python_operator' retrieved from /home/airflow/.local/lib/python3.12/site-packages/airflow/example_dags/example_python_operator.py
[2024-06-14T12:21:15.909+0000] {logging_mixin.py:188} INFO - [2024-06-14T12:21:15.909+0000] {dag.py:3096} INFO - Sync 1 DAGs
[2024-06-14T12:21:15.920+0000] {logging_mixin.py:188} INFO - [2024-06-14T12:21:15.920+0000] {dag.py:3954} INFO - Setting next_dagrun for example_python_operator to None, run_after=None
[2024-06-14T12:21:15.934+0000] {processor.py:183} INFO - Processing /home/airflow/.local/lib/python3.12/site-packages/airflow/example_dags/example_python_operator.py took 0.059 seconds
[2024-06-14T12:21:46.411+0000] {processor.py:161} INFO - Started process (PID=421) to work on /home/airflow/.local/lib/python3.12/site-packages/airflow/example_dags/example_python_operator.py
[2024-06-14T12:21:46.411+0000] {processor.py:830} INFO - Processing file /home/airflow/.local/lib/python3.12/site-packages/airflow/example_dags/example_python_operator.py for tasks to queue
[2024-06-14T12:21:46.413+0000] {logging_mixin.py:188} INFO - [2024-06-14T12:21:46.413+0000] {dagbag.py:545} INFO - Filling up the DagBag from /home/airflow/.local/lib/python3.12/site-packages/airflow/example_dags/example_python_operator.py
[2024-06-14T12:21:46.421+0000] {processor.py:840} INFO - DAG(s) 'example_python_operator' retrieved from /home/airflow/.local/lib/python3.12/site-packages/airflow/example_dags/example_python_operator.py
[2024-06-14T12:21:46.436+0000] {logging_mixin.py:188} INFO - [2024-06-14T12:21:46.436+0000] {dag.py:3096} INFO - Sync 1 DAGs
[2024-06-14T12:21:46.445+0000] {logging_mixin.py:188} INFO - [2024-06-14T12:21:46.445+0000] {dag.py:3954} INFO - Setting next_dagrun for example_python_operator to None, run_after=None
[2024-06-14T12:21:46.459+0000] {processor.py:183} INFO - Processing /home/airflow/.local/lib/python3.12/site-packages/airflow/example_dags/example_python_operator.py took 0.052 seconds
[2024-06-14T12:22:16.813+0000] {processor.py:161} INFO - Started process (PID=480) to work on /home/airflow/.local/lib/python3.12/site-packages/airflow/example_dags/example_python_operator.py
[2024-06-14T12:22:16.814+0000] {processor.py:830} INFO - Processing file /home/airflow/.local/lib/python3.12/site-packages/airflow/example_dags/example_python_operator.py for tasks to queue
[2024-06-14T12:22:16.815+0000] {logging_mixin.py:188} INFO - [2024-06-14T12:22:16.815+0000] {dagbag.py:545} INFO - Filling up the DagBag from /home/airflow/.local/lib/python3.12/site-packages/airflow/example_dags/example_python_operator.py
[2024-06-14T12:22:16.822+0000] {processor.py:840} INFO - DAG(s) 'example_python_operator' retrieved from /home/airflow/.local/lib/python3.12/site-packages/airflow/example_dags/example_python_operator.py
[2024-06-14T12:22:16.837+0000] {logging_mixin.py:188} INFO - [2024-06-14T12:22:16.837+0000] {dag.py:3096} INFO - Sync 1 DAGs
[2024-06-14T12:22:16.846+0000] {logging_mixin.py:188} INFO - [2024-06-14T12:22:16.846+0000] {dag.py:3954} INFO - Setting next_dagrun for example_python_operator to None, run_after=None
[2024-06-14T12:22:16.859+0000] {processor.py:183} INFO - Processing /home/airflow/.local/lib/python3.12/site-packages/airflow/example_dags/example_python_operator.py took 0.051 seconds
[2024-06-14T12:22:47.086+0000] {processor.py:161} INFO - Started process (PID=538) to work on /home/airflow/.local/lib/python3.12/site-packages/airflow/example_dags/example_python_operator.py
[2024-06-14T12:22:47.087+0000] {processor.py:830} INFO - Processing file /home/airflow/.local/lib/python3.12/site-packages/airflow/example_dags/example_python_operator.py for tasks to queue
[2024-06-14T12:22:47.088+0000] {logging_mixin.py:188} INFO - [2024-06-14T12:22:47.088+0000] {dagbag.py:545} INFO - Filling up the DagBag from /home/airflow/.local/lib/python3.12/site-packages/airflow/example_dags/example_python_operator.py
[2024-06-14T12:22:47.096+0000] {processor.py:840} INFO - DAG(s) 'example_python_operator' retrieved from /home/airflow/.local/lib/python3.12/site-packages/airflow/example_dags/example_python_operator.py
[2024-06-14T12:22:47.111+0000] {logging_mixin.py:188} INFO - [2024-06-14T12:22:47.111+0000] {dag.py:3096} INFO - Sync 1 DAGs
[2024-06-14T12:22:47.121+0000] {logging_mixin.py:188} INFO - [2024-06-14T12:22:47.121+0000] {dag.py:3954} INFO - Setting next_dagrun for example_python_operator to None, run_after=None
[2024-06-14T12:22:47.135+0000] {processor.py:183} INFO - Processing /home/airflow/.local/lib/python3.12/site-packages/airflow/example_dags/example_python_operator.py took 0.053 seconds
[2024-06-14T12:23:17.509+0000] {processor.py:161} INFO - Started process (PID=596) to work on /home/airflow/.local/lib/python3.12/site-packages/airflow/example_dags/example_python_operator.py
[2024-06-14T12:23:17.510+0000] {processor.py:830} INFO - Processing file /home/airflow/.local/lib/python3.12/site-packages/airflow/example_dags/example_python_operator.py for tasks to queue
[2024-06-14T12:23:17.511+0000] {logging_mixin.py:188} INFO - [2024-06-14T12:23:17.511+0000] {dagbag.py:545} INFO - Filling up the DagBag from /home/airflow/.local/lib/python3.12/site-packages/airflow/example_dags/example_python_operator.py
[2024-06-14T12:23:17.520+0000] {processor.py:840} INFO - DAG(s) 'example_python_operator' retrieved from /home/airflow/.local/lib/python3.12/site-packages/airflow/example_dags/example_python_operator.py
[2024-06-14T12:23:17.537+0000] {logging_mixin.py:188} INFO - [2024-06-14T12:23:17.536+0000] {dag.py:3096} INFO - Sync 1 DAGs
[2024-06-14T12:23:17.546+0000] {logging_mixin.py:188} INFO - [2024-06-14T12:23:17.546+0000] {dag.py:3954} INFO - Setting next_dagrun for example_python_operator to None, run_after=None
[2024-06-14T12:23:17.561+0000] {processor.py:183} INFO - Processing /home/airflow/.local/lib/python3.12/site-packages/airflow/example_dags/example_python_operator.py took 0.056 seconds
[2024-06-14T12:23:47.909+0000] {processor.py:161} INFO - Started process (PID=654) to work on /home/airflow/.local/lib/python3.12/site-packages/airflow/example_dags/example_python_operator.py
[2024-06-14T12:23:47.910+0000] {processor.py:830} INFO - Processing file /home/airflow/.local/lib/python3.12/site-packages/airflow/example_dags/example_python_operator.py for tasks to queue
[2024-06-14T12:23:47.911+0000] {logging_mixin.py:188} INFO - [2024-06-14T12:23:47.911+0000] {dagbag.py:545} INFO - Filling up the DagBag from /home/airflow/.local/lib/python3.12/site-packages/airflow/example_dags/example_python_operator.py
[2024-06-14T12:23:47.920+0000] {processor.py:840} INFO - DAG(s) 'example_python_operator' retrieved from /home/airflow/.local/lib/python3.12/site-packages/airflow/example_dags/example_python_operator.py
[2024-06-14T12:23:47.936+0000] {logging_mixin.py:188} INFO - [2024-06-14T12:23:47.936+0000] {dag.py:3096} INFO - Sync 1 DAGs
[2024-06-14T12:23:47.945+0000] {logging_mixin.py:188} INFO - [2024-06-14T12:23:47.945+0000] {dag.py:3954} INFO - Setting next_dagrun for example_python_operator to None, run_after=None
[2024-06-14T12:23:47.960+0000] {processor.py:183} INFO - Processing /home/airflow/.local/lib/python3.12/site-packages/airflow/example_dags/example_python_operator.py took 0.055 seconds
[2024-06-14T12:24:18.255+0000] {processor.py:161} INFO - Started process (PID=713) to work on /home/airflow/.local/lib/python3.12/site-packages/airflow/example_dags/example_python_operator.py
[2024-06-14T12:24:18.256+0000] {processor.py:830} INFO - Processing file /home/airflow/.local/lib/python3.12/site-packages/airflow/example_dags/example_python_operator.py for tasks to queue
[2024-06-14T12:24:18.257+0000] {logging_mixin.py:188} INFO - [2024-06-14T12:24:18.257+0000] {dagbag.py:545} INFO - Filling up the DagBag from /home/airflow/.local/lib/python3.12/site-packages/airflow/example_dags/example_python_operator.py
[2024-06-14T12:24:18.266+0000] {processor.py:840} INFO - DAG(s) 'example_python_operator' retrieved from /home/airflow/.local/lib/python3.12/site-packages/airflow/example_dags/example_python_operator.py
[2024-06-14T12:24:18.283+0000] {logging_mixin.py:188} INFO - [2024-06-14T12:24:18.282+0000] {dag.py:3096} INFO - Sync 1 DAGs
[2024-06-14T12:24:18.292+0000] {logging_mixin.py:188} INFO - [2024-06-14T12:24:18.292+0000] {dag.py:3954} INFO - Setting next_dagrun for example_python_operator to None, run_after=None
[2024-06-14T12:24:18.308+0000] {processor.py:183} INFO - Processing /home/airflow/.local/lib/python3.12/site-packages/airflow/example_dags/example_python_operator.py took 0.056 seconds
[2024-06-14T12:24:48.404+0000] {processor.py:161} INFO - Started process (PID=771) to work on /home/airflow/.local/lib/python3.12/site-packages/airflow/example_dags/example_python_operator.py
[2024-06-14T12:24:48.405+0000] {processor.py:830} INFO - Processing file /home/airflow/.local/lib/python3.12/site-packages/airflow/example_dags/example_python_operator.py for tasks to queue
[2024-06-14T12:24:48.406+0000] {logging_mixin.py:188} INFO - [2024-06-14T12:24:48.406+0000] {dagbag.py:545} INFO - Filling up the DagBag from /home/airflow/.local/lib/python3.12/site-packages/airflow/example_dags/example_python_operator.py
[2024-06-14T12:24:48.413+0000] {processor.py:840} INFO - DAG(s) 'example_python_operator' retrieved from /home/airflow/.local/lib/python3.12/site-packages/airflow/example_dags/example_python_operator.py
[2024-06-14T12:24:48.431+0000] {logging_mixin.py:188} INFO - [2024-06-14T12:24:48.431+0000] {dag.py:3096} INFO - Sync 1 DAGs
[2024-06-14T12:24:48.440+0000] {logging_mixin.py:188} INFO - [2024-06-14T12:24:48.440+0000] {dag.py:3954} INFO - Setting next_dagrun for example_python_operator to None, run_after=None
[2024-06-14T12:24:48.455+0000] {processor.py:183} INFO - Processing /home/airflow/.local/lib/python3.12/site-packages/airflow/example_dags/example_python_operator.py took 0.054 seconds
[2024-06-14T12:25:18.801+0000] {processor.py:161} INFO - Started process (PID=829) to work on /home/airflow/.local/lib/python3.12/site-packages/airflow/example_dags/example_python_operator.py
[2024-06-14T12:25:18.802+0000] {processor.py:830} INFO - Processing file /home/airflow/.local/lib/python3.12/site-packages/airflow/example_dags/example_python_operator.py for tasks to queue
[2024-06-14T12:25:18.803+0000] {logging_mixin.py:188} INFO - [2024-06-14T12:25:18.803+0000] {dagbag.py:545} INFO - Filling up the DagBag from /home/airflow/.local/lib/python3.12/site-packages/airflow/example_dags/example_python_operator.py
[2024-06-14T12:25:18.811+0000] {processor.py:840} INFO - DAG(s) 'example_python_operator' retrieved from /home/airflow/.local/lib/python3.12/site-packages/airflow/example_dags/example_python_operator.py
[2024-06-14T12:25:18.828+0000] {logging_mixin.py:188} INFO - [2024-06-14T12:25:18.828+0000] {dag.py:3096} INFO - Sync 1 DAGs
[2024-06-14T12:25:18.839+0000] {logging_mixin.py:188} INFO - [2024-06-14T12:25:18.839+0000] {dag.py:3954} INFO - Setting next_dagrun for example_python_operator to None, run_after=None
[2024-06-14T12:25:18.854+0000] {processor.py:183} INFO - Processing /home/airflow/.local/lib/python3.12/site-packages/airflow/example_dags/example_python_operator.py took 0.057 seconds
[2024-06-14T12:25:49.223+0000] {processor.py:161} INFO - Started process (PID=887) to work on /home/airflow/.local/lib/python3.12/site-packages/airflow/example_dags/example_python_operator.py
[2024-06-14T12:25:49.224+0000] {processor.py:830} INFO - Processing file /home/airflow/.local/lib/python3.12/site-packages/airflow/example_dags/example_python_operator.py for tasks to queue
[2024-06-14T12:25:49.225+0000] {logging_mixin.py:188} INFO - [2024-06-14T12:25:49.225+0000] {dagbag.py:545} INFO - Filling up the DagBag from /home/airflow/.local/lib/python3.12/site-packages/airflow/example_dags/example_python_operator.py
[2024-06-14T12:25:49.235+0000] {processor.py:840} INFO - DAG(s) 'example_python_operator' retrieved from /home/airflow/.local/lib/python3.12/site-packages/airflow/example_dags/example_python_operator.py
[2024-06-14T12:25:49.253+0000] {logging_mixin.py:188} INFO - [2024-06-14T12:25:49.253+0000] {dag.py:3096} INFO - Sync 1 DAGs
[2024-06-14T12:25:49.264+0000] {logging_mixin.py:188} INFO - [2024-06-14T12:25:49.264+0000] {dag.py:3954} INFO - Setting next_dagrun for example_python_operator to None, run_after=None
[2024-06-14T12:25:49.280+0000] {processor.py:183} INFO - Processing /home/airflow/.local/lib/python3.12/site-packages/airflow/example_dags/example_python_operator.py took 0.062 seconds
[2024-06-14T12:26:19.657+0000] {processor.py:161} INFO - Started process (PID=945) to work on /home/airflow/.local/lib/python3.12/site-packages/airflow/example_dags/example_python_operator.py
[2024-06-14T12:26:19.658+0000] {processor.py:830} INFO - Processing file /home/airflow/.local/lib/python3.12/site-packages/airflow/example_dags/example_python_operator.py for tasks to queue
[2024-06-14T12:26:19.659+0000] {logging_mixin.py:188} INFO - [2024-06-14T12:26:19.659+0000] {dagbag.py:545} INFO - Filling up the DagBag from /home/airflow/.local/lib/python3.12/site-packages/airflow/example_dags/example_python_operator.py
[2024-06-14T12:26:19.666+0000] {processor.py:840} INFO - DAG(s) 'example_python_operator' retrieved from /home/airflow/.local/lib/python3.12/site-packages/airflow/example_dags/example_python_operator.py
[2024-06-14T12:26:19.682+0000] {logging_mixin.py:188} INFO - [2024-06-14T12:26:19.682+0000] {dag.py:3096} INFO - Sync 1 DAGs
[2024-06-14T12:26:19.691+0000] {logging_mixin.py:188} INFO - [2024-06-14T12:26:19.690+0000] {dag.py:3954} INFO - Setting next_dagrun for example_python_operator to None, run_after=None
[2024-06-14T12:26:19.705+0000] {processor.py:183} INFO - Processing /home/airflow/.local/lib/python3.12/site-packages/airflow/example_dags/example_python_operator.py took 0.052 seconds
[2024-06-14T12:26:49.865+0000] {processor.py:161} INFO - Started process (PID=1003) to work on /home/airflow/.local/lib/python3.12/site-packages/airflow/example_dags/example_python_operator.py
[2024-06-14T12:26:49.866+0000] {processor.py:830} INFO - Processing file /home/airflow/.local/lib/python3.12/site-packages/airflow/example_dags/example_python_operator.py for tasks to queue
[2024-06-14T12:26:49.868+0000] {logging_mixin.py:188} INFO - [2024-06-14T12:26:49.868+0000] {dagbag.py:545} INFO - Filling up the DagBag from /home/airflow/.local/lib/python3.12/site-packages/airflow/example_dags/example_python_operator.py
[2024-06-14T12:26:49.876+0000] {processor.py:840} INFO - DAG(s) 'example_python_operator' retrieved from /home/airflow/.local/lib/python3.12/site-packages/airflow/example_dags/example_python_operator.py
[2024-06-14T12:26:49.895+0000] {logging_mixin.py:188} INFO - [2024-06-14T12:26:49.895+0000] {dag.py:3096} INFO - Sync 1 DAGs
[2024-06-14T12:26:49.906+0000] {logging_mixin.py:188} INFO - [2024-06-14T12:26:49.906+0000] {dag.py:3954} INFO - Setting next_dagrun for example_python_operator to None, run_after=None
[2024-06-14T12:26:49.923+0000] {processor.py:183} INFO - Processing /home/airflow/.local/lib/python3.12/site-packages/airflow/example_dags/example_python_operator.py took 0.062 seconds
[2024-06-14T12:27:20.050+0000] {processor.py:161} INFO - Started process (PID=1061) to work on /home/airflow/.local/lib/python3.12/site-packages/airflow/example_dags/example_python_operator.py
[2024-06-14T12:27:20.050+0000] {processor.py:830} INFO - Processing file /home/airflow/.local/lib/python3.12/site-packages/airflow/example_dags/example_python_operator.py for tasks to queue
[2024-06-14T12:27:20.052+0000] {logging_mixin.py:188} INFO - [2024-06-14T12:27:20.051+0000] {dagbag.py:545} INFO - Filling up the DagBag from /home/airflow/.local/lib/python3.12/site-packages/airflow/example_dags/example_python_operator.py
[2024-06-14T12:27:20.059+0000] {processor.py:840} INFO - DAG(s) 'example_python_operator' retrieved from /home/airflow/.local/lib/python3.12/site-packages/airflow/example_dags/example_python_operator.py
[2024-06-14T12:27:20.076+0000] {logging_mixin.py:188} INFO - [2024-06-14T12:27:20.076+0000] {dag.py:3096} INFO - Sync 1 DAGs
[2024-06-14T12:27:20.088+0000] {logging_mixin.py:188} INFO - [2024-06-14T12:27:20.087+0000] {dag.py:3954} INFO - Setting next_dagrun for example_python_operator to None, run_after=None
[2024-06-14T12:27:20.104+0000] {processor.py:183} INFO - Processing /home/airflow/.local/lib/python3.12/site-packages/airflow/example_dags/example_python_operator.py took 0.058 seconds
[2024-06-14T12:27:50.271+0000] {processor.py:161} INFO - Started process (PID=1119) to work on /home/airflow/.local/lib/python3.12/site-packages/airflow/example_dags/example_python_operator.py
[2024-06-14T12:27:50.272+0000] {processor.py:830} INFO - Processing file /home/airflow/.local/lib/python3.12/site-packages/airflow/example_dags/example_python_operator.py for tasks to queue
[2024-06-14T12:27:50.273+0000] {logging_mixin.py:188} INFO - [2024-06-14T12:27:50.273+0000] {dagbag.py:545} INFO - Filling up the DagBag from /home/airflow/.local/lib/python3.12/site-packages/airflow/example_dags/example_python_operator.py
[2024-06-14T12:27:50.281+0000] {processor.py:840} INFO - DAG(s) 'example_python_operator' retrieved from /home/airflow/.local/lib/python3.12/site-packages/airflow/example_dags/example_python_operator.py
[2024-06-14T12:27:50.300+0000] {logging_mixin.py:188} INFO - [2024-06-14T12:27:50.299+0000] {dag.py:3096} INFO - Sync 1 DAGs
[2024-06-14T12:27:50.309+0000] {logging_mixin.py:188} INFO - [2024-06-14T12:27:50.309+0000] {dag.py:3954} INFO - Setting next_dagrun for example_python_operator to None, run_after=None
[2024-06-14T12:27:50.324+0000] {processor.py:183} INFO - Processing /home/airflow/.local/lib/python3.12/site-packages/airflow/example_dags/example_python_operator.py took 0.057 seconds
[2024-06-14T12:28:20.523+0000] {processor.py:161} INFO - Started process (PID=1177) to work on /home/airflow/.local/lib/python3.12/site-packages/airflow/example_dags/example_python_operator.py
[2024-06-14T12:28:20.524+0000] {processor.py:830} INFO - Processing file /home/airflow/.local/lib/python3.12/site-packages/airflow/example_dags/example_python_operator.py for tasks to queue
[2024-06-14T12:28:20.526+0000] {logging_mixin.py:188} INFO - [2024-06-14T12:28:20.525+0000] {dagbag.py:545} INFO - Filling up the DagBag from /home/airflow/.local/lib/python3.12/site-packages/airflow/example_dags/example_python_operator.py
[2024-06-14T12:28:20.535+0000] {processor.py:840} INFO - DAG(s) 'example_python_operator' retrieved from /home/airflow/.local/lib/python3.12/site-packages/airflow/example_dags/example_python_operator.py
[2024-06-14T12:28:20.559+0000] {logging_mixin.py:188} INFO - [2024-06-14T12:28:20.558+0000] {dag.py:3096} INFO - Sync 1 DAGs
[2024-06-14T12:28:20.572+0000] {logging_mixin.py:188} INFO - [2024-06-14T12:28:20.571+0000] {dag.py:3954} INFO - Setting next_dagrun for example_python_operator to None, run_after=None
[2024-06-14T12:28:20.593+0000] {processor.py:183} INFO - Processing /home/airflow/.local/lib/python3.12/site-packages/airflow/example_dags/example_python_operator.py took 0.074 seconds
[2024-06-14T12:28:50.855+0000] {processor.py:161} INFO - Started process (PID=1235) to work on /home/airflow/.local/lib/python3.12/site-packages/airflow/example_dags/example_python_operator.py
[2024-06-14T12:28:50.855+0000] {processor.py:830} INFO - Processing file /home/airflow/.local/lib/python3.12/site-packages/airflow/example_dags/example_python_operator.py for tasks to queue
[2024-06-14T12:28:50.857+0000] {logging_mixin.py:188} INFO - [2024-06-14T12:28:50.856+0000] {dagbag.py:545} INFO - Filling up the DagBag from /home/airflow/.local/lib/python3.12/site-packages/airflow/example_dags/example_python_operator.py
[2024-06-14T12:28:50.864+0000] {processor.py:840} INFO - DAG(s) 'example_python_operator' retrieved from /home/airflow/.local/lib/python3.12/site-packages/airflow/example_dags/example_python_operator.py
[2024-06-14T12:28:50.879+0000] {logging_mixin.py:188} INFO - [2024-06-14T12:28:50.878+0000] {dag.py:3096} INFO - Sync 1 DAGs
[2024-06-14T12:28:50.887+0000] {logging_mixin.py:188} INFO - [2024-06-14T12:28:50.887+0000] {dag.py:3954} INFO - Setting next_dagrun for example_python_operator to None, run_after=None
[2024-06-14T12:28:50.900+0000] {processor.py:183} INFO - Processing /home/airflow/.local/lib/python3.12/site-packages/airflow/example_dags/example_python_operator.py took 0.049 seconds
[2024-06-14T12:29:21.280+0000] {processor.py:161} INFO - Started process (PID=1293) to work on /home/airflow/.local/lib/python3.12/site-packages/airflow/example_dags/example_python_operator.py
[2024-06-14T12:29:21.281+0000] {processor.py:830} INFO - Processing file /home/airflow/.local/lib/python3.12/site-packages/airflow/example_dags/example_python_operator.py for tasks to queue
[2024-06-14T12:29:21.282+0000] {logging_mixin.py:188} INFO - [2024-06-14T12:29:21.282+0000] {dagbag.py:545} INFO - Filling up the DagBag from /home/airflow/.local/lib/python3.12/site-packages/airflow/example_dags/example_python_operator.py
[2024-06-14T12:29:21.291+0000] {processor.py:840} INFO - DAG(s) 'example_python_operator' retrieved from /home/airflow/.local/lib/python3.12/site-packages/airflow/example_dags/example_python_operator.py
[2024-06-14T12:29:21.306+0000] {logging_mixin.py:188} INFO - [2024-06-14T12:29:21.306+0000] {dag.py:3096} INFO - Sync 1 DAGs
[2024-06-14T12:29:21.316+0000] {logging_mixin.py:188} INFO - [2024-06-14T12:29:21.316+0000] {dag.py:3954} INFO - Setting next_dagrun for example_python_operator to None, run_after=None
[2024-06-14T12:29:21.331+0000] {processor.py:183} INFO - Processing /home/airflow/.local/lib/python3.12/site-packages/airflow/example_dags/example_python_operator.py took 0.055 seconds
[2024-06-14T12:29:51.621+0000] {processor.py:161} INFO - Started process (PID=1351) to work on /home/airflow/.local/lib/python3.12/site-packages/airflow/example_dags/example_python_operator.py
[2024-06-14T12:29:51.621+0000] {processor.py:830} INFO - Processing file /home/airflow/.local/lib/python3.12/site-packages/airflow/example_dags/example_python_operator.py for tasks to queue
[2024-06-14T12:29:51.623+0000] {logging_mixin.py:188} INFO - [2024-06-14T12:29:51.622+0000] {dagbag.py:545} INFO - Filling up the DagBag from /home/airflow/.local/lib/python3.12/site-packages/airflow/example_dags/example_python_operator.py
[2024-06-14T12:29:51.630+0000] {processor.py:840} INFO - DAG(s) 'example_python_operator' retrieved from /home/airflow/.local/lib/python3.12/site-packages/airflow/example_dags/example_python_operator.py
[2024-06-14T12:29:51.644+0000] {logging_mixin.py:188} INFO - [2024-06-14T12:29:51.644+0000] {dag.py:3096} INFO - Sync 1 DAGs
[2024-06-14T12:29:51.654+0000] {logging_mixin.py:188} INFO - [2024-06-14T12:29:51.654+0000] {dag.py:3954} INFO - Setting next_dagrun for example_python_operator to None, run_after=None
[2024-06-14T12:29:51.668+0000] {processor.py:183} INFO - Processing /home/airflow/.local/lib/python3.12/site-packages/airflow/example_dags/example_python_operator.py took 0.051 seconds
[2024-06-14T12:30:21.908+0000] {processor.py:161} INFO - Started process (PID=1409) to work on /home/airflow/.local/lib/python3.12/site-packages/airflow/example_dags/example_python_operator.py
[2024-06-14T12:30:21.908+0000] {processor.py:830} INFO - Processing file /home/airflow/.local/lib/python3.12/site-packages/airflow/example_dags/example_python_operator.py for tasks to queue
[2024-06-14T12:30:21.910+0000] {logging_mixin.py:188} INFO - [2024-06-14T12:30:21.910+0000] {dagbag.py:545} INFO - Filling up the DagBag from /home/airflow/.local/lib/python3.12/site-packages/airflow/example_dags/example_python_operator.py
[2024-06-14T12:30:21.918+0000] {processor.py:840} INFO - DAG(s) 'example_python_operator' retrieved from /home/airflow/.local/lib/python3.12/site-packages/airflow/example_dags/example_python_operator.py
[2024-06-14T12:30:21.936+0000] {logging_mixin.py:188} INFO - [2024-06-14T12:30:21.936+0000] {dag.py:3096} INFO - Sync 1 DAGs
[2024-06-14T12:30:21.946+0000] {logging_mixin.py:188} INFO - [2024-06-14T12:30:21.946+0000] {dag.py:3954} INFO - Setting next_dagrun for example_python_operator to None, run_after=None
[2024-06-14T12:30:21.964+0000] {processor.py:183} INFO - Processing /home/airflow/.local/lib/python3.12/site-packages/airflow/example_dags/example_python_operator.py took 0.061 seconds
[2024-06-14T12:30:52.182+0000] {processor.py:161} INFO - Started process (PID=1467) to work on /home/airflow/.local/lib/python3.12/site-packages/airflow/example_dags/example_python_operator.py
[2024-06-14T12:30:52.183+0000] {processor.py:830} INFO - Processing file /home/airflow/.local/lib/python3.12/site-packages/airflow/example_dags/example_python_operator.py for tasks to queue
[2024-06-14T12:30:52.184+0000] {logging_mixin.py:188} INFO - [2024-06-14T12:30:52.184+0000] {dagbag.py:545} INFO - Filling up the DagBag from /home/airflow/.local/lib/python3.12/site-packages/airflow/example_dags/example_python_operator.py
[2024-06-14T12:30:52.193+0000] {processor.py:840} INFO - DAG(s) 'example_python_operator' retrieved from /home/airflow/.local/lib/python3.12/site-packages/airflow/example_dags/example_python_operator.py
[2024-06-14T12:30:52.211+0000] {logging_mixin.py:188} INFO - [2024-06-14T12:30:52.211+0000] {dag.py:3096} INFO - Sync 1 DAGs
[2024-06-14T12:30:52.221+0000] {logging_mixin.py:188} INFO - [2024-06-14T12:30:52.220+0000] {dag.py:3954} INFO - Setting next_dagrun for example_python_operator to None, run_after=None
[2024-06-14T12:30:52.238+0000] {processor.py:183} INFO - Processing /home/airflow/.local/lib/python3.12/site-packages/airflow/example_dags/example_python_operator.py took 0.060 seconds
