[2024-06-14T12:06:30.813+0000] {processor.py:161} INFO - Started process (PID=49) to work on /home/airflow/.local/lib/python3.12/site-packages/airflow/example_dags/example_latest_only_with_trigger.py
[2024-06-14T12:06:30.815+0000] {processor.py:830} INFO - Processing file /home/airflow/.local/lib/python3.12/site-packages/airflow/example_dags/example_latest_only_with_trigger.py for tasks to queue
[2024-06-14T12:06:30.817+0000] {logging_mixin.py:188} INFO - [2024-06-14T12:06:30.817+0000] {dagbag.py:545} INFO - Filling up the DagBag from /home/airflow/.local/lib/python3.12/site-packages/airflow/example_dags/example_latest_only_with_trigger.py
[2024-06-14T12:06:30.823+0000] {processor.py:840} INFO - DAG(s) 'latest_only_with_trigger' retrieved from /home/airflow/.local/lib/python3.12/site-packages/airflow/example_dags/example_latest_only_with_trigger.py
[2024-06-14T12:06:30.835+0000] {logging_mixin.py:188} INFO - [2024-06-14T12:06:30.834+0000] {dag.py:3096} INFO - Sync 1 DAGs
[2024-06-14T12:06:30.856+0000] {logging_mixin.py:188} INFO - [2024-06-14T12:06:30.856+0000] {dag.py:3954} INFO - Setting next_dagrun for latest_only_with_trigger to 2024-06-14 08:00:00+00:00, run_after=2024-06-14 12:00:00+00:00
[2024-06-14T12:06:30.874+0000] {processor.py:183} INFO - Processing /home/airflow/.local/lib/python3.12/site-packages/airflow/example_dags/example_latest_only_with_trigger.py took 0.067 seconds
[2024-06-14T12:07:01.936+0000] {processor.py:161} INFO - Started process (PID=107) to work on /home/airflow/.local/lib/python3.12/site-packages/airflow/example_dags/example_latest_only_with_trigger.py
[2024-06-14T12:07:01.937+0000] {processor.py:830} INFO - Processing file /home/airflow/.local/lib/python3.12/site-packages/airflow/example_dags/example_latest_only_with_trigger.py for tasks to queue
[2024-06-14T12:07:01.938+0000] {logging_mixin.py:188} INFO - [2024-06-14T12:07:01.938+0000] {dagbag.py:545} INFO - Filling up the DagBag from /home/airflow/.local/lib/python3.12/site-packages/airflow/example_dags/example_latest_only_with_trigger.py
[2024-06-14T12:07:01.942+0000] {processor.py:840} INFO - DAG(s) 'latest_only_with_trigger' retrieved from /home/airflow/.local/lib/python3.12/site-packages/airflow/example_dags/example_latest_only_with_trigger.py
[2024-06-14T12:07:02.056+0000] {logging_mixin.py:188} INFO - [2024-06-14T12:07:02.055+0000] {dag.py:3096} INFO - Sync 1 DAGs
[2024-06-14T12:07:02.074+0000] {logging_mixin.py:188} INFO - [2024-06-14T12:07:02.074+0000] {dag.py:3954} INFO - Setting next_dagrun for latest_only_with_trigger to 2024-06-14 08:00:00+00:00, run_after=2024-06-14 12:00:00+00:00
[2024-06-14T12:07:02.090+0000] {processor.py:183} INFO - Processing /home/airflow/.local/lib/python3.12/site-packages/airflow/example_dags/example_latest_only_with_trigger.py took 0.159 seconds
[2024-06-14T12:07:32.474+0000] {processor.py:161} INFO - Started process (PID=165) to work on /home/airflow/.local/lib/python3.12/site-packages/airflow/example_dags/example_latest_only_with_trigger.py
[2024-06-14T12:07:32.474+0000] {processor.py:830} INFO - Processing file /home/airflow/.local/lib/python3.12/site-packages/airflow/example_dags/example_latest_only_with_trigger.py for tasks to queue
[2024-06-14T12:07:32.476+0000] {logging_mixin.py:188} INFO - [2024-06-14T12:07:32.475+0000] {dagbag.py:545} INFO - Filling up the DagBag from /home/airflow/.local/lib/python3.12/site-packages/airflow/example_dags/example_latest_only_with_trigger.py
[2024-06-14T12:07:32.480+0000] {processor.py:840} INFO - DAG(s) 'latest_only_with_trigger' retrieved from /home/airflow/.local/lib/python3.12/site-packages/airflow/example_dags/example_latest_only_with_trigger.py
[2024-06-14T12:07:32.494+0000] {logging_mixin.py:188} INFO - [2024-06-14T12:07:32.494+0000] {dag.py:3096} INFO - Sync 1 DAGs
[2024-06-14T12:07:32.510+0000] {logging_mixin.py:188} INFO - [2024-06-14T12:07:32.509+0000] {dag.py:3954} INFO - Setting next_dagrun for latest_only_with_trigger to 2024-06-14 08:00:00+00:00, run_after=2024-06-14 12:00:00+00:00
[2024-06-14T12:07:32.524+0000] {processor.py:183} INFO - Processing /home/airflow/.local/lib/python3.12/site-packages/airflow/example_dags/example_latest_only_with_trigger.py took 0.055 seconds
[2024-06-14T12:08:02.679+0000] {processor.py:161} INFO - Started process (PID=223) to work on /home/airflow/.local/lib/python3.12/site-packages/airflow/example_dags/example_latest_only_with_trigger.py
[2024-06-14T12:08:02.680+0000] {processor.py:830} INFO - Processing file /home/airflow/.local/lib/python3.12/site-packages/airflow/example_dags/example_latest_only_with_trigger.py for tasks to queue
[2024-06-14T12:08:02.681+0000] {logging_mixin.py:188} INFO - [2024-06-14T12:08:02.681+0000] {dagbag.py:545} INFO - Filling up the DagBag from /home/airflow/.local/lib/python3.12/site-packages/airflow/example_dags/example_latest_only_with_trigger.py
[2024-06-14T12:08:02.685+0000] {processor.py:840} INFO - DAG(s) 'latest_only_with_trigger' retrieved from /home/airflow/.local/lib/python3.12/site-packages/airflow/example_dags/example_latest_only_with_trigger.py
[2024-06-14T12:08:02.699+0000] {logging_mixin.py:188} INFO - [2024-06-14T12:08:02.699+0000] {dag.py:3096} INFO - Sync 1 DAGs
[2024-06-14T12:08:02.715+0000] {logging_mixin.py:188} INFO - [2024-06-14T12:08:02.715+0000] {dag.py:3954} INFO - Setting next_dagrun for latest_only_with_trigger to 2024-06-14 08:00:00+00:00, run_after=2024-06-14 12:00:00+00:00
[2024-06-14T12:08:02.729+0000] {processor.py:183} INFO - Processing /home/airflow/.local/lib/python3.12/site-packages/airflow/example_dags/example_latest_only_with_trigger.py took 0.054 seconds
[2024-06-14T12:08:32.832+0000] {processor.py:161} INFO - Started process (PID=281) to work on /home/airflow/.local/lib/python3.12/site-packages/airflow/example_dags/example_latest_only_with_trigger.py
[2024-06-14T12:08:32.834+0000] {processor.py:830} INFO - Processing file /home/airflow/.local/lib/python3.12/site-packages/airflow/example_dags/example_latest_only_with_trigger.py for tasks to queue
[2024-06-14T12:08:32.836+0000] {logging_mixin.py:188} INFO - [2024-06-14T12:08:32.836+0000] {dagbag.py:545} INFO - Filling up the DagBag from /home/airflow/.local/lib/python3.12/site-packages/airflow/example_dags/example_latest_only_with_trigger.py
[2024-06-14T12:08:32.842+0000] {processor.py:840} INFO - DAG(s) 'latest_only_with_trigger' retrieved from /home/airflow/.local/lib/python3.12/site-packages/airflow/example_dags/example_latest_only_with_trigger.py
[2024-06-14T12:08:32.858+0000] {logging_mixin.py:188} INFO - [2024-06-14T12:08:32.858+0000] {dag.py:3096} INFO - Sync 1 DAGs
[2024-06-14T12:08:32.874+0000] {logging_mixin.py:188} INFO - [2024-06-14T12:08:32.874+0000] {dag.py:3954} INFO - Setting next_dagrun for latest_only_with_trigger to 2024-06-14 08:00:00+00:00, run_after=2024-06-14 12:00:00+00:00
[2024-06-14T12:08:32.889+0000] {processor.py:183} INFO - Processing /home/airflow/.local/lib/python3.12/site-packages/airflow/example_dags/example_latest_only_with_trigger.py took 0.062 seconds
[2024-06-14T12:09:03.022+0000] {processor.py:161} INFO - Started process (PID=338) to work on /home/airflow/.local/lib/python3.12/site-packages/airflow/example_dags/example_latest_only_with_trigger.py
[2024-06-14T12:09:03.023+0000] {processor.py:830} INFO - Processing file /home/airflow/.local/lib/python3.12/site-packages/airflow/example_dags/example_latest_only_with_trigger.py for tasks to queue
[2024-06-14T12:09:03.024+0000] {logging_mixin.py:188} INFO - [2024-06-14T12:09:03.024+0000] {dagbag.py:545} INFO - Filling up the DagBag from /home/airflow/.local/lib/python3.12/site-packages/airflow/example_dags/example_latest_only_with_trigger.py
[2024-06-14T12:09:03.029+0000] {processor.py:840} INFO - DAG(s) 'latest_only_with_trigger' retrieved from /home/airflow/.local/lib/python3.12/site-packages/airflow/example_dags/example_latest_only_with_trigger.py
[2024-06-14T12:09:03.049+0000] {logging_mixin.py:188} INFO - [2024-06-14T12:09:03.048+0000] {dag.py:3096} INFO - Sync 1 DAGs
[2024-06-14T12:09:03.067+0000] {logging_mixin.py:188} INFO - [2024-06-14T12:09:03.067+0000] {dag.py:3954} INFO - Setting next_dagrun for latest_only_with_trigger to 2024-06-14 08:00:00+00:00, run_after=2024-06-14 12:00:00+00:00
[2024-06-14T12:09:03.085+0000] {processor.py:183} INFO - Processing /home/airflow/.local/lib/python3.12/site-packages/airflow/example_dags/example_latest_only_with_trigger.py took 0.068 seconds
[2024-06-14T12:09:33.460+0000] {processor.py:161} INFO - Started process (PID=403) to work on /home/airflow/.local/lib/python3.12/site-packages/airflow/example_dags/example_latest_only_with_trigger.py
[2024-06-14T12:09:33.461+0000] {processor.py:830} INFO - Processing file /home/airflow/.local/lib/python3.12/site-packages/airflow/example_dags/example_latest_only_with_trigger.py for tasks to queue
[2024-06-14T12:09:33.464+0000] {logging_mixin.py:188} INFO - [2024-06-14T12:09:33.464+0000] {dagbag.py:545} INFO - Filling up the DagBag from /home/airflow/.local/lib/python3.12/site-packages/airflow/example_dags/example_latest_only_with_trigger.py
[2024-06-14T12:09:33.470+0000] {processor.py:840} INFO - DAG(s) 'latest_only_with_trigger' retrieved from /home/airflow/.local/lib/python3.12/site-packages/airflow/example_dags/example_latest_only_with_trigger.py
[2024-06-14T12:09:33.493+0000] {logging_mixin.py:188} INFO - [2024-06-14T12:09:33.492+0000] {dag.py:3096} INFO - Sync 1 DAGs
[2024-06-14T12:09:33.518+0000] {logging_mixin.py:188} INFO - [2024-06-14T12:09:33.518+0000] {dag.py:3954} INFO - Setting next_dagrun for latest_only_with_trigger to 2024-06-14 08:00:00+00:00, run_after=2024-06-14 12:00:00+00:00
[2024-06-14T12:09:33.541+0000] {processor.py:183} INFO - Processing /home/airflow/.local/lib/python3.12/site-packages/airflow/example_dags/example_latest_only_with_trigger.py took 0.088 seconds
[2024-06-14T12:10:03.624+0000] {processor.py:161} INFO - Started process (PID=461) to work on /home/airflow/.local/lib/python3.12/site-packages/airflow/example_dags/example_latest_only_with_trigger.py
[2024-06-14T12:10:03.625+0000] {processor.py:830} INFO - Processing file /home/airflow/.local/lib/python3.12/site-packages/airflow/example_dags/example_latest_only_with_trigger.py for tasks to queue
[2024-06-14T12:10:03.626+0000] {logging_mixin.py:188} INFO - [2024-06-14T12:10:03.626+0000] {dagbag.py:545} INFO - Filling up the DagBag from /home/airflow/.local/lib/python3.12/site-packages/airflow/example_dags/example_latest_only_with_trigger.py
[2024-06-14T12:10:03.631+0000] {processor.py:840} INFO - DAG(s) 'latest_only_with_trigger' retrieved from /home/airflow/.local/lib/python3.12/site-packages/airflow/example_dags/example_latest_only_with_trigger.py
[2024-06-14T12:10:03.647+0000] {logging_mixin.py:188} INFO - [2024-06-14T12:10:03.646+0000] {dag.py:3096} INFO - Sync 1 DAGs
[2024-06-14T12:10:03.664+0000] {logging_mixin.py:188} INFO - [2024-06-14T12:10:03.664+0000] {dag.py:3954} INFO - Setting next_dagrun for latest_only_with_trigger to 2024-06-14 08:00:00+00:00, run_after=2024-06-14 12:00:00+00:00
[2024-06-14T12:10:03.679+0000] {processor.py:183} INFO - Processing /home/airflow/.local/lib/python3.12/site-packages/airflow/example_dags/example_latest_only_with_trigger.py took 0.059 seconds
[2024-06-14T12:10:33.825+0000] {processor.py:161} INFO - Started process (PID=519) to work on /home/airflow/.local/lib/python3.12/site-packages/airflow/example_dags/example_latest_only_with_trigger.py
[2024-06-14T12:10:33.826+0000] {processor.py:830} INFO - Processing file /home/airflow/.local/lib/python3.12/site-packages/airflow/example_dags/example_latest_only_with_trigger.py for tasks to queue
[2024-06-14T12:10:33.827+0000] {logging_mixin.py:188} INFO - [2024-06-14T12:10:33.827+0000] {dagbag.py:545} INFO - Filling up the DagBag from /home/airflow/.local/lib/python3.12/site-packages/airflow/example_dags/example_latest_only_with_trigger.py
[2024-06-14T12:10:33.832+0000] {processor.py:840} INFO - DAG(s) 'latest_only_with_trigger' retrieved from /home/airflow/.local/lib/python3.12/site-packages/airflow/example_dags/example_latest_only_with_trigger.py
[2024-06-14T12:10:33.847+0000] {logging_mixin.py:188} INFO - [2024-06-14T12:10:33.847+0000] {dag.py:3096} INFO - Sync 1 DAGs
[2024-06-14T12:10:33.864+0000] {logging_mixin.py:188} INFO - [2024-06-14T12:10:33.864+0000] {dag.py:3954} INFO - Setting next_dagrun for latest_only_with_trigger to 2024-06-14 08:00:00+00:00, run_after=2024-06-14 12:00:00+00:00
[2024-06-14T12:10:33.880+0000] {processor.py:183} INFO - Processing /home/airflow/.local/lib/python3.12/site-packages/airflow/example_dags/example_latest_only_with_trigger.py took 0.060 seconds
[2024-06-14T12:11:04.048+0000] {processor.py:161} INFO - Started process (PID=584) to work on /home/airflow/.local/lib/python3.12/site-packages/airflow/example_dags/example_latest_only_with_trigger.py
[2024-06-14T12:11:04.049+0000] {processor.py:830} INFO - Processing file /home/airflow/.local/lib/python3.12/site-packages/airflow/example_dags/example_latest_only_with_trigger.py for tasks to queue
[2024-06-14T12:11:04.051+0000] {logging_mixin.py:188} INFO - [2024-06-14T12:11:04.051+0000] {dagbag.py:545} INFO - Filling up the DagBag from /home/airflow/.local/lib/python3.12/site-packages/airflow/example_dags/example_latest_only_with_trigger.py
[2024-06-14T12:11:04.056+0000] {processor.py:840} INFO - DAG(s) 'latest_only_with_trigger' retrieved from /home/airflow/.local/lib/python3.12/site-packages/airflow/example_dags/example_latest_only_with_trigger.py
[2024-06-14T12:11:04.073+0000] {logging_mixin.py:188} INFO - [2024-06-14T12:11:04.073+0000] {dag.py:3096} INFO - Sync 1 DAGs
[2024-06-14T12:11:04.090+0000] {logging_mixin.py:188} INFO - [2024-06-14T12:11:04.090+0000] {dag.py:3954} INFO - Setting next_dagrun for latest_only_with_trigger to 2024-06-14 08:00:00+00:00, run_after=2024-06-14 12:00:00+00:00
[2024-06-14T12:11:04.105+0000] {processor.py:183} INFO - Processing /home/airflow/.local/lib/python3.12/site-packages/airflow/example_dags/example_latest_only_with_trigger.py took 0.063 seconds
[2024-06-14T12:11:34.254+0000] {processor.py:161} INFO - Started process (PID=642) to work on /home/airflow/.local/lib/python3.12/site-packages/airflow/example_dags/example_latest_only_with_trigger.py
[2024-06-14T12:11:34.255+0000] {processor.py:830} INFO - Processing file /home/airflow/.local/lib/python3.12/site-packages/airflow/example_dags/example_latest_only_with_trigger.py for tasks to queue
[2024-06-14T12:11:34.256+0000] {logging_mixin.py:188} INFO - [2024-06-14T12:11:34.256+0000] {dagbag.py:545} INFO - Filling up the DagBag from /home/airflow/.local/lib/python3.12/site-packages/airflow/example_dags/example_latest_only_with_trigger.py
[2024-06-14T12:11:34.261+0000] {processor.py:840} INFO - DAG(s) 'latest_only_with_trigger' retrieved from /home/airflow/.local/lib/python3.12/site-packages/airflow/example_dags/example_latest_only_with_trigger.py
[2024-06-14T12:11:34.279+0000] {logging_mixin.py:188} INFO - [2024-06-14T12:11:34.278+0000] {dag.py:3096} INFO - Sync 1 DAGs
[2024-06-14T12:11:34.298+0000] {logging_mixin.py:188} INFO - [2024-06-14T12:11:34.298+0000] {dag.py:3954} INFO - Setting next_dagrun for latest_only_with_trigger to 2024-06-14 08:00:00+00:00, run_after=2024-06-14 12:00:00+00:00
[2024-06-14T12:11:34.316+0000] {processor.py:183} INFO - Processing /home/airflow/.local/lib/python3.12/site-packages/airflow/example_dags/example_latest_only_with_trigger.py took 0.066 seconds
[2024-06-14T12:12:04.462+0000] {processor.py:161} INFO - Started process (PID=700) to work on /home/airflow/.local/lib/python3.12/site-packages/airflow/example_dags/example_latest_only_with_trigger.py
[2024-06-14T12:12:04.462+0000] {processor.py:830} INFO - Processing file /home/airflow/.local/lib/python3.12/site-packages/airflow/example_dags/example_latest_only_with_trigger.py for tasks to queue
[2024-06-14T12:12:04.464+0000] {logging_mixin.py:188} INFO - [2024-06-14T12:12:04.463+0000] {dagbag.py:545} INFO - Filling up the DagBag from /home/airflow/.local/lib/python3.12/site-packages/airflow/example_dags/example_latest_only_with_trigger.py
[2024-06-14T12:12:04.468+0000] {processor.py:840} INFO - DAG(s) 'latest_only_with_trigger' retrieved from /home/airflow/.local/lib/python3.12/site-packages/airflow/example_dags/example_latest_only_with_trigger.py
[2024-06-14T12:12:04.485+0000] {logging_mixin.py:188} INFO - [2024-06-14T12:12:04.485+0000] {dag.py:3096} INFO - Sync 1 DAGs
[2024-06-14T12:12:04.501+0000] {logging_mixin.py:188} INFO - [2024-06-14T12:12:04.501+0000] {dag.py:3954} INFO - Setting next_dagrun for latest_only_with_trigger to 2024-06-14 08:00:00+00:00, run_after=2024-06-14 12:00:00+00:00
[2024-06-14T12:12:04.514+0000] {processor.py:183} INFO - Processing /home/airflow/.local/lib/python3.12/site-packages/airflow/example_dags/example_latest_only_with_trigger.py took 0.058 seconds
[2024-06-14T12:12:34.630+0000] {processor.py:161} INFO - Started process (PID=758) to work on /home/airflow/.local/lib/python3.12/site-packages/airflow/example_dags/example_latest_only_with_trigger.py
[2024-06-14T12:12:34.631+0000] {processor.py:830} INFO - Processing file /home/airflow/.local/lib/python3.12/site-packages/airflow/example_dags/example_latest_only_with_trigger.py for tasks to queue
[2024-06-14T12:12:34.632+0000] {logging_mixin.py:188} INFO - [2024-06-14T12:12:34.632+0000] {dagbag.py:545} INFO - Filling up the DagBag from /home/airflow/.local/lib/python3.12/site-packages/airflow/example_dags/example_latest_only_with_trigger.py
[2024-06-14T12:12:34.637+0000] {processor.py:840} INFO - DAG(s) 'latest_only_with_trigger' retrieved from /home/airflow/.local/lib/python3.12/site-packages/airflow/example_dags/example_latest_only_with_trigger.py
[2024-06-14T12:12:34.654+0000] {logging_mixin.py:188} INFO - [2024-06-14T12:12:34.654+0000] {dag.py:3096} INFO - Sync 1 DAGs
[2024-06-14T12:12:34.673+0000] {logging_mixin.py:188} INFO - [2024-06-14T12:12:34.673+0000] {dag.py:3954} INFO - Setting next_dagrun for latest_only_with_trigger to 2024-06-14 08:00:00+00:00, run_after=2024-06-14 12:00:00+00:00
[2024-06-14T12:12:34.698+0000] {processor.py:183} INFO - Processing /home/airflow/.local/lib/python3.12/site-packages/airflow/example_dags/example_latest_only_with_trigger.py took 0.074 seconds
[2024-06-14T12:13:04.778+0000] {processor.py:161} INFO - Started process (PID=816) to work on /home/airflow/.local/lib/python3.12/site-packages/airflow/example_dags/example_latest_only_with_trigger.py
[2024-06-14T12:13:04.779+0000] {processor.py:830} INFO - Processing file /home/airflow/.local/lib/python3.12/site-packages/airflow/example_dags/example_latest_only_with_trigger.py for tasks to queue
[2024-06-14T12:13:04.781+0000] {logging_mixin.py:188} INFO - [2024-06-14T12:13:04.780+0000] {dagbag.py:545} INFO - Filling up the DagBag from /home/airflow/.local/lib/python3.12/site-packages/airflow/example_dags/example_latest_only_with_trigger.py
[2024-06-14T12:13:04.786+0000] {processor.py:840} INFO - DAG(s) 'latest_only_with_trigger' retrieved from /home/airflow/.local/lib/python3.12/site-packages/airflow/example_dags/example_latest_only_with_trigger.py
[2024-06-14T12:13:04.803+0000] {logging_mixin.py:188} INFO - [2024-06-14T12:13:04.802+0000] {dag.py:3096} INFO - Sync 1 DAGs
[2024-06-14T12:13:04.820+0000] {logging_mixin.py:188} INFO - [2024-06-14T12:13:04.820+0000] {dag.py:3954} INFO - Setting next_dagrun for latest_only_with_trigger to 2024-06-14 08:00:00+00:00, run_after=2024-06-14 12:00:00+00:00
[2024-06-14T12:13:04.836+0000] {processor.py:183} INFO - Processing /home/airflow/.local/lib/python3.12/site-packages/airflow/example_dags/example_latest_only_with_trigger.py took 0.062 seconds
[2024-06-14T12:13:35.179+0000] {processor.py:161} INFO - Started process (PID=874) to work on /home/airflow/.local/lib/python3.12/site-packages/airflow/example_dags/example_latest_only_with_trigger.py
[2024-06-14T12:13:35.180+0000] {processor.py:830} INFO - Processing file /home/airflow/.local/lib/python3.12/site-packages/airflow/example_dags/example_latest_only_with_trigger.py for tasks to queue
[2024-06-14T12:13:35.181+0000] {logging_mixin.py:188} INFO - [2024-06-14T12:13:35.181+0000] {dagbag.py:545} INFO - Filling up the DagBag from /home/airflow/.local/lib/python3.12/site-packages/airflow/example_dags/example_latest_only_with_trigger.py
[2024-06-14T12:13:35.185+0000] {processor.py:840} INFO - DAG(s) 'latest_only_with_trigger' retrieved from /home/airflow/.local/lib/python3.12/site-packages/airflow/example_dags/example_latest_only_with_trigger.py
[2024-06-14T12:13:35.204+0000] {logging_mixin.py:188} INFO - [2024-06-14T12:13:35.203+0000] {dag.py:3096} INFO - Sync 1 DAGs
[2024-06-14T12:13:35.224+0000] {logging_mixin.py:188} INFO - [2024-06-14T12:13:35.224+0000] {dag.py:3954} INFO - Setting next_dagrun for latest_only_with_trigger to 2024-06-14 08:00:00+00:00, run_after=2024-06-14 12:00:00+00:00
[2024-06-14T12:13:35.241+0000] {processor.py:183} INFO - Processing /home/airflow/.local/lib/python3.12/site-packages/airflow/example_dags/example_latest_only_with_trigger.py took 0.067 seconds
[2024-06-14T12:14:05.650+0000] {processor.py:161} INFO - Started process (PID=932) to work on /home/airflow/.local/lib/python3.12/site-packages/airflow/example_dags/example_latest_only_with_trigger.py
[2024-06-14T12:14:05.651+0000] {processor.py:830} INFO - Processing file /home/airflow/.local/lib/python3.12/site-packages/airflow/example_dags/example_latest_only_with_trigger.py for tasks to queue
[2024-06-14T12:14:05.653+0000] {logging_mixin.py:188} INFO - [2024-06-14T12:14:05.653+0000] {dagbag.py:545} INFO - Filling up the DagBag from /home/airflow/.local/lib/python3.12/site-packages/airflow/example_dags/example_latest_only_with_trigger.py
[2024-06-14T12:14:05.658+0000] {processor.py:840} INFO - DAG(s) 'latest_only_with_trigger' retrieved from /home/airflow/.local/lib/python3.12/site-packages/airflow/example_dags/example_latest_only_with_trigger.py
[2024-06-14T12:14:05.676+0000] {logging_mixin.py:188} INFO - [2024-06-14T12:14:05.676+0000] {dag.py:3096} INFO - Sync 1 DAGs
[2024-06-14T12:14:05.696+0000] {logging_mixin.py:188} INFO - [2024-06-14T12:14:05.695+0000] {dag.py:3954} INFO - Setting next_dagrun for latest_only_with_trigger to 2024-06-14 08:00:00+00:00, run_after=2024-06-14 12:00:00+00:00
[2024-06-14T12:14:05.715+0000] {processor.py:183} INFO - Processing /home/airflow/.local/lib/python3.12/site-packages/airflow/example_dags/example_latest_only_with_trigger.py took 0.071 seconds
[2024-06-14T12:14:35.974+0000] {processor.py:161} INFO - Started process (PID=990) to work on /home/airflow/.local/lib/python3.12/site-packages/airflow/example_dags/example_latest_only_with_trigger.py
[2024-06-14T12:14:35.975+0000] {processor.py:830} INFO - Processing file /home/airflow/.local/lib/python3.12/site-packages/airflow/example_dags/example_latest_only_with_trigger.py for tasks to queue
[2024-06-14T12:14:35.977+0000] {logging_mixin.py:188} INFO - [2024-06-14T12:14:35.976+0000] {dagbag.py:545} INFO - Filling up the DagBag from /home/airflow/.local/lib/python3.12/site-packages/airflow/example_dags/example_latest_only_with_trigger.py
[2024-06-14T12:14:35.981+0000] {processor.py:840} INFO - DAG(s) 'latest_only_with_trigger' retrieved from /home/airflow/.local/lib/python3.12/site-packages/airflow/example_dags/example_latest_only_with_trigger.py
[2024-06-14T12:14:35.997+0000] {logging_mixin.py:188} INFO - [2024-06-14T12:14:35.996+0000] {dag.py:3096} INFO - Sync 1 DAGs
[2024-06-14T12:14:36.015+0000] {logging_mixin.py:188} INFO - [2024-06-14T12:14:36.015+0000] {dag.py:3954} INFO - Setting next_dagrun for latest_only_with_trigger to 2024-06-14 08:00:00+00:00, run_after=2024-06-14 12:00:00+00:00
[2024-06-14T12:14:36.033+0000] {processor.py:183} INFO - Processing /home/airflow/.local/lib/python3.12/site-packages/airflow/example_dags/example_latest_only_with_trigger.py took 0.063 seconds
[2024-06-14T12:15:06.323+0000] {processor.py:161} INFO - Started process (PID=1048) to work on /home/airflow/.local/lib/python3.12/site-packages/airflow/example_dags/example_latest_only_with_trigger.py
[2024-06-14T12:15:06.323+0000] {processor.py:830} INFO - Processing file /home/airflow/.local/lib/python3.12/site-packages/airflow/example_dags/example_latest_only_with_trigger.py for tasks to queue
[2024-06-14T12:15:06.325+0000] {logging_mixin.py:188} INFO - [2024-06-14T12:15:06.324+0000] {dagbag.py:545} INFO - Filling up the DagBag from /home/airflow/.local/lib/python3.12/site-packages/airflow/example_dags/example_latest_only_with_trigger.py
[2024-06-14T12:15:06.330+0000] {processor.py:840} INFO - DAG(s) 'latest_only_with_trigger' retrieved from /home/airflow/.local/lib/python3.12/site-packages/airflow/example_dags/example_latest_only_with_trigger.py
[2024-06-14T12:15:06.344+0000] {logging_mixin.py:188} INFO - [2024-06-14T12:15:06.344+0000] {dag.py:3096} INFO - Sync 1 DAGs
[2024-06-14T12:15:06.361+0000] {logging_mixin.py:188} INFO - [2024-06-14T12:15:06.361+0000] {dag.py:3954} INFO - Setting next_dagrun for latest_only_with_trigger to 2024-06-14 08:00:00+00:00, run_after=2024-06-14 12:00:00+00:00
[2024-06-14T12:15:06.376+0000] {processor.py:183} INFO - Processing /home/airflow/.local/lib/python3.12/site-packages/airflow/example_dags/example_latest_only_with_trigger.py took 0.057 seconds
[2024-06-14T12:15:36.558+0000] {processor.py:161} INFO - Started process (PID=1106) to work on /home/airflow/.local/lib/python3.12/site-packages/airflow/example_dags/example_latest_only_with_trigger.py
[2024-06-14T12:15:36.559+0000] {processor.py:830} INFO - Processing file /home/airflow/.local/lib/python3.12/site-packages/airflow/example_dags/example_latest_only_with_trigger.py for tasks to queue
[2024-06-14T12:15:36.560+0000] {logging_mixin.py:188} INFO - [2024-06-14T12:15:36.560+0000] {dagbag.py:545} INFO - Filling up the DagBag from /home/airflow/.local/lib/python3.12/site-packages/airflow/example_dags/example_latest_only_with_trigger.py
[2024-06-14T12:15:36.564+0000] {processor.py:840} INFO - DAG(s) 'latest_only_with_trigger' retrieved from /home/airflow/.local/lib/python3.12/site-packages/airflow/example_dags/example_latest_only_with_trigger.py
[2024-06-14T12:15:36.581+0000] {logging_mixin.py:188} INFO - [2024-06-14T12:15:36.581+0000] {dag.py:3096} INFO - Sync 1 DAGs
[2024-06-14T12:15:36.596+0000] {logging_mixin.py:188} INFO - [2024-06-14T12:15:36.596+0000] {dag.py:3954} INFO - Setting next_dagrun for latest_only_with_trigger to 2024-06-14 08:00:00+00:00, run_after=2024-06-14 12:00:00+00:00
[2024-06-14T12:15:36.609+0000] {processor.py:183} INFO - Processing /home/airflow/.local/lib/python3.12/site-packages/airflow/example_dags/example_latest_only_with_trigger.py took 0.055 seconds
[2024-06-14T12:16:06.892+0000] {processor.py:161} INFO - Started process (PID=1164) to work on /home/airflow/.local/lib/python3.12/site-packages/airflow/example_dags/example_latest_only_with_trigger.py
[2024-06-14T12:16:06.893+0000] {processor.py:830} INFO - Processing file /home/airflow/.local/lib/python3.12/site-packages/airflow/example_dags/example_latest_only_with_trigger.py for tasks to queue
[2024-06-14T12:16:06.894+0000] {logging_mixin.py:188} INFO - [2024-06-14T12:16:06.894+0000] {dagbag.py:545} INFO - Filling up the DagBag from /home/airflow/.local/lib/python3.12/site-packages/airflow/example_dags/example_latest_only_with_trigger.py
[2024-06-14T12:16:06.899+0000] {processor.py:840} INFO - DAG(s) 'latest_only_with_trigger' retrieved from /home/airflow/.local/lib/python3.12/site-packages/airflow/example_dags/example_latest_only_with_trigger.py
[2024-06-14T12:16:06.913+0000] {logging_mixin.py:188} INFO - [2024-06-14T12:16:06.913+0000] {dag.py:3096} INFO - Sync 1 DAGs
[2024-06-14T12:16:06.928+0000] {logging_mixin.py:188} INFO - [2024-06-14T12:16:06.928+0000] {dag.py:3954} INFO - Setting next_dagrun for latest_only_with_trigger to 2024-06-14 08:00:00+00:00, run_after=2024-06-14 12:00:00+00:00
[2024-06-14T12:16:06.941+0000] {processor.py:183} INFO - Processing /home/airflow/.local/lib/python3.12/site-packages/airflow/example_dags/example_latest_only_with_trigger.py took 0.053 seconds
[2024-06-14T12:16:37.224+0000] {processor.py:161} INFO - Started process (PID=1222) to work on /home/airflow/.local/lib/python3.12/site-packages/airflow/example_dags/example_latest_only_with_trigger.py
[2024-06-14T12:16:37.225+0000] {processor.py:830} INFO - Processing file /home/airflow/.local/lib/python3.12/site-packages/airflow/example_dags/example_latest_only_with_trigger.py for tasks to queue
[2024-06-14T12:16:37.226+0000] {logging_mixin.py:188} INFO - [2024-06-14T12:16:37.226+0000] {dagbag.py:545} INFO - Filling up the DagBag from /home/airflow/.local/lib/python3.12/site-packages/airflow/example_dags/example_latest_only_with_trigger.py
[2024-06-14T12:16:37.230+0000] {processor.py:840} INFO - DAG(s) 'latest_only_with_trigger' retrieved from /home/airflow/.local/lib/python3.12/site-packages/airflow/example_dags/example_latest_only_with_trigger.py
[2024-06-14T12:16:37.243+0000] {logging_mixin.py:188} INFO - [2024-06-14T12:16:37.243+0000] {dag.py:3096} INFO - Sync 1 DAGs
[2024-06-14T12:16:37.259+0000] {logging_mixin.py:188} INFO - [2024-06-14T12:16:37.259+0000] {dag.py:3954} INFO - Setting next_dagrun for latest_only_with_trigger to 2024-06-14 08:00:00+00:00, run_after=2024-06-14 12:00:00+00:00
[2024-06-14T12:16:37.271+0000] {processor.py:183} INFO - Processing /home/airflow/.local/lib/python3.12/site-packages/airflow/example_dags/example_latest_only_with_trigger.py took 0.051 seconds
[2024-06-14T12:17:07.556+0000] {processor.py:161} INFO - Started process (PID=1280) to work on /home/airflow/.local/lib/python3.12/site-packages/airflow/example_dags/example_latest_only_with_trigger.py
[2024-06-14T12:17:07.557+0000] {processor.py:830} INFO - Processing file /home/airflow/.local/lib/python3.12/site-packages/airflow/example_dags/example_latest_only_with_trigger.py for tasks to queue
[2024-06-14T12:17:07.558+0000] {logging_mixin.py:188} INFO - [2024-06-14T12:17:07.558+0000] {dagbag.py:545} INFO - Filling up the DagBag from /home/airflow/.local/lib/python3.12/site-packages/airflow/example_dags/example_latest_only_with_trigger.py
[2024-06-14T12:17:07.563+0000] {processor.py:840} INFO - DAG(s) 'latest_only_with_trigger' retrieved from /home/airflow/.local/lib/python3.12/site-packages/airflow/example_dags/example_latest_only_with_trigger.py
[2024-06-14T12:17:07.576+0000] {logging_mixin.py:188} INFO - [2024-06-14T12:17:07.576+0000] {dag.py:3096} INFO - Sync 1 DAGs
[2024-06-14T12:17:07.594+0000] {logging_mixin.py:188} INFO - [2024-06-14T12:17:07.594+0000] {dag.py:3954} INFO - Setting next_dagrun for latest_only_with_trigger to 2024-06-14 08:00:00+00:00, run_after=2024-06-14 12:00:00+00:00
[2024-06-14T12:17:07.607+0000] {processor.py:183} INFO - Processing /home/airflow/.local/lib/python3.12/site-packages/airflow/example_dags/example_latest_only_with_trigger.py took 0.055 seconds
[2024-06-14T12:17:37.921+0000] {processor.py:161} INFO - Started process (PID=1338) to work on /home/airflow/.local/lib/python3.12/site-packages/airflow/example_dags/example_latest_only_with_trigger.py
[2024-06-14T12:17:37.922+0000] {processor.py:830} INFO - Processing file /home/airflow/.local/lib/python3.12/site-packages/airflow/example_dags/example_latest_only_with_trigger.py for tasks to queue
[2024-06-14T12:17:37.923+0000] {logging_mixin.py:188} INFO - [2024-06-14T12:17:37.923+0000] {dagbag.py:545} INFO - Filling up the DagBag from /home/airflow/.local/lib/python3.12/site-packages/airflow/example_dags/example_latest_only_with_trigger.py
[2024-06-14T12:17:37.927+0000] {processor.py:840} INFO - DAG(s) 'latest_only_with_trigger' retrieved from /home/airflow/.local/lib/python3.12/site-packages/airflow/example_dags/example_latest_only_with_trigger.py
[2024-06-14T12:17:37.943+0000] {logging_mixin.py:188} INFO - [2024-06-14T12:17:37.943+0000] {dag.py:3096} INFO - Sync 1 DAGs
[2024-06-14T12:17:37.959+0000] {logging_mixin.py:188} INFO - [2024-06-14T12:17:37.959+0000] {dag.py:3954} INFO - Setting next_dagrun for latest_only_with_trigger to 2024-06-14 08:00:00+00:00, run_after=2024-06-14 12:00:00+00:00
[2024-06-14T12:17:37.972+0000] {processor.py:183} INFO - Processing /home/airflow/.local/lib/python3.12/site-packages/airflow/example_dags/example_latest_only_with_trigger.py took 0.054 seconds
[2024-06-14T12:18:41.437+0000] {processor.py:161} INFO - Started process (PID=49) to work on /home/airflow/.local/lib/python3.12/site-packages/airflow/example_dags/example_latest_only_with_trigger.py
[2024-06-14T12:18:41.438+0000] {processor.py:830} INFO - Processing file /home/airflow/.local/lib/python3.12/site-packages/airflow/example_dags/example_latest_only_with_trigger.py for tasks to queue
[2024-06-14T12:18:41.440+0000] {logging_mixin.py:188} INFO - [2024-06-14T12:18:41.439+0000] {dagbag.py:545} INFO - Filling up the DagBag from /home/airflow/.local/lib/python3.12/site-packages/airflow/example_dags/example_latest_only_with_trigger.py
[2024-06-14T12:18:41.445+0000] {processor.py:840} INFO - DAG(s) 'latest_only_with_trigger' retrieved from /home/airflow/.local/lib/python3.12/site-packages/airflow/example_dags/example_latest_only_with_trigger.py
[2024-06-14T12:18:41.456+0000] {logging_mixin.py:188} INFO - [2024-06-14T12:18:41.455+0000] {dag.py:3096} INFO - Sync 1 DAGs
[2024-06-14T12:18:41.477+0000] {logging_mixin.py:188} INFO - [2024-06-14T12:18:41.477+0000] {dag.py:3954} INFO - Setting next_dagrun for latest_only_with_trigger to 2024-06-14 08:00:00+00:00, run_after=2024-06-14 12:00:00+00:00
[2024-06-14T12:18:41.496+0000] {processor.py:183} INFO - Processing /home/airflow/.local/lib/python3.12/site-packages/airflow/example_dags/example_latest_only_with_trigger.py took 0.065 seconds
[2024-06-14T12:19:12.661+0000] {processor.py:161} INFO - Started process (PID=107) to work on /home/airflow/.local/lib/python3.12/site-packages/airflow/example_dags/example_latest_only_with_trigger.py
[2024-06-14T12:19:12.662+0000] {processor.py:830} INFO - Processing file /home/airflow/.local/lib/python3.12/site-packages/airflow/example_dags/example_latest_only_with_trigger.py for tasks to queue
[2024-06-14T12:19:12.663+0000] {logging_mixin.py:188} INFO - [2024-06-14T12:19:12.663+0000] {dagbag.py:545} INFO - Filling up the DagBag from /home/airflow/.local/lib/python3.12/site-packages/airflow/example_dags/example_latest_only_with_trigger.py
[2024-06-14T12:19:12.667+0000] {processor.py:840} INFO - DAG(s) 'latest_only_with_trigger' retrieved from /home/airflow/.local/lib/python3.12/site-packages/airflow/example_dags/example_latest_only_with_trigger.py
[2024-06-14T12:19:12.756+0000] {logging_mixin.py:188} INFO - [2024-06-14T12:19:12.755+0000] {dag.py:3096} INFO - Sync 1 DAGs
[2024-06-14T12:19:12.771+0000] {logging_mixin.py:188} INFO - [2024-06-14T12:19:12.771+0000] {dag.py:3954} INFO - Setting next_dagrun for latest_only_with_trigger to 2024-06-14 08:00:00+00:00, run_after=2024-06-14 12:00:00+00:00
[2024-06-14T12:19:12.789+0000] {processor.py:183} INFO - Processing /home/airflow/.local/lib/python3.12/site-packages/airflow/example_dags/example_latest_only_with_trigger.py took 0.132 seconds
[2024-06-14T12:19:43.667+0000] {processor.py:161} INFO - Started process (PID=165) to work on /home/airflow/.local/lib/python3.12/site-packages/airflow/example_dags/example_latest_only_with_trigger.py
[2024-06-14T12:19:43.668+0000] {processor.py:830} INFO - Processing file /home/airflow/.local/lib/python3.12/site-packages/airflow/example_dags/example_latest_only_with_trigger.py for tasks to queue
[2024-06-14T12:19:43.669+0000] {logging_mixin.py:188} INFO - [2024-06-14T12:19:43.669+0000] {dagbag.py:545} INFO - Filling up the DagBag from /home/airflow/.local/lib/python3.12/site-packages/airflow/example_dags/example_latest_only_with_trigger.py
[2024-06-14T12:19:43.675+0000] {processor.py:840} INFO - DAG(s) 'latest_only_with_trigger' retrieved from /home/airflow/.local/lib/python3.12/site-packages/airflow/example_dags/example_latest_only_with_trigger.py
[2024-06-14T12:19:43.690+0000] {logging_mixin.py:188} INFO - [2024-06-14T12:19:43.689+0000] {dag.py:3096} INFO - Sync 1 DAGs
[2024-06-14T12:19:43.708+0000] {logging_mixin.py:188} INFO - [2024-06-14T12:19:43.708+0000] {dag.py:3954} INFO - Setting next_dagrun for latest_only_with_trigger to 2024-06-14 08:00:00+00:00, run_after=2024-06-14 12:00:00+00:00
[2024-06-14T12:19:43.728+0000] {processor.py:183} INFO - Processing /home/airflow/.local/lib/python3.12/site-packages/airflow/example_dags/example_latest_only_with_trigger.py took 0.065 seconds
[2024-06-14T12:20:14.107+0000] {processor.py:161} INFO - Started process (PID=223) to work on /home/airflow/.local/lib/python3.12/site-packages/airflow/example_dags/example_latest_only_with_trigger.py
[2024-06-14T12:20:14.107+0000] {processor.py:830} INFO - Processing file /home/airflow/.local/lib/python3.12/site-packages/airflow/example_dags/example_latest_only_with_trigger.py for tasks to queue
[2024-06-14T12:20:14.109+0000] {logging_mixin.py:188} INFO - [2024-06-14T12:20:14.109+0000] {dagbag.py:545} INFO - Filling up the DagBag from /home/airflow/.local/lib/python3.12/site-packages/airflow/example_dags/example_latest_only_with_trigger.py
[2024-06-14T12:20:14.113+0000] {processor.py:840} INFO - DAG(s) 'latest_only_with_trigger' retrieved from /home/airflow/.local/lib/python3.12/site-packages/airflow/example_dags/example_latest_only_with_trigger.py
[2024-06-14T12:20:14.129+0000] {logging_mixin.py:188} INFO - [2024-06-14T12:20:14.129+0000] {dag.py:3096} INFO - Sync 1 DAGs
[2024-06-14T12:20:14.147+0000] {logging_mixin.py:188} INFO - [2024-06-14T12:20:14.147+0000] {dag.py:3954} INFO - Setting next_dagrun for latest_only_with_trigger to 2024-06-14 08:00:00+00:00, run_after=2024-06-14 12:00:00+00:00
[2024-06-14T12:20:14.163+0000] {processor.py:183} INFO - Processing /home/airflow/.local/lib/python3.12/site-packages/airflow/example_dags/example_latest_only_with_trigger.py took 0.060 seconds
[2024-06-14T12:20:44.540+0000] {processor.py:161} INFO - Started process (PID=281) to work on /home/airflow/.local/lib/python3.12/site-packages/airflow/example_dags/example_latest_only_with_trigger.py
[2024-06-14T12:20:44.541+0000] {processor.py:830} INFO - Processing file /home/airflow/.local/lib/python3.12/site-packages/airflow/example_dags/example_latest_only_with_trigger.py for tasks to queue
[2024-06-14T12:20:44.542+0000] {logging_mixin.py:188} INFO - [2024-06-14T12:20:44.542+0000] {dagbag.py:545} INFO - Filling up the DagBag from /home/airflow/.local/lib/python3.12/site-packages/airflow/example_dags/example_latest_only_with_trigger.py
[2024-06-14T12:20:44.547+0000] {processor.py:840} INFO - DAG(s) 'latest_only_with_trigger' retrieved from /home/airflow/.local/lib/python3.12/site-packages/airflow/example_dags/example_latest_only_with_trigger.py
[2024-06-14T12:20:44.566+0000] {logging_mixin.py:188} INFO - [2024-06-14T12:20:44.566+0000] {dag.py:3096} INFO - Sync 1 DAGs
[2024-06-14T12:20:44.585+0000] {logging_mixin.py:188} INFO - [2024-06-14T12:20:44.585+0000] {dag.py:3954} INFO - Setting next_dagrun for latest_only_with_trigger to 2024-06-14 08:00:00+00:00, run_after=2024-06-14 12:00:00+00:00
[2024-06-14T12:20:44.601+0000] {processor.py:183} INFO - Processing /home/airflow/.local/lib/python3.12/site-packages/airflow/example_dags/example_latest_only_with_trigger.py took 0.065 seconds
[2024-06-14T12:21:14.833+0000] {processor.py:161} INFO - Started process (PID=339) to work on /home/airflow/.local/lib/python3.12/site-packages/airflow/example_dags/example_latest_only_with_trigger.py
[2024-06-14T12:21:14.833+0000] {processor.py:830} INFO - Processing file /home/airflow/.local/lib/python3.12/site-packages/airflow/example_dags/example_latest_only_with_trigger.py for tasks to queue
[2024-06-14T12:21:14.835+0000] {logging_mixin.py:188} INFO - [2024-06-14T12:21:14.834+0000] {dagbag.py:545} INFO - Filling up the DagBag from /home/airflow/.local/lib/python3.12/site-packages/airflow/example_dags/example_latest_only_with_trigger.py
[2024-06-14T12:21:14.840+0000] {processor.py:840} INFO - DAG(s) 'latest_only_with_trigger' retrieved from /home/airflow/.local/lib/python3.12/site-packages/airflow/example_dags/example_latest_only_with_trigger.py
[2024-06-14T12:21:14.856+0000] {logging_mixin.py:188} INFO - [2024-06-14T12:21:14.856+0000] {dag.py:3096} INFO - Sync 1 DAGs
[2024-06-14T12:21:14.874+0000] {logging_mixin.py:188} INFO - [2024-06-14T12:21:14.874+0000] {dag.py:3954} INFO - Setting next_dagrun for latest_only_with_trigger to 2024-06-14 08:00:00+00:00, run_after=2024-06-14 12:00:00+00:00
[2024-06-14T12:21:14.891+0000] {processor.py:183} INFO - Processing /home/airflow/.local/lib/python3.12/site-packages/airflow/example_dags/example_latest_only_with_trigger.py took 0.063 seconds
[2024-06-14T12:21:44.931+0000] {processor.py:161} INFO - Started process (PID=396) to work on /home/airflow/.local/lib/python3.12/site-packages/airflow/example_dags/example_latest_only_with_trigger.py
[2024-06-14T12:21:44.932+0000] {processor.py:830} INFO - Processing file /home/airflow/.local/lib/python3.12/site-packages/airflow/example_dags/example_latest_only_with_trigger.py for tasks to queue
[2024-06-14T12:21:44.934+0000] {logging_mixin.py:188} INFO - [2024-06-14T12:21:44.933+0000] {dagbag.py:545} INFO - Filling up the DagBag from /home/airflow/.local/lib/python3.12/site-packages/airflow/example_dags/example_latest_only_with_trigger.py
[2024-06-14T12:21:44.939+0000] {processor.py:840} INFO - DAG(s) 'latest_only_with_trigger' retrieved from /home/airflow/.local/lib/python3.12/site-packages/airflow/example_dags/example_latest_only_with_trigger.py
[2024-06-14T12:21:44.956+0000] {logging_mixin.py:188} INFO - [2024-06-14T12:21:44.955+0000] {dag.py:3096} INFO - Sync 1 DAGs
[2024-06-14T12:21:44.974+0000] {logging_mixin.py:188} INFO - [2024-06-14T12:21:44.974+0000] {dag.py:3954} INFO - Setting next_dagrun for latest_only_with_trigger to 2024-06-14 08:00:00+00:00, run_after=2024-06-14 12:00:00+00:00
[2024-06-14T12:21:44.998+0000] {processor.py:183} INFO - Processing /home/airflow/.local/lib/python3.12/site-packages/airflow/example_dags/example_latest_only_with_trigger.py took 0.072 seconds
[2024-06-14T12:22:15.617+0000] {processor.py:161} INFO - Started process (PID=456) to work on /home/airflow/.local/lib/python3.12/site-packages/airflow/example_dags/example_latest_only_with_trigger.py
[2024-06-14T12:22:15.618+0000] {processor.py:830} INFO - Processing file /home/airflow/.local/lib/python3.12/site-packages/airflow/example_dags/example_latest_only_with_trigger.py for tasks to queue
[2024-06-14T12:22:15.620+0000] {logging_mixin.py:188} INFO - [2024-06-14T12:22:15.619+0000] {dagbag.py:545} INFO - Filling up the DagBag from /home/airflow/.local/lib/python3.12/site-packages/airflow/example_dags/example_latest_only_with_trigger.py
[2024-06-14T12:22:15.624+0000] {processor.py:840} INFO - DAG(s) 'latest_only_with_trigger' retrieved from /home/airflow/.local/lib/python3.12/site-packages/airflow/example_dags/example_latest_only_with_trigger.py
[2024-06-14T12:22:15.639+0000] {logging_mixin.py:188} INFO - [2024-06-14T12:22:15.639+0000] {dag.py:3096} INFO - Sync 1 DAGs
[2024-06-14T12:22:15.657+0000] {logging_mixin.py:188} INFO - [2024-06-14T12:22:15.657+0000] {dag.py:3954} INFO - Setting next_dagrun for latest_only_with_trigger to 2024-06-14 08:00:00+00:00, run_after=2024-06-14 12:00:00+00:00
[2024-06-14T12:22:15.673+0000] {processor.py:183} INFO - Processing /home/airflow/.local/lib/python3.12/site-packages/airflow/example_dags/example_latest_only_with_trigger.py took 0.061 seconds
[2024-06-14T12:22:45.928+0000] {processor.py:161} INFO - Started process (PID=514) to work on /home/airflow/.local/lib/python3.12/site-packages/airflow/example_dags/example_latest_only_with_trigger.py
[2024-06-14T12:22:45.928+0000] {processor.py:830} INFO - Processing file /home/airflow/.local/lib/python3.12/site-packages/airflow/example_dags/example_latest_only_with_trigger.py for tasks to queue
[2024-06-14T12:22:45.929+0000] {logging_mixin.py:188} INFO - [2024-06-14T12:22:45.929+0000] {dagbag.py:545} INFO - Filling up the DagBag from /home/airflow/.local/lib/python3.12/site-packages/airflow/example_dags/example_latest_only_with_trigger.py
[2024-06-14T12:22:45.933+0000] {processor.py:840} INFO - DAG(s) 'latest_only_with_trigger' retrieved from /home/airflow/.local/lib/python3.12/site-packages/airflow/example_dags/example_latest_only_with_trigger.py
[2024-06-14T12:22:45.949+0000] {logging_mixin.py:188} INFO - [2024-06-14T12:22:45.948+0000] {dag.py:3096} INFO - Sync 1 DAGs
[2024-06-14T12:22:45.966+0000] {logging_mixin.py:188} INFO - [2024-06-14T12:22:45.966+0000] {dag.py:3954} INFO - Setting next_dagrun for latest_only_with_trigger to 2024-06-14 08:00:00+00:00, run_after=2024-06-14 12:00:00+00:00
[2024-06-14T12:22:45.983+0000] {processor.py:183} INFO - Processing /home/airflow/.local/lib/python3.12/site-packages/airflow/example_dags/example_latest_only_with_trigger.py took 0.059 seconds
[2024-06-14T12:23:16.322+0000] {processor.py:161} INFO - Started process (PID=572) to work on /home/airflow/.local/lib/python3.12/site-packages/airflow/example_dags/example_latest_only_with_trigger.py
[2024-06-14T12:23:16.323+0000] {processor.py:830} INFO - Processing file /home/airflow/.local/lib/python3.12/site-packages/airflow/example_dags/example_latest_only_with_trigger.py for tasks to queue
[2024-06-14T12:23:16.324+0000] {logging_mixin.py:188} INFO - [2024-06-14T12:23:16.324+0000] {dagbag.py:545} INFO - Filling up the DagBag from /home/airflow/.local/lib/python3.12/site-packages/airflow/example_dags/example_latest_only_with_trigger.py
[2024-06-14T12:23:16.328+0000] {processor.py:840} INFO - DAG(s) 'latest_only_with_trigger' retrieved from /home/airflow/.local/lib/python3.12/site-packages/airflow/example_dags/example_latest_only_with_trigger.py
[2024-06-14T12:23:16.343+0000] {logging_mixin.py:188} INFO - [2024-06-14T12:23:16.343+0000] {dag.py:3096} INFO - Sync 1 DAGs
[2024-06-14T12:23:16.360+0000] {logging_mixin.py:188} INFO - [2024-06-14T12:23:16.359+0000] {dag.py:3954} INFO - Setting next_dagrun for latest_only_with_trigger to 2024-06-14 08:00:00+00:00, run_after=2024-06-14 12:00:00+00:00
[2024-06-14T12:23:16.376+0000] {processor.py:183} INFO - Processing /home/airflow/.local/lib/python3.12/site-packages/airflow/example_dags/example_latest_only_with_trigger.py took 0.058 seconds
[2024-06-14T12:23:46.792+0000] {processor.py:161} INFO - Started process (PID=630) to work on /home/airflow/.local/lib/python3.12/site-packages/airflow/example_dags/example_latest_only_with_trigger.py
[2024-06-14T12:23:46.793+0000] {processor.py:830} INFO - Processing file /home/airflow/.local/lib/python3.12/site-packages/airflow/example_dags/example_latest_only_with_trigger.py for tasks to queue
[2024-06-14T12:23:46.794+0000] {logging_mixin.py:188} INFO - [2024-06-14T12:23:46.794+0000] {dagbag.py:545} INFO - Filling up the DagBag from /home/airflow/.local/lib/python3.12/site-packages/airflow/example_dags/example_latest_only_with_trigger.py
[2024-06-14T12:23:46.799+0000] {processor.py:840} INFO - DAG(s) 'latest_only_with_trigger' retrieved from /home/airflow/.local/lib/python3.12/site-packages/airflow/example_dags/example_latest_only_with_trigger.py
[2024-06-14T12:23:46.815+0000] {logging_mixin.py:188} INFO - [2024-06-14T12:23:46.815+0000] {dag.py:3096} INFO - Sync 1 DAGs
[2024-06-14T12:23:46.835+0000] {logging_mixin.py:188} INFO - [2024-06-14T12:23:46.835+0000] {dag.py:3954} INFO - Setting next_dagrun for latest_only_with_trigger to 2024-06-14 08:00:00+00:00, run_after=2024-06-14 12:00:00+00:00
[2024-06-14T12:23:46.851+0000] {processor.py:183} INFO - Processing /home/airflow/.local/lib/python3.12/site-packages/airflow/example_dags/example_latest_only_with_trigger.py took 0.063 seconds
[2024-06-14T12:24:17.059+0000] {processor.py:161} INFO - Started process (PID=689) to work on /home/airflow/.local/lib/python3.12/site-packages/airflow/example_dags/example_latest_only_with_trigger.py
[2024-06-14T12:24:17.059+0000] {processor.py:830} INFO - Processing file /home/airflow/.local/lib/python3.12/site-packages/airflow/example_dags/example_latest_only_with_trigger.py for tasks to queue
[2024-06-14T12:24:17.062+0000] {logging_mixin.py:188} INFO - [2024-06-14T12:24:17.061+0000] {dagbag.py:545} INFO - Filling up the DagBag from /home/airflow/.local/lib/python3.12/site-packages/airflow/example_dags/example_latest_only_with_trigger.py
[2024-06-14T12:24:17.066+0000] {processor.py:840} INFO - DAG(s) 'latest_only_with_trigger' retrieved from /home/airflow/.local/lib/python3.12/site-packages/airflow/example_dags/example_latest_only_with_trigger.py
[2024-06-14T12:24:17.083+0000] {logging_mixin.py:188} INFO - [2024-06-14T12:24:17.083+0000] {dag.py:3096} INFO - Sync 1 DAGs
[2024-06-14T12:24:17.100+0000] {logging_mixin.py:188} INFO - [2024-06-14T12:24:17.100+0000] {dag.py:3954} INFO - Setting next_dagrun for latest_only_with_trigger to 2024-06-14 08:00:00+00:00, run_after=2024-06-14 12:00:00+00:00
[2024-06-14T12:24:17.114+0000] {processor.py:183} INFO - Processing /home/airflow/.local/lib/python3.12/site-packages/airflow/example_dags/example_latest_only_with_trigger.py took 0.060 seconds
[2024-06-14T12:24:47.393+0000] {processor.py:161} INFO - Started process (PID=747) to work on /home/airflow/.local/lib/python3.12/site-packages/airflow/example_dags/example_latest_only_with_trigger.py
[2024-06-14T12:24:47.394+0000] {processor.py:830} INFO - Processing file /home/airflow/.local/lib/python3.12/site-packages/airflow/example_dags/example_latest_only_with_trigger.py for tasks to queue
[2024-06-14T12:24:47.395+0000] {logging_mixin.py:188} INFO - [2024-06-14T12:24:47.395+0000] {dagbag.py:545} INFO - Filling up the DagBag from /home/airflow/.local/lib/python3.12/site-packages/airflow/example_dags/example_latest_only_with_trigger.py
[2024-06-14T12:24:47.399+0000] {processor.py:840} INFO - DAG(s) 'latest_only_with_trigger' retrieved from /home/airflow/.local/lib/python3.12/site-packages/airflow/example_dags/example_latest_only_with_trigger.py
[2024-06-14T12:24:47.414+0000] {logging_mixin.py:188} INFO - [2024-06-14T12:24:47.414+0000] {dag.py:3096} INFO - Sync 1 DAGs
[2024-06-14T12:24:47.429+0000] {logging_mixin.py:188} INFO - [2024-06-14T12:24:47.429+0000] {dag.py:3954} INFO - Setting next_dagrun for latest_only_with_trigger to 2024-06-14 08:00:00+00:00, run_after=2024-06-14 12:00:00+00:00
[2024-06-14T12:24:47.445+0000] {processor.py:183} INFO - Processing /home/airflow/.local/lib/python3.12/site-packages/airflow/example_dags/example_latest_only_with_trigger.py took 0.057 seconds
[2024-06-14T12:25:17.499+0000] {processor.py:161} INFO - Started process (PID=804) to work on /home/airflow/.local/lib/python3.12/site-packages/airflow/example_dags/example_latest_only_with_trigger.py
[2024-06-14T12:25:17.500+0000] {processor.py:830} INFO - Processing file /home/airflow/.local/lib/python3.12/site-packages/airflow/example_dags/example_latest_only_with_trigger.py for tasks to queue
[2024-06-14T12:25:17.502+0000] {logging_mixin.py:188} INFO - [2024-06-14T12:25:17.502+0000] {dagbag.py:545} INFO - Filling up the DagBag from /home/airflow/.local/lib/python3.12/site-packages/airflow/example_dags/example_latest_only_with_trigger.py
[2024-06-14T12:25:17.507+0000] {processor.py:840} INFO - DAG(s) 'latest_only_with_trigger' retrieved from /home/airflow/.local/lib/python3.12/site-packages/airflow/example_dags/example_latest_only_with_trigger.py
[2024-06-14T12:25:17.523+0000] {logging_mixin.py:188} INFO - [2024-06-14T12:25:17.523+0000] {dag.py:3096} INFO - Sync 1 DAGs
[2024-06-14T12:25:17.541+0000] {logging_mixin.py:188} INFO - [2024-06-14T12:25:17.541+0000] {dag.py:3954} INFO - Setting next_dagrun for latest_only_with_trigger to 2024-06-14 08:00:00+00:00, run_after=2024-06-14 12:00:00+00:00
[2024-06-14T12:25:17.555+0000] {processor.py:183} INFO - Processing /home/airflow/.local/lib/python3.12/site-packages/airflow/example_dags/example_latest_only_with_trigger.py took 0.060 seconds
[2024-06-14T12:25:48.096+0000] {processor.py:161} INFO - Started process (PID=863) to work on /home/airflow/.local/lib/python3.12/site-packages/airflow/example_dags/example_latest_only_with_trigger.py
[2024-06-14T12:25:48.097+0000] {processor.py:830} INFO - Processing file /home/airflow/.local/lib/python3.12/site-packages/airflow/example_dags/example_latest_only_with_trigger.py for tasks to queue
[2024-06-14T12:25:48.099+0000] {logging_mixin.py:188} INFO - [2024-06-14T12:25:48.099+0000] {dagbag.py:545} INFO - Filling up the DagBag from /home/airflow/.local/lib/python3.12/site-packages/airflow/example_dags/example_latest_only_with_trigger.py
[2024-06-14T12:25:48.103+0000] {processor.py:840} INFO - DAG(s) 'latest_only_with_trigger' retrieved from /home/airflow/.local/lib/python3.12/site-packages/airflow/example_dags/example_latest_only_with_trigger.py
[2024-06-14T12:25:48.118+0000] {logging_mixin.py:188} INFO - [2024-06-14T12:25:48.118+0000] {dag.py:3096} INFO - Sync 1 DAGs
[2024-06-14T12:25:48.134+0000] {logging_mixin.py:188} INFO - [2024-06-14T12:25:48.134+0000] {dag.py:3954} INFO - Setting next_dagrun for latest_only_with_trigger to 2024-06-14 08:00:00+00:00, run_after=2024-06-14 12:00:00+00:00
[2024-06-14T12:25:48.149+0000] {processor.py:183} INFO - Processing /home/airflow/.local/lib/python3.12/site-packages/airflow/example_dags/example_latest_only_with_trigger.py took 0.058 seconds
[2024-06-14T12:26:18.447+0000] {processor.py:161} INFO - Started process (PID=921) to work on /home/airflow/.local/lib/python3.12/site-packages/airflow/example_dags/example_latest_only_with_trigger.py
[2024-06-14T12:26:18.448+0000] {processor.py:830} INFO - Processing file /home/airflow/.local/lib/python3.12/site-packages/airflow/example_dags/example_latest_only_with_trigger.py for tasks to queue
[2024-06-14T12:26:18.450+0000] {logging_mixin.py:188} INFO - [2024-06-14T12:26:18.449+0000] {dagbag.py:545} INFO - Filling up the DagBag from /home/airflow/.local/lib/python3.12/site-packages/airflow/example_dags/example_latest_only_with_trigger.py
[2024-06-14T12:26:18.454+0000] {processor.py:840} INFO - DAG(s) 'latest_only_with_trigger' retrieved from /home/airflow/.local/lib/python3.12/site-packages/airflow/example_dags/example_latest_only_with_trigger.py
[2024-06-14T12:26:18.471+0000] {logging_mixin.py:188} INFO - [2024-06-14T12:26:18.470+0000] {dag.py:3096} INFO - Sync 1 DAGs
[2024-06-14T12:26:18.489+0000] {logging_mixin.py:188} INFO - [2024-06-14T12:26:18.489+0000] {dag.py:3954} INFO - Setting next_dagrun for latest_only_with_trigger to 2024-06-14 08:00:00+00:00, run_after=2024-06-14 12:00:00+00:00
[2024-06-14T12:26:18.507+0000] {processor.py:183} INFO - Processing /home/airflow/.local/lib/python3.12/site-packages/airflow/example_dags/example_latest_only_with_trigger.py took 0.065 seconds
[2024-06-14T12:26:48.780+0000] {processor.py:161} INFO - Started process (PID=979) to work on /home/airflow/.local/lib/python3.12/site-packages/airflow/example_dags/example_latest_only_with_trigger.py
[2024-06-14T12:26:48.781+0000] {processor.py:830} INFO - Processing file /home/airflow/.local/lib/python3.12/site-packages/airflow/example_dags/example_latest_only_with_trigger.py for tasks to queue
[2024-06-14T12:26:48.783+0000] {logging_mixin.py:188} INFO - [2024-06-14T12:26:48.783+0000] {dagbag.py:545} INFO - Filling up the DagBag from /home/airflow/.local/lib/python3.12/site-packages/airflow/example_dags/example_latest_only_with_trigger.py
[2024-06-14T12:26:48.788+0000] {processor.py:840} INFO - DAG(s) 'latest_only_with_trigger' retrieved from /home/airflow/.local/lib/python3.12/site-packages/airflow/example_dags/example_latest_only_with_trigger.py
[2024-06-14T12:26:48.806+0000] {logging_mixin.py:188} INFO - [2024-06-14T12:26:48.806+0000] {dag.py:3096} INFO - Sync 1 DAGs
[2024-06-14T12:26:48.826+0000] {logging_mixin.py:188} INFO - [2024-06-14T12:26:48.826+0000] {dag.py:3954} INFO - Setting next_dagrun for latest_only_with_trigger to 2024-06-14 08:00:00+00:00, run_after=2024-06-14 12:00:00+00:00
[2024-06-14T12:26:48.844+0000] {processor.py:183} INFO - Processing /home/airflow/.local/lib/python3.12/site-packages/airflow/example_dags/example_latest_only_with_trigger.py took 0.069 seconds
[2024-06-14T12:27:18.912+0000] {processor.py:161} INFO - Started process (PID=1036) to work on /home/airflow/.local/lib/python3.12/site-packages/airflow/example_dags/example_latest_only_with_trigger.py
[2024-06-14T12:27:18.913+0000] {processor.py:830} INFO - Processing file /home/airflow/.local/lib/python3.12/site-packages/airflow/example_dags/example_latest_only_with_trigger.py for tasks to queue
[2024-06-14T12:27:18.914+0000] {logging_mixin.py:188} INFO - [2024-06-14T12:27:18.914+0000] {dagbag.py:545} INFO - Filling up the DagBag from /home/airflow/.local/lib/python3.12/site-packages/airflow/example_dags/example_latest_only_with_trigger.py
[2024-06-14T12:27:18.919+0000] {processor.py:840} INFO - DAG(s) 'latest_only_with_trigger' retrieved from /home/airflow/.local/lib/python3.12/site-packages/airflow/example_dags/example_latest_only_with_trigger.py
[2024-06-14T12:27:18.933+0000] {logging_mixin.py:188} INFO - [2024-06-14T12:27:18.933+0000] {dag.py:3096} INFO - Sync 1 DAGs
[2024-06-14T12:27:18.948+0000] {logging_mixin.py:188} INFO - [2024-06-14T12:27:18.948+0000] {dag.py:3954} INFO - Setting next_dagrun for latest_only_with_trigger to 2024-06-14 08:00:00+00:00, run_after=2024-06-14 12:00:00+00:00
[2024-06-14T12:27:18.963+0000] {processor.py:183} INFO - Processing /home/airflow/.local/lib/python3.12/site-packages/airflow/example_dags/example_latest_only_with_trigger.py took 0.055 seconds
[2024-06-14T12:27:49.110+0000] {processor.py:161} INFO - Started process (PID=1094) to work on /home/airflow/.local/lib/python3.12/site-packages/airflow/example_dags/example_latest_only_with_trigger.py
[2024-06-14T12:27:49.111+0000] {processor.py:830} INFO - Processing file /home/airflow/.local/lib/python3.12/site-packages/airflow/example_dags/example_latest_only_with_trigger.py for tasks to queue
[2024-06-14T12:27:49.112+0000] {logging_mixin.py:188} INFO - [2024-06-14T12:27:49.112+0000] {dagbag.py:545} INFO - Filling up the DagBag from /home/airflow/.local/lib/python3.12/site-packages/airflow/example_dags/example_latest_only_with_trigger.py
[2024-06-14T12:27:49.117+0000] {processor.py:840} INFO - DAG(s) 'latest_only_with_trigger' retrieved from /home/airflow/.local/lib/python3.12/site-packages/airflow/example_dags/example_latest_only_with_trigger.py
[2024-06-14T12:27:49.133+0000] {logging_mixin.py:188} INFO - [2024-06-14T12:27:49.133+0000] {dag.py:3096} INFO - Sync 1 DAGs
[2024-06-14T12:27:49.151+0000] {logging_mixin.py:188} INFO - [2024-06-14T12:27:49.150+0000] {dag.py:3954} INFO - Setting next_dagrun for latest_only_with_trigger to 2024-06-14 08:00:00+00:00, run_after=2024-06-14 12:00:00+00:00
[2024-06-14T12:27:49.166+0000] {processor.py:183} INFO - Processing /home/airflow/.local/lib/python3.12/site-packages/airflow/example_dags/example_latest_only_with_trigger.py took 0.060 seconds
[2024-06-14T12:28:19.326+0000] {processor.py:161} INFO - Started process (PID=1152) to work on /home/airflow/.local/lib/python3.12/site-packages/airflow/example_dags/example_latest_only_with_trigger.py
[2024-06-14T12:28:19.327+0000] {processor.py:830} INFO - Processing file /home/airflow/.local/lib/python3.12/site-packages/airflow/example_dags/example_latest_only_with_trigger.py for tasks to queue
[2024-06-14T12:28:19.328+0000] {logging_mixin.py:188} INFO - [2024-06-14T12:28:19.328+0000] {dagbag.py:545} INFO - Filling up the DagBag from /home/airflow/.local/lib/python3.12/site-packages/airflow/example_dags/example_latest_only_with_trigger.py
[2024-06-14T12:28:19.332+0000] {processor.py:840} INFO - DAG(s) 'latest_only_with_trigger' retrieved from /home/airflow/.local/lib/python3.12/site-packages/airflow/example_dags/example_latest_only_with_trigger.py
[2024-06-14T12:28:19.345+0000] {logging_mixin.py:188} INFO - [2024-06-14T12:28:19.345+0000] {dag.py:3096} INFO - Sync 1 DAGs
[2024-06-14T12:28:19.362+0000] {logging_mixin.py:188} INFO - [2024-06-14T12:28:19.361+0000] {dag.py:3954} INFO - Setting next_dagrun for latest_only_with_trigger to 2024-06-14 08:00:00+00:00, run_after=2024-06-14 12:00:00+00:00
[2024-06-14T12:28:19.376+0000] {processor.py:183} INFO - Processing /home/airflow/.local/lib/python3.12/site-packages/airflow/example_dags/example_latest_only_with_trigger.py took 0.054 seconds
[2024-06-14T12:28:49.678+0000] {processor.py:161} INFO - Started process (PID=1210) to work on /home/airflow/.local/lib/python3.12/site-packages/airflow/example_dags/example_latest_only_with_trigger.py
[2024-06-14T12:28:49.679+0000] {processor.py:830} INFO - Processing file /home/airflow/.local/lib/python3.12/site-packages/airflow/example_dags/example_latest_only_with_trigger.py for tasks to queue
[2024-06-14T12:28:49.680+0000] {logging_mixin.py:188} INFO - [2024-06-14T12:28:49.680+0000] {dagbag.py:545} INFO - Filling up the DagBag from /home/airflow/.local/lib/python3.12/site-packages/airflow/example_dags/example_latest_only_with_trigger.py
[2024-06-14T12:28:49.684+0000] {processor.py:840} INFO - DAG(s) 'latest_only_with_trigger' retrieved from /home/airflow/.local/lib/python3.12/site-packages/airflow/example_dags/example_latest_only_with_trigger.py
[2024-06-14T12:28:49.699+0000] {logging_mixin.py:188} INFO - [2024-06-14T12:28:49.699+0000] {dag.py:3096} INFO - Sync 1 DAGs
[2024-06-14T12:28:49.713+0000] {logging_mixin.py:188} INFO - [2024-06-14T12:28:49.713+0000] {dag.py:3954} INFO - Setting next_dagrun for latest_only_with_trigger to 2024-06-14 08:00:00+00:00, run_after=2024-06-14 12:00:00+00:00
[2024-06-14T12:28:49.727+0000] {processor.py:183} INFO - Processing /home/airflow/.local/lib/python3.12/site-packages/airflow/example_dags/example_latest_only_with_trigger.py took 0.054 seconds
[2024-06-14T12:29:19.859+0000] {processor.py:161} INFO - Started process (PID=1268) to work on /home/airflow/.local/lib/python3.12/site-packages/airflow/example_dags/example_latest_only_with_trigger.py
[2024-06-14T12:29:19.859+0000] {processor.py:830} INFO - Processing file /home/airflow/.local/lib/python3.12/site-packages/airflow/example_dags/example_latest_only_with_trigger.py for tasks to queue
[2024-06-14T12:29:19.861+0000] {logging_mixin.py:188} INFO - [2024-06-14T12:29:19.860+0000] {dagbag.py:545} INFO - Filling up the DagBag from /home/airflow/.local/lib/python3.12/site-packages/airflow/example_dags/example_latest_only_with_trigger.py
[2024-06-14T12:29:19.865+0000] {processor.py:840} INFO - DAG(s) 'latest_only_with_trigger' retrieved from /home/airflow/.local/lib/python3.12/site-packages/airflow/example_dags/example_latest_only_with_trigger.py
[2024-06-14T12:29:19.880+0000] {logging_mixin.py:188} INFO - [2024-06-14T12:29:19.880+0000] {dag.py:3096} INFO - Sync 1 DAGs
[2024-06-14T12:29:19.896+0000] {logging_mixin.py:188} INFO - [2024-06-14T12:29:19.896+0000] {dag.py:3954} INFO - Setting next_dagrun for latest_only_with_trigger to 2024-06-14 08:00:00+00:00, run_after=2024-06-14 12:00:00+00:00
[2024-06-14T12:29:19.915+0000] {processor.py:183} INFO - Processing /home/airflow/.local/lib/python3.12/site-packages/airflow/example_dags/example_latest_only_with_trigger.py took 0.060 seconds
[2024-06-14T12:29:50.277+0000] {processor.py:161} INFO - Started process (PID=1326) to work on /home/airflow/.local/lib/python3.12/site-packages/airflow/example_dags/example_latest_only_with_trigger.py
[2024-06-14T12:29:50.277+0000] {processor.py:830} INFO - Processing file /home/airflow/.local/lib/python3.12/site-packages/airflow/example_dags/example_latest_only_with_trigger.py for tasks to queue
[2024-06-14T12:29:50.278+0000] {logging_mixin.py:188} INFO - [2024-06-14T12:29:50.278+0000] {dagbag.py:545} INFO - Filling up the DagBag from /home/airflow/.local/lib/python3.12/site-packages/airflow/example_dags/example_latest_only_with_trigger.py
[2024-06-14T12:29:50.282+0000] {processor.py:840} INFO - DAG(s) 'latest_only_with_trigger' retrieved from /home/airflow/.local/lib/python3.12/site-packages/airflow/example_dags/example_latest_only_with_trigger.py
[2024-06-14T12:29:50.297+0000] {logging_mixin.py:188} INFO - [2024-06-14T12:29:50.297+0000] {dag.py:3096} INFO - Sync 1 DAGs
[2024-06-14T12:29:50.315+0000] {logging_mixin.py:188} INFO - [2024-06-14T12:29:50.315+0000] {dag.py:3954} INFO - Setting next_dagrun for latest_only_with_trigger to 2024-06-14 08:00:00+00:00, run_after=2024-06-14 12:00:00+00:00
[2024-06-14T12:29:50.331+0000] {processor.py:183} INFO - Processing /home/airflow/.local/lib/python3.12/site-packages/airflow/example_dags/example_latest_only_with_trigger.py took 0.058 seconds
[2024-06-14T12:30:20.629+0000] {processor.py:161} INFO - Started process (PID=1384) to work on /home/airflow/.local/lib/python3.12/site-packages/airflow/example_dags/example_latest_only_with_trigger.py
[2024-06-14T12:30:20.630+0000] {processor.py:830} INFO - Processing file /home/airflow/.local/lib/python3.12/site-packages/airflow/example_dags/example_latest_only_with_trigger.py for tasks to queue
[2024-06-14T12:30:20.631+0000] {logging_mixin.py:188} INFO - [2024-06-14T12:30:20.631+0000] {dagbag.py:545} INFO - Filling up the DagBag from /home/airflow/.local/lib/python3.12/site-packages/airflow/example_dags/example_latest_only_with_trigger.py
[2024-06-14T12:30:20.636+0000] {processor.py:840} INFO - DAG(s) 'latest_only_with_trigger' retrieved from /home/airflow/.local/lib/python3.12/site-packages/airflow/example_dags/example_latest_only_with_trigger.py
[2024-06-14T12:30:20.650+0000] {logging_mixin.py:188} INFO - [2024-06-14T12:30:20.649+0000] {dag.py:3096} INFO - Sync 1 DAGs
[2024-06-14T12:30:20.667+0000] {logging_mixin.py:188} INFO - [2024-06-14T12:30:20.667+0000] {dag.py:3954} INFO - Setting next_dagrun for latest_only_with_trigger to 2024-06-14 08:00:00+00:00, run_after=2024-06-14 12:00:00+00:00
[2024-06-14T12:30:20.686+0000] {processor.py:183} INFO - Processing /home/airflow/.local/lib/python3.12/site-packages/airflow/example_dags/example_latest_only_with_trigger.py took 0.060 seconds
[2024-06-14T12:30:50.973+0000] {processor.py:161} INFO - Started process (PID=1442) to work on /home/airflow/.local/lib/python3.12/site-packages/airflow/example_dags/example_latest_only_with_trigger.py
[2024-06-14T12:30:50.974+0000] {processor.py:830} INFO - Processing file /home/airflow/.local/lib/python3.12/site-packages/airflow/example_dags/example_latest_only_with_trigger.py for tasks to queue
[2024-06-14T12:30:50.975+0000] {logging_mixin.py:188} INFO - [2024-06-14T12:30:50.975+0000] {dagbag.py:545} INFO - Filling up the DagBag from /home/airflow/.local/lib/python3.12/site-packages/airflow/example_dags/example_latest_only_with_trigger.py
[2024-06-14T12:30:50.980+0000] {processor.py:840} INFO - DAG(s) 'latest_only_with_trigger' retrieved from /home/airflow/.local/lib/python3.12/site-packages/airflow/example_dags/example_latest_only_with_trigger.py
[2024-06-14T12:30:50.996+0000] {logging_mixin.py:188} INFO - [2024-06-14T12:30:50.995+0000] {dag.py:3096} INFO - Sync 1 DAGs
[2024-06-14T12:30:51.013+0000] {logging_mixin.py:188} INFO - [2024-06-14T12:30:51.012+0000] {dag.py:3954} INFO - Setting next_dagrun for latest_only_with_trigger to 2024-06-14 08:00:00+00:00, run_after=2024-06-14 12:00:00+00:00
[2024-06-14T12:30:51.027+0000] {processor.py:183} INFO - Processing /home/airflow/.local/lib/python3.12/site-packages/airflow/example_dags/example_latest_only_with_trigger.py took 0.059 seconds
