[2024-06-14T12:06:31.361+0000] {processor.py:161} INFO - Started process (PID=62) to work on /home/airflow/.local/lib/python3.12/site-packages/airflow/example_dags/example_setup_teardown.py
[2024-06-14T12:06:31.362+0000] {processor.py:830} INFO - Processing file /home/airflow/.local/lib/python3.12/site-packages/airflow/example_dags/example_setup_teardown.py for tasks to queue
[2024-06-14T12:06:31.363+0000] {logging_mixin.py:188} INFO - [2024-06-14T12:06:31.363+0000] {dagbag.py:545} INFO - Filling up the DagBag from /home/airflow/.local/lib/python3.12/site-packages/airflow/example_dags/example_setup_teardown.py
[2024-06-14T12:06:31.371+0000] {processor.py:840} INFO - DAG(s) 'example_setup_teardown' retrieved from /home/airflow/.local/lib/python3.12/site-packages/airflow/example_dags/example_setup_teardown.py
[2024-06-14T12:06:31.381+0000] {logging_mixin.py:188} INFO - [2024-06-14T12:06:31.380+0000] {dag.py:3096} INFO - Sync 1 DAGs
[2024-06-14T12:06:31.404+0000] {logging_mixin.py:188} INFO - [2024-06-14T12:06:31.404+0000] {dag.py:3954} INFO - Setting next_dagrun for example_setup_teardown to 2024-06-13 00:00:00+00:00, run_after=2024-06-14 00:00:00+00:00
[2024-06-14T12:06:31.425+0000] {processor.py:183} INFO - Processing /home/airflow/.local/lib/python3.12/site-packages/airflow/example_dags/example_setup_teardown.py took 0.069 seconds
[2024-06-14T12:07:02.838+0000] {processor.py:161} INFO - Started process (PID=120) to work on /home/airflow/.local/lib/python3.12/site-packages/airflow/example_dags/example_setup_teardown.py
[2024-06-14T12:07:02.839+0000] {processor.py:830} INFO - Processing file /home/airflow/.local/lib/python3.12/site-packages/airflow/example_dags/example_setup_teardown.py for tasks to queue
[2024-06-14T12:07:02.841+0000] {logging_mixin.py:188} INFO - [2024-06-14T12:07:02.840+0000] {dagbag.py:545} INFO - Filling up the DagBag from /home/airflow/.local/lib/python3.12/site-packages/airflow/example_dags/example_setup_teardown.py
[2024-06-14T12:07:02.846+0000] {processor.py:840} INFO - DAG(s) 'example_setup_teardown' retrieved from /home/airflow/.local/lib/python3.12/site-packages/airflow/example_dags/example_setup_teardown.py
[2024-06-14T12:07:02.935+0000] {logging_mixin.py:188} INFO - [2024-06-14T12:07:02.935+0000] {dag.py:3096} INFO - Sync 1 DAGs
[2024-06-14T12:07:02.957+0000] {logging_mixin.py:188} INFO - [2024-06-14T12:07:02.957+0000] {dag.py:3954} INFO - Setting next_dagrun for example_setup_teardown to 2024-06-13 00:00:00+00:00, run_after=2024-06-14 00:00:00+00:00
[2024-06-14T12:07:02.981+0000] {processor.py:183} INFO - Processing /home/airflow/.local/lib/python3.12/site-packages/airflow/example_dags/example_setup_teardown.py took 0.147 seconds
[2024-06-14T12:07:33.917+0000] {processor.py:161} INFO - Started process (PID=178) to work on /home/airflow/.local/lib/python3.12/site-packages/airflow/example_dags/example_setup_teardown.py
[2024-06-14T12:07:33.918+0000] {processor.py:830} INFO - Processing file /home/airflow/.local/lib/python3.12/site-packages/airflow/example_dags/example_setup_teardown.py for tasks to queue
[2024-06-14T12:07:33.919+0000] {logging_mixin.py:188} INFO - [2024-06-14T12:07:33.919+0000] {dagbag.py:545} INFO - Filling up the DagBag from /home/airflow/.local/lib/python3.12/site-packages/airflow/example_dags/example_setup_teardown.py
[2024-06-14T12:07:33.924+0000] {processor.py:840} INFO - DAG(s) 'example_setup_teardown' retrieved from /home/airflow/.local/lib/python3.12/site-packages/airflow/example_dags/example_setup_teardown.py
[2024-06-14T12:07:33.937+0000] {logging_mixin.py:188} INFO - [2024-06-14T12:07:33.937+0000] {dag.py:3096} INFO - Sync 1 DAGs
[2024-06-14T12:07:33.956+0000] {logging_mixin.py:188} INFO - [2024-06-14T12:07:33.956+0000] {dag.py:3954} INFO - Setting next_dagrun for example_setup_teardown to 2024-06-13 00:00:00+00:00, run_after=2024-06-14 00:00:00+00:00
[2024-06-14T12:07:33.972+0000] {processor.py:183} INFO - Processing /home/airflow/.local/lib/python3.12/site-packages/airflow/example_dags/example_setup_teardown.py took 0.059 seconds
[2024-06-14T12:08:04.194+0000] {processor.py:161} INFO - Started process (PID=236) to work on /home/airflow/.local/lib/python3.12/site-packages/airflow/example_dags/example_setup_teardown.py
[2024-06-14T12:08:04.195+0000] {processor.py:830} INFO - Processing file /home/airflow/.local/lib/python3.12/site-packages/airflow/example_dags/example_setup_teardown.py for tasks to queue
[2024-06-14T12:08:04.197+0000] {logging_mixin.py:188} INFO - [2024-06-14T12:08:04.196+0000] {dagbag.py:545} INFO - Filling up the DagBag from /home/airflow/.local/lib/python3.12/site-packages/airflow/example_dags/example_setup_teardown.py
[2024-06-14T12:08:04.202+0000] {processor.py:840} INFO - DAG(s) 'example_setup_teardown' retrieved from /home/airflow/.local/lib/python3.12/site-packages/airflow/example_dags/example_setup_teardown.py
[2024-06-14T12:08:04.217+0000] {logging_mixin.py:188} INFO - [2024-06-14T12:08:04.217+0000] {dag.py:3096} INFO - Sync 1 DAGs
[2024-06-14T12:08:04.234+0000] {logging_mixin.py:188} INFO - [2024-06-14T12:08:04.234+0000] {dag.py:3954} INFO - Setting next_dagrun for example_setup_teardown to 2024-06-13 00:00:00+00:00, run_after=2024-06-14 00:00:00+00:00
[2024-06-14T12:08:04.249+0000] {processor.py:183} INFO - Processing /home/airflow/.local/lib/python3.12/site-packages/airflow/example_dags/example_setup_teardown.py took 0.058 seconds
[2024-06-14T12:08:34.474+0000] {processor.py:161} INFO - Started process (PID=294) to work on /home/airflow/.local/lib/python3.12/site-packages/airflow/example_dags/example_setup_teardown.py
[2024-06-14T12:08:34.474+0000] {processor.py:830} INFO - Processing file /home/airflow/.local/lib/python3.12/site-packages/airflow/example_dags/example_setup_teardown.py for tasks to queue
[2024-06-14T12:08:34.476+0000] {logging_mixin.py:188} INFO - [2024-06-14T12:08:34.476+0000] {dagbag.py:545} INFO - Filling up the DagBag from /home/airflow/.local/lib/python3.12/site-packages/airflow/example_dags/example_setup_teardown.py
[2024-06-14T12:08:34.481+0000] {processor.py:840} INFO - DAG(s) 'example_setup_teardown' retrieved from /home/airflow/.local/lib/python3.12/site-packages/airflow/example_dags/example_setup_teardown.py
[2024-06-14T12:08:34.494+0000] {logging_mixin.py:188} INFO - [2024-06-14T12:08:34.494+0000] {dag.py:3096} INFO - Sync 1 DAGs
[2024-06-14T12:08:34.510+0000] {logging_mixin.py:188} INFO - [2024-06-14T12:08:34.510+0000] {dag.py:3954} INFO - Setting next_dagrun for example_setup_teardown to 2024-06-13 00:00:00+00:00, run_after=2024-06-14 00:00:00+00:00
[2024-06-14T12:08:34.525+0000] {processor.py:183} INFO - Processing /home/airflow/.local/lib/python3.12/site-packages/airflow/example_dags/example_setup_teardown.py took 0.056 seconds
[2024-06-14T12:09:04.598+0000] {processor.py:161} INFO - Started process (PID=352) to work on /home/airflow/.local/lib/python3.12/site-packages/airflow/example_dags/example_setup_teardown.py
[2024-06-14T12:09:04.598+0000] {processor.py:830} INFO - Processing file /home/airflow/.local/lib/python3.12/site-packages/airflow/example_dags/example_setup_teardown.py for tasks to queue
[2024-06-14T12:09:04.600+0000] {logging_mixin.py:188} INFO - [2024-06-14T12:09:04.599+0000] {dagbag.py:545} INFO - Filling up the DagBag from /home/airflow/.local/lib/python3.12/site-packages/airflow/example_dags/example_setup_teardown.py
[2024-06-14T12:09:04.604+0000] {processor.py:840} INFO - DAG(s) 'example_setup_teardown' retrieved from /home/airflow/.local/lib/python3.12/site-packages/airflow/example_dags/example_setup_teardown.py
[2024-06-14T12:09:04.618+0000] {logging_mixin.py:188} INFO - [2024-06-14T12:09:04.618+0000] {dag.py:3096} INFO - Sync 1 DAGs
[2024-06-14T12:09:04.635+0000] {logging_mixin.py:188} INFO - [2024-06-14T12:09:04.635+0000] {dag.py:3954} INFO - Setting next_dagrun for example_setup_teardown to 2024-06-13 00:00:00+00:00, run_after=2024-06-14 00:00:00+00:00
[2024-06-14T12:09:04.652+0000] {processor.py:183} INFO - Processing /home/airflow/.local/lib/python3.12/site-packages/airflow/example_dags/example_setup_teardown.py took 0.059 seconds
[2024-06-14T12:09:35.152+0000] {processor.py:161} INFO - Started process (PID=417) to work on /home/airflow/.local/lib/python3.12/site-packages/airflow/example_dags/example_setup_teardown.py
[2024-06-14T12:09:35.153+0000] {processor.py:830} INFO - Processing file /home/airflow/.local/lib/python3.12/site-packages/airflow/example_dags/example_setup_teardown.py for tasks to queue
[2024-06-14T12:09:35.154+0000] {logging_mixin.py:188} INFO - [2024-06-14T12:09:35.154+0000] {dagbag.py:545} INFO - Filling up the DagBag from /home/airflow/.local/lib/python3.12/site-packages/airflow/example_dags/example_setup_teardown.py
[2024-06-14T12:09:35.160+0000] {processor.py:840} INFO - DAG(s) 'example_setup_teardown' retrieved from /home/airflow/.local/lib/python3.12/site-packages/airflow/example_dags/example_setup_teardown.py
[2024-06-14T12:09:35.175+0000] {logging_mixin.py:188} INFO - [2024-06-14T12:09:35.175+0000] {dag.py:3096} INFO - Sync 1 DAGs
[2024-06-14T12:09:35.190+0000] {logging_mixin.py:188} INFO - [2024-06-14T12:09:35.190+0000] {dag.py:3954} INFO - Setting next_dagrun for example_setup_teardown to 2024-06-13 00:00:00+00:00, run_after=2024-06-14 00:00:00+00:00
[2024-06-14T12:09:35.204+0000] {processor.py:183} INFO - Processing /home/airflow/.local/lib/python3.12/site-packages/airflow/example_dags/example_setup_teardown.py took 0.058 seconds
[2024-06-14T12:10:05.242+0000] {processor.py:161} INFO - Started process (PID=475) to work on /home/airflow/.local/lib/python3.12/site-packages/airflow/example_dags/example_setup_teardown.py
[2024-06-14T12:10:05.243+0000] {processor.py:830} INFO - Processing file /home/airflow/.local/lib/python3.12/site-packages/airflow/example_dags/example_setup_teardown.py for tasks to queue
[2024-06-14T12:10:05.244+0000] {logging_mixin.py:188} INFO - [2024-06-14T12:10:05.244+0000] {dagbag.py:545} INFO - Filling up the DagBag from /home/airflow/.local/lib/python3.12/site-packages/airflow/example_dags/example_setup_teardown.py
[2024-06-14T12:10:05.249+0000] {processor.py:840} INFO - DAG(s) 'example_setup_teardown' retrieved from /home/airflow/.local/lib/python3.12/site-packages/airflow/example_dags/example_setup_teardown.py
[2024-06-14T12:10:05.264+0000] {logging_mixin.py:188} INFO - [2024-06-14T12:10:05.264+0000] {dag.py:3096} INFO - Sync 1 DAGs
[2024-06-14T12:10:05.282+0000] {logging_mixin.py:188} INFO - [2024-06-14T12:10:05.282+0000] {dag.py:3954} INFO - Setting next_dagrun for example_setup_teardown to 2024-06-13 00:00:00+00:00, run_after=2024-06-14 00:00:00+00:00
[2024-06-14T12:10:05.300+0000] {processor.py:183} INFO - Processing /home/airflow/.local/lib/python3.12/site-packages/airflow/example_dags/example_setup_teardown.py took 0.063 seconds
[2024-06-14T12:10:35.467+0000] {processor.py:161} INFO - Started process (PID=533) to work on /home/airflow/.local/lib/python3.12/site-packages/airflow/example_dags/example_setup_teardown.py
[2024-06-14T12:10:35.467+0000] {processor.py:830} INFO - Processing file /home/airflow/.local/lib/python3.12/site-packages/airflow/example_dags/example_setup_teardown.py for tasks to queue
[2024-06-14T12:10:35.469+0000] {logging_mixin.py:188} INFO - [2024-06-14T12:10:35.468+0000] {dagbag.py:545} INFO - Filling up the DagBag from /home/airflow/.local/lib/python3.12/site-packages/airflow/example_dags/example_setup_teardown.py
[2024-06-14T12:10:35.474+0000] {processor.py:840} INFO - DAG(s) 'example_setup_teardown' retrieved from /home/airflow/.local/lib/python3.12/site-packages/airflow/example_dags/example_setup_teardown.py
[2024-06-14T12:10:35.489+0000] {logging_mixin.py:188} INFO - [2024-06-14T12:10:35.489+0000] {dag.py:3096} INFO - Sync 1 DAGs
[2024-06-14T12:10:35.506+0000] {logging_mixin.py:188} INFO - [2024-06-14T12:10:35.506+0000] {dag.py:3954} INFO - Setting next_dagrun for example_setup_teardown to 2024-06-13 00:00:00+00:00, run_after=2024-06-14 00:00:00+00:00
[2024-06-14T12:10:35.522+0000] {processor.py:183} INFO - Processing /home/airflow/.local/lib/python3.12/site-packages/airflow/example_dags/example_setup_teardown.py took 0.060 seconds
[2024-06-14T12:11:05.658+0000] {processor.py:161} INFO - Started process (PID=598) to work on /home/airflow/.local/lib/python3.12/site-packages/airflow/example_dags/example_setup_teardown.py
[2024-06-14T12:11:05.659+0000] {processor.py:830} INFO - Processing file /home/airflow/.local/lib/python3.12/site-packages/airflow/example_dags/example_setup_teardown.py for tasks to queue
[2024-06-14T12:11:05.660+0000] {logging_mixin.py:188} INFO - [2024-06-14T12:11:05.660+0000] {dagbag.py:545} INFO - Filling up the DagBag from /home/airflow/.local/lib/python3.12/site-packages/airflow/example_dags/example_setup_teardown.py
[2024-06-14T12:11:05.666+0000] {processor.py:840} INFO - DAG(s) 'example_setup_teardown' retrieved from /home/airflow/.local/lib/python3.12/site-packages/airflow/example_dags/example_setup_teardown.py
[2024-06-14T12:11:05.679+0000] {logging_mixin.py:188} INFO - [2024-06-14T12:11:05.679+0000] {dag.py:3096} INFO - Sync 1 DAGs
[2024-06-14T12:11:05.695+0000] {logging_mixin.py:188} INFO - [2024-06-14T12:11:05.695+0000] {dag.py:3954} INFO - Setting next_dagrun for example_setup_teardown to 2024-06-13 00:00:00+00:00, run_after=2024-06-14 00:00:00+00:00
[2024-06-14T12:11:05.709+0000] {processor.py:183} INFO - Processing /home/airflow/.local/lib/python3.12/site-packages/airflow/example_dags/example_setup_teardown.py took 0.056 seconds
[2024-06-14T12:11:35.851+0000] {processor.py:161} INFO - Started process (PID=656) to work on /home/airflow/.local/lib/python3.12/site-packages/airflow/example_dags/example_setup_teardown.py
[2024-06-14T12:11:35.852+0000] {processor.py:830} INFO - Processing file /home/airflow/.local/lib/python3.12/site-packages/airflow/example_dags/example_setup_teardown.py for tasks to queue
[2024-06-14T12:11:35.853+0000] {logging_mixin.py:188} INFO - [2024-06-14T12:11:35.853+0000] {dagbag.py:545} INFO - Filling up the DagBag from /home/airflow/.local/lib/python3.12/site-packages/airflow/example_dags/example_setup_teardown.py
[2024-06-14T12:11:35.859+0000] {processor.py:840} INFO - DAG(s) 'example_setup_teardown' retrieved from /home/airflow/.local/lib/python3.12/site-packages/airflow/example_dags/example_setup_teardown.py
[2024-06-14T12:11:35.873+0000] {logging_mixin.py:188} INFO - [2024-06-14T12:11:35.873+0000] {dag.py:3096} INFO - Sync 1 DAGs
[2024-06-14T12:11:35.891+0000] {logging_mixin.py:188} INFO - [2024-06-14T12:11:35.891+0000] {dag.py:3954} INFO - Setting next_dagrun for example_setup_teardown to 2024-06-13 00:00:00+00:00, run_after=2024-06-14 00:00:00+00:00
[2024-06-14T12:11:35.911+0000] {processor.py:183} INFO - Processing /home/airflow/.local/lib/python3.12/site-packages/airflow/example_dags/example_setup_teardown.py took 0.064 seconds
[2024-06-14T12:12:06.137+0000] {processor.py:161} INFO - Started process (PID=714) to work on /home/airflow/.local/lib/python3.12/site-packages/airflow/example_dags/example_setup_teardown.py
[2024-06-14T12:12:06.138+0000] {processor.py:830} INFO - Processing file /home/airflow/.local/lib/python3.12/site-packages/airflow/example_dags/example_setup_teardown.py for tasks to queue
[2024-06-14T12:12:06.140+0000] {logging_mixin.py:188} INFO - [2024-06-14T12:12:06.139+0000] {dagbag.py:545} INFO - Filling up the DagBag from /home/airflow/.local/lib/python3.12/site-packages/airflow/example_dags/example_setup_teardown.py
[2024-06-14T12:12:06.144+0000] {processor.py:840} INFO - DAG(s) 'example_setup_teardown' retrieved from /home/airflow/.local/lib/python3.12/site-packages/airflow/example_dags/example_setup_teardown.py
[2024-06-14T12:12:06.158+0000] {logging_mixin.py:188} INFO - [2024-06-14T12:12:06.157+0000] {dag.py:3096} INFO - Sync 1 DAGs
[2024-06-14T12:12:06.175+0000] {logging_mixin.py:188} INFO - [2024-06-14T12:12:06.174+0000] {dag.py:3954} INFO - Setting next_dagrun for example_setup_teardown to 2024-06-13 00:00:00+00:00, run_after=2024-06-14 00:00:00+00:00
[2024-06-14T12:12:06.188+0000] {processor.py:183} INFO - Processing /home/airflow/.local/lib/python3.12/site-packages/airflow/example_dags/example_setup_teardown.py took 0.056 seconds
[2024-06-14T12:12:36.233+0000] {processor.py:161} INFO - Started process (PID=772) to work on /home/airflow/.local/lib/python3.12/site-packages/airflow/example_dags/example_setup_teardown.py
[2024-06-14T12:12:36.234+0000] {processor.py:830} INFO - Processing file /home/airflow/.local/lib/python3.12/site-packages/airflow/example_dags/example_setup_teardown.py for tasks to queue
[2024-06-14T12:12:36.235+0000] {logging_mixin.py:188} INFO - [2024-06-14T12:12:36.235+0000] {dagbag.py:545} INFO - Filling up the DagBag from /home/airflow/.local/lib/python3.12/site-packages/airflow/example_dags/example_setup_teardown.py
[2024-06-14T12:12:36.240+0000] {processor.py:840} INFO - DAG(s) 'example_setup_teardown' retrieved from /home/airflow/.local/lib/python3.12/site-packages/airflow/example_dags/example_setup_teardown.py
[2024-06-14T12:12:36.253+0000] {logging_mixin.py:188} INFO - [2024-06-14T12:12:36.253+0000] {dag.py:3096} INFO - Sync 1 DAGs
[2024-06-14T12:12:36.270+0000] {logging_mixin.py:188} INFO - [2024-06-14T12:12:36.269+0000] {dag.py:3954} INFO - Setting next_dagrun for example_setup_teardown to 2024-06-13 00:00:00+00:00, run_after=2024-06-14 00:00:00+00:00
[2024-06-14T12:12:36.284+0000] {processor.py:183} INFO - Processing /home/airflow/.local/lib/python3.12/site-packages/airflow/example_dags/example_setup_teardown.py took 0.055 seconds
[2024-06-14T12:13:06.473+0000] {processor.py:161} INFO - Started process (PID=830) to work on /home/airflow/.local/lib/python3.12/site-packages/airflow/example_dags/example_setup_teardown.py
[2024-06-14T12:13:06.474+0000] {processor.py:830} INFO - Processing file /home/airflow/.local/lib/python3.12/site-packages/airflow/example_dags/example_setup_teardown.py for tasks to queue
[2024-06-14T12:13:06.475+0000] {logging_mixin.py:188} INFO - [2024-06-14T12:13:06.475+0000] {dagbag.py:545} INFO - Filling up the DagBag from /home/airflow/.local/lib/python3.12/site-packages/airflow/example_dags/example_setup_teardown.py
[2024-06-14T12:13:06.479+0000] {processor.py:840} INFO - DAG(s) 'example_setup_teardown' retrieved from /home/airflow/.local/lib/python3.12/site-packages/airflow/example_dags/example_setup_teardown.py
[2024-06-14T12:13:06.493+0000] {logging_mixin.py:188} INFO - [2024-06-14T12:13:06.493+0000] {dag.py:3096} INFO - Sync 1 DAGs
[2024-06-14T12:13:06.509+0000] {logging_mixin.py:188} INFO - [2024-06-14T12:13:06.509+0000] {dag.py:3954} INFO - Setting next_dagrun for example_setup_teardown to 2024-06-13 00:00:00+00:00, run_after=2024-06-14 00:00:00+00:00
[2024-06-14T12:13:06.522+0000] {processor.py:183} INFO - Processing /home/airflow/.local/lib/python3.12/site-packages/airflow/example_dags/example_setup_teardown.py took 0.054 seconds
[2024-06-14T12:13:36.820+0000] {processor.py:161} INFO - Started process (PID=888) to work on /home/airflow/.local/lib/python3.12/site-packages/airflow/example_dags/example_setup_teardown.py
[2024-06-14T12:13:36.821+0000] {processor.py:830} INFO - Processing file /home/airflow/.local/lib/python3.12/site-packages/airflow/example_dags/example_setup_teardown.py for tasks to queue
[2024-06-14T12:13:36.822+0000] {logging_mixin.py:188} INFO - [2024-06-14T12:13:36.822+0000] {dagbag.py:545} INFO - Filling up the DagBag from /home/airflow/.local/lib/python3.12/site-packages/airflow/example_dags/example_setup_teardown.py
[2024-06-14T12:13:36.835+0000] {processor.py:840} INFO - DAG(s) 'example_setup_teardown' retrieved from /home/airflow/.local/lib/python3.12/site-packages/airflow/example_dags/example_setup_teardown.py
[2024-06-14T12:13:36.858+0000] {logging_mixin.py:188} INFO - [2024-06-14T12:13:36.857+0000] {dag.py:3096} INFO - Sync 1 DAGs
[2024-06-14T12:13:36.885+0000] {logging_mixin.py:188} INFO - [2024-06-14T12:13:36.884+0000] {dag.py:3954} INFO - Setting next_dagrun for example_setup_teardown to 2024-06-13 00:00:00+00:00, run_after=2024-06-14 00:00:00+00:00
[2024-06-14T12:13:36.906+0000] {processor.py:183} INFO - Processing /home/airflow/.local/lib/python3.12/site-packages/airflow/example_dags/example_setup_teardown.py took 0.091 seconds
[2024-06-14T12:14:07.177+0000] {processor.py:161} INFO - Started process (PID=946) to work on /home/airflow/.local/lib/python3.12/site-packages/airflow/example_dags/example_setup_teardown.py
[2024-06-14T12:14:07.177+0000] {processor.py:830} INFO - Processing file /home/airflow/.local/lib/python3.12/site-packages/airflow/example_dags/example_setup_teardown.py for tasks to queue
[2024-06-14T12:14:07.179+0000] {logging_mixin.py:188} INFO - [2024-06-14T12:14:07.178+0000] {dagbag.py:545} INFO - Filling up the DagBag from /home/airflow/.local/lib/python3.12/site-packages/airflow/example_dags/example_setup_teardown.py
[2024-06-14T12:14:07.184+0000] {processor.py:840} INFO - DAG(s) 'example_setup_teardown' retrieved from /home/airflow/.local/lib/python3.12/site-packages/airflow/example_dags/example_setup_teardown.py
[2024-06-14T12:14:07.198+0000] {logging_mixin.py:188} INFO - [2024-06-14T12:14:07.198+0000] {dag.py:3096} INFO - Sync 1 DAGs
[2024-06-14T12:14:07.217+0000] {logging_mixin.py:188} INFO - [2024-06-14T12:14:07.217+0000] {dag.py:3954} INFO - Setting next_dagrun for example_setup_teardown to 2024-06-13 00:00:00+00:00, run_after=2024-06-14 00:00:00+00:00
[2024-06-14T12:14:07.236+0000] {processor.py:183} INFO - Processing /home/airflow/.local/lib/python3.12/site-packages/airflow/example_dags/example_setup_teardown.py took 0.064 seconds
[2024-06-14T12:14:37.526+0000] {processor.py:161} INFO - Started process (PID=1004) to work on /home/airflow/.local/lib/python3.12/site-packages/airflow/example_dags/example_setup_teardown.py
[2024-06-14T12:14:37.527+0000] {processor.py:830} INFO - Processing file /home/airflow/.local/lib/python3.12/site-packages/airflow/example_dags/example_setup_teardown.py for tasks to queue
[2024-06-14T12:14:37.528+0000] {logging_mixin.py:188} INFO - [2024-06-14T12:14:37.528+0000] {dagbag.py:545} INFO - Filling up the DagBag from /home/airflow/.local/lib/python3.12/site-packages/airflow/example_dags/example_setup_teardown.py
[2024-06-14T12:14:37.535+0000] {processor.py:840} INFO - DAG(s) 'example_setup_teardown' retrieved from /home/airflow/.local/lib/python3.12/site-packages/airflow/example_dags/example_setup_teardown.py
[2024-06-14T12:14:37.551+0000] {logging_mixin.py:188} INFO - [2024-06-14T12:14:37.551+0000] {dag.py:3096} INFO - Sync 1 DAGs
[2024-06-14T12:14:37.569+0000] {logging_mixin.py:188} INFO - [2024-06-14T12:14:37.569+0000] {dag.py:3954} INFO - Setting next_dagrun for example_setup_teardown to 2024-06-13 00:00:00+00:00, run_after=2024-06-14 00:00:00+00:00
[2024-06-14T12:14:37.584+0000] {processor.py:183} INFO - Processing /home/airflow/.local/lib/python3.12/site-packages/airflow/example_dags/example_setup_teardown.py took 0.063 seconds
[2024-06-14T12:15:07.838+0000] {processor.py:161} INFO - Started process (PID=1062) to work on /home/airflow/.local/lib/python3.12/site-packages/airflow/example_dags/example_setup_teardown.py
[2024-06-14T12:15:07.838+0000] {processor.py:830} INFO - Processing file /home/airflow/.local/lib/python3.12/site-packages/airflow/example_dags/example_setup_teardown.py for tasks to queue
[2024-06-14T12:15:07.840+0000] {logging_mixin.py:188} INFO - [2024-06-14T12:15:07.840+0000] {dagbag.py:545} INFO - Filling up the DagBag from /home/airflow/.local/lib/python3.12/site-packages/airflow/example_dags/example_setup_teardown.py
[2024-06-14T12:15:07.847+0000] {processor.py:840} INFO - DAG(s) 'example_setup_teardown' retrieved from /home/airflow/.local/lib/python3.12/site-packages/airflow/example_dags/example_setup_teardown.py
[2024-06-14T12:15:07.861+0000] {logging_mixin.py:188} INFO - [2024-06-14T12:15:07.861+0000] {dag.py:3096} INFO - Sync 1 DAGs
[2024-06-14T12:15:07.877+0000] {logging_mixin.py:188} INFO - [2024-06-14T12:15:07.876+0000] {dag.py:3954} INFO - Setting next_dagrun for example_setup_teardown to 2024-06-13 00:00:00+00:00, run_after=2024-06-14 00:00:00+00:00
[2024-06-14T12:15:07.890+0000] {processor.py:183} INFO - Processing /home/airflow/.local/lib/python3.12/site-packages/airflow/example_dags/example_setup_teardown.py took 0.058 seconds
[2024-06-14T12:15:38.077+0000] {processor.py:161} INFO - Started process (PID=1120) to work on /home/airflow/.local/lib/python3.12/site-packages/airflow/example_dags/example_setup_teardown.py
[2024-06-14T12:15:38.078+0000] {processor.py:830} INFO - Processing file /home/airflow/.local/lib/python3.12/site-packages/airflow/example_dags/example_setup_teardown.py for tasks to queue
[2024-06-14T12:15:38.080+0000] {logging_mixin.py:188} INFO - [2024-06-14T12:15:38.080+0000] {dagbag.py:545} INFO - Filling up the DagBag from /home/airflow/.local/lib/python3.12/site-packages/airflow/example_dags/example_setup_teardown.py
[2024-06-14T12:15:38.085+0000] {processor.py:840} INFO - DAG(s) 'example_setup_teardown' retrieved from /home/airflow/.local/lib/python3.12/site-packages/airflow/example_dags/example_setup_teardown.py
[2024-06-14T12:15:38.100+0000] {logging_mixin.py:188} INFO - [2024-06-14T12:15:38.100+0000] {dag.py:3096} INFO - Sync 1 DAGs
[2024-06-14T12:15:38.115+0000] {logging_mixin.py:188} INFO - [2024-06-14T12:15:38.115+0000] {dag.py:3954} INFO - Setting next_dagrun for example_setup_teardown to 2024-06-13 00:00:00+00:00, run_after=2024-06-14 00:00:00+00:00
[2024-06-14T12:15:38.128+0000] {processor.py:183} INFO - Processing /home/airflow/.local/lib/python3.12/site-packages/airflow/example_dags/example_setup_teardown.py took 0.054 seconds
[2024-06-14T12:16:08.409+0000] {processor.py:161} INFO - Started process (PID=1178) to work on /home/airflow/.local/lib/python3.12/site-packages/airflow/example_dags/example_setup_teardown.py
[2024-06-14T12:16:08.410+0000] {processor.py:830} INFO - Processing file /home/airflow/.local/lib/python3.12/site-packages/airflow/example_dags/example_setup_teardown.py for tasks to queue
[2024-06-14T12:16:08.411+0000] {logging_mixin.py:188} INFO - [2024-06-14T12:16:08.411+0000] {dagbag.py:545} INFO - Filling up the DagBag from /home/airflow/.local/lib/python3.12/site-packages/airflow/example_dags/example_setup_teardown.py
[2024-06-14T12:16:08.415+0000] {processor.py:840} INFO - DAG(s) 'example_setup_teardown' retrieved from /home/airflow/.local/lib/python3.12/site-packages/airflow/example_dags/example_setup_teardown.py
[2024-06-14T12:16:08.430+0000] {logging_mixin.py:188} INFO - [2024-06-14T12:16:08.430+0000] {dag.py:3096} INFO - Sync 1 DAGs
[2024-06-14T12:16:08.447+0000] {logging_mixin.py:188} INFO - [2024-06-14T12:16:08.447+0000] {dag.py:3954} INFO - Setting next_dagrun for example_setup_teardown to 2024-06-13 00:00:00+00:00, run_after=2024-06-14 00:00:00+00:00
[2024-06-14T12:16:08.460+0000] {processor.py:183} INFO - Processing /home/airflow/.local/lib/python3.12/site-packages/airflow/example_dags/example_setup_teardown.py took 0.055 seconds
[2024-06-14T12:16:38.748+0000] {processor.py:161} INFO - Started process (PID=1236) to work on /home/airflow/.local/lib/python3.12/site-packages/airflow/example_dags/example_setup_teardown.py
[2024-06-14T12:16:38.748+0000] {processor.py:830} INFO - Processing file /home/airflow/.local/lib/python3.12/site-packages/airflow/example_dags/example_setup_teardown.py for tasks to queue
[2024-06-14T12:16:38.750+0000] {logging_mixin.py:188} INFO - [2024-06-14T12:16:38.750+0000] {dagbag.py:545} INFO - Filling up the DagBag from /home/airflow/.local/lib/python3.12/site-packages/airflow/example_dags/example_setup_teardown.py
[2024-06-14T12:16:38.755+0000] {processor.py:840} INFO - DAG(s) 'example_setup_teardown' retrieved from /home/airflow/.local/lib/python3.12/site-packages/airflow/example_dags/example_setup_teardown.py
[2024-06-14T12:16:38.771+0000] {logging_mixin.py:188} INFO - [2024-06-14T12:16:38.771+0000] {dag.py:3096} INFO - Sync 1 DAGs
[2024-06-14T12:16:38.792+0000] {logging_mixin.py:188} INFO - [2024-06-14T12:16:38.791+0000] {dag.py:3954} INFO - Setting next_dagrun for example_setup_teardown to 2024-06-13 00:00:00+00:00, run_after=2024-06-14 00:00:00+00:00
[2024-06-14T12:16:38.808+0000] {processor.py:183} INFO - Processing /home/airflow/.local/lib/python3.12/site-packages/airflow/example_dags/example_setup_teardown.py took 0.064 seconds
[2024-06-14T12:17:09.097+0000] {processor.py:161} INFO - Started process (PID=1294) to work on /home/airflow/.local/lib/python3.12/site-packages/airflow/example_dags/example_setup_teardown.py
[2024-06-14T12:17:09.098+0000] {processor.py:830} INFO - Processing file /home/airflow/.local/lib/python3.12/site-packages/airflow/example_dags/example_setup_teardown.py for tasks to queue
[2024-06-14T12:17:09.099+0000] {logging_mixin.py:188} INFO - [2024-06-14T12:17:09.099+0000] {dagbag.py:545} INFO - Filling up the DagBag from /home/airflow/.local/lib/python3.12/site-packages/airflow/example_dags/example_setup_teardown.py
[2024-06-14T12:17:09.104+0000] {processor.py:840} INFO - DAG(s) 'example_setup_teardown' retrieved from /home/airflow/.local/lib/python3.12/site-packages/airflow/example_dags/example_setup_teardown.py
[2024-06-14T12:17:09.121+0000] {logging_mixin.py:188} INFO - [2024-06-14T12:17:09.121+0000] {dag.py:3096} INFO - Sync 1 DAGs
[2024-06-14T12:17:09.144+0000] {logging_mixin.py:188} INFO - [2024-06-14T12:17:09.144+0000] {dag.py:3954} INFO - Setting next_dagrun for example_setup_teardown to 2024-06-13 00:00:00+00:00, run_after=2024-06-14 00:00:00+00:00
[2024-06-14T12:17:09.161+0000] {processor.py:183} INFO - Processing /home/airflow/.local/lib/python3.12/site-packages/airflow/example_dags/example_setup_teardown.py took 0.068 seconds
[2024-06-14T12:17:39.465+0000] {processor.py:161} INFO - Started process (PID=1352) to work on /home/airflow/.local/lib/python3.12/site-packages/airflow/example_dags/example_setup_teardown.py
[2024-06-14T12:17:39.466+0000] {processor.py:830} INFO - Processing file /home/airflow/.local/lib/python3.12/site-packages/airflow/example_dags/example_setup_teardown.py for tasks to queue
[2024-06-14T12:17:39.467+0000] {logging_mixin.py:188} INFO - [2024-06-14T12:17:39.467+0000] {dagbag.py:545} INFO - Filling up the DagBag from /home/airflow/.local/lib/python3.12/site-packages/airflow/example_dags/example_setup_teardown.py
[2024-06-14T12:17:39.473+0000] {processor.py:840} INFO - DAG(s) 'example_setup_teardown' retrieved from /home/airflow/.local/lib/python3.12/site-packages/airflow/example_dags/example_setup_teardown.py
[2024-06-14T12:17:39.488+0000] {logging_mixin.py:188} INFO - [2024-06-14T12:17:39.488+0000] {dag.py:3096} INFO - Sync 1 DAGs
[2024-06-14T12:17:39.502+0000] {logging_mixin.py:188} INFO - [2024-06-14T12:17:39.502+0000] {dag.py:3954} INFO - Setting next_dagrun for example_setup_teardown to 2024-06-13 00:00:00+00:00, run_after=2024-06-14 00:00:00+00:00
[2024-06-14T12:17:39.517+0000] {processor.py:183} INFO - Processing /home/airflow/.local/lib/python3.12/site-packages/airflow/example_dags/example_setup_teardown.py took 0.058 seconds
[2024-06-14T12:18:41.995+0000] {processor.py:161} INFO - Started process (PID=62) to work on /home/airflow/.local/lib/python3.12/site-packages/airflow/example_dags/example_setup_teardown.py
[2024-06-14T12:18:41.996+0000] {processor.py:830} INFO - Processing file /home/airflow/.local/lib/python3.12/site-packages/airflow/example_dags/example_setup_teardown.py for tasks to queue
[2024-06-14T12:18:41.998+0000] {logging_mixin.py:188} INFO - [2024-06-14T12:18:41.998+0000] {dagbag.py:545} INFO - Filling up the DagBag from /home/airflow/.local/lib/python3.12/site-packages/airflow/example_dags/example_setup_teardown.py
[2024-06-14T12:18:42.006+0000] {processor.py:840} INFO - DAG(s) 'example_setup_teardown' retrieved from /home/airflow/.local/lib/python3.12/site-packages/airflow/example_dags/example_setup_teardown.py
[2024-06-14T12:18:42.015+0000] {logging_mixin.py:188} INFO - [2024-06-14T12:18:42.015+0000] {dag.py:3096} INFO - Sync 1 DAGs
[2024-06-14T12:18:42.038+0000] {logging_mixin.py:188} INFO - [2024-06-14T12:18:42.038+0000] {dag.py:3954} INFO - Setting next_dagrun for example_setup_teardown to 2024-06-13 00:00:00+00:00, run_after=2024-06-14 00:00:00+00:00
[2024-06-14T12:18:42.058+0000] {processor.py:183} INFO - Processing /home/airflow/.local/lib/python3.12/site-packages/airflow/example_dags/example_setup_teardown.py took 0.067 seconds
[2024-06-14T12:19:13.514+0000] {processor.py:161} INFO - Started process (PID=120) to work on /home/airflow/.local/lib/python3.12/site-packages/airflow/example_dags/example_setup_teardown.py
[2024-06-14T12:19:13.515+0000] {processor.py:830} INFO - Processing file /home/airflow/.local/lib/python3.12/site-packages/airflow/example_dags/example_setup_teardown.py for tasks to queue
[2024-06-14T12:19:13.517+0000] {logging_mixin.py:188} INFO - [2024-06-14T12:19:13.517+0000] {dagbag.py:545} INFO - Filling up the DagBag from /home/airflow/.local/lib/python3.12/site-packages/airflow/example_dags/example_setup_teardown.py
[2024-06-14T12:19:13.521+0000] {processor.py:840} INFO - DAG(s) 'example_setup_teardown' retrieved from /home/airflow/.local/lib/python3.12/site-packages/airflow/example_dags/example_setup_teardown.py
[2024-06-14T12:19:13.593+0000] {logging_mixin.py:188} INFO - [2024-06-14T12:19:13.593+0000] {dag.py:3096} INFO - Sync 1 DAGs
[2024-06-14T12:19:13.608+0000] {logging_mixin.py:188} INFO - [2024-06-14T12:19:13.608+0000] {dag.py:3954} INFO - Setting next_dagrun for example_setup_teardown to 2024-06-13 00:00:00+00:00, run_after=2024-06-14 00:00:00+00:00
[2024-06-14T12:19:13.622+0000] {processor.py:183} INFO - Processing /home/airflow/.local/lib/python3.12/site-packages/airflow/example_dags/example_setup_teardown.py took 0.111 seconds
[2024-06-14T12:19:44.359+0000] {processor.py:161} INFO - Started process (PID=178) to work on /home/airflow/.local/lib/python3.12/site-packages/airflow/example_dags/example_setup_teardown.py
[2024-06-14T12:19:44.360+0000] {processor.py:830} INFO - Processing file /home/airflow/.local/lib/python3.12/site-packages/airflow/example_dags/example_setup_teardown.py for tasks to queue
[2024-06-14T12:19:44.361+0000] {logging_mixin.py:188} INFO - [2024-06-14T12:19:44.361+0000] {dagbag.py:545} INFO - Filling up the DagBag from /home/airflow/.local/lib/python3.12/site-packages/airflow/example_dags/example_setup_teardown.py
[2024-06-14T12:19:44.366+0000] {processor.py:840} INFO - DAG(s) 'example_setup_teardown' retrieved from /home/airflow/.local/lib/python3.12/site-packages/airflow/example_dags/example_setup_teardown.py
[2024-06-14T12:19:44.382+0000] {logging_mixin.py:188} INFO - [2024-06-14T12:19:44.382+0000] {dag.py:3096} INFO - Sync 1 DAGs
[2024-06-14T12:19:44.404+0000] {logging_mixin.py:188} INFO - [2024-06-14T12:19:44.404+0000] {dag.py:3954} INFO - Setting next_dagrun for example_setup_teardown to 2024-06-13 00:00:00+00:00, run_after=2024-06-14 00:00:00+00:00
[2024-06-14T12:19:44.422+0000] {processor.py:183} INFO - Processing /home/airflow/.local/lib/python3.12/site-packages/airflow/example_dags/example_setup_teardown.py took 0.068 seconds
[2024-06-14T12:20:14.840+0000] {processor.py:161} INFO - Started process (PID=236) to work on /home/airflow/.local/lib/python3.12/site-packages/airflow/example_dags/example_setup_teardown.py
[2024-06-14T12:20:14.841+0000] {processor.py:830} INFO - Processing file /home/airflow/.local/lib/python3.12/site-packages/airflow/example_dags/example_setup_teardown.py for tasks to queue
[2024-06-14T12:20:14.843+0000] {logging_mixin.py:188} INFO - [2024-06-14T12:20:14.842+0000] {dagbag.py:545} INFO - Filling up the DagBag from /home/airflow/.local/lib/python3.12/site-packages/airflow/example_dags/example_setup_teardown.py
[2024-06-14T12:20:14.847+0000] {processor.py:840} INFO - DAG(s) 'example_setup_teardown' retrieved from /home/airflow/.local/lib/python3.12/site-packages/airflow/example_dags/example_setup_teardown.py
[2024-06-14T12:20:14.864+0000] {logging_mixin.py:188} INFO - [2024-06-14T12:20:14.863+0000] {dag.py:3096} INFO - Sync 1 DAGs
[2024-06-14T12:20:14.881+0000] {logging_mixin.py:188} INFO - [2024-06-14T12:20:14.880+0000] {dag.py:3954} INFO - Setting next_dagrun for example_setup_teardown to 2024-06-13 00:00:00+00:00, run_after=2024-06-14 00:00:00+00:00
[2024-06-14T12:20:14.897+0000] {processor.py:183} INFO - Processing /home/airflow/.local/lib/python3.12/site-packages/airflow/example_dags/example_setup_teardown.py took 0.061 seconds
[2024-06-14T12:20:45.100+0000] {processor.py:161} INFO - Started process (PID=294) to work on /home/airflow/.local/lib/python3.12/site-packages/airflow/example_dags/example_setup_teardown.py
[2024-06-14T12:20:45.101+0000] {processor.py:830} INFO - Processing file /home/airflow/.local/lib/python3.12/site-packages/airflow/example_dags/example_setup_teardown.py for tasks to queue
[2024-06-14T12:20:45.102+0000] {logging_mixin.py:188} INFO - [2024-06-14T12:20:45.102+0000] {dagbag.py:545} INFO - Filling up the DagBag from /home/airflow/.local/lib/python3.12/site-packages/airflow/example_dags/example_setup_teardown.py
[2024-06-14T12:20:45.107+0000] {processor.py:840} INFO - DAG(s) 'example_setup_teardown' retrieved from /home/airflow/.local/lib/python3.12/site-packages/airflow/example_dags/example_setup_teardown.py
[2024-06-14T12:20:45.125+0000] {logging_mixin.py:188} INFO - [2024-06-14T12:20:45.125+0000] {dag.py:3096} INFO - Sync 1 DAGs
[2024-06-14T12:20:45.140+0000] {logging_mixin.py:188} INFO - [2024-06-14T12:20:45.139+0000] {dag.py:3954} INFO - Setting next_dagrun for example_setup_teardown to 2024-06-13 00:00:00+00:00, run_after=2024-06-14 00:00:00+00:00
[2024-06-14T12:20:45.153+0000] {processor.py:183} INFO - Processing /home/airflow/.local/lib/python3.12/site-packages/airflow/example_dags/example_setup_teardown.py took 0.057 seconds
[2024-06-14T12:21:15.397+0000] {processor.py:161} INFO - Started process (PID=352) to work on /home/airflow/.local/lib/python3.12/site-packages/airflow/example_dags/example_setup_teardown.py
[2024-06-14T12:21:15.397+0000] {processor.py:830} INFO - Processing file /home/airflow/.local/lib/python3.12/site-packages/airflow/example_dags/example_setup_teardown.py for tasks to queue
[2024-06-14T12:21:15.399+0000] {logging_mixin.py:188} INFO - [2024-06-14T12:21:15.399+0000] {dagbag.py:545} INFO - Filling up the DagBag from /home/airflow/.local/lib/python3.12/site-packages/airflow/example_dags/example_setup_teardown.py
[2024-06-14T12:21:15.405+0000] {processor.py:840} INFO - DAG(s) 'example_setup_teardown' retrieved from /home/airflow/.local/lib/python3.12/site-packages/airflow/example_dags/example_setup_teardown.py
[2024-06-14T12:21:15.421+0000] {logging_mixin.py:188} INFO - [2024-06-14T12:21:15.421+0000] {dag.py:3096} INFO - Sync 1 DAGs
[2024-06-14T12:21:15.440+0000] {logging_mixin.py:188} INFO - [2024-06-14T12:21:15.440+0000] {dag.py:3954} INFO - Setting next_dagrun for example_setup_teardown to 2024-06-13 00:00:00+00:00, run_after=2024-06-14 00:00:00+00:00
[2024-06-14T12:21:15.460+0000] {processor.py:183} INFO - Processing /home/airflow/.local/lib/python3.12/site-packages/airflow/example_dags/example_setup_teardown.py took 0.068 seconds
[2024-06-14T12:21:45.841+0000] {processor.py:161} INFO - Started process (PID=410) to work on /home/airflow/.local/lib/python3.12/site-packages/airflow/example_dags/example_setup_teardown.py
[2024-06-14T12:21:45.842+0000] {processor.py:830} INFO - Processing file /home/airflow/.local/lib/python3.12/site-packages/airflow/example_dags/example_setup_teardown.py for tasks to queue
[2024-06-14T12:21:45.843+0000] {logging_mixin.py:188} INFO - [2024-06-14T12:21:45.843+0000] {dagbag.py:545} INFO - Filling up the DagBag from /home/airflow/.local/lib/python3.12/site-packages/airflow/example_dags/example_setup_teardown.py
[2024-06-14T12:21:45.849+0000] {processor.py:840} INFO - DAG(s) 'example_setup_teardown' retrieved from /home/airflow/.local/lib/python3.12/site-packages/airflow/example_dags/example_setup_teardown.py
[2024-06-14T12:21:45.868+0000] {logging_mixin.py:188} INFO - [2024-06-14T12:21:45.868+0000] {dag.py:3096} INFO - Sync 1 DAGs
[2024-06-14T12:21:45.885+0000] {logging_mixin.py:188} INFO - [2024-06-14T12:21:45.885+0000] {dag.py:3954} INFO - Setting next_dagrun for example_setup_teardown to 2024-06-13 00:00:00+00:00, run_after=2024-06-14 00:00:00+00:00
[2024-06-14T12:21:45.902+0000] {processor.py:183} INFO - Processing /home/airflow/.local/lib/python3.12/site-packages/airflow/example_dags/example_setup_teardown.py took 0.065 seconds
[2024-06-14T12:22:16.315+0000] {processor.py:161} INFO - Started process (PID=469) to work on /home/airflow/.local/lib/python3.12/site-packages/airflow/example_dags/example_setup_teardown.py
[2024-06-14T12:22:16.317+0000] {processor.py:830} INFO - Processing file /home/airflow/.local/lib/python3.12/site-packages/airflow/example_dags/example_setup_teardown.py for tasks to queue
[2024-06-14T12:22:16.319+0000] {logging_mixin.py:188} INFO - [2024-06-14T12:22:16.319+0000] {dagbag.py:545} INFO - Filling up the DagBag from /home/airflow/.local/lib/python3.12/site-packages/airflow/example_dags/example_setup_teardown.py
[2024-06-14T12:22:16.325+0000] {processor.py:840} INFO - DAG(s) 'example_setup_teardown' retrieved from /home/airflow/.local/lib/python3.12/site-packages/airflow/example_dags/example_setup_teardown.py
[2024-06-14T12:22:16.341+0000] {logging_mixin.py:188} INFO - [2024-06-14T12:22:16.341+0000] {dag.py:3096} INFO - Sync 1 DAGs
[2024-06-14T12:22:16.359+0000] {logging_mixin.py:188} INFO - [2024-06-14T12:22:16.359+0000] {dag.py:3954} INFO - Setting next_dagrun for example_setup_teardown to 2024-06-13 00:00:00+00:00, run_after=2024-06-14 00:00:00+00:00
[2024-06-14T12:22:16.376+0000] {processor.py:183} INFO - Processing /home/airflow/.local/lib/python3.12/site-packages/airflow/example_dags/example_setup_teardown.py took 0.064 seconds
[2024-06-14T12:22:46.620+0000] {processor.py:161} INFO - Started process (PID=527) to work on /home/airflow/.local/lib/python3.12/site-packages/airflow/example_dags/example_setup_teardown.py
[2024-06-14T12:22:46.620+0000] {processor.py:830} INFO - Processing file /home/airflow/.local/lib/python3.12/site-packages/airflow/example_dags/example_setup_teardown.py for tasks to queue
[2024-06-14T12:22:46.622+0000] {logging_mixin.py:188} INFO - [2024-06-14T12:22:46.622+0000] {dagbag.py:545} INFO - Filling up the DagBag from /home/airflow/.local/lib/python3.12/site-packages/airflow/example_dags/example_setup_teardown.py
[2024-06-14T12:22:46.626+0000] {processor.py:840} INFO - DAG(s) 'example_setup_teardown' retrieved from /home/airflow/.local/lib/python3.12/site-packages/airflow/example_dags/example_setup_teardown.py
[2024-06-14T12:22:46.640+0000] {logging_mixin.py:188} INFO - [2024-06-14T12:22:46.640+0000] {dag.py:3096} INFO - Sync 1 DAGs
[2024-06-14T12:22:46.655+0000] {logging_mixin.py:188} INFO - [2024-06-14T12:22:46.655+0000] {dag.py:3954} INFO - Setting next_dagrun for example_setup_teardown to 2024-06-13 00:00:00+00:00, run_after=2024-06-14 00:00:00+00:00
[2024-06-14T12:22:46.669+0000] {processor.py:183} INFO - Processing /home/airflow/.local/lib/python3.12/site-packages/airflow/example_dags/example_setup_teardown.py took 0.054 seconds
[2024-06-14T12:23:16.904+0000] {processor.py:161} INFO - Started process (PID=585) to work on /home/airflow/.local/lib/python3.12/site-packages/airflow/example_dags/example_setup_teardown.py
[2024-06-14T12:23:16.904+0000] {processor.py:830} INFO - Processing file /home/airflow/.local/lib/python3.12/site-packages/airflow/example_dags/example_setup_teardown.py for tasks to queue
[2024-06-14T12:23:16.906+0000] {logging_mixin.py:188} INFO - [2024-06-14T12:23:16.906+0000] {dagbag.py:545} INFO - Filling up the DagBag from /home/airflow/.local/lib/python3.12/site-packages/airflow/example_dags/example_setup_teardown.py
[2024-06-14T12:23:16.910+0000] {processor.py:840} INFO - DAG(s) 'example_setup_teardown' retrieved from /home/airflow/.local/lib/python3.12/site-packages/airflow/example_dags/example_setup_teardown.py
[2024-06-14T12:23:16.924+0000] {logging_mixin.py:188} INFO - [2024-06-14T12:23:16.924+0000] {dag.py:3096} INFO - Sync 1 DAGs
[2024-06-14T12:23:16.941+0000] {logging_mixin.py:188} INFO - [2024-06-14T12:23:16.941+0000] {dag.py:3954} INFO - Setting next_dagrun for example_setup_teardown to 2024-06-13 00:00:00+00:00, run_after=2024-06-14 00:00:00+00:00
[2024-06-14T12:23:16.955+0000] {processor.py:183} INFO - Processing /home/airflow/.local/lib/python3.12/site-packages/airflow/example_dags/example_setup_teardown.py took 0.055 seconds
[2024-06-14T12:23:47.462+0000] {processor.py:161} INFO - Started process (PID=643) to work on /home/airflow/.local/lib/python3.12/site-packages/airflow/example_dags/example_setup_teardown.py
[2024-06-14T12:23:47.462+0000] {processor.py:830} INFO - Processing file /home/airflow/.local/lib/python3.12/site-packages/airflow/example_dags/example_setup_teardown.py for tasks to queue
[2024-06-14T12:23:47.464+0000] {logging_mixin.py:188} INFO - [2024-06-14T12:23:47.464+0000] {dagbag.py:545} INFO - Filling up the DagBag from /home/airflow/.local/lib/python3.12/site-packages/airflow/example_dags/example_setup_teardown.py
[2024-06-14T12:23:47.469+0000] {processor.py:840} INFO - DAG(s) 'example_setup_teardown' retrieved from /home/airflow/.local/lib/python3.12/site-packages/airflow/example_dags/example_setup_teardown.py
[2024-06-14T12:23:47.485+0000] {logging_mixin.py:188} INFO - [2024-06-14T12:23:47.485+0000] {dag.py:3096} INFO - Sync 1 DAGs
[2024-06-14T12:23:47.503+0000] {logging_mixin.py:188} INFO - [2024-06-14T12:23:47.502+0000] {dag.py:3954} INFO - Setting next_dagrun for example_setup_teardown to 2024-06-13 00:00:00+00:00, run_after=2024-06-14 00:00:00+00:00
[2024-06-14T12:23:47.521+0000] {processor.py:183} INFO - Processing /home/airflow/.local/lib/python3.12/site-packages/airflow/example_dags/example_setup_teardown.py took 0.063 seconds
[2024-06-14T12:24:17.715+0000] {processor.py:161} INFO - Started process (PID=702) to work on /home/airflow/.local/lib/python3.12/site-packages/airflow/example_dags/example_setup_teardown.py
[2024-06-14T12:24:17.716+0000] {processor.py:830} INFO - Processing file /home/airflow/.local/lib/python3.12/site-packages/airflow/example_dags/example_setup_teardown.py for tasks to queue
[2024-06-14T12:24:17.718+0000] {logging_mixin.py:188} INFO - [2024-06-14T12:24:17.717+0000] {dagbag.py:545} INFO - Filling up the DagBag from /home/airflow/.local/lib/python3.12/site-packages/airflow/example_dags/example_setup_teardown.py
[2024-06-14T12:24:17.723+0000] {processor.py:840} INFO - DAG(s) 'example_setup_teardown' retrieved from /home/airflow/.local/lib/python3.12/site-packages/airflow/example_dags/example_setup_teardown.py
[2024-06-14T12:24:17.740+0000] {logging_mixin.py:188} INFO - [2024-06-14T12:24:17.740+0000] {dag.py:3096} INFO - Sync 1 DAGs
[2024-06-14T12:24:17.761+0000] {logging_mixin.py:188} INFO - [2024-06-14T12:24:17.761+0000] {dag.py:3954} INFO - Setting next_dagrun for example_setup_teardown to 2024-06-13 00:00:00+00:00, run_after=2024-06-14 00:00:00+00:00
[2024-06-14T12:24:17.778+0000] {processor.py:183} INFO - Processing /home/airflow/.local/lib/python3.12/site-packages/airflow/example_dags/example_setup_teardown.py took 0.067 seconds
[2024-06-14T12:24:47.965+0000] {processor.py:161} INFO - Started process (PID=760) to work on /home/airflow/.local/lib/python3.12/site-packages/airflow/example_dags/example_setup_teardown.py
[2024-06-14T12:24:47.965+0000] {processor.py:830} INFO - Processing file /home/airflow/.local/lib/python3.12/site-packages/airflow/example_dags/example_setup_teardown.py for tasks to queue
[2024-06-14T12:24:47.967+0000] {logging_mixin.py:188} INFO - [2024-06-14T12:24:47.966+0000] {dagbag.py:545} INFO - Filling up the DagBag from /home/airflow/.local/lib/python3.12/site-packages/airflow/example_dags/example_setup_teardown.py
[2024-06-14T12:24:47.971+0000] {processor.py:840} INFO - DAG(s) 'example_setup_teardown' retrieved from /home/airflow/.local/lib/python3.12/site-packages/airflow/example_dags/example_setup_teardown.py
[2024-06-14T12:24:47.987+0000] {logging_mixin.py:188} INFO - [2024-06-14T12:24:47.987+0000] {dag.py:3096} INFO - Sync 1 DAGs
[2024-06-14T12:24:48.002+0000] {logging_mixin.py:188} INFO - [2024-06-14T12:24:48.002+0000] {dag.py:3954} INFO - Setting next_dagrun for example_setup_teardown to 2024-06-13 00:00:00+00:00, run_after=2024-06-14 00:00:00+00:00
[2024-06-14T12:24:48.018+0000] {processor.py:183} INFO - Processing /home/airflow/.local/lib/python3.12/site-packages/airflow/example_dags/example_setup_teardown.py took 0.057 seconds
[2024-06-14T12:25:18.380+0000] {processor.py:161} INFO - Started process (PID=818) to work on /home/airflow/.local/lib/python3.12/site-packages/airflow/example_dags/example_setup_teardown.py
[2024-06-14T12:25:18.380+0000] {processor.py:830} INFO - Processing file /home/airflow/.local/lib/python3.12/site-packages/airflow/example_dags/example_setup_teardown.py for tasks to queue
[2024-06-14T12:25:18.382+0000] {logging_mixin.py:188} INFO - [2024-06-14T12:25:18.382+0000] {dagbag.py:545} INFO - Filling up the DagBag from /home/airflow/.local/lib/python3.12/site-packages/airflow/example_dags/example_setup_teardown.py
[2024-06-14T12:25:18.387+0000] {processor.py:840} INFO - DAG(s) 'example_setup_teardown' retrieved from /home/airflow/.local/lib/python3.12/site-packages/airflow/example_dags/example_setup_teardown.py
[2024-06-14T12:25:18.402+0000] {logging_mixin.py:188} INFO - [2024-06-14T12:25:18.401+0000] {dag.py:3096} INFO - Sync 1 DAGs
[2024-06-14T12:25:18.420+0000] {logging_mixin.py:188} INFO - [2024-06-14T12:25:18.420+0000] {dag.py:3954} INFO - Setting next_dagrun for example_setup_teardown to 2024-06-13 00:00:00+00:00, run_after=2024-06-14 00:00:00+00:00
[2024-06-14T12:25:18.440+0000] {processor.py:183} INFO - Processing /home/airflow/.local/lib/python3.12/site-packages/airflow/example_dags/example_setup_teardown.py took 0.065 seconds
[2024-06-14T12:25:48.736+0000] {processor.py:161} INFO - Started process (PID=876) to work on /home/airflow/.local/lib/python3.12/site-packages/airflow/example_dags/example_setup_teardown.py
[2024-06-14T12:25:48.737+0000] {processor.py:830} INFO - Processing file /home/airflow/.local/lib/python3.12/site-packages/airflow/example_dags/example_setup_teardown.py for tasks to queue
[2024-06-14T12:25:48.738+0000] {logging_mixin.py:188} INFO - [2024-06-14T12:25:48.738+0000] {dagbag.py:545} INFO - Filling up the DagBag from /home/airflow/.local/lib/python3.12/site-packages/airflow/example_dags/example_setup_teardown.py
[2024-06-14T12:25:48.744+0000] {processor.py:840} INFO - DAG(s) 'example_setup_teardown' retrieved from /home/airflow/.local/lib/python3.12/site-packages/airflow/example_dags/example_setup_teardown.py
[2024-06-14T12:25:48.762+0000] {logging_mixin.py:188} INFO - [2024-06-14T12:25:48.761+0000] {dag.py:3096} INFO - Sync 1 DAGs
[2024-06-14T12:25:48.781+0000] {logging_mixin.py:188} INFO - [2024-06-14T12:25:48.781+0000] {dag.py:3954} INFO - Setting next_dagrun for example_setup_teardown to 2024-06-13 00:00:00+00:00, run_after=2024-06-14 00:00:00+00:00
[2024-06-14T12:25:48.799+0000] {processor.py:183} INFO - Processing /home/airflow/.local/lib/python3.12/site-packages/airflow/example_dags/example_setup_teardown.py took 0.069 seconds
[2024-06-14T12:26:19.120+0000] {processor.py:161} INFO - Started process (PID=934) to work on /home/airflow/.local/lib/python3.12/site-packages/airflow/example_dags/example_setup_teardown.py
[2024-06-14T12:26:19.121+0000] {processor.py:830} INFO - Processing file /home/airflow/.local/lib/python3.12/site-packages/airflow/example_dags/example_setup_teardown.py for tasks to queue
[2024-06-14T12:26:19.122+0000] {logging_mixin.py:188} INFO - [2024-06-14T12:26:19.122+0000] {dagbag.py:545} INFO - Filling up the DagBag from /home/airflow/.local/lib/python3.12/site-packages/airflow/example_dags/example_setup_teardown.py
[2024-06-14T12:26:19.126+0000] {processor.py:840} INFO - DAG(s) 'example_setup_teardown' retrieved from /home/airflow/.local/lib/python3.12/site-packages/airflow/example_dags/example_setup_teardown.py
[2024-06-14T12:26:19.143+0000] {logging_mixin.py:188} INFO - [2024-06-14T12:26:19.143+0000] {dag.py:3096} INFO - Sync 1 DAGs
[2024-06-14T12:26:19.159+0000] {logging_mixin.py:188} INFO - [2024-06-14T12:26:19.158+0000] {dag.py:3954} INFO - Setting next_dagrun for example_setup_teardown to 2024-06-13 00:00:00+00:00, run_after=2024-06-14 00:00:00+00:00
[2024-06-14T12:26:19.172+0000] {processor.py:183} INFO - Processing /home/airflow/.local/lib/python3.12/site-packages/airflow/example_dags/example_setup_teardown.py took 0.056 seconds
[2024-06-14T12:26:49.407+0000] {processor.py:161} INFO - Started process (PID=992) to work on /home/airflow/.local/lib/python3.12/site-packages/airflow/example_dags/example_setup_teardown.py
[2024-06-14T12:26:49.408+0000] {processor.py:830} INFO - Processing file /home/airflow/.local/lib/python3.12/site-packages/airflow/example_dags/example_setup_teardown.py for tasks to queue
[2024-06-14T12:26:49.409+0000] {logging_mixin.py:188} INFO - [2024-06-14T12:26:49.409+0000] {dagbag.py:545} INFO - Filling up the DagBag from /home/airflow/.local/lib/python3.12/site-packages/airflow/example_dags/example_setup_teardown.py
[2024-06-14T12:26:49.415+0000] {processor.py:840} INFO - DAG(s) 'example_setup_teardown' retrieved from /home/airflow/.local/lib/python3.12/site-packages/airflow/example_dags/example_setup_teardown.py
[2024-06-14T12:26:49.430+0000] {logging_mixin.py:188} INFO - [2024-06-14T12:26:49.430+0000] {dag.py:3096} INFO - Sync 1 DAGs
[2024-06-14T12:26:49.447+0000] {logging_mixin.py:188} INFO - [2024-06-14T12:26:49.447+0000] {dag.py:3954} INFO - Setting next_dagrun for example_setup_teardown to 2024-06-13 00:00:00+00:00, run_after=2024-06-14 00:00:00+00:00
[2024-06-14T12:26:49.462+0000] {processor.py:183} INFO - Processing /home/airflow/.local/lib/python3.12/site-packages/airflow/example_dags/example_setup_teardown.py took 0.060 seconds
[2024-06-14T12:27:19.604+0000] {processor.py:161} INFO - Started process (PID=1050) to work on /home/airflow/.local/lib/python3.12/site-packages/airflow/example_dags/example_setup_teardown.py
[2024-06-14T12:27:19.604+0000] {processor.py:830} INFO - Processing file /home/airflow/.local/lib/python3.12/site-packages/airflow/example_dags/example_setup_teardown.py for tasks to queue
[2024-06-14T12:27:19.606+0000] {logging_mixin.py:188} INFO - [2024-06-14T12:27:19.605+0000] {dagbag.py:545} INFO - Filling up the DagBag from /home/airflow/.local/lib/python3.12/site-packages/airflow/example_dags/example_setup_teardown.py
[2024-06-14T12:27:19.610+0000] {processor.py:840} INFO - DAG(s) 'example_setup_teardown' retrieved from /home/airflow/.local/lib/python3.12/site-packages/airflow/example_dags/example_setup_teardown.py
[2024-06-14T12:27:19.625+0000] {logging_mixin.py:188} INFO - [2024-06-14T12:27:19.625+0000] {dag.py:3096} INFO - Sync 1 DAGs
[2024-06-14T12:27:19.641+0000] {logging_mixin.py:188} INFO - [2024-06-14T12:27:19.641+0000] {dag.py:3954} INFO - Setting next_dagrun for example_setup_teardown to 2024-06-13 00:00:00+00:00, run_after=2024-06-14 00:00:00+00:00
[2024-06-14T12:27:19.657+0000] {processor.py:183} INFO - Processing /home/airflow/.local/lib/python3.12/site-packages/airflow/example_dags/example_setup_teardown.py took 0.058 seconds
[2024-06-14T12:27:49.856+0000] {processor.py:161} INFO - Started process (PID=1108) to work on /home/airflow/.local/lib/python3.12/site-packages/airflow/example_dags/example_setup_teardown.py
[2024-06-14T12:27:49.857+0000] {processor.py:830} INFO - Processing file /home/airflow/.local/lib/python3.12/site-packages/airflow/example_dags/example_setup_teardown.py for tasks to queue
[2024-06-14T12:27:49.858+0000] {logging_mixin.py:188} INFO - [2024-06-14T12:27:49.858+0000] {dagbag.py:545} INFO - Filling up the DagBag from /home/airflow/.local/lib/python3.12/site-packages/airflow/example_dags/example_setup_teardown.py
[2024-06-14T12:27:49.864+0000] {processor.py:840} INFO - DAG(s) 'example_setup_teardown' retrieved from /home/airflow/.local/lib/python3.12/site-packages/airflow/example_dags/example_setup_teardown.py
[2024-06-14T12:27:49.880+0000] {logging_mixin.py:188} INFO - [2024-06-14T12:27:49.880+0000] {dag.py:3096} INFO - Sync 1 DAGs
[2024-06-14T12:27:49.898+0000] {logging_mixin.py:188} INFO - [2024-06-14T12:27:49.897+0000] {dag.py:3954} INFO - Setting next_dagrun for example_setup_teardown to 2024-06-13 00:00:00+00:00, run_after=2024-06-14 00:00:00+00:00
[2024-06-14T12:27:49.911+0000] {processor.py:183} INFO - Processing /home/airflow/.local/lib/python3.12/site-packages/airflow/example_dags/example_setup_teardown.py took 0.060 seconds
[2024-06-14T12:28:20.051+0000] {processor.py:161} INFO - Started process (PID=1166) to work on /home/airflow/.local/lib/python3.12/site-packages/airflow/example_dags/example_setup_teardown.py
[2024-06-14T12:28:20.052+0000] {processor.py:830} INFO - Processing file /home/airflow/.local/lib/python3.12/site-packages/airflow/example_dags/example_setup_teardown.py for tasks to queue
[2024-06-14T12:28:20.054+0000] {logging_mixin.py:188} INFO - [2024-06-14T12:28:20.054+0000] {dagbag.py:545} INFO - Filling up the DagBag from /home/airflow/.local/lib/python3.12/site-packages/airflow/example_dags/example_setup_teardown.py
[2024-06-14T12:28:20.060+0000] {processor.py:840} INFO - DAG(s) 'example_setup_teardown' retrieved from /home/airflow/.local/lib/python3.12/site-packages/airflow/example_dags/example_setup_teardown.py
[2024-06-14T12:28:20.075+0000] {logging_mixin.py:188} INFO - [2024-06-14T12:28:20.075+0000] {dag.py:3096} INFO - Sync 1 DAGs
[2024-06-14T12:28:20.093+0000] {logging_mixin.py:188} INFO - [2024-06-14T12:28:20.093+0000] {dag.py:3954} INFO - Setting next_dagrun for example_setup_teardown to 2024-06-13 00:00:00+00:00, run_after=2024-06-14 00:00:00+00:00
[2024-06-14T12:28:20.110+0000] {processor.py:183} INFO - Processing /home/airflow/.local/lib/python3.12/site-packages/airflow/example_dags/example_setup_teardown.py took 0.063 seconds
[2024-06-14T12:28:50.388+0000] {processor.py:161} INFO - Started process (PID=1224) to work on /home/airflow/.local/lib/python3.12/site-packages/airflow/example_dags/example_setup_teardown.py
[2024-06-14T12:28:50.389+0000] {processor.py:830} INFO - Processing file /home/airflow/.local/lib/python3.12/site-packages/airflow/example_dags/example_setup_teardown.py for tasks to queue
[2024-06-14T12:28:50.390+0000] {logging_mixin.py:188} INFO - [2024-06-14T12:28:50.390+0000] {dagbag.py:545} INFO - Filling up the DagBag from /home/airflow/.local/lib/python3.12/site-packages/airflow/example_dags/example_setup_teardown.py
[2024-06-14T12:28:50.395+0000] {processor.py:840} INFO - DAG(s) 'example_setup_teardown' retrieved from /home/airflow/.local/lib/python3.12/site-packages/airflow/example_dags/example_setup_teardown.py
[2024-06-14T12:28:50.409+0000] {logging_mixin.py:188} INFO - [2024-06-14T12:28:50.409+0000] {dag.py:3096} INFO - Sync 1 DAGs
[2024-06-14T12:28:50.426+0000] {logging_mixin.py:188} INFO - [2024-06-14T12:28:50.426+0000] {dag.py:3954} INFO - Setting next_dagrun for example_setup_teardown to 2024-06-13 00:00:00+00:00, run_after=2024-06-14 00:00:00+00:00
[2024-06-14T12:28:50.439+0000] {processor.py:183} INFO - Processing /home/airflow/.local/lib/python3.12/site-packages/airflow/example_dags/example_setup_teardown.py took 0.055 seconds
[2024-06-14T12:29:20.779+0000] {processor.py:161} INFO - Started process (PID=1282) to work on /home/airflow/.local/lib/python3.12/site-packages/airflow/example_dags/example_setup_teardown.py
[2024-06-14T12:29:20.780+0000] {processor.py:830} INFO - Processing file /home/airflow/.local/lib/python3.12/site-packages/airflow/example_dags/example_setup_teardown.py for tasks to queue
[2024-06-14T12:29:20.781+0000] {logging_mixin.py:188} INFO - [2024-06-14T12:29:20.781+0000] {dagbag.py:545} INFO - Filling up the DagBag from /home/airflow/.local/lib/python3.12/site-packages/airflow/example_dags/example_setup_teardown.py
[2024-06-14T12:29:20.785+0000] {processor.py:840} INFO - DAG(s) 'example_setup_teardown' retrieved from /home/airflow/.local/lib/python3.12/site-packages/airflow/example_dags/example_setup_teardown.py
[2024-06-14T12:29:20.798+0000] {logging_mixin.py:188} INFO - [2024-06-14T12:29:20.798+0000] {dag.py:3096} INFO - Sync 1 DAGs
[2024-06-14T12:29:20.812+0000] {logging_mixin.py:188} INFO - [2024-06-14T12:29:20.812+0000] {dag.py:3954} INFO - Setting next_dagrun for example_setup_teardown to 2024-06-13 00:00:00+00:00, run_after=2024-06-14 00:00:00+00:00
[2024-06-14T12:29:20.824+0000] {processor.py:183} INFO - Processing /home/airflow/.local/lib/python3.12/site-packages/airflow/example_dags/example_setup_teardown.py took 0.049 seconds
[2024-06-14T12:29:50.932+0000] {processor.py:161} INFO - Started process (PID=1340) to work on /home/airflow/.local/lib/python3.12/site-packages/airflow/example_dags/example_setup_teardown.py
[2024-06-14T12:29:50.933+0000] {processor.py:830} INFO - Processing file /home/airflow/.local/lib/python3.12/site-packages/airflow/example_dags/example_setup_teardown.py for tasks to queue
[2024-06-14T12:29:50.935+0000] {logging_mixin.py:188} INFO - [2024-06-14T12:29:50.934+0000] {dagbag.py:545} INFO - Filling up the DagBag from /home/airflow/.local/lib/python3.12/site-packages/airflow/example_dags/example_setup_teardown.py
[2024-06-14T12:29:50.939+0000] {processor.py:840} INFO - DAG(s) 'example_setup_teardown' retrieved from /home/airflow/.local/lib/python3.12/site-packages/airflow/example_dags/example_setup_teardown.py
[2024-06-14T12:29:50.952+0000] {logging_mixin.py:188} INFO - [2024-06-14T12:29:50.952+0000] {dag.py:3096} INFO - Sync 1 DAGs
[2024-06-14T12:29:50.967+0000] {logging_mixin.py:188} INFO - [2024-06-14T12:29:50.967+0000] {dag.py:3954} INFO - Setting next_dagrun for example_setup_teardown to 2024-06-13 00:00:00+00:00, run_after=2024-06-14 00:00:00+00:00
[2024-06-14T12:29:50.981+0000] {processor.py:183} INFO - Processing /home/airflow/.local/lib/python3.12/site-packages/airflow/example_dags/example_setup_teardown.py took 0.052 seconds
[2024-06-14T12:30:21.291+0000] {processor.py:161} INFO - Started process (PID=1398) to work on /home/airflow/.local/lib/python3.12/site-packages/airflow/example_dags/example_setup_teardown.py
[2024-06-14T12:30:21.291+0000] {processor.py:830} INFO - Processing file /home/airflow/.local/lib/python3.12/site-packages/airflow/example_dags/example_setup_teardown.py for tasks to queue
[2024-06-14T12:30:21.292+0000] {logging_mixin.py:188} INFO - [2024-06-14T12:30:21.292+0000] {dagbag.py:545} INFO - Filling up the DagBag from /home/airflow/.local/lib/python3.12/site-packages/airflow/example_dags/example_setup_teardown.py
[2024-06-14T12:30:21.297+0000] {processor.py:840} INFO - DAG(s) 'example_setup_teardown' retrieved from /home/airflow/.local/lib/python3.12/site-packages/airflow/example_dags/example_setup_teardown.py
[2024-06-14T12:30:21.312+0000] {logging_mixin.py:188} INFO - [2024-06-14T12:30:21.312+0000] {dag.py:3096} INFO - Sync 1 DAGs
[2024-06-14T12:30:21.329+0000] {logging_mixin.py:188} INFO - [2024-06-14T12:30:21.329+0000] {dag.py:3954} INFO - Setting next_dagrun for example_setup_teardown to 2024-06-13 00:00:00+00:00, run_after=2024-06-14 00:00:00+00:00
[2024-06-14T12:30:21.343+0000] {processor.py:183} INFO - Processing /home/airflow/.local/lib/python3.12/site-packages/airflow/example_dags/example_setup_teardown.py took 0.057 seconds
[2024-06-14T12:30:51.664+0000] {processor.py:161} INFO - Started process (PID=1456) to work on /home/airflow/.local/lib/python3.12/site-packages/airflow/example_dags/example_setup_teardown.py
[2024-06-14T12:30:51.664+0000] {processor.py:830} INFO - Processing file /home/airflow/.local/lib/python3.12/site-packages/airflow/example_dags/example_setup_teardown.py for tasks to queue
[2024-06-14T12:30:51.666+0000] {logging_mixin.py:188} INFO - [2024-06-14T12:30:51.665+0000] {dagbag.py:545} INFO - Filling up the DagBag from /home/airflow/.local/lib/python3.12/site-packages/airflow/example_dags/example_setup_teardown.py
[2024-06-14T12:30:51.671+0000] {processor.py:840} INFO - DAG(s) 'example_setup_teardown' retrieved from /home/airflow/.local/lib/python3.12/site-packages/airflow/example_dags/example_setup_teardown.py
[2024-06-14T12:30:51.689+0000] {logging_mixin.py:188} INFO - [2024-06-14T12:30:51.688+0000] {dag.py:3096} INFO - Sync 1 DAGs
[2024-06-14T12:30:51.705+0000] {logging_mixin.py:188} INFO - [2024-06-14T12:30:51.704+0000] {dag.py:3954} INFO - Setting next_dagrun for example_setup_teardown to 2024-06-13 00:00:00+00:00, run_after=2024-06-14 00:00:00+00:00
[2024-06-14T12:30:51.718+0000] {processor.py:183} INFO - Processing /home/airflow/.local/lib/python3.12/site-packages/airflow/example_dags/example_setup_teardown.py took 0.059 seconds
