[2024-06-14T12:06:32.079+0000] {processor.py:161} INFO - Started process (PID=75) to work on /home/airflow/.local/lib/python3.12/site-packages/airflow/example_dags/example_nested_branch_dag.py
[2024-06-14T12:06:32.080+0000] {processor.py:830} INFO - Processing file /home/airflow/.local/lib/python3.12/site-packages/airflow/example_dags/example_nested_branch_dag.py for tasks to queue
[2024-06-14T12:06:32.081+0000] {logging_mixin.py:188} INFO - [2024-06-14T12:06:32.081+0000] {dagbag.py:545} INFO - Filling up the DagBag from /home/airflow/.local/lib/python3.12/site-packages/airflow/example_dags/example_nested_branch_dag.py
[2024-06-14T12:06:32.091+0000] {processor.py:840} INFO - DAG(s) 'example_nested_branch_dag' retrieved from /home/airflow/.local/lib/python3.12/site-packages/airflow/example_dags/example_nested_branch_dag.py
[2024-06-14T12:06:32.100+0000] {logging_mixin.py:188} INFO - [2024-06-14T12:06:32.100+0000] {dag.py:3096} INFO - Sync 1 DAGs
[2024-06-14T12:06:32.125+0000] {logging_mixin.py:188} INFO - [2024-06-14T12:06:32.125+0000] {dag.py:3954} INFO - Setting next_dagrun for example_nested_branch_dag to 2024-06-13 00:00:00+00:00, run_after=2024-06-14 00:00:00+00:00
[2024-06-14T12:06:32.142+0000] {processor.py:183} INFO - Processing /home/airflow/.local/lib/python3.12/site-packages/airflow/example_dags/example_nested_branch_dag.py took 0.068 seconds
[2024-06-14T12:07:03.932+0000] {processor.py:161} INFO - Started process (PID=133) to work on /home/airflow/.local/lib/python3.12/site-packages/airflow/example_dags/example_nested_branch_dag.py
[2024-06-14T12:07:03.933+0000] {processor.py:830} INFO - Processing file /home/airflow/.local/lib/python3.12/site-packages/airflow/example_dags/example_nested_branch_dag.py for tasks to queue
[2024-06-14T12:07:03.935+0000] {logging_mixin.py:188} INFO - [2024-06-14T12:07:03.935+0000] {dagbag.py:545} INFO - Filling up the DagBag from /home/airflow/.local/lib/python3.12/site-packages/airflow/example_dags/example_nested_branch_dag.py
[2024-06-14T12:07:03.943+0000] {processor.py:840} INFO - DAG(s) 'example_nested_branch_dag' retrieved from /home/airflow/.local/lib/python3.12/site-packages/airflow/example_dags/example_nested_branch_dag.py
[2024-06-14T12:07:04.017+0000] {logging_mixin.py:188} INFO - [2024-06-14T12:07:04.017+0000] {dag.py:3096} INFO - Sync 1 DAGs
[2024-06-14T12:07:04.033+0000] {logging_mixin.py:188} INFO - [2024-06-14T12:07:04.033+0000] {dag.py:3954} INFO - Setting next_dagrun for example_nested_branch_dag to 2024-06-13 00:00:00+00:00, run_after=2024-06-14 00:00:00+00:00
[2024-06-14T12:07:04.048+0000] {processor.py:183} INFO - Processing /home/airflow/.local/lib/python3.12/site-packages/airflow/example_dags/example_nested_branch_dag.py took 0.120 seconds
[2024-06-14T12:07:34.562+0000] {processor.py:161} INFO - Started process (PID=191) to work on /home/airflow/.local/lib/python3.12/site-packages/airflow/example_dags/example_nested_branch_dag.py
[2024-06-14T12:07:34.563+0000] {processor.py:830} INFO - Processing file /home/airflow/.local/lib/python3.12/site-packages/airflow/example_dags/example_nested_branch_dag.py for tasks to queue
[2024-06-14T12:07:34.565+0000] {logging_mixin.py:188} INFO - [2024-06-14T12:07:34.565+0000] {dagbag.py:545} INFO - Filling up the DagBag from /home/airflow/.local/lib/python3.12/site-packages/airflow/example_dags/example_nested_branch_dag.py
[2024-06-14T12:07:34.574+0000] {processor.py:840} INFO - DAG(s) 'example_nested_branch_dag' retrieved from /home/airflow/.local/lib/python3.12/site-packages/airflow/example_dags/example_nested_branch_dag.py
[2024-06-14T12:07:34.599+0000] {logging_mixin.py:188} INFO - [2024-06-14T12:07:34.598+0000] {dag.py:3096} INFO - Sync 1 DAGs
[2024-06-14T12:07:34.621+0000] {logging_mixin.py:188} INFO - [2024-06-14T12:07:34.621+0000] {dag.py:3954} INFO - Setting next_dagrun for example_nested_branch_dag to 2024-06-13 00:00:00+00:00, run_after=2024-06-14 00:00:00+00:00
[2024-06-14T12:07:34.695+0000] {processor.py:183} INFO - Processing /home/airflow/.local/lib/python3.12/site-packages/airflow/example_dags/example_nested_branch_dag.py took 0.138 seconds
[2024-06-14T12:08:04.803+0000] {processor.py:161} INFO - Started process (PID=249) to work on /home/airflow/.local/lib/python3.12/site-packages/airflow/example_dags/example_nested_branch_dag.py
[2024-06-14T12:08:04.803+0000] {processor.py:830} INFO - Processing file /home/airflow/.local/lib/python3.12/site-packages/airflow/example_dags/example_nested_branch_dag.py for tasks to queue
[2024-06-14T12:08:04.805+0000] {logging_mixin.py:188} INFO - [2024-06-14T12:08:04.805+0000] {dagbag.py:545} INFO - Filling up the DagBag from /home/airflow/.local/lib/python3.12/site-packages/airflow/example_dags/example_nested_branch_dag.py
[2024-06-14T12:08:04.814+0000] {processor.py:840} INFO - DAG(s) 'example_nested_branch_dag' retrieved from /home/airflow/.local/lib/python3.12/site-packages/airflow/example_dags/example_nested_branch_dag.py
[2024-06-14T12:08:04.834+0000] {logging_mixin.py:188} INFO - [2024-06-14T12:08:04.834+0000] {dag.py:3096} INFO - Sync 1 DAGs
[2024-06-14T12:08:04.854+0000] {logging_mixin.py:188} INFO - [2024-06-14T12:08:04.853+0000] {dag.py:3954} INFO - Setting next_dagrun for example_nested_branch_dag to 2024-06-13 00:00:00+00:00, run_after=2024-06-14 00:00:00+00:00
[2024-06-14T12:08:04.871+0000] {processor.py:183} INFO - Processing /home/airflow/.local/lib/python3.12/site-packages/airflow/example_dags/example_nested_branch_dag.py took 0.072 seconds
[2024-06-14T12:08:35.030+0000] {processor.py:161} INFO - Started process (PID=307) to work on /home/airflow/.local/lib/python3.12/site-packages/airflow/example_dags/example_nested_branch_dag.py
[2024-06-14T12:08:35.031+0000] {processor.py:830} INFO - Processing file /home/airflow/.local/lib/python3.12/site-packages/airflow/example_dags/example_nested_branch_dag.py for tasks to queue
[2024-06-14T12:08:35.033+0000] {logging_mixin.py:188} INFO - [2024-06-14T12:08:35.033+0000] {dagbag.py:545} INFO - Filling up the DagBag from /home/airflow/.local/lib/python3.12/site-packages/airflow/example_dags/example_nested_branch_dag.py
[2024-06-14T12:08:35.041+0000] {processor.py:840} INFO - DAG(s) 'example_nested_branch_dag' retrieved from /home/airflow/.local/lib/python3.12/site-packages/airflow/example_dags/example_nested_branch_dag.py
[2024-06-14T12:08:35.057+0000] {logging_mixin.py:188} INFO - [2024-06-14T12:08:35.057+0000] {dag.py:3096} INFO - Sync 1 DAGs
[2024-06-14T12:08:35.077+0000] {logging_mixin.py:188} INFO - [2024-06-14T12:08:35.077+0000] {dag.py:3954} INFO - Setting next_dagrun for example_nested_branch_dag to 2024-06-13 00:00:00+00:00, run_after=2024-06-14 00:00:00+00:00
[2024-06-14T12:08:35.096+0000] {processor.py:183} INFO - Processing /home/airflow/.local/lib/python3.12/site-packages/airflow/example_dags/example_nested_branch_dag.py took 0.070 seconds
[2024-06-14T12:09:05.169+0000] {processor.py:161} INFO - Started process (PID=365) to work on /home/airflow/.local/lib/python3.12/site-packages/airflow/example_dags/example_nested_branch_dag.py
[2024-06-14T12:09:05.170+0000] {processor.py:830} INFO - Processing file /home/airflow/.local/lib/python3.12/site-packages/airflow/example_dags/example_nested_branch_dag.py for tasks to queue
[2024-06-14T12:09:05.171+0000] {logging_mixin.py:188} INFO - [2024-06-14T12:09:05.171+0000] {dagbag.py:545} INFO - Filling up the DagBag from /home/airflow/.local/lib/python3.12/site-packages/airflow/example_dags/example_nested_branch_dag.py
[2024-06-14T12:09:05.181+0000] {processor.py:840} INFO - DAG(s) 'example_nested_branch_dag' retrieved from /home/airflow/.local/lib/python3.12/site-packages/airflow/example_dags/example_nested_branch_dag.py
[2024-06-14T12:09:05.198+0000] {logging_mixin.py:188} INFO - [2024-06-14T12:09:05.198+0000] {dag.py:3096} INFO - Sync 1 DAGs
[2024-06-14T12:09:05.218+0000] {logging_mixin.py:188} INFO - [2024-06-14T12:09:05.218+0000] {dag.py:3954} INFO - Setting next_dagrun for example_nested_branch_dag to 2024-06-13 00:00:00+00:00, run_after=2024-06-14 00:00:00+00:00
[2024-06-14T12:09:05.236+0000] {processor.py:183} INFO - Processing /home/airflow/.local/lib/python3.12/site-packages/airflow/example_dags/example_nested_branch_dag.py took 0.072 seconds
[2024-06-14T12:09:35.714+0000] {processor.py:161} INFO - Started process (PID=430) to work on /home/airflow/.local/lib/python3.12/site-packages/airflow/example_dags/example_nested_branch_dag.py
[2024-06-14T12:09:35.715+0000] {processor.py:830} INFO - Processing file /home/airflow/.local/lib/python3.12/site-packages/airflow/example_dags/example_nested_branch_dag.py for tasks to queue
[2024-06-14T12:09:35.717+0000] {logging_mixin.py:188} INFO - [2024-06-14T12:09:35.717+0000] {dagbag.py:545} INFO - Filling up the DagBag from /home/airflow/.local/lib/python3.12/site-packages/airflow/example_dags/example_nested_branch_dag.py
[2024-06-14T12:09:35.725+0000] {processor.py:840} INFO - DAG(s) 'example_nested_branch_dag' retrieved from /home/airflow/.local/lib/python3.12/site-packages/airflow/example_dags/example_nested_branch_dag.py
[2024-06-14T12:09:35.742+0000] {logging_mixin.py:188} INFO - [2024-06-14T12:09:35.742+0000] {dag.py:3096} INFO - Sync 1 DAGs
[2024-06-14T12:09:35.762+0000] {logging_mixin.py:188} INFO - [2024-06-14T12:09:35.762+0000] {dag.py:3954} INFO - Setting next_dagrun for example_nested_branch_dag to 2024-06-13 00:00:00+00:00, run_after=2024-06-14 00:00:00+00:00
[2024-06-14T12:09:35.778+0000] {processor.py:183} INFO - Processing /home/airflow/.local/lib/python3.12/site-packages/airflow/example_dags/example_nested_branch_dag.py took 0.068 seconds
[2024-06-14T12:10:05.858+0000] {processor.py:161} INFO - Started process (PID=488) to work on /home/airflow/.local/lib/python3.12/site-packages/airflow/example_dags/example_nested_branch_dag.py
[2024-06-14T12:10:05.859+0000] {processor.py:830} INFO - Processing file /home/airflow/.local/lib/python3.12/site-packages/airflow/example_dags/example_nested_branch_dag.py for tasks to queue
[2024-06-14T12:10:05.860+0000] {logging_mixin.py:188} INFO - [2024-06-14T12:10:05.860+0000] {dagbag.py:545} INFO - Filling up the DagBag from /home/airflow/.local/lib/python3.12/site-packages/airflow/example_dags/example_nested_branch_dag.py
[2024-06-14T12:10:05.871+0000] {processor.py:840} INFO - DAG(s) 'example_nested_branch_dag' retrieved from /home/airflow/.local/lib/python3.12/site-packages/airflow/example_dags/example_nested_branch_dag.py
[2024-06-14T12:10:05.890+0000] {logging_mixin.py:188} INFO - [2024-06-14T12:10:05.890+0000] {dag.py:3096} INFO - Sync 1 DAGs
[2024-06-14T12:10:05.908+0000] {logging_mixin.py:188} INFO - [2024-06-14T12:10:05.908+0000] {dag.py:3954} INFO - Setting next_dagrun for example_nested_branch_dag to 2024-06-13 00:00:00+00:00, run_after=2024-06-14 00:00:00+00:00
[2024-06-14T12:10:05.924+0000] {processor.py:183} INFO - Processing /home/airflow/.local/lib/python3.12/site-packages/airflow/example_dags/example_nested_branch_dag.py took 0.071 seconds
[2024-06-14T12:10:36.068+0000] {processor.py:161} INFO - Started process (PID=546) to work on /home/airflow/.local/lib/python3.12/site-packages/airflow/example_dags/example_nested_branch_dag.py
[2024-06-14T12:10:36.068+0000] {processor.py:830} INFO - Processing file /home/airflow/.local/lib/python3.12/site-packages/airflow/example_dags/example_nested_branch_dag.py for tasks to queue
[2024-06-14T12:10:36.070+0000] {logging_mixin.py:188} INFO - [2024-06-14T12:10:36.069+0000] {dagbag.py:545} INFO - Filling up the DagBag from /home/airflow/.local/lib/python3.12/site-packages/airflow/example_dags/example_nested_branch_dag.py
[2024-06-14T12:10:36.077+0000] {processor.py:840} INFO - DAG(s) 'example_nested_branch_dag' retrieved from /home/airflow/.local/lib/python3.12/site-packages/airflow/example_dags/example_nested_branch_dag.py
[2024-06-14T12:10:36.095+0000] {logging_mixin.py:188} INFO - [2024-06-14T12:10:36.095+0000] {dag.py:3096} INFO - Sync 1 DAGs
[2024-06-14T12:10:36.114+0000] {logging_mixin.py:188} INFO - [2024-06-14T12:10:36.114+0000] {dag.py:3954} INFO - Setting next_dagrun for example_nested_branch_dag to 2024-06-13 00:00:00+00:00, run_after=2024-06-14 00:00:00+00:00
[2024-06-14T12:10:36.133+0000] {processor.py:183} INFO - Processing /home/airflow/.local/lib/python3.12/site-packages/airflow/example_dags/example_nested_branch_dag.py took 0.070 seconds
[2024-06-14T12:11:06.254+0000] {processor.py:161} INFO - Started process (PID=611) to work on /home/airflow/.local/lib/python3.12/site-packages/airflow/example_dags/example_nested_branch_dag.py
[2024-06-14T12:11:06.255+0000] {processor.py:830} INFO - Processing file /home/airflow/.local/lib/python3.12/site-packages/airflow/example_dags/example_nested_branch_dag.py for tasks to queue
[2024-06-14T12:11:06.256+0000] {logging_mixin.py:188} INFO - [2024-06-14T12:11:06.256+0000] {dagbag.py:545} INFO - Filling up the DagBag from /home/airflow/.local/lib/python3.12/site-packages/airflow/example_dags/example_nested_branch_dag.py
[2024-06-14T12:11:06.265+0000] {processor.py:840} INFO - DAG(s) 'example_nested_branch_dag' retrieved from /home/airflow/.local/lib/python3.12/site-packages/airflow/example_dags/example_nested_branch_dag.py
[2024-06-14T12:11:06.280+0000] {logging_mixin.py:188} INFO - [2024-06-14T12:11:06.280+0000] {dag.py:3096} INFO - Sync 1 DAGs
[2024-06-14T12:11:06.296+0000] {logging_mixin.py:188} INFO - [2024-06-14T12:11:06.296+0000] {dag.py:3954} INFO - Setting next_dagrun for example_nested_branch_dag to 2024-06-13 00:00:00+00:00, run_after=2024-06-14 00:00:00+00:00
[2024-06-14T12:11:06.309+0000] {processor.py:183} INFO - Processing /home/airflow/.local/lib/python3.12/site-packages/airflow/example_dags/example_nested_branch_dag.py took 0.061 seconds
[2024-06-14T12:11:36.441+0000] {processor.py:161} INFO - Started process (PID=669) to work on /home/airflow/.local/lib/python3.12/site-packages/airflow/example_dags/example_nested_branch_dag.py
[2024-06-14T12:11:36.441+0000] {processor.py:830} INFO - Processing file /home/airflow/.local/lib/python3.12/site-packages/airflow/example_dags/example_nested_branch_dag.py for tasks to queue
[2024-06-14T12:11:36.443+0000] {logging_mixin.py:188} INFO - [2024-06-14T12:11:36.442+0000] {dagbag.py:545} INFO - Filling up the DagBag from /home/airflow/.local/lib/python3.12/site-packages/airflow/example_dags/example_nested_branch_dag.py
[2024-06-14T12:11:36.450+0000] {processor.py:840} INFO - DAG(s) 'example_nested_branch_dag' retrieved from /home/airflow/.local/lib/python3.12/site-packages/airflow/example_dags/example_nested_branch_dag.py
[2024-06-14T12:11:36.467+0000] {logging_mixin.py:188} INFO - [2024-06-14T12:11:36.467+0000] {dag.py:3096} INFO - Sync 1 DAGs
[2024-06-14T12:11:36.485+0000] {logging_mixin.py:188} INFO - [2024-06-14T12:11:36.485+0000] {dag.py:3954} INFO - Setting next_dagrun for example_nested_branch_dag to 2024-06-13 00:00:00+00:00, run_after=2024-06-14 00:00:00+00:00
[2024-06-14T12:11:36.501+0000] {processor.py:183} INFO - Processing /home/airflow/.local/lib/python3.12/site-packages/airflow/example_dags/example_nested_branch_dag.py took 0.065 seconds
[2024-06-14T12:12:06.653+0000] {processor.py:161} INFO - Started process (PID=727) to work on /home/airflow/.local/lib/python3.12/site-packages/airflow/example_dags/example_nested_branch_dag.py
[2024-06-14T12:12:06.654+0000] {processor.py:830} INFO - Processing file /home/airflow/.local/lib/python3.12/site-packages/airflow/example_dags/example_nested_branch_dag.py for tasks to queue
[2024-06-14T12:12:06.655+0000] {logging_mixin.py:188} INFO - [2024-06-14T12:12:06.655+0000] {dagbag.py:545} INFO - Filling up the DagBag from /home/airflow/.local/lib/python3.12/site-packages/airflow/example_dags/example_nested_branch_dag.py
[2024-06-14T12:12:06.662+0000] {processor.py:840} INFO - DAG(s) 'example_nested_branch_dag' retrieved from /home/airflow/.local/lib/python3.12/site-packages/airflow/example_dags/example_nested_branch_dag.py
[2024-06-14T12:12:06.677+0000] {logging_mixin.py:188} INFO - [2024-06-14T12:12:06.677+0000] {dag.py:3096} INFO - Sync 1 DAGs
[2024-06-14T12:12:06.693+0000] {logging_mixin.py:188} INFO - [2024-06-14T12:12:06.693+0000] {dag.py:3954} INFO - Setting next_dagrun for example_nested_branch_dag to 2024-06-13 00:00:00+00:00, run_after=2024-06-14 00:00:00+00:00
[2024-06-14T12:12:06.706+0000] {processor.py:183} INFO - Processing /home/airflow/.local/lib/python3.12/site-packages/airflow/example_dags/example_nested_branch_dag.py took 0.057 seconds
[2024-06-14T12:12:36.766+0000] {processor.py:161} INFO - Started process (PID=785) to work on /home/airflow/.local/lib/python3.12/site-packages/airflow/example_dags/example_nested_branch_dag.py
[2024-06-14T12:12:36.766+0000] {processor.py:830} INFO - Processing file /home/airflow/.local/lib/python3.12/site-packages/airflow/example_dags/example_nested_branch_dag.py for tasks to queue
[2024-06-14T12:12:36.768+0000] {logging_mixin.py:188} INFO - [2024-06-14T12:12:36.767+0000] {dagbag.py:545} INFO - Filling up the DagBag from /home/airflow/.local/lib/python3.12/site-packages/airflow/example_dags/example_nested_branch_dag.py
[2024-06-14T12:12:36.775+0000] {processor.py:840} INFO - DAG(s) 'example_nested_branch_dag' retrieved from /home/airflow/.local/lib/python3.12/site-packages/airflow/example_dags/example_nested_branch_dag.py
[2024-06-14T12:12:36.792+0000] {logging_mixin.py:188} INFO - [2024-06-14T12:12:36.791+0000] {dag.py:3096} INFO - Sync 1 DAGs
[2024-06-14T12:12:36.808+0000] {logging_mixin.py:188} INFO - [2024-06-14T12:12:36.808+0000] {dag.py:3954} INFO - Setting next_dagrun for example_nested_branch_dag to 2024-06-13 00:00:00+00:00, run_after=2024-06-14 00:00:00+00:00
[2024-06-14T12:12:36.822+0000] {processor.py:183} INFO - Processing /home/airflow/.local/lib/python3.12/site-packages/airflow/example_dags/example_nested_branch_dag.py took 0.060 seconds
[2024-06-14T12:13:07.100+0000] {processor.py:161} INFO - Started process (PID=843) to work on /home/airflow/.local/lib/python3.12/site-packages/airflow/example_dags/example_nested_branch_dag.py
[2024-06-14T12:13:07.101+0000] {processor.py:830} INFO - Processing file /home/airflow/.local/lib/python3.12/site-packages/airflow/example_dags/example_nested_branch_dag.py for tasks to queue
[2024-06-14T12:13:07.103+0000] {logging_mixin.py:188} INFO - [2024-06-14T12:13:07.102+0000] {dagbag.py:545} INFO - Filling up the DagBag from /home/airflow/.local/lib/python3.12/site-packages/airflow/example_dags/example_nested_branch_dag.py
[2024-06-14T12:13:07.110+0000] {processor.py:840} INFO - DAG(s) 'example_nested_branch_dag' retrieved from /home/airflow/.local/lib/python3.12/site-packages/airflow/example_dags/example_nested_branch_dag.py
[2024-06-14T12:13:07.129+0000] {logging_mixin.py:188} INFO - [2024-06-14T12:13:07.128+0000] {dag.py:3096} INFO - Sync 1 DAGs
[2024-06-14T12:13:07.149+0000] {logging_mixin.py:188} INFO - [2024-06-14T12:13:07.149+0000] {dag.py:3954} INFO - Setting next_dagrun for example_nested_branch_dag to 2024-06-13 00:00:00+00:00, run_after=2024-06-14 00:00:00+00:00
[2024-06-14T12:13:07.168+0000] {processor.py:183} INFO - Processing /home/airflow/.local/lib/python3.12/site-packages/airflow/example_dags/example_nested_branch_dag.py took 0.073 seconds
[2024-06-14T12:13:37.513+0000] {processor.py:161} INFO - Started process (PID=901) to work on /home/airflow/.local/lib/python3.12/site-packages/airflow/example_dags/example_nested_branch_dag.py
[2024-06-14T12:13:37.514+0000] {processor.py:830} INFO - Processing file /home/airflow/.local/lib/python3.12/site-packages/airflow/example_dags/example_nested_branch_dag.py for tasks to queue
[2024-06-14T12:13:37.516+0000] {logging_mixin.py:188} INFO - [2024-06-14T12:13:37.515+0000] {dagbag.py:545} INFO - Filling up the DagBag from /home/airflow/.local/lib/python3.12/site-packages/airflow/example_dags/example_nested_branch_dag.py
[2024-06-14T12:13:37.525+0000] {processor.py:840} INFO - DAG(s) 'example_nested_branch_dag' retrieved from /home/airflow/.local/lib/python3.12/site-packages/airflow/example_dags/example_nested_branch_dag.py
[2024-06-14T12:13:37.543+0000] {logging_mixin.py:188} INFO - [2024-06-14T12:13:37.543+0000] {dag.py:3096} INFO - Sync 1 DAGs
[2024-06-14T12:13:37.561+0000] {logging_mixin.py:188} INFO - [2024-06-14T12:13:37.561+0000] {dag.py:3954} INFO - Setting next_dagrun for example_nested_branch_dag to 2024-06-13 00:00:00+00:00, run_after=2024-06-14 00:00:00+00:00
[2024-06-14T12:13:37.579+0000] {processor.py:183} INFO - Processing /home/airflow/.local/lib/python3.12/site-packages/airflow/example_dags/example_nested_branch_dag.py took 0.071 seconds
[2024-06-14T12:14:07.694+0000] {processor.py:161} INFO - Started process (PID=959) to work on /home/airflow/.local/lib/python3.12/site-packages/airflow/example_dags/example_nested_branch_dag.py
[2024-06-14T12:14:07.695+0000] {processor.py:830} INFO - Processing file /home/airflow/.local/lib/python3.12/site-packages/airflow/example_dags/example_nested_branch_dag.py for tasks to queue
[2024-06-14T12:14:07.697+0000] {logging_mixin.py:188} INFO - [2024-06-14T12:14:07.696+0000] {dagbag.py:545} INFO - Filling up the DagBag from /home/airflow/.local/lib/python3.12/site-packages/airflow/example_dags/example_nested_branch_dag.py
[2024-06-14T12:14:07.704+0000] {processor.py:840} INFO - DAG(s) 'example_nested_branch_dag' retrieved from /home/airflow/.local/lib/python3.12/site-packages/airflow/example_dags/example_nested_branch_dag.py
[2024-06-14T12:14:07.718+0000] {logging_mixin.py:188} INFO - [2024-06-14T12:14:07.718+0000] {dag.py:3096} INFO - Sync 1 DAGs
[2024-06-14T12:14:07.734+0000] {logging_mixin.py:188} INFO - [2024-06-14T12:14:07.733+0000] {dag.py:3954} INFO - Setting next_dagrun for example_nested_branch_dag to 2024-06-13 00:00:00+00:00, run_after=2024-06-14 00:00:00+00:00
[2024-06-14T12:14:07.748+0000] {processor.py:183} INFO - Processing /home/airflow/.local/lib/python3.12/site-packages/airflow/example_dags/example_nested_branch_dag.py took 0.058 seconds
[2024-06-14T12:14:38.063+0000] {processor.py:161} INFO - Started process (PID=1017) to work on /home/airflow/.local/lib/python3.12/site-packages/airflow/example_dags/example_nested_branch_dag.py
[2024-06-14T12:14:38.064+0000] {processor.py:830} INFO - Processing file /home/airflow/.local/lib/python3.12/site-packages/airflow/example_dags/example_nested_branch_dag.py for tasks to queue
[2024-06-14T12:14:38.066+0000] {logging_mixin.py:188} INFO - [2024-06-14T12:14:38.065+0000] {dagbag.py:545} INFO - Filling up the DagBag from /home/airflow/.local/lib/python3.12/site-packages/airflow/example_dags/example_nested_branch_dag.py
[2024-06-14T12:14:38.074+0000] {processor.py:840} INFO - DAG(s) 'example_nested_branch_dag' retrieved from /home/airflow/.local/lib/python3.12/site-packages/airflow/example_dags/example_nested_branch_dag.py
[2024-06-14T12:14:38.090+0000] {logging_mixin.py:188} INFO - [2024-06-14T12:14:38.090+0000] {dag.py:3096} INFO - Sync 1 DAGs
[2024-06-14T12:14:38.107+0000] {logging_mixin.py:188} INFO - [2024-06-14T12:14:38.107+0000] {dag.py:3954} INFO - Setting next_dagrun for example_nested_branch_dag to 2024-06-13 00:00:00+00:00, run_after=2024-06-14 00:00:00+00:00
[2024-06-14T12:14:38.126+0000] {processor.py:183} INFO - Processing /home/airflow/.local/lib/python3.12/site-packages/airflow/example_dags/example_nested_branch_dag.py took 0.067 seconds
[2024-06-14T12:15:08.316+0000] {processor.py:161} INFO - Started process (PID=1075) to work on /home/airflow/.local/lib/python3.12/site-packages/airflow/example_dags/example_nested_branch_dag.py
[2024-06-14T12:15:08.317+0000] {processor.py:830} INFO - Processing file /home/airflow/.local/lib/python3.12/site-packages/airflow/example_dags/example_nested_branch_dag.py for tasks to queue
[2024-06-14T12:15:08.319+0000] {logging_mixin.py:188} INFO - [2024-06-14T12:15:08.318+0000] {dagbag.py:545} INFO - Filling up the DagBag from /home/airflow/.local/lib/python3.12/site-packages/airflow/example_dags/example_nested_branch_dag.py
[2024-06-14T12:15:08.326+0000] {processor.py:840} INFO - DAG(s) 'example_nested_branch_dag' retrieved from /home/airflow/.local/lib/python3.12/site-packages/airflow/example_dags/example_nested_branch_dag.py
[2024-06-14T12:15:08.343+0000] {logging_mixin.py:188} INFO - [2024-06-14T12:15:08.343+0000] {dag.py:3096} INFO - Sync 1 DAGs
[2024-06-14T12:15:08.359+0000] {logging_mixin.py:188} INFO - [2024-06-14T12:15:08.359+0000] {dag.py:3954} INFO - Setting next_dagrun for example_nested_branch_dag to 2024-06-13 00:00:00+00:00, run_after=2024-06-14 00:00:00+00:00
[2024-06-14T12:15:08.376+0000] {processor.py:183} INFO - Processing /home/airflow/.local/lib/python3.12/site-packages/airflow/example_dags/example_nested_branch_dag.py took 0.064 seconds
[2024-06-14T12:15:38.674+0000] {processor.py:161} INFO - Started process (PID=1133) to work on /home/airflow/.local/lib/python3.12/site-packages/airflow/example_dags/example_nested_branch_dag.py
[2024-06-14T12:15:38.675+0000] {processor.py:830} INFO - Processing file /home/airflow/.local/lib/python3.12/site-packages/airflow/example_dags/example_nested_branch_dag.py for tasks to queue
[2024-06-14T12:15:38.677+0000] {logging_mixin.py:188} INFO - [2024-06-14T12:15:38.676+0000] {dagbag.py:545} INFO - Filling up the DagBag from /home/airflow/.local/lib/python3.12/site-packages/airflow/example_dags/example_nested_branch_dag.py
[2024-06-14T12:15:38.685+0000] {processor.py:840} INFO - DAG(s) 'example_nested_branch_dag' retrieved from /home/airflow/.local/lib/python3.12/site-packages/airflow/example_dags/example_nested_branch_dag.py
[2024-06-14T12:15:38.704+0000] {logging_mixin.py:188} INFO - [2024-06-14T12:15:38.704+0000] {dag.py:3096} INFO - Sync 1 DAGs
[2024-06-14T12:15:38.726+0000] {logging_mixin.py:188} INFO - [2024-06-14T12:15:38.726+0000] {dag.py:3954} INFO - Setting next_dagrun for example_nested_branch_dag to 2024-06-13 00:00:00+00:00, run_after=2024-06-14 00:00:00+00:00
[2024-06-14T12:15:38.742+0000] {processor.py:183} INFO - Processing /home/airflow/.local/lib/python3.12/site-packages/airflow/example_dags/example_nested_branch_dag.py took 0.074 seconds
[2024-06-14T12:16:08.999+0000] {processor.py:161} INFO - Started process (PID=1191) to work on /home/airflow/.local/lib/python3.12/site-packages/airflow/example_dags/example_nested_branch_dag.py
[2024-06-14T12:16:09.000+0000] {processor.py:830} INFO - Processing file /home/airflow/.local/lib/python3.12/site-packages/airflow/example_dags/example_nested_branch_dag.py for tasks to queue
[2024-06-14T12:16:09.001+0000] {logging_mixin.py:188} INFO - [2024-06-14T12:16:09.001+0000] {dagbag.py:545} INFO - Filling up the DagBag from /home/airflow/.local/lib/python3.12/site-packages/airflow/example_dags/example_nested_branch_dag.py
[2024-06-14T12:16:09.008+0000] {processor.py:840} INFO - DAG(s) 'example_nested_branch_dag' retrieved from /home/airflow/.local/lib/python3.12/site-packages/airflow/example_dags/example_nested_branch_dag.py
[2024-06-14T12:16:09.024+0000] {logging_mixin.py:188} INFO - [2024-06-14T12:16:09.023+0000] {dag.py:3096} INFO - Sync 1 DAGs
[2024-06-14T12:16:09.040+0000] {logging_mixin.py:188} INFO - [2024-06-14T12:16:09.040+0000] {dag.py:3954} INFO - Setting next_dagrun for example_nested_branch_dag to 2024-06-13 00:00:00+00:00, run_after=2024-06-14 00:00:00+00:00
[2024-06-14T12:16:09.054+0000] {processor.py:183} INFO - Processing /home/airflow/.local/lib/python3.12/site-packages/airflow/example_dags/example_nested_branch_dag.py took 0.059 seconds
[2024-06-14T12:16:39.301+0000] {processor.py:161} INFO - Started process (PID=1249) to work on /home/airflow/.local/lib/python3.12/site-packages/airflow/example_dags/example_nested_branch_dag.py
[2024-06-14T12:16:39.301+0000] {processor.py:830} INFO - Processing file /home/airflow/.local/lib/python3.12/site-packages/airflow/example_dags/example_nested_branch_dag.py for tasks to queue
[2024-06-14T12:16:39.303+0000] {logging_mixin.py:188} INFO - [2024-06-14T12:16:39.303+0000] {dagbag.py:545} INFO - Filling up the DagBag from /home/airflow/.local/lib/python3.12/site-packages/airflow/example_dags/example_nested_branch_dag.py
[2024-06-14T12:16:39.310+0000] {processor.py:840} INFO - DAG(s) 'example_nested_branch_dag' retrieved from /home/airflow/.local/lib/python3.12/site-packages/airflow/example_dags/example_nested_branch_dag.py
[2024-06-14T12:16:39.325+0000] {logging_mixin.py:188} INFO - [2024-06-14T12:16:39.325+0000] {dag.py:3096} INFO - Sync 1 DAGs
[2024-06-14T12:16:39.342+0000] {logging_mixin.py:188} INFO - [2024-06-14T12:16:39.342+0000] {dag.py:3954} INFO - Setting next_dagrun for example_nested_branch_dag to 2024-06-13 00:00:00+00:00, run_after=2024-06-14 00:00:00+00:00
[2024-06-14T12:16:39.357+0000] {processor.py:183} INFO - Processing /home/airflow/.local/lib/python3.12/site-packages/airflow/example_dags/example_nested_branch_dag.py took 0.061 seconds
[2024-06-14T12:17:09.663+0000] {processor.py:161} INFO - Started process (PID=1307) to work on /home/airflow/.local/lib/python3.12/site-packages/airflow/example_dags/example_nested_branch_dag.py
[2024-06-14T12:17:09.664+0000] {processor.py:830} INFO - Processing file /home/airflow/.local/lib/python3.12/site-packages/airflow/example_dags/example_nested_branch_dag.py for tasks to queue
[2024-06-14T12:17:09.665+0000] {logging_mixin.py:188} INFO - [2024-06-14T12:17:09.665+0000] {dagbag.py:545} INFO - Filling up the DagBag from /home/airflow/.local/lib/python3.12/site-packages/airflow/example_dags/example_nested_branch_dag.py
[2024-06-14T12:17:09.672+0000] {processor.py:840} INFO - DAG(s) 'example_nested_branch_dag' retrieved from /home/airflow/.local/lib/python3.12/site-packages/airflow/example_dags/example_nested_branch_dag.py
[2024-06-14T12:17:09.688+0000] {logging_mixin.py:188} INFO - [2024-06-14T12:17:09.688+0000] {dag.py:3096} INFO - Sync 1 DAGs
[2024-06-14T12:17:09.705+0000] {logging_mixin.py:188} INFO - [2024-06-14T12:17:09.705+0000] {dag.py:3954} INFO - Setting next_dagrun for example_nested_branch_dag to 2024-06-13 00:00:00+00:00, run_after=2024-06-14 00:00:00+00:00
[2024-06-14T12:17:09.720+0000] {processor.py:183} INFO - Processing /home/airflow/.local/lib/python3.12/site-packages/airflow/example_dags/example_nested_branch_dag.py took 0.061 seconds
[2024-06-14T12:17:40.118+0000] {processor.py:161} INFO - Started process (PID=1365) to work on /home/airflow/.local/lib/python3.12/site-packages/airflow/example_dags/example_nested_branch_dag.py
[2024-06-14T12:17:40.119+0000] {processor.py:830} INFO - Processing file /home/airflow/.local/lib/python3.12/site-packages/airflow/example_dags/example_nested_branch_dag.py for tasks to queue
[2024-06-14T12:17:40.120+0000] {logging_mixin.py:188} INFO - [2024-06-14T12:17:40.120+0000] {dagbag.py:545} INFO - Filling up the DagBag from /home/airflow/.local/lib/python3.12/site-packages/airflow/example_dags/example_nested_branch_dag.py
[2024-06-14T12:17:40.127+0000] {processor.py:840} INFO - DAG(s) 'example_nested_branch_dag' retrieved from /home/airflow/.local/lib/python3.12/site-packages/airflow/example_dags/example_nested_branch_dag.py
[2024-06-14T12:17:40.143+0000] {logging_mixin.py:188} INFO - [2024-06-14T12:17:40.143+0000] {dag.py:3096} INFO - Sync 1 DAGs
[2024-06-14T12:17:40.158+0000] {logging_mixin.py:188} INFO - [2024-06-14T12:17:40.158+0000] {dag.py:3954} INFO - Setting next_dagrun for example_nested_branch_dag to 2024-06-13 00:00:00+00:00, run_after=2024-06-14 00:00:00+00:00
[2024-06-14T12:17:40.173+0000] {processor.py:183} INFO - Processing /home/airflow/.local/lib/python3.12/site-packages/airflow/example_dags/example_nested_branch_dag.py took 0.059 seconds
[2024-06-14T12:18:42.917+0000] {processor.py:161} INFO - Started process (PID=75) to work on /home/airflow/.local/lib/python3.12/site-packages/airflow/example_dags/example_nested_branch_dag.py
[2024-06-14T12:18:42.918+0000] {processor.py:830} INFO - Processing file /home/airflow/.local/lib/python3.12/site-packages/airflow/example_dags/example_nested_branch_dag.py for tasks to queue
[2024-06-14T12:18:42.921+0000] {logging_mixin.py:188} INFO - [2024-06-14T12:18:42.920+0000] {dagbag.py:545} INFO - Filling up the DagBag from /home/airflow/.local/lib/python3.12/site-packages/airflow/example_dags/example_nested_branch_dag.py
[2024-06-14T12:18:42.934+0000] {processor.py:840} INFO - DAG(s) 'example_nested_branch_dag' retrieved from /home/airflow/.local/lib/python3.12/site-packages/airflow/example_dags/example_nested_branch_dag.py
[2024-06-14T12:18:42.946+0000] {logging_mixin.py:188} INFO - [2024-06-14T12:18:42.945+0000] {dag.py:3096} INFO - Sync 1 DAGs
[2024-06-14T12:18:42.973+0000] {logging_mixin.py:188} INFO - [2024-06-14T12:18:42.973+0000] {dag.py:3954} INFO - Setting next_dagrun for example_nested_branch_dag to 2024-06-13 00:00:00+00:00, run_after=2024-06-14 00:00:00+00:00
[2024-06-14T12:18:42.996+0000] {processor.py:183} INFO - Processing /home/airflow/.local/lib/python3.12/site-packages/airflow/example_dags/example_nested_branch_dag.py took 0.087 seconds
[2024-06-14T12:19:14.418+0000] {processor.py:161} INFO - Started process (PID=133) to work on /home/airflow/.local/lib/python3.12/site-packages/airflow/example_dags/example_nested_branch_dag.py
[2024-06-14T12:19:14.419+0000] {processor.py:830} INFO - Processing file /home/airflow/.local/lib/python3.12/site-packages/airflow/example_dags/example_nested_branch_dag.py for tasks to queue
[2024-06-14T12:19:14.420+0000] {logging_mixin.py:188} INFO - [2024-06-14T12:19:14.420+0000] {dagbag.py:545} INFO - Filling up the DagBag from /home/airflow/.local/lib/python3.12/site-packages/airflow/example_dags/example_nested_branch_dag.py
[2024-06-14T12:19:14.427+0000] {processor.py:840} INFO - DAG(s) 'example_nested_branch_dag' retrieved from /home/airflow/.local/lib/python3.12/site-packages/airflow/example_dags/example_nested_branch_dag.py
[2024-06-14T12:19:14.501+0000] {logging_mixin.py:188} INFO - [2024-06-14T12:19:14.501+0000] {dag.py:3096} INFO - Sync 1 DAGs
[2024-06-14T12:19:14.515+0000] {logging_mixin.py:188} INFO - [2024-06-14T12:19:14.515+0000] {dag.py:3954} INFO - Setting next_dagrun for example_nested_branch_dag to 2024-06-13 00:00:00+00:00, run_after=2024-06-14 00:00:00+00:00
[2024-06-14T12:19:14.532+0000] {processor.py:183} INFO - Processing /home/airflow/.local/lib/python3.12/site-packages/airflow/example_dags/example_nested_branch_dag.py took 0.117 seconds
[2024-06-14T12:19:44.988+0000] {processor.py:161} INFO - Started process (PID=191) to work on /home/airflow/.local/lib/python3.12/site-packages/airflow/example_dags/example_nested_branch_dag.py
[2024-06-14T12:19:44.989+0000] {processor.py:830} INFO - Processing file /home/airflow/.local/lib/python3.12/site-packages/airflow/example_dags/example_nested_branch_dag.py for tasks to queue
[2024-06-14T12:19:44.991+0000] {logging_mixin.py:188} INFO - [2024-06-14T12:19:44.990+0000] {dagbag.py:545} INFO - Filling up the DagBag from /home/airflow/.local/lib/python3.12/site-packages/airflow/example_dags/example_nested_branch_dag.py
[2024-06-14T12:19:44.999+0000] {processor.py:840} INFO - DAG(s) 'example_nested_branch_dag' retrieved from /home/airflow/.local/lib/python3.12/site-packages/airflow/example_dags/example_nested_branch_dag.py
[2024-06-14T12:19:45.014+0000] {logging_mixin.py:188} INFO - [2024-06-14T12:19:45.013+0000] {dag.py:3096} INFO - Sync 1 DAGs
[2024-06-14T12:19:45.029+0000] {logging_mixin.py:188} INFO - [2024-06-14T12:19:45.029+0000] {dag.py:3954} INFO - Setting next_dagrun for example_nested_branch_dag to 2024-06-13 00:00:00+00:00, run_after=2024-06-14 00:00:00+00:00
[2024-06-14T12:19:45.043+0000] {processor.py:183} INFO - Processing /home/airflow/.local/lib/python3.12/site-packages/airflow/example_dags/example_nested_branch_dag.py took 0.059 seconds
[2024-06-14T12:20:15.462+0000] {processor.py:161} INFO - Started process (PID=249) to work on /home/airflow/.local/lib/python3.12/site-packages/airflow/example_dags/example_nested_branch_dag.py
[2024-06-14T12:20:15.463+0000] {processor.py:830} INFO - Processing file /home/airflow/.local/lib/python3.12/site-packages/airflow/example_dags/example_nested_branch_dag.py for tasks to queue
[2024-06-14T12:20:15.465+0000] {logging_mixin.py:188} INFO - [2024-06-14T12:20:15.464+0000] {dagbag.py:545} INFO - Filling up the DagBag from /home/airflow/.local/lib/python3.12/site-packages/airflow/example_dags/example_nested_branch_dag.py
[2024-06-14T12:20:15.475+0000] {processor.py:840} INFO - DAG(s) 'example_nested_branch_dag' retrieved from /home/airflow/.local/lib/python3.12/site-packages/airflow/example_dags/example_nested_branch_dag.py
[2024-06-14T12:20:15.492+0000] {logging_mixin.py:188} INFO - [2024-06-14T12:20:15.492+0000] {dag.py:3096} INFO - Sync 1 DAGs
[2024-06-14T12:20:15.508+0000] {logging_mixin.py:188} INFO - [2024-06-14T12:20:15.508+0000] {dag.py:3954} INFO - Setting next_dagrun for example_nested_branch_dag to 2024-06-13 00:00:00+00:00, run_after=2024-06-14 00:00:00+00:00
[2024-06-14T12:20:15.523+0000] {processor.py:183} INFO - Processing /home/airflow/.local/lib/python3.12/site-packages/airflow/example_dags/example_nested_branch_dag.py took 0.065 seconds
[2024-06-14T12:20:45.694+0000] {processor.py:161} INFO - Started process (PID=307) to work on /home/airflow/.local/lib/python3.12/site-packages/airflow/example_dags/example_nested_branch_dag.py
[2024-06-14T12:20:45.695+0000] {processor.py:830} INFO - Processing file /home/airflow/.local/lib/python3.12/site-packages/airflow/example_dags/example_nested_branch_dag.py for tasks to queue
[2024-06-14T12:20:45.697+0000] {logging_mixin.py:188} INFO - [2024-06-14T12:20:45.696+0000] {dagbag.py:545} INFO - Filling up the DagBag from /home/airflow/.local/lib/python3.12/site-packages/airflow/example_dags/example_nested_branch_dag.py
[2024-06-14T12:20:45.704+0000] {processor.py:840} INFO - DAG(s) 'example_nested_branch_dag' retrieved from /home/airflow/.local/lib/python3.12/site-packages/airflow/example_dags/example_nested_branch_dag.py
[2024-06-14T12:20:45.720+0000] {logging_mixin.py:188} INFO - [2024-06-14T12:20:45.720+0000] {dag.py:3096} INFO - Sync 1 DAGs
[2024-06-14T12:20:45.741+0000] {logging_mixin.py:188} INFO - [2024-06-14T12:20:45.740+0000] {dag.py:3954} INFO - Setting next_dagrun for example_nested_branch_dag to 2024-06-13 00:00:00+00:00, run_after=2024-06-14 00:00:00+00:00
[2024-06-14T12:20:45.758+0000] {processor.py:183} INFO - Processing /home/airflow/.local/lib/python3.12/site-packages/airflow/example_dags/example_nested_branch_dag.py took 0.068 seconds
[2024-06-14T12:21:15.955+0000] {processor.py:161} INFO - Started process (PID=365) to work on /home/airflow/.local/lib/python3.12/site-packages/airflow/example_dags/example_nested_branch_dag.py
[2024-06-14T12:21:15.956+0000] {processor.py:830} INFO - Processing file /home/airflow/.local/lib/python3.12/site-packages/airflow/example_dags/example_nested_branch_dag.py for tasks to queue
[2024-06-14T12:21:15.957+0000] {logging_mixin.py:188} INFO - [2024-06-14T12:21:15.957+0000] {dagbag.py:545} INFO - Filling up the DagBag from /home/airflow/.local/lib/python3.12/site-packages/airflow/example_dags/example_nested_branch_dag.py
[2024-06-14T12:21:15.967+0000] {processor.py:840} INFO - DAG(s) 'example_nested_branch_dag' retrieved from /home/airflow/.local/lib/python3.12/site-packages/airflow/example_dags/example_nested_branch_dag.py
[2024-06-14T12:21:15.985+0000] {logging_mixin.py:188} INFO - [2024-06-14T12:21:15.985+0000] {dag.py:3096} INFO - Sync 1 DAGs
[2024-06-14T12:21:16.004+0000] {logging_mixin.py:188} INFO - [2024-06-14T12:21:16.004+0000] {dag.py:3954} INFO - Setting next_dagrun for example_nested_branch_dag to 2024-06-13 00:00:00+00:00, run_after=2024-06-14 00:00:00+00:00
[2024-06-14T12:21:16.018+0000] {processor.py:183} INFO - Processing /home/airflow/.local/lib/python3.12/site-packages/airflow/example_dags/example_nested_branch_dag.py took 0.066 seconds
[2024-06-14T12:21:46.557+0000] {processor.py:161} INFO - Started process (PID=423) to work on /home/airflow/.local/lib/python3.12/site-packages/airflow/example_dags/example_nested_branch_dag.py
[2024-06-14T12:21:46.558+0000] {processor.py:830} INFO - Processing file /home/airflow/.local/lib/python3.12/site-packages/airflow/example_dags/example_nested_branch_dag.py for tasks to queue
[2024-06-14T12:21:46.559+0000] {logging_mixin.py:188} INFO - [2024-06-14T12:21:46.559+0000] {dagbag.py:545} INFO - Filling up the DagBag from /home/airflow/.local/lib/python3.12/site-packages/airflow/example_dags/example_nested_branch_dag.py
[2024-06-14T12:21:46.567+0000] {processor.py:840} INFO - DAG(s) 'example_nested_branch_dag' retrieved from /home/airflow/.local/lib/python3.12/site-packages/airflow/example_dags/example_nested_branch_dag.py
[2024-06-14T12:21:46.584+0000] {logging_mixin.py:188} INFO - [2024-06-14T12:21:46.584+0000] {dag.py:3096} INFO - Sync 1 DAGs
[2024-06-14T12:21:46.601+0000] {logging_mixin.py:188} INFO - [2024-06-14T12:21:46.601+0000] {dag.py:3954} INFO - Setting next_dagrun for example_nested_branch_dag to 2024-06-13 00:00:00+00:00, run_after=2024-06-14 00:00:00+00:00
[2024-06-14T12:21:46.616+0000] {processor.py:183} INFO - Processing /home/airflow/.local/lib/python3.12/site-packages/airflow/example_dags/example_nested_branch_dag.py took 0.064 seconds
[2024-06-14T12:22:16.885+0000] {processor.py:161} INFO - Started process (PID=482) to work on /home/airflow/.local/lib/python3.12/site-packages/airflow/example_dags/example_nested_branch_dag.py
[2024-06-14T12:22:16.886+0000] {processor.py:830} INFO - Processing file /home/airflow/.local/lib/python3.12/site-packages/airflow/example_dags/example_nested_branch_dag.py for tasks to queue
[2024-06-14T12:22:16.887+0000] {logging_mixin.py:188} INFO - [2024-06-14T12:22:16.887+0000] {dagbag.py:545} INFO - Filling up the DagBag from /home/airflow/.local/lib/python3.12/site-packages/airflow/example_dags/example_nested_branch_dag.py
[2024-06-14T12:22:16.896+0000] {processor.py:840} INFO - DAG(s) 'example_nested_branch_dag' retrieved from /home/airflow/.local/lib/python3.12/site-packages/airflow/example_dags/example_nested_branch_dag.py
[2024-06-14T12:22:16.915+0000] {logging_mixin.py:188} INFO - [2024-06-14T12:22:16.915+0000] {dag.py:3096} INFO - Sync 1 DAGs
[2024-06-14T12:22:16.936+0000] {logging_mixin.py:188} INFO - [2024-06-14T12:22:16.935+0000] {dag.py:3954} INFO - Setting next_dagrun for example_nested_branch_dag to 2024-06-13 00:00:00+00:00, run_after=2024-06-14 00:00:00+00:00
[2024-06-14T12:22:16.951+0000] {processor.py:183} INFO - Processing /home/airflow/.local/lib/python3.12/site-packages/airflow/example_dags/example_nested_branch_dag.py took 0.069 seconds
[2024-06-14T12:22:47.222+0000] {processor.py:161} INFO - Started process (PID=540) to work on /home/airflow/.local/lib/python3.12/site-packages/airflow/example_dags/example_nested_branch_dag.py
[2024-06-14T12:22:47.223+0000] {processor.py:830} INFO - Processing file /home/airflow/.local/lib/python3.12/site-packages/airflow/example_dags/example_nested_branch_dag.py for tasks to queue
[2024-06-14T12:22:47.224+0000] {logging_mixin.py:188} INFO - [2024-06-14T12:22:47.224+0000] {dagbag.py:545} INFO - Filling up the DagBag from /home/airflow/.local/lib/python3.12/site-packages/airflow/example_dags/example_nested_branch_dag.py
[2024-06-14T12:22:47.231+0000] {processor.py:840} INFO - DAG(s) 'example_nested_branch_dag' retrieved from /home/airflow/.local/lib/python3.12/site-packages/airflow/example_dags/example_nested_branch_dag.py
[2024-06-14T12:22:47.248+0000] {logging_mixin.py:188} INFO - [2024-06-14T12:22:47.248+0000] {dag.py:3096} INFO - Sync 1 DAGs
[2024-06-14T12:22:47.265+0000] {logging_mixin.py:188} INFO - [2024-06-14T12:22:47.265+0000] {dag.py:3954} INFO - Setting next_dagrun for example_nested_branch_dag to 2024-06-13 00:00:00+00:00, run_after=2024-06-14 00:00:00+00:00
[2024-06-14T12:22:47.279+0000] {processor.py:183} INFO - Processing /home/airflow/.local/lib/python3.12/site-packages/airflow/example_dags/example_nested_branch_dag.py took 0.061 seconds
[2024-06-14T12:23:17.580+0000] {processor.py:161} INFO - Started process (PID=598) to work on /home/airflow/.local/lib/python3.12/site-packages/airflow/example_dags/example_nested_branch_dag.py
[2024-06-14T12:23:17.580+0000] {processor.py:830} INFO - Processing file /home/airflow/.local/lib/python3.12/site-packages/airflow/example_dags/example_nested_branch_dag.py for tasks to queue
[2024-06-14T12:23:17.582+0000] {logging_mixin.py:188} INFO - [2024-06-14T12:23:17.582+0000] {dagbag.py:545} INFO - Filling up the DagBag from /home/airflow/.local/lib/python3.12/site-packages/airflow/example_dags/example_nested_branch_dag.py
[2024-06-14T12:23:17.589+0000] {processor.py:840} INFO - DAG(s) 'example_nested_branch_dag' retrieved from /home/airflow/.local/lib/python3.12/site-packages/airflow/example_dags/example_nested_branch_dag.py
[2024-06-14T12:23:17.603+0000] {logging_mixin.py:188} INFO - [2024-06-14T12:23:17.603+0000] {dag.py:3096} INFO - Sync 1 DAGs
[2024-06-14T12:23:17.619+0000] {logging_mixin.py:188} INFO - [2024-06-14T12:23:17.619+0000] {dag.py:3954} INFO - Setting next_dagrun for example_nested_branch_dag to 2024-06-13 00:00:00+00:00, run_after=2024-06-14 00:00:00+00:00
[2024-06-14T12:23:17.633+0000] {processor.py:183} INFO - Processing /home/airflow/.local/lib/python3.12/site-packages/airflow/example_dags/example_nested_branch_dag.py took 0.057 seconds
[2024-06-14T12:23:47.979+0000] {processor.py:161} INFO - Started process (PID=656) to work on /home/airflow/.local/lib/python3.12/site-packages/airflow/example_dags/example_nested_branch_dag.py
[2024-06-14T12:23:47.980+0000] {processor.py:830} INFO - Processing file /home/airflow/.local/lib/python3.12/site-packages/airflow/example_dags/example_nested_branch_dag.py for tasks to queue
[2024-06-14T12:23:47.981+0000] {logging_mixin.py:188} INFO - [2024-06-14T12:23:47.981+0000] {dagbag.py:545} INFO - Filling up the DagBag from /home/airflow/.local/lib/python3.12/site-packages/airflow/example_dags/example_nested_branch_dag.py
[2024-06-14T12:23:47.988+0000] {processor.py:840} INFO - DAG(s) 'example_nested_branch_dag' retrieved from /home/airflow/.local/lib/python3.12/site-packages/airflow/example_dags/example_nested_branch_dag.py
[2024-06-14T12:23:48.005+0000] {logging_mixin.py:188} INFO - [2024-06-14T12:23:48.004+0000] {dag.py:3096} INFO - Sync 1 DAGs
[2024-06-14T12:23:48.020+0000] {logging_mixin.py:188} INFO - [2024-06-14T12:23:48.020+0000] {dag.py:3954} INFO - Setting next_dagrun for example_nested_branch_dag to 2024-06-13 00:00:00+00:00, run_after=2024-06-14 00:00:00+00:00
[2024-06-14T12:23:48.036+0000] {processor.py:183} INFO - Processing /home/airflow/.local/lib/python3.12/site-packages/airflow/example_dags/example_nested_branch_dag.py took 0.060 seconds
[2024-06-14T12:24:18.331+0000] {processor.py:161} INFO - Started process (PID=715) to work on /home/airflow/.local/lib/python3.12/site-packages/airflow/example_dags/example_nested_branch_dag.py
[2024-06-14T12:24:18.332+0000] {processor.py:830} INFO - Processing file /home/airflow/.local/lib/python3.12/site-packages/airflow/example_dags/example_nested_branch_dag.py for tasks to queue
[2024-06-14T12:24:18.333+0000] {logging_mixin.py:188} INFO - [2024-06-14T12:24:18.333+0000] {dagbag.py:545} INFO - Filling up the DagBag from /home/airflow/.local/lib/python3.12/site-packages/airflow/example_dags/example_nested_branch_dag.py
[2024-06-14T12:24:18.340+0000] {processor.py:840} INFO - DAG(s) 'example_nested_branch_dag' retrieved from /home/airflow/.local/lib/python3.12/site-packages/airflow/example_dags/example_nested_branch_dag.py
[2024-06-14T12:24:18.354+0000] {logging_mixin.py:188} INFO - [2024-06-14T12:24:18.354+0000] {dag.py:3096} INFO - Sync 1 DAGs
[2024-06-14T12:24:18.371+0000] {logging_mixin.py:188} INFO - [2024-06-14T12:24:18.370+0000] {dag.py:3954} INFO - Setting next_dagrun for example_nested_branch_dag to 2024-06-13 00:00:00+00:00, run_after=2024-06-14 00:00:00+00:00
[2024-06-14T12:24:18.385+0000] {processor.py:183} INFO - Processing /home/airflow/.local/lib/python3.12/site-packages/airflow/example_dags/example_nested_branch_dag.py took 0.060 seconds
[2024-06-14T12:24:48.474+0000] {processor.py:161} INFO - Started process (PID=773) to work on /home/airflow/.local/lib/python3.12/site-packages/airflow/example_dags/example_nested_branch_dag.py
[2024-06-14T12:24:48.475+0000] {processor.py:830} INFO - Processing file /home/airflow/.local/lib/python3.12/site-packages/airflow/example_dags/example_nested_branch_dag.py for tasks to queue
[2024-06-14T12:24:48.477+0000] {logging_mixin.py:188} INFO - [2024-06-14T12:24:48.477+0000] {dagbag.py:545} INFO - Filling up the DagBag from /home/airflow/.local/lib/python3.12/site-packages/airflow/example_dags/example_nested_branch_dag.py
[2024-06-14T12:24:48.485+0000] {processor.py:840} INFO - DAG(s) 'example_nested_branch_dag' retrieved from /home/airflow/.local/lib/python3.12/site-packages/airflow/example_dags/example_nested_branch_dag.py
[2024-06-14T12:24:48.503+0000] {logging_mixin.py:188} INFO - [2024-06-14T12:24:48.503+0000] {dag.py:3096} INFO - Sync 1 DAGs
[2024-06-14T12:24:48.521+0000] {logging_mixin.py:188} INFO - [2024-06-14T12:24:48.521+0000] {dag.py:3954} INFO - Setting next_dagrun for example_nested_branch_dag to 2024-06-13 00:00:00+00:00, run_after=2024-06-14 00:00:00+00:00
[2024-06-14T12:24:48.535+0000] {processor.py:183} INFO - Processing /home/airflow/.local/lib/python3.12/site-packages/airflow/example_dags/example_nested_branch_dag.py took 0.066 seconds
[2024-06-14T12:25:18.960+0000] {processor.py:161} INFO - Started process (PID=831) to work on /home/airflow/.local/lib/python3.12/site-packages/airflow/example_dags/example_nested_branch_dag.py
[2024-06-14T12:25:18.961+0000] {processor.py:830} INFO - Processing file /home/airflow/.local/lib/python3.12/site-packages/airflow/example_dags/example_nested_branch_dag.py for tasks to queue
[2024-06-14T12:25:18.962+0000] {logging_mixin.py:188} INFO - [2024-06-14T12:25:18.962+0000] {dagbag.py:545} INFO - Filling up the DagBag from /home/airflow/.local/lib/python3.12/site-packages/airflow/example_dags/example_nested_branch_dag.py
[2024-06-14T12:25:18.968+0000] {processor.py:840} INFO - DAG(s) 'example_nested_branch_dag' retrieved from /home/airflow/.local/lib/python3.12/site-packages/airflow/example_dags/example_nested_branch_dag.py
[2024-06-14T12:25:18.984+0000] {logging_mixin.py:188} INFO - [2024-06-14T12:25:18.983+0000] {dag.py:3096} INFO - Sync 1 DAGs
[2024-06-14T12:25:18.999+0000] {logging_mixin.py:188} INFO - [2024-06-14T12:25:18.999+0000] {dag.py:3954} INFO - Setting next_dagrun for example_nested_branch_dag to 2024-06-13 00:00:00+00:00, run_after=2024-06-14 00:00:00+00:00
[2024-06-14T12:25:19.011+0000] {processor.py:183} INFO - Processing /home/airflow/.local/lib/python3.12/site-packages/airflow/example_dags/example_nested_branch_dag.py took 0.055 seconds
[2024-06-14T12:25:49.303+0000] {processor.py:161} INFO - Started process (PID=889) to work on /home/airflow/.local/lib/python3.12/site-packages/airflow/example_dags/example_nested_branch_dag.py
[2024-06-14T12:25:49.304+0000] {processor.py:830} INFO - Processing file /home/airflow/.local/lib/python3.12/site-packages/airflow/example_dags/example_nested_branch_dag.py for tasks to queue
[2024-06-14T12:25:49.305+0000] {logging_mixin.py:188} INFO - [2024-06-14T12:25:49.305+0000] {dagbag.py:545} INFO - Filling up the DagBag from /home/airflow/.local/lib/python3.12/site-packages/airflow/example_dags/example_nested_branch_dag.py
[2024-06-14T12:25:49.314+0000] {processor.py:840} INFO - DAG(s) 'example_nested_branch_dag' retrieved from /home/airflow/.local/lib/python3.12/site-packages/airflow/example_dags/example_nested_branch_dag.py
[2024-06-14T12:25:49.333+0000] {logging_mixin.py:188} INFO - [2024-06-14T12:25:49.333+0000] {dag.py:3096} INFO - Sync 1 DAGs
[2024-06-14T12:25:49.354+0000] {logging_mixin.py:188} INFO - [2024-06-14T12:25:49.354+0000] {dag.py:3954} INFO - Setting next_dagrun for example_nested_branch_dag to 2024-06-13 00:00:00+00:00, run_after=2024-06-14 00:00:00+00:00
[2024-06-14T12:25:49.373+0000] {processor.py:183} INFO - Processing /home/airflow/.local/lib/python3.12/site-packages/airflow/example_dags/example_nested_branch_dag.py took 0.075 seconds
[2024-06-14T12:26:19.729+0000] {processor.py:161} INFO - Started process (PID=947) to work on /home/airflow/.local/lib/python3.12/site-packages/airflow/example_dags/example_nested_branch_dag.py
[2024-06-14T12:26:19.730+0000] {processor.py:830} INFO - Processing file /home/airflow/.local/lib/python3.12/site-packages/airflow/example_dags/example_nested_branch_dag.py for tasks to queue
[2024-06-14T12:26:19.731+0000] {logging_mixin.py:188} INFO - [2024-06-14T12:26:19.731+0000] {dagbag.py:545} INFO - Filling up the DagBag from /home/airflow/.local/lib/python3.12/site-packages/airflow/example_dags/example_nested_branch_dag.py
[2024-06-14T12:26:19.738+0000] {processor.py:840} INFO - DAG(s) 'example_nested_branch_dag' retrieved from /home/airflow/.local/lib/python3.12/site-packages/airflow/example_dags/example_nested_branch_dag.py
[2024-06-14T12:26:19.754+0000] {logging_mixin.py:188} INFO - [2024-06-14T12:26:19.754+0000] {dag.py:3096} INFO - Sync 1 DAGs
[2024-06-14T12:26:19.771+0000] {logging_mixin.py:188} INFO - [2024-06-14T12:26:19.771+0000] {dag.py:3954} INFO - Setting next_dagrun for example_nested_branch_dag to 2024-06-13 00:00:00+00:00, run_after=2024-06-14 00:00:00+00:00
[2024-06-14T12:26:19.784+0000] {processor.py:183} INFO - Processing /home/airflow/.local/lib/python3.12/site-packages/airflow/example_dags/example_nested_branch_dag.py took 0.059 seconds
[2024-06-14T12:26:49.945+0000] {processor.py:161} INFO - Started process (PID=1005) to work on /home/airflow/.local/lib/python3.12/site-packages/airflow/example_dags/example_nested_branch_dag.py
[2024-06-14T12:26:49.946+0000] {processor.py:830} INFO - Processing file /home/airflow/.local/lib/python3.12/site-packages/airflow/example_dags/example_nested_branch_dag.py for tasks to queue
[2024-06-14T12:26:49.948+0000] {logging_mixin.py:188} INFO - [2024-06-14T12:26:49.948+0000] {dagbag.py:545} INFO - Filling up the DagBag from /home/airflow/.local/lib/python3.12/site-packages/airflow/example_dags/example_nested_branch_dag.py
[2024-06-14T12:26:49.956+0000] {processor.py:840} INFO - DAG(s) 'example_nested_branch_dag' retrieved from /home/airflow/.local/lib/python3.12/site-packages/airflow/example_dags/example_nested_branch_dag.py
[2024-06-14T12:26:49.974+0000] {logging_mixin.py:188} INFO - [2024-06-14T12:26:49.973+0000] {dag.py:3096} INFO - Sync 1 DAGs
[2024-06-14T12:26:49.995+0000] {logging_mixin.py:188} INFO - [2024-06-14T12:26:49.995+0000] {dag.py:3954} INFO - Setting next_dagrun for example_nested_branch_dag to 2024-06-13 00:00:00+00:00, run_after=2024-06-14 00:00:00+00:00
[2024-06-14T12:26:50.013+0000] {processor.py:183} INFO - Processing /home/airflow/.local/lib/python3.12/site-packages/airflow/example_dags/example_nested_branch_dag.py took 0.073 seconds
[2024-06-14T12:27:20.123+0000] {processor.py:161} INFO - Started process (PID=1063) to work on /home/airflow/.local/lib/python3.12/site-packages/airflow/example_dags/example_nested_branch_dag.py
[2024-06-14T12:27:20.124+0000] {processor.py:830} INFO - Processing file /home/airflow/.local/lib/python3.12/site-packages/airflow/example_dags/example_nested_branch_dag.py for tasks to queue
[2024-06-14T12:27:20.125+0000] {logging_mixin.py:188} INFO - [2024-06-14T12:27:20.125+0000] {dagbag.py:545} INFO - Filling up the DagBag from /home/airflow/.local/lib/python3.12/site-packages/airflow/example_dags/example_nested_branch_dag.py
[2024-06-14T12:27:20.133+0000] {processor.py:840} INFO - DAG(s) 'example_nested_branch_dag' retrieved from /home/airflow/.local/lib/python3.12/site-packages/airflow/example_dags/example_nested_branch_dag.py
[2024-06-14T12:27:20.151+0000] {logging_mixin.py:188} INFO - [2024-06-14T12:27:20.151+0000] {dag.py:3096} INFO - Sync 1 DAGs
[2024-06-14T12:27:20.172+0000] {logging_mixin.py:188} INFO - [2024-06-14T12:27:20.171+0000] {dag.py:3954} INFO - Setting next_dagrun for example_nested_branch_dag to 2024-06-13 00:00:00+00:00, run_after=2024-06-14 00:00:00+00:00
[2024-06-14T12:27:20.187+0000] {processor.py:183} INFO - Processing /home/airflow/.local/lib/python3.12/site-packages/airflow/example_dags/example_nested_branch_dag.py took 0.068 seconds
[2024-06-14T12:27:50.344+0000] {processor.py:161} INFO - Started process (PID=1121) to work on /home/airflow/.local/lib/python3.12/site-packages/airflow/example_dags/example_nested_branch_dag.py
[2024-06-14T12:27:50.345+0000] {processor.py:830} INFO - Processing file /home/airflow/.local/lib/python3.12/site-packages/airflow/example_dags/example_nested_branch_dag.py for tasks to queue
[2024-06-14T12:27:50.346+0000] {logging_mixin.py:188} INFO - [2024-06-14T12:27:50.346+0000] {dagbag.py:545} INFO - Filling up the DagBag from /home/airflow/.local/lib/python3.12/site-packages/airflow/example_dags/example_nested_branch_dag.py
[2024-06-14T12:27:50.354+0000] {processor.py:840} INFO - DAG(s) 'example_nested_branch_dag' retrieved from /home/airflow/.local/lib/python3.12/site-packages/airflow/example_dags/example_nested_branch_dag.py
[2024-06-14T12:27:50.373+0000] {logging_mixin.py:188} INFO - [2024-06-14T12:27:50.372+0000] {dag.py:3096} INFO - Sync 1 DAGs
[2024-06-14T12:27:50.390+0000] {logging_mixin.py:188} INFO - [2024-06-14T12:27:50.390+0000] {dag.py:3954} INFO - Setting next_dagrun for example_nested_branch_dag to 2024-06-13 00:00:00+00:00, run_after=2024-06-14 00:00:00+00:00
[2024-06-14T12:27:50.405+0000] {processor.py:183} INFO - Processing /home/airflow/.local/lib/python3.12/site-packages/airflow/example_dags/example_nested_branch_dag.py took 0.065 seconds
[2024-06-14T12:28:20.618+0000] {processor.py:161} INFO - Started process (PID=1179) to work on /home/airflow/.local/lib/python3.12/site-packages/airflow/example_dags/example_nested_branch_dag.py
[2024-06-14T12:28:20.618+0000] {processor.py:830} INFO - Processing file /home/airflow/.local/lib/python3.12/site-packages/airflow/example_dags/example_nested_branch_dag.py for tasks to queue
[2024-06-14T12:28:20.620+0000] {logging_mixin.py:188} INFO - [2024-06-14T12:28:20.620+0000] {dagbag.py:545} INFO - Filling up the DagBag from /home/airflow/.local/lib/python3.12/site-packages/airflow/example_dags/example_nested_branch_dag.py
[2024-06-14T12:28:20.628+0000] {processor.py:840} INFO - DAG(s) 'example_nested_branch_dag' retrieved from /home/airflow/.local/lib/python3.12/site-packages/airflow/example_dags/example_nested_branch_dag.py
[2024-06-14T12:28:20.647+0000] {logging_mixin.py:188} INFO - [2024-06-14T12:28:20.647+0000] {dag.py:3096} INFO - Sync 1 DAGs
[2024-06-14T12:28:20.669+0000] {logging_mixin.py:188} INFO - [2024-06-14T12:28:20.669+0000] {dag.py:3954} INFO - Setting next_dagrun for example_nested_branch_dag to 2024-06-13 00:00:00+00:00, run_after=2024-06-14 00:00:00+00:00
[2024-06-14T12:28:20.686+0000] {processor.py:183} INFO - Processing /home/airflow/.local/lib/python3.12/site-packages/airflow/example_dags/example_nested_branch_dag.py took 0.074 seconds
[2024-06-14T12:28:50.921+0000] {processor.py:161} INFO - Started process (PID=1237) to work on /home/airflow/.local/lib/python3.12/site-packages/airflow/example_dags/example_nested_branch_dag.py
[2024-06-14T12:28:50.922+0000] {processor.py:830} INFO - Processing file /home/airflow/.local/lib/python3.12/site-packages/airflow/example_dags/example_nested_branch_dag.py for tasks to queue
[2024-06-14T12:28:50.923+0000] {logging_mixin.py:188} INFO - [2024-06-14T12:28:50.923+0000] {dagbag.py:545} INFO - Filling up the DagBag from /home/airflow/.local/lib/python3.12/site-packages/airflow/example_dags/example_nested_branch_dag.py
[2024-06-14T12:28:50.930+0000] {processor.py:840} INFO - DAG(s) 'example_nested_branch_dag' retrieved from /home/airflow/.local/lib/python3.12/site-packages/airflow/example_dags/example_nested_branch_dag.py
[2024-06-14T12:28:50.943+0000] {logging_mixin.py:188} INFO - [2024-06-14T12:28:50.943+0000] {dag.py:3096} INFO - Sync 1 DAGs
[2024-06-14T12:28:50.959+0000] {logging_mixin.py:188} INFO - [2024-06-14T12:28:50.959+0000] {dag.py:3954} INFO - Setting next_dagrun for example_nested_branch_dag to 2024-06-13 00:00:00+00:00, run_after=2024-06-14 00:00:00+00:00
[2024-06-14T12:28:50.975+0000] {processor.py:183} INFO - Processing /home/airflow/.local/lib/python3.12/site-packages/airflow/example_dags/example_nested_branch_dag.py took 0.058 seconds
[2024-06-14T12:29:21.354+0000] {processor.py:161} INFO - Started process (PID=1295) to work on /home/airflow/.local/lib/python3.12/site-packages/airflow/example_dags/example_nested_branch_dag.py
[2024-06-14T12:29:21.355+0000] {processor.py:830} INFO - Processing file /home/airflow/.local/lib/python3.12/site-packages/airflow/example_dags/example_nested_branch_dag.py for tasks to queue
[2024-06-14T12:29:21.356+0000] {logging_mixin.py:188} INFO - [2024-06-14T12:29:21.356+0000] {dagbag.py:545} INFO - Filling up the DagBag from /home/airflow/.local/lib/python3.12/site-packages/airflow/example_dags/example_nested_branch_dag.py
[2024-06-14T12:29:21.363+0000] {processor.py:840} INFO - DAG(s) 'example_nested_branch_dag' retrieved from /home/airflow/.local/lib/python3.12/site-packages/airflow/example_dags/example_nested_branch_dag.py
[2024-06-14T12:29:21.377+0000] {logging_mixin.py:188} INFO - [2024-06-14T12:29:21.377+0000] {dag.py:3096} INFO - Sync 1 DAGs
[2024-06-14T12:29:21.392+0000] {logging_mixin.py:188} INFO - [2024-06-14T12:29:21.392+0000] {dag.py:3954} INFO - Setting next_dagrun for example_nested_branch_dag to 2024-06-13 00:00:00+00:00, run_after=2024-06-14 00:00:00+00:00
[2024-06-14T12:29:21.405+0000] {processor.py:183} INFO - Processing /home/airflow/.local/lib/python3.12/site-packages/airflow/example_dags/example_nested_branch_dag.py took 0.056 seconds
[2024-06-14T12:29:51.689+0000] {processor.py:161} INFO - Started process (PID=1353) to work on /home/airflow/.local/lib/python3.12/site-packages/airflow/example_dags/example_nested_branch_dag.py
[2024-06-14T12:29:51.690+0000] {processor.py:830} INFO - Processing file /home/airflow/.local/lib/python3.12/site-packages/airflow/example_dags/example_nested_branch_dag.py for tasks to queue
[2024-06-14T12:29:51.691+0000] {logging_mixin.py:188} INFO - [2024-06-14T12:29:51.691+0000] {dagbag.py:545} INFO - Filling up the DagBag from /home/airflow/.local/lib/python3.12/site-packages/airflow/example_dags/example_nested_branch_dag.py
[2024-06-14T12:29:51.700+0000] {processor.py:840} INFO - DAG(s) 'example_nested_branch_dag' retrieved from /home/airflow/.local/lib/python3.12/site-packages/airflow/example_dags/example_nested_branch_dag.py
[2024-06-14T12:29:51.715+0000] {logging_mixin.py:188} INFO - [2024-06-14T12:29:51.714+0000] {dag.py:3096} INFO - Sync 1 DAGs
[2024-06-14T12:29:51.730+0000] {logging_mixin.py:188} INFO - [2024-06-14T12:29:51.729+0000] {dag.py:3954} INFO - Setting next_dagrun for example_nested_branch_dag to 2024-06-13 00:00:00+00:00, run_after=2024-06-14 00:00:00+00:00
[2024-06-14T12:29:51.742+0000] {processor.py:183} INFO - Processing /home/airflow/.local/lib/python3.12/site-packages/airflow/example_dags/example_nested_branch_dag.py took 0.057 seconds
[2024-06-14T12:30:21.987+0000] {processor.py:161} INFO - Started process (PID=1411) to work on /home/airflow/.local/lib/python3.12/site-packages/airflow/example_dags/example_nested_branch_dag.py
[2024-06-14T12:30:21.988+0000] {processor.py:830} INFO - Processing file /home/airflow/.local/lib/python3.12/site-packages/airflow/example_dags/example_nested_branch_dag.py for tasks to queue
[2024-06-14T12:30:21.989+0000] {logging_mixin.py:188} INFO - [2024-06-14T12:30:21.989+0000] {dagbag.py:545} INFO - Filling up the DagBag from /home/airflow/.local/lib/python3.12/site-packages/airflow/example_dags/example_nested_branch_dag.py
[2024-06-14T12:30:21.999+0000] {processor.py:840} INFO - DAG(s) 'example_nested_branch_dag' retrieved from /home/airflow/.local/lib/python3.12/site-packages/airflow/example_dags/example_nested_branch_dag.py
[2024-06-14T12:30:22.016+0000] {logging_mixin.py:188} INFO - [2024-06-14T12:30:22.016+0000] {dag.py:3096} INFO - Sync 1 DAGs
[2024-06-14T12:30:22.033+0000] {logging_mixin.py:188} INFO - [2024-06-14T12:30:22.033+0000] {dag.py:3954} INFO - Setting next_dagrun for example_nested_branch_dag to 2024-06-13 00:00:00+00:00, run_after=2024-06-14 00:00:00+00:00
[2024-06-14T12:30:22.047+0000] {processor.py:183} INFO - Processing /home/airflow/.local/lib/python3.12/site-packages/airflow/example_dags/example_nested_branch_dag.py took 0.065 seconds
[2024-06-14T12:30:52.256+0000] {processor.py:161} INFO - Started process (PID=1469) to work on /home/airflow/.local/lib/python3.12/site-packages/airflow/example_dags/example_nested_branch_dag.py
[2024-06-14T12:30:52.257+0000] {processor.py:830} INFO - Processing file /home/airflow/.local/lib/python3.12/site-packages/airflow/example_dags/example_nested_branch_dag.py for tasks to queue
[2024-06-14T12:30:52.258+0000] {logging_mixin.py:188} INFO - [2024-06-14T12:30:52.258+0000] {dagbag.py:545} INFO - Filling up the DagBag from /home/airflow/.local/lib/python3.12/site-packages/airflow/example_dags/example_nested_branch_dag.py
[2024-06-14T12:30:52.266+0000] {processor.py:840} INFO - DAG(s) 'example_nested_branch_dag' retrieved from /home/airflow/.local/lib/python3.12/site-packages/airflow/example_dags/example_nested_branch_dag.py
[2024-06-14T12:30:52.280+0000] {logging_mixin.py:188} INFO - [2024-06-14T12:30:52.280+0000] {dag.py:3096} INFO - Sync 1 DAGs
[2024-06-14T12:30:52.296+0000] {logging_mixin.py:188} INFO - [2024-06-14T12:30:52.296+0000] {dag.py:3954} INFO - Setting next_dagrun for example_nested_branch_dag to 2024-06-13 00:00:00+00:00, run_after=2024-06-14 00:00:00+00:00
[2024-06-14T12:30:52.311+0000] {processor.py:183} INFO - Processing /home/airflow/.local/lib/python3.12/site-packages/airflow/example_dags/example_nested_branch_dag.py took 0.058 seconds
[2024-06-14T12:31:22.515+0000] {processor.py:161} INFO - Started process (PID=1527) to work on /home/airflow/.local/lib/python3.12/site-packages/airflow/example_dags/example_nested_branch_dag.py
[2024-06-14T12:31:22.516+0000] {processor.py:830} INFO - Processing file /home/airflow/.local/lib/python3.12/site-packages/airflow/example_dags/example_nested_branch_dag.py for tasks to queue
[2024-06-14T12:31:22.518+0000] {logging_mixin.py:188} INFO - [2024-06-14T12:31:22.517+0000] {dagbag.py:545} INFO - Filling up the DagBag from /home/airflow/.local/lib/python3.12/site-packages/airflow/example_dags/example_nested_branch_dag.py
[2024-06-14T12:31:22.525+0000] {processor.py:840} INFO - DAG(s) 'example_nested_branch_dag' retrieved from /home/airflow/.local/lib/python3.12/site-packages/airflow/example_dags/example_nested_branch_dag.py
[2024-06-14T12:31:22.541+0000] {logging_mixin.py:188} INFO - [2024-06-14T12:31:22.541+0000] {dag.py:3096} INFO - Sync 1 DAGs
[2024-06-14T12:31:22.560+0000] {logging_mixin.py:188} INFO - [2024-06-14T12:31:22.559+0000] {dag.py:3954} INFO - Setting next_dagrun for example_nested_branch_dag to 2024-06-13 00:00:00+00:00, run_after=2024-06-14 00:00:00+00:00
[2024-06-14T12:31:22.576+0000] {processor.py:183} INFO - Processing /home/airflow/.local/lib/python3.12/site-packages/airflow/example_dags/example_nested_branch_dag.py took 0.065 seconds
[2024-06-14T12:31:52.862+0000] {processor.py:161} INFO - Started process (PID=1585) to work on /home/airflow/.local/lib/python3.12/site-packages/airflow/example_dags/example_nested_branch_dag.py
[2024-06-14T12:31:52.863+0000] {processor.py:830} INFO - Processing file /home/airflow/.local/lib/python3.12/site-packages/airflow/example_dags/example_nested_branch_dag.py for tasks to queue
[2024-06-14T12:31:52.864+0000] {logging_mixin.py:188} INFO - [2024-06-14T12:31:52.864+0000] {dagbag.py:545} INFO - Filling up the DagBag from /home/airflow/.local/lib/python3.12/site-packages/airflow/example_dags/example_nested_branch_dag.py
[2024-06-14T12:31:52.871+0000] {processor.py:840} INFO - DAG(s) 'example_nested_branch_dag' retrieved from /home/airflow/.local/lib/python3.12/site-packages/airflow/example_dags/example_nested_branch_dag.py
[2024-06-14T12:31:52.887+0000] {logging_mixin.py:188} INFO - [2024-06-14T12:31:52.886+0000] {dag.py:3096} INFO - Sync 1 DAGs
[2024-06-14T12:31:52.908+0000] {logging_mixin.py:188} INFO - [2024-06-14T12:31:52.908+0000] {dag.py:3954} INFO - Setting next_dagrun for example_nested_branch_dag to 2024-06-13 00:00:00+00:00, run_after=2024-06-14 00:00:00+00:00
[2024-06-14T12:31:52.923+0000] {processor.py:183} INFO - Processing /home/airflow/.local/lib/python3.12/site-packages/airflow/example_dags/example_nested_branch_dag.py took 0.066 seconds
[2024-06-14T12:32:23.118+0000] {processor.py:161} INFO - Started process (PID=1644) to work on /home/airflow/.local/lib/python3.12/site-packages/airflow/example_dags/example_nested_branch_dag.py
[2024-06-14T12:32:23.119+0000] {processor.py:830} INFO - Processing file /home/airflow/.local/lib/python3.12/site-packages/airflow/example_dags/example_nested_branch_dag.py for tasks to queue
[2024-06-14T12:32:23.120+0000] {logging_mixin.py:188} INFO - [2024-06-14T12:32:23.120+0000] {dagbag.py:545} INFO - Filling up the DagBag from /home/airflow/.local/lib/python3.12/site-packages/airflow/example_dags/example_nested_branch_dag.py
[2024-06-14T12:32:23.127+0000] {processor.py:840} INFO - DAG(s) 'example_nested_branch_dag' retrieved from /home/airflow/.local/lib/python3.12/site-packages/airflow/example_dags/example_nested_branch_dag.py
[2024-06-14T12:32:23.142+0000] {logging_mixin.py:188} INFO - [2024-06-14T12:32:23.142+0000] {dag.py:3096} INFO - Sync 1 DAGs
[2024-06-14T12:32:23.160+0000] {logging_mixin.py:188} INFO - [2024-06-14T12:32:23.160+0000] {dag.py:3954} INFO - Setting next_dagrun for example_nested_branch_dag to 2024-06-13 00:00:00+00:00, run_after=2024-06-14 00:00:00+00:00
[2024-06-14T12:32:23.175+0000] {processor.py:183} INFO - Processing /home/airflow/.local/lib/python3.12/site-packages/airflow/example_dags/example_nested_branch_dag.py took 0.061 seconds
[2024-06-14T12:32:53.643+0000] {processor.py:161} INFO - Started process (PID=1702) to work on /home/airflow/.local/lib/python3.12/site-packages/airflow/example_dags/example_nested_branch_dag.py
[2024-06-14T12:32:53.644+0000] {processor.py:830} INFO - Processing file /home/airflow/.local/lib/python3.12/site-packages/airflow/example_dags/example_nested_branch_dag.py for tasks to queue
[2024-06-14T12:32:53.645+0000] {logging_mixin.py:188} INFO - [2024-06-14T12:32:53.645+0000] {dagbag.py:545} INFO - Filling up the DagBag from /home/airflow/.local/lib/python3.12/site-packages/airflow/example_dags/example_nested_branch_dag.py
[2024-06-14T12:32:53.654+0000] {processor.py:840} INFO - DAG(s) 'example_nested_branch_dag' retrieved from /home/airflow/.local/lib/python3.12/site-packages/airflow/example_dags/example_nested_branch_dag.py
[2024-06-14T12:32:53.670+0000] {logging_mixin.py:188} INFO - [2024-06-14T12:32:53.670+0000] {dag.py:3096} INFO - Sync 1 DAGs
[2024-06-14T12:32:53.690+0000] {logging_mixin.py:188} INFO - [2024-06-14T12:32:53.690+0000] {dag.py:3954} INFO - Setting next_dagrun for example_nested_branch_dag to 2024-06-13 00:00:00+00:00, run_after=2024-06-14 00:00:00+00:00
[2024-06-14T12:32:53.706+0000] {processor.py:183} INFO - Processing /home/airflow/.local/lib/python3.12/site-packages/airflow/example_dags/example_nested_branch_dag.py took 0.067 seconds
[2024-06-14T12:33:24.256+0000] {processor.py:161} INFO - Started process (PID=1760) to work on /home/airflow/.local/lib/python3.12/site-packages/airflow/example_dags/example_nested_branch_dag.py
[2024-06-14T12:33:24.257+0000] {processor.py:830} INFO - Processing file /home/airflow/.local/lib/python3.12/site-packages/airflow/example_dags/example_nested_branch_dag.py for tasks to queue
[2024-06-14T12:33:24.259+0000] {logging_mixin.py:188} INFO - [2024-06-14T12:33:24.258+0000] {dagbag.py:545} INFO - Filling up the DagBag from /home/airflow/.local/lib/python3.12/site-packages/airflow/example_dags/example_nested_branch_dag.py
[2024-06-14T12:33:24.266+0000] {processor.py:840} INFO - DAG(s) 'example_nested_branch_dag' retrieved from /home/airflow/.local/lib/python3.12/site-packages/airflow/example_dags/example_nested_branch_dag.py
[2024-06-14T12:33:24.285+0000] {logging_mixin.py:188} INFO - [2024-06-14T12:33:24.284+0000] {dag.py:3096} INFO - Sync 1 DAGs
[2024-06-14T12:33:24.306+0000] {logging_mixin.py:188} INFO - [2024-06-14T12:33:24.305+0000] {dag.py:3954} INFO - Setting next_dagrun for example_nested_branch_dag to 2024-06-13 00:00:00+00:00, run_after=2024-06-14 00:00:00+00:00
[2024-06-14T12:33:24.323+0000] {processor.py:183} INFO - Processing /home/airflow/.local/lib/python3.12/site-packages/airflow/example_dags/example_nested_branch_dag.py took 0.071 seconds
[2024-06-14T12:33:54.892+0000] {processor.py:161} INFO - Started process (PID=1818) to work on /home/airflow/.local/lib/python3.12/site-packages/airflow/example_dags/example_nested_branch_dag.py
[2024-06-14T12:33:54.893+0000] {processor.py:830} INFO - Processing file /home/airflow/.local/lib/python3.12/site-packages/airflow/example_dags/example_nested_branch_dag.py for tasks to queue
[2024-06-14T12:33:54.894+0000] {logging_mixin.py:188} INFO - [2024-06-14T12:33:54.894+0000] {dagbag.py:545} INFO - Filling up the DagBag from /home/airflow/.local/lib/python3.12/site-packages/airflow/example_dags/example_nested_branch_dag.py
[2024-06-14T12:33:54.903+0000] {processor.py:840} INFO - DAG(s) 'example_nested_branch_dag' retrieved from /home/airflow/.local/lib/python3.12/site-packages/airflow/example_dags/example_nested_branch_dag.py
[2024-06-14T12:33:54.919+0000] {logging_mixin.py:188} INFO - [2024-06-14T12:33:54.919+0000] {dag.py:3096} INFO - Sync 1 DAGs
[2024-06-14T12:33:54.938+0000] {logging_mixin.py:188} INFO - [2024-06-14T12:33:54.938+0000] {dag.py:3954} INFO - Setting next_dagrun for example_nested_branch_dag to 2024-06-13 00:00:00+00:00, run_after=2024-06-14 00:00:00+00:00
[2024-06-14T12:33:54.954+0000] {processor.py:183} INFO - Processing /home/airflow/.local/lib/python3.12/site-packages/airflow/example_dags/example_nested_branch_dag.py took 0.065 seconds
[2024-06-14T12:34:26.024+0000] {processor.py:161} INFO - Started process (PID=1876) to work on /home/airflow/.local/lib/python3.12/site-packages/airflow/example_dags/example_nested_branch_dag.py
[2024-06-14T12:34:26.025+0000] {processor.py:830} INFO - Processing file /home/airflow/.local/lib/python3.12/site-packages/airflow/example_dags/example_nested_branch_dag.py for tasks to queue
[2024-06-14T12:34:26.026+0000] {logging_mixin.py:188} INFO - [2024-06-14T12:34:26.026+0000] {dagbag.py:545} INFO - Filling up the DagBag from /home/airflow/.local/lib/python3.12/site-packages/airflow/example_dags/example_nested_branch_dag.py
[2024-06-14T12:34:26.033+0000] {processor.py:840} INFO - DAG(s) 'example_nested_branch_dag' retrieved from /home/airflow/.local/lib/python3.12/site-packages/airflow/example_dags/example_nested_branch_dag.py
[2024-06-14T12:34:26.047+0000] {logging_mixin.py:188} INFO - [2024-06-14T12:34:26.047+0000] {dag.py:3096} INFO - Sync 1 DAGs
[2024-06-14T12:34:26.063+0000] {logging_mixin.py:188} INFO - [2024-06-14T12:34:26.063+0000] {dag.py:3954} INFO - Setting next_dagrun for example_nested_branch_dag to 2024-06-13 00:00:00+00:00, run_after=2024-06-14 00:00:00+00:00
[2024-06-14T12:34:26.161+0000] {processor.py:183} INFO - Processing /home/airflow/.local/lib/python3.12/site-packages/airflow/example_dags/example_nested_branch_dag.py took 0.141 seconds
