[2024-06-14T12:06:30.614+0000] {processor.py:161} INFO - Started process (PID=47) to work on /home/airflow/.local/lib/python3.12/site-packages/airflow/example_dags/example_branch_python_dop_operator_3.py
[2024-06-14T12:06:30.617+0000] {processor.py:830} INFO - Processing file /home/airflow/.local/lib/python3.12/site-packages/airflow/example_dags/example_branch_python_dop_operator_3.py for tasks to queue
[2024-06-14T12:06:30.622+0000] {logging_mixin.py:188} INFO - [2024-06-14T12:06:30.621+0000] {dagbag.py:545} INFO - Filling up the DagBag from /home/airflow/.local/lib/python3.12/site-packages/airflow/example_dags/example_branch_python_dop_operator_3.py
[2024-06-14T12:06:30.632+0000] {processor.py:840} INFO - DAG(s) 'example_branch_dop_operator_v3' retrieved from /home/airflow/.local/lib/python3.12/site-packages/airflow/example_dags/example_branch_python_dop_operator_3.py
[2024-06-14T12:06:30.646+0000] {logging_mixin.py:188} INFO - [2024-06-14T12:06:30.645+0000] {dag.py:3096} INFO - Sync 1 DAGs
[2024-06-14T12:06:30.671+0000] {logging_mixin.py:188} INFO - [2024-06-14T12:06:30.670+0000] {dag.py:3954} INFO - Setting next_dagrun for example_branch_dop_operator_v3 to 2024-06-14 12:05:00+00:00, run_after=2024-06-14 12:06:00+00:00
[2024-06-14T12:06:30.691+0000] {processor.py:183} INFO - Processing /home/airflow/.local/lib/python3.12/site-packages/airflow/example_dags/example_branch_python_dop_operator_3.py took 0.083 seconds
[2024-06-14T12:07:01.780+0000] {processor.py:161} INFO - Started process (PID=105) to work on /home/airflow/.local/lib/python3.12/site-packages/airflow/example_dags/example_branch_python_dop_operator_3.py
[2024-06-14T12:07:01.781+0000] {processor.py:830} INFO - Processing file /home/airflow/.local/lib/python3.12/site-packages/airflow/example_dags/example_branch_python_dop_operator_3.py for tasks to queue
[2024-06-14T12:07:01.783+0000] {logging_mixin.py:188} INFO - [2024-06-14T12:07:01.783+0000] {dagbag.py:545} INFO - Filling up the DagBag from /home/airflow/.local/lib/python3.12/site-packages/airflow/example_dags/example_branch_python_dop_operator_3.py
[2024-06-14T12:07:01.789+0000] {processor.py:840} INFO - DAG(s) 'example_branch_dop_operator_v3' retrieved from /home/airflow/.local/lib/python3.12/site-packages/airflow/example_dags/example_branch_python_dop_operator_3.py
[2024-06-14T12:07:01.860+0000] {logging_mixin.py:188} INFO - [2024-06-14T12:07:01.860+0000] {dag.py:3096} INFO - Sync 1 DAGs
[2024-06-14T12:07:01.889+0000] {logging_mixin.py:188} INFO - [2024-06-14T12:07:01.889+0000] {dag.py:3954} INFO - Setting next_dagrun for example_branch_dop_operator_v3 to 2024-06-14 12:06:00+00:00, run_after=2024-06-14 12:07:00+00:00
[2024-06-14T12:07:01.916+0000] {processor.py:183} INFO - Processing /home/airflow/.local/lib/python3.12/site-packages/airflow/example_dags/example_branch_python_dop_operator_3.py took 0.139 seconds
[2024-06-14T12:07:32.392+0000] {processor.py:161} INFO - Started process (PID=163) to work on /home/airflow/.local/lib/python3.12/site-packages/airflow/example_dags/example_branch_python_dop_operator_3.py
[2024-06-14T12:07:32.392+0000] {processor.py:830} INFO - Processing file /home/airflow/.local/lib/python3.12/site-packages/airflow/example_dags/example_branch_python_dop_operator_3.py for tasks to queue
[2024-06-14T12:07:32.394+0000] {logging_mixin.py:188} INFO - [2024-06-14T12:07:32.393+0000] {dagbag.py:545} INFO - Filling up the DagBag from /home/airflow/.local/lib/python3.12/site-packages/airflow/example_dags/example_branch_python_dop_operator_3.py
[2024-06-14T12:07:32.399+0000] {processor.py:840} INFO - DAG(s) 'example_branch_dop_operator_v3' retrieved from /home/airflow/.local/lib/python3.12/site-packages/airflow/example_dags/example_branch_python_dop_operator_3.py
[2024-06-14T12:07:32.414+0000] {logging_mixin.py:188} INFO - [2024-06-14T12:07:32.413+0000] {dag.py:3096} INFO - Sync 1 DAGs
[2024-06-14T12:07:32.433+0000] {logging_mixin.py:188} INFO - [2024-06-14T12:07:32.433+0000] {dag.py:3954} INFO - Setting next_dagrun for example_branch_dop_operator_v3 to 2024-06-14 12:06:00+00:00, run_after=2024-06-14 12:07:00+00:00
[2024-06-14T12:07:32.448+0000] {processor.py:183} INFO - Processing /home/airflow/.local/lib/python3.12/site-packages/airflow/example_dags/example_branch_python_dop_operator_3.py took 0.061 seconds
[2024-06-14T12:08:02.539+0000] {processor.py:161} INFO - Started process (PID=221) to work on /home/airflow/.local/lib/python3.12/site-packages/airflow/example_dags/example_branch_python_dop_operator_3.py
[2024-06-14T12:08:02.539+0000] {processor.py:830} INFO - Processing file /home/airflow/.local/lib/python3.12/site-packages/airflow/example_dags/example_branch_python_dop_operator_3.py for tasks to queue
[2024-06-14T12:08:02.541+0000] {logging_mixin.py:188} INFO - [2024-06-14T12:08:02.540+0000] {dagbag.py:545} INFO - Filling up the DagBag from /home/airflow/.local/lib/python3.12/site-packages/airflow/example_dags/example_branch_python_dop_operator_3.py
[2024-06-14T12:08:02.547+0000] {processor.py:840} INFO - DAG(s) 'example_branch_dop_operator_v3' retrieved from /home/airflow/.local/lib/python3.12/site-packages/airflow/example_dags/example_branch_python_dop_operator_3.py
[2024-06-14T12:08:02.560+0000] {logging_mixin.py:188} INFO - [2024-06-14T12:08:02.560+0000] {dag.py:3096} INFO - Sync 1 DAGs
[2024-06-14T12:08:02.579+0000] {logging_mixin.py:188} INFO - [2024-06-14T12:08:02.579+0000] {dag.py:3954} INFO - Setting next_dagrun for example_branch_dop_operator_v3 to 2024-06-14 12:07:00+00:00, run_after=2024-06-14 12:08:00+00:00
[2024-06-14T12:08:02.595+0000] {processor.py:183} INFO - Processing /home/airflow/.local/lib/python3.12/site-packages/airflow/example_dags/example_branch_python_dop_operator_3.py took 0.060 seconds
[2024-06-14T12:08:32.692+0000] {processor.py:161} INFO - Started process (PID=278) to work on /home/airflow/.local/lib/python3.12/site-packages/airflow/example_dags/example_branch_python_dop_operator_3.py
[2024-06-14T12:08:32.693+0000] {processor.py:830} INFO - Processing file /home/airflow/.local/lib/python3.12/site-packages/airflow/example_dags/example_branch_python_dop_operator_3.py for tasks to queue
[2024-06-14T12:08:32.694+0000] {logging_mixin.py:188} INFO - [2024-06-14T12:08:32.694+0000] {dagbag.py:545} INFO - Filling up the DagBag from /home/airflow/.local/lib/python3.12/site-packages/airflow/example_dags/example_branch_python_dop_operator_3.py
[2024-06-14T12:08:32.701+0000] {processor.py:840} INFO - DAG(s) 'example_branch_dop_operator_v3' retrieved from /home/airflow/.local/lib/python3.12/site-packages/airflow/example_dags/example_branch_python_dop_operator_3.py
[2024-06-14T12:08:32.716+0000] {logging_mixin.py:188} INFO - [2024-06-14T12:08:32.716+0000] {dag.py:3096} INFO - Sync 1 DAGs
[2024-06-14T12:08:32.747+0000] {logging_mixin.py:188} INFO - [2024-06-14T12:08:32.747+0000] {dag.py:3954} INFO - Setting next_dagrun for example_branch_dop_operator_v3 to 2024-06-14 12:07:00+00:00, run_after=2024-06-14 12:08:00+00:00
[2024-06-14T12:08:32.777+0000] {processor.py:183} INFO - Processing /home/airflow/.local/lib/python3.12/site-packages/airflow/example_dags/example_branch_python_dop_operator_3.py took 0.089 seconds
[2024-06-14T12:09:02.933+0000] {processor.py:161} INFO - Started process (PID=336) to work on /home/airflow/.local/lib/python3.12/site-packages/airflow/example_dags/example_branch_python_dop_operator_3.py
[2024-06-14T12:09:02.933+0000] {processor.py:830} INFO - Processing file /home/airflow/.local/lib/python3.12/site-packages/airflow/example_dags/example_branch_python_dop_operator_3.py for tasks to queue
[2024-06-14T12:09:02.935+0000] {logging_mixin.py:188} INFO - [2024-06-14T12:09:02.935+0000] {dagbag.py:545} INFO - Filling up the DagBag from /home/airflow/.local/lib/python3.12/site-packages/airflow/example_dags/example_branch_python_dop_operator_3.py
[2024-06-14T12:09:02.941+0000] {processor.py:840} INFO - DAG(s) 'example_branch_dop_operator_v3' retrieved from /home/airflow/.local/lib/python3.12/site-packages/airflow/example_dags/example_branch_python_dop_operator_3.py
[2024-06-14T12:09:02.956+0000] {logging_mixin.py:188} INFO - [2024-06-14T12:09:02.956+0000] {dag.py:3096} INFO - Sync 1 DAGs
[2024-06-14T12:09:02.981+0000] {logging_mixin.py:188} INFO - [2024-06-14T12:09:02.981+0000] {dag.py:3954} INFO - Setting next_dagrun for example_branch_dop_operator_v3 to 2024-06-14 12:08:00+00:00, run_after=2024-06-14 12:09:00+00:00
[2024-06-14T12:09:02.997+0000] {processor.py:183} INFO - Processing /home/airflow/.local/lib/python3.12/site-packages/airflow/example_dags/example_branch_python_dop_operator_3.py took 0.069 seconds
[2024-06-14T12:09:33.368+0000] {processor.py:161} INFO - Started process (PID=401) to work on /home/airflow/.local/lib/python3.12/site-packages/airflow/example_dags/example_branch_python_dop_operator_3.py
[2024-06-14T12:09:33.369+0000] {processor.py:830} INFO - Processing file /home/airflow/.local/lib/python3.12/site-packages/airflow/example_dags/example_branch_python_dop_operator_3.py for tasks to queue
[2024-06-14T12:09:33.370+0000] {logging_mixin.py:188} INFO - [2024-06-14T12:09:33.370+0000] {dagbag.py:545} INFO - Filling up the DagBag from /home/airflow/.local/lib/python3.12/site-packages/airflow/example_dags/example_branch_python_dop_operator_3.py
[2024-06-14T12:09:33.377+0000] {processor.py:840} INFO - DAG(s) 'example_branch_dop_operator_v3' retrieved from /home/airflow/.local/lib/python3.12/site-packages/airflow/example_dags/example_branch_python_dop_operator_3.py
[2024-06-14T12:09:33.394+0000] {logging_mixin.py:188} INFO - [2024-06-14T12:09:33.393+0000] {dag.py:3096} INFO - Sync 1 DAGs
[2024-06-14T12:09:33.419+0000] {logging_mixin.py:188} INFO - [2024-06-14T12:09:33.418+0000] {dag.py:3954} INFO - Setting next_dagrun for example_branch_dop_operator_v3 to 2024-06-14 12:08:00+00:00, run_after=2024-06-14 12:09:00+00:00
[2024-06-14T12:09:33.436+0000] {processor.py:183} INFO - Processing /home/airflow/.local/lib/python3.12/site-packages/airflow/example_dags/example_branch_python_dop_operator_3.py took 0.073 seconds
[2024-06-14T12:10:03.547+0000] {processor.py:161} INFO - Started process (PID=459) to work on /home/airflow/.local/lib/python3.12/site-packages/airflow/example_dags/example_branch_python_dop_operator_3.py
[2024-06-14T12:10:03.547+0000] {processor.py:830} INFO - Processing file /home/airflow/.local/lib/python3.12/site-packages/airflow/example_dags/example_branch_python_dop_operator_3.py for tasks to queue
[2024-06-14T12:10:03.548+0000] {logging_mixin.py:188} INFO - [2024-06-14T12:10:03.548+0000] {dagbag.py:545} INFO - Filling up the DagBag from /home/airflow/.local/lib/python3.12/site-packages/airflow/example_dags/example_branch_python_dop_operator_3.py
[2024-06-14T12:10:03.554+0000] {processor.py:840} INFO - DAG(s) 'example_branch_dop_operator_v3' retrieved from /home/airflow/.local/lib/python3.12/site-packages/airflow/example_dags/example_branch_python_dop_operator_3.py
[2024-06-14T12:10:03.570+0000] {logging_mixin.py:188} INFO - [2024-06-14T12:10:03.570+0000] {dag.py:3096} INFO - Sync 1 DAGs
[2024-06-14T12:10:03.590+0000] {logging_mixin.py:188} INFO - [2024-06-14T12:10:03.590+0000] {dag.py:3954} INFO - Setting next_dagrun for example_branch_dop_operator_v3 to 2024-06-14 12:09:00+00:00, run_after=2024-06-14 12:10:00+00:00
[2024-06-14T12:10:03.605+0000] {processor.py:183} INFO - Processing /home/airflow/.local/lib/python3.12/site-packages/airflow/example_dags/example_branch_python_dop_operator_3.py took 0.062 seconds
[2024-06-14T12:10:33.744+0000] {processor.py:161} INFO - Started process (PID=517) to work on /home/airflow/.local/lib/python3.12/site-packages/airflow/example_dags/example_branch_python_dop_operator_3.py
[2024-06-14T12:10:33.745+0000] {processor.py:830} INFO - Processing file /home/airflow/.local/lib/python3.12/site-packages/airflow/example_dags/example_branch_python_dop_operator_3.py for tasks to queue
[2024-06-14T12:10:33.747+0000] {logging_mixin.py:188} INFO - [2024-06-14T12:10:33.746+0000] {dagbag.py:545} INFO - Filling up the DagBag from /home/airflow/.local/lib/python3.12/site-packages/airflow/example_dags/example_branch_python_dop_operator_3.py
[2024-06-14T12:10:33.754+0000] {processor.py:840} INFO - DAG(s) 'example_branch_dop_operator_v3' retrieved from /home/airflow/.local/lib/python3.12/site-packages/airflow/example_dags/example_branch_python_dop_operator_3.py
[2024-06-14T12:10:33.768+0000] {logging_mixin.py:188} INFO - [2024-06-14T12:10:33.767+0000] {dag.py:3096} INFO - Sync 1 DAGs
[2024-06-14T12:10:33.790+0000] {logging_mixin.py:188} INFO - [2024-06-14T12:10:33.790+0000] {dag.py:3954} INFO - Setting next_dagrun for example_branch_dop_operator_v3 to 2024-06-14 12:09:00+00:00, run_after=2024-06-14 12:10:00+00:00
[2024-06-14T12:10:33.805+0000] {processor.py:183} INFO - Processing /home/airflow/.local/lib/python3.12/site-packages/airflow/example_dags/example_branch_python_dop_operator_3.py took 0.065 seconds
[2024-06-14T12:11:03.961+0000] {processor.py:161} INFO - Started process (PID=582) to work on /home/airflow/.local/lib/python3.12/site-packages/airflow/example_dags/example_branch_python_dop_operator_3.py
[2024-06-14T12:11:03.962+0000] {processor.py:830} INFO - Processing file /home/airflow/.local/lib/python3.12/site-packages/airflow/example_dags/example_branch_python_dop_operator_3.py for tasks to queue
[2024-06-14T12:11:03.963+0000] {logging_mixin.py:188} INFO - [2024-06-14T12:11:03.963+0000] {dagbag.py:545} INFO - Filling up the DagBag from /home/airflow/.local/lib/python3.12/site-packages/airflow/example_dags/example_branch_python_dop_operator_3.py
[2024-06-14T12:11:03.970+0000] {processor.py:840} INFO - DAG(s) 'example_branch_dop_operator_v3' retrieved from /home/airflow/.local/lib/python3.12/site-packages/airflow/example_dags/example_branch_python_dop_operator_3.py
[2024-06-14T12:11:03.986+0000] {logging_mixin.py:188} INFO - [2024-06-14T12:11:03.985+0000] {dag.py:3096} INFO - Sync 1 DAGs
[2024-06-14T12:11:04.009+0000] {logging_mixin.py:188} INFO - [2024-06-14T12:11:04.009+0000] {dag.py:3954} INFO - Setting next_dagrun for example_branch_dop_operator_v3 to 2024-06-14 12:10:00+00:00, run_after=2024-06-14 12:11:00+00:00
[2024-06-14T12:11:04.026+0000] {processor.py:183} INFO - Processing /home/airflow/.local/lib/python3.12/site-packages/airflow/example_dags/example_branch_python_dop_operator_3.py took 0.069 seconds
[2024-06-14T12:11:34.171+0000] {processor.py:161} INFO - Started process (PID=640) to work on /home/airflow/.local/lib/python3.12/site-packages/airflow/example_dags/example_branch_python_dop_operator_3.py
[2024-06-14T12:11:34.172+0000] {processor.py:830} INFO - Processing file /home/airflow/.local/lib/python3.12/site-packages/airflow/example_dags/example_branch_python_dop_operator_3.py for tasks to queue
[2024-06-14T12:11:34.173+0000] {logging_mixin.py:188} INFO - [2024-06-14T12:11:34.173+0000] {dagbag.py:545} INFO - Filling up the DagBag from /home/airflow/.local/lib/python3.12/site-packages/airflow/example_dags/example_branch_python_dop_operator_3.py
[2024-06-14T12:11:34.181+0000] {processor.py:840} INFO - DAG(s) 'example_branch_dop_operator_v3' retrieved from /home/airflow/.local/lib/python3.12/site-packages/airflow/example_dags/example_branch_python_dop_operator_3.py
[2024-06-14T12:11:34.196+0000] {logging_mixin.py:188} INFO - [2024-06-14T12:11:34.196+0000] {dag.py:3096} INFO - Sync 1 DAGs
[2024-06-14T12:11:34.219+0000] {logging_mixin.py:188} INFO - [2024-06-14T12:11:34.219+0000] {dag.py:3954} INFO - Setting next_dagrun for example_branch_dop_operator_v3 to 2024-06-14 12:10:00+00:00, run_after=2024-06-14 12:11:00+00:00
[2024-06-14T12:11:34.234+0000] {processor.py:183} INFO - Processing /home/airflow/.local/lib/python3.12/site-packages/airflow/example_dags/example_branch_python_dop_operator_3.py took 0.067 seconds
[2024-06-14T12:12:04.386+0000] {processor.py:161} INFO - Started process (PID=698) to work on /home/airflow/.local/lib/python3.12/site-packages/airflow/example_dags/example_branch_python_dop_operator_3.py
[2024-06-14T12:12:04.387+0000] {processor.py:830} INFO - Processing file /home/airflow/.local/lib/python3.12/site-packages/airflow/example_dags/example_branch_python_dop_operator_3.py for tasks to queue
[2024-06-14T12:12:04.388+0000] {logging_mixin.py:188} INFO - [2024-06-14T12:12:04.388+0000] {dagbag.py:545} INFO - Filling up the DagBag from /home/airflow/.local/lib/python3.12/site-packages/airflow/example_dags/example_branch_python_dop_operator_3.py
[2024-06-14T12:12:04.394+0000] {processor.py:840} INFO - DAG(s) 'example_branch_dop_operator_v3' retrieved from /home/airflow/.local/lib/python3.12/site-packages/airflow/example_dags/example_branch_python_dop_operator_3.py
[2024-06-14T12:12:04.409+0000] {logging_mixin.py:188} INFO - [2024-06-14T12:12:04.408+0000] {dag.py:3096} INFO - Sync 1 DAGs
[2024-06-14T12:12:04.427+0000] {logging_mixin.py:188} INFO - [2024-06-14T12:12:04.427+0000] {dag.py:3954} INFO - Setting next_dagrun for example_branch_dop_operator_v3 to 2024-06-14 12:11:00+00:00, run_after=2024-06-14 12:12:00+00:00
[2024-06-14T12:12:04.443+0000] {processor.py:183} INFO - Processing /home/airflow/.local/lib/python3.12/site-packages/airflow/example_dags/example_branch_python_dop_operator_3.py took 0.060 seconds
[2024-06-14T12:12:34.547+0000] {processor.py:161} INFO - Started process (PID=756) to work on /home/airflow/.local/lib/python3.12/site-packages/airflow/example_dags/example_branch_python_dop_operator_3.py
[2024-06-14T12:12:34.548+0000] {processor.py:830} INFO - Processing file /home/airflow/.local/lib/python3.12/site-packages/airflow/example_dags/example_branch_python_dop_operator_3.py for tasks to queue
[2024-06-14T12:12:34.549+0000] {logging_mixin.py:188} INFO - [2024-06-14T12:12:34.549+0000] {dagbag.py:545} INFO - Filling up the DagBag from /home/airflow/.local/lib/python3.12/site-packages/airflow/example_dags/example_branch_python_dop_operator_3.py
[2024-06-14T12:12:34.557+0000] {processor.py:840} INFO - DAG(s) 'example_branch_dop_operator_v3' retrieved from /home/airflow/.local/lib/python3.12/site-packages/airflow/example_dags/example_branch_python_dop_operator_3.py
[2024-06-14T12:12:34.573+0000] {logging_mixin.py:188} INFO - [2024-06-14T12:12:34.573+0000] {dag.py:3096} INFO - Sync 1 DAGs
[2024-06-14T12:12:34.595+0000] {logging_mixin.py:188} INFO - [2024-06-14T12:12:34.595+0000] {dag.py:3954} INFO - Setting next_dagrun for example_branch_dop_operator_v3 to 2024-06-14 12:11:00+00:00, run_after=2024-06-14 12:12:00+00:00
[2024-06-14T12:12:34.610+0000] {processor.py:183} INFO - Processing /home/airflow/.local/lib/python3.12/site-packages/airflow/example_dags/example_branch_python_dop_operator_3.py took 0.068 seconds
[2024-06-14T12:13:04.694+0000] {processor.py:161} INFO - Started process (PID=814) to work on /home/airflow/.local/lib/python3.12/site-packages/airflow/example_dags/example_branch_python_dop_operator_3.py
[2024-06-14T12:13:04.694+0000] {processor.py:830} INFO - Processing file /home/airflow/.local/lib/python3.12/site-packages/airflow/example_dags/example_branch_python_dop_operator_3.py for tasks to queue
[2024-06-14T12:13:04.696+0000] {logging_mixin.py:188} INFO - [2024-06-14T12:13:04.696+0000] {dagbag.py:545} INFO - Filling up the DagBag from /home/airflow/.local/lib/python3.12/site-packages/airflow/example_dags/example_branch_python_dop_operator_3.py
[2024-06-14T12:13:04.703+0000] {processor.py:840} INFO - DAG(s) 'example_branch_dop_operator_v3' retrieved from /home/airflow/.local/lib/python3.12/site-packages/airflow/example_dags/example_branch_python_dop_operator_3.py
[2024-06-14T12:13:04.717+0000] {logging_mixin.py:188} INFO - [2024-06-14T12:13:04.717+0000] {dag.py:3096} INFO - Sync 1 DAGs
[2024-06-14T12:13:04.739+0000] {logging_mixin.py:188} INFO - [2024-06-14T12:13:04.739+0000] {dag.py:3954} INFO - Setting next_dagrun for example_branch_dop_operator_v3 to 2024-06-14 12:12:00+00:00, run_after=2024-06-14 12:13:00+00:00
[2024-06-14T12:13:04.756+0000] {processor.py:183} INFO - Processing /home/airflow/.local/lib/python3.12/site-packages/airflow/example_dags/example_branch_python_dop_operator_3.py took 0.069 seconds
[2024-06-14T12:13:35.104+0000] {processor.py:161} INFO - Started process (PID=872) to work on /home/airflow/.local/lib/python3.12/site-packages/airflow/example_dags/example_branch_python_dop_operator_3.py
[2024-06-14T12:13:35.104+0000] {processor.py:830} INFO - Processing file /home/airflow/.local/lib/python3.12/site-packages/airflow/example_dags/example_branch_python_dop_operator_3.py for tasks to queue
[2024-06-14T12:13:35.106+0000] {logging_mixin.py:188} INFO - [2024-06-14T12:13:35.105+0000] {dagbag.py:545} INFO - Filling up the DagBag from /home/airflow/.local/lib/python3.12/site-packages/airflow/example_dags/example_branch_python_dop_operator_3.py
[2024-06-14T12:13:35.112+0000] {processor.py:840} INFO - DAG(s) 'example_branch_dop_operator_v3' retrieved from /home/airflow/.local/lib/python3.12/site-packages/airflow/example_dags/example_branch_python_dop_operator_3.py
[2024-06-14T12:13:35.127+0000] {logging_mixin.py:188} INFO - [2024-06-14T12:13:35.127+0000] {dag.py:3096} INFO - Sync 1 DAGs
[2024-06-14T12:13:35.147+0000] {logging_mixin.py:188} INFO - [2024-06-14T12:13:35.147+0000] {dag.py:3954} INFO - Setting next_dagrun for example_branch_dop_operator_v3 to 2024-06-14 12:12:00+00:00, run_after=2024-06-14 12:13:00+00:00
[2024-06-14T12:13:35.161+0000] {processor.py:183} INFO - Processing /home/airflow/.local/lib/python3.12/site-packages/airflow/example_dags/example_branch_python_dop_operator_3.py took 0.063 seconds
[2024-06-14T12:14:05.558+0000] {processor.py:161} INFO - Started process (PID=930) to work on /home/airflow/.local/lib/python3.12/site-packages/airflow/example_dags/example_branch_python_dop_operator_3.py
[2024-06-14T12:14:05.559+0000] {processor.py:830} INFO - Processing file /home/airflow/.local/lib/python3.12/site-packages/airflow/example_dags/example_branch_python_dop_operator_3.py for tasks to queue
[2024-06-14T12:14:05.561+0000] {logging_mixin.py:188} INFO - [2024-06-14T12:14:05.560+0000] {dagbag.py:545} INFO - Filling up the DagBag from /home/airflow/.local/lib/python3.12/site-packages/airflow/example_dags/example_branch_python_dop_operator_3.py
[2024-06-14T12:14:05.567+0000] {processor.py:840} INFO - DAG(s) 'example_branch_dop_operator_v3' retrieved from /home/airflow/.local/lib/python3.12/site-packages/airflow/example_dags/example_branch_python_dop_operator_3.py
[2024-06-14T12:14:05.586+0000] {logging_mixin.py:188} INFO - [2024-06-14T12:14:05.586+0000] {dag.py:3096} INFO - Sync 1 DAGs
[2024-06-14T12:14:05.607+0000] {logging_mixin.py:188} INFO - [2024-06-14T12:14:05.606+0000] {dag.py:3954} INFO - Setting next_dagrun for example_branch_dop_operator_v3 to 2024-06-14 12:13:00+00:00, run_after=2024-06-14 12:14:00+00:00
[2024-06-14T12:14:05.626+0000] {processor.py:183} INFO - Processing /home/airflow/.local/lib/python3.12/site-packages/airflow/example_dags/example_branch_python_dop_operator_3.py took 0.073 seconds
[2024-06-14T12:14:35.896+0000] {processor.py:161} INFO - Started process (PID=988) to work on /home/airflow/.local/lib/python3.12/site-packages/airflow/example_dags/example_branch_python_dop_operator_3.py
[2024-06-14T12:14:35.897+0000] {processor.py:830} INFO - Processing file /home/airflow/.local/lib/python3.12/site-packages/airflow/example_dags/example_branch_python_dop_operator_3.py for tasks to queue
[2024-06-14T12:14:35.899+0000] {logging_mixin.py:188} INFO - [2024-06-14T12:14:35.898+0000] {dagbag.py:545} INFO - Filling up the DagBag from /home/airflow/.local/lib/python3.12/site-packages/airflow/example_dags/example_branch_python_dop_operator_3.py
[2024-06-14T12:14:35.905+0000] {processor.py:840} INFO - DAG(s) 'example_branch_dop_operator_v3' retrieved from /home/airflow/.local/lib/python3.12/site-packages/airflow/example_dags/example_branch_python_dop_operator_3.py
[2024-06-14T12:14:35.920+0000] {logging_mixin.py:188} INFO - [2024-06-14T12:14:35.920+0000] {dag.py:3096} INFO - Sync 1 DAGs
[2024-06-14T12:14:35.939+0000] {logging_mixin.py:188} INFO - [2024-06-14T12:14:35.938+0000] {dag.py:3954} INFO - Setting next_dagrun for example_branch_dop_operator_v3 to 2024-06-14 12:13:00+00:00, run_after=2024-06-14 12:14:00+00:00
[2024-06-14T12:14:35.954+0000] {processor.py:183} INFO - Processing /home/airflow/.local/lib/python3.12/site-packages/airflow/example_dags/example_branch_python_dop_operator_3.py took 0.062 seconds
[2024-06-14T12:15:06.244+0000] {processor.py:161} INFO - Started process (PID=1046) to work on /home/airflow/.local/lib/python3.12/site-packages/airflow/example_dags/example_branch_python_dop_operator_3.py
[2024-06-14T12:15:06.244+0000] {processor.py:830} INFO - Processing file /home/airflow/.local/lib/python3.12/site-packages/airflow/example_dags/example_branch_python_dop_operator_3.py for tasks to queue
[2024-06-14T12:15:06.246+0000] {logging_mixin.py:188} INFO - [2024-06-14T12:15:06.245+0000] {dagbag.py:545} INFO - Filling up the DagBag from /home/airflow/.local/lib/python3.12/site-packages/airflow/example_dags/example_branch_python_dop_operator_3.py
[2024-06-14T12:15:06.253+0000] {processor.py:840} INFO - DAG(s) 'example_branch_dop_operator_v3' retrieved from /home/airflow/.local/lib/python3.12/site-packages/airflow/example_dags/example_branch_python_dop_operator_3.py
[2024-06-14T12:15:06.267+0000] {logging_mixin.py:188} INFO - [2024-06-14T12:15:06.267+0000] {dag.py:3096} INFO - Sync 1 DAGs
[2024-06-14T12:15:06.290+0000] {logging_mixin.py:188} INFO - [2024-06-14T12:15:06.290+0000] {dag.py:3954} INFO - Setting next_dagrun for example_branch_dop_operator_v3 to 2024-06-14 12:14:00+00:00, run_after=2024-06-14 12:15:00+00:00
[2024-06-14T12:15:06.304+0000] {processor.py:183} INFO - Processing /home/airflow/.local/lib/python3.12/site-packages/airflow/example_dags/example_branch_python_dop_operator_3.py took 0.065 seconds
[2024-06-14T12:15:36.484+0000] {processor.py:161} INFO - Started process (PID=1104) to work on /home/airflow/.local/lib/python3.12/site-packages/airflow/example_dags/example_branch_python_dop_operator_3.py
[2024-06-14T12:15:36.485+0000] {processor.py:830} INFO - Processing file /home/airflow/.local/lib/python3.12/site-packages/airflow/example_dags/example_branch_python_dop_operator_3.py for tasks to queue
[2024-06-14T12:15:36.486+0000] {logging_mixin.py:188} INFO - [2024-06-14T12:15:36.485+0000] {dagbag.py:545} INFO - Filling up the DagBag from /home/airflow/.local/lib/python3.12/site-packages/airflow/example_dags/example_branch_python_dop_operator_3.py
[2024-06-14T12:15:36.492+0000] {processor.py:840} INFO - DAG(s) 'example_branch_dop_operator_v3' retrieved from /home/airflow/.local/lib/python3.12/site-packages/airflow/example_dags/example_branch_python_dop_operator_3.py
[2024-06-14T12:15:36.505+0000] {logging_mixin.py:188} INFO - [2024-06-14T12:15:36.505+0000] {dag.py:3096} INFO - Sync 1 DAGs
[2024-06-14T12:15:36.526+0000] {logging_mixin.py:188} INFO - [2024-06-14T12:15:36.526+0000] {dag.py:3954} INFO - Setting next_dagrun for example_branch_dop_operator_v3 to 2024-06-14 12:14:00+00:00, run_after=2024-06-14 12:15:00+00:00
[2024-06-14T12:15:36.540+0000] {processor.py:183} INFO - Processing /home/airflow/.local/lib/python3.12/site-packages/airflow/example_dags/example_branch_python_dop_operator_3.py took 0.060 seconds
[2024-06-14T12:16:06.819+0000] {processor.py:161} INFO - Started process (PID=1162) to work on /home/airflow/.local/lib/python3.12/site-packages/airflow/example_dags/example_branch_python_dop_operator_3.py
[2024-06-14T12:16:06.820+0000] {processor.py:830} INFO - Processing file /home/airflow/.local/lib/python3.12/site-packages/airflow/example_dags/example_branch_python_dop_operator_3.py for tasks to queue
[2024-06-14T12:16:06.821+0000] {logging_mixin.py:188} INFO - [2024-06-14T12:16:06.821+0000] {dagbag.py:545} INFO - Filling up the DagBag from /home/airflow/.local/lib/python3.12/site-packages/airflow/example_dags/example_branch_python_dop_operator_3.py
[2024-06-14T12:16:06.828+0000] {processor.py:840} INFO - DAG(s) 'example_branch_dop_operator_v3' retrieved from /home/airflow/.local/lib/python3.12/site-packages/airflow/example_dags/example_branch_python_dop_operator_3.py
[2024-06-14T12:16:06.841+0000] {logging_mixin.py:188} INFO - [2024-06-14T12:16:06.841+0000] {dag.py:3096} INFO - Sync 1 DAGs
[2024-06-14T12:16:06.859+0000] {logging_mixin.py:188} INFO - [2024-06-14T12:16:06.859+0000] {dag.py:3954} INFO - Setting next_dagrun for example_branch_dop_operator_v3 to 2024-06-14 12:15:00+00:00, run_after=2024-06-14 12:16:00+00:00
[2024-06-14T12:16:06.874+0000] {processor.py:183} INFO - Processing /home/airflow/.local/lib/python3.12/site-packages/airflow/example_dags/example_branch_python_dop_operator_3.py took 0.059 seconds
[2024-06-14T12:16:37.149+0000] {processor.py:161} INFO - Started process (PID=1220) to work on /home/airflow/.local/lib/python3.12/site-packages/airflow/example_dags/example_branch_python_dop_operator_3.py
[2024-06-14T12:16:37.149+0000] {processor.py:830} INFO - Processing file /home/airflow/.local/lib/python3.12/site-packages/airflow/example_dags/example_branch_python_dop_operator_3.py for tasks to queue
[2024-06-14T12:16:37.151+0000] {logging_mixin.py:188} INFO - [2024-06-14T12:16:37.151+0000] {dagbag.py:545} INFO - Filling up the DagBag from /home/airflow/.local/lib/python3.12/site-packages/airflow/example_dags/example_branch_python_dop_operator_3.py
[2024-06-14T12:16:37.157+0000] {processor.py:840} INFO - DAG(s) 'example_branch_dop_operator_v3' retrieved from /home/airflow/.local/lib/python3.12/site-packages/airflow/example_dags/example_branch_python_dop_operator_3.py
[2024-06-14T12:16:37.170+0000] {logging_mixin.py:188} INFO - [2024-06-14T12:16:37.170+0000] {dag.py:3096} INFO - Sync 1 DAGs
[2024-06-14T12:16:37.193+0000] {logging_mixin.py:188} INFO - [2024-06-14T12:16:37.193+0000] {dag.py:3954} INFO - Setting next_dagrun for example_branch_dop_operator_v3 to 2024-06-14 12:15:00+00:00, run_after=2024-06-14 12:16:00+00:00
[2024-06-14T12:16:37.207+0000] {processor.py:183} INFO - Processing /home/airflow/.local/lib/python3.12/site-packages/airflow/example_dags/example_branch_python_dop_operator_3.py took 0.062 seconds
[2024-06-14T12:17:07.478+0000] {processor.py:161} INFO - Started process (PID=1278) to work on /home/airflow/.local/lib/python3.12/site-packages/airflow/example_dags/example_branch_python_dop_operator_3.py
[2024-06-14T12:17:07.479+0000] {processor.py:830} INFO - Processing file /home/airflow/.local/lib/python3.12/site-packages/airflow/example_dags/example_branch_python_dop_operator_3.py for tasks to queue
[2024-06-14T12:17:07.481+0000] {logging_mixin.py:188} INFO - [2024-06-14T12:17:07.480+0000] {dagbag.py:545} INFO - Filling up the DagBag from /home/airflow/.local/lib/python3.12/site-packages/airflow/example_dags/example_branch_python_dop_operator_3.py
[2024-06-14T12:17:07.487+0000] {processor.py:840} INFO - DAG(s) 'example_branch_dop_operator_v3' retrieved from /home/airflow/.local/lib/python3.12/site-packages/airflow/example_dags/example_branch_python_dop_operator_3.py
[2024-06-14T12:17:07.503+0000] {logging_mixin.py:188} INFO - [2024-06-14T12:17:07.502+0000] {dag.py:3096} INFO - Sync 1 DAGs
[2024-06-14T12:17:07.523+0000] {logging_mixin.py:188} INFO - [2024-06-14T12:17:07.523+0000] {dag.py:3954} INFO - Setting next_dagrun for example_branch_dop_operator_v3 to 2024-06-14 12:16:00+00:00, run_after=2024-06-14 12:17:00+00:00
[2024-06-14T12:17:07.539+0000] {processor.py:183} INFO - Processing /home/airflow/.local/lib/python3.12/site-packages/airflow/example_dags/example_branch_python_dop_operator_3.py took 0.065 seconds
[2024-06-14T12:17:37.847+0000] {processor.py:161} INFO - Started process (PID=1336) to work on /home/airflow/.local/lib/python3.12/site-packages/airflow/example_dags/example_branch_python_dop_operator_3.py
[2024-06-14T12:17:37.847+0000] {processor.py:830} INFO - Processing file /home/airflow/.local/lib/python3.12/site-packages/airflow/example_dags/example_branch_python_dop_operator_3.py for tasks to queue
[2024-06-14T12:17:37.849+0000] {logging_mixin.py:188} INFO - [2024-06-14T12:17:37.848+0000] {dagbag.py:545} INFO - Filling up the DagBag from /home/airflow/.local/lib/python3.12/site-packages/airflow/example_dags/example_branch_python_dop_operator_3.py
[2024-06-14T12:17:37.855+0000] {processor.py:840} INFO - DAG(s) 'example_branch_dop_operator_v3' retrieved from /home/airflow/.local/lib/python3.12/site-packages/airflow/example_dags/example_branch_python_dop_operator_3.py
[2024-06-14T12:17:37.868+0000] {logging_mixin.py:188} INFO - [2024-06-14T12:17:37.868+0000] {dag.py:3096} INFO - Sync 1 DAGs
[2024-06-14T12:17:37.888+0000] {logging_mixin.py:188} INFO - [2024-06-14T12:17:37.887+0000] {dag.py:3954} INFO - Setting next_dagrun for example_branch_dop_operator_v3 to 2024-06-14 12:16:00+00:00, run_after=2024-06-14 12:17:00+00:00
[2024-06-14T12:17:37.903+0000] {processor.py:183} INFO - Processing /home/airflow/.local/lib/python3.12/site-packages/airflow/example_dags/example_branch_python_dop_operator_3.py took 0.060 seconds
[2024-06-14T12:18:41.242+0000] {processor.py:161} INFO - Started process (PID=47) to work on /home/airflow/.local/lib/python3.12/site-packages/airflow/example_dags/example_branch_python_dop_operator_3.py
[2024-06-14T12:18:41.243+0000] {processor.py:830} INFO - Processing file /home/airflow/.local/lib/python3.12/site-packages/airflow/example_dags/example_branch_python_dop_operator_3.py for tasks to queue
[2024-06-14T12:18:41.244+0000] {logging_mixin.py:188} INFO - [2024-06-14T12:18:41.244+0000] {dagbag.py:545} INFO - Filling up the DagBag from /home/airflow/.local/lib/python3.12/site-packages/airflow/example_dags/example_branch_python_dop_operator_3.py
[2024-06-14T12:18:41.253+0000] {processor.py:840} INFO - DAG(s) 'example_branch_dop_operator_v3' retrieved from /home/airflow/.local/lib/python3.12/site-packages/airflow/example_dags/example_branch_python_dop_operator_3.py
[2024-06-14T12:18:41.263+0000] {logging_mixin.py:188} INFO - [2024-06-14T12:18:41.263+0000] {dag.py:3096} INFO - Sync 1 DAGs
[2024-06-14T12:18:41.286+0000] {logging_mixin.py:188} INFO - [2024-06-14T12:18:41.286+0000] {dag.py:3954} INFO - Setting next_dagrun for example_branch_dop_operator_v3 to 2024-06-14 12:17:00+00:00, run_after=2024-06-14 12:18:00+00:00
[2024-06-14T12:18:41.306+0000] {processor.py:183} INFO - Processing /home/airflow/.local/lib/python3.12/site-packages/airflow/example_dags/example_branch_python_dop_operator_3.py took 0.069 seconds
[2024-06-14T12:19:12.427+0000] {processor.py:161} INFO - Started process (PID=104) to work on /home/airflow/.local/lib/python3.12/site-packages/airflow/example_dags/example_branch_python_dop_operator_3.py
[2024-06-14T12:19:12.428+0000] {processor.py:830} INFO - Processing file /home/airflow/.local/lib/python3.12/site-packages/airflow/example_dags/example_branch_python_dop_operator_3.py for tasks to queue
[2024-06-14T12:19:12.430+0000] {logging_mixin.py:188} INFO - [2024-06-14T12:19:12.429+0000] {dagbag.py:545} INFO - Filling up the DagBag from /home/airflow/.local/lib/python3.12/site-packages/airflow/example_dags/example_branch_python_dop_operator_3.py
[2024-06-14T12:19:12.437+0000] {processor.py:840} INFO - DAG(s) 'example_branch_dop_operator_v3' retrieved from /home/airflow/.local/lib/python3.12/site-packages/airflow/example_dags/example_branch_python_dop_operator_3.py
[2024-06-14T12:19:12.509+0000] {logging_mixin.py:188} INFO - [2024-06-14T12:19:12.509+0000] {dag.py:3096} INFO - Sync 1 DAGs
[2024-06-14T12:19:12.527+0000] {logging_mixin.py:188} INFO - [2024-06-14T12:19:12.527+0000] {dag.py:3954} INFO - Setting next_dagrun for example_branch_dop_operator_v3 to 2024-06-14 12:18:00+00:00, run_after=2024-06-14 12:19:00+00:00
[2024-06-14T12:19:12.542+0000] {processor.py:183} INFO - Processing /home/airflow/.local/lib/python3.12/site-packages/airflow/example_dags/example_branch_python_dop_operator_3.py took 0.118 seconds
[2024-06-14T12:19:42.581+0000] {processor.py:161} INFO - Started process (PID=162) to work on /home/airflow/.local/lib/python3.12/site-packages/airflow/example_dags/example_branch_python_dop_operator_3.py
[2024-06-14T12:19:42.581+0000] {processor.py:830} INFO - Processing file /home/airflow/.local/lib/python3.12/site-packages/airflow/example_dags/example_branch_python_dop_operator_3.py for tasks to queue
[2024-06-14T12:19:42.583+0000] {logging_mixin.py:188} INFO - [2024-06-14T12:19:42.582+0000] {dagbag.py:545} INFO - Filling up the DagBag from /home/airflow/.local/lib/python3.12/site-packages/airflow/example_dags/example_branch_python_dop_operator_3.py
[2024-06-14T12:19:42.589+0000] {processor.py:840} INFO - DAG(s) 'example_branch_dop_operator_v3' retrieved from /home/airflow/.local/lib/python3.12/site-packages/airflow/example_dags/example_branch_python_dop_operator_3.py
[2024-06-14T12:19:42.604+0000] {logging_mixin.py:188} INFO - [2024-06-14T12:19:42.604+0000] {dag.py:3096} INFO - Sync 1 DAGs
[2024-06-14T12:19:42.621+0000] {logging_mixin.py:188} INFO - [2024-06-14T12:19:42.621+0000] {dag.py:3954} INFO - Setting next_dagrun for example_branch_dop_operator_v3 to 2024-06-14 12:18:00+00:00, run_after=2024-06-14 12:19:00+00:00
[2024-06-14T12:19:42.635+0000] {processor.py:183} INFO - Processing /home/airflow/.local/lib/python3.12/site-packages/airflow/example_dags/example_branch_python_dop_operator_3.py took 0.058 seconds
[2024-06-14T12:20:12.981+0000] {processor.py:161} INFO - Started process (PID=220) to work on /home/airflow/.local/lib/python3.12/site-packages/airflow/example_dags/example_branch_python_dop_operator_3.py
[2024-06-14T12:20:12.982+0000] {processor.py:830} INFO - Processing file /home/airflow/.local/lib/python3.12/site-packages/airflow/example_dags/example_branch_python_dop_operator_3.py for tasks to queue
[2024-06-14T12:20:12.983+0000] {logging_mixin.py:188} INFO - [2024-06-14T12:20:12.983+0000] {dagbag.py:545} INFO - Filling up the DagBag from /home/airflow/.local/lib/python3.12/site-packages/airflow/example_dags/example_branch_python_dop_operator_3.py
[2024-06-14T12:20:12.990+0000] {processor.py:840} INFO - DAG(s) 'example_branch_dop_operator_v3' retrieved from /home/airflow/.local/lib/python3.12/site-packages/airflow/example_dags/example_branch_python_dop_operator_3.py
[2024-06-14T12:20:13.006+0000] {logging_mixin.py:188} INFO - [2024-06-14T12:20:13.005+0000] {dag.py:3096} INFO - Sync 1 DAGs
[2024-06-14T12:20:13.026+0000] {logging_mixin.py:188} INFO - [2024-06-14T12:20:13.026+0000] {dag.py:3954} INFO - Setting next_dagrun for example_branch_dop_operator_v3 to 2024-06-14 12:19:00+00:00, run_after=2024-06-14 12:20:00+00:00
[2024-06-14T12:20:13.041+0000] {processor.py:183} INFO - Processing /home/airflow/.local/lib/python3.12/site-packages/airflow/example_dags/example_branch_python_dop_operator_3.py took 0.065 seconds
[2024-06-14T12:20:43.430+0000] {processor.py:161} INFO - Started process (PID=278) to work on /home/airflow/.local/lib/python3.12/site-packages/airflow/example_dags/example_branch_python_dop_operator_3.py
[2024-06-14T12:20:43.431+0000] {processor.py:830} INFO - Processing file /home/airflow/.local/lib/python3.12/site-packages/airflow/example_dags/example_branch_python_dop_operator_3.py for tasks to queue
[2024-06-14T12:20:43.432+0000] {logging_mixin.py:188} INFO - [2024-06-14T12:20:43.432+0000] {dagbag.py:545} INFO - Filling up the DagBag from /home/airflow/.local/lib/python3.12/site-packages/airflow/example_dags/example_branch_python_dop_operator_3.py
[2024-06-14T12:20:43.439+0000] {processor.py:840} INFO - DAG(s) 'example_branch_dop_operator_v3' retrieved from /home/airflow/.local/lib/python3.12/site-packages/airflow/example_dags/example_branch_python_dop_operator_3.py
[2024-06-14T12:20:43.455+0000] {logging_mixin.py:188} INFO - [2024-06-14T12:20:43.455+0000] {dag.py:3096} INFO - Sync 1 DAGs
[2024-06-14T12:20:43.473+0000] {logging_mixin.py:188} INFO - [2024-06-14T12:20:43.473+0000] {dag.py:3954} INFO - Setting next_dagrun for example_branch_dop_operator_v3 to 2024-06-14 12:19:00+00:00, run_after=2024-06-14 12:20:00+00:00
[2024-06-14T12:20:43.486+0000] {processor.py:183} INFO - Processing /home/airflow/.local/lib/python3.12/site-packages/airflow/example_dags/example_branch_python_dop_operator_3.py took 0.060 seconds
[2024-06-14T12:21:13.703+0000] {processor.py:161} INFO - Started process (PID=336) to work on /home/airflow/.local/lib/python3.12/site-packages/airflow/example_dags/example_branch_python_dop_operator_3.py
[2024-06-14T12:21:13.704+0000] {processor.py:830} INFO - Processing file /home/airflow/.local/lib/python3.12/site-packages/airflow/example_dags/example_branch_python_dop_operator_3.py for tasks to queue
[2024-06-14T12:21:13.705+0000] {logging_mixin.py:188} INFO - [2024-06-14T12:21:13.705+0000] {dagbag.py:545} INFO - Filling up the DagBag from /home/airflow/.local/lib/python3.12/site-packages/airflow/example_dags/example_branch_python_dop_operator_3.py
[2024-06-14T12:21:13.712+0000] {processor.py:840} INFO - DAG(s) 'example_branch_dop_operator_v3' retrieved from /home/airflow/.local/lib/python3.12/site-packages/airflow/example_dags/example_branch_python_dop_operator_3.py
[2024-06-14T12:21:13.730+0000] {logging_mixin.py:188} INFO - [2024-06-14T12:21:13.730+0000] {dag.py:3096} INFO - Sync 1 DAGs
[2024-06-14T12:21:13.751+0000] {logging_mixin.py:188} INFO - [2024-06-14T12:21:13.751+0000] {dag.py:3954} INFO - Setting next_dagrun for example_branch_dop_operator_v3 to 2024-06-14 12:20:00+00:00, run_after=2024-06-14 12:21:00+00:00
[2024-06-14T12:21:13.766+0000] {processor.py:183} INFO - Processing /home/airflow/.local/lib/python3.12/site-packages/airflow/example_dags/example_branch_python_dop_operator_3.py took 0.066 seconds
[2024-06-14T12:21:43.887+0000] {processor.py:161} INFO - Started process (PID=394) to work on /home/airflow/.local/lib/python3.12/site-packages/airflow/example_dags/example_branch_python_dop_operator_3.py
[2024-06-14T12:21:43.888+0000] {processor.py:830} INFO - Processing file /home/airflow/.local/lib/python3.12/site-packages/airflow/example_dags/example_branch_python_dop_operator_3.py for tasks to queue
[2024-06-14T12:21:43.889+0000] {logging_mixin.py:188} INFO - [2024-06-14T12:21:43.889+0000] {dagbag.py:545} INFO - Filling up the DagBag from /home/airflow/.local/lib/python3.12/site-packages/airflow/example_dags/example_branch_python_dop_operator_3.py
[2024-06-14T12:21:43.896+0000] {processor.py:840} INFO - DAG(s) 'example_branch_dop_operator_v3' retrieved from /home/airflow/.local/lib/python3.12/site-packages/airflow/example_dags/example_branch_python_dop_operator_3.py
[2024-06-14T12:21:43.910+0000] {logging_mixin.py:188} INFO - [2024-06-14T12:21:43.910+0000] {dag.py:3096} INFO - Sync 1 DAGs
[2024-06-14T12:21:43.929+0000] {logging_mixin.py:188} INFO - [2024-06-14T12:21:43.929+0000] {dag.py:3954} INFO - Setting next_dagrun for example_branch_dop_operator_v3 to 2024-06-14 12:20:00+00:00, run_after=2024-06-14 12:21:00+00:00
[2024-06-14T12:21:43.942+0000] {processor.py:183} INFO - Processing /home/airflow/.local/lib/python3.12/site-packages/airflow/example_dags/example_branch_python_dop_operator_3.py took 0.059 seconds
[2024-06-14T12:22:14.497+0000] {processor.py:161} INFO - Started process (PID=453) to work on /home/airflow/.local/lib/python3.12/site-packages/airflow/example_dags/example_branch_python_dop_operator_3.py
[2024-06-14T12:22:14.497+0000] {processor.py:830} INFO - Processing file /home/airflow/.local/lib/python3.12/site-packages/airflow/example_dags/example_branch_python_dop_operator_3.py for tasks to queue
[2024-06-14T12:22:14.499+0000] {logging_mixin.py:188} INFO - [2024-06-14T12:22:14.499+0000] {dagbag.py:545} INFO - Filling up the DagBag from /home/airflow/.local/lib/python3.12/site-packages/airflow/example_dags/example_branch_python_dop_operator_3.py
[2024-06-14T12:22:14.506+0000] {processor.py:840} INFO - DAG(s) 'example_branch_dop_operator_v3' retrieved from /home/airflow/.local/lib/python3.12/site-packages/airflow/example_dags/example_branch_python_dop_operator_3.py
[2024-06-14T12:22:14.520+0000] {logging_mixin.py:188} INFO - [2024-06-14T12:22:14.520+0000] {dag.py:3096} INFO - Sync 1 DAGs
[2024-06-14T12:22:14.537+0000] {logging_mixin.py:188} INFO - [2024-06-14T12:22:14.537+0000] {dag.py:3954} INFO - Setting next_dagrun for example_branch_dop_operator_v3 to 2024-06-14 12:21:00+00:00, run_after=2024-06-14 12:22:00+00:00
[2024-06-14T12:22:14.550+0000] {processor.py:183} INFO - Processing /home/airflow/.local/lib/python3.12/site-packages/airflow/example_dags/example_branch_python_dop_operator_3.py took 0.057 seconds
[2024-06-14T12:22:44.811+0000] {processor.py:161} INFO - Started process (PID=511) to work on /home/airflow/.local/lib/python3.12/site-packages/airflow/example_dags/example_branch_python_dop_operator_3.py
[2024-06-14T12:22:44.812+0000] {processor.py:830} INFO - Processing file /home/airflow/.local/lib/python3.12/site-packages/airflow/example_dags/example_branch_python_dop_operator_3.py for tasks to queue
[2024-06-14T12:22:44.814+0000] {logging_mixin.py:188} INFO - [2024-06-14T12:22:44.814+0000] {dagbag.py:545} INFO - Filling up the DagBag from /home/airflow/.local/lib/python3.12/site-packages/airflow/example_dags/example_branch_python_dop_operator_3.py
[2024-06-14T12:22:44.820+0000] {processor.py:840} INFO - DAG(s) 'example_branch_dop_operator_v3' retrieved from /home/airflow/.local/lib/python3.12/site-packages/airflow/example_dags/example_branch_python_dop_operator_3.py
[2024-06-14T12:22:44.835+0000] {logging_mixin.py:188} INFO - [2024-06-14T12:22:44.834+0000] {dag.py:3096} INFO - Sync 1 DAGs
[2024-06-14T12:22:44.854+0000] {logging_mixin.py:188} INFO - [2024-06-14T12:22:44.853+0000] {dag.py:3954} INFO - Setting next_dagrun for example_branch_dop_operator_v3 to 2024-06-14 12:21:00+00:00, run_after=2024-06-14 12:22:00+00:00
[2024-06-14T12:22:44.867+0000] {processor.py:183} INFO - Processing /home/airflow/.local/lib/python3.12/site-packages/airflow/example_dags/example_branch_python_dop_operator_3.py took 0.060 seconds
[2024-06-14T12:23:15.207+0000] {processor.py:161} INFO - Started process (PID=569) to work on /home/airflow/.local/lib/python3.12/site-packages/airflow/example_dags/example_branch_python_dop_operator_3.py
[2024-06-14T12:23:15.208+0000] {processor.py:830} INFO - Processing file /home/airflow/.local/lib/python3.12/site-packages/airflow/example_dags/example_branch_python_dop_operator_3.py for tasks to queue
[2024-06-14T12:23:15.209+0000] {logging_mixin.py:188} INFO - [2024-06-14T12:23:15.209+0000] {dagbag.py:545} INFO - Filling up the DagBag from /home/airflow/.local/lib/python3.12/site-packages/airflow/example_dags/example_branch_python_dop_operator_3.py
[2024-06-14T12:23:15.216+0000] {processor.py:840} INFO - DAG(s) 'example_branch_dop_operator_v3' retrieved from /home/airflow/.local/lib/python3.12/site-packages/airflow/example_dags/example_branch_python_dop_operator_3.py
[2024-06-14T12:23:15.232+0000] {logging_mixin.py:188} INFO - [2024-06-14T12:23:15.232+0000] {dag.py:3096} INFO - Sync 1 DAGs
[2024-06-14T12:23:15.252+0000] {logging_mixin.py:188} INFO - [2024-06-14T12:23:15.252+0000] {dag.py:3954} INFO - Setting next_dagrun for example_branch_dop_operator_v3 to 2024-06-14 12:22:00+00:00, run_after=2024-06-14 12:23:00+00:00
[2024-06-14T12:23:15.266+0000] {processor.py:183} INFO - Processing /home/airflow/.local/lib/python3.12/site-packages/airflow/example_dags/example_branch_python_dop_operator_3.py took 0.062 seconds
[2024-06-14T12:23:45.663+0000] {processor.py:161} INFO - Started process (PID=627) to work on /home/airflow/.local/lib/python3.12/site-packages/airflow/example_dags/example_branch_python_dop_operator_3.py
[2024-06-14T12:23:45.664+0000] {processor.py:830} INFO - Processing file /home/airflow/.local/lib/python3.12/site-packages/airflow/example_dags/example_branch_python_dop_operator_3.py for tasks to queue
[2024-06-14T12:23:45.665+0000] {logging_mixin.py:188} INFO - [2024-06-14T12:23:45.665+0000] {dagbag.py:545} INFO - Filling up the DagBag from /home/airflow/.local/lib/python3.12/site-packages/airflow/example_dags/example_branch_python_dop_operator_3.py
[2024-06-14T12:23:45.672+0000] {processor.py:840} INFO - DAG(s) 'example_branch_dop_operator_v3' retrieved from /home/airflow/.local/lib/python3.12/site-packages/airflow/example_dags/example_branch_python_dop_operator_3.py
[2024-06-14T12:23:45.686+0000] {logging_mixin.py:188} INFO - [2024-06-14T12:23:45.686+0000] {dag.py:3096} INFO - Sync 1 DAGs
[2024-06-14T12:23:45.707+0000] {logging_mixin.py:188} INFO - [2024-06-14T12:23:45.707+0000] {dag.py:3954} INFO - Setting next_dagrun for example_branch_dop_operator_v3 to 2024-06-14 12:22:00+00:00, run_after=2024-06-14 12:23:00+00:00
[2024-06-14T12:23:45.722+0000] {processor.py:183} INFO - Processing /home/airflow/.local/lib/python3.12/site-packages/airflow/example_dags/example_branch_python_dop_operator_3.py took 0.063 seconds
[2024-06-14T12:24:15.949+0000] {processor.py:161} INFO - Started process (PID=686) to work on /home/airflow/.local/lib/python3.12/site-packages/airflow/example_dags/example_branch_python_dop_operator_3.py
[2024-06-14T12:24:15.950+0000] {processor.py:830} INFO - Processing file /home/airflow/.local/lib/python3.12/site-packages/airflow/example_dags/example_branch_python_dop_operator_3.py for tasks to queue
[2024-06-14T12:24:15.951+0000] {logging_mixin.py:188} INFO - [2024-06-14T12:24:15.951+0000] {dagbag.py:545} INFO - Filling up the DagBag from /home/airflow/.local/lib/python3.12/site-packages/airflow/example_dags/example_branch_python_dop_operator_3.py
[2024-06-14T12:24:15.960+0000] {processor.py:840} INFO - DAG(s) 'example_branch_dop_operator_v3' retrieved from /home/airflow/.local/lib/python3.12/site-packages/airflow/example_dags/example_branch_python_dop_operator_3.py
[2024-06-14T12:24:15.976+0000] {logging_mixin.py:188} INFO - [2024-06-14T12:24:15.975+0000] {dag.py:3096} INFO - Sync 1 DAGs
[2024-06-14T12:24:15.995+0000] {logging_mixin.py:188} INFO - [2024-06-14T12:24:15.995+0000] {dag.py:3954} INFO - Setting next_dagrun for example_branch_dop_operator_v3 to 2024-06-14 12:23:00+00:00, run_after=2024-06-14 12:24:00+00:00
[2024-06-14T12:24:16.011+0000] {processor.py:183} INFO - Processing /home/airflow/.local/lib/python3.12/site-packages/airflow/example_dags/example_branch_python_dop_operator_3.py took 0.067 seconds
[2024-06-14T12:24:46.255+0000] {processor.py:161} INFO - Started process (PID=744) to work on /home/airflow/.local/lib/python3.12/site-packages/airflow/example_dags/example_branch_python_dop_operator_3.py
[2024-06-14T12:24:46.256+0000] {processor.py:830} INFO - Processing file /home/airflow/.local/lib/python3.12/site-packages/airflow/example_dags/example_branch_python_dop_operator_3.py for tasks to queue
[2024-06-14T12:24:46.257+0000] {logging_mixin.py:188} INFO - [2024-06-14T12:24:46.257+0000] {dagbag.py:545} INFO - Filling up the DagBag from /home/airflow/.local/lib/python3.12/site-packages/airflow/example_dags/example_branch_python_dop_operator_3.py
[2024-06-14T12:24:46.263+0000] {processor.py:840} INFO - DAG(s) 'example_branch_dop_operator_v3' retrieved from /home/airflow/.local/lib/python3.12/site-packages/airflow/example_dags/example_branch_python_dop_operator_3.py
[2024-06-14T12:24:46.279+0000] {logging_mixin.py:188} INFO - [2024-06-14T12:24:46.279+0000] {dag.py:3096} INFO - Sync 1 DAGs
[2024-06-14T12:24:46.300+0000] {logging_mixin.py:188} INFO - [2024-06-14T12:24:46.300+0000] {dag.py:3954} INFO - Setting next_dagrun for example_branch_dop_operator_v3 to 2024-06-14 12:23:00+00:00, run_after=2024-06-14 12:24:00+00:00
[2024-06-14T12:24:46.316+0000] {processor.py:183} INFO - Processing /home/airflow/.local/lib/python3.12/site-packages/airflow/example_dags/example_branch_python_dop_operator_3.py took 0.065 seconds
[2024-06-14T12:25:16.456+0000] {processor.py:161} INFO - Started process (PID=802) to work on /home/airflow/.local/lib/python3.12/site-packages/airflow/example_dags/example_branch_python_dop_operator_3.py
[2024-06-14T12:25:16.456+0000] {processor.py:830} INFO - Processing file /home/airflow/.local/lib/python3.12/site-packages/airflow/example_dags/example_branch_python_dop_operator_3.py for tasks to queue
[2024-06-14T12:25:16.458+0000] {logging_mixin.py:188} INFO - [2024-06-14T12:25:16.457+0000] {dagbag.py:545} INFO - Filling up the DagBag from /home/airflow/.local/lib/python3.12/site-packages/airflow/example_dags/example_branch_python_dop_operator_3.py
[2024-06-14T12:25:16.465+0000] {processor.py:840} INFO - DAG(s) 'example_branch_dop_operator_v3' retrieved from /home/airflow/.local/lib/python3.12/site-packages/airflow/example_dags/example_branch_python_dop_operator_3.py
[2024-06-14T12:25:16.480+0000] {logging_mixin.py:188} INFO - [2024-06-14T12:25:16.480+0000] {dag.py:3096} INFO - Sync 1 DAGs
[2024-06-14T12:25:16.502+0000] {logging_mixin.py:188} INFO - [2024-06-14T12:25:16.502+0000] {dag.py:3954} INFO - Setting next_dagrun for example_branch_dop_operator_v3 to 2024-06-14 12:24:00+00:00, run_after=2024-06-14 12:25:00+00:00
[2024-06-14T12:25:16.518+0000] {processor.py:183} INFO - Processing /home/airflow/.local/lib/python3.12/site-packages/airflow/example_dags/example_branch_python_dop_operator_3.py took 0.068 seconds
[2024-06-14T12:25:46.973+0000] {processor.py:161} INFO - Started process (PID=860) to work on /home/airflow/.local/lib/python3.12/site-packages/airflow/example_dags/example_branch_python_dop_operator_3.py
[2024-06-14T12:25:46.974+0000] {processor.py:830} INFO - Processing file /home/airflow/.local/lib/python3.12/site-packages/airflow/example_dags/example_branch_python_dop_operator_3.py for tasks to queue
[2024-06-14T12:25:46.975+0000] {logging_mixin.py:188} INFO - [2024-06-14T12:25:46.975+0000] {dagbag.py:545} INFO - Filling up the DagBag from /home/airflow/.local/lib/python3.12/site-packages/airflow/example_dags/example_branch_python_dop_operator_3.py
[2024-06-14T12:25:46.982+0000] {processor.py:840} INFO - DAG(s) 'example_branch_dop_operator_v3' retrieved from /home/airflow/.local/lib/python3.12/site-packages/airflow/example_dags/example_branch_python_dop_operator_3.py
[2024-06-14T12:25:46.998+0000] {logging_mixin.py:188} INFO - [2024-06-14T12:25:46.998+0000] {dag.py:3096} INFO - Sync 1 DAGs
[2024-06-14T12:25:47.020+0000] {logging_mixin.py:188} INFO - [2024-06-14T12:25:47.020+0000] {dag.py:3954} INFO - Setting next_dagrun for example_branch_dop_operator_v3 to 2024-06-14 12:24:00+00:00, run_after=2024-06-14 12:25:00+00:00
[2024-06-14T12:25:47.037+0000] {processor.py:183} INFO - Processing /home/airflow/.local/lib/python3.12/site-packages/airflow/example_dags/example_branch_python_dop_operator_3.py took 0.069 seconds
[2024-06-14T12:26:17.304+0000] {processor.py:161} INFO - Started process (PID=918) to work on /home/airflow/.local/lib/python3.12/site-packages/airflow/example_dags/example_branch_python_dop_operator_3.py
[2024-06-14T12:26:17.305+0000] {processor.py:830} INFO - Processing file /home/airflow/.local/lib/python3.12/site-packages/airflow/example_dags/example_branch_python_dop_operator_3.py for tasks to queue
[2024-06-14T12:26:17.307+0000] {logging_mixin.py:188} INFO - [2024-06-14T12:26:17.306+0000] {dagbag.py:545} INFO - Filling up the DagBag from /home/airflow/.local/lib/python3.12/site-packages/airflow/example_dags/example_branch_python_dop_operator_3.py
[2024-06-14T12:26:17.313+0000] {processor.py:840} INFO - DAG(s) 'example_branch_dop_operator_v3' retrieved from /home/airflow/.local/lib/python3.12/site-packages/airflow/example_dags/example_branch_python_dop_operator_3.py
[2024-06-14T12:26:17.327+0000] {logging_mixin.py:188} INFO - [2024-06-14T12:26:17.327+0000] {dag.py:3096} INFO - Sync 1 DAGs
[2024-06-14T12:26:17.347+0000] {logging_mixin.py:188} INFO - [2024-06-14T12:26:17.346+0000] {dag.py:3954} INFO - Setting next_dagrun for example_branch_dop_operator_v3 to 2024-06-14 12:25:00+00:00, run_after=2024-06-14 12:26:00+00:00
[2024-06-14T12:26:17.362+0000] {processor.py:183} INFO - Processing /home/airflow/.local/lib/python3.12/site-packages/airflow/example_dags/example_branch_python_dop_operator_3.py took 0.063 seconds
[2024-06-14T12:26:47.672+0000] {processor.py:161} INFO - Started process (PID=976) to work on /home/airflow/.local/lib/python3.12/site-packages/airflow/example_dags/example_branch_python_dop_operator_3.py
[2024-06-14T12:26:47.673+0000] {processor.py:830} INFO - Processing file /home/airflow/.local/lib/python3.12/site-packages/airflow/example_dags/example_branch_python_dop_operator_3.py for tasks to queue
[2024-06-14T12:26:47.675+0000] {logging_mixin.py:188} INFO - [2024-06-14T12:26:47.674+0000] {dagbag.py:545} INFO - Filling up the DagBag from /home/airflow/.local/lib/python3.12/site-packages/airflow/example_dags/example_branch_python_dop_operator_3.py
[2024-06-14T12:26:47.681+0000] {processor.py:840} INFO - DAG(s) 'example_branch_dop_operator_v3' retrieved from /home/airflow/.local/lib/python3.12/site-packages/airflow/example_dags/example_branch_python_dop_operator_3.py
[2024-06-14T12:26:47.694+0000] {logging_mixin.py:188} INFO - [2024-06-14T12:26:47.693+0000] {dag.py:3096} INFO - Sync 1 DAGs
[2024-06-14T12:26:47.709+0000] {logging_mixin.py:188} INFO - [2024-06-14T12:26:47.709+0000] {dag.py:3954} INFO - Setting next_dagrun for example_branch_dop_operator_v3 to 2024-06-14 12:25:00+00:00, run_after=2024-06-14 12:26:00+00:00
[2024-06-14T12:26:47.721+0000] {processor.py:183} INFO - Processing /home/airflow/.local/lib/python3.12/site-packages/airflow/example_dags/example_branch_python_dop_operator_3.py took 0.053 seconds
[2024-06-14T12:27:17.875+0000] {processor.py:161} INFO - Started process (PID=1034) to work on /home/airflow/.local/lib/python3.12/site-packages/airflow/example_dags/example_branch_python_dop_operator_3.py
[2024-06-14T12:27:17.875+0000] {processor.py:830} INFO - Processing file /home/airflow/.local/lib/python3.12/site-packages/airflow/example_dags/example_branch_python_dop_operator_3.py for tasks to queue
[2024-06-14T12:27:17.877+0000] {logging_mixin.py:188} INFO - [2024-06-14T12:27:17.877+0000] {dagbag.py:545} INFO - Filling up the DagBag from /home/airflow/.local/lib/python3.12/site-packages/airflow/example_dags/example_branch_python_dop_operator_3.py
[2024-06-14T12:27:17.884+0000] {processor.py:840} INFO - DAG(s) 'example_branch_dop_operator_v3' retrieved from /home/airflow/.local/lib/python3.12/site-packages/airflow/example_dags/example_branch_python_dop_operator_3.py
[2024-06-14T12:27:17.901+0000] {logging_mixin.py:188} INFO - [2024-06-14T12:27:17.901+0000] {dag.py:3096} INFO - Sync 1 DAGs
[2024-06-14T12:27:17.920+0000] {logging_mixin.py:188} INFO - [2024-06-14T12:27:17.920+0000] {dag.py:3954} INFO - Setting next_dagrun for example_branch_dop_operator_v3 to 2024-06-14 12:26:00+00:00, run_after=2024-06-14 12:27:00+00:00
[2024-06-14T12:27:17.934+0000] {processor.py:183} INFO - Processing /home/airflow/.local/lib/python3.12/site-packages/airflow/example_dags/example_branch_python_dop_operator_3.py took 0.064 seconds
[2024-06-14T12:27:48.064+0000] {processor.py:161} INFO - Started process (PID=1092) to work on /home/airflow/.local/lib/python3.12/site-packages/airflow/example_dags/example_branch_python_dop_operator_3.py
[2024-06-14T12:27:48.065+0000] {processor.py:830} INFO - Processing file /home/airflow/.local/lib/python3.12/site-packages/airflow/example_dags/example_branch_python_dop_operator_3.py for tasks to queue
[2024-06-14T12:27:48.066+0000] {logging_mixin.py:188} INFO - [2024-06-14T12:27:48.066+0000] {dagbag.py:545} INFO - Filling up the DagBag from /home/airflow/.local/lib/python3.12/site-packages/airflow/example_dags/example_branch_python_dop_operator_3.py
[2024-06-14T12:27:48.073+0000] {processor.py:840} INFO - DAG(s) 'example_branch_dop_operator_v3' retrieved from /home/airflow/.local/lib/python3.12/site-packages/airflow/example_dags/example_branch_python_dop_operator_3.py
[2024-06-14T12:27:48.090+0000] {logging_mixin.py:188} INFO - [2024-06-14T12:27:48.089+0000] {dag.py:3096} INFO - Sync 1 DAGs
[2024-06-14T12:27:48.109+0000] {logging_mixin.py:188} INFO - [2024-06-14T12:27:48.109+0000] {dag.py:3954} INFO - Setting next_dagrun for example_branch_dop_operator_v3 to 2024-06-14 12:26:00+00:00, run_after=2024-06-14 12:27:00+00:00
[2024-06-14T12:27:48.127+0000] {processor.py:183} INFO - Processing /home/airflow/.local/lib/python3.12/site-packages/airflow/example_dags/example_branch_python_dop_operator_3.py took 0.067 seconds
[2024-06-14T12:28:18.278+0000] {processor.py:161} INFO - Started process (PID=1150) to work on /home/airflow/.local/lib/python3.12/site-packages/airflow/example_dags/example_branch_python_dop_operator_3.py
[2024-06-14T12:28:18.279+0000] {processor.py:830} INFO - Processing file /home/airflow/.local/lib/python3.12/site-packages/airflow/example_dags/example_branch_python_dop_operator_3.py for tasks to queue
[2024-06-14T12:28:18.280+0000] {logging_mixin.py:188} INFO - [2024-06-14T12:28:18.280+0000] {dagbag.py:545} INFO - Filling up the DagBag from /home/airflow/.local/lib/python3.12/site-packages/airflow/example_dags/example_branch_python_dop_operator_3.py
[2024-06-14T12:28:18.287+0000] {processor.py:840} INFO - DAG(s) 'example_branch_dop_operator_v3' retrieved from /home/airflow/.local/lib/python3.12/site-packages/airflow/example_dags/example_branch_python_dop_operator_3.py
[2024-06-14T12:28:18.304+0000] {logging_mixin.py:188} INFO - [2024-06-14T12:28:18.303+0000] {dag.py:3096} INFO - Sync 1 DAGs
[2024-06-14T12:28:18.323+0000] {logging_mixin.py:188} INFO - [2024-06-14T12:28:18.323+0000] {dag.py:3954} INFO - Setting next_dagrun for example_branch_dop_operator_v3 to 2024-06-14 12:27:00+00:00, run_after=2024-06-14 12:28:00+00:00
[2024-06-14T12:28:18.338+0000] {processor.py:183} INFO - Processing /home/airflow/.local/lib/python3.12/site-packages/airflow/example_dags/example_branch_python_dop_operator_3.py took 0.066 seconds
[2024-06-14T12:28:48.665+0000] {processor.py:161} INFO - Started process (PID=1208) to work on /home/airflow/.local/lib/python3.12/site-packages/airflow/example_dags/example_branch_python_dop_operator_3.py
[2024-06-14T12:28:48.666+0000] {processor.py:830} INFO - Processing file /home/airflow/.local/lib/python3.12/site-packages/airflow/example_dags/example_branch_python_dop_operator_3.py for tasks to queue
[2024-06-14T12:28:48.667+0000] {logging_mixin.py:188} INFO - [2024-06-14T12:28:48.667+0000] {dagbag.py:545} INFO - Filling up the DagBag from /home/airflow/.local/lib/python3.12/site-packages/airflow/example_dags/example_branch_python_dop_operator_3.py
[2024-06-14T12:28:48.673+0000] {processor.py:840} INFO - DAG(s) 'example_branch_dop_operator_v3' retrieved from /home/airflow/.local/lib/python3.12/site-packages/airflow/example_dags/example_branch_python_dop_operator_3.py
[2024-06-14T12:28:48.686+0000] {logging_mixin.py:188} INFO - [2024-06-14T12:28:48.686+0000] {dag.py:3096} INFO - Sync 1 DAGs
[2024-06-14T12:28:48.702+0000] {logging_mixin.py:188} INFO - [2024-06-14T12:28:48.702+0000] {dag.py:3954} INFO - Setting next_dagrun for example_branch_dop_operator_v3 to 2024-06-14 12:27:00+00:00, run_after=2024-06-14 12:28:00+00:00
[2024-06-14T12:28:48.715+0000] {processor.py:183} INFO - Processing /home/airflow/.local/lib/python3.12/site-packages/airflow/example_dags/example_branch_python_dop_operator_3.py took 0.053 seconds
[2024-06-14T12:29:18.809+0000] {processor.py:161} INFO - Started process (PID=1266) to work on /home/airflow/.local/lib/python3.12/site-packages/airflow/example_dags/example_branch_python_dop_operator_3.py
[2024-06-14T12:29:18.810+0000] {processor.py:830} INFO - Processing file /home/airflow/.local/lib/python3.12/site-packages/airflow/example_dags/example_branch_python_dop_operator_3.py for tasks to queue
[2024-06-14T12:29:18.811+0000] {logging_mixin.py:188} INFO - [2024-06-14T12:29:18.811+0000] {dagbag.py:545} INFO - Filling up the DagBag from /home/airflow/.local/lib/python3.12/site-packages/airflow/example_dags/example_branch_python_dop_operator_3.py
[2024-06-14T12:29:18.817+0000] {processor.py:840} INFO - DAG(s) 'example_branch_dop_operator_v3' retrieved from /home/airflow/.local/lib/python3.12/site-packages/airflow/example_dags/example_branch_python_dop_operator_3.py
[2024-06-14T12:29:18.830+0000] {logging_mixin.py:188} INFO - [2024-06-14T12:29:18.830+0000] {dag.py:3096} INFO - Sync 1 DAGs
[2024-06-14T12:29:18.847+0000] {logging_mixin.py:188} INFO - [2024-06-14T12:29:18.847+0000] {dag.py:3954} INFO - Setting next_dagrun for example_branch_dop_operator_v3 to 2024-06-14 12:28:00+00:00, run_after=2024-06-14 12:29:00+00:00
[2024-06-14T12:29:18.859+0000] {processor.py:183} INFO - Processing /home/airflow/.local/lib/python3.12/site-packages/airflow/example_dags/example_branch_python_dop_operator_3.py took 0.053 seconds
[2024-06-14T12:29:49.225+0000] {processor.py:161} INFO - Started process (PID=1324) to work on /home/airflow/.local/lib/python3.12/site-packages/airflow/example_dags/example_branch_python_dop_operator_3.py
[2024-06-14T12:29:49.226+0000] {processor.py:830} INFO - Processing file /home/airflow/.local/lib/python3.12/site-packages/airflow/example_dags/example_branch_python_dop_operator_3.py for tasks to queue
[2024-06-14T12:29:49.227+0000] {logging_mixin.py:188} INFO - [2024-06-14T12:29:49.227+0000] {dagbag.py:545} INFO - Filling up the DagBag from /home/airflow/.local/lib/python3.12/site-packages/airflow/example_dags/example_branch_python_dop_operator_3.py
[2024-06-14T12:29:49.233+0000] {processor.py:840} INFO - DAG(s) 'example_branch_dop_operator_v3' retrieved from /home/airflow/.local/lib/python3.12/site-packages/airflow/example_dags/example_branch_python_dop_operator_3.py
[2024-06-14T12:29:49.245+0000] {logging_mixin.py:188} INFO - [2024-06-14T12:29:49.245+0000] {dag.py:3096} INFO - Sync 1 DAGs
[2024-06-14T12:29:49.265+0000] {logging_mixin.py:188} INFO - [2024-06-14T12:29:49.265+0000] {dag.py:3954} INFO - Setting next_dagrun for example_branch_dop_operator_v3 to 2024-06-14 12:28:00+00:00, run_after=2024-06-14 12:29:00+00:00
[2024-06-14T12:29:49.277+0000] {processor.py:183} INFO - Processing /home/airflow/.local/lib/python3.12/site-packages/airflow/example_dags/example_branch_python_dop_operator_3.py took 0.056 seconds
[2024-06-14T12:30:19.581+0000] {processor.py:161} INFO - Started process (PID=1382) to work on /home/airflow/.local/lib/python3.12/site-packages/airflow/example_dags/example_branch_python_dop_operator_3.py
[2024-06-14T12:30:19.582+0000] {processor.py:830} INFO - Processing file /home/airflow/.local/lib/python3.12/site-packages/airflow/example_dags/example_branch_python_dop_operator_3.py for tasks to queue
[2024-06-14T12:30:19.584+0000] {logging_mixin.py:188} INFO - [2024-06-14T12:30:19.584+0000] {dagbag.py:545} INFO - Filling up the DagBag from /home/airflow/.local/lib/python3.12/site-packages/airflow/example_dags/example_branch_python_dop_operator_3.py
[2024-06-14T12:30:19.591+0000] {processor.py:840} INFO - DAG(s) 'example_branch_dop_operator_v3' retrieved from /home/airflow/.local/lib/python3.12/site-packages/airflow/example_dags/example_branch_python_dop_operator_3.py
[2024-06-14T12:30:19.604+0000] {logging_mixin.py:188} INFO - [2024-06-14T12:30:19.604+0000] {dag.py:3096} INFO - Sync 1 DAGs
[2024-06-14T12:30:19.621+0000] {logging_mixin.py:188} INFO - [2024-06-14T12:30:19.621+0000] {dag.py:3954} INFO - Setting next_dagrun for example_branch_dop_operator_v3 to 2024-06-14 12:29:00+00:00, run_after=2024-06-14 12:30:00+00:00
[2024-06-14T12:30:19.634+0000] {processor.py:183} INFO - Processing /home/airflow/.local/lib/python3.12/site-packages/airflow/example_dags/example_branch_python_dop_operator_3.py took 0.057 seconds
[2024-06-14T12:30:49.922+0000] {processor.py:161} INFO - Started process (PID=1440) to work on /home/airflow/.local/lib/python3.12/site-packages/airflow/example_dags/example_branch_python_dop_operator_3.py
[2024-06-14T12:30:49.923+0000] {processor.py:830} INFO - Processing file /home/airflow/.local/lib/python3.12/site-packages/airflow/example_dags/example_branch_python_dop_operator_3.py for tasks to queue
[2024-06-14T12:30:49.924+0000] {logging_mixin.py:188} INFO - [2024-06-14T12:30:49.924+0000] {dagbag.py:545} INFO - Filling up the DagBag from /home/airflow/.local/lib/python3.12/site-packages/airflow/example_dags/example_branch_python_dop_operator_3.py
[2024-06-14T12:30:49.931+0000] {processor.py:840} INFO - DAG(s) 'example_branch_dop_operator_v3' retrieved from /home/airflow/.local/lib/python3.12/site-packages/airflow/example_dags/example_branch_python_dop_operator_3.py
[2024-06-14T12:30:49.948+0000] {logging_mixin.py:188} INFO - [2024-06-14T12:30:49.948+0000] {dag.py:3096} INFO - Sync 1 DAGs
[2024-06-14T12:30:49.968+0000] {logging_mixin.py:188} INFO - [2024-06-14T12:30:49.968+0000] {dag.py:3954} INFO - Setting next_dagrun for example_branch_dop_operator_v3 to 2024-06-14 12:29:00+00:00, run_after=2024-06-14 12:30:00+00:00
[2024-06-14T12:30:49.983+0000] {processor.py:183} INFO - Processing /home/airflow/.local/lib/python3.12/site-packages/airflow/example_dags/example_branch_python_dop_operator_3.py took 0.067 seconds
