[2024-06-14T12:06:30.984+0000] {processor.py:161} INFO - Started process (PID=53) to work on /home/airflow/.local/lib/python3.12/site-packages/airflow/example_dags/example_skip_dag.py
[2024-06-14T12:06:30.985+0000] {processor.py:830} INFO - Processing file /home/airflow/.local/lib/python3.12/site-packages/airflow/example_dags/example_skip_dag.py for tasks to queue
[2024-06-14T12:06:30.987+0000] {logging_mixin.py:188} INFO - [2024-06-14T12:06:30.987+0000] {dagbag.py:545} INFO - Filling up the DagBag from /home/airflow/.local/lib/python3.12/site-packages/airflow/example_dags/example_skip_dag.py
[2024-06-14T12:06:30.995+0000] {processor.py:840} INFO - DAG(s) 'example_skip_dag' retrieved from /home/airflow/.local/lib/python3.12/site-packages/airflow/example_dags/example_skip_dag.py
[2024-06-14T12:06:31.006+0000] {logging_mixin.py:188} INFO - [2024-06-14T12:06:31.005+0000] {dag.py:3096} INFO - Sync 1 DAGs
[2024-06-14T12:06:31.026+0000] {logging_mixin.py:188} INFO - [2024-06-14T12:06:31.026+0000] {dag.py:3954} INFO - Setting next_dagrun for example_skip_dag to 2024-06-13 00:00:00+00:00, run_after=2024-06-14 00:00:00+00:00
[2024-06-14T12:06:31.046+0000] {processor.py:183} INFO - Processing /home/airflow/.local/lib/python3.12/site-packages/airflow/example_dags/example_skip_dag.py took 0.066 seconds
[2024-06-14T12:07:02.257+0000] {processor.py:161} INFO - Started process (PID=111) to work on /home/airflow/.local/lib/python3.12/site-packages/airflow/example_dags/example_skip_dag.py
[2024-06-14T12:07:02.258+0000] {processor.py:830} INFO - Processing file /home/airflow/.local/lib/python3.12/site-packages/airflow/example_dags/example_skip_dag.py for tasks to queue
[2024-06-14T12:07:02.259+0000] {logging_mixin.py:188} INFO - [2024-06-14T12:07:02.259+0000] {dagbag.py:545} INFO - Filling up the DagBag from /home/airflow/.local/lib/python3.12/site-packages/airflow/example_dags/example_skip_dag.py
[2024-06-14T12:07:02.264+0000] {processor.py:840} INFO - DAG(s) 'example_skip_dag' retrieved from /home/airflow/.local/lib/python3.12/site-packages/airflow/example_dags/example_skip_dag.py
[2024-06-14T12:07:02.346+0000] {logging_mixin.py:188} INFO - [2024-06-14T12:07:02.346+0000] {dag.py:3096} INFO - Sync 1 DAGs
[2024-06-14T12:07:02.363+0000] {logging_mixin.py:188} INFO - [2024-06-14T12:07:02.363+0000] {dag.py:3954} INFO - Setting next_dagrun for example_skip_dag to 2024-06-13 00:00:00+00:00, run_after=2024-06-14 00:00:00+00:00
[2024-06-14T12:07:02.379+0000] {processor.py:183} INFO - Processing /home/airflow/.local/lib/python3.12/site-packages/airflow/example_dags/example_skip_dag.py took 0.127 seconds
[2024-06-14T12:07:32.619+0000] {processor.py:161} INFO - Started process (PID=169) to work on /home/airflow/.local/lib/python3.12/site-packages/airflow/example_dags/example_skip_dag.py
[2024-06-14T12:07:32.619+0000] {processor.py:830} INFO - Processing file /home/airflow/.local/lib/python3.12/site-packages/airflow/example_dags/example_skip_dag.py for tasks to queue
[2024-06-14T12:07:32.621+0000] {logging_mixin.py:188} INFO - [2024-06-14T12:07:32.620+0000] {dagbag.py:545} INFO - Filling up the DagBag from /home/airflow/.local/lib/python3.12/site-packages/airflow/example_dags/example_skip_dag.py
[2024-06-14T12:07:32.625+0000] {processor.py:840} INFO - DAG(s) 'example_skip_dag' retrieved from /home/airflow/.local/lib/python3.12/site-packages/airflow/example_dags/example_skip_dag.py
[2024-06-14T12:07:32.639+0000] {logging_mixin.py:188} INFO - [2024-06-14T12:07:32.639+0000] {dag.py:3096} INFO - Sync 1 DAGs
[2024-06-14T12:07:32.654+0000] {logging_mixin.py:188} INFO - [2024-06-14T12:07:32.654+0000] {dag.py:3954} INFO - Setting next_dagrun for example_skip_dag to 2024-06-13 00:00:00+00:00, run_after=2024-06-14 00:00:00+00:00
[2024-06-14T12:07:32.670+0000] {processor.py:183} INFO - Processing /home/airflow/.local/lib/python3.12/site-packages/airflow/example_dags/example_skip_dag.py took 0.055 seconds
[2024-06-14T12:08:02.832+0000] {processor.py:161} INFO - Started process (PID=227) to work on /home/airflow/.local/lib/python3.12/site-packages/airflow/example_dags/example_skip_dag.py
[2024-06-14T12:08:02.833+0000] {processor.py:830} INFO - Processing file /home/airflow/.local/lib/python3.12/site-packages/airflow/example_dags/example_skip_dag.py for tasks to queue
[2024-06-14T12:08:02.834+0000] {logging_mixin.py:188} INFO - [2024-06-14T12:08:02.834+0000] {dagbag.py:545} INFO - Filling up the DagBag from /home/airflow/.local/lib/python3.12/site-packages/airflow/example_dags/example_skip_dag.py
[2024-06-14T12:08:02.838+0000] {processor.py:840} INFO - DAG(s) 'example_skip_dag' retrieved from /home/airflow/.local/lib/python3.12/site-packages/airflow/example_dags/example_skip_dag.py
[2024-06-14T12:08:02.852+0000] {logging_mixin.py:188} INFO - [2024-06-14T12:08:02.852+0000] {dag.py:3096} INFO - Sync 1 DAGs
[2024-06-14T12:08:02.868+0000] {logging_mixin.py:188} INFO - [2024-06-14T12:08:02.868+0000] {dag.py:3954} INFO - Setting next_dagrun for example_skip_dag to 2024-06-13 00:00:00+00:00, run_after=2024-06-14 00:00:00+00:00
[2024-06-14T12:08:02.881+0000] {processor.py:183} INFO - Processing /home/airflow/.local/lib/python3.12/site-packages/airflow/example_dags/example_skip_dag.py took 0.053 seconds
[2024-06-14T12:08:33.088+0000] {processor.py:161} INFO - Started process (PID=285) to work on /home/airflow/.local/lib/python3.12/site-packages/airflow/example_dags/example_skip_dag.py
[2024-06-14T12:08:33.089+0000] {processor.py:830} INFO - Processing file /home/airflow/.local/lib/python3.12/site-packages/airflow/example_dags/example_skip_dag.py for tasks to queue
[2024-06-14T12:08:33.090+0000] {logging_mixin.py:188} INFO - [2024-06-14T12:08:33.090+0000] {dagbag.py:545} INFO - Filling up the DagBag from /home/airflow/.local/lib/python3.12/site-packages/airflow/example_dags/example_skip_dag.py
[2024-06-14T12:08:33.095+0000] {processor.py:840} INFO - DAG(s) 'example_skip_dag' retrieved from /home/airflow/.local/lib/python3.12/site-packages/airflow/example_dags/example_skip_dag.py
[2024-06-14T12:08:33.113+0000] {logging_mixin.py:188} INFO - [2024-06-14T12:08:33.112+0000] {dag.py:3096} INFO - Sync 1 DAGs
[2024-06-14T12:08:33.130+0000] {logging_mixin.py:188} INFO - [2024-06-14T12:08:33.130+0000] {dag.py:3954} INFO - Setting next_dagrun for example_skip_dag to 2024-06-13 00:00:00+00:00, run_after=2024-06-14 00:00:00+00:00
[2024-06-14T12:08:33.147+0000] {processor.py:183} INFO - Processing /home/airflow/.local/lib/python3.12/site-packages/airflow/example_dags/example_skip_dag.py took 0.064 seconds
[2024-06-14T12:09:03.293+0000] {processor.py:161} INFO - Started process (PID=343) to work on /home/airflow/.local/lib/python3.12/site-packages/airflow/example_dags/example_skip_dag.py
[2024-06-14T12:09:03.294+0000] {processor.py:830} INFO - Processing file /home/airflow/.local/lib/python3.12/site-packages/airflow/example_dags/example_skip_dag.py for tasks to queue
[2024-06-14T12:09:03.295+0000] {logging_mixin.py:188} INFO - [2024-06-14T12:09:03.295+0000] {dagbag.py:545} INFO - Filling up the DagBag from /home/airflow/.local/lib/python3.12/site-packages/airflow/example_dags/example_skip_dag.py
[2024-06-14T12:09:03.300+0000] {processor.py:840} INFO - DAG(s) 'example_skip_dag' retrieved from /home/airflow/.local/lib/python3.12/site-packages/airflow/example_dags/example_skip_dag.py
[2024-06-14T12:09:03.317+0000] {logging_mixin.py:188} INFO - [2024-06-14T12:09:03.317+0000] {dag.py:3096} INFO - Sync 1 DAGs
[2024-06-14T12:09:03.335+0000] {logging_mixin.py:188} INFO - [2024-06-14T12:09:03.335+0000] {dag.py:3954} INFO - Setting next_dagrun for example_skip_dag to 2024-06-13 00:00:00+00:00, run_after=2024-06-14 00:00:00+00:00
[2024-06-14T12:09:03.350+0000] {processor.py:183} INFO - Processing /home/airflow/.local/lib/python3.12/site-packages/airflow/example_dags/example_skip_dag.py took 0.061 seconds
[2024-06-14T12:09:33.689+0000] {processor.py:161} INFO - Started process (PID=408) to work on /home/airflow/.local/lib/python3.12/site-packages/airflow/example_dags/example_skip_dag.py
[2024-06-14T12:09:33.690+0000] {processor.py:830} INFO - Processing file /home/airflow/.local/lib/python3.12/site-packages/airflow/example_dags/example_skip_dag.py for tasks to queue
[2024-06-14T12:09:33.691+0000] {logging_mixin.py:188} INFO - [2024-06-14T12:09:33.691+0000] {dagbag.py:545} INFO - Filling up the DagBag from /home/airflow/.local/lib/python3.12/site-packages/airflow/example_dags/example_skip_dag.py
[2024-06-14T12:09:33.696+0000] {processor.py:840} INFO - DAG(s) 'example_skip_dag' retrieved from /home/airflow/.local/lib/python3.12/site-packages/airflow/example_dags/example_skip_dag.py
[2024-06-14T12:09:33.714+0000] {logging_mixin.py:188} INFO - [2024-06-14T12:09:33.714+0000] {dag.py:3096} INFO - Sync 1 DAGs
[2024-06-14T12:09:33.733+0000] {logging_mixin.py:188} INFO - [2024-06-14T12:09:33.733+0000] {dag.py:3954} INFO - Setting next_dagrun for example_skip_dag to 2024-06-13 00:00:00+00:00, run_after=2024-06-14 00:00:00+00:00
[2024-06-14T12:09:33.749+0000] {processor.py:183} INFO - Processing /home/airflow/.local/lib/python3.12/site-packages/airflow/example_dags/example_skip_dag.py took 0.064 seconds
[2024-06-14T12:10:03.775+0000] {processor.py:161} INFO - Started process (PID=465) to work on /home/airflow/.local/lib/python3.12/site-packages/airflow/example_dags/example_skip_dag.py
[2024-06-14T12:10:03.776+0000] {processor.py:830} INFO - Processing file /home/airflow/.local/lib/python3.12/site-packages/airflow/example_dags/example_skip_dag.py for tasks to queue
[2024-06-14T12:10:03.777+0000] {logging_mixin.py:188} INFO - [2024-06-14T12:10:03.777+0000] {dagbag.py:545} INFO - Filling up the DagBag from /home/airflow/.local/lib/python3.12/site-packages/airflow/example_dags/example_skip_dag.py
[2024-06-14T12:10:03.782+0000] {processor.py:840} INFO - DAG(s) 'example_skip_dag' retrieved from /home/airflow/.local/lib/python3.12/site-packages/airflow/example_dags/example_skip_dag.py
[2024-06-14T12:10:03.796+0000] {logging_mixin.py:188} INFO - [2024-06-14T12:10:03.796+0000] {dag.py:3096} INFO - Sync 1 DAGs
[2024-06-14T12:10:03.813+0000] {logging_mixin.py:188} INFO - [2024-06-14T12:10:03.813+0000] {dag.py:3954} INFO - Setting next_dagrun for example_skip_dag to 2024-06-13 00:00:00+00:00, run_after=2024-06-14 00:00:00+00:00
[2024-06-14T12:10:03.827+0000] {processor.py:183} INFO - Processing /home/airflow/.local/lib/python3.12/site-packages/airflow/example_dags/example_skip_dag.py took 0.057 seconds
[2024-06-14T12:10:33.981+0000] {processor.py:161} INFO - Started process (PID=523) to work on /home/airflow/.local/lib/python3.12/site-packages/airflow/example_dags/example_skip_dag.py
[2024-06-14T12:10:33.982+0000] {processor.py:830} INFO - Processing file /home/airflow/.local/lib/python3.12/site-packages/airflow/example_dags/example_skip_dag.py for tasks to queue
[2024-06-14T12:10:33.983+0000] {logging_mixin.py:188} INFO - [2024-06-14T12:10:33.983+0000] {dagbag.py:545} INFO - Filling up the DagBag from /home/airflow/.local/lib/python3.12/site-packages/airflow/example_dags/example_skip_dag.py
[2024-06-14T12:10:33.988+0000] {processor.py:840} INFO - DAG(s) 'example_skip_dag' retrieved from /home/airflow/.local/lib/python3.12/site-packages/airflow/example_dags/example_skip_dag.py
[2024-06-14T12:10:34.007+0000] {logging_mixin.py:188} INFO - [2024-06-14T12:10:34.007+0000] {dag.py:3096} INFO - Sync 1 DAGs
[2024-06-14T12:10:34.023+0000] {logging_mixin.py:188} INFO - [2024-06-14T12:10:34.023+0000] {dag.py:3954} INFO - Setting next_dagrun for example_skip_dag to 2024-06-13 00:00:00+00:00, run_after=2024-06-14 00:00:00+00:00
[2024-06-14T12:10:34.038+0000] {processor.py:183} INFO - Processing /home/airflow/.local/lib/python3.12/site-packages/airflow/example_dags/example_skip_dag.py took 0.063 seconds
[2024-06-14T12:11:04.217+0000] {processor.py:161} INFO - Started process (PID=588) to work on /home/airflow/.local/lib/python3.12/site-packages/airflow/example_dags/example_skip_dag.py
[2024-06-14T12:11:04.217+0000] {processor.py:830} INFO - Processing file /home/airflow/.local/lib/python3.12/site-packages/airflow/example_dags/example_skip_dag.py for tasks to queue
[2024-06-14T12:11:04.219+0000] {logging_mixin.py:188} INFO - [2024-06-14T12:11:04.218+0000] {dagbag.py:545} INFO - Filling up the DagBag from /home/airflow/.local/lib/python3.12/site-packages/airflow/example_dags/example_skip_dag.py
[2024-06-14T12:11:04.225+0000] {processor.py:840} INFO - DAG(s) 'example_skip_dag' retrieved from /home/airflow/.local/lib/python3.12/site-packages/airflow/example_dags/example_skip_dag.py
[2024-06-14T12:11:04.241+0000] {logging_mixin.py:188} INFO - [2024-06-14T12:11:04.241+0000] {dag.py:3096} INFO - Sync 1 DAGs
[2024-06-14T12:11:04.258+0000] {logging_mixin.py:188} INFO - [2024-06-14T12:11:04.258+0000] {dag.py:3954} INFO - Setting next_dagrun for example_skip_dag to 2024-06-13 00:00:00+00:00, run_after=2024-06-14 00:00:00+00:00
[2024-06-14T12:11:04.273+0000] {processor.py:183} INFO - Processing /home/airflow/.local/lib/python3.12/site-packages/airflow/example_dags/example_skip_dag.py took 0.061 seconds
[2024-06-14T12:11:34.420+0000] {processor.py:161} INFO - Started process (PID=646) to work on /home/airflow/.local/lib/python3.12/site-packages/airflow/example_dags/example_skip_dag.py
[2024-06-14T12:11:34.421+0000] {processor.py:830} INFO - Processing file /home/airflow/.local/lib/python3.12/site-packages/airflow/example_dags/example_skip_dag.py for tasks to queue
[2024-06-14T12:11:34.422+0000] {logging_mixin.py:188} INFO - [2024-06-14T12:11:34.422+0000] {dagbag.py:545} INFO - Filling up the DagBag from /home/airflow/.local/lib/python3.12/site-packages/airflow/example_dags/example_skip_dag.py
[2024-06-14T12:11:34.427+0000] {processor.py:840} INFO - DAG(s) 'example_skip_dag' retrieved from /home/airflow/.local/lib/python3.12/site-packages/airflow/example_dags/example_skip_dag.py
[2024-06-14T12:11:34.446+0000] {logging_mixin.py:188} INFO - [2024-06-14T12:11:34.446+0000] {dag.py:3096} INFO - Sync 1 DAGs
[2024-06-14T12:11:34.464+0000] {logging_mixin.py:188} INFO - [2024-06-14T12:11:34.464+0000] {dag.py:3954} INFO - Setting next_dagrun for example_skip_dag to 2024-06-13 00:00:00+00:00, run_after=2024-06-14 00:00:00+00:00
[2024-06-14T12:11:34.479+0000] {processor.py:183} INFO - Processing /home/airflow/.local/lib/python3.12/site-packages/airflow/example_dags/example_skip_dag.py took 0.065 seconds
[2024-06-14T12:12:04.610+0000] {processor.py:161} INFO - Started process (PID=704) to work on /home/airflow/.local/lib/python3.12/site-packages/airflow/example_dags/example_skip_dag.py
[2024-06-14T12:12:04.610+0000] {processor.py:830} INFO - Processing file /home/airflow/.local/lib/python3.12/site-packages/airflow/example_dags/example_skip_dag.py for tasks to queue
[2024-06-14T12:12:04.612+0000] {logging_mixin.py:188} INFO - [2024-06-14T12:12:04.612+0000] {dagbag.py:545} INFO - Filling up the DagBag from /home/airflow/.local/lib/python3.12/site-packages/airflow/example_dags/example_skip_dag.py
[2024-06-14T12:12:04.616+0000] {processor.py:840} INFO - DAG(s) 'example_skip_dag' retrieved from /home/airflow/.local/lib/python3.12/site-packages/airflow/example_dags/example_skip_dag.py
[2024-06-14T12:12:04.632+0000] {logging_mixin.py:188} INFO - [2024-06-14T12:12:04.632+0000] {dag.py:3096} INFO - Sync 1 DAGs
[2024-06-14T12:12:04.646+0000] {logging_mixin.py:188} INFO - [2024-06-14T12:12:04.646+0000] {dag.py:3954} INFO - Setting next_dagrun for example_skip_dag to 2024-06-13 00:00:00+00:00, run_after=2024-06-14 00:00:00+00:00
[2024-06-14T12:12:04.661+0000] {processor.py:183} INFO - Processing /home/airflow/.local/lib/python3.12/site-packages/airflow/example_dags/example_skip_dag.py took 0.055 seconds
[2024-06-14T12:12:34.806+0000] {processor.py:161} INFO - Started process (PID=762) to work on /home/airflow/.local/lib/python3.12/site-packages/airflow/example_dags/example_skip_dag.py
[2024-06-14T12:12:34.807+0000] {processor.py:830} INFO - Processing file /home/airflow/.local/lib/python3.12/site-packages/airflow/example_dags/example_skip_dag.py for tasks to queue
[2024-06-14T12:12:34.809+0000] {logging_mixin.py:188} INFO - [2024-06-14T12:12:34.808+0000] {dagbag.py:545} INFO - Filling up the DagBag from /home/airflow/.local/lib/python3.12/site-packages/airflow/example_dags/example_skip_dag.py
[2024-06-14T12:12:34.814+0000] {processor.py:840} INFO - DAG(s) 'example_skip_dag' retrieved from /home/airflow/.local/lib/python3.12/site-packages/airflow/example_dags/example_skip_dag.py
[2024-06-14T12:12:34.831+0000] {logging_mixin.py:188} INFO - [2024-06-14T12:12:34.831+0000] {dag.py:3096} INFO - Sync 1 DAGs
[2024-06-14T12:12:34.849+0000] {logging_mixin.py:188} INFO - [2024-06-14T12:12:34.849+0000] {dag.py:3954} INFO - Setting next_dagrun for example_skip_dag to 2024-06-13 00:00:00+00:00, run_after=2024-06-14 00:00:00+00:00
[2024-06-14T12:12:34.866+0000] {processor.py:183} INFO - Processing /home/airflow/.local/lib/python3.12/site-packages/airflow/example_dags/example_skip_dag.py took 0.064 seconds
[2024-06-14T12:13:05.013+0000] {processor.py:161} INFO - Started process (PID=820) to work on /home/airflow/.local/lib/python3.12/site-packages/airflow/example_dags/example_skip_dag.py
[2024-06-14T12:13:05.013+0000] {processor.py:830} INFO - Processing file /home/airflow/.local/lib/python3.12/site-packages/airflow/example_dags/example_skip_dag.py for tasks to queue
[2024-06-14T12:13:05.015+0000] {logging_mixin.py:188} INFO - [2024-06-14T12:13:05.015+0000] {dagbag.py:545} INFO - Filling up the DagBag from /home/airflow/.local/lib/python3.12/site-packages/airflow/example_dags/example_skip_dag.py
[2024-06-14T12:13:05.020+0000] {processor.py:840} INFO - DAG(s) 'example_skip_dag' retrieved from /home/airflow/.local/lib/python3.12/site-packages/airflow/example_dags/example_skip_dag.py
[2024-06-14T12:13:05.038+0000] {logging_mixin.py:188} INFO - [2024-06-14T12:13:05.038+0000] {dag.py:3096} INFO - Sync 1 DAGs
[2024-06-14T12:13:05.055+0000] {logging_mixin.py:188} INFO - [2024-06-14T12:13:05.055+0000] {dag.py:3954} INFO - Setting next_dagrun for example_skip_dag to 2024-06-13 00:00:00+00:00, run_after=2024-06-14 00:00:00+00:00
[2024-06-14T12:13:05.070+0000] {processor.py:183} INFO - Processing /home/airflow/.local/lib/python3.12/site-packages/airflow/example_dags/example_skip_dag.py took 0.061 seconds
[2024-06-14T12:13:35.338+0000] {processor.py:161} INFO - Started process (PID=878) to work on /home/airflow/.local/lib/python3.12/site-packages/airflow/example_dags/example_skip_dag.py
[2024-06-14T12:13:35.339+0000] {processor.py:830} INFO - Processing file /home/airflow/.local/lib/python3.12/site-packages/airflow/example_dags/example_skip_dag.py for tasks to queue
[2024-06-14T12:13:35.341+0000] {logging_mixin.py:188} INFO - [2024-06-14T12:13:35.340+0000] {dagbag.py:545} INFO - Filling up the DagBag from /home/airflow/.local/lib/python3.12/site-packages/airflow/example_dags/example_skip_dag.py
[2024-06-14T12:13:35.345+0000] {processor.py:840} INFO - DAG(s) 'example_skip_dag' retrieved from /home/airflow/.local/lib/python3.12/site-packages/airflow/example_dags/example_skip_dag.py
[2024-06-14T12:13:35.363+0000] {logging_mixin.py:188} INFO - [2024-06-14T12:13:35.362+0000] {dag.py:3096} INFO - Sync 1 DAGs
[2024-06-14T12:13:35.383+0000] {logging_mixin.py:188} INFO - [2024-06-14T12:13:35.382+0000] {dag.py:3954} INFO - Setting next_dagrun for example_skip_dag to 2024-06-13 00:00:00+00:00, run_after=2024-06-14 00:00:00+00:00
[2024-06-14T12:13:35.398+0000] {processor.py:183} INFO - Processing /home/airflow/.local/lib/python3.12/site-packages/airflow/example_dags/example_skip_dag.py took 0.064 seconds
[2024-06-14T12:14:05.830+0000] {processor.py:161} INFO - Started process (PID=936) to work on /home/airflow/.local/lib/python3.12/site-packages/airflow/example_dags/example_skip_dag.py
[2024-06-14T12:14:05.831+0000] {processor.py:830} INFO - Processing file /home/airflow/.local/lib/python3.12/site-packages/airflow/example_dags/example_skip_dag.py for tasks to queue
[2024-06-14T12:14:05.833+0000] {logging_mixin.py:188} INFO - [2024-06-14T12:14:05.833+0000] {dagbag.py:545} INFO - Filling up the DagBag from /home/airflow/.local/lib/python3.12/site-packages/airflow/example_dags/example_skip_dag.py
[2024-06-14T12:14:05.839+0000] {processor.py:840} INFO - DAG(s) 'example_skip_dag' retrieved from /home/airflow/.local/lib/python3.12/site-packages/airflow/example_dags/example_skip_dag.py
[2024-06-14T12:14:05.857+0000] {logging_mixin.py:188} INFO - [2024-06-14T12:14:05.857+0000] {dag.py:3096} INFO - Sync 1 DAGs
[2024-06-14T12:14:05.878+0000] {logging_mixin.py:188} INFO - [2024-06-14T12:14:05.878+0000] {dag.py:3954} INFO - Setting next_dagrun for example_skip_dag to 2024-06-13 00:00:00+00:00, run_after=2024-06-14 00:00:00+00:00
[2024-06-14T12:14:05.895+0000] {processor.py:183} INFO - Processing /home/airflow/.local/lib/python3.12/site-packages/airflow/example_dags/example_skip_dag.py took 0.070 seconds
[2024-06-14T12:14:36.144+0000] {processor.py:161} INFO - Started process (PID=994) to work on /home/airflow/.local/lib/python3.12/site-packages/airflow/example_dags/example_skip_dag.py
[2024-06-14T12:14:36.145+0000] {processor.py:830} INFO - Processing file /home/airflow/.local/lib/python3.12/site-packages/airflow/example_dags/example_skip_dag.py for tasks to queue
[2024-06-14T12:14:36.147+0000] {logging_mixin.py:188} INFO - [2024-06-14T12:14:36.147+0000] {dagbag.py:545} INFO - Filling up the DagBag from /home/airflow/.local/lib/python3.12/site-packages/airflow/example_dags/example_skip_dag.py
[2024-06-14T12:14:36.152+0000] {processor.py:840} INFO - DAG(s) 'example_skip_dag' retrieved from /home/airflow/.local/lib/python3.12/site-packages/airflow/example_dags/example_skip_dag.py
[2024-06-14T12:14:36.167+0000] {logging_mixin.py:188} INFO - [2024-06-14T12:14:36.167+0000] {dag.py:3096} INFO - Sync 1 DAGs
[2024-06-14T12:14:36.183+0000] {logging_mixin.py:188} INFO - [2024-06-14T12:14:36.183+0000] {dag.py:3954} INFO - Setting next_dagrun for example_skip_dag to 2024-06-13 00:00:00+00:00, run_after=2024-06-14 00:00:00+00:00
[2024-06-14T12:14:36.198+0000] {processor.py:183} INFO - Processing /home/airflow/.local/lib/python3.12/site-packages/airflow/example_dags/example_skip_dag.py took 0.058 seconds
[2024-06-14T12:15:06.464+0000] {processor.py:161} INFO - Started process (PID=1052) to work on /home/airflow/.local/lib/python3.12/site-packages/airflow/example_dags/example_skip_dag.py
[2024-06-14T12:15:06.464+0000] {processor.py:830} INFO - Processing file /home/airflow/.local/lib/python3.12/site-packages/airflow/example_dags/example_skip_dag.py for tasks to queue
[2024-06-14T12:15:06.465+0000] {logging_mixin.py:188} INFO - [2024-06-14T12:15:06.465+0000] {dagbag.py:545} INFO - Filling up the DagBag from /home/airflow/.local/lib/python3.12/site-packages/airflow/example_dags/example_skip_dag.py
[2024-06-14T12:15:06.470+0000] {processor.py:840} INFO - DAG(s) 'example_skip_dag' retrieved from /home/airflow/.local/lib/python3.12/site-packages/airflow/example_dags/example_skip_dag.py
[2024-06-14T12:15:06.485+0000] {logging_mixin.py:188} INFO - [2024-06-14T12:15:06.485+0000] {dag.py:3096} INFO - Sync 1 DAGs
[2024-06-14T12:15:06.500+0000] {logging_mixin.py:188} INFO - [2024-06-14T12:15:06.499+0000] {dag.py:3954} INFO - Setting next_dagrun for example_skip_dag to 2024-06-13 00:00:00+00:00, run_after=2024-06-14 00:00:00+00:00
[2024-06-14T12:15:06.512+0000] {processor.py:183} INFO - Processing /home/airflow/.local/lib/python3.12/site-packages/airflow/example_dags/example_skip_dag.py took 0.052 seconds
[2024-06-14T12:15:36.704+0000] {processor.py:161} INFO - Started process (PID=1110) to work on /home/airflow/.local/lib/python3.12/site-packages/airflow/example_dags/example_skip_dag.py
[2024-06-14T12:15:36.704+0000] {processor.py:830} INFO - Processing file /home/airflow/.local/lib/python3.12/site-packages/airflow/example_dags/example_skip_dag.py for tasks to queue
[2024-06-14T12:15:36.706+0000] {logging_mixin.py:188} INFO - [2024-06-14T12:15:36.706+0000] {dagbag.py:545} INFO - Filling up the DagBag from /home/airflow/.local/lib/python3.12/site-packages/airflow/example_dags/example_skip_dag.py
[2024-06-14T12:15:36.710+0000] {processor.py:840} INFO - DAG(s) 'example_skip_dag' retrieved from /home/airflow/.local/lib/python3.12/site-packages/airflow/example_dags/example_skip_dag.py
[2024-06-14T12:15:36.728+0000] {logging_mixin.py:188} INFO - [2024-06-14T12:15:36.728+0000] {dag.py:3096} INFO - Sync 1 DAGs
[2024-06-14T12:15:36.744+0000] {logging_mixin.py:188} INFO - [2024-06-14T12:15:36.744+0000] {dag.py:3954} INFO - Setting next_dagrun for example_skip_dag to 2024-06-13 00:00:00+00:00, run_after=2024-06-14 00:00:00+00:00
[2024-06-14T12:15:36.757+0000] {processor.py:183} INFO - Processing /home/airflow/.local/lib/python3.12/site-packages/airflow/example_dags/example_skip_dag.py took 0.058 seconds
[2024-06-14T12:16:07.034+0000] {processor.py:161} INFO - Started process (PID=1168) to work on /home/airflow/.local/lib/python3.12/site-packages/airflow/example_dags/example_skip_dag.py
[2024-06-14T12:16:07.034+0000] {processor.py:830} INFO - Processing file /home/airflow/.local/lib/python3.12/site-packages/airflow/example_dags/example_skip_dag.py for tasks to queue
[2024-06-14T12:16:07.035+0000] {logging_mixin.py:188} INFO - [2024-06-14T12:16:07.035+0000] {dagbag.py:545} INFO - Filling up the DagBag from /home/airflow/.local/lib/python3.12/site-packages/airflow/example_dags/example_skip_dag.py
[2024-06-14T12:16:07.041+0000] {processor.py:840} INFO - DAG(s) 'example_skip_dag' retrieved from /home/airflow/.local/lib/python3.12/site-packages/airflow/example_dags/example_skip_dag.py
[2024-06-14T12:16:07.054+0000] {logging_mixin.py:188} INFO - [2024-06-14T12:16:07.054+0000] {dag.py:3096} INFO - Sync 1 DAGs
[2024-06-14T12:16:07.069+0000] {logging_mixin.py:188} INFO - [2024-06-14T12:16:07.068+0000] {dag.py:3954} INFO - Setting next_dagrun for example_skip_dag to 2024-06-13 00:00:00+00:00, run_after=2024-06-14 00:00:00+00:00
[2024-06-14T12:16:07.082+0000] {processor.py:183} INFO - Processing /home/airflow/.local/lib/python3.12/site-packages/airflow/example_dags/example_skip_dag.py took 0.052 seconds
[2024-06-14T12:16:37.358+0000] {processor.py:161} INFO - Started process (PID=1226) to work on /home/airflow/.local/lib/python3.12/site-packages/airflow/example_dags/example_skip_dag.py
[2024-06-14T12:16:37.358+0000] {processor.py:830} INFO - Processing file /home/airflow/.local/lib/python3.12/site-packages/airflow/example_dags/example_skip_dag.py for tasks to queue
[2024-06-14T12:16:37.360+0000] {logging_mixin.py:188} INFO - [2024-06-14T12:16:37.359+0000] {dagbag.py:545} INFO - Filling up the DagBag from /home/airflow/.local/lib/python3.12/site-packages/airflow/example_dags/example_skip_dag.py
[2024-06-14T12:16:37.364+0000] {processor.py:840} INFO - DAG(s) 'example_skip_dag' retrieved from /home/airflow/.local/lib/python3.12/site-packages/airflow/example_dags/example_skip_dag.py
[2024-06-14T12:16:37.379+0000] {logging_mixin.py:188} INFO - [2024-06-14T12:16:37.378+0000] {dag.py:3096} INFO - Sync 1 DAGs
[2024-06-14T12:16:37.393+0000] {logging_mixin.py:188} INFO - [2024-06-14T12:16:37.393+0000] {dag.py:3954} INFO - Setting next_dagrun for example_skip_dag to 2024-06-13 00:00:00+00:00, run_after=2024-06-14 00:00:00+00:00
[2024-06-14T12:16:37.407+0000] {processor.py:183} INFO - Processing /home/airflow/.local/lib/python3.12/site-packages/airflow/example_dags/example_skip_dag.py took 0.053 seconds
[2024-06-14T12:17:07.697+0000] {processor.py:161} INFO - Started process (PID=1284) to work on /home/airflow/.local/lib/python3.12/site-packages/airflow/example_dags/example_skip_dag.py
[2024-06-14T12:17:07.698+0000] {processor.py:830} INFO - Processing file /home/airflow/.local/lib/python3.12/site-packages/airflow/example_dags/example_skip_dag.py for tasks to queue
[2024-06-14T12:17:07.700+0000] {logging_mixin.py:188} INFO - [2024-06-14T12:17:07.700+0000] {dagbag.py:545} INFO - Filling up the DagBag from /home/airflow/.local/lib/python3.12/site-packages/airflow/example_dags/example_skip_dag.py
[2024-06-14T12:17:07.704+0000] {processor.py:840} INFO - DAG(s) 'example_skip_dag' retrieved from /home/airflow/.local/lib/python3.12/site-packages/airflow/example_dags/example_skip_dag.py
[2024-06-14T12:17:07.719+0000] {logging_mixin.py:188} INFO - [2024-06-14T12:17:07.719+0000] {dag.py:3096} INFO - Sync 1 DAGs
[2024-06-14T12:17:07.737+0000] {logging_mixin.py:188} INFO - [2024-06-14T12:17:07.736+0000] {dag.py:3954} INFO - Setting next_dagrun for example_skip_dag to 2024-06-13 00:00:00+00:00, run_after=2024-06-14 00:00:00+00:00
[2024-06-14T12:17:07.751+0000] {processor.py:183} INFO - Processing /home/airflow/.local/lib/python3.12/site-packages/airflow/example_dags/example_skip_dag.py took 0.059 seconds
[2024-06-14T12:17:38.065+0000] {processor.py:161} INFO - Started process (PID=1342) to work on /home/airflow/.local/lib/python3.12/site-packages/airflow/example_dags/example_skip_dag.py
[2024-06-14T12:17:38.066+0000] {processor.py:830} INFO - Processing file /home/airflow/.local/lib/python3.12/site-packages/airflow/example_dags/example_skip_dag.py for tasks to queue
[2024-06-14T12:17:38.067+0000] {logging_mixin.py:188} INFO - [2024-06-14T12:17:38.067+0000] {dagbag.py:545} INFO - Filling up the DagBag from /home/airflow/.local/lib/python3.12/site-packages/airflow/example_dags/example_skip_dag.py
[2024-06-14T12:17:38.072+0000] {processor.py:840} INFO - DAG(s) 'example_skip_dag' retrieved from /home/airflow/.local/lib/python3.12/site-packages/airflow/example_dags/example_skip_dag.py
[2024-06-14T12:17:38.086+0000] {logging_mixin.py:188} INFO - [2024-06-14T12:17:38.086+0000] {dag.py:3096} INFO - Sync 1 DAGs
[2024-06-14T12:17:38.104+0000] {logging_mixin.py:188} INFO - [2024-06-14T12:17:38.104+0000] {dag.py:3954} INFO - Setting next_dagrun for example_skip_dag to 2024-06-13 00:00:00+00:00, run_after=2024-06-14 00:00:00+00:00
[2024-06-14T12:17:38.118+0000] {processor.py:183} INFO - Processing /home/airflow/.local/lib/python3.12/site-packages/airflow/example_dags/example_skip_dag.py took 0.057 seconds
[2024-06-14T12:18:41.602+0000] {processor.py:161} INFO - Started process (PID=53) to work on /home/airflow/.local/lib/python3.12/site-packages/airflow/example_dags/example_skip_dag.py
[2024-06-14T12:18:41.603+0000] {processor.py:830} INFO - Processing file /home/airflow/.local/lib/python3.12/site-packages/airflow/example_dags/example_skip_dag.py for tasks to queue
[2024-06-14T12:18:41.604+0000] {logging_mixin.py:188} INFO - [2024-06-14T12:18:41.604+0000] {dagbag.py:545} INFO - Filling up the DagBag from /home/airflow/.local/lib/python3.12/site-packages/airflow/example_dags/example_skip_dag.py
[2024-06-14T12:18:41.609+0000] {processor.py:840} INFO - DAG(s) 'example_skip_dag' retrieved from /home/airflow/.local/lib/python3.12/site-packages/airflow/example_dags/example_skip_dag.py
[2024-06-14T12:18:41.617+0000] {logging_mixin.py:188} INFO - [2024-06-14T12:18:41.617+0000] {dag.py:3096} INFO - Sync 1 DAGs
[2024-06-14T12:18:41.638+0000] {logging_mixin.py:188} INFO - [2024-06-14T12:18:41.637+0000] {dag.py:3954} INFO - Setting next_dagrun for example_skip_dag to 2024-06-13 00:00:00+00:00, run_after=2024-06-14 00:00:00+00:00
[2024-06-14T12:18:41.657+0000] {processor.py:183} INFO - Processing /home/airflow/.local/lib/python3.12/site-packages/airflow/example_dags/example_skip_dag.py took 0.061 seconds
[2024-06-14T12:19:12.955+0000] {processor.py:161} INFO - Started process (PID=111) to work on /home/airflow/.local/lib/python3.12/site-packages/airflow/example_dags/example_skip_dag.py
[2024-06-14T12:19:12.956+0000] {processor.py:830} INFO - Processing file /home/airflow/.local/lib/python3.12/site-packages/airflow/example_dags/example_skip_dag.py for tasks to queue
[2024-06-14T12:19:12.957+0000] {logging_mixin.py:188} INFO - [2024-06-14T12:19:12.957+0000] {dagbag.py:545} INFO - Filling up the DagBag from /home/airflow/.local/lib/python3.12/site-packages/airflow/example_dags/example_skip_dag.py
[2024-06-14T12:19:12.962+0000] {processor.py:840} INFO - DAG(s) 'example_skip_dag' retrieved from /home/airflow/.local/lib/python3.12/site-packages/airflow/example_dags/example_skip_dag.py
[2024-06-14T12:19:13.038+0000] {logging_mixin.py:188} INFO - [2024-06-14T12:19:13.038+0000] {dag.py:3096} INFO - Sync 1 DAGs
[2024-06-14T12:19:13.052+0000] {logging_mixin.py:188} INFO - [2024-06-14T12:19:13.052+0000] {dag.py:3954} INFO - Setting next_dagrun for example_skip_dag to 2024-06-13 00:00:00+00:00, run_after=2024-06-14 00:00:00+00:00
[2024-06-14T12:19:13.067+0000] {processor.py:183} INFO - Processing /home/airflow/.local/lib/python3.12/site-packages/airflow/example_dags/example_skip_dag.py took 0.116 seconds
[2024-06-14T12:19:43.893+0000] {processor.py:161} INFO - Started process (PID=169) to work on /home/airflow/.local/lib/python3.12/site-packages/airflow/example_dags/example_skip_dag.py
[2024-06-14T12:19:43.894+0000] {processor.py:830} INFO - Processing file /home/airflow/.local/lib/python3.12/site-packages/airflow/example_dags/example_skip_dag.py for tasks to queue
[2024-06-14T12:19:43.895+0000] {logging_mixin.py:188} INFO - [2024-06-14T12:19:43.895+0000] {dagbag.py:545} INFO - Filling up the DagBag from /home/airflow/.local/lib/python3.12/site-packages/airflow/example_dags/example_skip_dag.py
[2024-06-14T12:19:43.900+0000] {processor.py:840} INFO - DAG(s) 'example_skip_dag' retrieved from /home/airflow/.local/lib/python3.12/site-packages/airflow/example_dags/example_skip_dag.py
[2024-06-14T12:19:43.916+0000] {logging_mixin.py:188} INFO - [2024-06-14T12:19:43.916+0000] {dag.py:3096} INFO - Sync 1 DAGs
[2024-06-14T12:19:43.937+0000] {logging_mixin.py:188} INFO - [2024-06-14T12:19:43.937+0000] {dag.py:3954} INFO - Setting next_dagrun for example_skip_dag to 2024-06-13 00:00:00+00:00, run_after=2024-06-14 00:00:00+00:00
[2024-06-14T12:19:43.952+0000] {processor.py:183} INFO - Processing /home/airflow/.local/lib/python3.12/site-packages/airflow/example_dags/example_skip_dag.py took 0.064 seconds
[2024-06-14T12:20:14.329+0000] {processor.py:161} INFO - Started process (PID=227) to work on /home/airflow/.local/lib/python3.12/site-packages/airflow/example_dags/example_skip_dag.py
[2024-06-14T12:20:14.330+0000] {processor.py:830} INFO - Processing file /home/airflow/.local/lib/python3.12/site-packages/airflow/example_dags/example_skip_dag.py for tasks to queue
[2024-06-14T12:20:14.332+0000] {logging_mixin.py:188} INFO - [2024-06-14T12:20:14.331+0000] {dagbag.py:545} INFO - Filling up the DagBag from /home/airflow/.local/lib/python3.12/site-packages/airflow/example_dags/example_skip_dag.py
[2024-06-14T12:20:14.338+0000] {processor.py:840} INFO - DAG(s) 'example_skip_dag' retrieved from /home/airflow/.local/lib/python3.12/site-packages/airflow/example_dags/example_skip_dag.py
[2024-06-14T12:20:14.355+0000] {logging_mixin.py:188} INFO - [2024-06-14T12:20:14.355+0000] {dag.py:3096} INFO - Sync 1 DAGs
[2024-06-14T12:20:14.375+0000] {logging_mixin.py:188} INFO - [2024-06-14T12:20:14.374+0000] {dag.py:3954} INFO - Setting next_dagrun for example_skip_dag to 2024-06-13 00:00:00+00:00, run_after=2024-06-14 00:00:00+00:00
[2024-06-14T12:20:14.391+0000] {processor.py:183} INFO - Processing /home/airflow/.local/lib/python3.12/site-packages/airflow/example_dags/example_skip_dag.py took 0.067 seconds
[2024-06-14T12:20:44.747+0000] {processor.py:161} INFO - Started process (PID=285) to work on /home/airflow/.local/lib/python3.12/site-packages/airflow/example_dags/example_skip_dag.py
[2024-06-14T12:20:44.748+0000] {processor.py:830} INFO - Processing file /home/airflow/.local/lib/python3.12/site-packages/airflow/example_dags/example_skip_dag.py for tasks to queue
[2024-06-14T12:20:44.749+0000] {logging_mixin.py:188} INFO - [2024-06-14T12:20:44.749+0000] {dagbag.py:545} INFO - Filling up the DagBag from /home/airflow/.local/lib/python3.12/site-packages/airflow/example_dags/example_skip_dag.py
[2024-06-14T12:20:44.754+0000] {processor.py:840} INFO - DAG(s) 'example_skip_dag' retrieved from /home/airflow/.local/lib/python3.12/site-packages/airflow/example_dags/example_skip_dag.py
[2024-06-14T12:20:44.771+0000] {logging_mixin.py:188} INFO - [2024-06-14T12:20:44.770+0000] {dag.py:3096} INFO - Sync 1 DAGs
[2024-06-14T12:20:44.785+0000] {logging_mixin.py:188} INFO - [2024-06-14T12:20:44.785+0000] {dag.py:3954} INFO - Setting next_dagrun for example_skip_dag to 2024-06-13 00:00:00+00:00, run_after=2024-06-14 00:00:00+00:00
[2024-06-14T12:20:44.801+0000] {processor.py:183} INFO - Processing /home/airflow/.local/lib/python3.12/site-packages/airflow/example_dags/example_skip_dag.py took 0.058 seconds
[2024-06-14T12:21:15.066+0000] {processor.py:161} INFO - Started process (PID=343) to work on /home/airflow/.local/lib/python3.12/site-packages/airflow/example_dags/example_skip_dag.py
[2024-06-14T12:21:15.067+0000] {processor.py:830} INFO - Processing file /home/airflow/.local/lib/python3.12/site-packages/airflow/example_dags/example_skip_dag.py for tasks to queue
[2024-06-14T12:21:15.068+0000] {logging_mixin.py:188} INFO - [2024-06-14T12:21:15.068+0000] {dagbag.py:545} INFO - Filling up the DagBag from /home/airflow/.local/lib/python3.12/site-packages/airflow/example_dags/example_skip_dag.py
[2024-06-14T12:21:15.074+0000] {processor.py:840} INFO - DAG(s) 'example_skip_dag' retrieved from /home/airflow/.local/lib/python3.12/site-packages/airflow/example_dags/example_skip_dag.py
[2024-06-14T12:21:15.091+0000] {logging_mixin.py:188} INFO - [2024-06-14T12:21:15.091+0000] {dag.py:3096} INFO - Sync 1 DAGs
[2024-06-14T12:21:15.107+0000] {logging_mixin.py:188} INFO - [2024-06-14T12:21:15.107+0000] {dag.py:3954} INFO - Setting next_dagrun for example_skip_dag to 2024-06-13 00:00:00+00:00, run_after=2024-06-14 00:00:00+00:00
[2024-06-14T12:21:15.123+0000] {processor.py:183} INFO - Processing /home/airflow/.local/lib/python3.12/site-packages/airflow/example_dags/example_skip_dag.py took 0.061 seconds
[2024-06-14T12:21:45.360+0000] {processor.py:161} INFO - Started process (PID=401) to work on /home/airflow/.local/lib/python3.12/site-packages/airflow/example_dags/example_skip_dag.py
[2024-06-14T12:21:45.360+0000] {processor.py:830} INFO - Processing file /home/airflow/.local/lib/python3.12/site-packages/airflow/example_dags/example_skip_dag.py for tasks to queue
[2024-06-14T12:21:45.362+0000] {logging_mixin.py:188} INFO - [2024-06-14T12:21:45.361+0000] {dagbag.py:545} INFO - Filling up the DagBag from /home/airflow/.local/lib/python3.12/site-packages/airflow/example_dags/example_skip_dag.py
[2024-06-14T12:21:45.366+0000] {processor.py:840} INFO - DAG(s) 'example_skip_dag' retrieved from /home/airflow/.local/lib/python3.12/site-packages/airflow/example_dags/example_skip_dag.py
[2024-06-14T12:21:45.384+0000] {logging_mixin.py:188} INFO - [2024-06-14T12:21:45.384+0000] {dag.py:3096} INFO - Sync 1 DAGs
[2024-06-14T12:21:45.400+0000] {logging_mixin.py:188} INFO - [2024-06-14T12:21:45.400+0000] {dag.py:3954} INFO - Setting next_dagrun for example_skip_dag to 2024-06-13 00:00:00+00:00, run_after=2024-06-14 00:00:00+00:00
[2024-06-14T12:21:45.414+0000] {processor.py:183} INFO - Processing /home/airflow/.local/lib/python3.12/site-packages/airflow/example_dags/example_skip_dag.py took 0.059 seconds
[2024-06-14T12:22:15.836+0000] {processor.py:161} INFO - Started process (PID=460) to work on /home/airflow/.local/lib/python3.12/site-packages/airflow/example_dags/example_skip_dag.py
[2024-06-14T12:22:15.836+0000] {processor.py:830} INFO - Processing file /home/airflow/.local/lib/python3.12/site-packages/airflow/example_dags/example_skip_dag.py for tasks to queue
[2024-06-14T12:22:15.838+0000] {logging_mixin.py:188} INFO - [2024-06-14T12:22:15.838+0000] {dagbag.py:545} INFO - Filling up the DagBag from /home/airflow/.local/lib/python3.12/site-packages/airflow/example_dags/example_skip_dag.py
[2024-06-14T12:22:15.843+0000] {processor.py:840} INFO - DAG(s) 'example_skip_dag' retrieved from /home/airflow/.local/lib/python3.12/site-packages/airflow/example_dags/example_skip_dag.py
[2024-06-14T12:22:15.859+0000] {logging_mixin.py:188} INFO - [2024-06-14T12:22:15.859+0000] {dag.py:3096} INFO - Sync 1 DAGs
[2024-06-14T12:22:15.876+0000] {logging_mixin.py:188} INFO - [2024-06-14T12:22:15.875+0000] {dag.py:3954} INFO - Setting next_dagrun for example_skip_dag to 2024-06-13 00:00:00+00:00, run_after=2024-06-14 00:00:00+00:00
[2024-06-14T12:22:15.890+0000] {processor.py:183} INFO - Processing /home/airflow/.local/lib/python3.12/site-packages/airflow/example_dags/example_skip_dag.py took 0.059 seconds
[2024-06-14T12:22:46.154+0000] {processor.py:161} INFO - Started process (PID=518) to work on /home/airflow/.local/lib/python3.12/site-packages/airflow/example_dags/example_skip_dag.py
[2024-06-14T12:22:46.155+0000] {processor.py:830} INFO - Processing file /home/airflow/.local/lib/python3.12/site-packages/airflow/example_dags/example_skip_dag.py for tasks to queue
[2024-06-14T12:22:46.156+0000] {logging_mixin.py:188} INFO - [2024-06-14T12:22:46.156+0000] {dagbag.py:545} INFO - Filling up the DagBag from /home/airflow/.local/lib/python3.12/site-packages/airflow/example_dags/example_skip_dag.py
[2024-06-14T12:22:46.161+0000] {processor.py:840} INFO - DAG(s) 'example_skip_dag' retrieved from /home/airflow/.local/lib/python3.12/site-packages/airflow/example_dags/example_skip_dag.py
[2024-06-14T12:22:46.178+0000] {logging_mixin.py:188} INFO - [2024-06-14T12:22:46.177+0000] {dag.py:3096} INFO - Sync 1 DAGs
[2024-06-14T12:22:46.207+0000] {logging_mixin.py:188} INFO - [2024-06-14T12:22:46.206+0000] {dag.py:3954} INFO - Setting next_dagrun for example_skip_dag to 2024-06-13 00:00:00+00:00, run_after=2024-06-14 00:00:00+00:00
[2024-06-14T12:22:46.222+0000] {processor.py:183} INFO - Processing /home/airflow/.local/lib/python3.12/site-packages/airflow/example_dags/example_skip_dag.py took 0.073 seconds
[2024-06-14T12:23:16.540+0000] {processor.py:161} INFO - Started process (PID=576) to work on /home/airflow/.local/lib/python3.12/site-packages/airflow/example_dags/example_skip_dag.py
[2024-06-14T12:23:16.541+0000] {processor.py:830} INFO - Processing file /home/airflow/.local/lib/python3.12/site-packages/airflow/example_dags/example_skip_dag.py for tasks to queue
[2024-06-14T12:23:16.542+0000] {logging_mixin.py:188} INFO - [2024-06-14T12:23:16.542+0000] {dagbag.py:545} INFO - Filling up the DagBag from /home/airflow/.local/lib/python3.12/site-packages/airflow/example_dags/example_skip_dag.py
[2024-06-14T12:23:16.547+0000] {processor.py:840} INFO - DAG(s) 'example_skip_dag' retrieved from /home/airflow/.local/lib/python3.12/site-packages/airflow/example_dags/example_skip_dag.py
[2024-06-14T12:23:16.561+0000] {logging_mixin.py:188} INFO - [2024-06-14T12:23:16.561+0000] {dag.py:3096} INFO - Sync 1 DAGs
[2024-06-14T12:23:16.577+0000] {logging_mixin.py:188} INFO - [2024-06-14T12:23:16.577+0000] {dag.py:3954} INFO - Setting next_dagrun for example_skip_dag to 2024-06-13 00:00:00+00:00, run_after=2024-06-14 00:00:00+00:00
[2024-06-14T12:23:16.591+0000] {processor.py:183} INFO - Processing /home/airflow/.local/lib/python3.12/site-packages/airflow/example_dags/example_skip_dag.py took 0.055 seconds
[2024-06-14T12:23:47.009+0000] {processor.py:161} INFO - Started process (PID=634) to work on /home/airflow/.local/lib/python3.12/site-packages/airflow/example_dags/example_skip_dag.py
[2024-06-14T12:23:47.009+0000] {processor.py:830} INFO - Processing file /home/airflow/.local/lib/python3.12/site-packages/airflow/example_dags/example_skip_dag.py for tasks to queue
[2024-06-14T12:23:47.011+0000] {logging_mixin.py:188} INFO - [2024-06-14T12:23:47.010+0000] {dagbag.py:545} INFO - Filling up the DagBag from /home/airflow/.local/lib/python3.12/site-packages/airflow/example_dags/example_skip_dag.py
[2024-06-14T12:23:47.016+0000] {processor.py:840} INFO - DAG(s) 'example_skip_dag' retrieved from /home/airflow/.local/lib/python3.12/site-packages/airflow/example_dags/example_skip_dag.py
[2024-06-14T12:23:47.031+0000] {logging_mixin.py:188} INFO - [2024-06-14T12:23:47.030+0000] {dag.py:3096} INFO - Sync 1 DAGs
[2024-06-14T12:23:47.047+0000] {logging_mixin.py:188} INFO - [2024-06-14T12:23:47.047+0000] {dag.py:3954} INFO - Setting next_dagrun for example_skip_dag to 2024-06-13 00:00:00+00:00, run_after=2024-06-14 00:00:00+00:00
[2024-06-14T12:23:47.063+0000] {processor.py:183} INFO - Processing /home/airflow/.local/lib/python3.12/site-packages/airflow/example_dags/example_skip_dag.py took 0.059 seconds
[2024-06-14T12:24:17.262+0000] {processor.py:161} INFO - Started process (PID=693) to work on /home/airflow/.local/lib/python3.12/site-packages/airflow/example_dags/example_skip_dag.py
[2024-06-14T12:24:17.262+0000] {processor.py:830} INFO - Processing file /home/airflow/.local/lib/python3.12/site-packages/airflow/example_dags/example_skip_dag.py for tasks to queue
[2024-06-14T12:24:17.264+0000] {logging_mixin.py:188} INFO - [2024-06-14T12:24:17.264+0000] {dagbag.py:545} INFO - Filling up the DagBag from /home/airflow/.local/lib/python3.12/site-packages/airflow/example_dags/example_skip_dag.py
[2024-06-14T12:24:17.268+0000] {processor.py:840} INFO - DAG(s) 'example_skip_dag' retrieved from /home/airflow/.local/lib/python3.12/site-packages/airflow/example_dags/example_skip_dag.py
[2024-06-14T12:24:17.282+0000] {logging_mixin.py:188} INFO - [2024-06-14T12:24:17.282+0000] {dag.py:3096} INFO - Sync 1 DAGs
[2024-06-14T12:24:17.300+0000] {logging_mixin.py:188} INFO - [2024-06-14T12:24:17.300+0000] {dag.py:3954} INFO - Setting next_dagrun for example_skip_dag to 2024-06-13 00:00:00+00:00, run_after=2024-06-14 00:00:00+00:00
[2024-06-14T12:24:17.315+0000] {processor.py:183} INFO - Processing /home/airflow/.local/lib/python3.12/site-packages/airflow/example_dags/example_skip_dag.py took 0.057 seconds
[2024-06-14T12:24:47.601+0000] {processor.py:161} INFO - Started process (PID=751) to work on /home/airflow/.local/lib/python3.12/site-packages/airflow/example_dags/example_skip_dag.py
[2024-06-14T12:24:47.602+0000] {processor.py:830} INFO - Processing file /home/airflow/.local/lib/python3.12/site-packages/airflow/example_dags/example_skip_dag.py for tasks to queue
[2024-06-14T12:24:47.603+0000] {logging_mixin.py:188} INFO - [2024-06-14T12:24:47.603+0000] {dagbag.py:545} INFO - Filling up the DagBag from /home/airflow/.local/lib/python3.12/site-packages/airflow/example_dags/example_skip_dag.py
[2024-06-14T12:24:47.609+0000] {processor.py:840} INFO - DAG(s) 'example_skip_dag' retrieved from /home/airflow/.local/lib/python3.12/site-packages/airflow/example_dags/example_skip_dag.py
[2024-06-14T12:24:47.624+0000] {logging_mixin.py:188} INFO - [2024-06-14T12:24:47.624+0000] {dag.py:3096} INFO - Sync 1 DAGs
[2024-06-14T12:24:47.639+0000] {logging_mixin.py:188} INFO - [2024-06-14T12:24:47.639+0000] {dag.py:3954} INFO - Setting next_dagrun for example_skip_dag to 2024-06-13 00:00:00+00:00, run_after=2024-06-14 00:00:00+00:00
[2024-06-14T12:24:47.653+0000] {processor.py:183} INFO - Processing /home/airflow/.local/lib/python3.12/site-packages/airflow/example_dags/example_skip_dag.py took 0.057 seconds
[2024-06-14T12:25:18.041+0000] {processor.py:161} INFO - Started process (PID=809) to work on /home/airflow/.local/lib/python3.12/site-packages/airflow/example_dags/example_skip_dag.py
[2024-06-14T12:25:18.042+0000] {processor.py:830} INFO - Processing file /home/airflow/.local/lib/python3.12/site-packages/airflow/example_dags/example_skip_dag.py for tasks to queue
[2024-06-14T12:25:18.043+0000] {logging_mixin.py:188} INFO - [2024-06-14T12:25:18.043+0000] {dagbag.py:545} INFO - Filling up the DagBag from /home/airflow/.local/lib/python3.12/site-packages/airflow/example_dags/example_skip_dag.py
[2024-06-14T12:25:18.048+0000] {processor.py:840} INFO - DAG(s) 'example_skip_dag' retrieved from /home/airflow/.local/lib/python3.12/site-packages/airflow/example_dags/example_skip_dag.py
[2024-06-14T12:25:18.063+0000] {logging_mixin.py:188} INFO - [2024-06-14T12:25:18.062+0000] {dag.py:3096} INFO - Sync 1 DAGs
[2024-06-14T12:25:18.077+0000] {logging_mixin.py:188} INFO - [2024-06-14T12:25:18.077+0000] {dag.py:3954} INFO - Setting next_dagrun for example_skip_dag to 2024-06-13 00:00:00+00:00, run_after=2024-06-14 00:00:00+00:00
[2024-06-14T12:25:18.091+0000] {processor.py:183} INFO - Processing /home/airflow/.local/lib/python3.12/site-packages/airflow/example_dags/example_skip_dag.py took 0.054 seconds
[2024-06-14T12:25:48.317+0000] {processor.py:161} INFO - Started process (PID=867) to work on /home/airflow/.local/lib/python3.12/site-packages/airflow/example_dags/example_skip_dag.py
[2024-06-14T12:25:48.318+0000] {processor.py:830} INFO - Processing file /home/airflow/.local/lib/python3.12/site-packages/airflow/example_dags/example_skip_dag.py for tasks to queue
[2024-06-14T12:25:48.319+0000] {logging_mixin.py:188} INFO - [2024-06-14T12:25:48.319+0000] {dagbag.py:545} INFO - Filling up the DagBag from /home/airflow/.local/lib/python3.12/site-packages/airflow/example_dags/example_skip_dag.py
[2024-06-14T12:25:48.325+0000] {processor.py:840} INFO - DAG(s) 'example_skip_dag' retrieved from /home/airflow/.local/lib/python3.12/site-packages/airflow/example_dags/example_skip_dag.py
[2024-06-14T12:25:48.342+0000] {logging_mixin.py:188} INFO - [2024-06-14T12:25:48.342+0000] {dag.py:3096} INFO - Sync 1 DAGs
[2024-06-14T12:25:48.361+0000] {logging_mixin.py:188} INFO - [2024-06-14T12:25:48.361+0000] {dag.py:3954} INFO - Setting next_dagrun for example_skip_dag to 2024-06-13 00:00:00+00:00, run_after=2024-06-14 00:00:00+00:00
[2024-06-14T12:25:48.378+0000] {processor.py:183} INFO - Processing /home/airflow/.local/lib/python3.12/site-packages/airflow/example_dags/example_skip_dag.py took 0.066 seconds
[2024-06-14T12:26:18.690+0000] {processor.py:161} INFO - Started process (PID=925) to work on /home/airflow/.local/lib/python3.12/site-packages/airflow/example_dags/example_skip_dag.py
[2024-06-14T12:26:18.691+0000] {processor.py:830} INFO - Processing file /home/airflow/.local/lib/python3.12/site-packages/airflow/example_dags/example_skip_dag.py for tasks to queue
[2024-06-14T12:26:18.693+0000] {logging_mixin.py:188} INFO - [2024-06-14T12:26:18.692+0000] {dagbag.py:545} INFO - Filling up the DagBag from /home/airflow/.local/lib/python3.12/site-packages/airflow/example_dags/example_skip_dag.py
[2024-06-14T12:26:18.698+0000] {processor.py:840} INFO - DAG(s) 'example_skip_dag' retrieved from /home/airflow/.local/lib/python3.12/site-packages/airflow/example_dags/example_skip_dag.py
[2024-06-14T12:26:18.714+0000] {logging_mixin.py:188} INFO - [2024-06-14T12:26:18.714+0000] {dag.py:3096} INFO - Sync 1 DAGs
[2024-06-14T12:26:18.733+0000] {logging_mixin.py:188} INFO - [2024-06-14T12:26:18.733+0000] {dag.py:3954} INFO - Setting next_dagrun for example_skip_dag to 2024-06-13 00:00:00+00:00, run_after=2024-06-14 00:00:00+00:00
[2024-06-14T12:26:18.749+0000] {processor.py:183} INFO - Processing /home/airflow/.local/lib/python3.12/site-packages/airflow/example_dags/example_skip_dag.py took 0.063 seconds
[2024-06-14T12:26:49.066+0000] {processor.py:161} INFO - Started process (PID=983) to work on /home/airflow/.local/lib/python3.12/site-packages/airflow/example_dags/example_skip_dag.py
[2024-06-14T12:26:49.067+0000] {processor.py:830} INFO - Processing file /home/airflow/.local/lib/python3.12/site-packages/airflow/example_dags/example_skip_dag.py for tasks to queue
[2024-06-14T12:26:49.068+0000] {logging_mixin.py:188} INFO - [2024-06-14T12:26:49.068+0000] {dagbag.py:545} INFO - Filling up the DagBag from /home/airflow/.local/lib/python3.12/site-packages/airflow/example_dags/example_skip_dag.py
[2024-06-14T12:26:49.074+0000] {processor.py:840} INFO - DAG(s) 'example_skip_dag' retrieved from /home/airflow/.local/lib/python3.12/site-packages/airflow/example_dags/example_skip_dag.py
[2024-06-14T12:26:49.091+0000] {logging_mixin.py:188} INFO - [2024-06-14T12:26:49.091+0000] {dag.py:3096} INFO - Sync 1 DAGs
[2024-06-14T12:26:49.113+0000] {logging_mixin.py:188} INFO - [2024-06-14T12:26:49.113+0000] {dag.py:3954} INFO - Setting next_dagrun for example_skip_dag to 2024-06-13 00:00:00+00:00, run_after=2024-06-14 00:00:00+00:00
[2024-06-14T12:26:49.131+0000] {processor.py:183} INFO - Processing /home/airflow/.local/lib/python3.12/site-packages/airflow/example_dags/example_skip_dag.py took 0.070 seconds
[2024-06-14T12:27:19.216+0000] {processor.py:161} INFO - Started process (PID=1041) to work on /home/airflow/.local/lib/python3.12/site-packages/airflow/example_dags/example_skip_dag.py
[2024-06-14T12:27:19.217+0000] {processor.py:830} INFO - Processing file /home/airflow/.local/lib/python3.12/site-packages/airflow/example_dags/example_skip_dag.py for tasks to queue
[2024-06-14T12:27:19.218+0000] {logging_mixin.py:188} INFO - [2024-06-14T12:27:19.218+0000] {dagbag.py:545} INFO - Filling up the DagBag from /home/airflow/.local/lib/python3.12/site-packages/airflow/example_dags/example_skip_dag.py
[2024-06-14T12:27:19.224+0000] {processor.py:840} INFO - DAG(s) 'example_skip_dag' retrieved from /home/airflow/.local/lib/python3.12/site-packages/airflow/example_dags/example_skip_dag.py
[2024-06-14T12:27:19.240+0000] {logging_mixin.py:188} INFO - [2024-06-14T12:27:19.240+0000] {dag.py:3096} INFO - Sync 1 DAGs
[2024-06-14T12:27:19.257+0000] {logging_mixin.py:188} INFO - [2024-06-14T12:27:19.257+0000] {dag.py:3954} INFO - Setting next_dagrun for example_skip_dag to 2024-06-13 00:00:00+00:00, run_after=2024-06-14 00:00:00+00:00
[2024-06-14T12:27:19.273+0000] {processor.py:183} INFO - Processing /home/airflow/.local/lib/python3.12/site-packages/airflow/example_dags/example_skip_dag.py took 0.062 seconds
[2024-06-14T12:27:49.348+0000] {processor.py:161} INFO - Started process (PID=1098) to work on /home/airflow/.local/lib/python3.12/site-packages/airflow/example_dags/example_skip_dag.py
[2024-06-14T12:27:49.349+0000] {processor.py:830} INFO - Processing file /home/airflow/.local/lib/python3.12/site-packages/airflow/example_dags/example_skip_dag.py for tasks to queue
[2024-06-14T12:27:49.350+0000] {logging_mixin.py:188} INFO - [2024-06-14T12:27:49.350+0000] {dagbag.py:545} INFO - Filling up the DagBag from /home/airflow/.local/lib/python3.12/site-packages/airflow/example_dags/example_skip_dag.py
[2024-06-14T12:27:49.355+0000] {processor.py:840} INFO - DAG(s) 'example_skip_dag' retrieved from /home/airflow/.local/lib/python3.12/site-packages/airflow/example_dags/example_skip_dag.py
[2024-06-14T12:27:49.370+0000] {logging_mixin.py:188} INFO - [2024-06-14T12:27:49.370+0000] {dag.py:3096} INFO - Sync 1 DAGs
[2024-06-14T12:27:49.386+0000] {logging_mixin.py:188} INFO - [2024-06-14T12:27:49.386+0000] {dag.py:3954} INFO - Setting next_dagrun for example_skip_dag to 2024-06-13 00:00:00+00:00, run_after=2024-06-14 00:00:00+00:00
[2024-06-14T12:27:49.401+0000] {processor.py:183} INFO - Processing /home/airflow/.local/lib/python3.12/site-packages/airflow/example_dags/example_skip_dag.py took 0.057 seconds
[2024-06-14T12:28:19.539+0000] {processor.py:161} INFO - Started process (PID=1156) to work on /home/airflow/.local/lib/python3.12/site-packages/airflow/example_dags/example_skip_dag.py
[2024-06-14T12:28:19.540+0000] {processor.py:830} INFO - Processing file /home/airflow/.local/lib/python3.12/site-packages/airflow/example_dags/example_skip_dag.py for tasks to queue
[2024-06-14T12:28:19.541+0000] {logging_mixin.py:188} INFO - [2024-06-14T12:28:19.541+0000] {dagbag.py:545} INFO - Filling up the DagBag from /home/airflow/.local/lib/python3.12/site-packages/airflow/example_dags/example_skip_dag.py
[2024-06-14T12:28:19.545+0000] {processor.py:840} INFO - DAG(s) 'example_skip_dag' retrieved from /home/airflow/.local/lib/python3.12/site-packages/airflow/example_dags/example_skip_dag.py
[2024-06-14T12:28:19.563+0000] {logging_mixin.py:188} INFO - [2024-06-14T12:28:19.562+0000] {dag.py:3096} INFO - Sync 1 DAGs
[2024-06-14T12:28:19.579+0000] {logging_mixin.py:188} INFO - [2024-06-14T12:28:19.579+0000] {dag.py:3954} INFO - Setting next_dagrun for example_skip_dag to 2024-06-13 00:00:00+00:00, run_after=2024-06-14 00:00:00+00:00
[2024-06-14T12:28:19.594+0000] {processor.py:183} INFO - Processing /home/airflow/.local/lib/python3.12/site-packages/airflow/example_dags/example_skip_dag.py took 0.059 seconds
[2024-06-14T12:28:49.891+0000] {processor.py:161} INFO - Started process (PID=1214) to work on /home/airflow/.local/lib/python3.12/site-packages/airflow/example_dags/example_skip_dag.py
[2024-06-14T12:28:49.891+0000] {processor.py:830} INFO - Processing file /home/airflow/.local/lib/python3.12/site-packages/airflow/example_dags/example_skip_dag.py for tasks to queue
[2024-06-14T12:28:49.893+0000] {logging_mixin.py:188} INFO - [2024-06-14T12:28:49.892+0000] {dagbag.py:545} INFO - Filling up the DagBag from /home/airflow/.local/lib/python3.12/site-packages/airflow/example_dags/example_skip_dag.py
[2024-06-14T12:28:49.897+0000] {processor.py:840} INFO - DAG(s) 'example_skip_dag' retrieved from /home/airflow/.local/lib/python3.12/site-packages/airflow/example_dags/example_skip_dag.py
[2024-06-14T12:28:49.911+0000] {logging_mixin.py:188} INFO - [2024-06-14T12:28:49.911+0000] {dag.py:3096} INFO - Sync 1 DAGs
[2024-06-14T12:28:49.928+0000] {logging_mixin.py:188} INFO - [2024-06-14T12:28:49.928+0000] {dag.py:3954} INFO - Setting next_dagrun for example_skip_dag to 2024-06-13 00:00:00+00:00, run_after=2024-06-14 00:00:00+00:00
[2024-06-14T12:28:49.942+0000] {processor.py:183} INFO - Processing /home/airflow/.local/lib/python3.12/site-packages/airflow/example_dags/example_skip_dag.py took 0.056 seconds
[2024-06-14T12:29:20.075+0000] {processor.py:161} INFO - Started process (PID=1272) to work on /home/airflow/.local/lib/python3.12/site-packages/airflow/example_dags/example_skip_dag.py
[2024-06-14T12:29:20.076+0000] {processor.py:830} INFO - Processing file /home/airflow/.local/lib/python3.12/site-packages/airflow/example_dags/example_skip_dag.py for tasks to queue
[2024-06-14T12:29:20.077+0000] {logging_mixin.py:188} INFO - [2024-06-14T12:29:20.077+0000] {dagbag.py:545} INFO - Filling up the DagBag from /home/airflow/.local/lib/python3.12/site-packages/airflow/example_dags/example_skip_dag.py
[2024-06-14T12:29:20.082+0000] {processor.py:840} INFO - DAG(s) 'example_skip_dag' retrieved from /home/airflow/.local/lib/python3.12/site-packages/airflow/example_dags/example_skip_dag.py
[2024-06-14T12:29:20.098+0000] {logging_mixin.py:188} INFO - [2024-06-14T12:29:20.097+0000] {dag.py:3096} INFO - Sync 1 DAGs
[2024-06-14T12:29:20.113+0000] {logging_mixin.py:188} INFO - [2024-06-14T12:29:20.113+0000] {dag.py:3954} INFO - Setting next_dagrun for example_skip_dag to 2024-06-13 00:00:00+00:00, run_after=2024-06-14 00:00:00+00:00
[2024-06-14T12:29:20.127+0000] {processor.py:183} INFO - Processing /home/airflow/.local/lib/python3.12/site-packages/airflow/example_dags/example_skip_dag.py took 0.056 seconds
[2024-06-14T12:29:50.492+0000] {processor.py:161} INFO - Started process (PID=1330) to work on /home/airflow/.local/lib/python3.12/site-packages/airflow/example_dags/example_skip_dag.py
[2024-06-14T12:29:50.493+0000] {processor.py:830} INFO - Processing file /home/airflow/.local/lib/python3.12/site-packages/airflow/example_dags/example_skip_dag.py for tasks to queue
[2024-06-14T12:29:50.494+0000] {logging_mixin.py:188} INFO - [2024-06-14T12:29:50.494+0000] {dagbag.py:545} INFO - Filling up the DagBag from /home/airflow/.local/lib/python3.12/site-packages/airflow/example_dags/example_skip_dag.py
[2024-06-14T12:29:50.499+0000] {processor.py:840} INFO - DAG(s) 'example_skip_dag' retrieved from /home/airflow/.local/lib/python3.12/site-packages/airflow/example_dags/example_skip_dag.py
[2024-06-14T12:29:50.513+0000] {logging_mixin.py:188} INFO - [2024-06-14T12:29:50.513+0000] {dag.py:3096} INFO - Sync 1 DAGs
[2024-06-14T12:29:50.530+0000] {logging_mixin.py:188} INFO - [2024-06-14T12:29:50.530+0000] {dag.py:3954} INFO - Setting next_dagrun for example_skip_dag to 2024-06-13 00:00:00+00:00, run_after=2024-06-14 00:00:00+00:00
[2024-06-14T12:29:50.543+0000] {processor.py:183} INFO - Processing /home/airflow/.local/lib/python3.12/site-packages/airflow/example_dags/example_skip_dag.py took 0.055 seconds
[2024-06-14T12:30:20.867+0000] {processor.py:161} INFO - Started process (PID=1388) to work on /home/airflow/.local/lib/python3.12/site-packages/airflow/example_dags/example_skip_dag.py
[2024-06-14T12:30:20.868+0000] {processor.py:830} INFO - Processing file /home/airflow/.local/lib/python3.12/site-packages/airflow/example_dags/example_skip_dag.py for tasks to queue
[2024-06-14T12:30:20.869+0000] {logging_mixin.py:188} INFO - [2024-06-14T12:30:20.869+0000] {dagbag.py:545} INFO - Filling up the DagBag from /home/airflow/.local/lib/python3.12/site-packages/airflow/example_dags/example_skip_dag.py
[2024-06-14T12:30:20.874+0000] {processor.py:840} INFO - DAG(s) 'example_skip_dag' retrieved from /home/airflow/.local/lib/python3.12/site-packages/airflow/example_dags/example_skip_dag.py
[2024-06-14T12:30:20.888+0000] {logging_mixin.py:188} INFO - [2024-06-14T12:30:20.888+0000] {dag.py:3096} INFO - Sync 1 DAGs
[2024-06-14T12:30:20.903+0000] {logging_mixin.py:188} INFO - [2024-06-14T12:30:20.903+0000] {dag.py:3954} INFO - Setting next_dagrun for example_skip_dag to 2024-06-13 00:00:00+00:00, run_after=2024-06-14 00:00:00+00:00
[2024-06-14T12:30:20.916+0000] {processor.py:183} INFO - Processing /home/airflow/.local/lib/python3.12/site-packages/airflow/example_dags/example_skip_dag.py took 0.053 seconds
[2024-06-14T12:30:51.215+0000] {processor.py:161} INFO - Started process (PID=1446) to work on /home/airflow/.local/lib/python3.12/site-packages/airflow/example_dags/example_skip_dag.py
[2024-06-14T12:30:51.215+0000] {processor.py:830} INFO - Processing file /home/airflow/.local/lib/python3.12/site-packages/airflow/example_dags/example_skip_dag.py for tasks to queue
[2024-06-14T12:30:51.217+0000] {logging_mixin.py:188} INFO - [2024-06-14T12:30:51.217+0000] {dagbag.py:545} INFO - Filling up the DagBag from /home/airflow/.local/lib/python3.12/site-packages/airflow/example_dags/example_skip_dag.py
[2024-06-14T12:30:51.222+0000] {processor.py:840} INFO - DAG(s) 'example_skip_dag' retrieved from /home/airflow/.local/lib/python3.12/site-packages/airflow/example_dags/example_skip_dag.py
[2024-06-14T12:30:51.239+0000] {logging_mixin.py:188} INFO - [2024-06-14T12:30:51.238+0000] {dag.py:3096} INFO - Sync 1 DAGs
[2024-06-14T12:30:51.258+0000] {logging_mixin.py:188} INFO - [2024-06-14T12:30:51.258+0000] {dag.py:3954} INFO - Setting next_dagrun for example_skip_dag to 2024-06-13 00:00:00+00:00, run_after=2024-06-14 00:00:00+00:00
[2024-06-14T12:30:51.272+0000] {processor.py:183} INFO - Processing /home/airflow/.local/lib/python3.12/site-packages/airflow/example_dags/example_skip_dag.py took 0.062 seconds
