[2024-06-14T12:06:31.491+0000] {processor.py:161} INFO - Started process (PID=65) to work on /home/airflow/.local/lib/python3.12/site-packages/airflow/example_dags/example_task_group.py
[2024-06-14T12:06:31.492+0000] {processor.py:830} INFO - Processing file /home/airflow/.local/lib/python3.12/site-packages/airflow/example_dags/example_task_group.py for tasks to queue
[2024-06-14T12:06:31.495+0000] {logging_mixin.py:188} INFO - [2024-06-14T12:06:31.495+0000] {dagbag.py:545} INFO - Filling up the DagBag from /home/airflow/.local/lib/python3.12/site-packages/airflow/example_dags/example_task_group.py
[2024-06-14T12:06:31.501+0000] {processor.py:840} INFO - DAG(s) 'example_task_group' retrieved from /home/airflow/.local/lib/python3.12/site-packages/airflow/example_dags/example_task_group.py
[2024-06-14T12:06:31.510+0000] {logging_mixin.py:188} INFO - [2024-06-14T12:06:31.509+0000] {dag.py:3096} INFO - Sync 1 DAGs
[2024-06-14T12:06:31.539+0000] {logging_mixin.py:188} INFO - [2024-06-14T12:06:31.539+0000] {dag.py:3954} INFO - Setting next_dagrun for example_task_group to 2024-06-13 00:00:00+00:00, run_after=2024-06-14 00:00:00+00:00
[2024-06-14T12:06:31.558+0000] {processor.py:183} INFO - Processing /home/airflow/.local/lib/python3.12/site-packages/airflow/example_dags/example_task_group.py took 0.071 seconds
[2024-06-14T12:07:03.138+0000] {processor.py:161} INFO - Started process (PID=123) to work on /home/airflow/.local/lib/python3.12/site-packages/airflow/example_dags/example_task_group.py
[2024-06-14T12:07:03.139+0000] {processor.py:830} INFO - Processing file /home/airflow/.local/lib/python3.12/site-packages/airflow/example_dags/example_task_group.py for tasks to queue
[2024-06-14T12:07:03.140+0000] {logging_mixin.py:188} INFO - [2024-06-14T12:07:03.140+0000] {dagbag.py:545} INFO - Filling up the DagBag from /home/airflow/.local/lib/python3.12/site-packages/airflow/example_dags/example_task_group.py
[2024-06-14T12:07:03.146+0000] {processor.py:840} INFO - DAG(s) 'example_task_group' retrieved from /home/airflow/.local/lib/python3.12/site-packages/airflow/example_dags/example_task_group.py
[2024-06-14T12:07:03.235+0000] {logging_mixin.py:188} INFO - [2024-06-14T12:07:03.235+0000] {dag.py:3096} INFO - Sync 1 DAGs
[2024-06-14T12:07:03.252+0000] {logging_mixin.py:188} INFO - [2024-06-14T12:07:03.252+0000] {dag.py:3954} INFO - Setting next_dagrun for example_task_group to 2024-06-13 00:00:00+00:00, run_after=2024-06-14 00:00:00+00:00
[2024-06-14T12:07:03.270+0000] {processor.py:183} INFO - Processing /home/airflow/.local/lib/python3.12/site-packages/airflow/example_dags/example_task_group.py took 0.138 seconds
[2024-06-14T12:07:34.077+0000] {processor.py:161} INFO - Started process (PID=181) to work on /home/airflow/.local/lib/python3.12/site-packages/airflow/example_dags/example_task_group.py
[2024-06-14T12:07:34.078+0000] {processor.py:830} INFO - Processing file /home/airflow/.local/lib/python3.12/site-packages/airflow/example_dags/example_task_group.py for tasks to queue
[2024-06-14T12:07:34.079+0000] {logging_mixin.py:188} INFO - [2024-06-14T12:07:34.079+0000] {dagbag.py:545} INFO - Filling up the DagBag from /home/airflow/.local/lib/python3.12/site-packages/airflow/example_dags/example_task_group.py
[2024-06-14T12:07:34.085+0000] {processor.py:840} INFO - DAG(s) 'example_task_group' retrieved from /home/airflow/.local/lib/python3.12/site-packages/airflow/example_dags/example_task_group.py
[2024-06-14T12:07:34.099+0000] {logging_mixin.py:188} INFO - [2024-06-14T12:07:34.099+0000] {dag.py:3096} INFO - Sync 1 DAGs
[2024-06-14T12:07:34.115+0000] {logging_mixin.py:188} INFO - [2024-06-14T12:07:34.115+0000] {dag.py:3954} INFO - Setting next_dagrun for example_task_group to 2024-06-13 00:00:00+00:00, run_after=2024-06-14 00:00:00+00:00
[2024-06-14T12:07:34.133+0000] {processor.py:183} INFO - Processing /home/airflow/.local/lib/python3.12/site-packages/airflow/example_dags/example_task_group.py took 0.061 seconds
[2024-06-14T12:08:04.352+0000] {processor.py:161} INFO - Started process (PID=239) to work on /home/airflow/.local/lib/python3.12/site-packages/airflow/example_dags/example_task_group.py
[2024-06-14T12:08:04.353+0000] {processor.py:830} INFO - Processing file /home/airflow/.local/lib/python3.12/site-packages/airflow/example_dags/example_task_group.py for tasks to queue
[2024-06-14T12:08:04.354+0000] {logging_mixin.py:188} INFO - [2024-06-14T12:08:04.354+0000] {dagbag.py:545} INFO - Filling up the DagBag from /home/airflow/.local/lib/python3.12/site-packages/airflow/example_dags/example_task_group.py
[2024-06-14T12:08:04.360+0000] {processor.py:840} INFO - DAG(s) 'example_task_group' retrieved from /home/airflow/.local/lib/python3.12/site-packages/airflow/example_dags/example_task_group.py
[2024-06-14T12:08:04.376+0000] {logging_mixin.py:188} INFO - [2024-06-14T12:08:04.376+0000] {dag.py:3096} INFO - Sync 1 DAGs
[2024-06-14T12:08:04.393+0000] {logging_mixin.py:188} INFO - [2024-06-14T12:08:04.393+0000] {dag.py:3954} INFO - Setting next_dagrun for example_task_group to 2024-06-13 00:00:00+00:00, run_after=2024-06-14 00:00:00+00:00
[2024-06-14T12:08:04.408+0000] {processor.py:183} INFO - Processing /home/airflow/.local/lib/python3.12/site-packages/airflow/example_dags/example_task_group.py took 0.060 seconds
[2024-06-14T12:08:34.628+0000] {processor.py:161} INFO - Started process (PID=297) to work on /home/airflow/.local/lib/python3.12/site-packages/airflow/example_dags/example_task_group.py
[2024-06-14T12:08:34.629+0000] {processor.py:830} INFO - Processing file /home/airflow/.local/lib/python3.12/site-packages/airflow/example_dags/example_task_group.py for tasks to queue
[2024-06-14T12:08:34.630+0000] {logging_mixin.py:188} INFO - [2024-06-14T12:08:34.630+0000] {dagbag.py:545} INFO - Filling up the DagBag from /home/airflow/.local/lib/python3.12/site-packages/airflow/example_dags/example_task_group.py
[2024-06-14T12:08:34.635+0000] {processor.py:840} INFO - DAG(s) 'example_task_group' retrieved from /home/airflow/.local/lib/python3.12/site-packages/airflow/example_dags/example_task_group.py
[2024-06-14T12:08:34.649+0000] {logging_mixin.py:188} INFO - [2024-06-14T12:08:34.649+0000] {dag.py:3096} INFO - Sync 1 DAGs
[2024-06-14T12:08:34.665+0000] {logging_mixin.py:188} INFO - [2024-06-14T12:08:34.665+0000] {dag.py:3954} INFO - Setting next_dagrun for example_task_group to 2024-06-13 00:00:00+00:00, run_after=2024-06-14 00:00:00+00:00
[2024-06-14T12:08:34.679+0000] {processor.py:183} INFO - Processing /home/airflow/.local/lib/python3.12/site-packages/airflow/example_dags/example_task_group.py took 0.055 seconds
[2024-06-14T12:09:04.752+0000] {processor.py:161} INFO - Started process (PID=355) to work on /home/airflow/.local/lib/python3.12/site-packages/airflow/example_dags/example_task_group.py
[2024-06-14T12:09:04.753+0000] {processor.py:830} INFO - Processing file /home/airflow/.local/lib/python3.12/site-packages/airflow/example_dags/example_task_group.py for tasks to queue
[2024-06-14T12:09:04.754+0000] {logging_mixin.py:188} INFO - [2024-06-14T12:09:04.754+0000] {dagbag.py:545} INFO - Filling up the DagBag from /home/airflow/.local/lib/python3.12/site-packages/airflow/example_dags/example_task_group.py
[2024-06-14T12:09:04.761+0000] {processor.py:840} INFO - DAG(s) 'example_task_group' retrieved from /home/airflow/.local/lib/python3.12/site-packages/airflow/example_dags/example_task_group.py
[2024-06-14T12:09:04.776+0000] {logging_mixin.py:188} INFO - [2024-06-14T12:09:04.776+0000] {dag.py:3096} INFO - Sync 1 DAGs
[2024-06-14T12:09:04.792+0000] {logging_mixin.py:188} INFO - [2024-06-14T12:09:04.792+0000] {dag.py:3954} INFO - Setting next_dagrun for example_task_group to 2024-06-13 00:00:00+00:00, run_after=2024-06-14 00:00:00+00:00
[2024-06-14T12:09:04.806+0000] {processor.py:183} INFO - Processing /home/airflow/.local/lib/python3.12/site-packages/airflow/example_dags/example_task_group.py took 0.059 seconds
[2024-06-14T12:09:35.302+0000] {processor.py:161} INFO - Started process (PID=420) to work on /home/airflow/.local/lib/python3.12/site-packages/airflow/example_dags/example_task_group.py
[2024-06-14T12:09:35.303+0000] {processor.py:830} INFO - Processing file /home/airflow/.local/lib/python3.12/site-packages/airflow/example_dags/example_task_group.py for tasks to queue
[2024-06-14T12:09:35.304+0000] {logging_mixin.py:188} INFO - [2024-06-14T12:09:35.304+0000] {dagbag.py:545} INFO - Filling up the DagBag from /home/airflow/.local/lib/python3.12/site-packages/airflow/example_dags/example_task_group.py
[2024-06-14T12:09:35.309+0000] {processor.py:840} INFO - DAG(s) 'example_task_group' retrieved from /home/airflow/.local/lib/python3.12/site-packages/airflow/example_dags/example_task_group.py
[2024-06-14T12:09:35.325+0000] {logging_mixin.py:188} INFO - [2024-06-14T12:09:35.324+0000] {dag.py:3096} INFO - Sync 1 DAGs
[2024-06-14T12:09:35.341+0000] {logging_mixin.py:188} INFO - [2024-06-14T12:09:35.341+0000] {dag.py:3954} INFO - Setting next_dagrun for example_task_group to 2024-06-13 00:00:00+00:00, run_after=2024-06-14 00:00:00+00:00
[2024-06-14T12:09:35.355+0000] {processor.py:183} INFO - Processing /home/airflow/.local/lib/python3.12/site-packages/airflow/example_dags/example_task_group.py took 0.058 seconds
[2024-06-14T12:10:05.403+0000] {processor.py:161} INFO - Started process (PID=478) to work on /home/airflow/.local/lib/python3.12/site-packages/airflow/example_dags/example_task_group.py
[2024-06-14T12:10:05.404+0000] {processor.py:830} INFO - Processing file /home/airflow/.local/lib/python3.12/site-packages/airflow/example_dags/example_task_group.py for tasks to queue
[2024-06-14T12:10:05.405+0000] {logging_mixin.py:188} INFO - [2024-06-14T12:10:05.405+0000] {dagbag.py:545} INFO - Filling up the DagBag from /home/airflow/.local/lib/python3.12/site-packages/airflow/example_dags/example_task_group.py
[2024-06-14T12:10:05.411+0000] {processor.py:840} INFO - DAG(s) 'example_task_group' retrieved from /home/airflow/.local/lib/python3.12/site-packages/airflow/example_dags/example_task_group.py
[2024-06-14T12:10:05.428+0000] {logging_mixin.py:188} INFO - [2024-06-14T12:10:05.428+0000] {dag.py:3096} INFO - Sync 1 DAGs
[2024-06-14T12:10:05.448+0000] {logging_mixin.py:188} INFO - [2024-06-14T12:10:05.447+0000] {dag.py:3954} INFO - Setting next_dagrun for example_task_group to 2024-06-13 00:00:00+00:00, run_after=2024-06-14 00:00:00+00:00
[2024-06-14T12:10:05.464+0000] {processor.py:183} INFO - Processing /home/airflow/.local/lib/python3.12/site-packages/airflow/example_dags/example_task_group.py took 0.065 seconds
[2024-06-14T12:10:35.627+0000] {processor.py:161} INFO - Started process (PID=536) to work on /home/airflow/.local/lib/python3.12/site-packages/airflow/example_dags/example_task_group.py
[2024-06-14T12:10:35.628+0000] {processor.py:830} INFO - Processing file /home/airflow/.local/lib/python3.12/site-packages/airflow/example_dags/example_task_group.py for tasks to queue
[2024-06-14T12:10:35.630+0000] {logging_mixin.py:188} INFO - [2024-06-14T12:10:35.630+0000] {dagbag.py:545} INFO - Filling up the DagBag from /home/airflow/.local/lib/python3.12/site-packages/airflow/example_dags/example_task_group.py
[2024-06-14T12:10:35.635+0000] {processor.py:840} INFO - DAG(s) 'example_task_group' retrieved from /home/airflow/.local/lib/python3.12/site-packages/airflow/example_dags/example_task_group.py
[2024-06-14T12:10:35.650+0000] {logging_mixin.py:188} INFO - [2024-06-14T12:10:35.650+0000] {dag.py:3096} INFO - Sync 1 DAGs
[2024-06-14T12:10:35.670+0000] {logging_mixin.py:188} INFO - [2024-06-14T12:10:35.670+0000] {dag.py:3954} INFO - Setting next_dagrun for example_task_group to 2024-06-13 00:00:00+00:00, run_after=2024-06-14 00:00:00+00:00
[2024-06-14T12:10:35.685+0000] {processor.py:183} INFO - Processing /home/airflow/.local/lib/python3.12/site-packages/airflow/example_dags/example_task_group.py took 0.062 seconds
[2024-06-14T12:11:05.806+0000] {processor.py:161} INFO - Started process (PID=601) to work on /home/airflow/.local/lib/python3.12/site-packages/airflow/example_dags/example_task_group.py
[2024-06-14T12:11:05.806+0000] {processor.py:830} INFO - Processing file /home/airflow/.local/lib/python3.12/site-packages/airflow/example_dags/example_task_group.py for tasks to queue
[2024-06-14T12:11:05.807+0000] {logging_mixin.py:188} INFO - [2024-06-14T12:11:05.807+0000] {dagbag.py:545} INFO - Filling up the DagBag from /home/airflow/.local/lib/python3.12/site-packages/airflow/example_dags/example_task_group.py
[2024-06-14T12:11:05.812+0000] {processor.py:840} INFO - DAG(s) 'example_task_group' retrieved from /home/airflow/.local/lib/python3.12/site-packages/airflow/example_dags/example_task_group.py
[2024-06-14T12:11:05.826+0000] {logging_mixin.py:188} INFO - [2024-06-14T12:11:05.826+0000] {dag.py:3096} INFO - Sync 1 DAGs
[2024-06-14T12:11:05.842+0000] {logging_mixin.py:188} INFO - [2024-06-14T12:11:05.841+0000] {dag.py:3954} INFO - Setting next_dagrun for example_task_group to 2024-06-13 00:00:00+00:00, run_after=2024-06-14 00:00:00+00:00
[2024-06-14T12:11:05.855+0000] {processor.py:183} INFO - Processing /home/airflow/.local/lib/python3.12/site-packages/airflow/example_dags/example_task_group.py took 0.053 seconds
[2024-06-14T12:11:36.027+0000] {processor.py:161} INFO - Started process (PID=659) to work on /home/airflow/.local/lib/python3.12/site-packages/airflow/example_dags/example_task_group.py
[2024-06-14T12:11:36.028+0000] {processor.py:830} INFO - Processing file /home/airflow/.local/lib/python3.12/site-packages/airflow/example_dags/example_task_group.py for tasks to queue
[2024-06-14T12:11:36.029+0000] {logging_mixin.py:188} INFO - [2024-06-14T12:11:36.029+0000] {dagbag.py:545} INFO - Filling up the DagBag from /home/airflow/.local/lib/python3.12/site-packages/airflow/example_dags/example_task_group.py
[2024-06-14T12:11:36.035+0000] {processor.py:840} INFO - DAG(s) 'example_task_group' retrieved from /home/airflow/.local/lib/python3.12/site-packages/airflow/example_dags/example_task_group.py
[2024-06-14T12:11:36.052+0000] {logging_mixin.py:188} INFO - [2024-06-14T12:11:36.051+0000] {dag.py:3096} INFO - Sync 1 DAGs
[2024-06-14T12:11:36.069+0000] {logging_mixin.py:188} INFO - [2024-06-14T12:11:36.069+0000] {dag.py:3954} INFO - Setting next_dagrun for example_task_group to 2024-06-13 00:00:00+00:00, run_after=2024-06-14 00:00:00+00:00
[2024-06-14T12:11:36.084+0000] {processor.py:183} INFO - Processing /home/airflow/.local/lib/python3.12/site-packages/airflow/example_dags/example_task_group.py took 0.060 seconds
[2024-06-14T12:12:06.287+0000] {processor.py:161} INFO - Started process (PID=717) to work on /home/airflow/.local/lib/python3.12/site-packages/airflow/example_dags/example_task_group.py
[2024-06-14T12:12:06.288+0000] {processor.py:830} INFO - Processing file /home/airflow/.local/lib/python3.12/site-packages/airflow/example_dags/example_task_group.py for tasks to queue
[2024-06-14T12:12:06.289+0000] {logging_mixin.py:188} INFO - [2024-06-14T12:12:06.289+0000] {dagbag.py:545} INFO - Filling up the DagBag from /home/airflow/.local/lib/python3.12/site-packages/airflow/example_dags/example_task_group.py
[2024-06-14T12:12:06.295+0000] {processor.py:840} INFO - DAG(s) 'example_task_group' retrieved from /home/airflow/.local/lib/python3.12/site-packages/airflow/example_dags/example_task_group.py
[2024-06-14T12:12:06.309+0000] {logging_mixin.py:188} INFO - [2024-06-14T12:12:06.309+0000] {dag.py:3096} INFO - Sync 1 DAGs
[2024-06-14T12:12:06.325+0000] {logging_mixin.py:188} INFO - [2024-06-14T12:12:06.325+0000] {dag.py:3954} INFO - Setting next_dagrun for example_task_group to 2024-06-13 00:00:00+00:00, run_after=2024-06-14 00:00:00+00:00
[2024-06-14T12:12:06.339+0000] {processor.py:183} INFO - Processing /home/airflow/.local/lib/python3.12/site-packages/airflow/example_dags/example_task_group.py took 0.058 seconds
[2024-06-14T12:12:36.359+0000] {processor.py:161} INFO - Started process (PID=775) to work on /home/airflow/.local/lib/python3.12/site-packages/airflow/example_dags/example_task_group.py
[2024-06-14T12:12:36.360+0000] {processor.py:830} INFO - Processing file /home/airflow/.local/lib/python3.12/site-packages/airflow/example_dags/example_task_group.py for tasks to queue
[2024-06-14T12:12:36.362+0000] {logging_mixin.py:188} INFO - [2024-06-14T12:12:36.361+0000] {dagbag.py:545} INFO - Filling up the DagBag from /home/airflow/.local/lib/python3.12/site-packages/airflow/example_dags/example_task_group.py
[2024-06-14T12:12:36.368+0000] {processor.py:840} INFO - DAG(s) 'example_task_group' retrieved from /home/airflow/.local/lib/python3.12/site-packages/airflow/example_dags/example_task_group.py
[2024-06-14T12:12:36.387+0000] {logging_mixin.py:188} INFO - [2024-06-14T12:12:36.386+0000] {dag.py:3096} INFO - Sync 1 DAGs
[2024-06-14T12:12:36.403+0000] {logging_mixin.py:188} INFO - [2024-06-14T12:12:36.403+0000] {dag.py:3954} INFO - Setting next_dagrun for example_task_group to 2024-06-13 00:00:00+00:00, run_after=2024-06-14 00:00:00+00:00
[2024-06-14T12:12:36.418+0000] {processor.py:183} INFO - Processing /home/airflow/.local/lib/python3.12/site-packages/airflow/example_dags/example_task_group.py took 0.063 seconds
[2024-06-14T12:13:06.625+0000] {processor.py:161} INFO - Started process (PID=833) to work on /home/airflow/.local/lib/python3.12/site-packages/airflow/example_dags/example_task_group.py
[2024-06-14T12:13:06.626+0000] {processor.py:830} INFO - Processing file /home/airflow/.local/lib/python3.12/site-packages/airflow/example_dags/example_task_group.py for tasks to queue
[2024-06-14T12:13:06.627+0000] {logging_mixin.py:188} INFO - [2024-06-14T12:13:06.627+0000] {dagbag.py:545} INFO - Filling up the DagBag from /home/airflow/.local/lib/python3.12/site-packages/airflow/example_dags/example_task_group.py
[2024-06-14T12:13:06.632+0000] {processor.py:840} INFO - DAG(s) 'example_task_group' retrieved from /home/airflow/.local/lib/python3.12/site-packages/airflow/example_dags/example_task_group.py
[2024-06-14T12:13:06.649+0000] {logging_mixin.py:188} INFO - [2024-06-14T12:13:06.649+0000] {dag.py:3096} INFO - Sync 1 DAGs
[2024-06-14T12:13:06.665+0000] {logging_mixin.py:188} INFO - [2024-06-14T12:13:06.665+0000] {dag.py:3954} INFO - Setting next_dagrun for example_task_group to 2024-06-13 00:00:00+00:00, run_after=2024-06-14 00:00:00+00:00
[2024-06-14T12:13:06.681+0000] {processor.py:183} INFO - Processing /home/airflow/.local/lib/python3.12/site-packages/airflow/example_dags/example_task_group.py took 0.059 seconds
[2024-06-14T12:13:37.050+0000] {processor.py:161} INFO - Started process (PID=891) to work on /home/airflow/.local/lib/python3.12/site-packages/airflow/example_dags/example_task_group.py
[2024-06-14T12:13:37.051+0000] {processor.py:830} INFO - Processing file /home/airflow/.local/lib/python3.12/site-packages/airflow/example_dags/example_task_group.py for tasks to queue
[2024-06-14T12:13:37.052+0000] {logging_mixin.py:188} INFO - [2024-06-14T12:13:37.052+0000] {dagbag.py:545} INFO - Filling up the DagBag from /home/airflow/.local/lib/python3.12/site-packages/airflow/example_dags/example_task_group.py
[2024-06-14T12:13:37.059+0000] {processor.py:840} INFO - DAG(s) 'example_task_group' retrieved from /home/airflow/.local/lib/python3.12/site-packages/airflow/example_dags/example_task_group.py
[2024-06-14T12:13:37.077+0000] {logging_mixin.py:188} INFO - [2024-06-14T12:13:37.076+0000] {dag.py:3096} INFO - Sync 1 DAGs
[2024-06-14T12:13:37.096+0000] {logging_mixin.py:188} INFO - [2024-06-14T12:13:37.096+0000] {dag.py:3954} INFO - Setting next_dagrun for example_task_group to 2024-06-13 00:00:00+00:00, run_after=2024-06-14 00:00:00+00:00
[2024-06-14T12:13:37.115+0000] {processor.py:183} INFO - Processing /home/airflow/.local/lib/python3.12/site-packages/airflow/example_dags/example_task_group.py took 0.070 seconds
[2024-06-14T12:14:07.334+0000] {processor.py:161} INFO - Started process (PID=949) to work on /home/airflow/.local/lib/python3.12/site-packages/airflow/example_dags/example_task_group.py
[2024-06-14T12:14:07.335+0000] {processor.py:830} INFO - Processing file /home/airflow/.local/lib/python3.12/site-packages/airflow/example_dags/example_task_group.py for tasks to queue
[2024-06-14T12:14:07.336+0000] {logging_mixin.py:188} INFO - [2024-06-14T12:14:07.336+0000] {dagbag.py:545} INFO - Filling up the DagBag from /home/airflow/.local/lib/python3.12/site-packages/airflow/example_dags/example_task_group.py
[2024-06-14T12:14:07.341+0000] {processor.py:840} INFO - DAG(s) 'example_task_group' retrieved from /home/airflow/.local/lib/python3.12/site-packages/airflow/example_dags/example_task_group.py
[2024-06-14T12:14:07.356+0000] {logging_mixin.py:188} INFO - [2024-06-14T12:14:07.356+0000] {dag.py:3096} INFO - Sync 1 DAGs
[2024-06-14T12:14:07.373+0000] {logging_mixin.py:188} INFO - [2024-06-14T12:14:07.373+0000] {dag.py:3954} INFO - Setting next_dagrun for example_task_group to 2024-06-13 00:00:00+00:00, run_after=2024-06-14 00:00:00+00:00
[2024-06-14T12:14:07.388+0000] {processor.py:183} INFO - Processing /home/airflow/.local/lib/python3.12/site-packages/airflow/example_dags/example_task_group.py took 0.058 seconds
[2024-06-14T12:14:37.684+0000] {processor.py:161} INFO - Started process (PID=1007) to work on /home/airflow/.local/lib/python3.12/site-packages/airflow/example_dags/example_task_group.py
[2024-06-14T12:14:37.684+0000] {processor.py:830} INFO - Processing file /home/airflow/.local/lib/python3.12/site-packages/airflow/example_dags/example_task_group.py for tasks to queue
[2024-06-14T12:14:37.686+0000] {logging_mixin.py:188} INFO - [2024-06-14T12:14:37.686+0000] {dagbag.py:545} INFO - Filling up the DagBag from /home/airflow/.local/lib/python3.12/site-packages/airflow/example_dags/example_task_group.py
[2024-06-14T12:14:37.692+0000] {processor.py:840} INFO - DAG(s) 'example_task_group' retrieved from /home/airflow/.local/lib/python3.12/site-packages/airflow/example_dags/example_task_group.py
[2024-06-14T12:14:37.711+0000] {logging_mixin.py:188} INFO - [2024-06-14T12:14:37.710+0000] {dag.py:3096} INFO - Sync 1 DAGs
[2024-06-14T12:14:37.729+0000] {logging_mixin.py:188} INFO - [2024-06-14T12:14:37.729+0000] {dag.py:3954} INFO - Setting next_dagrun for example_task_group to 2024-06-13 00:00:00+00:00, run_after=2024-06-14 00:00:00+00:00
[2024-06-14T12:14:37.744+0000] {processor.py:183} INFO - Processing /home/airflow/.local/lib/python3.12/site-packages/airflow/example_dags/example_task_group.py took 0.065 seconds
[2024-06-14T12:15:07.927+0000] {processor.py:161} INFO - Started process (PID=1065) to work on /home/airflow/.local/lib/python3.12/site-packages/airflow/example_dags/example_task_group.py
[2024-06-14T12:15:07.928+0000] {processor.py:830} INFO - Processing file /home/airflow/.local/lib/python3.12/site-packages/airflow/example_dags/example_task_group.py for tasks to queue
[2024-06-14T12:15:07.929+0000] {logging_mixin.py:188} INFO - [2024-06-14T12:15:07.929+0000] {dagbag.py:545} INFO - Filling up the DagBag from /home/airflow/.local/lib/python3.12/site-packages/airflow/example_dags/example_task_group.py
[2024-06-14T12:15:07.934+0000] {processor.py:840} INFO - DAG(s) 'example_task_group' retrieved from /home/airflow/.local/lib/python3.12/site-packages/airflow/example_dags/example_task_group.py
[2024-06-14T12:15:07.952+0000] {logging_mixin.py:188} INFO - [2024-06-14T12:15:07.952+0000] {dag.py:3096} INFO - Sync 1 DAGs
[2024-06-14T12:15:07.971+0000] {logging_mixin.py:188} INFO - [2024-06-14T12:15:07.971+0000] {dag.py:3954} INFO - Setting next_dagrun for example_task_group to 2024-06-13 00:00:00+00:00, run_after=2024-06-14 00:00:00+00:00
[2024-06-14T12:15:07.988+0000] {processor.py:183} INFO - Processing /home/airflow/.local/lib/python3.12/site-packages/airflow/example_dags/example_task_group.py took 0.065 seconds
[2024-06-14T12:15:38.172+0000] {processor.py:161} INFO - Started process (PID=1123) to work on /home/airflow/.local/lib/python3.12/site-packages/airflow/example_dags/example_task_group.py
[2024-06-14T12:15:38.173+0000] {processor.py:830} INFO - Processing file /home/airflow/.local/lib/python3.12/site-packages/airflow/example_dags/example_task_group.py for tasks to queue
[2024-06-14T12:15:38.174+0000] {logging_mixin.py:188} INFO - [2024-06-14T12:15:38.174+0000] {dagbag.py:545} INFO - Filling up the DagBag from /home/airflow/.local/lib/python3.12/site-packages/airflow/example_dags/example_task_group.py
[2024-06-14T12:15:38.179+0000] {processor.py:840} INFO - DAG(s) 'example_task_group' retrieved from /home/airflow/.local/lib/python3.12/site-packages/airflow/example_dags/example_task_group.py
[2024-06-14T12:15:38.194+0000] {logging_mixin.py:188} INFO - [2024-06-14T12:15:38.194+0000] {dag.py:3096} INFO - Sync 1 DAGs
[2024-06-14T12:15:38.209+0000] {logging_mixin.py:188} INFO - [2024-06-14T12:15:38.209+0000] {dag.py:3954} INFO - Setting next_dagrun for example_task_group to 2024-06-13 00:00:00+00:00, run_after=2024-06-14 00:00:00+00:00
[2024-06-14T12:15:38.223+0000] {processor.py:183} INFO - Processing /home/airflow/.local/lib/python3.12/site-packages/airflow/example_dags/example_task_group.py took 0.055 seconds
[2024-06-14T12:16:08.549+0000] {processor.py:161} INFO - Started process (PID=1181) to work on /home/airflow/.local/lib/python3.12/site-packages/airflow/example_dags/example_task_group.py
[2024-06-14T12:16:08.550+0000] {processor.py:830} INFO - Processing file /home/airflow/.local/lib/python3.12/site-packages/airflow/example_dags/example_task_group.py for tasks to queue
[2024-06-14T12:16:08.551+0000] {logging_mixin.py:188} INFO - [2024-06-14T12:16:08.551+0000] {dagbag.py:545} INFO - Filling up the DagBag from /home/airflow/.local/lib/python3.12/site-packages/airflow/example_dags/example_task_group.py
[2024-06-14T12:16:08.556+0000] {processor.py:840} INFO - DAG(s) 'example_task_group' retrieved from /home/airflow/.local/lib/python3.12/site-packages/airflow/example_dags/example_task_group.py
[2024-06-14T12:16:08.571+0000] {logging_mixin.py:188} INFO - [2024-06-14T12:16:08.571+0000] {dag.py:3096} INFO - Sync 1 DAGs
[2024-06-14T12:16:08.587+0000] {logging_mixin.py:188} INFO - [2024-06-14T12:16:08.587+0000] {dag.py:3954} INFO - Setting next_dagrun for example_task_group to 2024-06-13 00:00:00+00:00, run_after=2024-06-14 00:00:00+00:00
[2024-06-14T12:16:08.601+0000] {processor.py:183} INFO - Processing /home/airflow/.local/lib/python3.12/site-packages/airflow/example_dags/example_task_group.py took 0.055 seconds
[2024-06-14T12:16:38.924+0000] {processor.py:161} INFO - Started process (PID=1239) to work on /home/airflow/.local/lib/python3.12/site-packages/airflow/example_dags/example_task_group.py
[2024-06-14T12:16:38.925+0000] {processor.py:830} INFO - Processing file /home/airflow/.local/lib/python3.12/site-packages/airflow/example_dags/example_task_group.py for tasks to queue
[2024-06-14T12:16:38.926+0000] {logging_mixin.py:188} INFO - [2024-06-14T12:16:38.926+0000] {dagbag.py:545} INFO - Filling up the DagBag from /home/airflow/.local/lib/python3.12/site-packages/airflow/example_dags/example_task_group.py
[2024-06-14T12:16:38.931+0000] {processor.py:840} INFO - DAG(s) 'example_task_group' retrieved from /home/airflow/.local/lib/python3.12/site-packages/airflow/example_dags/example_task_group.py
[2024-06-14T12:16:38.946+0000] {logging_mixin.py:188} INFO - [2024-06-14T12:16:38.946+0000] {dag.py:3096} INFO - Sync 1 DAGs
[2024-06-14T12:16:38.962+0000] {logging_mixin.py:188} INFO - [2024-06-14T12:16:38.962+0000] {dag.py:3954} INFO - Setting next_dagrun for example_task_group to 2024-06-13 00:00:00+00:00, run_after=2024-06-14 00:00:00+00:00
[2024-06-14T12:16:38.978+0000] {processor.py:183} INFO - Processing /home/airflow/.local/lib/python3.12/site-packages/airflow/example_dags/example_task_group.py took 0.059 seconds
[2024-06-14T12:17:09.279+0000] {processor.py:161} INFO - Started process (PID=1297) to work on /home/airflow/.local/lib/python3.12/site-packages/airflow/example_dags/example_task_group.py
[2024-06-14T12:17:09.280+0000] {processor.py:830} INFO - Processing file /home/airflow/.local/lib/python3.12/site-packages/airflow/example_dags/example_task_group.py for tasks to queue
[2024-06-14T12:17:09.281+0000] {logging_mixin.py:188} INFO - [2024-06-14T12:17:09.281+0000] {dagbag.py:545} INFO - Filling up the DagBag from /home/airflow/.local/lib/python3.12/site-packages/airflow/example_dags/example_task_group.py
[2024-06-14T12:17:09.287+0000] {processor.py:840} INFO - DAG(s) 'example_task_group' retrieved from /home/airflow/.local/lib/python3.12/site-packages/airflow/example_dags/example_task_group.py
[2024-06-14T12:17:09.303+0000] {logging_mixin.py:188} INFO - [2024-06-14T12:17:09.303+0000] {dag.py:3096} INFO - Sync 1 DAGs
[2024-06-14T12:17:09.319+0000] {logging_mixin.py:188} INFO - [2024-06-14T12:17:09.319+0000] {dag.py:3954} INFO - Setting next_dagrun for example_task_group to 2024-06-13 00:00:00+00:00, run_after=2024-06-14 00:00:00+00:00
[2024-06-14T12:17:09.339+0000] {processor.py:183} INFO - Processing /home/airflow/.local/lib/python3.12/site-packages/airflow/example_dags/example_task_group.py took 0.065 seconds
[2024-06-14T12:17:39.687+0000] {processor.py:161} INFO - Started process (PID=1355) to work on /home/airflow/.local/lib/python3.12/site-packages/airflow/example_dags/example_task_group.py
[2024-06-14T12:17:39.687+0000] {processor.py:830} INFO - Processing file /home/airflow/.local/lib/python3.12/site-packages/airflow/example_dags/example_task_group.py for tasks to queue
[2024-06-14T12:17:39.689+0000] {logging_mixin.py:188} INFO - [2024-06-14T12:17:39.689+0000] {dagbag.py:545} INFO - Filling up the DagBag from /home/airflow/.local/lib/python3.12/site-packages/airflow/example_dags/example_task_group.py
[2024-06-14T12:17:39.695+0000] {processor.py:840} INFO - DAG(s) 'example_task_group' retrieved from /home/airflow/.local/lib/python3.12/site-packages/airflow/example_dags/example_task_group.py
[2024-06-14T12:17:39.711+0000] {logging_mixin.py:188} INFO - [2024-06-14T12:17:39.711+0000] {dag.py:3096} INFO - Sync 1 DAGs
[2024-06-14T12:17:39.726+0000] {logging_mixin.py:188} INFO - [2024-06-14T12:17:39.726+0000] {dag.py:3954} INFO - Setting next_dagrun for example_task_group to 2024-06-13 00:00:00+00:00, run_after=2024-06-14 00:00:00+00:00
[2024-06-14T12:17:39.740+0000] {processor.py:183} INFO - Processing /home/airflow/.local/lib/python3.12/site-packages/airflow/example_dags/example_task_group.py took 0.058 seconds
[2024-06-14T12:18:42.189+0000] {processor.py:161} INFO - Started process (PID=65) to work on /home/airflow/.local/lib/python3.12/site-packages/airflow/example_dags/example_task_group.py
[2024-06-14T12:18:42.189+0000] {processor.py:830} INFO - Processing file /home/airflow/.local/lib/python3.12/site-packages/airflow/example_dags/example_task_group.py for tasks to queue
[2024-06-14T12:18:42.193+0000] {logging_mixin.py:188} INFO - [2024-06-14T12:18:42.193+0000] {dagbag.py:545} INFO - Filling up the DagBag from /home/airflow/.local/lib/python3.12/site-packages/airflow/example_dags/example_task_group.py
[2024-06-14T12:18:42.199+0000] {processor.py:840} INFO - DAG(s) 'example_task_group' retrieved from /home/airflow/.local/lib/python3.12/site-packages/airflow/example_dags/example_task_group.py
[2024-06-14T12:18:42.208+0000] {logging_mixin.py:188} INFO - [2024-06-14T12:18:42.207+0000] {dag.py:3096} INFO - Sync 1 DAGs
[2024-06-14T12:18:42.235+0000] {logging_mixin.py:188} INFO - [2024-06-14T12:18:42.235+0000] {dag.py:3954} INFO - Setting next_dagrun for example_task_group to 2024-06-13 00:00:00+00:00, run_after=2024-06-14 00:00:00+00:00
[2024-06-14T12:18:42.252+0000] {processor.py:183} INFO - Processing /home/airflow/.local/lib/python3.12/site-packages/airflow/example_dags/example_task_group.py took 0.069 seconds
[2024-06-14T12:19:13.745+0000] {processor.py:161} INFO - Started process (PID=123) to work on /home/airflow/.local/lib/python3.12/site-packages/airflow/example_dags/example_task_group.py
[2024-06-14T12:19:13.745+0000] {processor.py:830} INFO - Processing file /home/airflow/.local/lib/python3.12/site-packages/airflow/example_dags/example_task_group.py for tasks to queue
[2024-06-14T12:19:13.747+0000] {logging_mixin.py:188} INFO - [2024-06-14T12:19:13.746+0000] {dagbag.py:545} INFO - Filling up the DagBag from /home/airflow/.local/lib/python3.12/site-packages/airflow/example_dags/example_task_group.py
[2024-06-14T12:19:13.752+0000] {processor.py:840} INFO - DAG(s) 'example_task_group' retrieved from /home/airflow/.local/lib/python3.12/site-packages/airflow/example_dags/example_task_group.py
[2024-06-14T12:19:13.830+0000] {logging_mixin.py:188} INFO - [2024-06-14T12:19:13.830+0000] {dag.py:3096} INFO - Sync 1 DAGs
[2024-06-14T12:19:13.844+0000] {logging_mixin.py:188} INFO - [2024-06-14T12:19:13.844+0000] {dag.py:3954} INFO - Setting next_dagrun for example_task_group to 2024-06-13 00:00:00+00:00, run_after=2024-06-14 00:00:00+00:00
[2024-06-14T12:19:13.860+0000] {processor.py:183} INFO - Processing /home/airflow/.local/lib/python3.12/site-packages/airflow/example_dags/example_task_group.py took 0.119 seconds
[2024-06-14T12:19:44.533+0000] {processor.py:161} INFO - Started process (PID=181) to work on /home/airflow/.local/lib/python3.12/site-packages/airflow/example_dags/example_task_group.py
[2024-06-14T12:19:44.534+0000] {processor.py:830} INFO - Processing file /home/airflow/.local/lib/python3.12/site-packages/airflow/example_dags/example_task_group.py for tasks to queue
[2024-06-14T12:19:44.535+0000] {logging_mixin.py:188} INFO - [2024-06-14T12:19:44.535+0000] {dagbag.py:545} INFO - Filling up the DagBag from /home/airflow/.local/lib/python3.12/site-packages/airflow/example_dags/example_task_group.py
[2024-06-14T12:19:44.541+0000] {processor.py:840} INFO - DAG(s) 'example_task_group' retrieved from /home/airflow/.local/lib/python3.12/site-packages/airflow/example_dags/example_task_group.py
[2024-06-14T12:19:44.556+0000] {logging_mixin.py:188} INFO - [2024-06-14T12:19:44.556+0000] {dag.py:3096} INFO - Sync 1 DAGs
[2024-06-14T12:19:44.575+0000] {logging_mixin.py:188} INFO - [2024-06-14T12:19:44.575+0000] {dag.py:3954} INFO - Setting next_dagrun for example_task_group to 2024-06-13 00:00:00+00:00, run_after=2024-06-14 00:00:00+00:00
[2024-06-14T12:19:44.589+0000] {processor.py:183} INFO - Processing /home/airflow/.local/lib/python3.12/site-packages/airflow/example_dags/example_task_group.py took 0.061 seconds
[2024-06-14T12:20:15.003+0000] {processor.py:161} INFO - Started process (PID=239) to work on /home/airflow/.local/lib/python3.12/site-packages/airflow/example_dags/example_task_group.py
[2024-06-14T12:20:15.004+0000] {processor.py:830} INFO - Processing file /home/airflow/.local/lib/python3.12/site-packages/airflow/example_dags/example_task_group.py for tasks to queue
[2024-06-14T12:20:15.005+0000] {logging_mixin.py:188} INFO - [2024-06-14T12:20:15.005+0000] {dagbag.py:545} INFO - Filling up the DagBag from /home/airflow/.local/lib/python3.12/site-packages/airflow/example_dags/example_task_group.py
[2024-06-14T12:20:15.011+0000] {processor.py:840} INFO - DAG(s) 'example_task_group' retrieved from /home/airflow/.local/lib/python3.12/site-packages/airflow/example_dags/example_task_group.py
[2024-06-14T12:20:15.027+0000] {logging_mixin.py:188} INFO - [2024-06-14T12:20:15.026+0000] {dag.py:3096} INFO - Sync 1 DAGs
[2024-06-14T12:20:15.042+0000] {logging_mixin.py:188} INFO - [2024-06-14T12:20:15.042+0000] {dag.py:3954} INFO - Setting next_dagrun for example_task_group to 2024-06-13 00:00:00+00:00, run_after=2024-06-14 00:00:00+00:00
[2024-06-14T12:20:15.057+0000] {processor.py:183} INFO - Processing /home/airflow/.local/lib/python3.12/site-packages/airflow/example_dags/example_task_group.py took 0.058 seconds
[2024-06-14T12:20:45.244+0000] {processor.py:161} INFO - Started process (PID=297) to work on /home/airflow/.local/lib/python3.12/site-packages/airflow/example_dags/example_task_group.py
[2024-06-14T12:20:45.245+0000] {processor.py:830} INFO - Processing file /home/airflow/.local/lib/python3.12/site-packages/airflow/example_dags/example_task_group.py for tasks to queue
[2024-06-14T12:20:45.246+0000] {logging_mixin.py:188} INFO - [2024-06-14T12:20:45.246+0000] {dagbag.py:545} INFO - Filling up the DagBag from /home/airflow/.local/lib/python3.12/site-packages/airflow/example_dags/example_task_group.py
[2024-06-14T12:20:45.252+0000] {processor.py:840} INFO - DAG(s) 'example_task_group' retrieved from /home/airflow/.local/lib/python3.12/site-packages/airflow/example_dags/example_task_group.py
[2024-06-14T12:20:45.266+0000] {logging_mixin.py:188} INFO - [2024-06-14T12:20:45.266+0000] {dag.py:3096} INFO - Sync 1 DAGs
[2024-06-14T12:20:45.286+0000] {logging_mixin.py:188} INFO - [2024-06-14T12:20:45.286+0000] {dag.py:3954} INFO - Setting next_dagrun for example_task_group to 2024-06-13 00:00:00+00:00, run_after=2024-06-14 00:00:00+00:00
[2024-06-14T12:20:45.302+0000] {processor.py:183} INFO - Processing /home/airflow/.local/lib/python3.12/site-packages/airflow/example_dags/example_task_group.py took 0.061 seconds
[2024-06-14T12:21:15.561+0000] {processor.py:161} INFO - Started process (PID=355) to work on /home/airflow/.local/lib/python3.12/site-packages/airflow/example_dags/example_task_group.py
[2024-06-14T12:21:15.562+0000] {processor.py:830} INFO - Processing file /home/airflow/.local/lib/python3.12/site-packages/airflow/example_dags/example_task_group.py for tasks to queue
[2024-06-14T12:21:15.564+0000] {logging_mixin.py:188} INFO - [2024-06-14T12:21:15.563+0000] {dagbag.py:545} INFO - Filling up the DagBag from /home/airflow/.local/lib/python3.12/site-packages/airflow/example_dags/example_task_group.py
[2024-06-14T12:21:15.569+0000] {processor.py:840} INFO - DAG(s) 'example_task_group' retrieved from /home/airflow/.local/lib/python3.12/site-packages/airflow/example_dags/example_task_group.py
[2024-06-14T12:21:15.585+0000] {logging_mixin.py:188} INFO - [2024-06-14T12:21:15.585+0000] {dag.py:3096} INFO - Sync 1 DAGs
[2024-06-14T12:21:15.603+0000] {logging_mixin.py:188} INFO - [2024-06-14T12:21:15.602+0000] {dag.py:3954} INFO - Setting next_dagrun for example_task_group to 2024-06-13 00:00:00+00:00, run_after=2024-06-14 00:00:00+00:00
[2024-06-14T12:21:15.618+0000] {processor.py:183} INFO - Processing /home/airflow/.local/lib/python3.12/site-packages/airflow/example_dags/example_task_group.py took 0.061 seconds
[2024-06-14T12:21:46.012+0000] {processor.py:161} INFO - Started process (PID=413) to work on /home/airflow/.local/lib/python3.12/site-packages/airflow/example_dags/example_task_group.py
[2024-06-14T12:21:46.012+0000] {processor.py:830} INFO - Processing file /home/airflow/.local/lib/python3.12/site-packages/airflow/example_dags/example_task_group.py for tasks to queue
[2024-06-14T12:21:46.014+0000] {logging_mixin.py:188} INFO - [2024-06-14T12:21:46.014+0000] {dagbag.py:545} INFO - Filling up the DagBag from /home/airflow/.local/lib/python3.12/site-packages/airflow/example_dags/example_task_group.py
[2024-06-14T12:21:46.019+0000] {processor.py:840} INFO - DAG(s) 'example_task_group' retrieved from /home/airflow/.local/lib/python3.12/site-packages/airflow/example_dags/example_task_group.py
[2024-06-14T12:21:46.035+0000] {logging_mixin.py:188} INFO - [2024-06-14T12:21:46.035+0000] {dag.py:3096} INFO - Sync 1 DAGs
[2024-06-14T12:21:46.055+0000] {logging_mixin.py:188} INFO - [2024-06-14T12:21:46.054+0000] {dag.py:3954} INFO - Setting next_dagrun for example_task_group to 2024-06-13 00:00:00+00:00, run_after=2024-06-14 00:00:00+00:00
[2024-06-14T12:21:46.070+0000] {processor.py:183} INFO - Processing /home/airflow/.local/lib/python3.12/site-packages/airflow/example_dags/example_task_group.py took 0.063 seconds
[2024-06-14T12:22:16.406+0000] {processor.py:161} INFO - Started process (PID=472) to work on /home/airflow/.local/lib/python3.12/site-packages/airflow/example_dags/example_task_group.py
[2024-06-14T12:22:16.407+0000] {processor.py:830} INFO - Processing file /home/airflow/.local/lib/python3.12/site-packages/airflow/example_dags/example_task_group.py for tasks to queue
[2024-06-14T12:22:16.408+0000] {logging_mixin.py:188} INFO - [2024-06-14T12:22:16.408+0000] {dagbag.py:545} INFO - Filling up the DagBag from /home/airflow/.local/lib/python3.12/site-packages/airflow/example_dags/example_task_group.py
[2024-06-14T12:22:16.414+0000] {processor.py:840} INFO - DAG(s) 'example_task_group' retrieved from /home/airflow/.local/lib/python3.12/site-packages/airflow/example_dags/example_task_group.py
[2024-06-14T12:22:16.429+0000] {logging_mixin.py:188} INFO - [2024-06-14T12:22:16.429+0000] {dag.py:3096} INFO - Sync 1 DAGs
[2024-06-14T12:22:16.446+0000] {logging_mixin.py:188} INFO - [2024-06-14T12:22:16.446+0000] {dag.py:3954} INFO - Setting next_dagrun for example_task_group to 2024-06-13 00:00:00+00:00, run_after=2024-06-14 00:00:00+00:00
[2024-06-14T12:22:16.463+0000] {processor.py:183} INFO - Processing /home/airflow/.local/lib/python3.12/site-packages/airflow/example_dags/example_task_group.py took 0.061 seconds
[2024-06-14T12:22:46.770+0000] {processor.py:161} INFO - Started process (PID=530) to work on /home/airflow/.local/lib/python3.12/site-packages/airflow/example_dags/example_task_group.py
[2024-06-14T12:22:46.771+0000] {processor.py:830} INFO - Processing file /home/airflow/.local/lib/python3.12/site-packages/airflow/example_dags/example_task_group.py for tasks to queue
[2024-06-14T12:22:46.773+0000] {logging_mixin.py:188} INFO - [2024-06-14T12:22:46.772+0000] {dagbag.py:545} INFO - Filling up the DagBag from /home/airflow/.local/lib/python3.12/site-packages/airflow/example_dags/example_task_group.py
[2024-06-14T12:22:46.778+0000] {processor.py:840} INFO - DAG(s) 'example_task_group' retrieved from /home/airflow/.local/lib/python3.12/site-packages/airflow/example_dags/example_task_group.py
[2024-06-14T12:22:46.794+0000] {logging_mixin.py:188} INFO - [2024-06-14T12:22:46.794+0000] {dag.py:3096} INFO - Sync 1 DAGs
[2024-06-14T12:22:46.810+0000] {logging_mixin.py:188} INFO - [2024-06-14T12:22:46.810+0000] {dag.py:3954} INFO - Setting next_dagrun for example_task_group to 2024-06-13 00:00:00+00:00, run_after=2024-06-14 00:00:00+00:00
[2024-06-14T12:22:46.825+0000] {processor.py:183} INFO - Processing /home/airflow/.local/lib/python3.12/site-packages/airflow/example_dags/example_task_group.py took 0.059 seconds
[2024-06-14T12:23:17.132+0000] {processor.py:161} INFO - Started process (PID=588) to work on /home/airflow/.local/lib/python3.12/site-packages/airflow/example_dags/example_task_group.py
[2024-06-14T12:23:17.133+0000] {processor.py:830} INFO - Processing file /home/airflow/.local/lib/python3.12/site-packages/airflow/example_dags/example_task_group.py for tasks to queue
[2024-06-14T12:23:17.135+0000] {logging_mixin.py:188} INFO - [2024-06-14T12:23:17.134+0000] {dagbag.py:545} INFO - Filling up the DagBag from /home/airflow/.local/lib/python3.12/site-packages/airflow/example_dags/example_task_group.py
[2024-06-14T12:23:17.140+0000] {processor.py:840} INFO - DAG(s) 'example_task_group' retrieved from /home/airflow/.local/lib/python3.12/site-packages/airflow/example_dags/example_task_group.py
[2024-06-14T12:23:17.156+0000] {logging_mixin.py:188} INFO - [2024-06-14T12:23:17.155+0000] {dag.py:3096} INFO - Sync 1 DAGs
[2024-06-14T12:23:17.172+0000] {logging_mixin.py:188} INFO - [2024-06-14T12:23:17.172+0000] {dag.py:3954} INFO - Setting next_dagrun for example_task_group to 2024-06-13 00:00:00+00:00, run_after=2024-06-14 00:00:00+00:00
[2024-06-14T12:23:17.188+0000] {processor.py:183} INFO - Processing /home/airflow/.local/lib/python3.12/site-packages/airflow/example_dags/example_task_group.py took 0.060 seconds
[2024-06-14T12:23:47.625+0000] {processor.py:161} INFO - Started process (PID=646) to work on /home/airflow/.local/lib/python3.12/site-packages/airflow/example_dags/example_task_group.py
[2024-06-14T12:23:47.625+0000] {processor.py:830} INFO - Processing file /home/airflow/.local/lib/python3.12/site-packages/airflow/example_dags/example_task_group.py for tasks to queue
[2024-06-14T12:23:47.627+0000] {logging_mixin.py:188} INFO - [2024-06-14T12:23:47.627+0000] {dagbag.py:545} INFO - Filling up the DagBag from /home/airflow/.local/lib/python3.12/site-packages/airflow/example_dags/example_task_group.py
[2024-06-14T12:23:47.633+0000] {processor.py:840} INFO - DAG(s) 'example_task_group' retrieved from /home/airflow/.local/lib/python3.12/site-packages/airflow/example_dags/example_task_group.py
[2024-06-14T12:23:47.650+0000] {logging_mixin.py:188} INFO - [2024-06-14T12:23:47.650+0000] {dag.py:3096} INFO - Sync 1 DAGs
[2024-06-14T12:23:47.665+0000] {logging_mixin.py:188} INFO - [2024-06-14T12:23:47.665+0000] {dag.py:3954} INFO - Setting next_dagrun for example_task_group to 2024-06-13 00:00:00+00:00, run_after=2024-06-14 00:00:00+00:00
[2024-06-14T12:23:47.680+0000] {processor.py:183} INFO - Processing /home/airflow/.local/lib/python3.12/site-packages/airflow/example_dags/example_task_group.py took 0.061 seconds
[2024-06-14T12:24:17.898+0000] {processor.py:161} INFO - Started process (PID=705) to work on /home/airflow/.local/lib/python3.12/site-packages/airflow/example_dags/example_task_group.py
[2024-06-14T12:24:17.899+0000] {processor.py:830} INFO - Processing file /home/airflow/.local/lib/python3.12/site-packages/airflow/example_dags/example_task_group.py for tasks to queue
[2024-06-14T12:24:17.900+0000] {logging_mixin.py:188} INFO - [2024-06-14T12:24:17.900+0000] {dagbag.py:545} INFO - Filling up the DagBag from /home/airflow/.local/lib/python3.12/site-packages/airflow/example_dags/example_task_group.py
[2024-06-14T12:24:17.906+0000] {processor.py:840} INFO - DAG(s) 'example_task_group' retrieved from /home/airflow/.local/lib/python3.12/site-packages/airflow/example_dags/example_task_group.py
[2024-06-14T12:24:17.923+0000] {logging_mixin.py:188} INFO - [2024-06-14T12:24:17.922+0000] {dag.py:3096} INFO - Sync 1 DAGs
[2024-06-14T12:24:17.938+0000] {logging_mixin.py:188} INFO - [2024-06-14T12:24:17.938+0000] {dag.py:3954} INFO - Setting next_dagrun for example_task_group to 2024-06-13 00:00:00+00:00, run_after=2024-06-14 00:00:00+00:00
[2024-06-14T12:24:17.954+0000] {processor.py:183} INFO - Processing /home/airflow/.local/lib/python3.12/site-packages/airflow/example_dags/example_task_group.py took 0.060 seconds
[2024-06-14T12:24:48.099+0000] {processor.py:161} INFO - Started process (PID=763) to work on /home/airflow/.local/lib/python3.12/site-packages/airflow/example_dags/example_task_group.py
[2024-06-14T12:24:48.100+0000] {processor.py:830} INFO - Processing file /home/airflow/.local/lib/python3.12/site-packages/airflow/example_dags/example_task_group.py for tasks to queue
[2024-06-14T12:24:48.101+0000] {logging_mixin.py:188} INFO - [2024-06-14T12:24:48.101+0000] {dagbag.py:545} INFO - Filling up the DagBag from /home/airflow/.local/lib/python3.12/site-packages/airflow/example_dags/example_task_group.py
[2024-06-14T12:24:48.106+0000] {processor.py:840} INFO - DAG(s) 'example_task_group' retrieved from /home/airflow/.local/lib/python3.12/site-packages/airflow/example_dags/example_task_group.py
[2024-06-14T12:24:48.122+0000] {logging_mixin.py:188} INFO - [2024-06-14T12:24:48.122+0000] {dag.py:3096} INFO - Sync 1 DAGs
[2024-06-14T12:24:48.138+0000] {logging_mixin.py:188} INFO - [2024-06-14T12:24:48.138+0000] {dag.py:3954} INFO - Setting next_dagrun for example_task_group to 2024-06-13 00:00:00+00:00, run_after=2024-06-14 00:00:00+00:00
[2024-06-14T12:24:48.153+0000] {processor.py:183} INFO - Processing /home/airflow/.local/lib/python3.12/site-packages/airflow/example_dags/example_task_group.py took 0.057 seconds
[2024-06-14T12:25:18.483+0000] {processor.py:161} INFO - Started process (PID=821) to work on /home/airflow/.local/lib/python3.12/site-packages/airflow/example_dags/example_task_group.py
[2024-06-14T12:25:18.484+0000] {processor.py:830} INFO - Processing file /home/airflow/.local/lib/python3.12/site-packages/airflow/example_dags/example_task_group.py for tasks to queue
[2024-06-14T12:25:18.485+0000] {logging_mixin.py:188} INFO - [2024-06-14T12:25:18.485+0000] {dagbag.py:545} INFO - Filling up the DagBag from /home/airflow/.local/lib/python3.12/site-packages/airflow/example_dags/example_task_group.py
[2024-06-14T12:25:18.491+0000] {processor.py:840} INFO - DAG(s) 'example_task_group' retrieved from /home/airflow/.local/lib/python3.12/site-packages/airflow/example_dags/example_task_group.py
[2024-06-14T12:25:18.510+0000] {logging_mixin.py:188} INFO - [2024-06-14T12:25:18.510+0000] {dag.py:3096} INFO - Sync 1 DAGs
[2024-06-14T12:25:18.529+0000] {logging_mixin.py:188} INFO - [2024-06-14T12:25:18.529+0000] {dag.py:3954} INFO - Setting next_dagrun for example_task_group to 2024-06-13 00:00:00+00:00, run_after=2024-06-14 00:00:00+00:00
[2024-06-14T12:25:18.548+0000] {processor.py:183} INFO - Processing /home/airflow/.local/lib/python3.12/site-packages/airflow/example_dags/example_task_group.py took 0.070 seconds
[2024-06-14T12:25:48.885+0000] {processor.py:161} INFO - Started process (PID=879) to work on /home/airflow/.local/lib/python3.12/site-packages/airflow/example_dags/example_task_group.py
[2024-06-14T12:25:48.886+0000] {processor.py:830} INFO - Processing file /home/airflow/.local/lib/python3.12/site-packages/airflow/example_dags/example_task_group.py for tasks to queue
[2024-06-14T12:25:48.887+0000] {logging_mixin.py:188} INFO - [2024-06-14T12:25:48.887+0000] {dagbag.py:545} INFO - Filling up the DagBag from /home/airflow/.local/lib/python3.12/site-packages/airflow/example_dags/example_task_group.py
[2024-06-14T12:25:48.893+0000] {processor.py:840} INFO - DAG(s) 'example_task_group' retrieved from /home/airflow/.local/lib/python3.12/site-packages/airflow/example_dags/example_task_group.py
[2024-06-14T12:25:48.911+0000] {logging_mixin.py:188} INFO - [2024-06-14T12:25:48.910+0000] {dag.py:3096} INFO - Sync 1 DAGs
[2024-06-14T12:25:48.931+0000] {logging_mixin.py:188} INFO - [2024-06-14T12:25:48.930+0000] {dag.py:3954} INFO - Setting next_dagrun for example_task_group to 2024-06-13 00:00:00+00:00, run_after=2024-06-14 00:00:00+00:00
[2024-06-14T12:25:48.948+0000] {processor.py:183} INFO - Processing /home/airflow/.local/lib/python3.12/site-packages/airflow/example_dags/example_task_group.py took 0.068 seconds
[2024-06-14T12:26:19.273+0000] {processor.py:161} INFO - Started process (PID=937) to work on /home/airflow/.local/lib/python3.12/site-packages/airflow/example_dags/example_task_group.py
[2024-06-14T12:26:19.274+0000] {processor.py:830} INFO - Processing file /home/airflow/.local/lib/python3.12/site-packages/airflow/example_dags/example_task_group.py for tasks to queue
[2024-06-14T12:26:19.275+0000] {logging_mixin.py:188} INFO - [2024-06-14T12:26:19.275+0000] {dagbag.py:545} INFO - Filling up the DagBag from /home/airflow/.local/lib/python3.12/site-packages/airflow/example_dags/example_task_group.py
[2024-06-14T12:26:19.280+0000] {processor.py:840} INFO - DAG(s) 'example_task_group' retrieved from /home/airflow/.local/lib/python3.12/site-packages/airflow/example_dags/example_task_group.py
[2024-06-14T12:26:19.296+0000] {logging_mixin.py:188} INFO - [2024-06-14T12:26:19.296+0000] {dag.py:3096} INFO - Sync 1 DAGs
[2024-06-14T12:26:19.311+0000] {logging_mixin.py:188} INFO - [2024-06-14T12:26:19.311+0000] {dag.py:3954} INFO - Setting next_dagrun for example_task_group to 2024-06-13 00:00:00+00:00, run_after=2024-06-14 00:00:00+00:00
[2024-06-14T12:26:19.325+0000] {processor.py:183} INFO - Processing /home/airflow/.local/lib/python3.12/site-packages/airflow/example_dags/example_task_group.py took 0.055 seconds
[2024-06-14T12:26:49.532+0000] {processor.py:161} INFO - Started process (PID=995) to work on /home/airflow/.local/lib/python3.12/site-packages/airflow/example_dags/example_task_group.py
[2024-06-14T12:26:49.533+0000] {processor.py:830} INFO - Processing file /home/airflow/.local/lib/python3.12/site-packages/airflow/example_dags/example_task_group.py for tasks to queue
[2024-06-14T12:26:49.534+0000] {logging_mixin.py:188} INFO - [2024-06-14T12:26:49.534+0000] {dagbag.py:545} INFO - Filling up the DagBag from /home/airflow/.local/lib/python3.12/site-packages/airflow/example_dags/example_task_group.py
[2024-06-14T12:26:49.539+0000] {processor.py:840} INFO - DAG(s) 'example_task_group' retrieved from /home/airflow/.local/lib/python3.12/site-packages/airflow/example_dags/example_task_group.py
[2024-06-14T12:26:49.556+0000] {logging_mixin.py:188} INFO - [2024-06-14T12:26:49.556+0000] {dag.py:3096} INFO - Sync 1 DAGs
[2024-06-14T12:26:49.576+0000] {logging_mixin.py:188} INFO - [2024-06-14T12:26:49.576+0000] {dag.py:3954} INFO - Setting next_dagrun for example_task_group to 2024-06-13 00:00:00+00:00, run_after=2024-06-14 00:00:00+00:00
[2024-06-14T12:26:49.591+0000] {processor.py:183} INFO - Processing /home/airflow/.local/lib/python3.12/site-packages/airflow/example_dags/example_task_group.py took 0.064 seconds
[2024-06-14T12:27:19.735+0000] {processor.py:161} INFO - Started process (PID=1053) to work on /home/airflow/.local/lib/python3.12/site-packages/airflow/example_dags/example_task_group.py
[2024-06-14T12:27:19.735+0000] {processor.py:830} INFO - Processing file /home/airflow/.local/lib/python3.12/site-packages/airflow/example_dags/example_task_group.py for tasks to queue
[2024-06-14T12:27:19.737+0000] {logging_mixin.py:188} INFO - [2024-06-14T12:27:19.737+0000] {dagbag.py:545} INFO - Filling up the DagBag from /home/airflow/.local/lib/python3.12/site-packages/airflow/example_dags/example_task_group.py
[2024-06-14T12:27:19.743+0000] {processor.py:840} INFO - DAG(s) 'example_task_group' retrieved from /home/airflow/.local/lib/python3.12/site-packages/airflow/example_dags/example_task_group.py
[2024-06-14T12:27:19.760+0000] {logging_mixin.py:188} INFO - [2024-06-14T12:27:19.760+0000] {dag.py:3096} INFO - Sync 1 DAGs
[2024-06-14T12:27:19.779+0000] {logging_mixin.py:188} INFO - [2024-06-14T12:27:19.779+0000] {dag.py:3954} INFO - Setting next_dagrun for example_task_group to 2024-06-13 00:00:00+00:00, run_after=2024-06-14 00:00:00+00:00
[2024-06-14T12:27:19.794+0000] {processor.py:183} INFO - Processing /home/airflow/.local/lib/python3.12/site-packages/airflow/example_dags/example_task_group.py took 0.063 seconds
[2024-06-14T12:27:49.960+0000] {processor.py:161} INFO - Started process (PID=1111) to work on /home/airflow/.local/lib/python3.12/site-packages/airflow/example_dags/example_task_group.py
[2024-06-14T12:27:49.961+0000] {processor.py:830} INFO - Processing file /home/airflow/.local/lib/python3.12/site-packages/airflow/example_dags/example_task_group.py for tasks to queue
[2024-06-14T12:27:49.962+0000] {logging_mixin.py:188} INFO - [2024-06-14T12:27:49.962+0000] {dagbag.py:545} INFO - Filling up the DagBag from /home/airflow/.local/lib/python3.12/site-packages/airflow/example_dags/example_task_group.py
[2024-06-14T12:27:49.968+0000] {processor.py:840} INFO - DAG(s) 'example_task_group' retrieved from /home/airflow/.local/lib/python3.12/site-packages/airflow/example_dags/example_task_group.py
[2024-06-14T12:27:49.987+0000] {logging_mixin.py:188} INFO - [2024-06-14T12:27:49.987+0000] {dag.py:3096} INFO - Sync 1 DAGs
[2024-06-14T12:27:50.003+0000] {logging_mixin.py:188} INFO - [2024-06-14T12:27:50.003+0000] {dag.py:3954} INFO - Setting next_dagrun for example_task_group to 2024-06-13 00:00:00+00:00, run_after=2024-06-14 00:00:00+00:00
[2024-06-14T12:27:50.019+0000] {processor.py:183} INFO - Processing /home/airflow/.local/lib/python3.12/site-packages/airflow/example_dags/example_task_group.py took 0.062 seconds
[2024-06-14T12:28:20.181+0000] {processor.py:161} INFO - Started process (PID=1169) to work on /home/airflow/.local/lib/python3.12/site-packages/airflow/example_dags/example_task_group.py
[2024-06-14T12:28:20.182+0000] {processor.py:830} INFO - Processing file /home/airflow/.local/lib/python3.12/site-packages/airflow/example_dags/example_task_group.py for tasks to queue
[2024-06-14T12:28:20.183+0000] {logging_mixin.py:188} INFO - [2024-06-14T12:28:20.183+0000] {dagbag.py:545} INFO - Filling up the DagBag from /home/airflow/.local/lib/python3.12/site-packages/airflow/example_dags/example_task_group.py
[2024-06-14T12:28:20.189+0000] {processor.py:840} INFO - DAG(s) 'example_task_group' retrieved from /home/airflow/.local/lib/python3.12/site-packages/airflow/example_dags/example_task_group.py
[2024-06-14T12:28:20.206+0000] {logging_mixin.py:188} INFO - [2024-06-14T12:28:20.206+0000] {dag.py:3096} INFO - Sync 1 DAGs
[2024-06-14T12:28:20.223+0000] {logging_mixin.py:188} INFO - [2024-06-14T12:28:20.222+0000] {dag.py:3954} INFO - Setting next_dagrun for example_task_group to 2024-06-13 00:00:00+00:00, run_after=2024-06-14 00:00:00+00:00
[2024-06-14T12:28:20.236+0000] {processor.py:183} INFO - Processing /home/airflow/.local/lib/python3.12/site-packages/airflow/example_dags/example_task_group.py took 0.058 seconds
[2024-06-14T12:28:50.538+0000] {processor.py:161} INFO - Started process (PID=1227) to work on /home/airflow/.local/lib/python3.12/site-packages/airflow/example_dags/example_task_group.py
[2024-06-14T12:28:50.538+0000] {processor.py:830} INFO - Processing file /home/airflow/.local/lib/python3.12/site-packages/airflow/example_dags/example_task_group.py for tasks to queue
[2024-06-14T12:28:50.540+0000] {logging_mixin.py:188} INFO - [2024-06-14T12:28:50.539+0000] {dagbag.py:545} INFO - Filling up the DagBag from /home/airflow/.local/lib/python3.12/site-packages/airflow/example_dags/example_task_group.py
[2024-06-14T12:28:50.544+0000] {processor.py:840} INFO - DAG(s) 'example_task_group' retrieved from /home/airflow/.local/lib/python3.12/site-packages/airflow/example_dags/example_task_group.py
[2024-06-14T12:28:50.562+0000] {logging_mixin.py:188} INFO - [2024-06-14T12:28:50.562+0000] {dag.py:3096} INFO - Sync 1 DAGs
[2024-06-14T12:28:50.579+0000] {logging_mixin.py:188} INFO - [2024-06-14T12:28:50.579+0000] {dag.py:3954} INFO - Setting next_dagrun for example_task_group to 2024-06-13 00:00:00+00:00, run_after=2024-06-14 00:00:00+00:00
[2024-06-14T12:28:50.598+0000] {processor.py:183} INFO - Processing /home/airflow/.local/lib/python3.12/site-packages/airflow/example_dags/example_task_group.py took 0.064 seconds
[2024-06-14T12:29:20.920+0000] {processor.py:161} INFO - Started process (PID=1285) to work on /home/airflow/.local/lib/python3.12/site-packages/airflow/example_dags/example_task_group.py
[2024-06-14T12:29:20.921+0000] {processor.py:830} INFO - Processing file /home/airflow/.local/lib/python3.12/site-packages/airflow/example_dags/example_task_group.py for tasks to queue
[2024-06-14T12:29:20.922+0000] {logging_mixin.py:188} INFO - [2024-06-14T12:29:20.922+0000] {dagbag.py:545} INFO - Filling up the DagBag from /home/airflow/.local/lib/python3.12/site-packages/airflow/example_dags/example_task_group.py
[2024-06-14T12:29:20.926+0000] {processor.py:840} INFO - DAG(s) 'example_task_group' retrieved from /home/airflow/.local/lib/python3.12/site-packages/airflow/example_dags/example_task_group.py
[2024-06-14T12:29:20.941+0000] {logging_mixin.py:188} INFO - [2024-06-14T12:29:20.941+0000] {dag.py:3096} INFO - Sync 1 DAGs
[2024-06-14T12:29:20.957+0000] {logging_mixin.py:188} INFO - [2024-06-14T12:29:20.957+0000] {dag.py:3954} INFO - Setting next_dagrun for example_task_group to 2024-06-13 00:00:00+00:00, run_after=2024-06-14 00:00:00+00:00
[2024-06-14T12:29:20.969+0000] {processor.py:183} INFO - Processing /home/airflow/.local/lib/python3.12/site-packages/airflow/example_dags/example_task_group.py took 0.053 seconds
[2024-06-14T12:29:51.151+0000] {processor.py:161} INFO - Started process (PID=1343) to work on /home/airflow/.local/lib/python3.12/site-packages/airflow/example_dags/example_task_group.py
[2024-06-14T12:29:51.151+0000] {processor.py:830} INFO - Processing file /home/airflow/.local/lib/python3.12/site-packages/airflow/example_dags/example_task_group.py for tasks to queue
[2024-06-14T12:29:51.153+0000] {logging_mixin.py:188} INFO - [2024-06-14T12:29:51.153+0000] {dagbag.py:545} INFO - Filling up the DagBag from /home/airflow/.local/lib/python3.12/site-packages/airflow/example_dags/example_task_group.py
[2024-06-14T12:29:51.158+0000] {processor.py:840} INFO - DAG(s) 'example_task_group' retrieved from /home/airflow/.local/lib/python3.12/site-packages/airflow/example_dags/example_task_group.py
[2024-06-14T12:29:51.174+0000] {logging_mixin.py:188} INFO - [2024-06-14T12:29:51.174+0000] {dag.py:3096} INFO - Sync 1 DAGs
[2024-06-14T12:29:51.191+0000] {logging_mixin.py:188} INFO - [2024-06-14T12:29:51.191+0000] {dag.py:3954} INFO - Setting next_dagrun for example_task_group to 2024-06-13 00:00:00+00:00, run_after=2024-06-14 00:00:00+00:00
[2024-06-14T12:29:51.204+0000] {processor.py:183} INFO - Processing /home/airflow/.local/lib/python3.12/site-packages/airflow/example_dags/example_task_group.py took 0.057 seconds
[2024-06-14T12:30:21.516+0000] {processor.py:161} INFO - Started process (PID=1401) to work on /home/airflow/.local/lib/python3.12/site-packages/airflow/example_dags/example_task_group.py
[2024-06-14T12:30:21.517+0000] {processor.py:830} INFO - Processing file /home/airflow/.local/lib/python3.12/site-packages/airflow/example_dags/example_task_group.py for tasks to queue
[2024-06-14T12:30:21.518+0000] {logging_mixin.py:188} INFO - [2024-06-14T12:30:21.518+0000] {dagbag.py:545} INFO - Filling up the DagBag from /home/airflow/.local/lib/python3.12/site-packages/airflow/example_dags/example_task_group.py
[2024-06-14T12:30:21.523+0000] {processor.py:840} INFO - DAG(s) 'example_task_group' retrieved from /home/airflow/.local/lib/python3.12/site-packages/airflow/example_dags/example_task_group.py
[2024-06-14T12:30:21.539+0000] {logging_mixin.py:188} INFO - [2024-06-14T12:30:21.538+0000] {dag.py:3096} INFO - Sync 1 DAGs
[2024-06-14T12:30:21.555+0000] {logging_mixin.py:188} INFO - [2024-06-14T12:30:21.555+0000] {dag.py:3954} INFO - Setting next_dagrun for example_task_group to 2024-06-13 00:00:00+00:00, run_after=2024-06-14 00:00:00+00:00
[2024-06-14T12:30:21.571+0000] {processor.py:183} INFO - Processing /home/airflow/.local/lib/python3.12/site-packages/airflow/example_dags/example_task_group.py took 0.059 seconds
[2024-06-14T12:30:51.886+0000] {processor.py:161} INFO - Started process (PID=1459) to work on /home/airflow/.local/lib/python3.12/site-packages/airflow/example_dags/example_task_group.py
[2024-06-14T12:30:51.887+0000] {processor.py:830} INFO - Processing file /home/airflow/.local/lib/python3.12/site-packages/airflow/example_dags/example_task_group.py for tasks to queue
[2024-06-14T12:30:51.889+0000] {logging_mixin.py:188} INFO - [2024-06-14T12:30:51.888+0000] {dagbag.py:545} INFO - Filling up the DagBag from /home/airflow/.local/lib/python3.12/site-packages/airflow/example_dags/example_task_group.py
[2024-06-14T12:30:51.894+0000] {processor.py:840} INFO - DAG(s) 'example_task_group' retrieved from /home/airflow/.local/lib/python3.12/site-packages/airflow/example_dags/example_task_group.py
[2024-06-14T12:30:51.910+0000] {logging_mixin.py:188} INFO - [2024-06-14T12:30:51.910+0000] {dag.py:3096} INFO - Sync 1 DAGs
[2024-06-14T12:30:51.929+0000] {logging_mixin.py:188} INFO - [2024-06-14T12:30:51.928+0000] {dag.py:3954} INFO - Setting next_dagrun for example_task_group to 2024-06-13 00:00:00+00:00, run_after=2024-06-14 00:00:00+00:00
[2024-06-14T12:30:51.944+0000] {processor.py:183} INFO - Processing /home/airflow/.local/lib/python3.12/site-packages/airflow/example_dags/example_task_group.py took 0.062 seconds
