[2024-06-14T12:06:31.975+0000] {processor.py:161} INFO - Started process (PID=72) to work on /home/airflow/.local/lib/python3.12/site-packages/airflow/example_dags/example_local_kubernetes_executor.py
[2024-06-14T12:06:31.976+0000] {processor.py:830} INFO - Processing file /home/airflow/.local/lib/python3.12/site-packages/airflow/example_dags/example_local_kubernetes_executor.py for tasks to queue
[2024-06-14T12:06:31.978+0000] {logging_mixin.py:188} INFO - [2024-06-14T12:06:31.978+0000] {dagbag.py:545} INFO - Filling up the DagBag from /home/airflow/.local/lib/python3.12/site-packages/airflow/example_dags/example_local_kubernetes_executor.py
[2024-06-14T12:06:31.986+0000] {processor.py:840} INFO - DAG(s) 'example_local_kubernetes_executor' retrieved from /home/airflow/.local/lib/python3.12/site-packages/airflow/example_dags/example_local_kubernetes_executor.py
[2024-06-14T12:06:31.998+0000] {logging_mixin.py:188} INFO - [2024-06-14T12:06:31.997+0000] {dag.py:3096} INFO - Sync 1 DAGs
[2024-06-14T12:06:32.014+0000] {logging_mixin.py:188} INFO - [2024-06-14T12:06:32.014+0000] {dag.py:3954} INFO - Setting next_dagrun for example_local_kubernetes_executor to None, run_after=None
[2024-06-14T12:06:32.033+0000] {processor.py:183} INFO - Processing /home/airflow/.local/lib/python3.12/site-packages/airflow/example_dags/example_local_kubernetes_executor.py took 0.063 seconds
[2024-06-14T12:07:03.672+0000] {processor.py:161} INFO - Started process (PID=130) to work on /home/airflow/.local/lib/python3.12/site-packages/airflow/example_dags/example_local_kubernetes_executor.py
[2024-06-14T12:07:03.673+0000] {processor.py:830} INFO - Processing file /home/airflow/.local/lib/python3.12/site-packages/airflow/example_dags/example_local_kubernetes_executor.py for tasks to queue
[2024-06-14T12:07:03.675+0000] {logging_mixin.py:188} INFO - [2024-06-14T12:07:03.675+0000] {dagbag.py:545} INFO - Filling up the DagBag from /home/airflow/.local/lib/python3.12/site-packages/airflow/example_dags/example_local_kubernetes_executor.py
[2024-06-14T12:07:03.683+0000] {processor.py:840} INFO - DAG(s) 'example_local_kubernetes_executor' retrieved from /home/airflow/.local/lib/python3.12/site-packages/airflow/example_dags/example_local_kubernetes_executor.py
[2024-06-14T12:07:03.808+0000] {logging_mixin.py:188} INFO - [2024-06-14T12:07:03.808+0000] {dag.py:3096} INFO - Sync 1 DAGs
[2024-06-14T12:07:03.825+0000] {logging_mixin.py:188} INFO - [2024-06-14T12:07:03.824+0000] {dag.py:3954} INFO - Setting next_dagrun for example_local_kubernetes_executor to None, run_after=None
[2024-06-14T12:07:03.843+0000] {processor.py:183} INFO - Processing /home/airflow/.local/lib/python3.12/site-packages/airflow/example_dags/example_local_kubernetes_executor.py took 0.177 seconds
[2024-06-14T12:07:34.421+0000] {processor.py:161} INFO - Started process (PID=188) to work on /home/airflow/.local/lib/python3.12/site-packages/airflow/example_dags/example_local_kubernetes_executor.py
[2024-06-14T12:07:34.421+0000] {processor.py:830} INFO - Processing file /home/airflow/.local/lib/python3.12/site-packages/airflow/example_dags/example_local_kubernetes_executor.py for tasks to queue
[2024-06-14T12:07:34.423+0000] {logging_mixin.py:188} INFO - [2024-06-14T12:07:34.422+0000] {dagbag.py:545} INFO - Filling up the DagBag from /home/airflow/.local/lib/python3.12/site-packages/airflow/example_dags/example_local_kubernetes_executor.py
[2024-06-14T12:07:34.428+0000] {processor.py:840} INFO - DAG(s) 'example_local_kubernetes_executor' retrieved from /home/airflow/.local/lib/python3.12/site-packages/airflow/example_dags/example_local_kubernetes_executor.py
[2024-06-14T12:07:34.452+0000] {logging_mixin.py:188} INFO - [2024-06-14T12:07:34.452+0000] {dag.py:3096} INFO - Sync 1 DAGs
[2024-06-14T12:07:34.463+0000] {logging_mixin.py:188} INFO - [2024-06-14T12:07:34.463+0000] {dag.py:3954} INFO - Setting next_dagrun for example_local_kubernetes_executor to None, run_after=None
[2024-06-14T12:07:34.480+0000] {processor.py:183} INFO - Processing /home/airflow/.local/lib/python3.12/site-packages/airflow/example_dags/example_local_kubernetes_executor.py took 0.064 seconds
[2024-06-14T12:08:04.678+0000] {processor.py:161} INFO - Started process (PID=246) to work on /home/airflow/.local/lib/python3.12/site-packages/airflow/example_dags/example_local_kubernetes_executor.py
[2024-06-14T12:08:04.678+0000] {processor.py:830} INFO - Processing file /home/airflow/.local/lib/python3.12/site-packages/airflow/example_dags/example_local_kubernetes_executor.py for tasks to queue
[2024-06-14T12:08:04.680+0000] {logging_mixin.py:188} INFO - [2024-06-14T12:08:04.679+0000] {dagbag.py:545} INFO - Filling up the DagBag from /home/airflow/.local/lib/python3.12/site-packages/airflow/example_dags/example_local_kubernetes_executor.py
[2024-06-14T12:08:04.685+0000] {processor.py:840} INFO - DAG(s) 'example_local_kubernetes_executor' retrieved from /home/airflow/.local/lib/python3.12/site-packages/airflow/example_dags/example_local_kubernetes_executor.py
[2024-06-14T12:08:04.713+0000] {logging_mixin.py:188} INFO - [2024-06-14T12:08:04.712+0000] {dag.py:3096} INFO - Sync 1 DAGs
[2024-06-14T12:08:04.722+0000] {logging_mixin.py:188} INFO - [2024-06-14T12:08:04.722+0000] {dag.py:3954} INFO - Setting next_dagrun for example_local_kubernetes_executor to None, run_after=None
[2024-06-14T12:08:04.738+0000] {processor.py:183} INFO - Processing /home/airflow/.local/lib/python3.12/site-packages/airflow/example_dags/example_local_kubernetes_executor.py took 0.064 seconds
[2024-06-14T12:08:34.929+0000] {processor.py:161} INFO - Started process (PID=304) to work on /home/airflow/.local/lib/python3.12/site-packages/airflow/example_dags/example_local_kubernetes_executor.py
[2024-06-14T12:08:34.930+0000] {processor.py:830} INFO - Processing file /home/airflow/.local/lib/python3.12/site-packages/airflow/example_dags/example_local_kubernetes_executor.py for tasks to queue
[2024-06-14T12:08:34.933+0000] {logging_mixin.py:188} INFO - [2024-06-14T12:08:34.932+0000] {dagbag.py:545} INFO - Filling up the DagBag from /home/airflow/.local/lib/python3.12/site-packages/airflow/example_dags/example_local_kubernetes_executor.py
[2024-06-14T12:08:34.939+0000] {processor.py:840} INFO - DAG(s) 'example_local_kubernetes_executor' retrieved from /home/airflow/.local/lib/python3.12/site-packages/airflow/example_dags/example_local_kubernetes_executor.py
[2024-06-14T12:08:34.966+0000] {logging_mixin.py:188} INFO - [2024-06-14T12:08:34.966+0000] {dag.py:3096} INFO - Sync 1 DAGs
[2024-06-14T12:08:34.977+0000] {logging_mixin.py:188} INFO - [2024-06-14T12:08:34.977+0000] {dag.py:3954} INFO - Setting next_dagrun for example_local_kubernetes_executor to None, run_after=None
[2024-06-14T12:08:34.995+0000] {processor.py:183} INFO - Processing /home/airflow/.local/lib/python3.12/site-packages/airflow/example_dags/example_local_kubernetes_executor.py took 0.071 seconds
[2024-06-14T12:09:05.079+0000] {processor.py:161} INFO - Started process (PID=362) to work on /home/airflow/.local/lib/python3.12/site-packages/airflow/example_dags/example_local_kubernetes_executor.py
[2024-06-14T12:09:05.080+0000] {processor.py:830} INFO - Processing file /home/airflow/.local/lib/python3.12/site-packages/airflow/example_dags/example_local_kubernetes_executor.py for tasks to queue
[2024-06-14T12:09:05.081+0000] {logging_mixin.py:188} INFO - [2024-06-14T12:09:05.081+0000] {dagbag.py:545} INFO - Filling up the DagBag from /home/airflow/.local/lib/python3.12/site-packages/airflow/example_dags/example_local_kubernetes_executor.py
[2024-06-14T12:09:05.087+0000] {processor.py:840} INFO - DAG(s) 'example_local_kubernetes_executor' retrieved from /home/airflow/.local/lib/python3.12/site-packages/airflow/example_dags/example_local_kubernetes_executor.py
[2024-06-14T12:09:05.111+0000] {logging_mixin.py:188} INFO - [2024-06-14T12:09:05.111+0000] {dag.py:3096} INFO - Sync 1 DAGs
[2024-06-14T12:09:05.121+0000] {logging_mixin.py:188} INFO - [2024-06-14T12:09:05.121+0000] {dag.py:3954} INFO - Setting next_dagrun for example_local_kubernetes_executor to None, run_after=None
[2024-06-14T12:09:05.137+0000] {processor.py:183} INFO - Processing /home/airflow/.local/lib/python3.12/site-packages/airflow/example_dags/example_local_kubernetes_executor.py took 0.062 seconds
[2024-06-14T12:09:35.619+0000] {processor.py:161} INFO - Started process (PID=427) to work on /home/airflow/.local/lib/python3.12/site-packages/airflow/example_dags/example_local_kubernetes_executor.py
[2024-06-14T12:09:35.620+0000] {processor.py:830} INFO - Processing file /home/airflow/.local/lib/python3.12/site-packages/airflow/example_dags/example_local_kubernetes_executor.py for tasks to queue
[2024-06-14T12:09:35.621+0000] {logging_mixin.py:188} INFO - [2024-06-14T12:09:35.621+0000] {dagbag.py:545} INFO - Filling up the DagBag from /home/airflow/.local/lib/python3.12/site-packages/airflow/example_dags/example_local_kubernetes_executor.py
[2024-06-14T12:09:35.627+0000] {processor.py:840} INFO - DAG(s) 'example_local_kubernetes_executor' retrieved from /home/airflow/.local/lib/python3.12/site-packages/airflow/example_dags/example_local_kubernetes_executor.py
[2024-06-14T12:09:35.652+0000] {logging_mixin.py:188} INFO - [2024-06-14T12:09:35.652+0000] {dag.py:3096} INFO - Sync 1 DAGs
[2024-06-14T12:09:35.663+0000] {logging_mixin.py:188} INFO - [2024-06-14T12:09:35.663+0000] {dag.py:3954} INFO - Setting next_dagrun for example_local_kubernetes_executor to None, run_after=None
[2024-06-14T12:09:35.677+0000] {processor.py:183} INFO - Processing /home/airflow/.local/lib/python3.12/site-packages/airflow/example_dags/example_local_kubernetes_executor.py took 0.063 seconds
[2024-06-14T12:10:05.723+0000] {processor.py:161} INFO - Started process (PID=485) to work on /home/airflow/.local/lib/python3.12/site-packages/airflow/example_dags/example_local_kubernetes_executor.py
[2024-06-14T12:10:05.724+0000] {processor.py:830} INFO - Processing file /home/airflow/.local/lib/python3.12/site-packages/airflow/example_dags/example_local_kubernetes_executor.py for tasks to queue
[2024-06-14T12:10:05.725+0000] {logging_mixin.py:188} INFO - [2024-06-14T12:10:05.725+0000] {dagbag.py:545} INFO - Filling up the DagBag from /home/airflow/.local/lib/python3.12/site-packages/airflow/example_dags/example_local_kubernetes_executor.py
[2024-06-14T12:10:05.731+0000] {processor.py:840} INFO - DAG(s) 'example_local_kubernetes_executor' retrieved from /home/airflow/.local/lib/python3.12/site-packages/airflow/example_dags/example_local_kubernetes_executor.py
[2024-06-14T12:10:05.756+0000] {logging_mixin.py:188} INFO - [2024-06-14T12:10:05.755+0000] {dag.py:3096} INFO - Sync 1 DAGs
[2024-06-14T12:10:05.765+0000] {logging_mixin.py:188} INFO - [2024-06-14T12:10:05.764+0000] {dag.py:3954} INFO - Setting next_dagrun for example_local_kubernetes_executor to None, run_after=None
[2024-06-14T12:10:05.781+0000] {processor.py:183} INFO - Processing /home/airflow/.local/lib/python3.12/site-packages/airflow/example_dags/example_local_kubernetes_executor.py took 0.063 seconds
[2024-06-14T12:10:35.967+0000] {processor.py:161} INFO - Started process (PID=543) to work on /home/airflow/.local/lib/python3.12/site-packages/airflow/example_dags/example_local_kubernetes_executor.py
[2024-06-14T12:10:35.968+0000] {processor.py:830} INFO - Processing file /home/airflow/.local/lib/python3.12/site-packages/airflow/example_dags/example_local_kubernetes_executor.py for tasks to queue
[2024-06-14T12:10:35.969+0000] {logging_mixin.py:188} INFO - [2024-06-14T12:10:35.969+0000] {dagbag.py:545} INFO - Filling up the DagBag from /home/airflow/.local/lib/python3.12/site-packages/airflow/example_dags/example_local_kubernetes_executor.py
[2024-06-14T12:10:35.975+0000] {processor.py:840} INFO - DAG(s) 'example_local_kubernetes_executor' retrieved from /home/airflow/.local/lib/python3.12/site-packages/airflow/example_dags/example_local_kubernetes_executor.py
[2024-06-14T12:10:36.001+0000] {logging_mixin.py:188} INFO - [2024-06-14T12:10:36.001+0000] {dag.py:3096} INFO - Sync 1 DAGs
[2024-06-14T12:10:36.011+0000] {logging_mixin.py:188} INFO - [2024-06-14T12:10:36.011+0000] {dag.py:3954} INFO - Setting next_dagrun for example_local_kubernetes_executor to None, run_after=None
[2024-06-14T12:10:36.027+0000] {processor.py:183} INFO - Processing /home/airflow/.local/lib/python3.12/site-packages/airflow/example_dags/example_local_kubernetes_executor.py took 0.065 seconds
[2024-06-14T12:11:06.132+0000] {processor.py:161} INFO - Started process (PID=608) to work on /home/airflow/.local/lib/python3.12/site-packages/airflow/example_dags/example_local_kubernetes_executor.py
[2024-06-14T12:11:06.132+0000] {processor.py:830} INFO - Processing file /home/airflow/.local/lib/python3.12/site-packages/airflow/example_dags/example_local_kubernetes_executor.py for tasks to queue
[2024-06-14T12:11:06.134+0000] {logging_mixin.py:188} INFO - [2024-06-14T12:11:06.133+0000] {dagbag.py:545} INFO - Filling up the DagBag from /home/airflow/.local/lib/python3.12/site-packages/airflow/example_dags/example_local_kubernetes_executor.py
[2024-06-14T12:11:06.139+0000] {processor.py:840} INFO - DAG(s) 'example_local_kubernetes_executor' retrieved from /home/airflow/.local/lib/python3.12/site-packages/airflow/example_dags/example_local_kubernetes_executor.py
[2024-06-14T12:11:06.163+0000] {logging_mixin.py:188} INFO - [2024-06-14T12:11:06.162+0000] {dag.py:3096} INFO - Sync 1 DAGs
[2024-06-14T12:11:06.172+0000] {logging_mixin.py:188} INFO - [2024-06-14T12:11:06.171+0000] {dag.py:3954} INFO - Setting next_dagrun for example_local_kubernetes_executor to None, run_after=None
[2024-06-14T12:11:06.186+0000] {processor.py:183} INFO - Processing /home/airflow/.local/lib/python3.12/site-packages/airflow/example_dags/example_local_kubernetes_executor.py took 0.059 seconds
[2024-06-14T12:11:36.352+0000] {processor.py:161} INFO - Started process (PID=666) to work on /home/airflow/.local/lib/python3.12/site-packages/airflow/example_dags/example_local_kubernetes_executor.py
[2024-06-14T12:11:36.353+0000] {processor.py:830} INFO - Processing file /home/airflow/.local/lib/python3.12/site-packages/airflow/example_dags/example_local_kubernetes_executor.py for tasks to queue
[2024-06-14T12:11:36.355+0000] {logging_mixin.py:188} INFO - [2024-06-14T12:11:36.354+0000] {dagbag.py:545} INFO - Filling up the DagBag from /home/airflow/.local/lib/python3.12/site-packages/airflow/example_dags/example_local_kubernetes_executor.py
[2024-06-14T12:11:36.360+0000] {processor.py:840} INFO - DAG(s) 'example_local_kubernetes_executor' retrieved from /home/airflow/.local/lib/python3.12/site-packages/airflow/example_dags/example_local_kubernetes_executor.py
[2024-06-14T12:11:36.386+0000] {logging_mixin.py:188} INFO - [2024-06-14T12:11:36.385+0000] {dag.py:3096} INFO - Sync 1 DAGs
[2024-06-14T12:11:36.395+0000] {logging_mixin.py:188} INFO - [2024-06-14T12:11:36.395+0000] {dag.py:3954} INFO - Setting next_dagrun for example_local_kubernetes_executor to None, run_after=None
[2024-06-14T12:11:36.411+0000] {processor.py:183} INFO - Processing /home/airflow/.local/lib/python3.12/site-packages/airflow/example_dags/example_local_kubernetes_executor.py took 0.063 seconds
[2024-06-14T12:12:06.530+0000] {processor.py:161} INFO - Started process (PID=724) to work on /home/airflow/.local/lib/python3.12/site-packages/airflow/example_dags/example_local_kubernetes_executor.py
[2024-06-14T12:12:06.531+0000] {processor.py:830} INFO - Processing file /home/airflow/.local/lib/python3.12/site-packages/airflow/example_dags/example_local_kubernetes_executor.py for tasks to queue
[2024-06-14T12:12:06.532+0000] {logging_mixin.py:188} INFO - [2024-06-14T12:12:06.532+0000] {dagbag.py:545} INFO - Filling up the DagBag from /home/airflow/.local/lib/python3.12/site-packages/airflow/example_dags/example_local_kubernetes_executor.py
[2024-06-14T12:12:06.537+0000] {processor.py:840} INFO - DAG(s) 'example_local_kubernetes_executor' retrieved from /home/airflow/.local/lib/python3.12/site-packages/airflow/example_dags/example_local_kubernetes_executor.py
[2024-06-14T12:12:06.561+0000] {logging_mixin.py:188} INFO - [2024-06-14T12:12:06.561+0000] {dag.py:3096} INFO - Sync 1 DAGs
[2024-06-14T12:12:06.572+0000] {logging_mixin.py:188} INFO - [2024-06-14T12:12:06.572+0000] {dag.py:3954} INFO - Setting next_dagrun for example_local_kubernetes_executor to None, run_after=None
[2024-06-14T12:12:06.587+0000] {processor.py:183} INFO - Processing /home/airflow/.local/lib/python3.12/site-packages/airflow/example_dags/example_local_kubernetes_executor.py took 0.061 seconds
[2024-06-14T12:12:36.640+0000] {processor.py:161} INFO - Started process (PID=782) to work on /home/airflow/.local/lib/python3.12/site-packages/airflow/example_dags/example_local_kubernetes_executor.py
[2024-06-14T12:12:36.641+0000] {processor.py:830} INFO - Processing file /home/airflow/.local/lib/python3.12/site-packages/airflow/example_dags/example_local_kubernetes_executor.py for tasks to queue
[2024-06-14T12:12:36.642+0000] {logging_mixin.py:188} INFO - [2024-06-14T12:12:36.642+0000] {dagbag.py:545} INFO - Filling up the DagBag from /home/airflow/.local/lib/python3.12/site-packages/airflow/example_dags/example_local_kubernetes_executor.py
[2024-06-14T12:12:36.647+0000] {processor.py:840} INFO - DAG(s) 'example_local_kubernetes_executor' retrieved from /home/airflow/.local/lib/python3.12/site-packages/airflow/example_dags/example_local_kubernetes_executor.py
[2024-06-14T12:12:36.672+0000] {logging_mixin.py:188} INFO - [2024-06-14T12:12:36.672+0000] {dag.py:3096} INFO - Sync 1 DAGs
[2024-06-14T12:12:36.684+0000] {logging_mixin.py:188} INFO - [2024-06-14T12:12:36.684+0000] {dag.py:3954} INFO - Setting next_dagrun for example_local_kubernetes_executor to None, run_after=None
[2024-06-14T12:12:36.698+0000] {processor.py:183} INFO - Processing /home/airflow/.local/lib/python3.12/site-packages/airflow/example_dags/example_local_kubernetes_executor.py took 0.063 seconds
[2024-06-14T12:13:06.945+0000] {processor.py:161} INFO - Started process (PID=840) to work on /home/airflow/.local/lib/python3.12/site-packages/airflow/example_dags/example_local_kubernetes_executor.py
[2024-06-14T12:13:06.946+0000] {processor.py:830} INFO - Processing file /home/airflow/.local/lib/python3.12/site-packages/airflow/example_dags/example_local_kubernetes_executor.py for tasks to queue
[2024-06-14T12:13:06.947+0000] {logging_mixin.py:188} INFO - [2024-06-14T12:13:06.947+0000] {dagbag.py:545} INFO - Filling up the DagBag from /home/airflow/.local/lib/python3.12/site-packages/airflow/example_dags/example_local_kubernetes_executor.py
[2024-06-14T12:13:06.952+0000] {processor.py:840} INFO - DAG(s) 'example_local_kubernetes_executor' retrieved from /home/airflow/.local/lib/python3.12/site-packages/airflow/example_dags/example_local_kubernetes_executor.py
[2024-06-14T12:13:06.977+0000] {logging_mixin.py:188} INFO - [2024-06-14T12:13:06.977+0000] {dag.py:3096} INFO - Sync 1 DAGs
[2024-06-14T12:13:06.990+0000] {logging_mixin.py:188} INFO - [2024-06-14T12:13:06.990+0000] {dag.py:3954} INFO - Setting next_dagrun for example_local_kubernetes_executor to None, run_after=None
[2024-06-14T12:13:07.006+0000] {processor.py:183} INFO - Processing /home/airflow/.local/lib/python3.12/site-packages/airflow/example_dags/example_local_kubernetes_executor.py took 0.065 seconds
[2024-06-14T12:13:37.416+0000] {processor.py:161} INFO - Started process (PID=898) to work on /home/airflow/.local/lib/python3.12/site-packages/airflow/example_dags/example_local_kubernetes_executor.py
[2024-06-14T12:13:37.418+0000] {processor.py:830} INFO - Processing file /home/airflow/.local/lib/python3.12/site-packages/airflow/example_dags/example_local_kubernetes_executor.py for tasks to queue
[2024-06-14T12:13:37.420+0000] {logging_mixin.py:188} INFO - [2024-06-14T12:13:37.420+0000] {dagbag.py:545} INFO - Filling up the DagBag from /home/airflow/.local/lib/python3.12/site-packages/airflow/example_dags/example_local_kubernetes_executor.py
[2024-06-14T12:13:37.428+0000] {processor.py:840} INFO - DAG(s) 'example_local_kubernetes_executor' retrieved from /home/airflow/.local/lib/python3.12/site-packages/airflow/example_dags/example_local_kubernetes_executor.py
[2024-06-14T12:13:37.456+0000] {logging_mixin.py:188} INFO - [2024-06-14T12:13:37.456+0000] {dag.py:3096} INFO - Sync 1 DAGs
[2024-06-14T12:13:37.466+0000] {logging_mixin.py:188} INFO - [2024-06-14T12:13:37.466+0000] {dag.py:3954} INFO - Setting next_dagrun for example_local_kubernetes_executor to None, run_after=None
[2024-06-14T12:13:37.483+0000] {processor.py:183} INFO - Processing /home/airflow/.local/lib/python3.12/site-packages/airflow/example_dags/example_local_kubernetes_executor.py took 0.077 seconds
[2024-06-14T12:14:07.607+0000] {processor.py:161} INFO - Started process (PID=956) to work on /home/airflow/.local/lib/python3.12/site-packages/airflow/example_dags/example_local_kubernetes_executor.py
[2024-06-14T12:14:07.608+0000] {processor.py:830} INFO - Processing file /home/airflow/.local/lib/python3.12/site-packages/airflow/example_dags/example_local_kubernetes_executor.py for tasks to queue
[2024-06-14T12:14:07.610+0000] {logging_mixin.py:188} INFO - [2024-06-14T12:14:07.609+0000] {dagbag.py:545} INFO - Filling up the DagBag from /home/airflow/.local/lib/python3.12/site-packages/airflow/example_dags/example_local_kubernetes_executor.py
[2024-06-14T12:14:07.615+0000] {processor.py:840} INFO - DAG(s) 'example_local_kubernetes_executor' retrieved from /home/airflow/.local/lib/python3.12/site-packages/airflow/example_dags/example_local_kubernetes_executor.py
[2024-06-14T12:14:07.638+0000] {logging_mixin.py:188} INFO - [2024-06-14T12:14:07.638+0000] {dag.py:3096} INFO - Sync 1 DAGs
[2024-06-14T12:14:07.647+0000] {logging_mixin.py:188} INFO - [2024-06-14T12:14:07.647+0000] {dag.py:3954} INFO - Setting next_dagrun for example_local_kubernetes_executor to None, run_after=None
[2024-06-14T12:14:07.660+0000] {processor.py:183} INFO - Processing /home/airflow/.local/lib/python3.12/site-packages/airflow/example_dags/example_local_kubernetes_executor.py took 0.058 seconds
[2024-06-14T12:14:37.937+0000] {processor.py:161} INFO - Started process (PID=1014) to work on /home/airflow/.local/lib/python3.12/site-packages/airflow/example_dags/example_local_kubernetes_executor.py
[2024-06-14T12:14:37.938+0000] {processor.py:830} INFO - Processing file /home/airflow/.local/lib/python3.12/site-packages/airflow/example_dags/example_local_kubernetes_executor.py for tasks to queue
[2024-06-14T12:14:37.939+0000] {logging_mixin.py:188} INFO - [2024-06-14T12:14:37.939+0000] {dagbag.py:545} INFO - Filling up the DagBag from /home/airflow/.local/lib/python3.12/site-packages/airflow/example_dags/example_local_kubernetes_executor.py
[2024-06-14T12:14:37.945+0000] {processor.py:840} INFO - DAG(s) 'example_local_kubernetes_executor' retrieved from /home/airflow/.local/lib/python3.12/site-packages/airflow/example_dags/example_local_kubernetes_executor.py
[2024-06-14T12:14:37.969+0000] {logging_mixin.py:188} INFO - [2024-06-14T12:14:37.969+0000] {dag.py:3096} INFO - Sync 1 DAGs
[2024-06-14T12:14:37.979+0000] {logging_mixin.py:188} INFO - [2024-06-14T12:14:37.979+0000] {dag.py:3954} INFO - Setting next_dagrun for example_local_kubernetes_executor to None, run_after=None
[2024-06-14T12:14:37.995+0000] {processor.py:183} INFO - Processing /home/airflow/.local/lib/python3.12/site-packages/airflow/example_dags/example_local_kubernetes_executor.py took 0.062 seconds
[2024-06-14T12:15:08.230+0000] {processor.py:161} INFO - Started process (PID=1072) to work on /home/airflow/.local/lib/python3.12/site-packages/airflow/example_dags/example_local_kubernetes_executor.py
[2024-06-14T12:15:08.231+0000] {processor.py:830} INFO - Processing file /home/airflow/.local/lib/python3.12/site-packages/airflow/example_dags/example_local_kubernetes_executor.py for tasks to queue
[2024-06-14T12:15:08.232+0000] {logging_mixin.py:188} INFO - [2024-06-14T12:15:08.232+0000] {dagbag.py:545} INFO - Filling up the DagBag from /home/airflow/.local/lib/python3.12/site-packages/airflow/example_dags/example_local_kubernetes_executor.py
[2024-06-14T12:15:08.238+0000] {processor.py:840} INFO - DAG(s) 'example_local_kubernetes_executor' retrieved from /home/airflow/.local/lib/python3.12/site-packages/airflow/example_dags/example_local_kubernetes_executor.py
[2024-06-14T12:15:08.264+0000] {logging_mixin.py:188} INFO - [2024-06-14T12:15:08.264+0000] {dag.py:3096} INFO - Sync 1 DAGs
[2024-06-14T12:15:08.273+0000] {logging_mixin.py:188} INFO - [2024-06-14T12:15:08.273+0000] {dag.py:3954} INFO - Setting next_dagrun for example_local_kubernetes_executor to None, run_after=None
[2024-06-14T12:15:08.287+0000] {processor.py:183} INFO - Processing /home/airflow/.local/lib/python3.12/site-packages/airflow/example_dags/example_local_kubernetes_executor.py took 0.061 seconds
[2024-06-14T12:15:38.528+0000] {processor.py:161} INFO - Started process (PID=1130) to work on /home/airflow/.local/lib/python3.12/site-packages/airflow/example_dags/example_local_kubernetes_executor.py
[2024-06-14T12:15:38.529+0000] {processor.py:830} INFO - Processing file /home/airflow/.local/lib/python3.12/site-packages/airflow/example_dags/example_local_kubernetes_executor.py for tasks to queue
[2024-06-14T12:15:38.530+0000] {logging_mixin.py:188} INFO - [2024-06-14T12:15:38.530+0000] {dagbag.py:545} INFO - Filling up the DagBag from /home/airflow/.local/lib/python3.12/site-packages/airflow/example_dags/example_local_kubernetes_executor.py
[2024-06-14T12:15:38.536+0000] {processor.py:840} INFO - DAG(s) 'example_local_kubernetes_executor' retrieved from /home/airflow/.local/lib/python3.12/site-packages/airflow/example_dags/example_local_kubernetes_executor.py
[2024-06-14T12:15:38.560+0000] {logging_mixin.py:188} INFO - [2024-06-14T12:15:38.560+0000] {dag.py:3096} INFO - Sync 1 DAGs
[2024-06-14T12:15:38.568+0000] {logging_mixin.py:188} INFO - [2024-06-14T12:15:38.568+0000] {dag.py:3954} INFO - Setting next_dagrun for example_local_kubernetes_executor to None, run_after=None
[2024-06-14T12:15:38.582+0000] {processor.py:183} INFO - Processing /home/airflow/.local/lib/python3.12/site-packages/airflow/example_dags/example_local_kubernetes_executor.py took 0.057 seconds
[2024-06-14T12:16:08.881+0000] {processor.py:161} INFO - Started process (PID=1188) to work on /home/airflow/.local/lib/python3.12/site-packages/airflow/example_dags/example_local_kubernetes_executor.py
[2024-06-14T12:16:08.881+0000] {processor.py:830} INFO - Processing file /home/airflow/.local/lib/python3.12/site-packages/airflow/example_dags/example_local_kubernetes_executor.py for tasks to queue
[2024-06-14T12:16:08.883+0000] {logging_mixin.py:188} INFO - [2024-06-14T12:16:08.883+0000] {dagbag.py:545} INFO - Filling up the DagBag from /home/airflow/.local/lib/python3.12/site-packages/airflow/example_dags/example_local_kubernetes_executor.py
[2024-06-14T12:16:08.889+0000] {processor.py:840} INFO - DAG(s) 'example_local_kubernetes_executor' retrieved from /home/airflow/.local/lib/python3.12/site-packages/airflow/example_dags/example_local_kubernetes_executor.py
[2024-06-14T12:16:08.913+0000] {logging_mixin.py:188} INFO - [2024-06-14T12:16:08.913+0000] {dag.py:3096} INFO - Sync 1 DAGs
[2024-06-14T12:16:08.925+0000] {logging_mixin.py:188} INFO - [2024-06-14T12:16:08.925+0000] {dag.py:3954} INFO - Setting next_dagrun for example_local_kubernetes_executor to None, run_after=None
[2024-06-14T12:16:08.940+0000] {processor.py:183} INFO - Processing /home/airflow/.local/lib/python3.12/site-packages/airflow/example_dags/example_local_kubernetes_executor.py took 0.063 seconds
[2024-06-14T12:16:39.205+0000] {processor.py:161} INFO - Started process (PID=1246) to work on /home/airflow/.local/lib/python3.12/site-packages/airflow/example_dags/example_local_kubernetes_executor.py
[2024-06-14T12:16:39.206+0000] {processor.py:830} INFO - Processing file /home/airflow/.local/lib/python3.12/site-packages/airflow/example_dags/example_local_kubernetes_executor.py for tasks to queue
[2024-06-14T12:16:39.207+0000] {logging_mixin.py:188} INFO - [2024-06-14T12:16:39.207+0000] {dagbag.py:545} INFO - Filling up the DagBag from /home/airflow/.local/lib/python3.12/site-packages/airflow/example_dags/example_local_kubernetes_executor.py
[2024-06-14T12:16:39.213+0000] {processor.py:840} INFO - DAG(s) 'example_local_kubernetes_executor' retrieved from /home/airflow/.local/lib/python3.12/site-packages/airflow/example_dags/example_local_kubernetes_executor.py
[2024-06-14T12:16:39.236+0000] {logging_mixin.py:188} INFO - [2024-06-14T12:16:39.236+0000] {dag.py:3096} INFO - Sync 1 DAGs
[2024-06-14T12:16:39.246+0000] {logging_mixin.py:188} INFO - [2024-06-14T12:16:39.246+0000] {dag.py:3954} INFO - Setting next_dagrun for example_local_kubernetes_executor to None, run_after=None
[2024-06-14T12:16:39.264+0000] {processor.py:183} INFO - Processing /home/airflow/.local/lib/python3.12/site-packages/airflow/example_dags/example_local_kubernetes_executor.py took 0.062 seconds
[2024-06-14T12:17:09.577+0000] {processor.py:161} INFO - Started process (PID=1304) to work on /home/airflow/.local/lib/python3.12/site-packages/airflow/example_dags/example_local_kubernetes_executor.py
[2024-06-14T12:17:09.578+0000] {processor.py:830} INFO - Processing file /home/airflow/.local/lib/python3.12/site-packages/airflow/example_dags/example_local_kubernetes_executor.py for tasks to queue
[2024-06-14T12:17:09.579+0000] {logging_mixin.py:188} INFO - [2024-06-14T12:17:09.579+0000] {dagbag.py:545} INFO - Filling up the DagBag from /home/airflow/.local/lib/python3.12/site-packages/airflow/example_dags/example_local_kubernetes_executor.py
[2024-06-14T12:17:09.584+0000] {processor.py:840} INFO - DAG(s) 'example_local_kubernetes_executor' retrieved from /home/airflow/.local/lib/python3.12/site-packages/airflow/example_dags/example_local_kubernetes_executor.py
[2024-06-14T12:17:09.608+0000] {logging_mixin.py:188} INFO - [2024-06-14T12:17:09.608+0000] {dag.py:3096} INFO - Sync 1 DAGs
[2024-06-14T12:17:09.617+0000] {logging_mixin.py:188} INFO - [2024-06-14T12:17:09.617+0000] {dag.py:3954} INFO - Setting next_dagrun for example_local_kubernetes_executor to None, run_after=None
[2024-06-14T12:17:09.631+0000] {processor.py:183} INFO - Processing /home/airflow/.local/lib/python3.12/site-packages/airflow/example_dags/example_local_kubernetes_executor.py took 0.058 seconds
[2024-06-14T12:17:39.978+0000] {processor.py:161} INFO - Started process (PID=1362) to work on /home/airflow/.local/lib/python3.12/site-packages/airflow/example_dags/example_local_kubernetes_executor.py
[2024-06-14T12:17:39.978+0000] {processor.py:830} INFO - Processing file /home/airflow/.local/lib/python3.12/site-packages/airflow/example_dags/example_local_kubernetes_executor.py for tasks to queue
[2024-06-14T12:17:39.980+0000] {logging_mixin.py:188} INFO - [2024-06-14T12:17:39.980+0000] {dagbag.py:545} INFO - Filling up the DagBag from /home/airflow/.local/lib/python3.12/site-packages/airflow/example_dags/example_local_kubernetes_executor.py
[2024-06-14T12:17:39.985+0000] {processor.py:840} INFO - DAG(s) 'example_local_kubernetes_executor' retrieved from /home/airflow/.local/lib/python3.12/site-packages/airflow/example_dags/example_local_kubernetes_executor.py
[2024-06-14T12:17:40.009+0000] {logging_mixin.py:188} INFO - [2024-06-14T12:17:40.009+0000] {dag.py:3096} INFO - Sync 1 DAGs
[2024-06-14T12:17:40.018+0000] {logging_mixin.py:188} INFO - [2024-06-14T12:17:40.018+0000] {dag.py:3954} INFO - Setting next_dagrun for example_local_kubernetes_executor to None, run_after=None
[2024-06-14T12:17:40.032+0000] {processor.py:183} INFO - Processing /home/airflow/.local/lib/python3.12/site-packages/airflow/example_dags/example_local_kubernetes_executor.py took 0.058 seconds
[2024-06-14T12:18:42.797+0000] {processor.py:161} INFO - Started process (PID=72) to work on /home/airflow/.local/lib/python3.12/site-packages/airflow/example_dags/example_local_kubernetes_executor.py
[2024-06-14T12:18:42.799+0000] {processor.py:830} INFO - Processing file /home/airflow/.local/lib/python3.12/site-packages/airflow/example_dags/example_local_kubernetes_executor.py for tasks to queue
[2024-06-14T12:18:42.801+0000] {logging_mixin.py:188} INFO - [2024-06-14T12:18:42.801+0000] {dagbag.py:545} INFO - Filling up the DagBag from /home/airflow/.local/lib/python3.12/site-packages/airflow/example_dags/example_local_kubernetes_executor.py
[2024-06-14T12:18:42.812+0000] {processor.py:840} INFO - DAG(s) 'example_local_kubernetes_executor' retrieved from /home/airflow/.local/lib/python3.12/site-packages/airflow/example_dags/example_local_kubernetes_executor.py
[2024-06-14T12:18:42.828+0000] {logging_mixin.py:188} INFO - [2024-06-14T12:18:42.828+0000] {dag.py:3096} INFO - Sync 1 DAGs
[2024-06-14T12:18:42.851+0000] {logging_mixin.py:188} INFO - [2024-06-14T12:18:42.850+0000] {dag.py:3954} INFO - Setting next_dagrun for example_local_kubernetes_executor to None, run_after=None
[2024-06-14T12:18:42.874+0000] {processor.py:183} INFO - Processing /home/airflow/.local/lib/python3.12/site-packages/airflow/example_dags/example_local_kubernetes_executor.py took 0.086 seconds
[2024-06-14T12:19:14.213+0000] {processor.py:161} INFO - Started process (PID=130) to work on /home/airflow/.local/lib/python3.12/site-packages/airflow/example_dags/example_local_kubernetes_executor.py
[2024-06-14T12:19:14.214+0000] {processor.py:830} INFO - Processing file /home/airflow/.local/lib/python3.12/site-packages/airflow/example_dags/example_local_kubernetes_executor.py for tasks to queue
[2024-06-14T12:19:14.215+0000] {logging_mixin.py:188} INFO - [2024-06-14T12:19:14.215+0000] {dagbag.py:545} INFO - Filling up the DagBag from /home/airflow/.local/lib/python3.12/site-packages/airflow/example_dags/example_local_kubernetes_executor.py
[2024-06-14T12:19:14.221+0000] {processor.py:840} INFO - DAG(s) 'example_local_kubernetes_executor' retrieved from /home/airflow/.local/lib/python3.12/site-packages/airflow/example_dags/example_local_kubernetes_executor.py
[2024-06-14T12:19:14.309+0000] {logging_mixin.py:188} INFO - [2024-06-14T12:19:14.309+0000] {dag.py:3096} INFO - Sync 1 DAGs
[2024-06-14T12:19:14.319+0000] {logging_mixin.py:188} INFO - [2024-06-14T12:19:14.319+0000] {dag.py:3954} INFO - Setting next_dagrun for example_local_kubernetes_executor to None, run_after=None
[2024-06-14T12:19:14.334+0000] {processor.py:183} INFO - Processing /home/airflow/.local/lib/python3.12/site-packages/airflow/example_dags/example_local_kubernetes_executor.py took 0.125 seconds
[2024-06-14T12:19:44.837+0000] {processor.py:161} INFO - Started process (PID=188) to work on /home/airflow/.local/lib/python3.12/site-packages/airflow/example_dags/example_local_kubernetes_executor.py
[2024-06-14T12:19:44.838+0000] {processor.py:830} INFO - Processing file /home/airflow/.local/lib/python3.12/site-packages/airflow/example_dags/example_local_kubernetes_executor.py for tasks to queue
[2024-06-14T12:19:44.839+0000] {logging_mixin.py:188} INFO - [2024-06-14T12:19:44.839+0000] {dagbag.py:545} INFO - Filling up the DagBag from /home/airflow/.local/lib/python3.12/site-packages/airflow/example_dags/example_local_kubernetes_executor.py
[2024-06-14T12:19:44.844+0000] {processor.py:840} INFO - DAG(s) 'example_local_kubernetes_executor' retrieved from /home/airflow/.local/lib/python3.12/site-packages/airflow/example_dags/example_local_kubernetes_executor.py
[2024-06-14T12:19:44.869+0000] {logging_mixin.py:188} INFO - [2024-06-14T12:19:44.869+0000] {dag.py:3096} INFO - Sync 1 DAGs
[2024-06-14T12:19:44.880+0000] {logging_mixin.py:188} INFO - [2024-06-14T12:19:44.880+0000] {dag.py:3954} INFO - Setting next_dagrun for example_local_kubernetes_executor to None, run_after=None
[2024-06-14T12:19:44.895+0000] {processor.py:183} INFO - Processing /home/airflow/.local/lib/python3.12/site-packages/airflow/example_dags/example_local_kubernetes_executor.py took 0.062 seconds
[2024-06-14T12:20:15.321+0000] {processor.py:161} INFO - Started process (PID=246) to work on /home/airflow/.local/lib/python3.12/site-packages/airflow/example_dags/example_local_kubernetes_executor.py
[2024-06-14T12:20:15.322+0000] {processor.py:830} INFO - Processing file /home/airflow/.local/lib/python3.12/site-packages/airflow/example_dags/example_local_kubernetes_executor.py for tasks to queue
[2024-06-14T12:20:15.323+0000] {logging_mixin.py:188} INFO - [2024-06-14T12:20:15.323+0000] {dagbag.py:545} INFO - Filling up the DagBag from /home/airflow/.local/lib/python3.12/site-packages/airflow/example_dags/example_local_kubernetes_executor.py
[2024-06-14T12:20:15.328+0000] {processor.py:840} INFO - DAG(s) 'example_local_kubernetes_executor' retrieved from /home/airflow/.local/lib/python3.12/site-packages/airflow/example_dags/example_local_kubernetes_executor.py
[2024-06-14T12:20:15.352+0000] {logging_mixin.py:188} INFO - [2024-06-14T12:20:15.351+0000] {dag.py:3096} INFO - Sync 1 DAGs
[2024-06-14T12:20:15.361+0000] {logging_mixin.py:188} INFO - [2024-06-14T12:20:15.361+0000] {dag.py:3954} INFO - Setting next_dagrun for example_local_kubernetes_executor to None, run_after=None
[2024-06-14T12:20:15.375+0000] {processor.py:183} INFO - Processing /home/airflow/.local/lib/python3.12/site-packages/airflow/example_dags/example_local_kubernetes_executor.py took 0.059 seconds
[2024-06-14T12:20:45.567+0000] {processor.py:161} INFO - Started process (PID=304) to work on /home/airflow/.local/lib/python3.12/site-packages/airflow/example_dags/example_local_kubernetes_executor.py
[2024-06-14T12:20:45.568+0000] {processor.py:830} INFO - Processing file /home/airflow/.local/lib/python3.12/site-packages/airflow/example_dags/example_local_kubernetes_executor.py for tasks to queue
[2024-06-14T12:20:45.569+0000] {logging_mixin.py:188} INFO - [2024-06-14T12:20:45.569+0000] {dagbag.py:545} INFO - Filling up the DagBag from /home/airflow/.local/lib/python3.12/site-packages/airflow/example_dags/example_local_kubernetes_executor.py
[2024-06-14T12:20:45.574+0000] {processor.py:840} INFO - DAG(s) 'example_local_kubernetes_executor' retrieved from /home/airflow/.local/lib/python3.12/site-packages/airflow/example_dags/example_local_kubernetes_executor.py
[2024-06-14T12:20:45.598+0000] {logging_mixin.py:188} INFO - [2024-06-14T12:20:45.598+0000] {dag.py:3096} INFO - Sync 1 DAGs
[2024-06-14T12:20:45.607+0000] {logging_mixin.py:188} INFO - [2024-06-14T12:20:45.606+0000] {dag.py:3954} INFO - Setting next_dagrun for example_local_kubernetes_executor to None, run_after=None
[2024-06-14T12:20:45.626+0000] {processor.py:183} INFO - Processing /home/airflow/.local/lib/python3.12/site-packages/airflow/example_dags/example_local_kubernetes_executor.py took 0.062 seconds
[2024-06-14T12:21:15.824+0000] {processor.py:161} INFO - Started process (PID=362) to work on /home/airflow/.local/lib/python3.12/site-packages/airflow/example_dags/example_local_kubernetes_executor.py
[2024-06-14T12:21:15.825+0000] {processor.py:830} INFO - Processing file /home/airflow/.local/lib/python3.12/site-packages/airflow/example_dags/example_local_kubernetes_executor.py for tasks to queue
[2024-06-14T12:21:15.826+0000] {logging_mixin.py:188} INFO - [2024-06-14T12:21:15.826+0000] {dagbag.py:545} INFO - Filling up the DagBag from /home/airflow/.local/lib/python3.12/site-packages/airflow/example_dags/example_local_kubernetes_executor.py
[2024-06-14T12:21:15.831+0000] {processor.py:840} INFO - DAG(s) 'example_local_kubernetes_executor' retrieved from /home/airflow/.local/lib/python3.12/site-packages/airflow/example_dags/example_local_kubernetes_executor.py
[2024-06-14T12:21:15.858+0000] {logging_mixin.py:188} INFO - [2024-06-14T12:21:15.858+0000] {dag.py:3096} INFO - Sync 1 DAGs
[2024-06-14T12:21:15.867+0000] {logging_mixin.py:188} INFO - [2024-06-14T12:21:15.867+0000] {dag.py:3954} INFO - Setting next_dagrun for example_local_kubernetes_executor to None, run_after=None
[2024-06-14T12:21:15.882+0000] {processor.py:183} INFO - Processing /home/airflow/.local/lib/python3.12/site-packages/airflow/example_dags/example_local_kubernetes_executor.py took 0.063 seconds
[2024-06-14T12:21:46.334+0000] {processor.py:161} INFO - Started process (PID=420) to work on /home/airflow/.local/lib/python3.12/site-packages/airflow/example_dags/example_local_kubernetes_executor.py
[2024-06-14T12:21:46.335+0000] {processor.py:830} INFO - Processing file /home/airflow/.local/lib/python3.12/site-packages/airflow/example_dags/example_local_kubernetes_executor.py for tasks to queue
[2024-06-14T12:21:46.336+0000] {logging_mixin.py:188} INFO - [2024-06-14T12:21:46.336+0000] {dagbag.py:545} INFO - Filling up the DagBag from /home/airflow/.local/lib/python3.12/site-packages/airflow/example_dags/example_local_kubernetes_executor.py
[2024-06-14T12:21:46.342+0000] {processor.py:840} INFO - DAG(s) 'example_local_kubernetes_executor' retrieved from /home/airflow/.local/lib/python3.12/site-packages/airflow/example_dags/example_local_kubernetes_executor.py
[2024-06-14T12:21:46.368+0000] {logging_mixin.py:188} INFO - [2024-06-14T12:21:46.367+0000] {dag.py:3096} INFO - Sync 1 DAGs
[2024-06-14T12:21:46.377+0000] {logging_mixin.py:188} INFO - [2024-06-14T12:21:46.377+0000] {dag.py:3954} INFO - Setting next_dagrun for example_local_kubernetes_executor to None, run_after=None
[2024-06-14T12:21:46.392+0000] {processor.py:183} INFO - Processing /home/airflow/.local/lib/python3.12/site-packages/airflow/example_dags/example_local_kubernetes_executor.py took 0.061 seconds
[2024-06-14T12:22:16.812+0000] {processor.py:161} INFO - Started process (PID=479) to work on /home/airflow/.local/lib/python3.12/site-packages/airflow/example_dags/example_local_kubernetes_executor.py
[2024-06-14T12:22:16.813+0000] {processor.py:830} INFO - Processing file /home/airflow/.local/lib/python3.12/site-packages/airflow/example_dags/example_local_kubernetes_executor.py for tasks to queue
[2024-06-14T12:22:16.814+0000] {logging_mixin.py:188} INFO - [2024-06-14T12:22:16.814+0000] {dagbag.py:545} INFO - Filling up the DagBag from /home/airflow/.local/lib/python3.12/site-packages/airflow/example_dags/example_local_kubernetes_executor.py
[2024-06-14T12:22:16.819+0000] {processor.py:840} INFO - DAG(s) 'example_local_kubernetes_executor' retrieved from /home/airflow/.local/lib/python3.12/site-packages/airflow/example_dags/example_local_kubernetes_executor.py
[2024-06-14T12:22:16.842+0000] {logging_mixin.py:188} INFO - [2024-06-14T12:22:16.842+0000] {dag.py:3096} INFO - Sync 1 DAGs
[2024-06-14T12:22:16.851+0000] {logging_mixin.py:188} INFO - [2024-06-14T12:22:16.850+0000] {dag.py:3954} INFO - Setting next_dagrun for example_local_kubernetes_executor to None, run_after=None
[2024-06-14T12:22:16.864+0000] {processor.py:183} INFO - Processing /home/airflow/.local/lib/python3.12/site-packages/airflow/example_dags/example_local_kubernetes_executor.py took 0.057 seconds
[2024-06-14T12:22:47.076+0000] {processor.py:161} INFO - Started process (PID=537) to work on /home/airflow/.local/lib/python3.12/site-packages/airflow/example_dags/example_local_kubernetes_executor.py
[2024-06-14T12:22:47.077+0000] {processor.py:830} INFO - Processing file /home/airflow/.local/lib/python3.12/site-packages/airflow/example_dags/example_local_kubernetes_executor.py for tasks to queue
[2024-06-14T12:22:47.079+0000] {logging_mixin.py:188} INFO - [2024-06-14T12:22:47.078+0000] {dagbag.py:545} INFO - Filling up the DagBag from /home/airflow/.local/lib/python3.12/site-packages/airflow/example_dags/example_local_kubernetes_executor.py
[2024-06-14T12:22:47.084+0000] {processor.py:840} INFO - DAG(s) 'example_local_kubernetes_executor' retrieved from /home/airflow/.local/lib/python3.12/site-packages/airflow/example_dags/example_local_kubernetes_executor.py
[2024-06-14T12:22:47.107+0000] {logging_mixin.py:188} INFO - [2024-06-14T12:22:47.107+0000] {dag.py:3096} INFO - Sync 1 DAGs
[2024-06-14T12:22:47.117+0000] {logging_mixin.py:188} INFO - [2024-06-14T12:22:47.116+0000] {dag.py:3954} INFO - Setting next_dagrun for example_local_kubernetes_executor to None, run_after=None
[2024-06-14T12:22:47.131+0000] {processor.py:183} INFO - Processing /home/airflow/.local/lib/python3.12/site-packages/airflow/example_dags/example_local_kubernetes_executor.py took 0.062 seconds
[2024-06-14T12:23:17.434+0000] {processor.py:161} INFO - Started process (PID=595) to work on /home/airflow/.local/lib/python3.12/site-packages/airflow/example_dags/example_local_kubernetes_executor.py
[2024-06-14T12:23:17.434+0000] {processor.py:830} INFO - Processing file /home/airflow/.local/lib/python3.12/site-packages/airflow/example_dags/example_local_kubernetes_executor.py for tasks to queue
[2024-06-14T12:23:17.436+0000] {logging_mixin.py:188} INFO - [2024-06-14T12:23:17.435+0000] {dagbag.py:545} INFO - Filling up the DagBag from /home/airflow/.local/lib/python3.12/site-packages/airflow/example_dags/example_local_kubernetes_executor.py
[2024-06-14T12:23:17.440+0000] {processor.py:840} INFO - DAG(s) 'example_local_kubernetes_executor' retrieved from /home/airflow/.local/lib/python3.12/site-packages/airflow/example_dags/example_local_kubernetes_executor.py
[2024-06-14T12:23:17.464+0000] {logging_mixin.py:188} INFO - [2024-06-14T12:23:17.463+0000] {dag.py:3096} INFO - Sync 1 DAGs
[2024-06-14T12:23:17.472+0000] {logging_mixin.py:188} INFO - [2024-06-14T12:23:17.472+0000] {dag.py:3954} INFO - Setting next_dagrun for example_local_kubernetes_executor to None, run_after=None
[2024-06-14T12:23:17.487+0000] {processor.py:183} INFO - Processing /home/airflow/.local/lib/python3.12/site-packages/airflow/example_dags/example_local_kubernetes_executor.py took 0.058 seconds
[2024-06-14T12:23:47.854+0000] {processor.py:161} INFO - Started process (PID=653) to work on /home/airflow/.local/lib/python3.12/site-packages/airflow/example_dags/example_local_kubernetes_executor.py
[2024-06-14T12:23:47.855+0000] {processor.py:830} INFO - Processing file /home/airflow/.local/lib/python3.12/site-packages/airflow/example_dags/example_local_kubernetes_executor.py for tasks to queue
[2024-06-14T12:23:47.856+0000] {logging_mixin.py:188} INFO - [2024-06-14T12:23:47.856+0000] {dagbag.py:545} INFO - Filling up the DagBag from /home/airflow/.local/lib/python3.12/site-packages/airflow/example_dags/example_local_kubernetes_executor.py
[2024-06-14T12:23:47.861+0000] {processor.py:840} INFO - DAG(s) 'example_local_kubernetes_executor' retrieved from /home/airflow/.local/lib/python3.12/site-packages/airflow/example_dags/example_local_kubernetes_executor.py
[2024-06-14T12:23:47.883+0000] {logging_mixin.py:188} INFO - [2024-06-14T12:23:47.883+0000] {dag.py:3096} INFO - Sync 1 DAGs
[2024-06-14T12:23:47.893+0000] {logging_mixin.py:188} INFO - [2024-06-14T12:23:47.893+0000] {dag.py:3954} INFO - Setting next_dagrun for example_local_kubernetes_executor to None, run_after=None
[2024-06-14T12:23:47.909+0000] {processor.py:183} INFO - Processing /home/airflow/.local/lib/python3.12/site-packages/airflow/example_dags/example_local_kubernetes_executor.py took 0.059 seconds
[2024-06-14T12:24:18.178+0000] {processor.py:161} INFO - Started process (PID=712) to work on /home/airflow/.local/lib/python3.12/site-packages/airflow/example_dags/example_local_kubernetes_executor.py
[2024-06-14T12:24:18.179+0000] {processor.py:830} INFO - Processing file /home/airflow/.local/lib/python3.12/site-packages/airflow/example_dags/example_local_kubernetes_executor.py for tasks to queue
[2024-06-14T12:24:18.181+0000] {logging_mixin.py:188} INFO - [2024-06-14T12:24:18.180+0000] {dagbag.py:545} INFO - Filling up the DagBag from /home/airflow/.local/lib/python3.12/site-packages/airflow/example_dags/example_local_kubernetes_executor.py
[2024-06-14T12:24:18.188+0000] {processor.py:840} INFO - DAG(s) 'example_local_kubernetes_executor' retrieved from /home/airflow/.local/lib/python3.12/site-packages/airflow/example_dags/example_local_kubernetes_executor.py
[2024-06-14T12:24:18.215+0000] {logging_mixin.py:188} INFO - [2024-06-14T12:24:18.215+0000] {dag.py:3096} INFO - Sync 1 DAGs
[2024-06-14T12:24:18.225+0000] {logging_mixin.py:188} INFO - [2024-06-14T12:24:18.225+0000] {dag.py:3954} INFO - Setting next_dagrun for example_local_kubernetes_executor to None, run_after=None
[2024-06-14T12:24:18.240+0000] {processor.py:183} INFO - Processing /home/airflow/.local/lib/python3.12/site-packages/airflow/example_dags/example_local_kubernetes_executor.py took 0.067 seconds
[2024-06-14T12:24:48.355+0000] {processor.py:161} INFO - Started process (PID=770) to work on /home/airflow/.local/lib/python3.12/site-packages/airflow/example_dags/example_local_kubernetes_executor.py
[2024-06-14T12:24:48.356+0000] {processor.py:830} INFO - Processing file /home/airflow/.local/lib/python3.12/site-packages/airflow/example_dags/example_local_kubernetes_executor.py for tasks to queue
[2024-06-14T12:24:48.357+0000] {logging_mixin.py:188} INFO - [2024-06-14T12:24:48.357+0000] {dagbag.py:545} INFO - Filling up the DagBag from /home/airflow/.local/lib/python3.12/site-packages/airflow/example_dags/example_local_kubernetes_executor.py
[2024-06-14T12:24:48.361+0000] {processor.py:840} INFO - DAG(s) 'example_local_kubernetes_executor' retrieved from /home/airflow/.local/lib/python3.12/site-packages/airflow/example_dags/example_local_kubernetes_executor.py
[2024-06-14T12:24:48.387+0000] {logging_mixin.py:188} INFO - [2024-06-14T12:24:48.387+0000] {dag.py:3096} INFO - Sync 1 DAGs
[2024-06-14T12:24:48.400+0000] {logging_mixin.py:188} INFO - [2024-06-14T12:24:48.400+0000] {dag.py:3954} INFO - Setting next_dagrun for example_local_kubernetes_executor to None, run_after=None
[2024-06-14T12:24:48.414+0000] {processor.py:183} INFO - Processing /home/airflow/.local/lib/python3.12/site-packages/airflow/example_dags/example_local_kubernetes_executor.py took 0.064 seconds
[2024-06-14T12:25:18.797+0000] {processor.py:161} INFO - Started process (PID=828) to work on /home/airflow/.local/lib/python3.12/site-packages/airflow/example_dags/example_local_kubernetes_executor.py
[2024-06-14T12:25:18.797+0000] {processor.py:830} INFO - Processing file /home/airflow/.local/lib/python3.12/site-packages/airflow/example_dags/example_local_kubernetes_executor.py for tasks to queue
[2024-06-14T12:25:18.798+0000] {logging_mixin.py:188} INFO - [2024-06-14T12:25:18.798+0000] {dagbag.py:545} INFO - Filling up the DagBag from /home/airflow/.local/lib/python3.12/site-packages/airflow/example_dags/example_local_kubernetes_executor.py
[2024-06-14T12:25:18.804+0000] {processor.py:840} INFO - DAG(s) 'example_local_kubernetes_executor' retrieved from /home/airflow/.local/lib/python3.12/site-packages/airflow/example_dags/example_local_kubernetes_executor.py
[2024-06-14T12:25:18.832+0000] {logging_mixin.py:188} INFO - [2024-06-14T12:25:18.831+0000] {dag.py:3096} INFO - Sync 1 DAGs
[2024-06-14T12:25:18.842+0000] {logging_mixin.py:188} INFO - [2024-06-14T12:25:18.842+0000] {dag.py:3954} INFO - Setting next_dagrun for example_local_kubernetes_executor to None, run_after=None
[2024-06-14T12:25:18.858+0000] {processor.py:183} INFO - Processing /home/airflow/.local/lib/python3.12/site-packages/airflow/example_dags/example_local_kubernetes_executor.py took 0.065 seconds
[2024-06-14T12:25:49.164+0000] {processor.py:161} INFO - Started process (PID=886) to work on /home/airflow/.local/lib/python3.12/site-packages/airflow/example_dags/example_local_kubernetes_executor.py
[2024-06-14T12:25:49.165+0000] {processor.py:830} INFO - Processing file /home/airflow/.local/lib/python3.12/site-packages/airflow/example_dags/example_local_kubernetes_executor.py for tasks to queue
[2024-06-14T12:25:49.166+0000] {logging_mixin.py:188} INFO - [2024-06-14T12:25:49.166+0000] {dagbag.py:545} INFO - Filling up the DagBag from /home/airflow/.local/lib/python3.12/site-packages/airflow/example_dags/example_local_kubernetes_executor.py
[2024-06-14T12:25:49.171+0000] {processor.py:840} INFO - DAG(s) 'example_local_kubernetes_executor' retrieved from /home/airflow/.local/lib/python3.12/site-packages/airflow/example_dags/example_local_kubernetes_executor.py
[2024-06-14T12:25:49.198+0000] {logging_mixin.py:188} INFO - [2024-06-14T12:25:49.198+0000] {dag.py:3096} INFO - Sync 1 DAGs
[2024-06-14T12:25:49.209+0000] {logging_mixin.py:188} INFO - [2024-06-14T12:25:49.209+0000] {dag.py:3954} INFO - Setting next_dagrun for example_local_kubernetes_executor to None, run_after=None
[2024-06-14T12:25:49.226+0000] {processor.py:183} INFO - Processing /home/airflow/.local/lib/python3.12/site-packages/airflow/example_dags/example_local_kubernetes_executor.py took 0.067 seconds
[2024-06-14T12:26:19.579+0000] {processor.py:161} INFO - Started process (PID=944) to work on /home/airflow/.local/lib/python3.12/site-packages/airflow/example_dags/example_local_kubernetes_executor.py
[2024-06-14T12:26:19.580+0000] {processor.py:830} INFO - Processing file /home/airflow/.local/lib/python3.12/site-packages/airflow/example_dags/example_local_kubernetes_executor.py for tasks to queue
[2024-06-14T12:26:19.581+0000] {logging_mixin.py:188} INFO - [2024-06-14T12:26:19.581+0000] {dagbag.py:545} INFO - Filling up the DagBag from /home/airflow/.local/lib/python3.12/site-packages/airflow/example_dags/example_local_kubernetes_executor.py
[2024-06-14T12:26:19.586+0000] {processor.py:840} INFO - DAG(s) 'example_local_kubernetes_executor' retrieved from /home/airflow/.local/lib/python3.12/site-packages/airflow/example_dags/example_local_kubernetes_executor.py
[2024-06-14T12:26:19.610+0000] {logging_mixin.py:188} INFO - [2024-06-14T12:26:19.610+0000] {dag.py:3096} INFO - Sync 1 DAGs
[2024-06-14T12:26:19.620+0000] {logging_mixin.py:188} INFO - [2024-06-14T12:26:19.620+0000] {dag.py:3954} INFO - Setting next_dagrun for example_local_kubernetes_executor to None, run_after=None
[2024-06-14T12:26:19.634+0000] {processor.py:183} INFO - Processing /home/airflow/.local/lib/python3.12/site-packages/airflow/example_dags/example_local_kubernetes_executor.py took 0.060 seconds
[2024-06-14T12:26:49.820+0000] {processor.py:161} INFO - Started process (PID=1002) to work on /home/airflow/.local/lib/python3.12/site-packages/airflow/example_dags/example_local_kubernetes_executor.py
[2024-06-14T12:26:49.821+0000] {processor.py:830} INFO - Processing file /home/airflow/.local/lib/python3.12/site-packages/airflow/example_dags/example_local_kubernetes_executor.py for tasks to queue
[2024-06-14T12:26:49.822+0000] {logging_mixin.py:188} INFO - [2024-06-14T12:26:49.822+0000] {dagbag.py:545} INFO - Filling up the DagBag from /home/airflow/.local/lib/python3.12/site-packages/airflow/example_dags/example_local_kubernetes_executor.py
[2024-06-14T12:26:49.829+0000] {processor.py:840} INFO - DAG(s) 'example_local_kubernetes_executor' retrieved from /home/airflow/.local/lib/python3.12/site-packages/airflow/example_dags/example_local_kubernetes_executor.py
[2024-06-14T12:26:49.857+0000] {logging_mixin.py:188} INFO - [2024-06-14T12:26:49.857+0000] {dag.py:3096} INFO - Sync 1 DAGs
[2024-06-14T12:26:49.868+0000] {logging_mixin.py:188} INFO - [2024-06-14T12:26:49.868+0000] {dag.py:3954} INFO - Setting next_dagrun for example_local_kubernetes_executor to None, run_after=None
[2024-06-14T12:26:49.886+0000] {processor.py:183} INFO - Processing /home/airflow/.local/lib/python3.12/site-packages/airflow/example_dags/example_local_kubernetes_executor.py took 0.071 seconds
[2024-06-14T12:27:20.013+0000] {processor.py:161} INFO - Started process (PID=1060) to work on /home/airflow/.local/lib/python3.12/site-packages/airflow/example_dags/example_local_kubernetes_executor.py
[2024-06-14T12:27:20.013+0000] {processor.py:830} INFO - Processing file /home/airflow/.local/lib/python3.12/site-packages/airflow/example_dags/example_local_kubernetes_executor.py for tasks to queue
[2024-06-14T12:27:20.015+0000] {logging_mixin.py:188} INFO - [2024-06-14T12:27:20.014+0000] {dagbag.py:545} INFO - Filling up the DagBag from /home/airflow/.local/lib/python3.12/site-packages/airflow/example_dags/example_local_kubernetes_executor.py
[2024-06-14T12:27:20.020+0000] {processor.py:840} INFO - DAG(s) 'example_local_kubernetes_executor' retrieved from /home/airflow/.local/lib/python3.12/site-packages/airflow/example_dags/example_local_kubernetes_executor.py
[2024-06-14T12:27:20.047+0000] {logging_mixin.py:188} INFO - [2024-06-14T12:27:20.047+0000] {dag.py:3096} INFO - Sync 1 DAGs
[2024-06-14T12:27:20.056+0000] {logging_mixin.py:188} INFO - [2024-06-14T12:27:20.056+0000] {dag.py:3954} INFO - Setting next_dagrun for example_local_kubernetes_executor to None, run_after=None
[2024-06-14T12:27:20.074+0000] {processor.py:183} INFO - Processing /home/airflow/.local/lib/python3.12/site-packages/airflow/example_dags/example_local_kubernetes_executor.py took 0.066 seconds
[2024-06-14T12:27:50.253+0000] {processor.py:161} INFO - Started process (PID=1118) to work on /home/airflow/.local/lib/python3.12/site-packages/airflow/example_dags/example_local_kubernetes_executor.py
[2024-06-14T12:27:50.255+0000] {processor.py:830} INFO - Processing file /home/airflow/.local/lib/python3.12/site-packages/airflow/example_dags/example_local_kubernetes_executor.py for tasks to queue
[2024-06-14T12:27:50.256+0000] {logging_mixin.py:188} INFO - [2024-06-14T12:27:50.256+0000] {dagbag.py:545} INFO - Filling up the DagBag from /home/airflow/.local/lib/python3.12/site-packages/airflow/example_dags/example_local_kubernetes_executor.py
[2024-06-14T12:27:50.261+0000] {processor.py:840} INFO - DAG(s) 'example_local_kubernetes_executor' retrieved from /home/airflow/.local/lib/python3.12/site-packages/airflow/example_dags/example_local_kubernetes_executor.py
[2024-06-14T12:27:50.287+0000] {logging_mixin.py:188} INFO - [2024-06-14T12:27:50.287+0000] {dag.py:3096} INFO - Sync 1 DAGs
[2024-06-14T12:27:50.299+0000] {logging_mixin.py:188} INFO - [2024-06-14T12:27:50.298+0000] {dag.py:3954} INFO - Setting next_dagrun for example_local_kubernetes_executor to None, run_after=None
[2024-06-14T12:27:50.312+0000] {processor.py:183} INFO - Processing /home/airflow/.local/lib/python3.12/site-packages/airflow/example_dags/example_local_kubernetes_executor.py took 0.064 seconds
[2024-06-14T12:28:20.468+0000] {processor.py:161} INFO - Started process (PID=1176) to work on /home/airflow/.local/lib/python3.12/site-packages/airflow/example_dags/example_local_kubernetes_executor.py
[2024-06-14T12:28:20.469+0000] {processor.py:830} INFO - Processing file /home/airflow/.local/lib/python3.12/site-packages/airflow/example_dags/example_local_kubernetes_executor.py for tasks to queue
[2024-06-14T12:28:20.470+0000] {logging_mixin.py:188} INFO - [2024-06-14T12:28:20.470+0000] {dagbag.py:545} INFO - Filling up the DagBag from /home/airflow/.local/lib/python3.12/site-packages/airflow/example_dags/example_local_kubernetes_executor.py
[2024-06-14T12:28:20.477+0000] {processor.py:840} INFO - DAG(s) 'example_local_kubernetes_executor' retrieved from /home/airflow/.local/lib/python3.12/site-packages/airflow/example_dags/example_local_kubernetes_executor.py
[2024-06-14T12:28:20.505+0000] {logging_mixin.py:188} INFO - [2024-06-14T12:28:20.505+0000] {dag.py:3096} INFO - Sync 1 DAGs
[2024-06-14T12:28:20.519+0000] {logging_mixin.py:188} INFO - [2024-06-14T12:28:20.518+0000] {dag.py:3954} INFO - Setting next_dagrun for example_local_kubernetes_executor to None, run_after=None
[2024-06-14T12:28:20.537+0000] {processor.py:183} INFO - Processing /home/airflow/.local/lib/python3.12/site-packages/airflow/example_dags/example_local_kubernetes_executor.py took 0.074 seconds
[2024-06-14T12:28:50.842+0000] {processor.py:161} INFO - Started process (PID=1234) to work on /home/airflow/.local/lib/python3.12/site-packages/airflow/example_dags/example_local_kubernetes_executor.py
[2024-06-14T12:28:50.843+0000] {processor.py:830} INFO - Processing file /home/airflow/.local/lib/python3.12/site-packages/airflow/example_dags/example_local_kubernetes_executor.py for tasks to queue
[2024-06-14T12:28:50.844+0000] {logging_mixin.py:188} INFO - [2024-06-14T12:28:50.844+0000] {dagbag.py:545} INFO - Filling up the DagBag from /home/airflow/.local/lib/python3.12/site-packages/airflow/example_dags/example_local_kubernetes_executor.py
[2024-06-14T12:28:50.850+0000] {processor.py:840} INFO - DAG(s) 'example_local_kubernetes_executor' retrieved from /home/airflow/.local/lib/python3.12/site-packages/airflow/example_dags/example_local_kubernetes_executor.py
[2024-06-14T12:28:50.872+0000] {logging_mixin.py:188} INFO - [2024-06-14T12:28:50.872+0000] {dag.py:3096} INFO - Sync 1 DAGs
[2024-06-14T12:28:50.880+0000] {logging_mixin.py:188} INFO - [2024-06-14T12:28:50.880+0000] {dag.py:3954} INFO - Setting next_dagrun for example_local_kubernetes_executor to None, run_after=None
[2024-06-14T12:28:50.893+0000] {processor.py:183} INFO - Processing /home/airflow/.local/lib/python3.12/site-packages/airflow/example_dags/example_local_kubernetes_executor.py took 0.054 seconds
[2024-06-14T12:29:21.208+0000] {processor.py:161} INFO - Started process (PID=1292) to work on /home/airflow/.local/lib/python3.12/site-packages/airflow/example_dags/example_local_kubernetes_executor.py
[2024-06-14T12:29:21.209+0000] {processor.py:830} INFO - Processing file /home/airflow/.local/lib/python3.12/site-packages/airflow/example_dags/example_local_kubernetes_executor.py for tasks to queue
[2024-06-14T12:29:21.210+0000] {logging_mixin.py:188} INFO - [2024-06-14T12:29:21.210+0000] {dagbag.py:545} INFO - Filling up the DagBag from /home/airflow/.local/lib/python3.12/site-packages/airflow/example_dags/example_local_kubernetes_executor.py
[2024-06-14T12:29:21.215+0000] {processor.py:840} INFO - DAG(s) 'example_local_kubernetes_executor' retrieved from /home/airflow/.local/lib/python3.12/site-packages/airflow/example_dags/example_local_kubernetes_executor.py
[2024-06-14T12:29:21.239+0000] {logging_mixin.py:188} INFO - [2024-06-14T12:29:21.239+0000] {dag.py:3096} INFO - Sync 1 DAGs
[2024-06-14T12:29:21.249+0000] {logging_mixin.py:188} INFO - [2024-06-14T12:29:21.248+0000] {dag.py:3954} INFO - Setting next_dagrun for example_local_kubernetes_executor to None, run_after=None
[2024-06-14T12:29:21.263+0000] {processor.py:183} INFO - Processing /home/airflow/.local/lib/python3.12/site-packages/airflow/example_dags/example_local_kubernetes_executor.py took 0.059 seconds
[2024-06-14T12:29:51.545+0000] {processor.py:161} INFO - Started process (PID=1350) to work on /home/airflow/.local/lib/python3.12/site-packages/airflow/example_dags/example_local_kubernetes_executor.py
[2024-06-14T12:29:51.546+0000] {processor.py:830} INFO - Processing file /home/airflow/.local/lib/python3.12/site-packages/airflow/example_dags/example_local_kubernetes_executor.py for tasks to queue
[2024-06-14T12:29:51.547+0000] {logging_mixin.py:188} INFO - [2024-06-14T12:29:51.547+0000] {dagbag.py:545} INFO - Filling up the DagBag from /home/airflow/.local/lib/python3.12/site-packages/airflow/example_dags/example_local_kubernetes_executor.py
[2024-06-14T12:29:51.552+0000] {processor.py:840} INFO - DAG(s) 'example_local_kubernetes_executor' retrieved from /home/airflow/.local/lib/python3.12/site-packages/airflow/example_dags/example_local_kubernetes_executor.py
[2024-06-14T12:29:51.575+0000] {logging_mixin.py:188} INFO - [2024-06-14T12:29:51.575+0000] {dag.py:3096} INFO - Sync 1 DAGs
[2024-06-14T12:29:51.584+0000] {logging_mixin.py:188} INFO - [2024-06-14T12:29:51.584+0000] {dag.py:3954} INFO - Setting next_dagrun for example_local_kubernetes_executor to None, run_after=None
[2024-06-14T12:29:51.598+0000] {processor.py:183} INFO - Processing /home/airflow/.local/lib/python3.12/site-packages/airflow/example_dags/example_local_kubernetes_executor.py took 0.057 seconds
[2024-06-14T12:30:21.844+0000] {processor.py:161} INFO - Started process (PID=1408) to work on /home/airflow/.local/lib/python3.12/site-packages/airflow/example_dags/example_local_kubernetes_executor.py
[2024-06-14T12:30:21.844+0000] {processor.py:830} INFO - Processing file /home/airflow/.local/lib/python3.12/site-packages/airflow/example_dags/example_local_kubernetes_executor.py for tasks to queue
[2024-06-14T12:30:21.846+0000] {logging_mixin.py:188} INFO - [2024-06-14T12:30:21.845+0000] {dagbag.py:545} INFO - Filling up the DagBag from /home/airflow/.local/lib/python3.12/site-packages/airflow/example_dags/example_local_kubernetes_executor.py
[2024-06-14T12:30:21.851+0000] {processor.py:840} INFO - DAG(s) 'example_local_kubernetes_executor' retrieved from /home/airflow/.local/lib/python3.12/site-packages/airflow/example_dags/example_local_kubernetes_executor.py
[2024-06-14T12:30:21.881+0000] {logging_mixin.py:188} INFO - [2024-06-14T12:30:21.880+0000] {dag.py:3096} INFO - Sync 1 DAGs
[2024-06-14T12:30:21.894+0000] {logging_mixin.py:188} INFO - [2024-06-14T12:30:21.894+0000] {dag.py:3954} INFO - Setting next_dagrun for example_local_kubernetes_executor to None, run_after=None
[2024-06-14T12:30:21.910+0000] {processor.py:183} INFO - Processing /home/airflow/.local/lib/python3.12/site-packages/airflow/example_dags/example_local_kubernetes_executor.py took 0.071 seconds
[2024-06-14T12:30:52.134+0000] {processor.py:161} INFO - Started process (PID=1466) to work on /home/airflow/.local/lib/python3.12/site-packages/airflow/example_dags/example_local_kubernetes_executor.py
[2024-06-14T12:30:52.134+0000] {processor.py:830} INFO - Processing file /home/airflow/.local/lib/python3.12/site-packages/airflow/example_dags/example_local_kubernetes_executor.py for tasks to queue
[2024-06-14T12:30:52.136+0000] {logging_mixin.py:188} INFO - [2024-06-14T12:30:52.135+0000] {dagbag.py:545} INFO - Filling up the DagBag from /home/airflow/.local/lib/python3.12/site-packages/airflow/example_dags/example_local_kubernetes_executor.py
[2024-06-14T12:30:52.141+0000] {processor.py:840} INFO - DAG(s) 'example_local_kubernetes_executor' retrieved from /home/airflow/.local/lib/python3.12/site-packages/airflow/example_dags/example_local_kubernetes_executor.py
[2024-06-14T12:30:52.165+0000] {logging_mixin.py:188} INFO - [2024-06-14T12:30:52.165+0000] {dag.py:3096} INFO - Sync 1 DAGs
[2024-06-14T12:30:52.177+0000] {logging_mixin.py:188} INFO - [2024-06-14T12:30:52.177+0000] {dag.py:3954} INFO - Setting next_dagrun for example_local_kubernetes_executor to None, run_after=None
[2024-06-14T12:30:52.192+0000] {processor.py:183} INFO - Processing /home/airflow/.local/lib/python3.12/site-packages/airflow/example_dags/example_local_kubernetes_executor.py took 0.062 seconds
[2024-06-14T12:31:22.427+0000] {processor.py:161} INFO - Started process (PID=1524) to work on /home/airflow/.local/lib/python3.12/site-packages/airflow/example_dags/example_local_kubernetes_executor.py
[2024-06-14T12:31:22.427+0000] {processor.py:830} INFO - Processing file /home/airflow/.local/lib/python3.12/site-packages/airflow/example_dags/example_local_kubernetes_executor.py for tasks to queue
[2024-06-14T12:31:22.429+0000] {logging_mixin.py:188} INFO - [2024-06-14T12:31:22.429+0000] {dagbag.py:545} INFO - Filling up the DagBag from /home/airflow/.local/lib/python3.12/site-packages/airflow/example_dags/example_local_kubernetes_executor.py
[2024-06-14T12:31:22.434+0000] {processor.py:840} INFO - DAG(s) 'example_local_kubernetes_executor' retrieved from /home/airflow/.local/lib/python3.12/site-packages/airflow/example_dags/example_local_kubernetes_executor.py
[2024-06-14T12:31:22.460+0000] {logging_mixin.py:188} INFO - [2024-06-14T12:31:22.460+0000] {dag.py:3096} INFO - Sync 1 DAGs
[2024-06-14T12:31:22.472+0000] {logging_mixin.py:188} INFO - [2024-06-14T12:31:22.471+0000] {dag.py:3954} INFO - Setting next_dagrun for example_local_kubernetes_executor to None, run_after=None
[2024-06-14T12:31:22.485+0000] {processor.py:183} INFO - Processing /home/airflow/.local/lib/python3.12/site-packages/airflow/example_dags/example_local_kubernetes_executor.py took 0.063 seconds
[2024-06-14T12:31:52.731+0000] {processor.py:161} INFO - Started process (PID=1582) to work on /home/airflow/.local/lib/python3.12/site-packages/airflow/example_dags/example_local_kubernetes_executor.py
[2024-06-14T12:31:52.731+0000] {processor.py:830} INFO - Processing file /home/airflow/.local/lib/python3.12/site-packages/airflow/example_dags/example_local_kubernetes_executor.py for tasks to queue
[2024-06-14T12:31:52.733+0000] {logging_mixin.py:188} INFO - [2024-06-14T12:31:52.733+0000] {dagbag.py:545} INFO - Filling up the DagBag from /home/airflow/.local/lib/python3.12/site-packages/airflow/example_dags/example_local_kubernetes_executor.py
[2024-06-14T12:31:52.738+0000] {processor.py:840} INFO - DAG(s) 'example_local_kubernetes_executor' retrieved from /home/airflow/.local/lib/python3.12/site-packages/airflow/example_dags/example_local_kubernetes_executor.py
[2024-06-14T12:31:52.762+0000] {logging_mixin.py:188} INFO - [2024-06-14T12:31:52.761+0000] {dag.py:3096} INFO - Sync 1 DAGs
[2024-06-14T12:31:52.772+0000] {logging_mixin.py:188} INFO - [2024-06-14T12:31:52.771+0000] {dag.py:3954} INFO - Setting next_dagrun for example_local_kubernetes_executor to None, run_after=None
[2024-06-14T12:31:52.786+0000] {processor.py:183} INFO - Processing /home/airflow/.local/lib/python3.12/site-packages/airflow/example_dags/example_local_kubernetes_executor.py took 0.059 seconds
[2024-06-14T12:32:23.013+0000] {processor.py:161} INFO - Started process (PID=1641) to work on /home/airflow/.local/lib/python3.12/site-packages/airflow/example_dags/example_local_kubernetes_executor.py
[2024-06-14T12:32:23.014+0000] {processor.py:830} INFO - Processing file /home/airflow/.local/lib/python3.12/site-packages/airflow/example_dags/example_local_kubernetes_executor.py for tasks to queue
[2024-06-14T12:32:23.016+0000] {logging_mixin.py:188} INFO - [2024-06-14T12:32:23.016+0000] {dagbag.py:545} INFO - Filling up the DagBag from /home/airflow/.local/lib/python3.12/site-packages/airflow/example_dags/example_local_kubernetes_executor.py
[2024-06-14T12:32:23.022+0000] {processor.py:840} INFO - DAG(s) 'example_local_kubernetes_executor' retrieved from /home/airflow/.local/lib/python3.12/site-packages/airflow/example_dags/example_local_kubernetes_executor.py
[2024-06-14T12:32:23.048+0000] {logging_mixin.py:188} INFO - [2024-06-14T12:32:23.048+0000] {dag.py:3096} INFO - Sync 1 DAGs
[2024-06-14T12:32:23.059+0000] {logging_mixin.py:188} INFO - [2024-06-14T12:32:23.058+0000] {dag.py:3954} INFO - Setting next_dagrun for example_local_kubernetes_executor to None, run_after=None
[2024-06-14T12:32:23.075+0000] {processor.py:183} INFO - Processing /home/airflow/.local/lib/python3.12/site-packages/airflow/example_dags/example_local_kubernetes_executor.py took 0.067 seconds
[2024-06-14T12:32:53.480+0000] {processor.py:161} INFO - Started process (PID=1699) to work on /home/airflow/.local/lib/python3.12/site-packages/airflow/example_dags/example_local_kubernetes_executor.py
[2024-06-14T12:32:53.481+0000] {processor.py:830} INFO - Processing file /home/airflow/.local/lib/python3.12/site-packages/airflow/example_dags/example_local_kubernetes_executor.py for tasks to queue
[2024-06-14T12:32:53.483+0000] {logging_mixin.py:188} INFO - [2024-06-14T12:32:53.483+0000] {dagbag.py:545} INFO - Filling up the DagBag from /home/airflow/.local/lib/python3.12/site-packages/airflow/example_dags/example_local_kubernetes_executor.py
[2024-06-14T12:32:53.488+0000] {processor.py:840} INFO - DAG(s) 'example_local_kubernetes_executor' retrieved from /home/airflow/.local/lib/python3.12/site-packages/airflow/example_dags/example_local_kubernetes_executor.py
[2024-06-14T12:32:53.521+0000] {logging_mixin.py:188} INFO - [2024-06-14T12:32:53.521+0000] {dag.py:3096} INFO - Sync 1 DAGs
[2024-06-14T12:32:53.535+0000] {logging_mixin.py:188} INFO - [2024-06-14T12:32:53.534+0000] {dag.py:3954} INFO - Setting next_dagrun for example_local_kubernetes_executor to None, run_after=None
[2024-06-14T12:32:53.553+0000] {processor.py:183} INFO - Processing /home/airflow/.local/lib/python3.12/site-packages/airflow/example_dags/example_local_kubernetes_executor.py took 0.078 seconds
[2024-06-14T12:33:24.084+0000] {processor.py:161} INFO - Started process (PID=1757) to work on /home/airflow/.local/lib/python3.12/site-packages/airflow/example_dags/example_local_kubernetes_executor.py
[2024-06-14T12:33:24.084+0000] {processor.py:830} INFO - Processing file /home/airflow/.local/lib/python3.12/site-packages/airflow/example_dags/example_local_kubernetes_executor.py for tasks to queue
[2024-06-14T12:33:24.086+0000] {logging_mixin.py:188} INFO - [2024-06-14T12:33:24.085+0000] {dagbag.py:545} INFO - Filling up the DagBag from /home/airflow/.local/lib/python3.12/site-packages/airflow/example_dags/example_local_kubernetes_executor.py
[2024-06-14T12:33:24.091+0000] {processor.py:840} INFO - DAG(s) 'example_local_kubernetes_executor' retrieved from /home/airflow/.local/lib/python3.12/site-packages/airflow/example_dags/example_local_kubernetes_executor.py
[2024-06-14T12:33:24.118+0000] {logging_mixin.py:188} INFO - [2024-06-14T12:33:24.117+0000] {dag.py:3096} INFO - Sync 1 DAGs
[2024-06-14T12:33:24.128+0000] {logging_mixin.py:188} INFO - [2024-06-14T12:33:24.127+0000] {dag.py:3954} INFO - Setting next_dagrun for example_local_kubernetes_executor to None, run_after=None
[2024-06-14T12:33:24.142+0000] {processor.py:183} INFO - Processing /home/airflow/.local/lib/python3.12/site-packages/airflow/example_dags/example_local_kubernetes_executor.py took 0.062 seconds
[2024-06-14T12:33:54.753+0000] {processor.py:161} INFO - Started process (PID=1815) to work on /home/airflow/.local/lib/python3.12/site-packages/airflow/example_dags/example_local_kubernetes_executor.py
[2024-06-14T12:33:54.754+0000] {processor.py:830} INFO - Processing file /home/airflow/.local/lib/python3.12/site-packages/airflow/example_dags/example_local_kubernetes_executor.py for tasks to queue
[2024-06-14T12:33:54.755+0000] {logging_mixin.py:188} INFO - [2024-06-14T12:33:54.755+0000] {dagbag.py:545} INFO - Filling up the DagBag from /home/airflow/.local/lib/python3.12/site-packages/airflow/example_dags/example_local_kubernetes_executor.py
[2024-06-14T12:33:54.760+0000] {processor.py:840} INFO - DAG(s) 'example_local_kubernetes_executor' retrieved from /home/airflow/.local/lib/python3.12/site-packages/airflow/example_dags/example_local_kubernetes_executor.py
[2024-06-14T12:33:54.782+0000] {logging_mixin.py:188} INFO - [2024-06-14T12:33:54.782+0000] {dag.py:3096} INFO - Sync 1 DAGs
[2024-06-14T12:33:54.792+0000] {logging_mixin.py:188} INFO - [2024-06-14T12:33:54.792+0000] {dag.py:3954} INFO - Setting next_dagrun for example_local_kubernetes_executor to None, run_after=None
[2024-06-14T12:33:54.805+0000] {processor.py:183} INFO - Processing /home/airflow/.local/lib/python3.12/site-packages/airflow/example_dags/example_local_kubernetes_executor.py took 0.056 seconds
[2024-06-14T12:34:25.803+0000] {processor.py:161} INFO - Started process (PID=1873) to work on /home/airflow/.local/lib/python3.12/site-packages/airflow/example_dags/example_local_kubernetes_executor.py
[2024-06-14T12:34:25.803+0000] {processor.py:830} INFO - Processing file /home/airflow/.local/lib/python3.12/site-packages/airflow/example_dags/example_local_kubernetes_executor.py for tasks to queue
[2024-06-14T12:34:25.805+0000] {logging_mixin.py:188} INFO - [2024-06-14T12:34:25.805+0000] {dagbag.py:545} INFO - Filling up the DagBag from /home/airflow/.local/lib/python3.12/site-packages/airflow/example_dags/example_local_kubernetes_executor.py
[2024-06-14T12:34:25.811+0000] {processor.py:840} INFO - DAG(s) 'example_local_kubernetes_executor' retrieved from /home/airflow/.local/lib/python3.12/site-packages/airflow/example_dags/example_local_kubernetes_executor.py
[2024-06-14T12:34:25.834+0000] {logging_mixin.py:188} INFO - [2024-06-14T12:34:25.834+0000] {dag.py:3096} INFO - Sync 1 DAGs
[2024-06-14T12:34:25.844+0000] {logging_mixin.py:188} INFO - [2024-06-14T12:34:25.844+0000] {dag.py:3954} INFO - Setting next_dagrun for example_local_kubernetes_executor to None, run_after=None
[2024-06-14T12:34:25.859+0000] {processor.py:183} INFO - Processing /home/airflow/.local/lib/python3.12/site-packages/airflow/example_dags/example_local_kubernetes_executor.py took 0.060 seconds
