[2024-06-14T12:06:30.224+0000] {processor.py:161} INFO - Started process (PID=40) to work on /home/airflow/.local/lib/python3.12/site-packages/airflow/example_dags/example_bash_decorator.py
[2024-06-14T12:06:30.224+0000] {processor.py:830} INFO - Processing file /home/airflow/.local/lib/python3.12/site-packages/airflow/example_dags/example_bash_decorator.py for tasks to queue
[2024-06-14T12:06:30.226+0000] {logging_mixin.py:188} INFO - [2024-06-14T12:06:30.226+0000] {dagbag.py:545} INFO - Filling up the DagBag from /home/airflow/.local/lib/python3.12/site-packages/airflow/example_dags/example_bash_decorator.py
[2024-06-14T12:06:30.238+0000] {processor.py:840} INFO - DAG(s) 'example_bash_decorator' retrieved from /home/airflow/.local/lib/python3.12/site-packages/airflow/example_dags/example_bash_decorator.py
[2024-06-14T12:06:30.248+0000] {logging_mixin.py:188} INFO - [2024-06-14T12:06:30.247+0000] {dag.py:3096} INFO - Sync 1 DAGs
[2024-06-14T12:06:30.262+0000] {logging_mixin.py:188} INFO - [2024-06-14T12:06:30.262+0000] {dag.py:3954} INFO - Setting next_dagrun for example_bash_decorator to None, run_after=None
[2024-06-14T12:06:30.277+0000] {processor.py:183} INFO - Processing /home/airflow/.local/lib/python3.12/site-packages/airflow/example_dags/example_bash_decorator.py took 0.057 seconds
[2024-06-14T12:07:01.255+0000] {processor.py:161} INFO - Started process (PID=98) to work on /home/airflow/.local/lib/python3.12/site-packages/airflow/example_dags/example_bash_decorator.py
[2024-06-14T12:07:01.256+0000] {processor.py:830} INFO - Processing file /home/airflow/.local/lib/python3.12/site-packages/airflow/example_dags/example_bash_decorator.py for tasks to queue
[2024-06-14T12:07:01.257+0000] {logging_mixin.py:188} INFO - [2024-06-14T12:07:01.257+0000] {dagbag.py:545} INFO - Filling up the DagBag from /home/airflow/.local/lib/python3.12/site-packages/airflow/example_dags/example_bash_decorator.py
[2024-06-14T12:07:01.268+0000] {processor.py:840} INFO - DAG(s) 'example_bash_decorator' retrieved from /home/airflow/.local/lib/python3.12/site-packages/airflow/example_dags/example_bash_decorator.py
[2024-06-14T12:07:01.349+0000] {logging_mixin.py:188} INFO - [2024-06-14T12:07:01.348+0000] {dag.py:3096} INFO - Sync 1 DAGs
[2024-06-14T12:07:01.357+0000] {logging_mixin.py:188} INFO - [2024-06-14T12:07:01.357+0000] {dag.py:3954} INFO - Setting next_dagrun for example_bash_decorator to None, run_after=None
[2024-06-14T12:07:01.373+0000] {processor.py:183} INFO - Processing /home/airflow/.local/lib/python3.12/site-packages/airflow/example_dags/example_bash_decorator.py took 0.123 seconds
[2024-06-14T12:07:32.093+0000] {processor.py:161} INFO - Started process (PID=156) to work on /home/airflow/.local/lib/python3.12/site-packages/airflow/example_dags/example_bash_decorator.py
[2024-06-14T12:07:32.094+0000] {processor.py:830} INFO - Processing file /home/airflow/.local/lib/python3.12/site-packages/airflow/example_dags/example_bash_decorator.py for tasks to queue
[2024-06-14T12:07:32.095+0000] {logging_mixin.py:188} INFO - [2024-06-14T12:07:32.095+0000] {dagbag.py:545} INFO - Filling up the DagBag from /home/airflow/.local/lib/python3.12/site-packages/airflow/example_dags/example_bash_decorator.py
[2024-06-14T12:07:32.107+0000] {processor.py:840} INFO - DAG(s) 'example_bash_decorator' retrieved from /home/airflow/.local/lib/python3.12/site-packages/airflow/example_dags/example_bash_decorator.py
[2024-06-14T12:07:32.127+0000] {logging_mixin.py:188} INFO - [2024-06-14T12:07:32.126+0000] {dag.py:3096} INFO - Sync 1 DAGs
[2024-06-14T12:07:32.137+0000] {logging_mixin.py:188} INFO - [2024-06-14T12:07:32.137+0000] {dag.py:3954} INFO - Setting next_dagrun for example_bash_decorator to None, run_after=None
[2024-06-14T12:07:32.150+0000] {processor.py:183} INFO - Processing /home/airflow/.local/lib/python3.12/site-packages/airflow/example_dags/example_bash_decorator.py took 0.062 seconds
[2024-06-14T12:08:02.294+0000] {processor.py:161} INFO - Started process (PID=214) to work on /home/airflow/.local/lib/python3.12/site-packages/airflow/example_dags/example_bash_decorator.py
[2024-06-14T12:08:02.295+0000] {processor.py:830} INFO - Processing file /home/airflow/.local/lib/python3.12/site-packages/airflow/example_dags/example_bash_decorator.py for tasks to queue
[2024-06-14T12:08:02.296+0000] {logging_mixin.py:188} INFO - [2024-06-14T12:08:02.296+0000] {dagbag.py:545} INFO - Filling up the DagBag from /home/airflow/.local/lib/python3.12/site-packages/airflow/example_dags/example_bash_decorator.py
[2024-06-14T12:08:02.305+0000] {processor.py:840} INFO - DAG(s) 'example_bash_decorator' retrieved from /home/airflow/.local/lib/python3.12/site-packages/airflow/example_dags/example_bash_decorator.py
[2024-06-14T12:08:02.321+0000] {logging_mixin.py:188} INFO - [2024-06-14T12:08:02.321+0000] {dag.py:3096} INFO - Sync 1 DAGs
[2024-06-14T12:08:02.331+0000] {logging_mixin.py:188} INFO - [2024-06-14T12:08:02.331+0000] {dag.py:3954} INFO - Setting next_dagrun for example_bash_decorator to None, run_after=None
[2024-06-14T12:08:02.344+0000] {processor.py:183} INFO - Processing /home/airflow/.local/lib/python3.12/site-packages/airflow/example_dags/example_bash_decorator.py took 0.054 seconds
[2024-06-14T12:08:32.450+0000] {processor.py:161} INFO - Started process (PID=272) to work on /home/airflow/.local/lib/python3.12/site-packages/airflow/example_dags/example_bash_decorator.py
[2024-06-14T12:08:32.451+0000] {processor.py:830} INFO - Processing file /home/airflow/.local/lib/python3.12/site-packages/airflow/example_dags/example_bash_decorator.py for tasks to queue
[2024-06-14T12:08:32.452+0000] {logging_mixin.py:188} INFO - [2024-06-14T12:08:32.452+0000] {dagbag.py:545} INFO - Filling up the DagBag from /home/airflow/.local/lib/python3.12/site-packages/airflow/example_dags/example_bash_decorator.py
[2024-06-14T12:08:32.464+0000] {processor.py:840} INFO - DAG(s) 'example_bash_decorator' retrieved from /home/airflow/.local/lib/python3.12/site-packages/airflow/example_dags/example_bash_decorator.py
[2024-06-14T12:08:32.481+0000] {logging_mixin.py:188} INFO - [2024-06-14T12:08:32.481+0000] {dag.py:3096} INFO - Sync 1 DAGs
[2024-06-14T12:08:32.491+0000] {logging_mixin.py:188} INFO - [2024-06-14T12:08:32.491+0000] {dag.py:3954} INFO - Setting next_dagrun for example_bash_decorator to None, run_after=None
[2024-06-14T12:08:32.507+0000] {processor.py:183} INFO - Processing /home/airflow/.local/lib/python3.12/site-packages/airflow/example_dags/example_bash_decorator.py took 0.061 seconds
[2024-06-14T12:09:02.705+0000] {processor.py:161} INFO - Started process (PID=330) to work on /home/airflow/.local/lib/python3.12/site-packages/airflow/example_dags/example_bash_decorator.py
[2024-06-14T12:09:02.706+0000] {processor.py:830} INFO - Processing file /home/airflow/.local/lib/python3.12/site-packages/airflow/example_dags/example_bash_decorator.py for tasks to queue
[2024-06-14T12:09:02.708+0000] {logging_mixin.py:188} INFO - [2024-06-14T12:09:02.707+0000] {dagbag.py:545} INFO - Filling up the DagBag from /home/airflow/.local/lib/python3.12/site-packages/airflow/example_dags/example_bash_decorator.py
[2024-06-14T12:09:02.720+0000] {processor.py:840} INFO - DAG(s) 'example_bash_decorator' retrieved from /home/airflow/.local/lib/python3.12/site-packages/airflow/example_dags/example_bash_decorator.py
[2024-06-14T12:09:02.739+0000] {logging_mixin.py:188} INFO - [2024-06-14T12:09:02.739+0000] {dag.py:3096} INFO - Sync 1 DAGs
[2024-06-14T12:09:02.750+0000] {logging_mixin.py:188} INFO - [2024-06-14T12:09:02.750+0000] {dag.py:3954} INFO - Setting next_dagrun for example_bash_decorator to None, run_after=None
[2024-06-14T12:09:02.767+0000] {processor.py:183} INFO - Processing /home/airflow/.local/lib/python3.12/site-packages/airflow/example_dags/example_bash_decorator.py took 0.067 seconds
[2024-06-14T12:09:32.951+0000] {processor.py:161} INFO - Started process (PID=395) to work on /home/airflow/.local/lib/python3.12/site-packages/airflow/example_dags/example_bash_decorator.py
[2024-06-14T12:09:32.952+0000] {processor.py:830} INFO - Processing file /home/airflow/.local/lib/python3.12/site-packages/airflow/example_dags/example_bash_decorator.py for tasks to queue
[2024-06-14T12:09:32.954+0000] {logging_mixin.py:188} INFO - [2024-06-14T12:09:32.954+0000] {dagbag.py:545} INFO - Filling up the DagBag from /home/airflow/.local/lib/python3.12/site-packages/airflow/example_dags/example_bash_decorator.py
[2024-06-14T12:09:32.967+0000] {processor.py:840} INFO - DAG(s) 'example_bash_decorator' retrieved from /home/airflow/.local/lib/python3.12/site-packages/airflow/example_dags/example_bash_decorator.py
[2024-06-14T12:09:32.989+0000] {logging_mixin.py:188} INFO - [2024-06-14T12:09:32.989+0000] {dag.py:3096} INFO - Sync 1 DAGs
[2024-06-14T12:09:33.001+0000] {logging_mixin.py:188} INFO - [2024-06-14T12:09:33.000+0000] {dag.py:3954} INFO - Setting next_dagrun for example_bash_decorator to None, run_after=None
[2024-06-14T12:09:33.018+0000] {processor.py:183} INFO - Processing /home/airflow/.local/lib/python3.12/site-packages/airflow/example_dags/example_bash_decorator.py took 0.071 seconds
[2024-06-14T12:10:03.339+0000] {processor.py:161} INFO - Started process (PID=453) to work on /home/airflow/.local/lib/python3.12/site-packages/airflow/example_dags/example_bash_decorator.py
[2024-06-14T12:10:03.340+0000] {processor.py:830} INFO - Processing file /home/airflow/.local/lib/python3.12/site-packages/airflow/example_dags/example_bash_decorator.py for tasks to queue
[2024-06-14T12:10:03.341+0000] {logging_mixin.py:188} INFO - [2024-06-14T12:10:03.341+0000] {dagbag.py:545} INFO - Filling up the DagBag from /home/airflow/.local/lib/python3.12/site-packages/airflow/example_dags/example_bash_decorator.py
[2024-06-14T12:10:03.351+0000] {processor.py:840} INFO - DAG(s) 'example_bash_decorator' retrieved from /home/airflow/.local/lib/python3.12/site-packages/airflow/example_dags/example_bash_decorator.py
[2024-06-14T12:10:03.367+0000] {logging_mixin.py:188} INFO - [2024-06-14T12:10:03.367+0000] {dag.py:3096} INFO - Sync 1 DAGs
[2024-06-14T12:10:03.376+0000] {logging_mixin.py:188} INFO - [2024-06-14T12:10:03.376+0000] {dag.py:3954} INFO - Setting next_dagrun for example_bash_decorator to None, run_after=None
[2024-06-14T12:10:03.389+0000] {processor.py:183} INFO - Processing /home/airflow/.local/lib/python3.12/site-packages/airflow/example_dags/example_bash_decorator.py took 0.054 seconds
[2024-06-14T12:10:33.494+0000] {processor.py:161} INFO - Started process (PID=511) to work on /home/airflow/.local/lib/python3.12/site-packages/airflow/example_dags/example_bash_decorator.py
[2024-06-14T12:10:33.494+0000] {processor.py:830} INFO - Processing file /home/airflow/.local/lib/python3.12/site-packages/airflow/example_dags/example_bash_decorator.py for tasks to queue
[2024-06-14T12:10:33.496+0000] {logging_mixin.py:188} INFO - [2024-06-14T12:10:33.496+0000] {dagbag.py:545} INFO - Filling up the DagBag from /home/airflow/.local/lib/python3.12/site-packages/airflow/example_dags/example_bash_decorator.py
[2024-06-14T12:10:33.510+0000] {processor.py:840} INFO - DAG(s) 'example_bash_decorator' retrieved from /home/airflow/.local/lib/python3.12/site-packages/airflow/example_dags/example_bash_decorator.py
[2024-06-14T12:10:33.528+0000] {logging_mixin.py:188} INFO - [2024-06-14T12:10:33.528+0000] {dag.py:3096} INFO - Sync 1 DAGs
[2024-06-14T12:10:33.538+0000] {logging_mixin.py:188} INFO - [2024-06-14T12:10:33.538+0000] {dag.py:3954} INFO - Setting next_dagrun for example_bash_decorator to None, run_after=None
[2024-06-14T12:10:33.556+0000] {processor.py:183} INFO - Processing /home/airflow/.local/lib/python3.12/site-packages/airflow/example_dags/example_bash_decorator.py took 0.066 seconds
[2024-06-14T12:11:03.728+0000] {processor.py:161} INFO - Started process (PID=576) to work on /home/airflow/.local/lib/python3.12/site-packages/airflow/example_dags/example_bash_decorator.py
[2024-06-14T12:11:03.729+0000] {processor.py:830} INFO - Processing file /home/airflow/.local/lib/python3.12/site-packages/airflow/example_dags/example_bash_decorator.py for tasks to queue
[2024-06-14T12:11:03.731+0000] {logging_mixin.py:188} INFO - [2024-06-14T12:11:03.730+0000] {dagbag.py:545} INFO - Filling up the DagBag from /home/airflow/.local/lib/python3.12/site-packages/airflow/example_dags/example_bash_decorator.py
[2024-06-14T12:11:03.743+0000] {processor.py:840} INFO - DAG(s) 'example_bash_decorator' retrieved from /home/airflow/.local/lib/python3.12/site-packages/airflow/example_dags/example_bash_decorator.py
[2024-06-14T12:11:03.765+0000] {logging_mixin.py:188} INFO - [2024-06-14T12:11:03.765+0000] {dag.py:3096} INFO - Sync 1 DAGs
[2024-06-14T12:11:03.775+0000] {logging_mixin.py:188} INFO - [2024-06-14T12:11:03.775+0000] {dag.py:3954} INFO - Setting next_dagrun for example_bash_decorator to None, run_after=None
[2024-06-14T12:11:03.791+0000] {processor.py:183} INFO - Processing /home/airflow/.local/lib/python3.12/site-packages/airflow/example_dags/example_bash_decorator.py took 0.067 seconds
[2024-06-14T12:11:33.913+0000] {processor.py:161} INFO - Started process (PID=634) to work on /home/airflow/.local/lib/python3.12/site-packages/airflow/example_dags/example_bash_decorator.py
[2024-06-14T12:11:33.914+0000] {processor.py:830} INFO - Processing file /home/airflow/.local/lib/python3.12/site-packages/airflow/example_dags/example_bash_decorator.py for tasks to queue
[2024-06-14T12:11:33.917+0000] {logging_mixin.py:188} INFO - [2024-06-14T12:11:33.917+0000] {dagbag.py:545} INFO - Filling up the DagBag from /home/airflow/.local/lib/python3.12/site-packages/airflow/example_dags/example_bash_decorator.py
[2024-06-14T12:11:33.929+0000] {processor.py:840} INFO - DAG(s) 'example_bash_decorator' retrieved from /home/airflow/.local/lib/python3.12/site-packages/airflow/example_dags/example_bash_decorator.py
[2024-06-14T12:11:33.949+0000] {logging_mixin.py:188} INFO - [2024-06-14T12:11:33.949+0000] {dag.py:3096} INFO - Sync 1 DAGs
[2024-06-14T12:11:33.961+0000] {logging_mixin.py:188} INFO - [2024-06-14T12:11:33.961+0000] {dag.py:3954} INFO - Setting next_dagrun for example_bash_decorator to None, run_after=None
[2024-06-14T12:11:33.978+0000] {processor.py:183} INFO - Processing /home/airflow/.local/lib/python3.12/site-packages/airflow/example_dags/example_bash_decorator.py took 0.070 seconds
[2024-06-14T12:12:04.142+0000] {processor.py:161} INFO - Started process (PID=692) to work on /home/airflow/.local/lib/python3.12/site-packages/airflow/example_dags/example_bash_decorator.py
[2024-06-14T12:12:04.143+0000] {processor.py:830} INFO - Processing file /home/airflow/.local/lib/python3.12/site-packages/airflow/example_dags/example_bash_decorator.py for tasks to queue
[2024-06-14T12:12:04.144+0000] {logging_mixin.py:188} INFO - [2024-06-14T12:12:04.144+0000] {dagbag.py:545} INFO - Filling up the DagBag from /home/airflow/.local/lib/python3.12/site-packages/airflow/example_dags/example_bash_decorator.py
[2024-06-14T12:12:04.153+0000] {processor.py:840} INFO - DAG(s) 'example_bash_decorator' retrieved from /home/airflow/.local/lib/python3.12/site-packages/airflow/example_dags/example_bash_decorator.py
[2024-06-14T12:12:04.169+0000] {logging_mixin.py:188} INFO - [2024-06-14T12:12:04.169+0000] {dag.py:3096} INFO - Sync 1 DAGs
[2024-06-14T12:12:04.180+0000] {logging_mixin.py:188} INFO - [2024-06-14T12:12:04.179+0000] {dag.py:3954} INFO - Setting next_dagrun for example_bash_decorator to None, run_after=None
[2024-06-14T12:12:04.194+0000] {processor.py:183} INFO - Processing /home/airflow/.local/lib/python3.12/site-packages/airflow/example_dags/example_bash_decorator.py took 0.058 seconds
[2024-06-14T12:12:34.329+0000] {processor.py:161} INFO - Started process (PID=750) to work on /home/airflow/.local/lib/python3.12/site-packages/airflow/example_dags/example_bash_decorator.py
[2024-06-14T12:12:34.329+0000] {processor.py:830} INFO - Processing file /home/airflow/.local/lib/python3.12/site-packages/airflow/example_dags/example_bash_decorator.py for tasks to queue
[2024-06-14T12:12:34.331+0000] {logging_mixin.py:188} INFO - [2024-06-14T12:12:34.330+0000] {dagbag.py:545} INFO - Filling up the DagBag from /home/airflow/.local/lib/python3.12/site-packages/airflow/example_dags/example_bash_decorator.py
[2024-06-14T12:12:34.339+0000] {processor.py:840} INFO - DAG(s) 'example_bash_decorator' retrieved from /home/airflow/.local/lib/python3.12/site-packages/airflow/example_dags/example_bash_decorator.py
[2024-06-14T12:12:34.354+0000] {logging_mixin.py:188} INFO - [2024-06-14T12:12:34.354+0000] {dag.py:3096} INFO - Sync 1 DAGs
[2024-06-14T12:12:34.363+0000] {logging_mixin.py:188} INFO - [2024-06-14T12:12:34.363+0000] {dag.py:3954} INFO - Setting next_dagrun for example_bash_decorator to None, run_after=None
[2024-06-14T12:12:34.378+0000] {processor.py:183} INFO - Processing /home/airflow/.local/lib/python3.12/site-packages/airflow/example_dags/example_bash_decorator.py took 0.053 seconds
[2024-06-14T12:13:04.459+0000] {processor.py:161} INFO - Started process (PID=808) to work on /home/airflow/.local/lib/python3.12/site-packages/airflow/example_dags/example_bash_decorator.py
[2024-06-14T12:13:04.460+0000] {processor.py:830} INFO - Processing file /home/airflow/.local/lib/python3.12/site-packages/airflow/example_dags/example_bash_decorator.py for tasks to queue
[2024-06-14T12:13:04.461+0000] {logging_mixin.py:188} INFO - [2024-06-14T12:13:04.461+0000] {dagbag.py:545} INFO - Filling up the DagBag from /home/airflow/.local/lib/python3.12/site-packages/airflow/example_dags/example_bash_decorator.py
[2024-06-14T12:13:04.470+0000] {processor.py:840} INFO - DAG(s) 'example_bash_decorator' retrieved from /home/airflow/.local/lib/python3.12/site-packages/airflow/example_dags/example_bash_decorator.py
[2024-06-14T12:13:04.489+0000] {logging_mixin.py:188} INFO - [2024-06-14T12:13:04.488+0000] {dag.py:3096} INFO - Sync 1 DAGs
[2024-06-14T12:13:04.501+0000] {logging_mixin.py:188} INFO - [2024-06-14T12:13:04.501+0000] {dag.py:3954} INFO - Setting next_dagrun for example_bash_decorator to None, run_after=None
[2024-06-14T12:13:04.518+0000] {processor.py:183} INFO - Processing /home/airflow/.local/lib/python3.12/site-packages/airflow/example_dags/example_bash_decorator.py took 0.064 seconds
[2024-06-14T12:13:34.809+0000] {processor.py:161} INFO - Started process (PID=866) to work on /home/airflow/.local/lib/python3.12/site-packages/airflow/example_dags/example_bash_decorator.py
[2024-06-14T12:13:34.810+0000] {processor.py:830} INFO - Processing file /home/airflow/.local/lib/python3.12/site-packages/airflow/example_dags/example_bash_decorator.py for tasks to queue
[2024-06-14T12:13:34.811+0000] {logging_mixin.py:188} INFO - [2024-06-14T12:13:34.811+0000] {dagbag.py:545} INFO - Filling up the DagBag from /home/airflow/.local/lib/python3.12/site-packages/airflow/example_dags/example_bash_decorator.py
[2024-06-14T12:13:34.824+0000] {processor.py:840} INFO - DAG(s) 'example_bash_decorator' retrieved from /home/airflow/.local/lib/python3.12/site-packages/airflow/example_dags/example_bash_decorator.py
[2024-06-14T12:13:34.848+0000] {logging_mixin.py:188} INFO - [2024-06-14T12:13:34.848+0000] {dag.py:3096} INFO - Sync 1 DAGs
[2024-06-14T12:13:34.864+0000] {logging_mixin.py:188} INFO - [2024-06-14T12:13:34.864+0000] {dag.py:3954} INFO - Setting next_dagrun for example_bash_decorator to None, run_after=None
[2024-06-14T12:13:34.881+0000] {processor.py:183} INFO - Processing /home/airflow/.local/lib/python3.12/site-packages/airflow/example_dags/example_bash_decorator.py took 0.077 seconds
[2024-06-14T12:14:05.312+0000] {processor.py:161} INFO - Started process (PID=924) to work on /home/airflow/.local/lib/python3.12/site-packages/airflow/example_dags/example_bash_decorator.py
[2024-06-14T12:14:05.313+0000] {processor.py:830} INFO - Processing file /home/airflow/.local/lib/python3.12/site-packages/airflow/example_dags/example_bash_decorator.py for tasks to queue
[2024-06-14T12:14:05.315+0000] {logging_mixin.py:188} INFO - [2024-06-14T12:14:05.315+0000] {dagbag.py:545} INFO - Filling up the DagBag from /home/airflow/.local/lib/python3.12/site-packages/airflow/example_dags/example_bash_decorator.py
[2024-06-14T12:14:05.327+0000] {processor.py:840} INFO - DAG(s) 'example_bash_decorator' retrieved from /home/airflow/.local/lib/python3.12/site-packages/airflow/example_dags/example_bash_decorator.py
[2024-06-14T12:14:05.344+0000] {logging_mixin.py:188} INFO - [2024-06-14T12:14:05.344+0000] {dag.py:3096} INFO - Sync 1 DAGs
[2024-06-14T12:14:05.353+0000] {logging_mixin.py:188} INFO - [2024-06-14T12:14:05.353+0000] {dag.py:3954} INFO - Setting next_dagrun for example_bash_decorator to None, run_after=None
[2024-06-14T12:14:05.367+0000] {processor.py:183} INFO - Processing /home/airflow/.local/lib/python3.12/site-packages/airflow/example_dags/example_bash_decorator.py took 0.059 seconds
[2024-06-14T12:14:35.657+0000] {processor.py:161} INFO - Started process (PID=982) to work on /home/airflow/.local/lib/python3.12/site-packages/airflow/example_dags/example_bash_decorator.py
[2024-06-14T12:14:35.659+0000] {processor.py:830} INFO - Processing file /home/airflow/.local/lib/python3.12/site-packages/airflow/example_dags/example_bash_decorator.py for tasks to queue
[2024-06-14T12:14:35.661+0000] {logging_mixin.py:188} INFO - [2024-06-14T12:14:35.661+0000] {dagbag.py:545} INFO - Filling up the DagBag from /home/airflow/.local/lib/python3.12/site-packages/airflow/example_dags/example_bash_decorator.py
[2024-06-14T12:14:35.672+0000] {processor.py:840} INFO - DAG(s) 'example_bash_decorator' retrieved from /home/airflow/.local/lib/python3.12/site-packages/airflow/example_dags/example_bash_decorator.py
[2024-06-14T12:14:35.689+0000] {logging_mixin.py:188} INFO - [2024-06-14T12:14:35.688+0000] {dag.py:3096} INFO - Sync 1 DAGs
[2024-06-14T12:14:35.700+0000] {logging_mixin.py:188} INFO - [2024-06-14T12:14:35.699+0000] {dag.py:3954} INFO - Setting next_dagrun for example_bash_decorator to None, run_after=None
[2024-06-14T12:14:35.719+0000] {processor.py:183} INFO - Processing /home/airflow/.local/lib/python3.12/site-packages/airflow/example_dags/example_bash_decorator.py took 0.067 seconds
[2024-06-14T12:15:06.013+0000] {processor.py:161} INFO - Started process (PID=1040) to work on /home/airflow/.local/lib/python3.12/site-packages/airflow/example_dags/example_bash_decorator.py
[2024-06-14T12:15:06.014+0000] {processor.py:830} INFO - Processing file /home/airflow/.local/lib/python3.12/site-packages/airflow/example_dags/example_bash_decorator.py for tasks to queue
[2024-06-14T12:15:06.016+0000] {logging_mixin.py:188} INFO - [2024-06-14T12:15:06.015+0000] {dagbag.py:545} INFO - Filling up the DagBag from /home/airflow/.local/lib/python3.12/site-packages/airflow/example_dags/example_bash_decorator.py
[2024-06-14T12:15:06.026+0000] {processor.py:840} INFO - DAG(s) 'example_bash_decorator' retrieved from /home/airflow/.local/lib/python3.12/site-packages/airflow/example_dags/example_bash_decorator.py
[2024-06-14T12:15:06.043+0000] {logging_mixin.py:188} INFO - [2024-06-14T12:15:06.043+0000] {dag.py:3096} INFO - Sync 1 DAGs
[2024-06-14T12:15:06.054+0000] {logging_mixin.py:188} INFO - [2024-06-14T12:15:06.053+0000] {dag.py:3954} INFO - Setting next_dagrun for example_bash_decorator to None, run_after=None
[2024-06-14T12:15:06.072+0000] {processor.py:183} INFO - Processing /home/airflow/.local/lib/python3.12/site-packages/airflow/example_dags/example_bash_decorator.py took 0.063 seconds
[2024-06-14T12:15:36.277+0000] {processor.py:161} INFO - Started process (PID=1098) to work on /home/airflow/.local/lib/python3.12/site-packages/airflow/example_dags/example_bash_decorator.py
[2024-06-14T12:15:36.277+0000] {processor.py:830} INFO - Processing file /home/airflow/.local/lib/python3.12/site-packages/airflow/example_dags/example_bash_decorator.py for tasks to queue
[2024-06-14T12:15:36.279+0000] {logging_mixin.py:188} INFO - [2024-06-14T12:15:36.278+0000] {dagbag.py:545} INFO - Filling up the DagBag from /home/airflow/.local/lib/python3.12/site-packages/airflow/example_dags/example_bash_decorator.py
[2024-06-14T12:15:36.288+0000] {processor.py:840} INFO - DAG(s) 'example_bash_decorator' retrieved from /home/airflow/.local/lib/python3.12/site-packages/airflow/example_dags/example_bash_decorator.py
[2024-06-14T12:15:36.304+0000] {logging_mixin.py:188} INFO - [2024-06-14T12:15:36.304+0000] {dag.py:3096} INFO - Sync 1 DAGs
[2024-06-14T12:15:36.313+0000] {logging_mixin.py:188} INFO - [2024-06-14T12:15:36.312+0000] {dag.py:3954} INFO - Setting next_dagrun for example_bash_decorator to None, run_after=None
[2024-06-14T12:15:36.327+0000] {processor.py:183} INFO - Processing /home/airflow/.local/lib/python3.12/site-packages/airflow/example_dags/example_bash_decorator.py took 0.054 seconds
[2024-06-14T12:16:06.605+0000] {processor.py:161} INFO - Started process (PID=1156) to work on /home/airflow/.local/lib/python3.12/site-packages/airflow/example_dags/example_bash_decorator.py
[2024-06-14T12:16:06.605+0000] {processor.py:830} INFO - Processing file /home/airflow/.local/lib/python3.12/site-packages/airflow/example_dags/example_bash_decorator.py for tasks to queue
[2024-06-14T12:16:06.607+0000] {logging_mixin.py:188} INFO - [2024-06-14T12:16:06.607+0000] {dagbag.py:545} INFO - Filling up the DagBag from /home/airflow/.local/lib/python3.12/site-packages/airflow/example_dags/example_bash_decorator.py
[2024-06-14T12:16:06.617+0000] {processor.py:840} INFO - DAG(s) 'example_bash_decorator' retrieved from /home/airflow/.local/lib/python3.12/site-packages/airflow/example_dags/example_bash_decorator.py
[2024-06-14T12:16:06.636+0000] {logging_mixin.py:188} INFO - [2024-06-14T12:16:06.635+0000] {dag.py:3096} INFO - Sync 1 DAGs
[2024-06-14T12:16:06.645+0000] {logging_mixin.py:188} INFO - [2024-06-14T12:16:06.645+0000] {dag.py:3954} INFO - Setting next_dagrun for example_bash_decorator to None, run_after=None
[2024-06-14T12:16:06.658+0000] {processor.py:183} INFO - Processing /home/airflow/.local/lib/python3.12/site-packages/airflow/example_dags/example_bash_decorator.py took 0.057 seconds
[2024-06-14T12:16:36.933+0000] {processor.py:161} INFO - Started process (PID=1214) to work on /home/airflow/.local/lib/python3.12/site-packages/airflow/example_dags/example_bash_decorator.py
[2024-06-14T12:16:36.934+0000] {processor.py:830} INFO - Processing file /home/airflow/.local/lib/python3.12/site-packages/airflow/example_dags/example_bash_decorator.py for tasks to queue
[2024-06-14T12:16:36.935+0000] {logging_mixin.py:188} INFO - [2024-06-14T12:16:36.935+0000] {dagbag.py:545} INFO - Filling up the DagBag from /home/airflow/.local/lib/python3.12/site-packages/airflow/example_dags/example_bash_decorator.py
[2024-06-14T12:16:36.947+0000] {processor.py:840} INFO - DAG(s) 'example_bash_decorator' retrieved from /home/airflow/.local/lib/python3.12/site-packages/airflow/example_dags/example_bash_decorator.py
[2024-06-14T12:16:36.964+0000] {logging_mixin.py:188} INFO - [2024-06-14T12:16:36.964+0000] {dag.py:3096} INFO - Sync 1 DAGs
[2024-06-14T12:16:36.973+0000] {logging_mixin.py:188} INFO - [2024-06-14T12:16:36.973+0000] {dag.py:3954} INFO - Setting next_dagrun for example_bash_decorator to None, run_after=None
[2024-06-14T12:16:36.987+0000] {processor.py:183} INFO - Processing /home/airflow/.local/lib/python3.12/site-packages/airflow/example_dags/example_bash_decorator.py took 0.058 seconds
[2024-06-14T12:17:07.263+0000] {processor.py:161} INFO - Started process (PID=1272) to work on /home/airflow/.local/lib/python3.12/site-packages/airflow/example_dags/example_bash_decorator.py
[2024-06-14T12:17:07.264+0000] {processor.py:830} INFO - Processing file /home/airflow/.local/lib/python3.12/site-packages/airflow/example_dags/example_bash_decorator.py for tasks to queue
[2024-06-14T12:17:07.265+0000] {logging_mixin.py:188} INFO - [2024-06-14T12:17:07.265+0000] {dagbag.py:545} INFO - Filling up the DagBag from /home/airflow/.local/lib/python3.12/site-packages/airflow/example_dags/example_bash_decorator.py
[2024-06-14T12:17:07.274+0000] {processor.py:840} INFO - DAG(s) 'example_bash_decorator' retrieved from /home/airflow/.local/lib/python3.12/site-packages/airflow/example_dags/example_bash_decorator.py
[2024-06-14T12:17:07.291+0000] {logging_mixin.py:188} INFO - [2024-06-14T12:17:07.291+0000] {dag.py:3096} INFO - Sync 1 DAGs
[2024-06-14T12:17:07.300+0000] {logging_mixin.py:188} INFO - [2024-06-14T12:17:07.300+0000] {dag.py:3954} INFO - Setting next_dagrun for example_bash_decorator to None, run_after=None
[2024-06-14T12:17:07.313+0000] {processor.py:183} INFO - Processing /home/airflow/.local/lib/python3.12/site-packages/airflow/example_dags/example_bash_decorator.py took 0.054 seconds
[2024-06-14T12:17:37.631+0000] {processor.py:161} INFO - Started process (PID=1330) to work on /home/airflow/.local/lib/python3.12/site-packages/airflow/example_dags/example_bash_decorator.py
[2024-06-14T12:17:37.632+0000] {processor.py:830} INFO - Processing file /home/airflow/.local/lib/python3.12/site-packages/airflow/example_dags/example_bash_decorator.py for tasks to queue
[2024-06-14T12:17:37.633+0000] {logging_mixin.py:188} INFO - [2024-06-14T12:17:37.633+0000] {dagbag.py:545} INFO - Filling up the DagBag from /home/airflow/.local/lib/python3.12/site-packages/airflow/example_dags/example_bash_decorator.py
[2024-06-14T12:17:37.643+0000] {processor.py:840} INFO - DAG(s) 'example_bash_decorator' retrieved from /home/airflow/.local/lib/python3.12/site-packages/airflow/example_dags/example_bash_decorator.py
[2024-06-14T12:17:37.661+0000] {logging_mixin.py:188} INFO - [2024-06-14T12:17:37.661+0000] {dag.py:3096} INFO - Sync 1 DAGs
[2024-06-14T12:17:37.673+0000] {logging_mixin.py:188} INFO - [2024-06-14T12:17:37.673+0000] {dag.py:3954} INFO - Setting next_dagrun for example_bash_decorator to None, run_after=None
[2024-06-14T12:17:37.687+0000] {processor.py:183} INFO - Processing /home/airflow/.local/lib/python3.12/site-packages/airflow/example_dags/example_bash_decorator.py took 0.060 seconds
[2024-06-14T12:18:40.878+0000] {processor.py:161} INFO - Started process (PID=40) to work on /home/airflow/.local/lib/python3.12/site-packages/airflow/example_dags/example_bash_decorator.py
[2024-06-14T12:18:40.879+0000] {processor.py:830} INFO - Processing file /home/airflow/.local/lib/python3.12/site-packages/airflow/example_dags/example_bash_decorator.py for tasks to queue
[2024-06-14T12:18:40.880+0000] {logging_mixin.py:188} INFO - [2024-06-14T12:18:40.880+0000] {dagbag.py:545} INFO - Filling up the DagBag from /home/airflow/.local/lib/python3.12/site-packages/airflow/example_dags/example_bash_decorator.py
[2024-06-14T12:18:40.894+0000] {processor.py:840} INFO - DAG(s) 'example_bash_decorator' retrieved from /home/airflow/.local/lib/python3.12/site-packages/airflow/example_dags/example_bash_decorator.py
[2024-06-14T12:18:40.903+0000] {logging_mixin.py:188} INFO - [2024-06-14T12:18:40.903+0000] {dag.py:3096} INFO - Sync 1 DAGs
[2024-06-14T12:18:40.916+0000] {logging_mixin.py:188} INFO - [2024-06-14T12:18:40.916+0000] {dag.py:3954} INFO - Setting next_dagrun for example_bash_decorator to None, run_after=None
[2024-06-14T12:18:40.935+0000] {processor.py:183} INFO - Processing /home/airflow/.local/lib/python3.12/site-packages/airflow/example_dags/example_bash_decorator.py took 0.061 seconds
[2024-06-14T12:19:12.033+0000] {processor.py:161} INFO - Started process (PID=98) to work on /home/airflow/.local/lib/python3.12/site-packages/airflow/example_dags/example_bash_decorator.py
[2024-06-14T12:19:12.034+0000] {processor.py:830} INFO - Processing file /home/airflow/.local/lib/python3.12/site-packages/airflow/example_dags/example_bash_decorator.py for tasks to queue
[2024-06-14T12:19:12.035+0000] {logging_mixin.py:188} INFO - [2024-06-14T12:19:12.035+0000] {dagbag.py:545} INFO - Filling up the DagBag from /home/airflow/.local/lib/python3.12/site-packages/airflow/example_dags/example_bash_decorator.py
[2024-06-14T12:19:12.045+0000] {processor.py:840} INFO - DAG(s) 'example_bash_decorator' retrieved from /home/airflow/.local/lib/python3.12/site-packages/airflow/example_dags/example_bash_decorator.py
[2024-06-14T12:19:12.126+0000] {logging_mixin.py:188} INFO - [2024-06-14T12:19:12.126+0000] {dag.py:3096} INFO - Sync 1 DAGs
[2024-06-14T12:19:12.134+0000] {logging_mixin.py:188} INFO - [2024-06-14T12:19:12.134+0000] {dag.py:3954} INFO - Setting next_dagrun for example_bash_decorator to None, run_after=None
[2024-06-14T12:19:12.149+0000] {processor.py:183} INFO - Processing /home/airflow/.local/lib/python3.12/site-packages/airflow/example_dags/example_bash_decorator.py took 0.120 seconds
[2024-06-14T12:19:42.294+0000] {processor.py:161} INFO - Started process (PID=156) to work on /home/airflow/.local/lib/python3.12/site-packages/airflow/example_dags/example_bash_decorator.py
[2024-06-14T12:19:42.295+0000] {processor.py:830} INFO - Processing file /home/airflow/.local/lib/python3.12/site-packages/airflow/example_dags/example_bash_decorator.py for tasks to queue
[2024-06-14T12:19:42.296+0000] {logging_mixin.py:188} INFO - [2024-06-14T12:19:42.296+0000] {dagbag.py:545} INFO - Filling up the DagBag from /home/airflow/.local/lib/python3.12/site-packages/airflow/example_dags/example_bash_decorator.py
[2024-06-14T12:19:42.307+0000] {processor.py:840} INFO - DAG(s) 'example_bash_decorator' retrieved from /home/airflow/.local/lib/python3.12/site-packages/airflow/example_dags/example_bash_decorator.py
[2024-06-14T12:19:42.324+0000] {logging_mixin.py:188} INFO - [2024-06-14T12:19:42.324+0000] {dag.py:3096} INFO - Sync 1 DAGs
[2024-06-14T12:19:42.335+0000] {logging_mixin.py:188} INFO - [2024-06-14T12:19:42.335+0000] {dag.py:3954} INFO - Setting next_dagrun for example_bash_decorator to None, run_after=None
[2024-06-14T12:19:42.349+0000] {processor.py:183} INFO - Processing /home/airflow/.local/lib/python3.12/site-packages/airflow/example_dags/example_bash_decorator.py took 0.060 seconds
[2024-06-14T12:20:12.711+0000] {processor.py:161} INFO - Started process (PID=214) to work on /home/airflow/.local/lib/python3.12/site-packages/airflow/example_dags/example_bash_decorator.py
[2024-06-14T12:20:12.712+0000] {processor.py:830} INFO - Processing file /home/airflow/.local/lib/python3.12/site-packages/airflow/example_dags/example_bash_decorator.py for tasks to queue
[2024-06-14T12:20:12.713+0000] {logging_mixin.py:188} INFO - [2024-06-14T12:20:12.713+0000] {dagbag.py:545} INFO - Filling up the DagBag from /home/airflow/.local/lib/python3.12/site-packages/airflow/example_dags/example_bash_decorator.py
[2024-06-14T12:20:12.727+0000] {processor.py:840} INFO - DAG(s) 'example_bash_decorator' retrieved from /home/airflow/.local/lib/python3.12/site-packages/airflow/example_dags/example_bash_decorator.py
[2024-06-14T12:20:12.757+0000] {logging_mixin.py:188} INFO - [2024-06-14T12:20:12.757+0000] {dag.py:3096} INFO - Sync 1 DAGs
[2024-06-14T12:20:12.768+0000] {logging_mixin.py:188} INFO - [2024-06-14T12:20:12.767+0000] {dag.py:3954} INFO - Setting next_dagrun for example_bash_decorator to None, run_after=None
[2024-06-14T12:20:12.784+0000] {processor.py:183} INFO - Processing /home/airflow/.local/lib/python3.12/site-packages/airflow/example_dags/example_bash_decorator.py took 0.078 seconds
[2024-06-14T12:20:43.209+0000] {processor.py:161} INFO - Started process (PID=272) to work on /home/airflow/.local/lib/python3.12/site-packages/airflow/example_dags/example_bash_decorator.py
[2024-06-14T12:20:43.210+0000] {processor.py:830} INFO - Processing file /home/airflow/.local/lib/python3.12/site-packages/airflow/example_dags/example_bash_decorator.py for tasks to queue
[2024-06-14T12:20:43.212+0000] {logging_mixin.py:188} INFO - [2024-06-14T12:20:43.211+0000] {dagbag.py:545} INFO - Filling up the DagBag from /home/airflow/.local/lib/python3.12/site-packages/airflow/example_dags/example_bash_decorator.py
[2024-06-14T12:20:43.223+0000] {processor.py:840} INFO - DAG(s) 'example_bash_decorator' retrieved from /home/airflow/.local/lib/python3.12/site-packages/airflow/example_dags/example_bash_decorator.py
[2024-06-14T12:20:43.240+0000] {logging_mixin.py:188} INFO - [2024-06-14T12:20:43.240+0000] {dag.py:3096} INFO - Sync 1 DAGs
[2024-06-14T12:20:43.250+0000] {logging_mixin.py:188} INFO - [2024-06-14T12:20:43.250+0000] {dag.py:3954} INFO - Setting next_dagrun for example_bash_decorator to None, run_after=None
[2024-06-14T12:20:43.264+0000] {processor.py:183} INFO - Processing /home/airflow/.local/lib/python3.12/site-packages/airflow/example_dags/example_bash_decorator.py took 0.058 seconds
[2024-06-14T12:21:13.478+0000] {processor.py:161} INFO - Started process (PID=330) to work on /home/airflow/.local/lib/python3.12/site-packages/airflow/example_dags/example_bash_decorator.py
[2024-06-14T12:21:13.478+0000] {processor.py:830} INFO - Processing file /home/airflow/.local/lib/python3.12/site-packages/airflow/example_dags/example_bash_decorator.py for tasks to queue
[2024-06-14T12:21:13.480+0000] {logging_mixin.py:188} INFO - [2024-06-14T12:21:13.480+0000] {dagbag.py:545} INFO - Filling up the DagBag from /home/airflow/.local/lib/python3.12/site-packages/airflow/example_dags/example_bash_decorator.py
[2024-06-14T12:21:13.491+0000] {processor.py:840} INFO - DAG(s) 'example_bash_decorator' retrieved from /home/airflow/.local/lib/python3.12/site-packages/airflow/example_dags/example_bash_decorator.py
[2024-06-14T12:21:13.510+0000] {logging_mixin.py:188} INFO - [2024-06-14T12:21:13.510+0000] {dag.py:3096} INFO - Sync 1 DAGs
[2024-06-14T12:21:13.520+0000] {logging_mixin.py:188} INFO - [2024-06-14T12:21:13.520+0000] {dag.py:3954} INFO - Setting next_dagrun for example_bash_decorator to None, run_after=None
[2024-06-14T12:21:13.539+0000] {processor.py:183} INFO - Processing /home/airflow/.local/lib/python3.12/site-packages/airflow/example_dags/example_bash_decorator.py took 0.067 seconds
[2024-06-14T12:21:43.667+0000] {processor.py:161} INFO - Started process (PID=388) to work on /home/airflow/.local/lib/python3.12/site-packages/airflow/example_dags/example_bash_decorator.py
[2024-06-14T12:21:43.668+0000] {processor.py:830} INFO - Processing file /home/airflow/.local/lib/python3.12/site-packages/airflow/example_dags/example_bash_decorator.py for tasks to queue
[2024-06-14T12:21:43.669+0000] {logging_mixin.py:188} INFO - [2024-06-14T12:21:43.669+0000] {dagbag.py:545} INFO - Filling up the DagBag from /home/airflow/.local/lib/python3.12/site-packages/airflow/example_dags/example_bash_decorator.py
[2024-06-14T12:21:43.682+0000] {processor.py:840} INFO - DAG(s) 'example_bash_decorator' retrieved from /home/airflow/.local/lib/python3.12/site-packages/airflow/example_dags/example_bash_decorator.py
[2024-06-14T12:21:43.699+0000] {logging_mixin.py:188} INFO - [2024-06-14T12:21:43.699+0000] {dag.py:3096} INFO - Sync 1 DAGs
[2024-06-14T12:21:43.708+0000] {logging_mixin.py:188} INFO - [2024-06-14T12:21:43.707+0000] {dag.py:3954} INFO - Setting next_dagrun for example_bash_decorator to None, run_after=None
[2024-06-14T12:21:43.723+0000] {processor.py:183} INFO - Processing /home/airflow/.local/lib/python3.12/site-packages/airflow/example_dags/example_bash_decorator.py took 0.060 seconds
[2024-06-14T12:22:14.281+0000] {processor.py:161} INFO - Started process (PID=447) to work on /home/airflow/.local/lib/python3.12/site-packages/airflow/example_dags/example_bash_decorator.py
[2024-06-14T12:22:14.282+0000] {processor.py:830} INFO - Processing file /home/airflow/.local/lib/python3.12/site-packages/airflow/example_dags/example_bash_decorator.py for tasks to queue
[2024-06-14T12:22:14.283+0000] {logging_mixin.py:188} INFO - [2024-06-14T12:22:14.283+0000] {dagbag.py:545} INFO - Filling up the DagBag from /home/airflow/.local/lib/python3.12/site-packages/airflow/example_dags/example_bash_decorator.py
[2024-06-14T12:22:14.294+0000] {processor.py:840} INFO - DAG(s) 'example_bash_decorator' retrieved from /home/airflow/.local/lib/python3.12/site-packages/airflow/example_dags/example_bash_decorator.py
[2024-06-14T12:22:14.312+0000] {logging_mixin.py:188} INFO - [2024-06-14T12:22:14.312+0000] {dag.py:3096} INFO - Sync 1 DAGs
[2024-06-14T12:22:14.321+0000] {logging_mixin.py:188} INFO - [2024-06-14T12:22:14.321+0000] {dag.py:3954} INFO - Setting next_dagrun for example_bash_decorator to None, run_after=None
[2024-06-14T12:22:14.335+0000] {processor.py:183} INFO - Processing /home/airflow/.local/lib/python3.12/site-packages/airflow/example_dags/example_bash_decorator.py took 0.058 seconds
[2024-06-14T12:22:44.595+0000] {processor.py:161} INFO - Started process (PID=505) to work on /home/airflow/.local/lib/python3.12/site-packages/airflow/example_dags/example_bash_decorator.py
[2024-06-14T12:22:44.596+0000] {processor.py:830} INFO - Processing file /home/airflow/.local/lib/python3.12/site-packages/airflow/example_dags/example_bash_decorator.py for tasks to queue
[2024-06-14T12:22:44.597+0000] {logging_mixin.py:188} INFO - [2024-06-14T12:22:44.597+0000] {dagbag.py:545} INFO - Filling up the DagBag from /home/airflow/.local/lib/python3.12/site-packages/airflow/example_dags/example_bash_decorator.py
[2024-06-14T12:22:44.608+0000] {processor.py:840} INFO - DAG(s) 'example_bash_decorator' retrieved from /home/airflow/.local/lib/python3.12/site-packages/airflow/example_dags/example_bash_decorator.py
[2024-06-14T12:22:44.624+0000] {logging_mixin.py:188} INFO - [2024-06-14T12:22:44.624+0000] {dag.py:3096} INFO - Sync 1 DAGs
[2024-06-14T12:22:44.632+0000] {logging_mixin.py:188} INFO - [2024-06-14T12:22:44.632+0000] {dag.py:3954} INFO - Setting next_dagrun for example_bash_decorator to None, run_after=None
[2024-06-14T12:22:44.645+0000] {processor.py:183} INFO - Processing /home/airflow/.local/lib/python3.12/site-packages/airflow/example_dags/example_bash_decorator.py took 0.054 seconds
[2024-06-14T12:23:14.975+0000] {processor.py:161} INFO - Started process (PID=563) to work on /home/airflow/.local/lib/python3.12/site-packages/airflow/example_dags/example_bash_decorator.py
[2024-06-14T12:23:14.975+0000] {processor.py:830} INFO - Processing file /home/airflow/.local/lib/python3.12/site-packages/airflow/example_dags/example_bash_decorator.py for tasks to queue
[2024-06-14T12:23:14.977+0000] {logging_mixin.py:188} INFO - [2024-06-14T12:23:14.977+0000] {dagbag.py:545} INFO - Filling up the DagBag from /home/airflow/.local/lib/python3.12/site-packages/airflow/example_dags/example_bash_decorator.py
[2024-06-14T12:23:14.988+0000] {processor.py:840} INFO - DAG(s) 'example_bash_decorator' retrieved from /home/airflow/.local/lib/python3.12/site-packages/airflow/example_dags/example_bash_decorator.py
[2024-06-14T12:23:15.007+0000] {logging_mixin.py:188} INFO - [2024-06-14T12:23:15.007+0000] {dag.py:3096} INFO - Sync 1 DAGs
[2024-06-14T12:23:15.019+0000] {logging_mixin.py:188} INFO - [2024-06-14T12:23:15.019+0000] {dag.py:3954} INFO - Setting next_dagrun for example_bash_decorator to None, run_after=None
[2024-06-14T12:23:15.034+0000] {processor.py:183} INFO - Processing /home/airflow/.local/lib/python3.12/site-packages/airflow/example_dags/example_bash_decorator.py took 0.065 seconds
[2024-06-14T12:23:45.423+0000] {processor.py:161} INFO - Started process (PID=621) to work on /home/airflow/.local/lib/python3.12/site-packages/airflow/example_dags/example_bash_decorator.py
[2024-06-14T12:23:45.424+0000] {processor.py:830} INFO - Processing file /home/airflow/.local/lib/python3.12/site-packages/airflow/example_dags/example_bash_decorator.py for tasks to queue
[2024-06-14T12:23:45.425+0000] {logging_mixin.py:188} INFO - [2024-06-14T12:23:45.425+0000] {dagbag.py:545} INFO - Filling up the DagBag from /home/airflow/.local/lib/python3.12/site-packages/airflow/example_dags/example_bash_decorator.py
[2024-06-14T12:23:45.437+0000] {processor.py:840} INFO - DAG(s) 'example_bash_decorator' retrieved from /home/airflow/.local/lib/python3.12/site-packages/airflow/example_dags/example_bash_decorator.py
[2024-06-14T12:23:45.457+0000] {logging_mixin.py:188} INFO - [2024-06-14T12:23:45.457+0000] {dag.py:3096} INFO - Sync 1 DAGs
[2024-06-14T12:23:45.469+0000] {logging_mixin.py:188} INFO - [2024-06-14T12:23:45.469+0000] {dag.py:3954} INFO - Setting next_dagrun for example_bash_decorator to None, run_after=None
[2024-06-14T12:23:45.485+0000] {processor.py:183} INFO - Processing /home/airflow/.local/lib/python3.12/site-packages/airflow/example_dags/example_bash_decorator.py took 0.067 seconds
[2024-06-14T12:24:15.673+0000] {processor.py:161} INFO - Started process (PID=680) to work on /home/airflow/.local/lib/python3.12/site-packages/airflow/example_dags/example_bash_decorator.py
[2024-06-14T12:24:15.673+0000] {processor.py:830} INFO - Processing file /home/airflow/.local/lib/python3.12/site-packages/airflow/example_dags/example_bash_decorator.py for tasks to queue
[2024-06-14T12:24:15.675+0000] {logging_mixin.py:188} INFO - [2024-06-14T12:24:15.675+0000] {dagbag.py:545} INFO - Filling up the DagBag from /home/airflow/.local/lib/python3.12/site-packages/airflow/example_dags/example_bash_decorator.py
[2024-06-14T12:24:15.688+0000] {processor.py:840} INFO - DAG(s) 'example_bash_decorator' retrieved from /home/airflow/.local/lib/python3.12/site-packages/airflow/example_dags/example_bash_decorator.py
[2024-06-14T12:24:15.712+0000] {logging_mixin.py:188} INFO - [2024-06-14T12:24:15.712+0000] {dag.py:3096} INFO - Sync 1 DAGs
[2024-06-14T12:24:15.723+0000] {logging_mixin.py:188} INFO - [2024-06-14T12:24:15.723+0000] {dag.py:3954} INFO - Setting next_dagrun for example_bash_decorator to None, run_after=None
[2024-06-14T12:24:15.743+0000] {processor.py:183} INFO - Processing /home/airflow/.local/lib/python3.12/site-packages/airflow/example_dags/example_bash_decorator.py took 0.075 seconds
[2024-06-14T12:24:46.040+0000] {processor.py:161} INFO - Started process (PID=738) to work on /home/airflow/.local/lib/python3.12/site-packages/airflow/example_dags/example_bash_decorator.py
[2024-06-14T12:24:46.040+0000] {processor.py:830} INFO - Processing file /home/airflow/.local/lib/python3.12/site-packages/airflow/example_dags/example_bash_decorator.py for tasks to queue
[2024-06-14T12:24:46.042+0000] {logging_mixin.py:188} INFO - [2024-06-14T12:24:46.041+0000] {dagbag.py:545} INFO - Filling up the DagBag from /home/airflow/.local/lib/python3.12/site-packages/airflow/example_dags/example_bash_decorator.py
[2024-06-14T12:24:46.051+0000] {processor.py:840} INFO - DAG(s) 'example_bash_decorator' retrieved from /home/airflow/.local/lib/python3.12/site-packages/airflow/example_dags/example_bash_decorator.py
[2024-06-14T12:24:46.069+0000] {logging_mixin.py:188} INFO - [2024-06-14T12:24:46.069+0000] {dag.py:3096} INFO - Sync 1 DAGs
[2024-06-14T12:24:46.079+0000] {logging_mixin.py:188} INFO - [2024-06-14T12:24:46.079+0000] {dag.py:3954} INFO - Setting next_dagrun for example_bash_decorator to None, run_after=None
[2024-06-14T12:24:46.093+0000] {processor.py:183} INFO - Processing /home/airflow/.local/lib/python3.12/site-packages/airflow/example_dags/example_bash_decorator.py took 0.058 seconds
[2024-06-14T12:25:16.217+0000] {processor.py:161} INFO - Started process (PID=796) to work on /home/airflow/.local/lib/python3.12/site-packages/airflow/example_dags/example_bash_decorator.py
[2024-06-14T12:25:16.218+0000] {processor.py:830} INFO - Processing file /home/airflow/.local/lib/python3.12/site-packages/airflow/example_dags/example_bash_decorator.py for tasks to queue
[2024-06-14T12:25:16.219+0000] {logging_mixin.py:188} INFO - [2024-06-14T12:25:16.219+0000] {dagbag.py:545} INFO - Filling up the DagBag from /home/airflow/.local/lib/python3.12/site-packages/airflow/example_dags/example_bash_decorator.py
[2024-06-14T12:25:16.231+0000] {processor.py:840} INFO - DAG(s) 'example_bash_decorator' retrieved from /home/airflow/.local/lib/python3.12/site-packages/airflow/example_dags/example_bash_decorator.py
[2024-06-14T12:25:16.252+0000] {logging_mixin.py:188} INFO - [2024-06-14T12:25:16.252+0000] {dag.py:3096} INFO - Sync 1 DAGs
[2024-06-14T12:25:16.263+0000] {logging_mixin.py:188} INFO - [2024-06-14T12:25:16.262+0000] {dag.py:3954} INFO - Setting next_dagrun for example_bash_decorator to None, run_after=None
[2024-06-14T12:25:16.280+0000] {processor.py:183} INFO - Processing /home/airflow/.local/lib/python3.12/site-packages/airflow/example_dags/example_bash_decorator.py took 0.068 seconds
[2024-06-14T12:25:46.741+0000] {processor.py:161} INFO - Started process (PID=854) to work on /home/airflow/.local/lib/python3.12/site-packages/airflow/example_dags/example_bash_decorator.py
[2024-06-14T12:25:46.742+0000] {processor.py:830} INFO - Processing file /home/airflow/.local/lib/python3.12/site-packages/airflow/example_dags/example_bash_decorator.py for tasks to queue
[2024-06-14T12:25:46.744+0000] {logging_mixin.py:188} INFO - [2024-06-14T12:25:46.743+0000] {dagbag.py:545} INFO - Filling up the DagBag from /home/airflow/.local/lib/python3.12/site-packages/airflow/example_dags/example_bash_decorator.py
[2024-06-14T12:25:46.757+0000] {processor.py:840} INFO - DAG(s) 'example_bash_decorator' retrieved from /home/airflow/.local/lib/python3.12/site-packages/airflow/example_dags/example_bash_decorator.py
[2024-06-14T12:25:46.778+0000] {logging_mixin.py:188} INFO - [2024-06-14T12:25:46.777+0000] {dag.py:3096} INFO - Sync 1 DAGs
[2024-06-14T12:25:46.789+0000] {logging_mixin.py:188} INFO - [2024-06-14T12:25:46.789+0000] {dag.py:3954} INFO - Setting next_dagrun for example_bash_decorator to None, run_after=None
[2024-06-14T12:25:46.805+0000] {processor.py:183} INFO - Processing /home/airflow/.local/lib/python3.12/site-packages/airflow/example_dags/example_bash_decorator.py took 0.069 seconds
[2024-06-14T12:26:17.076+0000] {processor.py:161} INFO - Started process (PID=912) to work on /home/airflow/.local/lib/python3.12/site-packages/airflow/example_dags/example_bash_decorator.py
[2024-06-14T12:26:17.077+0000] {processor.py:830} INFO - Processing file /home/airflow/.local/lib/python3.12/site-packages/airflow/example_dags/example_bash_decorator.py for tasks to queue
[2024-06-14T12:26:17.079+0000] {logging_mixin.py:188} INFO - [2024-06-14T12:26:17.078+0000] {dagbag.py:545} INFO - Filling up the DagBag from /home/airflow/.local/lib/python3.12/site-packages/airflow/example_dags/example_bash_decorator.py
[2024-06-14T12:26:17.089+0000] {processor.py:840} INFO - DAG(s) 'example_bash_decorator' retrieved from /home/airflow/.local/lib/python3.12/site-packages/airflow/example_dags/example_bash_decorator.py
[2024-06-14T12:26:17.108+0000] {logging_mixin.py:188} INFO - [2024-06-14T12:26:17.107+0000] {dag.py:3096} INFO - Sync 1 DAGs
[2024-06-14T12:26:17.117+0000] {logging_mixin.py:188} INFO - [2024-06-14T12:26:17.117+0000] {dag.py:3954} INFO - Setting next_dagrun for example_bash_decorator to None, run_after=None
[2024-06-14T12:26:17.133+0000] {processor.py:183} INFO - Processing /home/airflow/.local/lib/python3.12/site-packages/airflow/example_dags/example_bash_decorator.py took 0.061 seconds
[2024-06-14T12:26:47.471+0000] {processor.py:161} INFO - Started process (PID=970) to work on /home/airflow/.local/lib/python3.12/site-packages/airflow/example_dags/example_bash_decorator.py
[2024-06-14T12:26:47.473+0000] {processor.py:830} INFO - Processing file /home/airflow/.local/lib/python3.12/site-packages/airflow/example_dags/example_bash_decorator.py for tasks to queue
[2024-06-14T12:26:47.474+0000] {logging_mixin.py:188} INFO - [2024-06-14T12:26:47.474+0000] {dagbag.py:545} INFO - Filling up the DagBag from /home/airflow/.local/lib/python3.12/site-packages/airflow/example_dags/example_bash_decorator.py
[2024-06-14T12:26:47.483+0000] {processor.py:840} INFO - DAG(s) 'example_bash_decorator' retrieved from /home/airflow/.local/lib/python3.12/site-packages/airflow/example_dags/example_bash_decorator.py
[2024-06-14T12:26:47.499+0000] {logging_mixin.py:188} INFO - [2024-06-14T12:26:47.498+0000] {dag.py:3096} INFO - Sync 1 DAGs
[2024-06-14T12:26:47.507+0000] {logging_mixin.py:188} INFO - [2024-06-14T12:26:47.507+0000] {dag.py:3954} INFO - Setting next_dagrun for example_bash_decorator to None, run_after=None
[2024-06-14T12:26:47.521+0000] {processor.py:183} INFO - Processing /home/airflow/.local/lib/python3.12/site-packages/airflow/example_dags/example_bash_decorator.py took 0.054 seconds
[2024-06-14T12:27:17.645+0000] {processor.py:161} INFO - Started process (PID=1028) to work on /home/airflow/.local/lib/python3.12/site-packages/airflow/example_dags/example_bash_decorator.py
[2024-06-14T12:27:17.645+0000] {processor.py:830} INFO - Processing file /home/airflow/.local/lib/python3.12/site-packages/airflow/example_dags/example_bash_decorator.py for tasks to queue
[2024-06-14T12:27:17.647+0000] {logging_mixin.py:188} INFO - [2024-06-14T12:27:17.646+0000] {dagbag.py:545} INFO - Filling up the DagBag from /home/airflow/.local/lib/python3.12/site-packages/airflow/example_dags/example_bash_decorator.py
[2024-06-14T12:27:17.658+0000] {processor.py:840} INFO - DAG(s) 'example_bash_decorator' retrieved from /home/airflow/.local/lib/python3.12/site-packages/airflow/example_dags/example_bash_decorator.py
[2024-06-14T12:27:17.677+0000] {logging_mixin.py:188} INFO - [2024-06-14T12:27:17.676+0000] {dag.py:3096} INFO - Sync 1 DAGs
[2024-06-14T12:27:17.687+0000] {logging_mixin.py:188} INFO - [2024-06-14T12:27:17.687+0000] {dag.py:3954} INFO - Setting next_dagrun for example_bash_decorator to None, run_after=None
[2024-06-14T12:27:17.702+0000] {processor.py:183} INFO - Processing /home/airflow/.local/lib/python3.12/site-packages/airflow/example_dags/example_bash_decorator.py took 0.062 seconds
[2024-06-14T12:27:47.840+0000] {processor.py:161} INFO - Started process (PID=1086) to work on /home/airflow/.local/lib/python3.12/site-packages/airflow/example_dags/example_bash_decorator.py
[2024-06-14T12:27:47.842+0000] {processor.py:830} INFO - Processing file /home/airflow/.local/lib/python3.12/site-packages/airflow/example_dags/example_bash_decorator.py for tasks to queue
[2024-06-14T12:27:47.843+0000] {logging_mixin.py:188} INFO - [2024-06-14T12:27:47.843+0000] {dagbag.py:545} INFO - Filling up the DagBag from /home/airflow/.local/lib/python3.12/site-packages/airflow/example_dags/example_bash_decorator.py
[2024-06-14T12:27:47.854+0000] {processor.py:840} INFO - DAG(s) 'example_bash_decorator' retrieved from /home/airflow/.local/lib/python3.12/site-packages/airflow/example_dags/example_bash_decorator.py
[2024-06-14T12:27:47.870+0000] {logging_mixin.py:188} INFO - [2024-06-14T12:27:47.870+0000] {dag.py:3096} INFO - Sync 1 DAGs
[2024-06-14T12:27:47.879+0000] {logging_mixin.py:188} INFO - [2024-06-14T12:27:47.879+0000] {dag.py:3954} INFO - Setting next_dagrun for example_bash_decorator to None, run_after=None
[2024-06-14T12:27:47.893+0000] {processor.py:183} INFO - Processing /home/airflow/.local/lib/python3.12/site-packages/airflow/example_dags/example_bash_decorator.py took 0.056 seconds
[2024-06-14T12:28:18.061+0000] {processor.py:161} INFO - Started process (PID=1144) to work on /home/airflow/.local/lib/python3.12/site-packages/airflow/example_dags/example_bash_decorator.py
[2024-06-14T12:28:18.062+0000] {processor.py:830} INFO - Processing file /home/airflow/.local/lib/python3.12/site-packages/airflow/example_dags/example_bash_decorator.py for tasks to queue
[2024-06-14T12:28:18.063+0000] {logging_mixin.py:188} INFO - [2024-06-14T12:28:18.063+0000] {dagbag.py:545} INFO - Filling up the DagBag from /home/airflow/.local/lib/python3.12/site-packages/airflow/example_dags/example_bash_decorator.py
[2024-06-14T12:28:18.074+0000] {processor.py:840} INFO - DAG(s) 'example_bash_decorator' retrieved from /home/airflow/.local/lib/python3.12/site-packages/airflow/example_dags/example_bash_decorator.py
[2024-06-14T12:28:18.090+0000] {logging_mixin.py:188} INFO - [2024-06-14T12:28:18.090+0000] {dag.py:3096} INFO - Sync 1 DAGs
[2024-06-14T12:28:18.100+0000] {logging_mixin.py:188} INFO - [2024-06-14T12:28:18.099+0000] {dag.py:3954} INFO - Setting next_dagrun for example_bash_decorator to None, run_after=None
[2024-06-14T12:28:18.113+0000] {processor.py:183} INFO - Processing /home/airflow/.local/lib/python3.12/site-packages/airflow/example_dags/example_bash_decorator.py took 0.056 seconds
[2024-06-14T12:28:48.392+0000] {processor.py:161} INFO - Started process (PID=1202) to work on /home/airflow/.local/lib/python3.12/site-packages/airflow/example_dags/example_bash_decorator.py
[2024-06-14T12:28:48.392+0000] {processor.py:830} INFO - Processing file /home/airflow/.local/lib/python3.12/site-packages/airflow/example_dags/example_bash_decorator.py for tasks to queue
[2024-06-14T12:28:48.395+0000] {logging_mixin.py:188} INFO - [2024-06-14T12:28:48.394+0000] {dagbag.py:545} INFO - Filling up the DagBag from /home/airflow/.local/lib/python3.12/site-packages/airflow/example_dags/example_bash_decorator.py
[2024-06-14T12:28:48.403+0000] {processor.py:840} INFO - DAG(s) 'example_bash_decorator' retrieved from /home/airflow/.local/lib/python3.12/site-packages/airflow/example_dags/example_bash_decorator.py
[2024-06-14T12:28:48.418+0000] {logging_mixin.py:188} INFO - [2024-06-14T12:28:48.418+0000] {dag.py:3096} INFO - Sync 1 DAGs
[2024-06-14T12:28:48.429+0000] {logging_mixin.py:188} INFO - [2024-06-14T12:28:48.428+0000] {dag.py:3954} INFO - Setting next_dagrun for example_bash_decorator to None, run_after=None
[2024-06-14T12:28:48.442+0000] {processor.py:183} INFO - Processing /home/airflow/.local/lib/python3.12/site-packages/airflow/example_dags/example_bash_decorator.py took 0.054 seconds
[2024-06-14T12:29:18.595+0000] {processor.py:161} INFO - Started process (PID=1260) to work on /home/airflow/.local/lib/python3.12/site-packages/airflow/example_dags/example_bash_decorator.py
[2024-06-14T12:29:18.596+0000] {processor.py:830} INFO - Processing file /home/airflow/.local/lib/python3.12/site-packages/airflow/example_dags/example_bash_decorator.py for tasks to queue
[2024-06-14T12:29:18.597+0000] {logging_mixin.py:188} INFO - [2024-06-14T12:29:18.597+0000] {dagbag.py:545} INFO - Filling up the DagBag from /home/airflow/.local/lib/python3.12/site-packages/airflow/example_dags/example_bash_decorator.py
[2024-06-14T12:29:18.607+0000] {processor.py:840} INFO - DAG(s) 'example_bash_decorator' retrieved from /home/airflow/.local/lib/python3.12/site-packages/airflow/example_dags/example_bash_decorator.py
[2024-06-14T12:29:18.624+0000] {logging_mixin.py:188} INFO - [2024-06-14T12:29:18.624+0000] {dag.py:3096} INFO - Sync 1 DAGs
[2024-06-14T12:29:18.632+0000] {logging_mixin.py:188} INFO - [2024-06-14T12:29:18.632+0000] {dag.py:3954} INFO - Setting next_dagrun for example_bash_decorator to None, run_after=None
[2024-06-14T12:29:18.646+0000] {processor.py:183} INFO - Processing /home/airflow/.local/lib/python3.12/site-packages/airflow/example_dags/example_bash_decorator.py took 0.055 seconds
[2024-06-14T12:29:49.011+0000] {processor.py:161} INFO - Started process (PID=1318) to work on /home/airflow/.local/lib/python3.12/site-packages/airflow/example_dags/example_bash_decorator.py
[2024-06-14T12:29:49.012+0000] {processor.py:830} INFO - Processing file /home/airflow/.local/lib/python3.12/site-packages/airflow/example_dags/example_bash_decorator.py for tasks to queue
[2024-06-14T12:29:49.015+0000] {logging_mixin.py:188} INFO - [2024-06-14T12:29:49.014+0000] {dagbag.py:545} INFO - Filling up the DagBag from /home/airflow/.local/lib/python3.12/site-packages/airflow/example_dags/example_bash_decorator.py
[2024-06-14T12:29:49.028+0000] {processor.py:840} INFO - DAG(s) 'example_bash_decorator' retrieved from /home/airflow/.local/lib/python3.12/site-packages/airflow/example_dags/example_bash_decorator.py
[2024-06-14T12:29:49.045+0000] {logging_mixin.py:188} INFO - [2024-06-14T12:29:49.045+0000] {dag.py:3096} INFO - Sync 1 DAGs
[2024-06-14T12:29:49.054+0000] {logging_mixin.py:188} INFO - [2024-06-14T12:29:49.054+0000] {dag.py:3954} INFO - Setting next_dagrun for example_bash_decorator to None, run_after=None
[2024-06-14T12:29:49.068+0000] {processor.py:183} INFO - Processing /home/airflow/.local/lib/python3.12/site-packages/airflow/example_dags/example_bash_decorator.py took 0.063 seconds
[2024-06-14T12:30:19.361+0000] {processor.py:161} INFO - Started process (PID=1376) to work on /home/airflow/.local/lib/python3.12/site-packages/airflow/example_dags/example_bash_decorator.py
[2024-06-14T12:30:19.362+0000] {processor.py:830} INFO - Processing file /home/airflow/.local/lib/python3.12/site-packages/airflow/example_dags/example_bash_decorator.py for tasks to queue
[2024-06-14T12:30:19.363+0000] {logging_mixin.py:188} INFO - [2024-06-14T12:30:19.363+0000] {dagbag.py:545} INFO - Filling up the DagBag from /home/airflow/.local/lib/python3.12/site-packages/airflow/example_dags/example_bash_decorator.py
[2024-06-14T12:30:19.373+0000] {processor.py:840} INFO - DAG(s) 'example_bash_decorator' retrieved from /home/airflow/.local/lib/python3.12/site-packages/airflow/example_dags/example_bash_decorator.py
[2024-06-14T12:30:19.392+0000] {logging_mixin.py:188} INFO - [2024-06-14T12:30:19.392+0000] {dag.py:3096} INFO - Sync 1 DAGs
[2024-06-14T12:30:19.402+0000] {logging_mixin.py:188} INFO - [2024-06-14T12:30:19.401+0000] {dag.py:3954} INFO - Setting next_dagrun for example_bash_decorator to None, run_after=None
[2024-06-14T12:30:19.419+0000] {processor.py:183} INFO - Processing /home/airflow/.local/lib/python3.12/site-packages/airflow/example_dags/example_bash_decorator.py took 0.061 seconds
[2024-06-14T12:30:49.692+0000] {processor.py:161} INFO - Started process (PID=1434) to work on /home/airflow/.local/lib/python3.12/site-packages/airflow/example_dags/example_bash_decorator.py
[2024-06-14T12:30:49.693+0000] {processor.py:830} INFO - Processing file /home/airflow/.local/lib/python3.12/site-packages/airflow/example_dags/example_bash_decorator.py for tasks to queue
[2024-06-14T12:30:49.694+0000] {logging_mixin.py:188} INFO - [2024-06-14T12:30:49.694+0000] {dagbag.py:545} INFO - Filling up the DagBag from /home/airflow/.local/lib/python3.12/site-packages/airflow/example_dags/example_bash_decorator.py
[2024-06-14T12:30:49.705+0000] {processor.py:840} INFO - DAG(s) 'example_bash_decorator' retrieved from /home/airflow/.local/lib/python3.12/site-packages/airflow/example_dags/example_bash_decorator.py
[2024-06-14T12:30:49.723+0000] {logging_mixin.py:188} INFO - [2024-06-14T12:30:49.722+0000] {dag.py:3096} INFO - Sync 1 DAGs
[2024-06-14T12:30:49.733+0000] {logging_mixin.py:188} INFO - [2024-06-14T12:30:49.733+0000] {dag.py:3954} INFO - Setting next_dagrun for example_bash_decorator to None, run_after=None
[2024-06-14T12:30:49.746+0000] {processor.py:183} INFO - Processing /home/airflow/.local/lib/python3.12/site-packages/airflow/example_dags/example_bash_decorator.py took 0.058 seconds
[2024-06-14T12:31:19.976+0000] {processor.py:161} INFO - Started process (PID=1492) to work on /home/airflow/.local/lib/python3.12/site-packages/airflow/example_dags/example_bash_decorator.py
[2024-06-14T12:31:19.976+0000] {processor.py:830} INFO - Processing file /home/airflow/.local/lib/python3.12/site-packages/airflow/example_dags/example_bash_decorator.py for tasks to queue
[2024-06-14T12:31:19.977+0000] {logging_mixin.py:188} INFO - [2024-06-14T12:31:19.977+0000] {dagbag.py:545} INFO - Filling up the DagBag from /home/airflow/.local/lib/python3.12/site-packages/airflow/example_dags/example_bash_decorator.py
[2024-06-14T12:31:19.986+0000] {processor.py:840} INFO - DAG(s) 'example_bash_decorator' retrieved from /home/airflow/.local/lib/python3.12/site-packages/airflow/example_dags/example_bash_decorator.py
[2024-06-14T12:31:20.001+0000] {logging_mixin.py:188} INFO - [2024-06-14T12:31:20.001+0000] {dag.py:3096} INFO - Sync 1 DAGs
[2024-06-14T12:31:20.011+0000] {logging_mixin.py:188} INFO - [2024-06-14T12:31:20.010+0000] {dag.py:3954} INFO - Setting next_dagrun for example_bash_decorator to None, run_after=None
[2024-06-14T12:31:20.025+0000] {processor.py:183} INFO - Processing /home/airflow/.local/lib/python3.12/site-packages/airflow/example_dags/example_bash_decorator.py took 0.053 seconds
[2024-06-14T12:31:50.254+0000] {processor.py:161} INFO - Started process (PID=1550) to work on /home/airflow/.local/lib/python3.12/site-packages/airflow/example_dags/example_bash_decorator.py
[2024-06-14T12:31:50.254+0000] {processor.py:830} INFO - Processing file /home/airflow/.local/lib/python3.12/site-packages/airflow/example_dags/example_bash_decorator.py for tasks to queue
[2024-06-14T12:31:50.256+0000] {logging_mixin.py:188} INFO - [2024-06-14T12:31:50.255+0000] {dagbag.py:545} INFO - Filling up the DagBag from /home/airflow/.local/lib/python3.12/site-packages/airflow/example_dags/example_bash_decorator.py
[2024-06-14T12:31:50.265+0000] {processor.py:840} INFO - DAG(s) 'example_bash_decorator' retrieved from /home/airflow/.local/lib/python3.12/site-packages/airflow/example_dags/example_bash_decorator.py
[2024-06-14T12:31:50.280+0000] {logging_mixin.py:188} INFO - [2024-06-14T12:31:50.280+0000] {dag.py:3096} INFO - Sync 1 DAGs
[2024-06-14T12:31:50.290+0000] {logging_mixin.py:188} INFO - [2024-06-14T12:31:50.289+0000] {dag.py:3954} INFO - Setting next_dagrun for example_bash_decorator to None, run_after=None
[2024-06-14T12:31:50.303+0000] {processor.py:183} INFO - Processing /home/airflow/.local/lib/python3.12/site-packages/airflow/example_dags/example_bash_decorator.py took 0.054 seconds
[2024-06-14T12:32:20.570+0000] {processor.py:161} INFO - Started process (PID=1609) to work on /home/airflow/.local/lib/python3.12/site-packages/airflow/example_dags/example_bash_decorator.py
[2024-06-14T12:32:20.571+0000] {processor.py:830} INFO - Processing file /home/airflow/.local/lib/python3.12/site-packages/airflow/example_dags/example_bash_decorator.py for tasks to queue
[2024-06-14T12:32:20.572+0000] {logging_mixin.py:188} INFO - [2024-06-14T12:32:20.572+0000] {dagbag.py:545} INFO - Filling up the DagBag from /home/airflow/.local/lib/python3.12/site-packages/airflow/example_dags/example_bash_decorator.py
[2024-06-14T12:32:20.581+0000] {processor.py:840} INFO - DAG(s) 'example_bash_decorator' retrieved from /home/airflow/.local/lib/python3.12/site-packages/airflow/example_dags/example_bash_decorator.py
[2024-06-14T12:32:20.598+0000] {logging_mixin.py:188} INFO - [2024-06-14T12:32:20.597+0000] {dag.py:3096} INFO - Sync 1 DAGs
[2024-06-14T12:32:20.607+0000] {logging_mixin.py:188} INFO - [2024-06-14T12:32:20.607+0000] {dag.py:3954} INFO - Setting next_dagrun for example_bash_decorator to None, run_after=None
[2024-06-14T12:32:20.622+0000] {processor.py:183} INFO - Processing /home/airflow/.local/lib/python3.12/site-packages/airflow/example_dags/example_bash_decorator.py took 0.056 seconds
[2024-06-14T12:32:50.896+0000] {processor.py:161} INFO - Started process (PID=1667) to work on /home/airflow/.local/lib/python3.12/site-packages/airflow/example_dags/example_bash_decorator.py
[2024-06-14T12:32:50.896+0000] {processor.py:830} INFO - Processing file /home/airflow/.local/lib/python3.12/site-packages/airflow/example_dags/example_bash_decorator.py for tasks to queue
[2024-06-14T12:32:50.898+0000] {logging_mixin.py:188} INFO - [2024-06-14T12:32:50.897+0000] {dagbag.py:545} INFO - Filling up the DagBag from /home/airflow/.local/lib/python3.12/site-packages/airflow/example_dags/example_bash_decorator.py
[2024-06-14T12:32:50.907+0000] {processor.py:840} INFO - DAG(s) 'example_bash_decorator' retrieved from /home/airflow/.local/lib/python3.12/site-packages/airflow/example_dags/example_bash_decorator.py
[2024-06-14T12:32:50.926+0000] {logging_mixin.py:188} INFO - [2024-06-14T12:32:50.926+0000] {dag.py:3096} INFO - Sync 1 DAGs
[2024-06-14T12:32:50.936+0000] {logging_mixin.py:188} INFO - [2024-06-14T12:32:50.936+0000] {dag.py:3954} INFO - Setting next_dagrun for example_bash_decorator to None, run_after=None
[2024-06-14T12:32:50.953+0000] {processor.py:183} INFO - Processing /home/airflow/.local/lib/python3.12/site-packages/airflow/example_dags/example_bash_decorator.py took 0.061 seconds
[2024-06-14T12:33:21.385+0000] {processor.py:161} INFO - Started process (PID=1725) to work on /home/airflow/.local/lib/python3.12/site-packages/airflow/example_dags/example_bash_decorator.py
[2024-06-14T12:33:21.386+0000] {processor.py:830} INFO - Processing file /home/airflow/.local/lib/python3.12/site-packages/airflow/example_dags/example_bash_decorator.py for tasks to queue
[2024-06-14T12:33:21.387+0000] {logging_mixin.py:188} INFO - [2024-06-14T12:33:21.387+0000] {dagbag.py:545} INFO - Filling up the DagBag from /home/airflow/.local/lib/python3.12/site-packages/airflow/example_dags/example_bash_decorator.py
[2024-06-14T12:33:21.398+0000] {processor.py:840} INFO - DAG(s) 'example_bash_decorator' retrieved from /home/airflow/.local/lib/python3.12/site-packages/airflow/example_dags/example_bash_decorator.py
[2024-06-14T12:33:21.416+0000] {logging_mixin.py:188} INFO - [2024-06-14T12:33:21.416+0000] {dag.py:3096} INFO - Sync 1 DAGs
[2024-06-14T12:33:21.430+0000] {logging_mixin.py:188} INFO - [2024-06-14T12:33:21.429+0000] {dag.py:3954} INFO - Setting next_dagrun for example_bash_decorator to None, run_after=None
[2024-06-14T12:33:21.447+0000] {processor.py:183} INFO - Processing /home/airflow/.local/lib/python3.12/site-packages/airflow/example_dags/example_bash_decorator.py took 0.068 seconds
[2024-06-14T12:33:52.171+0000] {processor.py:161} INFO - Started process (PID=1783) to work on /home/airflow/.local/lib/python3.12/site-packages/airflow/example_dags/example_bash_decorator.py
[2024-06-14T12:33:52.172+0000] {processor.py:830} INFO - Processing file /home/airflow/.local/lib/python3.12/site-packages/airflow/example_dags/example_bash_decorator.py for tasks to queue
[2024-06-14T12:33:52.173+0000] {logging_mixin.py:188} INFO - [2024-06-14T12:33:52.173+0000] {dagbag.py:545} INFO - Filling up the DagBag from /home/airflow/.local/lib/python3.12/site-packages/airflow/example_dags/example_bash_decorator.py
[2024-06-14T12:33:52.183+0000] {processor.py:840} INFO - DAG(s) 'example_bash_decorator' retrieved from /home/airflow/.local/lib/python3.12/site-packages/airflow/example_dags/example_bash_decorator.py
[2024-06-14T12:33:52.202+0000] {logging_mixin.py:188} INFO - [2024-06-14T12:33:52.202+0000] {dag.py:3096} INFO - Sync 1 DAGs
[2024-06-14T12:33:52.212+0000] {logging_mixin.py:188} INFO - [2024-06-14T12:33:52.212+0000] {dag.py:3954} INFO - Setting next_dagrun for example_bash_decorator to None, run_after=None
[2024-06-14T12:33:52.229+0000] {processor.py:183} INFO - Processing /home/airflow/.local/lib/python3.12/site-packages/airflow/example_dags/example_bash_decorator.py took 0.063 seconds
[2024-06-14T12:34:22.639+0000] {processor.py:161} INFO - Started process (PID=1841) to work on /home/airflow/.local/lib/python3.12/site-packages/airflow/example_dags/example_bash_decorator.py
[2024-06-14T12:34:22.640+0000] {processor.py:830} INFO - Processing file /home/airflow/.local/lib/python3.12/site-packages/airflow/example_dags/example_bash_decorator.py for tasks to queue
[2024-06-14T12:34:22.641+0000] {logging_mixin.py:188} INFO - [2024-06-14T12:34:22.641+0000] {dagbag.py:545} INFO - Filling up the DagBag from /home/airflow/.local/lib/python3.12/site-packages/airflow/example_dags/example_bash_decorator.py
[2024-06-14T12:34:22.650+0000] {processor.py:840} INFO - DAG(s) 'example_bash_decorator' retrieved from /home/airflow/.local/lib/python3.12/site-packages/airflow/example_dags/example_bash_decorator.py
[2024-06-14T12:34:22.667+0000] {logging_mixin.py:188} INFO - [2024-06-14T12:34:22.667+0000] {dag.py:3096} INFO - Sync 1 DAGs
[2024-06-14T12:34:22.676+0000] {logging_mixin.py:188} INFO - [2024-06-14T12:34:22.675+0000] {dag.py:3954} INFO - Setting next_dagrun for example_bash_decorator to None, run_after=None
[2024-06-14T12:34:22.689+0000] {processor.py:183} INFO - Processing /home/airflow/.local/lib/python3.12/site-packages/airflow/example_dags/example_bash_decorator.py took 0.055 seconds
