[2024-06-14T12:06:31.890+0000] {processor.py:161} INFO - Started process (PID=70) to work on /home/airflow/.local/lib/python3.12/site-packages/airflow/example_dags/example_xcomargs.py
[2024-06-14T12:06:31.890+0000] {processor.py:830} INFO - Processing file /home/airflow/.local/lib/python3.12/site-packages/airflow/example_dags/example_xcomargs.py for tasks to queue
[2024-06-14T12:06:31.892+0000] {logging_mixin.py:188} INFO - [2024-06-14T12:06:31.892+0000] {dagbag.py:545} INFO - Filling up the DagBag from /home/airflow/.local/lib/python3.12/site-packages/airflow/example_dags/example_xcomargs.py
[2024-06-14T12:06:31.905+0000] {processor.py:840} INFO - DAG(s) 'example_xcom_args_with_operators', 'example_xcom_args' retrieved from /home/airflow/.local/lib/python3.12/site-packages/airflow/example_dags/example_xcomargs.py
[2024-06-14T12:06:31.919+0000] {logging_mixin.py:188} INFO - [2024-06-14T12:06:31.918+0000] {dag.py:3096} INFO - Sync 2 DAGs
[2024-06-14T12:06:31.935+0000] {logging_mixin.py:188} INFO - [2024-06-14T12:06:31.934+0000] {dag.py:3954} INFO - Setting next_dagrun for example_xcom_args to None, run_after=None
[2024-06-14T12:06:31.938+0000] {logging_mixin.py:188} INFO - [2024-06-14T12:06:31.938+0000] {dag.py:3954} INFO - Setting next_dagrun for example_xcom_args_with_operators to None, run_after=None
[2024-06-14T12:06:31.955+0000] {processor.py:183} INFO - Processing /home/airflow/.local/lib/python3.12/site-packages/airflow/example_dags/example_xcomargs.py took 0.072 seconds
[2024-06-14T12:07:03.517+0000] {processor.py:161} INFO - Started process (PID=128) to work on /home/airflow/.local/lib/python3.12/site-packages/airflow/example_dags/example_xcomargs.py
[2024-06-14T12:07:03.518+0000] {processor.py:830} INFO - Processing file /home/airflow/.local/lib/python3.12/site-packages/airflow/example_dags/example_xcomargs.py for tasks to queue
[2024-06-14T12:07:03.519+0000] {logging_mixin.py:188} INFO - [2024-06-14T12:07:03.519+0000] {dagbag.py:545} INFO - Filling up the DagBag from /home/airflow/.local/lib/python3.12/site-packages/airflow/example_dags/example_xcomargs.py
[2024-06-14T12:07:03.526+0000] {processor.py:840} INFO - DAG(s) 'example_xcom_args_with_operators', 'example_xcom_args' retrieved from /home/airflow/.local/lib/python3.12/site-packages/airflow/example_dags/example_xcomargs.py
[2024-06-14T12:07:03.612+0000] {logging_mixin.py:188} INFO - [2024-06-14T12:07:03.611+0000] {dag.py:3096} INFO - Sync 2 DAGs
[2024-06-14T12:07:03.621+0000] {logging_mixin.py:188} INFO - [2024-06-14T12:07:03.621+0000] {dag.py:3954} INFO - Setting next_dagrun for example_xcom_args to None, run_after=None
[2024-06-14T12:07:03.625+0000] {logging_mixin.py:188} INFO - [2024-06-14T12:07:03.624+0000] {dag.py:3954} INFO - Setting next_dagrun for example_xcom_args_with_operators to None, run_after=None
[2024-06-14T12:07:03.648+0000] {processor.py:183} INFO - Processing /home/airflow/.local/lib/python3.12/site-packages/airflow/example_dags/example_xcomargs.py took 0.136 seconds
[2024-06-14T12:07:34.331+0000] {processor.py:161} INFO - Started process (PID=186) to work on /home/airflow/.local/lib/python3.12/site-packages/airflow/example_dags/example_xcomargs.py
[2024-06-14T12:07:34.332+0000] {processor.py:830} INFO - Processing file /home/airflow/.local/lib/python3.12/site-packages/airflow/example_dags/example_xcomargs.py for tasks to queue
[2024-06-14T12:07:34.333+0000] {logging_mixin.py:188} INFO - [2024-06-14T12:07:34.333+0000] {dagbag.py:545} INFO - Filling up the DagBag from /home/airflow/.local/lib/python3.12/site-packages/airflow/example_dags/example_xcomargs.py
[2024-06-14T12:07:34.339+0000] {processor.py:840} INFO - DAG(s) 'example_xcom_args_with_operators', 'example_xcom_args' retrieved from /home/airflow/.local/lib/python3.12/site-packages/airflow/example_dags/example_xcomargs.py
[2024-06-14T12:07:34.356+0000] {logging_mixin.py:188} INFO - [2024-06-14T12:07:34.356+0000] {dag.py:3096} INFO - Sync 2 DAGs
[2024-06-14T12:07:34.367+0000] {logging_mixin.py:188} INFO - [2024-06-14T12:07:34.366+0000] {dag.py:3954} INFO - Setting next_dagrun for example_xcom_args to None, run_after=None
[2024-06-14T12:07:34.369+0000] {logging_mixin.py:188} INFO - [2024-06-14T12:07:34.369+0000] {dag.py:3954} INFO - Setting next_dagrun for example_xcom_args_with_operators to None, run_after=None
[2024-06-14T12:07:34.382+0000] {processor.py:183} INFO - Processing /home/airflow/.local/lib/python3.12/site-packages/airflow/example_dags/example_xcomargs.py took 0.055 seconds
[2024-06-14T12:08:04.590+0000] {processor.py:161} INFO - Started process (PID=244) to work on /home/airflow/.local/lib/python3.12/site-packages/airflow/example_dags/example_xcomargs.py
[2024-06-14T12:08:04.591+0000] {processor.py:830} INFO - Processing file /home/airflow/.local/lib/python3.12/site-packages/airflow/example_dags/example_xcomargs.py for tasks to queue
[2024-06-14T12:08:04.592+0000] {logging_mixin.py:188} INFO - [2024-06-14T12:08:04.592+0000] {dagbag.py:545} INFO - Filling up the DagBag from /home/airflow/.local/lib/python3.12/site-packages/airflow/example_dags/example_xcomargs.py
[2024-06-14T12:08:04.599+0000] {processor.py:840} INFO - DAG(s) 'example_xcom_args', 'example_xcom_args_with_operators' retrieved from /home/airflow/.local/lib/python3.12/site-packages/airflow/example_dags/example_xcomargs.py
[2024-06-14T12:08:04.616+0000] {logging_mixin.py:188} INFO - [2024-06-14T12:08:04.616+0000] {dag.py:3096} INFO - Sync 2 DAGs
[2024-06-14T12:08:04.626+0000] {logging_mixin.py:188} INFO - [2024-06-14T12:08:04.625+0000] {dag.py:3954} INFO - Setting next_dagrun for example_xcom_args to None, run_after=None
[2024-06-14T12:08:04.629+0000] {logging_mixin.py:188} INFO - [2024-06-14T12:08:04.629+0000] {dag.py:3954} INFO - Setting next_dagrun for example_xcom_args_with_operators to None, run_after=None
[2024-06-14T12:08:04.641+0000] {processor.py:183} INFO - Processing /home/airflow/.local/lib/python3.12/site-packages/airflow/example_dags/example_xcomargs.py took 0.055 seconds
[2024-06-14T12:08:34.852+0000] {processor.py:161} INFO - Started process (PID=302) to work on /home/airflow/.local/lib/python3.12/site-packages/airflow/example_dags/example_xcomargs.py
[2024-06-14T12:08:34.852+0000] {processor.py:830} INFO - Processing file /home/airflow/.local/lib/python3.12/site-packages/airflow/example_dags/example_xcomargs.py for tasks to queue
[2024-06-14T12:08:34.854+0000] {logging_mixin.py:188} INFO - [2024-06-14T12:08:34.854+0000] {dagbag.py:545} INFO - Filling up the DagBag from /home/airflow/.local/lib/python3.12/site-packages/airflow/example_dags/example_xcomargs.py
[2024-06-14T12:08:34.861+0000] {processor.py:840} INFO - DAG(s) 'example_xcom_args_with_operators', 'example_xcom_args' retrieved from /home/airflow/.local/lib/python3.12/site-packages/airflow/example_dags/example_xcomargs.py
[2024-06-14T12:08:34.879+0000] {logging_mixin.py:188} INFO - [2024-06-14T12:08:34.879+0000] {dag.py:3096} INFO - Sync 2 DAGs
[2024-06-14T12:08:34.889+0000] {logging_mixin.py:188} INFO - [2024-06-14T12:08:34.888+0000] {dag.py:3954} INFO - Setting next_dagrun for example_xcom_args to None, run_after=None
[2024-06-14T12:08:34.892+0000] {logging_mixin.py:188} INFO - [2024-06-14T12:08:34.892+0000] {dag.py:3954} INFO - Setting next_dagrun for example_xcom_args_with_operators to None, run_after=None
[2024-06-14T12:08:34.908+0000] {processor.py:183} INFO - Processing /home/airflow/.local/lib/python3.12/site-packages/airflow/example_dags/example_xcomargs.py took 0.060 seconds
[2024-06-14T12:09:05.001+0000] {processor.py:161} INFO - Started process (PID=360) to work on /home/airflow/.local/lib/python3.12/site-packages/airflow/example_dags/example_xcomargs.py
[2024-06-14T12:09:05.002+0000] {processor.py:830} INFO - Processing file /home/airflow/.local/lib/python3.12/site-packages/airflow/example_dags/example_xcomargs.py for tasks to queue
[2024-06-14T12:09:05.004+0000] {logging_mixin.py:188} INFO - [2024-06-14T12:09:05.003+0000] {dagbag.py:545} INFO - Filling up the DagBag from /home/airflow/.local/lib/python3.12/site-packages/airflow/example_dags/example_xcomargs.py
[2024-06-14T12:09:05.010+0000] {processor.py:840} INFO - DAG(s) 'example_xcom_args', 'example_xcom_args_with_operators' retrieved from /home/airflow/.local/lib/python3.12/site-packages/airflow/example_dags/example_xcomargs.py
[2024-06-14T12:09:05.033+0000] {logging_mixin.py:188} INFO - [2024-06-14T12:09:05.032+0000] {dag.py:3096} INFO - Sync 2 DAGs
[2024-06-14T12:09:05.045+0000] {logging_mixin.py:188} INFO - [2024-06-14T12:09:05.045+0000] {dag.py:3954} INFO - Setting next_dagrun for example_xcom_args to None, run_after=None
[2024-06-14T12:09:05.048+0000] {logging_mixin.py:188} INFO - [2024-06-14T12:09:05.048+0000] {dag.py:3954} INFO - Setting next_dagrun for example_xcom_args_with_operators to None, run_after=None
[2024-06-14T12:09:05.061+0000] {processor.py:183} INFO - Processing /home/airflow/.local/lib/python3.12/site-packages/airflow/example_dags/example_xcomargs.py took 0.065 seconds
[2024-06-14T12:09:35.545+0000] {processor.py:161} INFO - Started process (PID=425) to work on /home/airflow/.local/lib/python3.12/site-packages/airflow/example_dags/example_xcomargs.py
[2024-06-14T12:09:35.546+0000] {processor.py:830} INFO - Processing file /home/airflow/.local/lib/python3.12/site-packages/airflow/example_dags/example_xcomargs.py for tasks to queue
[2024-06-14T12:09:35.548+0000] {logging_mixin.py:188} INFO - [2024-06-14T12:09:35.548+0000] {dagbag.py:545} INFO - Filling up the DagBag from /home/airflow/.local/lib/python3.12/site-packages/airflow/example_dags/example_xcomargs.py
[2024-06-14T12:09:35.554+0000] {processor.py:840} INFO - DAG(s) 'example_xcom_args', 'example_xcom_args_with_operators' retrieved from /home/airflow/.local/lib/python3.12/site-packages/airflow/example_dags/example_xcomargs.py
[2024-06-14T12:09:35.573+0000] {logging_mixin.py:188} INFO - [2024-06-14T12:09:35.572+0000] {dag.py:3096} INFO - Sync 2 DAGs
[2024-06-14T12:09:35.584+0000] {logging_mixin.py:188} INFO - [2024-06-14T12:09:35.584+0000] {dag.py:3954} INFO - Setting next_dagrun for example_xcom_args to None, run_after=None
[2024-06-14T12:09:35.587+0000] {logging_mixin.py:188} INFO - [2024-06-14T12:09:35.587+0000] {dag.py:3954} INFO - Setting next_dagrun for example_xcom_args_with_operators to None, run_after=None
[2024-06-14T12:09:35.599+0000] {processor.py:183} INFO - Processing /home/airflow/.local/lib/python3.12/site-packages/airflow/example_dags/example_xcomargs.py took 0.059 seconds
[2024-06-14T12:10:05.639+0000] {processor.py:161} INFO - Started process (PID=483) to work on /home/airflow/.local/lib/python3.12/site-packages/airflow/example_dags/example_xcomargs.py
[2024-06-14T12:10:05.639+0000] {processor.py:830} INFO - Processing file /home/airflow/.local/lib/python3.12/site-packages/airflow/example_dags/example_xcomargs.py for tasks to queue
[2024-06-14T12:10:05.641+0000] {logging_mixin.py:188} INFO - [2024-06-14T12:10:05.640+0000] {dagbag.py:545} INFO - Filling up the DagBag from /home/airflow/.local/lib/python3.12/site-packages/airflow/example_dags/example_xcomargs.py
[2024-06-14T12:10:05.646+0000] {processor.py:840} INFO - DAG(s) 'example_xcom_args_with_operators', 'example_xcom_args' retrieved from /home/airflow/.local/lib/python3.12/site-packages/airflow/example_dags/example_xcomargs.py
[2024-06-14T12:10:05.663+0000] {logging_mixin.py:188} INFO - [2024-06-14T12:10:05.663+0000] {dag.py:3096} INFO - Sync 2 DAGs
[2024-06-14T12:10:05.673+0000] {logging_mixin.py:188} INFO - [2024-06-14T12:10:05.673+0000] {dag.py:3954} INFO - Setting next_dagrun for example_xcom_args to None, run_after=None
[2024-06-14T12:10:05.676+0000] {logging_mixin.py:188} INFO - [2024-06-14T12:10:05.676+0000] {dag.py:3954} INFO - Setting next_dagrun for example_xcom_args_with_operators to None, run_after=None
[2024-06-14T12:10:05.688+0000] {processor.py:183} INFO - Processing /home/airflow/.local/lib/python3.12/site-packages/airflow/example_dags/example_xcomargs.py took 0.053 seconds
[2024-06-14T12:10:35.883+0000] {processor.py:161} INFO - Started process (PID=541) to work on /home/airflow/.local/lib/python3.12/site-packages/airflow/example_dags/example_xcomargs.py
[2024-06-14T12:10:35.884+0000] {processor.py:830} INFO - Processing file /home/airflow/.local/lib/python3.12/site-packages/airflow/example_dags/example_xcomargs.py for tasks to queue
[2024-06-14T12:10:35.886+0000] {logging_mixin.py:188} INFO - [2024-06-14T12:10:35.886+0000] {dagbag.py:545} INFO - Filling up the DagBag from /home/airflow/.local/lib/python3.12/site-packages/airflow/example_dags/example_xcomargs.py
[2024-06-14T12:10:35.893+0000] {processor.py:840} INFO - DAG(s) 'example_xcom_args_with_operators', 'example_xcom_args' retrieved from /home/airflow/.local/lib/python3.12/site-packages/airflow/example_dags/example_xcomargs.py
[2024-06-14T12:10:35.918+0000] {logging_mixin.py:188} INFO - [2024-06-14T12:10:35.918+0000] {dag.py:3096} INFO - Sync 2 DAGs
[2024-06-14T12:10:35.929+0000] {logging_mixin.py:188} INFO - [2024-06-14T12:10:35.928+0000] {dag.py:3954} INFO - Setting next_dagrun for example_xcom_args to None, run_after=None
[2024-06-14T12:10:35.932+0000] {logging_mixin.py:188} INFO - [2024-06-14T12:10:35.931+0000] {dag.py:3954} INFO - Setting next_dagrun for example_xcom_args_with_operators to None, run_after=None
[2024-06-14T12:10:35.946+0000] {processor.py:183} INFO - Processing /home/airflow/.local/lib/python3.12/site-packages/airflow/example_dags/example_xcomargs.py took 0.068 seconds
[2024-06-14T12:11:06.047+0000] {processor.py:161} INFO - Started process (PID=606) to work on /home/airflow/.local/lib/python3.12/site-packages/airflow/example_dags/example_xcomargs.py
[2024-06-14T12:11:06.048+0000] {processor.py:830} INFO - Processing file /home/airflow/.local/lib/python3.12/site-packages/airflow/example_dags/example_xcomargs.py for tasks to queue
[2024-06-14T12:11:06.049+0000] {logging_mixin.py:188} INFO - [2024-06-14T12:11:06.049+0000] {dagbag.py:545} INFO - Filling up the DagBag from /home/airflow/.local/lib/python3.12/site-packages/airflow/example_dags/example_xcomargs.py
[2024-06-14T12:11:06.055+0000] {processor.py:840} INFO - DAG(s) 'example_xcom_args', 'example_xcom_args_with_operators' retrieved from /home/airflow/.local/lib/python3.12/site-packages/airflow/example_dags/example_xcomargs.py
[2024-06-14T12:11:06.074+0000] {logging_mixin.py:188} INFO - [2024-06-14T12:11:06.074+0000] {dag.py:3096} INFO - Sync 2 DAGs
[2024-06-14T12:11:06.085+0000] {logging_mixin.py:188} INFO - [2024-06-14T12:11:06.085+0000] {dag.py:3954} INFO - Setting next_dagrun for example_xcom_args to None, run_after=None
[2024-06-14T12:11:06.087+0000] {logging_mixin.py:188} INFO - [2024-06-14T12:11:06.087+0000] {dag.py:3954} INFO - Setting next_dagrun for example_xcom_args_with_operators to None, run_after=None
[2024-06-14T12:11:06.099+0000] {processor.py:183} INFO - Processing /home/airflow/.local/lib/python3.12/site-packages/airflow/example_dags/example_xcomargs.py took 0.057 seconds
[2024-06-14T12:11:36.278+0000] {processor.py:161} INFO - Started process (PID=664) to work on /home/airflow/.local/lib/python3.12/site-packages/airflow/example_dags/example_xcomargs.py
[2024-06-14T12:11:36.279+0000] {processor.py:830} INFO - Processing file /home/airflow/.local/lib/python3.12/site-packages/airflow/example_dags/example_xcomargs.py for tasks to queue
[2024-06-14T12:11:36.280+0000] {logging_mixin.py:188} INFO - [2024-06-14T12:11:36.280+0000] {dagbag.py:545} INFO - Filling up the DagBag from /home/airflow/.local/lib/python3.12/site-packages/airflow/example_dags/example_xcomargs.py
[2024-06-14T12:11:36.287+0000] {processor.py:840} INFO - DAG(s) 'example_xcom_args', 'example_xcom_args_with_operators' retrieved from /home/airflow/.local/lib/python3.12/site-packages/airflow/example_dags/example_xcomargs.py
[2024-06-14T12:11:36.305+0000] {logging_mixin.py:188} INFO - [2024-06-14T12:11:36.305+0000] {dag.py:3096} INFO - Sync 2 DAGs
[2024-06-14T12:11:36.315+0000] {logging_mixin.py:188} INFO - [2024-06-14T12:11:36.315+0000] {dag.py:3954} INFO - Setting next_dagrun for example_xcom_args to None, run_after=None
[2024-06-14T12:11:36.318+0000] {logging_mixin.py:188} INFO - [2024-06-14T12:11:36.318+0000] {dag.py:3954} INFO - Setting next_dagrun for example_xcom_args_with_operators to None, run_after=None
[2024-06-14T12:11:36.333+0000] {processor.py:183} INFO - Processing /home/airflow/.local/lib/python3.12/site-packages/airflow/example_dags/example_xcomargs.py took 0.060 seconds
[2024-06-14T12:12:06.456+0000] {processor.py:161} INFO - Started process (PID=722) to work on /home/airflow/.local/lib/python3.12/site-packages/airflow/example_dags/example_xcomargs.py
[2024-06-14T12:12:06.457+0000] {processor.py:830} INFO - Processing file /home/airflow/.local/lib/python3.12/site-packages/airflow/example_dags/example_xcomargs.py for tasks to queue
[2024-06-14T12:12:06.459+0000] {logging_mixin.py:188} INFO - [2024-06-14T12:12:06.458+0000] {dagbag.py:545} INFO - Filling up the DagBag from /home/airflow/.local/lib/python3.12/site-packages/airflow/example_dags/example_xcomargs.py
[2024-06-14T12:12:06.466+0000] {processor.py:840} INFO - DAG(s) 'example_xcom_args', 'example_xcom_args_with_operators' retrieved from /home/airflow/.local/lib/python3.12/site-packages/airflow/example_dags/example_xcomargs.py
[2024-06-14T12:12:06.484+0000] {logging_mixin.py:188} INFO - [2024-06-14T12:12:06.484+0000] {dag.py:3096} INFO - Sync 2 DAGs
[2024-06-14T12:12:06.494+0000] {logging_mixin.py:188} INFO - [2024-06-14T12:12:06.494+0000] {dag.py:3954} INFO - Setting next_dagrun for example_xcom_args to None, run_after=None
[2024-06-14T12:12:06.497+0000] {logging_mixin.py:188} INFO - [2024-06-14T12:12:06.497+0000] {dag.py:3954} INFO - Setting next_dagrun for example_xcom_args_with_operators to None, run_after=None
[2024-06-14T12:12:06.510+0000] {processor.py:183} INFO - Processing /home/airflow/.local/lib/python3.12/site-packages/airflow/example_dags/example_xcomargs.py took 0.058 seconds
[2024-06-14T12:12:36.555+0000] {processor.py:161} INFO - Started process (PID=780) to work on /home/airflow/.local/lib/python3.12/site-packages/airflow/example_dags/example_xcomargs.py
[2024-06-14T12:12:36.556+0000] {processor.py:830} INFO - Processing file /home/airflow/.local/lib/python3.12/site-packages/airflow/example_dags/example_xcomargs.py for tasks to queue
[2024-06-14T12:12:36.557+0000] {logging_mixin.py:188} INFO - [2024-06-14T12:12:36.557+0000] {dagbag.py:545} INFO - Filling up the DagBag from /home/airflow/.local/lib/python3.12/site-packages/airflow/example_dags/example_xcomargs.py
[2024-06-14T12:12:36.562+0000] {processor.py:840} INFO - DAG(s) 'example_xcom_args', 'example_xcom_args_with_operators' retrieved from /home/airflow/.local/lib/python3.12/site-packages/airflow/example_dags/example_xcomargs.py
[2024-06-14T12:12:36.580+0000] {logging_mixin.py:188} INFO - [2024-06-14T12:12:36.580+0000] {dag.py:3096} INFO - Sync 2 DAGs
[2024-06-14T12:12:36.590+0000] {logging_mixin.py:188} INFO - [2024-06-14T12:12:36.590+0000] {dag.py:3954} INFO - Setting next_dagrun for example_xcom_args to None, run_after=None
[2024-06-14T12:12:36.593+0000] {logging_mixin.py:188} INFO - [2024-06-14T12:12:36.593+0000] {dag.py:3954} INFO - Setting next_dagrun for example_xcom_args_with_operators to None, run_after=None
[2024-06-14T12:12:36.605+0000] {processor.py:183} INFO - Processing /home/airflow/.local/lib/python3.12/site-packages/airflow/example_dags/example_xcomargs.py took 0.055 seconds
[2024-06-14T12:13:06.870+0000] {processor.py:161} INFO - Started process (PID=838) to work on /home/airflow/.local/lib/python3.12/site-packages/airflow/example_dags/example_xcomargs.py
[2024-06-14T12:13:06.871+0000] {processor.py:830} INFO - Processing file /home/airflow/.local/lib/python3.12/site-packages/airflow/example_dags/example_xcomargs.py for tasks to queue
[2024-06-14T12:13:06.872+0000] {logging_mixin.py:188} INFO - [2024-06-14T12:13:06.872+0000] {dagbag.py:545} INFO - Filling up the DagBag from /home/airflow/.local/lib/python3.12/site-packages/airflow/example_dags/example_xcomargs.py
[2024-06-14T12:13:06.878+0000] {processor.py:840} INFO - DAG(s) 'example_xcom_args', 'example_xcom_args_with_operators' retrieved from /home/airflow/.local/lib/python3.12/site-packages/airflow/example_dags/example_xcomargs.py
[2024-06-14T12:13:06.896+0000] {logging_mixin.py:188} INFO - [2024-06-14T12:13:06.896+0000] {dag.py:3096} INFO - Sync 2 DAGs
[2024-06-14T12:13:06.907+0000] {logging_mixin.py:188} INFO - [2024-06-14T12:13:06.907+0000] {dag.py:3954} INFO - Setting next_dagrun for example_xcom_args to None, run_after=None
[2024-06-14T12:13:06.910+0000] {logging_mixin.py:188} INFO - [2024-06-14T12:13:06.910+0000] {dag.py:3954} INFO - Setting next_dagrun for example_xcom_args_with_operators to None, run_after=None
[2024-06-14T12:13:06.922+0000] {processor.py:183} INFO - Processing /home/airflow/.local/lib/python3.12/site-packages/airflow/example_dags/example_xcomargs.py took 0.057 seconds
[2024-06-14T12:13:37.291+0000] {processor.py:161} INFO - Started process (PID=896) to work on /home/airflow/.local/lib/python3.12/site-packages/airflow/example_dags/example_xcomargs.py
[2024-06-14T12:13:37.292+0000] {processor.py:830} INFO - Processing file /home/airflow/.local/lib/python3.12/site-packages/airflow/example_dags/example_xcomargs.py for tasks to queue
[2024-06-14T12:13:37.294+0000] {logging_mixin.py:188} INFO - [2024-06-14T12:13:37.294+0000] {dagbag.py:545} INFO - Filling up the DagBag from /home/airflow/.local/lib/python3.12/site-packages/airflow/example_dags/example_xcomargs.py
[2024-06-14T12:13:37.301+0000] {processor.py:840} INFO - DAG(s) 'example_xcom_args_with_operators', 'example_xcom_args' retrieved from /home/airflow/.local/lib/python3.12/site-packages/airflow/example_dags/example_xcomargs.py
[2024-06-14T12:13:37.321+0000] {logging_mixin.py:188} INFO - [2024-06-14T12:13:37.320+0000] {dag.py:3096} INFO - Sync 2 DAGs
[2024-06-14T12:13:37.358+0000] {logging_mixin.py:188} INFO - [2024-06-14T12:13:37.358+0000] {dag.py:3954} INFO - Setting next_dagrun for example_xcom_args to None, run_after=None
[2024-06-14T12:13:37.363+0000] {logging_mixin.py:188} INFO - [2024-06-14T12:13:37.362+0000] {dag.py:3954} INFO - Setting next_dagrun for example_xcom_args_with_operators to None, run_after=None
[2024-06-14T12:13:37.388+0000] {processor.py:183} INFO - Processing /home/airflow/.local/lib/python3.12/site-packages/airflow/example_dags/example_xcomargs.py took 0.100 seconds
[2024-06-14T12:14:07.535+0000] {processor.py:161} INFO - Started process (PID=954) to work on /home/airflow/.local/lib/python3.12/site-packages/airflow/example_dags/example_xcomargs.py
[2024-06-14T12:14:07.536+0000] {processor.py:830} INFO - Processing file /home/airflow/.local/lib/python3.12/site-packages/airflow/example_dags/example_xcomargs.py for tasks to queue
[2024-06-14T12:14:07.537+0000] {logging_mixin.py:188} INFO - [2024-06-14T12:14:07.537+0000] {dagbag.py:545} INFO - Filling up the DagBag from /home/airflow/.local/lib/python3.12/site-packages/airflow/example_dags/example_xcomargs.py
[2024-06-14T12:14:07.544+0000] {processor.py:840} INFO - DAG(s) 'example_xcom_args_with_operators', 'example_xcom_args' retrieved from /home/airflow/.local/lib/python3.12/site-packages/airflow/example_dags/example_xcomargs.py
[2024-06-14T12:14:07.561+0000] {logging_mixin.py:188} INFO - [2024-06-14T12:14:07.561+0000] {dag.py:3096} INFO - Sync 2 DAGs
[2024-06-14T12:14:07.570+0000] {logging_mixin.py:188} INFO - [2024-06-14T12:14:07.570+0000] {dag.py:3954} INFO - Setting next_dagrun for example_xcom_args to None, run_after=None
[2024-06-14T12:14:07.574+0000] {logging_mixin.py:188} INFO - [2024-06-14T12:14:07.573+0000] {dag.py:3954} INFO - Setting next_dagrun for example_xcom_args_with_operators to None, run_after=None
[2024-06-14T12:14:07.587+0000] {processor.py:183} INFO - Processing /home/airflow/.local/lib/python3.12/site-packages/airflow/example_dags/example_xcomargs.py took 0.055 seconds
[2024-06-14T12:14:37.861+0000] {processor.py:161} INFO - Started process (PID=1012) to work on /home/airflow/.local/lib/python3.12/site-packages/airflow/example_dags/example_xcomargs.py
[2024-06-14T12:14:37.861+0000] {processor.py:830} INFO - Processing file /home/airflow/.local/lib/python3.12/site-packages/airflow/example_dags/example_xcomargs.py for tasks to queue
[2024-06-14T12:14:37.863+0000] {logging_mixin.py:188} INFO - [2024-06-14T12:14:37.863+0000] {dagbag.py:545} INFO - Filling up the DagBag from /home/airflow/.local/lib/python3.12/site-packages/airflow/example_dags/example_xcomargs.py
[2024-06-14T12:14:37.869+0000] {processor.py:840} INFO - DAG(s) 'example_xcom_args_with_operators', 'example_xcom_args' retrieved from /home/airflow/.local/lib/python3.12/site-packages/airflow/example_dags/example_xcomargs.py
[2024-06-14T12:14:37.888+0000] {logging_mixin.py:188} INFO - [2024-06-14T12:14:37.888+0000] {dag.py:3096} INFO - Sync 2 DAGs
[2024-06-14T12:14:37.897+0000] {logging_mixin.py:188} INFO - [2024-06-14T12:14:37.897+0000] {dag.py:3954} INFO - Setting next_dagrun for example_xcom_args to None, run_after=None
[2024-06-14T12:14:37.900+0000] {logging_mixin.py:188} INFO - [2024-06-14T12:14:37.899+0000] {dag.py:3954} INFO - Setting next_dagrun for example_xcom_args_with_operators to None, run_after=None
[2024-06-14T12:14:37.917+0000] {processor.py:183} INFO - Processing /home/airflow/.local/lib/python3.12/site-packages/airflow/example_dags/example_xcomargs.py took 0.062 seconds
[2024-06-14T12:15:08.161+0000] {processor.py:161} INFO - Started process (PID=1070) to work on /home/airflow/.local/lib/python3.12/site-packages/airflow/example_dags/example_xcomargs.py
[2024-06-14T12:15:08.162+0000] {processor.py:830} INFO - Processing file /home/airflow/.local/lib/python3.12/site-packages/airflow/example_dags/example_xcomargs.py for tasks to queue
[2024-06-14T12:15:08.164+0000] {logging_mixin.py:188} INFO - [2024-06-14T12:15:08.163+0000] {dagbag.py:545} INFO - Filling up the DagBag from /home/airflow/.local/lib/python3.12/site-packages/airflow/example_dags/example_xcomargs.py
[2024-06-14T12:15:08.169+0000] {processor.py:840} INFO - DAG(s) 'example_xcom_args', 'example_xcom_args_with_operators' retrieved from /home/airflow/.local/lib/python3.12/site-packages/airflow/example_dags/example_xcomargs.py
[2024-06-14T12:15:08.186+0000] {logging_mixin.py:188} INFO - [2024-06-14T12:15:08.185+0000] {dag.py:3096} INFO - Sync 2 DAGs
[2024-06-14T12:15:08.195+0000] {logging_mixin.py:188} INFO - [2024-06-14T12:15:08.195+0000] {dag.py:3954} INFO - Setting next_dagrun for example_xcom_args to None, run_after=None
[2024-06-14T12:15:08.198+0000] {logging_mixin.py:188} INFO - [2024-06-14T12:15:08.198+0000] {dag.py:3954} INFO - Setting next_dagrun for example_xcom_args_with_operators to None, run_after=None
[2024-06-14T12:15:08.211+0000] {processor.py:183} INFO - Processing /home/airflow/.local/lib/python3.12/site-packages/airflow/example_dags/example_xcomargs.py took 0.054 seconds
[2024-06-14T12:15:38.390+0000] {processor.py:161} INFO - Started process (PID=1128) to work on /home/airflow/.local/lib/python3.12/site-packages/airflow/example_dags/example_xcomargs.py
[2024-06-14T12:15:38.390+0000] {processor.py:830} INFO - Processing file /home/airflow/.local/lib/python3.12/site-packages/airflow/example_dags/example_xcomargs.py for tasks to queue
[2024-06-14T12:15:38.392+0000] {logging_mixin.py:188} INFO - [2024-06-14T12:15:38.391+0000] {dagbag.py:545} INFO - Filling up the DagBag from /home/airflow/.local/lib/python3.12/site-packages/airflow/example_dags/example_xcomargs.py
[2024-06-14T12:15:38.398+0000] {processor.py:840} INFO - DAG(s) 'example_xcom_args_with_operators', 'example_xcom_args' retrieved from /home/airflow/.local/lib/python3.12/site-packages/airflow/example_dags/example_xcomargs.py
[2024-06-14T12:15:38.413+0000] {logging_mixin.py:188} INFO - [2024-06-14T12:15:38.413+0000] {dag.py:3096} INFO - Sync 2 DAGs
[2024-06-14T12:15:38.423+0000] {logging_mixin.py:188} INFO - [2024-06-14T12:15:38.423+0000] {dag.py:3954} INFO - Setting next_dagrun for example_xcom_args to None, run_after=None
[2024-06-14T12:15:38.426+0000] {logging_mixin.py:188} INFO - [2024-06-14T12:15:38.426+0000] {dag.py:3954} INFO - Setting next_dagrun for example_xcom_args_with_operators to None, run_after=None
[2024-06-14T12:15:38.439+0000] {processor.py:183} INFO - Processing /home/airflow/.local/lib/python3.12/site-packages/airflow/example_dags/example_xcomargs.py took 0.054 seconds
[2024-06-14T12:16:08.791+0000] {processor.py:161} INFO - Started process (PID=1186) to work on /home/airflow/.local/lib/python3.12/site-packages/airflow/example_dags/example_xcomargs.py
[2024-06-14T12:16:08.792+0000] {processor.py:830} INFO - Processing file /home/airflow/.local/lib/python3.12/site-packages/airflow/example_dags/example_xcomargs.py for tasks to queue
[2024-06-14T12:16:08.793+0000] {logging_mixin.py:188} INFO - [2024-06-14T12:16:08.793+0000] {dagbag.py:545} INFO - Filling up the DagBag from /home/airflow/.local/lib/python3.12/site-packages/airflow/example_dags/example_xcomargs.py
[2024-06-14T12:16:08.798+0000] {processor.py:840} INFO - DAG(s) 'example_xcom_args_with_operators', 'example_xcom_args' retrieved from /home/airflow/.local/lib/python3.12/site-packages/airflow/example_dags/example_xcomargs.py
[2024-06-14T12:16:08.814+0000] {logging_mixin.py:188} INFO - [2024-06-14T12:16:08.814+0000] {dag.py:3096} INFO - Sync 2 DAGs
[2024-06-14T12:16:08.825+0000] {logging_mixin.py:188} INFO - [2024-06-14T12:16:08.824+0000] {dag.py:3954} INFO - Setting next_dagrun for example_xcom_args to None, run_after=None
[2024-06-14T12:16:08.828+0000] {logging_mixin.py:188} INFO - [2024-06-14T12:16:08.827+0000] {dag.py:3954} INFO - Setting next_dagrun for example_xcom_args_with_operators to None, run_after=None
[2024-06-14T12:16:08.839+0000] {processor.py:183} INFO - Processing /home/airflow/.local/lib/python3.12/site-packages/airflow/example_dags/example_xcomargs.py took 0.052 seconds
[2024-06-14T12:16:39.135+0000] {processor.py:161} INFO - Started process (PID=1244) to work on /home/airflow/.local/lib/python3.12/site-packages/airflow/example_dags/example_xcomargs.py
[2024-06-14T12:16:39.136+0000] {processor.py:830} INFO - Processing file /home/airflow/.local/lib/python3.12/site-packages/airflow/example_dags/example_xcomargs.py for tasks to queue
[2024-06-14T12:16:39.138+0000] {logging_mixin.py:188} INFO - [2024-06-14T12:16:39.137+0000] {dagbag.py:545} INFO - Filling up the DagBag from /home/airflow/.local/lib/python3.12/site-packages/airflow/example_dags/example_xcomargs.py
[2024-06-14T12:16:39.144+0000] {processor.py:840} INFO - DAG(s) 'example_xcom_args', 'example_xcom_args_with_operators' retrieved from /home/airflow/.local/lib/python3.12/site-packages/airflow/example_dags/example_xcomargs.py
[2024-06-14T12:16:39.162+0000] {logging_mixin.py:188} INFO - [2024-06-14T12:16:39.162+0000] {dag.py:3096} INFO - Sync 2 DAGs
[2024-06-14T12:16:39.172+0000] {logging_mixin.py:188} INFO - [2024-06-14T12:16:39.171+0000] {dag.py:3954} INFO - Setting next_dagrun for example_xcom_args to None, run_after=None
[2024-06-14T12:16:39.174+0000] {logging_mixin.py:188} INFO - [2024-06-14T12:16:39.174+0000] {dag.py:3954} INFO - Setting next_dagrun for example_xcom_args_with_operators to None, run_after=None
[2024-06-14T12:16:39.187+0000] {processor.py:183} INFO - Processing /home/airflow/.local/lib/python3.12/site-packages/airflow/example_dags/example_xcomargs.py took 0.056 seconds
[2024-06-14T12:17:09.504+0000] {processor.py:161} INFO - Started process (PID=1302) to work on /home/airflow/.local/lib/python3.12/site-packages/airflow/example_dags/example_xcomargs.py
[2024-06-14T12:17:09.505+0000] {processor.py:830} INFO - Processing file /home/airflow/.local/lib/python3.12/site-packages/airflow/example_dags/example_xcomargs.py for tasks to queue
[2024-06-14T12:17:09.506+0000] {logging_mixin.py:188} INFO - [2024-06-14T12:17:09.506+0000] {dagbag.py:545} INFO - Filling up the DagBag from /home/airflow/.local/lib/python3.12/site-packages/airflow/example_dags/example_xcomargs.py
[2024-06-14T12:17:09.513+0000] {processor.py:840} INFO - DAG(s) 'example_xcom_args_with_operators', 'example_xcom_args' retrieved from /home/airflow/.local/lib/python3.12/site-packages/airflow/example_dags/example_xcomargs.py
[2024-06-14T12:17:09.531+0000] {logging_mixin.py:188} INFO - [2024-06-14T12:17:09.530+0000] {dag.py:3096} INFO - Sync 2 DAGs
[2024-06-14T12:17:09.540+0000] {logging_mixin.py:188} INFO - [2024-06-14T12:17:09.540+0000] {dag.py:3954} INFO - Setting next_dagrun for example_xcom_args to None, run_after=None
[2024-06-14T12:17:09.543+0000] {logging_mixin.py:188} INFO - [2024-06-14T12:17:09.543+0000] {dag.py:3954} INFO - Setting next_dagrun for example_xcom_args_with_operators to None, run_after=None
[2024-06-14T12:17:09.555+0000] {processor.py:183} INFO - Processing /home/airflow/.local/lib/python3.12/site-packages/airflow/example_dags/example_xcomargs.py took 0.055 seconds
[2024-06-14T12:17:39.909+0000] {processor.py:161} INFO - Started process (PID=1360) to work on /home/airflow/.local/lib/python3.12/site-packages/airflow/example_dags/example_xcomargs.py
[2024-06-14T12:17:39.910+0000] {processor.py:830} INFO - Processing file /home/airflow/.local/lib/python3.12/site-packages/airflow/example_dags/example_xcomargs.py for tasks to queue
[2024-06-14T12:17:39.911+0000] {logging_mixin.py:188} INFO - [2024-06-14T12:17:39.911+0000] {dagbag.py:545} INFO - Filling up the DagBag from /home/airflow/.local/lib/python3.12/site-packages/airflow/example_dags/example_xcomargs.py
[2024-06-14T12:17:39.917+0000] {processor.py:840} INFO - DAG(s) 'example_xcom_args', 'example_xcom_args_with_operators' retrieved from /home/airflow/.local/lib/python3.12/site-packages/airflow/example_dags/example_xcomargs.py
[2024-06-14T12:17:39.933+0000] {logging_mixin.py:188} INFO - [2024-06-14T12:17:39.933+0000] {dag.py:3096} INFO - Sync 2 DAGs
[2024-06-14T12:17:39.943+0000] {logging_mixin.py:188} INFO - [2024-06-14T12:17:39.942+0000] {dag.py:3954} INFO - Setting next_dagrun for example_xcom_args to None, run_after=None
[2024-06-14T12:17:39.945+0000] {logging_mixin.py:188} INFO - [2024-06-14T12:17:39.945+0000] {dag.py:3954} INFO - Setting next_dagrun for example_xcom_args_with_operators to None, run_after=None
[2024-06-14T12:17:39.957+0000] {processor.py:183} INFO - Processing /home/airflow/.local/lib/python3.12/site-packages/airflow/example_dags/example_xcomargs.py took 0.052 seconds
[2024-06-14T12:18:42.592+0000] {processor.py:161} INFO - Started process (PID=70) to work on /home/airflow/.local/lib/python3.12/site-packages/airflow/example_dags/example_xcomargs.py
[2024-06-14T12:18:42.593+0000] {processor.py:830} INFO - Processing file /home/airflow/.local/lib/python3.12/site-packages/airflow/example_dags/example_xcomargs.py for tasks to queue
[2024-06-14T12:18:42.596+0000] {logging_mixin.py:188} INFO - [2024-06-14T12:18:42.595+0000] {dagbag.py:545} INFO - Filling up the DagBag from /home/airflow/.local/lib/python3.12/site-packages/airflow/example_dags/example_xcomargs.py
[2024-06-14T12:18:42.605+0000] {processor.py:840} INFO - DAG(s) 'example_xcom_args_with_operators', 'example_xcom_args' retrieved from /home/airflow/.local/lib/python3.12/site-packages/airflow/example_dags/example_xcomargs.py
[2024-06-14T12:18:42.619+0000] {logging_mixin.py:188} INFO - [2024-06-14T12:18:42.618+0000] {dag.py:3096} INFO - Sync 2 DAGs
[2024-06-14T12:18:42.633+0000] {logging_mixin.py:188} INFO - [2024-06-14T12:18:42.633+0000] {dag.py:3954} INFO - Setting next_dagrun for example_xcom_args to None, run_after=None
[2024-06-14T12:18:42.637+0000] {logging_mixin.py:188} INFO - [2024-06-14T12:18:42.637+0000] {dag.py:3954} INFO - Setting next_dagrun for example_xcom_args_with_operators to None, run_after=None
[2024-06-14T12:18:42.657+0000] {processor.py:183} INFO - Processing /home/airflow/.local/lib/python3.12/site-packages/airflow/example_dags/example_xcomargs.py took 0.070 seconds
[2024-06-14T12:19:14.079+0000] {processor.py:161} INFO - Started process (PID=128) to work on /home/airflow/.local/lib/python3.12/site-packages/airflow/example_dags/example_xcomargs.py
[2024-06-14T12:19:14.079+0000] {processor.py:830} INFO - Processing file /home/airflow/.local/lib/python3.12/site-packages/airflow/example_dags/example_xcomargs.py for tasks to queue
[2024-06-14T12:19:14.081+0000] {logging_mixin.py:188} INFO - [2024-06-14T12:19:14.080+0000] {dagbag.py:545} INFO - Filling up the DagBag from /home/airflow/.local/lib/python3.12/site-packages/airflow/example_dags/example_xcomargs.py
[2024-06-14T12:19:14.086+0000] {processor.py:840} INFO - DAG(s) 'example_xcom_args_with_operators', 'example_xcom_args' retrieved from /home/airflow/.local/lib/python3.12/site-packages/airflow/example_dags/example_xcomargs.py
[2024-06-14T12:19:14.167+0000] {logging_mixin.py:188} INFO - [2024-06-14T12:19:14.167+0000] {dag.py:3096} INFO - Sync 2 DAGs
[2024-06-14T12:19:14.176+0000] {logging_mixin.py:188} INFO - [2024-06-14T12:19:14.176+0000] {dag.py:3954} INFO - Setting next_dagrun for example_xcom_args to None, run_after=None
[2024-06-14T12:19:14.179+0000] {logging_mixin.py:188} INFO - [2024-06-14T12:19:14.179+0000] {dag.py:3954} INFO - Setting next_dagrun for example_xcom_args_with_operators to None, run_after=None
[2024-06-14T12:19:14.194+0000] {processor.py:183} INFO - Processing /home/airflow/.local/lib/python3.12/site-packages/airflow/example_dags/example_xcomargs.py took 0.121 seconds
[2024-06-14T12:19:44.759+0000] {processor.py:161} INFO - Started process (PID=186) to work on /home/airflow/.local/lib/python3.12/site-packages/airflow/example_dags/example_xcomargs.py
[2024-06-14T12:19:44.760+0000] {processor.py:830} INFO - Processing file /home/airflow/.local/lib/python3.12/site-packages/airflow/example_dags/example_xcomargs.py for tasks to queue
[2024-06-14T12:19:44.762+0000] {logging_mixin.py:188} INFO - [2024-06-14T12:19:44.761+0000] {dagbag.py:545} INFO - Filling up the DagBag from /home/airflow/.local/lib/python3.12/site-packages/airflow/example_dags/example_xcomargs.py
[2024-06-14T12:19:44.768+0000] {processor.py:840} INFO - DAG(s) 'example_xcom_args', 'example_xcom_args_with_operators' retrieved from /home/airflow/.local/lib/python3.12/site-packages/airflow/example_dags/example_xcomargs.py
[2024-06-14T12:19:44.786+0000] {logging_mixin.py:188} INFO - [2024-06-14T12:19:44.786+0000] {dag.py:3096} INFO - Sync 2 DAGs
[2024-06-14T12:19:44.797+0000] {logging_mixin.py:188} INFO - [2024-06-14T12:19:44.797+0000] {dag.py:3954} INFO - Setting next_dagrun for example_xcom_args to None, run_after=None
[2024-06-14T12:19:44.801+0000] {logging_mixin.py:188} INFO - [2024-06-14T12:19:44.800+0000] {dag.py:3954} INFO - Setting next_dagrun for example_xcom_args_with_operators to None, run_after=None
[2024-06-14T12:19:44.814+0000] {processor.py:183} INFO - Processing /home/airflow/.local/lib/python3.12/site-packages/airflow/example_dags/example_xcomargs.py took 0.059 seconds
[2024-06-14T12:20:15.244+0000] {processor.py:161} INFO - Started process (PID=244) to work on /home/airflow/.local/lib/python3.12/site-packages/airflow/example_dags/example_xcomargs.py
[2024-06-14T12:20:15.245+0000] {processor.py:830} INFO - Processing file /home/airflow/.local/lib/python3.12/site-packages/airflow/example_dags/example_xcomargs.py for tasks to queue
[2024-06-14T12:20:15.246+0000] {logging_mixin.py:188} INFO - [2024-06-14T12:20:15.246+0000] {dagbag.py:545} INFO - Filling up the DagBag from /home/airflow/.local/lib/python3.12/site-packages/airflow/example_dags/example_xcomargs.py
[2024-06-14T12:20:15.252+0000] {processor.py:840} INFO - DAG(s) 'example_xcom_args', 'example_xcom_args_with_operators' retrieved from /home/airflow/.local/lib/python3.12/site-packages/airflow/example_dags/example_xcomargs.py
[2024-06-14T12:20:15.269+0000] {logging_mixin.py:188} INFO - [2024-06-14T12:20:15.269+0000] {dag.py:3096} INFO - Sync 2 DAGs
[2024-06-14T12:20:15.279+0000] {logging_mixin.py:188} INFO - [2024-06-14T12:20:15.279+0000] {dag.py:3954} INFO - Setting next_dagrun for example_xcom_args to None, run_after=None
[2024-06-14T12:20:15.283+0000] {logging_mixin.py:188} INFO - [2024-06-14T12:20:15.282+0000] {dag.py:3954} INFO - Setting next_dagrun for example_xcom_args_with_operators to None, run_after=None
[2024-06-14T12:20:15.296+0000] {processor.py:183} INFO - Processing /home/airflow/.local/lib/python3.12/site-packages/airflow/example_dags/example_xcomargs.py took 0.056 seconds
[2024-06-14T12:20:45.485+0000] {processor.py:161} INFO - Started process (PID=302) to work on /home/airflow/.local/lib/python3.12/site-packages/airflow/example_dags/example_xcomargs.py
[2024-06-14T12:20:45.486+0000] {processor.py:830} INFO - Processing file /home/airflow/.local/lib/python3.12/site-packages/airflow/example_dags/example_xcomargs.py for tasks to queue
[2024-06-14T12:20:45.487+0000] {logging_mixin.py:188} INFO - [2024-06-14T12:20:45.487+0000] {dagbag.py:545} INFO - Filling up the DagBag from /home/airflow/.local/lib/python3.12/site-packages/airflow/example_dags/example_xcomargs.py
[2024-06-14T12:20:45.493+0000] {processor.py:840} INFO - DAG(s) 'example_xcom_args', 'example_xcom_args_with_operators' retrieved from /home/airflow/.local/lib/python3.12/site-packages/airflow/example_dags/example_xcomargs.py
[2024-06-14T12:20:45.511+0000] {logging_mixin.py:188} INFO - [2024-06-14T12:20:45.510+0000] {dag.py:3096} INFO - Sync 2 DAGs
[2024-06-14T12:20:45.521+0000] {logging_mixin.py:188} INFO - [2024-06-14T12:20:45.521+0000] {dag.py:3954} INFO - Setting next_dagrun for example_xcom_args to None, run_after=None
[2024-06-14T12:20:45.523+0000] {logging_mixin.py:188} INFO - [2024-06-14T12:20:45.523+0000] {dag.py:3954} INFO - Setting next_dagrun for example_xcom_args_with_operators to None, run_after=None
[2024-06-14T12:20:45.535+0000] {processor.py:183} INFO - Processing /home/airflow/.local/lib/python3.12/site-packages/airflow/example_dags/example_xcomargs.py took 0.054 seconds
[2024-06-14T12:21:15.752+0000] {processor.py:161} INFO - Started process (PID=360) to work on /home/airflow/.local/lib/python3.12/site-packages/airflow/example_dags/example_xcomargs.py
[2024-06-14T12:21:15.752+0000] {processor.py:830} INFO - Processing file /home/airflow/.local/lib/python3.12/site-packages/airflow/example_dags/example_xcomargs.py for tasks to queue
[2024-06-14T12:21:15.754+0000] {logging_mixin.py:188} INFO - [2024-06-14T12:21:15.754+0000] {dagbag.py:545} INFO - Filling up the DagBag from /home/airflow/.local/lib/python3.12/site-packages/airflow/example_dags/example_xcomargs.py
[2024-06-14T12:21:15.760+0000] {processor.py:840} INFO - DAG(s) 'example_xcom_args_with_operators', 'example_xcom_args' retrieved from /home/airflow/.local/lib/python3.12/site-packages/airflow/example_dags/example_xcomargs.py
[2024-06-14T12:21:15.777+0000] {logging_mixin.py:188} INFO - [2024-06-14T12:21:15.777+0000] {dag.py:3096} INFO - Sync 2 DAGs
[2024-06-14T12:21:15.786+0000] {logging_mixin.py:188} INFO - [2024-06-14T12:21:15.786+0000] {dag.py:3954} INFO - Setting next_dagrun for example_xcom_args to None, run_after=None
[2024-06-14T12:21:15.789+0000] {logging_mixin.py:188} INFO - [2024-06-14T12:21:15.789+0000] {dag.py:3954} INFO - Setting next_dagrun for example_xcom_args_with_operators to None, run_after=None
[2024-06-14T12:21:15.803+0000] {processor.py:183} INFO - Processing /home/airflow/.local/lib/python3.12/site-packages/airflow/example_dags/example_xcomargs.py took 0.055 seconds
[2024-06-14T12:21:46.261+0000] {processor.py:161} INFO - Started process (PID=418) to work on /home/airflow/.local/lib/python3.12/site-packages/airflow/example_dags/example_xcomargs.py
[2024-06-14T12:21:46.262+0000] {processor.py:830} INFO - Processing file /home/airflow/.local/lib/python3.12/site-packages/airflow/example_dags/example_xcomargs.py for tasks to queue
[2024-06-14T12:21:46.263+0000] {logging_mixin.py:188} INFO - [2024-06-14T12:21:46.263+0000] {dagbag.py:545} INFO - Filling up the DagBag from /home/airflow/.local/lib/python3.12/site-packages/airflow/example_dags/example_xcomargs.py
[2024-06-14T12:21:46.269+0000] {processor.py:840} INFO - DAG(s) 'example_xcom_args_with_operators', 'example_xcom_args' retrieved from /home/airflow/.local/lib/python3.12/site-packages/airflow/example_dags/example_xcomargs.py
[2024-06-14T12:21:46.286+0000] {logging_mixin.py:188} INFO - [2024-06-14T12:21:46.285+0000] {dag.py:3096} INFO - Sync 2 DAGs
[2024-06-14T12:21:46.296+0000] {logging_mixin.py:188} INFO - [2024-06-14T12:21:46.296+0000] {dag.py:3954} INFO - Setting next_dagrun for example_xcom_args to None, run_after=None
[2024-06-14T12:21:46.299+0000] {logging_mixin.py:188} INFO - [2024-06-14T12:21:46.299+0000] {dag.py:3954} INFO - Setting next_dagrun for example_xcom_args_with_operators to None, run_after=None
[2024-06-14T12:21:46.312+0000] {processor.py:183} INFO - Processing /home/airflow/.local/lib/python3.12/site-packages/airflow/example_dags/example_xcomargs.py took 0.054 seconds
[2024-06-14T12:22:16.662+0000] {processor.py:161} INFO - Started process (PID=477) to work on /home/airflow/.local/lib/python3.12/site-packages/airflow/example_dags/example_xcomargs.py
[2024-06-14T12:22:16.663+0000] {processor.py:830} INFO - Processing file /home/airflow/.local/lib/python3.12/site-packages/airflow/example_dags/example_xcomargs.py for tasks to queue
[2024-06-14T12:22:16.664+0000] {logging_mixin.py:188} INFO - [2024-06-14T12:22:16.664+0000] {dagbag.py:545} INFO - Filling up the DagBag from /home/airflow/.local/lib/python3.12/site-packages/airflow/example_dags/example_xcomargs.py
[2024-06-14T12:22:16.671+0000] {processor.py:840} INFO - DAG(s) 'example_xcom_args_with_operators', 'example_xcom_args' retrieved from /home/airflow/.local/lib/python3.12/site-packages/airflow/example_dags/example_xcomargs.py
[2024-06-14T12:22:16.688+0000] {logging_mixin.py:188} INFO - [2024-06-14T12:22:16.688+0000] {dag.py:3096} INFO - Sync 2 DAGs
[2024-06-14T12:22:16.701+0000] {logging_mixin.py:188} INFO - [2024-06-14T12:22:16.701+0000] {dag.py:3954} INFO - Setting next_dagrun for example_xcom_args to None, run_after=None
[2024-06-14T12:22:16.704+0000] {logging_mixin.py:188} INFO - [2024-06-14T12:22:16.704+0000] {dag.py:3954} INFO - Setting next_dagrun for example_xcom_args_with_operators to None, run_after=None
[2024-06-14T12:22:16.719+0000] {processor.py:183} INFO - Processing /home/airflow/.local/lib/python3.12/site-packages/airflow/example_dags/example_xcomargs.py took 0.061 seconds
[2024-06-14T12:22:47.003+0000] {processor.py:161} INFO - Started process (PID=535) to work on /home/airflow/.local/lib/python3.12/site-packages/airflow/example_dags/example_xcomargs.py
[2024-06-14T12:22:47.004+0000] {processor.py:830} INFO - Processing file /home/airflow/.local/lib/python3.12/site-packages/airflow/example_dags/example_xcomargs.py for tasks to queue
[2024-06-14T12:22:47.005+0000] {logging_mixin.py:188} INFO - [2024-06-14T12:22:47.005+0000] {dagbag.py:545} INFO - Filling up the DagBag from /home/airflow/.local/lib/python3.12/site-packages/airflow/example_dags/example_xcomargs.py
[2024-06-14T12:22:47.011+0000] {processor.py:840} INFO - DAG(s) 'example_xcom_args_with_operators', 'example_xcom_args' retrieved from /home/airflow/.local/lib/python3.12/site-packages/airflow/example_dags/example_xcomargs.py
[2024-06-14T12:22:47.028+0000] {logging_mixin.py:188} INFO - [2024-06-14T12:22:47.028+0000] {dag.py:3096} INFO - Sync 2 DAGs
[2024-06-14T12:22:47.038+0000] {logging_mixin.py:188} INFO - [2024-06-14T12:22:47.038+0000] {dag.py:3954} INFO - Setting next_dagrun for example_xcom_args to None, run_after=None
[2024-06-14T12:22:47.041+0000] {logging_mixin.py:188} INFO - [2024-06-14T12:22:47.041+0000] {dag.py:3954} INFO - Setting next_dagrun for example_xcom_args_with_operators to None, run_after=None
[2024-06-14T12:22:47.053+0000] {processor.py:183} INFO - Processing /home/airflow/.local/lib/python3.12/site-packages/airflow/example_dags/example_xcomargs.py took 0.054 seconds
[2024-06-14T12:23:17.361+0000] {processor.py:161} INFO - Started process (PID=593) to work on /home/airflow/.local/lib/python3.12/site-packages/airflow/example_dags/example_xcomargs.py
[2024-06-14T12:23:17.362+0000] {processor.py:830} INFO - Processing file /home/airflow/.local/lib/python3.12/site-packages/airflow/example_dags/example_xcomargs.py for tasks to queue
[2024-06-14T12:23:17.363+0000] {logging_mixin.py:188} INFO - [2024-06-14T12:23:17.363+0000] {dagbag.py:545} INFO - Filling up the DagBag from /home/airflow/.local/lib/python3.12/site-packages/airflow/example_dags/example_xcomargs.py
[2024-06-14T12:23:17.369+0000] {processor.py:840} INFO - DAG(s) 'example_xcom_args_with_operators', 'example_xcom_args' retrieved from /home/airflow/.local/lib/python3.12/site-packages/airflow/example_dags/example_xcomargs.py
[2024-06-14T12:23:17.387+0000] {logging_mixin.py:188} INFO - [2024-06-14T12:23:17.387+0000] {dag.py:3096} INFO - Sync 2 DAGs
[2024-06-14T12:23:17.397+0000] {logging_mixin.py:188} INFO - [2024-06-14T12:23:17.397+0000] {dag.py:3954} INFO - Setting next_dagrun for example_xcom_args to None, run_after=None
[2024-06-14T12:23:17.399+0000] {logging_mixin.py:188} INFO - [2024-06-14T12:23:17.399+0000] {dag.py:3954} INFO - Setting next_dagrun for example_xcom_args_with_operators to None, run_after=None
[2024-06-14T12:23:17.413+0000] {processor.py:183} INFO - Processing /home/airflow/.local/lib/python3.12/site-packages/airflow/example_dags/example_xcomargs.py took 0.056 seconds
[2024-06-14T12:23:47.785+0000] {processor.py:161} INFO - Started process (PID=651) to work on /home/airflow/.local/lib/python3.12/site-packages/airflow/example_dags/example_xcomargs.py
[2024-06-14T12:23:47.786+0000] {processor.py:830} INFO - Processing file /home/airflow/.local/lib/python3.12/site-packages/airflow/example_dags/example_xcomargs.py for tasks to queue
[2024-06-14T12:23:47.787+0000] {logging_mixin.py:188} INFO - [2024-06-14T12:23:47.787+0000] {dagbag.py:545} INFO - Filling up the DagBag from /home/airflow/.local/lib/python3.12/site-packages/airflow/example_dags/example_xcomargs.py
[2024-06-14T12:23:47.793+0000] {processor.py:840} INFO - DAG(s) 'example_xcom_args_with_operators', 'example_xcom_args' retrieved from /home/airflow/.local/lib/python3.12/site-packages/airflow/example_dags/example_xcomargs.py
[2024-06-14T12:23:47.808+0000] {logging_mixin.py:188} INFO - [2024-06-14T12:23:47.808+0000] {dag.py:3096} INFO - Sync 2 DAGs
[2024-06-14T12:23:47.817+0000] {logging_mixin.py:188} INFO - [2024-06-14T12:23:47.817+0000] {dag.py:3954} INFO - Setting next_dagrun for example_xcom_args to None, run_after=None
[2024-06-14T12:23:47.820+0000] {logging_mixin.py:188} INFO - [2024-06-14T12:23:47.819+0000] {dag.py:3954} INFO - Setting next_dagrun for example_xcom_args_with_operators to None, run_after=None
[2024-06-14T12:23:47.834+0000] {processor.py:183} INFO - Processing /home/airflow/.local/lib/python3.12/site-packages/airflow/example_dags/example_xcomargs.py took 0.053 seconds
[2024-06-14T12:24:18.092+0000] {processor.py:161} INFO - Started process (PID=710) to work on /home/airflow/.local/lib/python3.12/site-packages/airflow/example_dags/example_xcomargs.py
[2024-06-14T12:24:18.093+0000] {processor.py:830} INFO - Processing file /home/airflow/.local/lib/python3.12/site-packages/airflow/example_dags/example_xcomargs.py for tasks to queue
[2024-06-14T12:24:18.094+0000] {logging_mixin.py:188} INFO - [2024-06-14T12:24:18.094+0000] {dagbag.py:545} INFO - Filling up the DagBag from /home/airflow/.local/lib/python3.12/site-packages/airflow/example_dags/example_xcomargs.py
[2024-06-14T12:24:18.102+0000] {processor.py:840} INFO - DAG(s) 'example_xcom_args_with_operators', 'example_xcom_args' retrieved from /home/airflow/.local/lib/python3.12/site-packages/airflow/example_dags/example_xcomargs.py
[2024-06-14T12:24:18.124+0000] {logging_mixin.py:188} INFO - [2024-06-14T12:24:18.124+0000] {dag.py:3096} INFO - Sync 2 DAGs
[2024-06-14T12:24:18.135+0000] {logging_mixin.py:188} INFO - [2024-06-14T12:24:18.134+0000] {dag.py:3954} INFO - Setting next_dagrun for example_xcom_args to None, run_after=None
[2024-06-14T12:24:18.138+0000] {logging_mixin.py:188} INFO - [2024-06-14T12:24:18.138+0000] {dag.py:3954} INFO - Setting next_dagrun for example_xcom_args_with_operators to None, run_after=None
[2024-06-14T12:24:18.154+0000] {processor.py:183} INFO - Processing /home/airflow/.local/lib/python3.12/site-packages/airflow/example_dags/example_xcomargs.py took 0.068 seconds
[2024-06-14T12:24:48.284+0000] {processor.py:161} INFO - Started process (PID=768) to work on /home/airflow/.local/lib/python3.12/site-packages/airflow/example_dags/example_xcomargs.py
[2024-06-14T12:24:48.285+0000] {processor.py:830} INFO - Processing file /home/airflow/.local/lib/python3.12/site-packages/airflow/example_dags/example_xcomargs.py for tasks to queue
[2024-06-14T12:24:48.286+0000] {logging_mixin.py:188} INFO - [2024-06-14T12:24:48.286+0000] {dagbag.py:545} INFO - Filling up the DagBag from /home/airflow/.local/lib/python3.12/site-packages/airflow/example_dags/example_xcomargs.py
[2024-06-14T12:24:48.292+0000] {processor.py:840} INFO - DAG(s) 'example_xcom_args', 'example_xcom_args_with_operators' retrieved from /home/airflow/.local/lib/python3.12/site-packages/airflow/example_dags/example_xcomargs.py
[2024-06-14T12:24:48.309+0000] {logging_mixin.py:188} INFO - [2024-06-14T12:24:48.308+0000] {dag.py:3096} INFO - Sync 2 DAGs
[2024-06-14T12:24:48.319+0000] {logging_mixin.py:188} INFO - [2024-06-14T12:24:48.318+0000] {dag.py:3954} INFO - Setting next_dagrun for example_xcom_args to None, run_after=None
[2024-06-14T12:24:48.323+0000] {logging_mixin.py:188} INFO - [2024-06-14T12:24:48.323+0000] {dag.py:3954} INFO - Setting next_dagrun for example_xcom_args_with_operators to None, run_after=None
[2024-06-14T12:24:48.336+0000] {processor.py:183} INFO - Processing /home/airflow/.local/lib/python3.12/site-packages/airflow/example_dags/example_xcomargs.py took 0.056 seconds
[2024-06-14T12:25:18.715+0000] {processor.py:161} INFO - Started process (PID=826) to work on /home/airflow/.local/lib/python3.12/site-packages/airflow/example_dags/example_xcomargs.py
[2024-06-14T12:25:18.717+0000] {processor.py:830} INFO - Processing file /home/airflow/.local/lib/python3.12/site-packages/airflow/example_dags/example_xcomargs.py for tasks to queue
[2024-06-14T12:25:18.718+0000] {logging_mixin.py:188} INFO - [2024-06-14T12:25:18.718+0000] {dagbag.py:545} INFO - Filling up the DagBag from /home/airflow/.local/lib/python3.12/site-packages/airflow/example_dags/example_xcomargs.py
[2024-06-14T12:25:18.725+0000] {processor.py:840} INFO - DAG(s) 'example_xcom_args', 'example_xcom_args_with_operators' retrieved from /home/airflow/.local/lib/python3.12/site-packages/airflow/example_dags/example_xcomargs.py
[2024-06-14T12:25:18.746+0000] {logging_mixin.py:188} INFO - [2024-06-14T12:25:18.745+0000] {dag.py:3096} INFO - Sync 2 DAGs
[2024-06-14T12:25:18.756+0000] {logging_mixin.py:188} INFO - [2024-06-14T12:25:18.755+0000] {dag.py:3954} INFO - Setting next_dagrun for example_xcom_args to None, run_after=None
[2024-06-14T12:25:18.759+0000] {logging_mixin.py:188} INFO - [2024-06-14T12:25:18.759+0000] {dag.py:3954} INFO - Setting next_dagrun for example_xcom_args_with_operators to None, run_after=None
[2024-06-14T12:25:18.773+0000] {processor.py:183} INFO - Processing /home/airflow/.local/lib/python3.12/site-packages/airflow/example_dags/example_xcomargs.py took 0.062 seconds
[2024-06-14T12:25:49.079+0000] {processor.py:161} INFO - Started process (PID=884) to work on /home/airflow/.local/lib/python3.12/site-packages/airflow/example_dags/example_xcomargs.py
[2024-06-14T12:25:49.080+0000] {processor.py:830} INFO - Processing file /home/airflow/.local/lib/python3.12/site-packages/airflow/example_dags/example_xcomargs.py for tasks to queue
[2024-06-14T12:25:49.082+0000] {logging_mixin.py:188} INFO - [2024-06-14T12:25:49.082+0000] {dagbag.py:545} INFO - Filling up the DagBag from /home/airflow/.local/lib/python3.12/site-packages/airflow/example_dags/example_xcomargs.py
[2024-06-14T12:25:49.088+0000] {processor.py:840} INFO - DAG(s) 'example_xcom_args_with_operators', 'example_xcom_args' retrieved from /home/airflow/.local/lib/python3.12/site-packages/airflow/example_dags/example_xcomargs.py
[2024-06-14T12:25:49.108+0000] {logging_mixin.py:188} INFO - [2024-06-14T12:25:49.107+0000] {dag.py:3096} INFO - Sync 2 DAGs
[2024-06-14T12:25:49.119+0000] {logging_mixin.py:188} INFO - [2024-06-14T12:25:49.119+0000] {dag.py:3954} INFO - Setting next_dagrun for example_xcom_args to None, run_after=None
[2024-06-14T12:25:49.123+0000] {logging_mixin.py:188} INFO - [2024-06-14T12:25:49.123+0000] {dag.py:3954} INFO - Setting next_dagrun for example_xcom_args_with_operators to None, run_after=None
[2024-06-14T12:25:49.141+0000] {processor.py:183} INFO - Processing /home/airflow/.local/lib/python3.12/site-packages/airflow/example_dags/example_xcomargs.py took 0.067 seconds
[2024-06-14T12:26:19.503+0000] {processor.py:161} INFO - Started process (PID=942) to work on /home/airflow/.local/lib/python3.12/site-packages/airflow/example_dags/example_xcomargs.py
[2024-06-14T12:26:19.503+0000] {processor.py:830} INFO - Processing file /home/airflow/.local/lib/python3.12/site-packages/airflow/example_dags/example_xcomargs.py for tasks to queue
[2024-06-14T12:26:19.505+0000] {logging_mixin.py:188} INFO - [2024-06-14T12:26:19.504+0000] {dagbag.py:545} INFO - Filling up the DagBag from /home/airflow/.local/lib/python3.12/site-packages/airflow/example_dags/example_xcomargs.py
[2024-06-14T12:26:19.510+0000] {processor.py:840} INFO - DAG(s) 'example_xcom_args', 'example_xcom_args_with_operators' retrieved from /home/airflow/.local/lib/python3.12/site-packages/airflow/example_dags/example_xcomargs.py
[2024-06-14T12:26:19.527+0000] {logging_mixin.py:188} INFO - [2024-06-14T12:26:19.527+0000] {dag.py:3096} INFO - Sync 2 DAGs
[2024-06-14T12:26:19.539+0000] {logging_mixin.py:188} INFO - [2024-06-14T12:26:19.539+0000] {dag.py:3954} INFO - Setting next_dagrun for example_xcom_args to None, run_after=None
[2024-06-14T12:26:19.543+0000] {logging_mixin.py:188} INFO - [2024-06-14T12:26:19.543+0000] {dag.py:3954} INFO - Setting next_dagrun for example_xcom_args_with_operators to None, run_after=None
[2024-06-14T12:26:19.556+0000] {processor.py:183} INFO - Processing /home/airflow/.local/lib/python3.12/site-packages/airflow/example_dags/example_xcomargs.py took 0.058 seconds
[2024-06-14T12:26:49.735+0000] {processor.py:161} INFO - Started process (PID=1000) to work on /home/airflow/.local/lib/python3.12/site-packages/airflow/example_dags/example_xcomargs.py
[2024-06-14T12:26:49.736+0000] {processor.py:830} INFO - Processing file /home/airflow/.local/lib/python3.12/site-packages/airflow/example_dags/example_xcomargs.py for tasks to queue
[2024-06-14T12:26:49.737+0000] {logging_mixin.py:188} INFO - [2024-06-14T12:26:49.737+0000] {dagbag.py:545} INFO - Filling up the DagBag from /home/airflow/.local/lib/python3.12/site-packages/airflow/example_dags/example_xcomargs.py
[2024-06-14T12:26:49.744+0000] {processor.py:840} INFO - DAG(s) 'example_xcom_args', 'example_xcom_args_with_operators' retrieved from /home/airflow/.local/lib/python3.12/site-packages/airflow/example_dags/example_xcomargs.py
[2024-06-14T12:26:49.765+0000] {logging_mixin.py:188} INFO - [2024-06-14T12:26:49.765+0000] {dag.py:3096} INFO - Sync 2 DAGs
[2024-06-14T12:26:49.776+0000] {logging_mixin.py:188} INFO - [2024-06-14T12:26:49.776+0000] {dag.py:3954} INFO - Setting next_dagrun for example_xcom_args to None, run_after=None
[2024-06-14T12:26:49.780+0000] {logging_mixin.py:188} INFO - [2024-06-14T12:26:49.780+0000] {dag.py:3954} INFO - Setting next_dagrun for example_xcom_args_with_operators to None, run_after=None
[2024-06-14T12:26:49.797+0000] {processor.py:183} INFO - Processing /home/airflow/.local/lib/python3.12/site-packages/airflow/example_dags/example_xcomargs.py took 0.067 seconds
[2024-06-14T12:27:19.939+0000] {processor.py:161} INFO - Started process (PID=1058) to work on /home/airflow/.local/lib/python3.12/site-packages/airflow/example_dags/example_xcomargs.py
[2024-06-14T12:27:19.940+0000] {processor.py:830} INFO - Processing file /home/airflow/.local/lib/python3.12/site-packages/airflow/example_dags/example_xcomargs.py for tasks to queue
[2024-06-14T12:27:19.941+0000] {logging_mixin.py:188} INFO - [2024-06-14T12:27:19.941+0000] {dagbag.py:545} INFO - Filling up the DagBag from /home/airflow/.local/lib/python3.12/site-packages/airflow/example_dags/example_xcomargs.py
[2024-06-14T12:27:19.947+0000] {processor.py:840} INFO - DAG(s) 'example_xcom_args', 'example_xcom_args_with_operators' retrieved from /home/airflow/.local/lib/python3.12/site-packages/airflow/example_dags/example_xcomargs.py
[2024-06-14T12:27:19.965+0000] {logging_mixin.py:188} INFO - [2024-06-14T12:27:19.965+0000] {dag.py:3096} INFO - Sync 2 DAGs
[2024-06-14T12:27:19.975+0000] {logging_mixin.py:188} INFO - [2024-06-14T12:27:19.975+0000] {dag.py:3954} INFO - Setting next_dagrun for example_xcom_args to None, run_after=None
[2024-06-14T12:27:19.979+0000] {logging_mixin.py:188} INFO - [2024-06-14T12:27:19.978+0000] {dag.py:3954} INFO - Setting next_dagrun for example_xcom_args_with_operators to None, run_after=None
[2024-06-14T12:27:19.992+0000] {processor.py:183} INFO - Processing /home/airflow/.local/lib/python3.12/site-packages/airflow/example_dags/example_xcomargs.py took 0.058 seconds
[2024-06-14T12:27:50.182+0000] {processor.py:161} INFO - Started process (PID=1116) to work on /home/airflow/.local/lib/python3.12/site-packages/airflow/example_dags/example_xcomargs.py
[2024-06-14T12:27:50.182+0000] {processor.py:830} INFO - Processing file /home/airflow/.local/lib/python3.12/site-packages/airflow/example_dags/example_xcomargs.py for tasks to queue
[2024-06-14T12:27:50.184+0000] {logging_mixin.py:188} INFO - [2024-06-14T12:27:50.184+0000] {dagbag.py:545} INFO - Filling up the DagBag from /home/airflow/.local/lib/python3.12/site-packages/airflow/example_dags/example_xcomargs.py
[2024-06-14T12:27:50.190+0000] {processor.py:840} INFO - DAG(s) 'example_xcom_args_with_operators', 'example_xcom_args' retrieved from /home/airflow/.local/lib/python3.12/site-packages/airflow/example_dags/example_xcomargs.py
[2024-06-14T12:27:50.207+0000] {logging_mixin.py:188} INFO - [2024-06-14T12:27:50.207+0000] {dag.py:3096} INFO - Sync 2 DAGs
[2024-06-14T12:27:50.217+0000] {logging_mixin.py:188} INFO - [2024-06-14T12:27:50.217+0000] {dag.py:3954} INFO - Setting next_dagrun for example_xcom_args to None, run_after=None
[2024-06-14T12:27:50.220+0000] {logging_mixin.py:188} INFO - [2024-06-14T12:27:50.220+0000] {dag.py:3954} INFO - Setting next_dagrun for example_xcom_args_with_operators to None, run_after=None
[2024-06-14T12:27:50.234+0000] {processor.py:183} INFO - Processing /home/airflow/.local/lib/python3.12/site-packages/airflow/example_dags/example_xcomargs.py took 0.057 seconds
[2024-06-14T12:28:20.381+0000] {processor.py:161} INFO - Started process (PID=1174) to work on /home/airflow/.local/lib/python3.12/site-packages/airflow/example_dags/example_xcomargs.py
[2024-06-14T12:28:20.382+0000] {processor.py:830} INFO - Processing file /home/airflow/.local/lib/python3.12/site-packages/airflow/example_dags/example_xcomargs.py for tasks to queue
[2024-06-14T12:28:20.384+0000] {logging_mixin.py:188} INFO - [2024-06-14T12:28:20.383+0000] {dagbag.py:545} INFO - Filling up the DagBag from /home/airflow/.local/lib/python3.12/site-packages/airflow/example_dags/example_xcomargs.py
[2024-06-14T12:28:20.390+0000] {processor.py:840} INFO - DAG(s) 'example_xcom_args_with_operators', 'example_xcom_args' retrieved from /home/airflow/.local/lib/python3.12/site-packages/airflow/example_dags/example_xcomargs.py
[2024-06-14T12:28:20.410+0000] {logging_mixin.py:188} INFO - [2024-06-14T12:28:20.410+0000] {dag.py:3096} INFO - Sync 2 DAGs
[2024-06-14T12:28:20.425+0000] {logging_mixin.py:188} INFO - [2024-06-14T12:28:20.425+0000] {dag.py:3954} INFO - Setting next_dagrun for example_xcom_args to None, run_after=None
[2024-06-14T12:28:20.429+0000] {logging_mixin.py:188} INFO - [2024-06-14T12:28:20.429+0000] {dag.py:3954} INFO - Setting next_dagrun for example_xcom_args_with_operators to None, run_after=None
[2024-06-14T12:28:20.445+0000] {processor.py:183} INFO - Processing /home/airflow/.local/lib/python3.12/site-packages/airflow/example_dags/example_xcomargs.py took 0.069 seconds
[2024-06-14T12:28:50.778+0000] {processor.py:161} INFO - Started process (PID=1232) to work on /home/airflow/.local/lib/python3.12/site-packages/airflow/example_dags/example_xcomargs.py
[2024-06-14T12:28:50.779+0000] {processor.py:830} INFO - Processing file /home/airflow/.local/lib/python3.12/site-packages/airflow/example_dags/example_xcomargs.py for tasks to queue
[2024-06-14T12:28:50.780+0000] {logging_mixin.py:188} INFO - [2024-06-14T12:28:50.780+0000] {dagbag.py:545} INFO - Filling up the DagBag from /home/airflow/.local/lib/python3.12/site-packages/airflow/example_dags/example_xcomargs.py
[2024-06-14T12:28:50.786+0000] {processor.py:840} INFO - DAG(s) 'example_xcom_args_with_operators', 'example_xcom_args' retrieved from /home/airflow/.local/lib/python3.12/site-packages/airflow/example_dags/example_xcomargs.py
[2024-06-14T12:28:50.800+0000] {logging_mixin.py:188} INFO - [2024-06-14T12:28:50.800+0000] {dag.py:3096} INFO - Sync 2 DAGs
[2024-06-14T12:28:50.810+0000] {logging_mixin.py:188} INFO - [2024-06-14T12:28:50.810+0000] {dag.py:3954} INFO - Setting next_dagrun for example_xcom_args to None, run_after=None
[2024-06-14T12:28:50.812+0000] {logging_mixin.py:188} INFO - [2024-06-14T12:28:50.812+0000] {dag.py:3954} INFO - Setting next_dagrun for example_xcom_args_with_operators to None, run_after=None
[2024-06-14T12:28:50.824+0000] {processor.py:183} INFO - Processing /home/airflow/.local/lib/python3.12/site-packages/airflow/example_dags/example_xcomargs.py took 0.050 seconds
[2024-06-14T12:29:21.138+0000] {processor.py:161} INFO - Started process (PID=1290) to work on /home/airflow/.local/lib/python3.12/site-packages/airflow/example_dags/example_xcomargs.py
[2024-06-14T12:29:21.139+0000] {processor.py:830} INFO - Processing file /home/airflow/.local/lib/python3.12/site-packages/airflow/example_dags/example_xcomargs.py for tasks to queue
[2024-06-14T12:29:21.140+0000] {logging_mixin.py:188} INFO - [2024-06-14T12:29:21.140+0000] {dagbag.py:545} INFO - Filling up the DagBag from /home/airflow/.local/lib/python3.12/site-packages/airflow/example_dags/example_xcomargs.py
[2024-06-14T12:29:21.145+0000] {processor.py:840} INFO - DAG(s) 'example_xcom_args', 'example_xcom_args_with_operators' retrieved from /home/airflow/.local/lib/python3.12/site-packages/airflow/example_dags/example_xcomargs.py
[2024-06-14T12:29:21.162+0000] {logging_mixin.py:188} INFO - [2024-06-14T12:29:21.162+0000] {dag.py:3096} INFO - Sync 2 DAGs
[2024-06-14T12:29:21.172+0000] {logging_mixin.py:188} INFO - [2024-06-14T12:29:21.172+0000] {dag.py:3954} INFO - Setting next_dagrun for example_xcom_args to None, run_after=None
[2024-06-14T12:29:21.175+0000] {logging_mixin.py:188} INFO - [2024-06-14T12:29:21.174+0000] {dag.py:3954} INFO - Setting next_dagrun for example_xcom_args_with_operators to None, run_after=None
[2024-06-14T12:29:21.187+0000] {processor.py:183} INFO - Processing /home/airflow/.local/lib/python3.12/site-packages/airflow/example_dags/example_xcomargs.py took 0.053 seconds
[2024-06-14T12:29:51.468+0000] {processor.py:161} INFO - Started process (PID=1348) to work on /home/airflow/.local/lib/python3.12/site-packages/airflow/example_dags/example_xcomargs.py
[2024-06-14T12:29:51.469+0000] {processor.py:830} INFO - Processing file /home/airflow/.local/lib/python3.12/site-packages/airflow/example_dags/example_xcomargs.py for tasks to queue
[2024-06-14T12:29:51.470+0000] {logging_mixin.py:188} INFO - [2024-06-14T12:29:51.470+0000] {dagbag.py:545} INFO - Filling up the DagBag from /home/airflow/.local/lib/python3.12/site-packages/airflow/example_dags/example_xcomargs.py
[2024-06-14T12:29:51.475+0000] {processor.py:840} INFO - DAG(s) 'example_xcom_args', 'example_xcom_args_with_operators' retrieved from /home/airflow/.local/lib/python3.12/site-packages/airflow/example_dags/example_xcomargs.py
[2024-06-14T12:29:51.492+0000] {logging_mixin.py:188} INFO - [2024-06-14T12:29:51.492+0000] {dag.py:3096} INFO - Sync 2 DAGs
[2024-06-14T12:29:51.504+0000] {logging_mixin.py:188} INFO - [2024-06-14T12:29:51.504+0000] {dag.py:3954} INFO - Setting next_dagrun for example_xcom_args to None, run_after=None
[2024-06-14T12:29:51.508+0000] {logging_mixin.py:188} INFO - [2024-06-14T12:29:51.508+0000] {dag.py:3954} INFO - Setting next_dagrun for example_xcom_args_with_operators to None, run_after=None
[2024-06-14T12:29:51.523+0000] {processor.py:183} INFO - Processing /home/airflow/.local/lib/python3.12/site-packages/airflow/example_dags/example_xcomargs.py took 0.058 seconds
[2024-06-14T12:30:21.740+0000] {processor.py:161} INFO - Started process (PID=1406) to work on /home/airflow/.local/lib/python3.12/site-packages/airflow/example_dags/example_xcomargs.py
[2024-06-14T12:30:21.740+0000] {processor.py:830} INFO - Processing file /home/airflow/.local/lib/python3.12/site-packages/airflow/example_dags/example_xcomargs.py for tasks to queue
[2024-06-14T12:30:21.742+0000] {logging_mixin.py:188} INFO - [2024-06-14T12:30:21.741+0000] {dagbag.py:545} INFO - Filling up the DagBag from /home/airflow/.local/lib/python3.12/site-packages/airflow/example_dags/example_xcomargs.py
[2024-06-14T12:30:21.748+0000] {processor.py:840} INFO - DAG(s) 'example_xcom_args_with_operators', 'example_xcom_args' retrieved from /home/airflow/.local/lib/python3.12/site-packages/airflow/example_dags/example_xcomargs.py
[2024-06-14T12:30:21.765+0000] {logging_mixin.py:188} INFO - [2024-06-14T12:30:21.765+0000] {dag.py:3096} INFO - Sync 2 DAGs
[2024-06-14T12:30:21.776+0000] {logging_mixin.py:188} INFO - [2024-06-14T12:30:21.776+0000] {dag.py:3954} INFO - Setting next_dagrun for example_xcom_args to None, run_after=None
[2024-06-14T12:30:21.780+0000] {logging_mixin.py:188} INFO - [2024-06-14T12:30:21.780+0000] {dag.py:3954} INFO - Setting next_dagrun for example_xcom_args_with_operators to None, run_after=None
[2024-06-14T12:30:21.798+0000] {processor.py:183} INFO - Processing /home/airflow/.local/lib/python3.12/site-packages/airflow/example_dags/example_xcomargs.py took 0.062 seconds
[2024-06-14T12:30:52.063+0000] {processor.py:161} INFO - Started process (PID=1464) to work on /home/airflow/.local/lib/python3.12/site-packages/airflow/example_dags/example_xcomargs.py
[2024-06-14T12:30:52.064+0000] {processor.py:830} INFO - Processing file /home/airflow/.local/lib/python3.12/site-packages/airflow/example_dags/example_xcomargs.py for tasks to queue
[2024-06-14T12:30:52.065+0000] {logging_mixin.py:188} INFO - [2024-06-14T12:30:52.065+0000] {dagbag.py:545} INFO - Filling up the DagBag from /home/airflow/.local/lib/python3.12/site-packages/airflow/example_dags/example_xcomargs.py
[2024-06-14T12:30:52.071+0000] {processor.py:840} INFO - DAG(s) 'example_xcom_args_with_operators', 'example_xcom_args' retrieved from /home/airflow/.local/lib/python3.12/site-packages/airflow/example_dags/example_xcomargs.py
[2024-06-14T12:30:52.088+0000] {logging_mixin.py:188} INFO - [2024-06-14T12:30:52.088+0000] {dag.py:3096} INFO - Sync 2 DAGs
[2024-06-14T12:30:52.098+0000] {logging_mixin.py:188} INFO - [2024-06-14T12:30:52.098+0000] {dag.py:3954} INFO - Setting next_dagrun for example_xcom_args to None, run_after=None
[2024-06-14T12:30:52.101+0000] {logging_mixin.py:188} INFO - [2024-06-14T12:30:52.101+0000] {dag.py:3954} INFO - Setting next_dagrun for example_xcom_args_with_operators to None, run_after=None
[2024-06-14T12:30:52.114+0000] {processor.py:183} INFO - Processing /home/airflow/.local/lib/python3.12/site-packages/airflow/example_dags/example_xcomargs.py took 0.056 seconds
