[2024-06-14T12:06:31.192+0000] {processor.py:161} INFO - Started process (PID=58) to work on /home/airflow/.local/lib/python3.12/site-packages/airflow/example_dags/example_python_decorator.py
[2024-06-14T12:06:31.193+0000] {processor.py:830} INFO - Processing file /home/airflow/.local/lib/python3.12/site-packages/airflow/example_dags/example_python_decorator.py for tasks to queue
[2024-06-14T12:06:31.196+0000] {logging_mixin.py:188} INFO - [2024-06-14T12:06:31.196+0000] {dagbag.py:545} INFO - Filling up the DagBag from /home/airflow/.local/lib/python3.12/site-packages/airflow/example_dags/example_python_decorator.py
[2024-06-14T12:06:31.213+0000] {processor.py:840} INFO - DAG(s) 'example_python_decorator' retrieved from /home/airflow/.local/lib/python3.12/site-packages/airflow/example_dags/example_python_decorator.py
[2024-06-14T12:06:31.224+0000] {logging_mixin.py:188} INFO - [2024-06-14T12:06:31.223+0000] {dag.py:3096} INFO - Sync 1 DAGs
[2024-06-14T12:06:31.236+0000] {logging_mixin.py:188} INFO - [2024-06-14T12:06:31.236+0000] {dag.py:3954} INFO - Setting next_dagrun for example_python_decorator to None, run_after=None
[2024-06-14T12:06:31.253+0000] {processor.py:183} INFO - Processing /home/airflow/.local/lib/python3.12/site-packages/airflow/example_dags/example_python_decorator.py took 0.068 seconds
[2024-06-14T12:07:02.564+0000] {processor.py:161} INFO - Started process (PID=116) to work on /home/airflow/.local/lib/python3.12/site-packages/airflow/example_dags/example_python_decorator.py
[2024-06-14T12:07:02.566+0000] {processor.py:830} INFO - Processing file /home/airflow/.local/lib/python3.12/site-packages/airflow/example_dags/example_python_decorator.py for tasks to queue
[2024-06-14T12:07:02.567+0000] {logging_mixin.py:188} INFO - [2024-06-14T12:07:02.567+0000] {dagbag.py:545} INFO - Filling up the DagBag from /home/airflow/.local/lib/python3.12/site-packages/airflow/example_dags/example_python_decorator.py
[2024-06-14T12:07:02.579+0000] {processor.py:840} INFO - DAG(s) 'example_python_decorator' retrieved from /home/airflow/.local/lib/python3.12/site-packages/airflow/example_dags/example_python_decorator.py
[2024-06-14T12:07:02.664+0000] {logging_mixin.py:188} INFO - [2024-06-14T12:07:02.664+0000] {dag.py:3096} INFO - Sync 1 DAGs
[2024-06-14T12:07:02.674+0000] {logging_mixin.py:188} INFO - [2024-06-14T12:07:02.674+0000] {dag.py:3954} INFO - Setting next_dagrun for example_python_decorator to None, run_after=None
[2024-06-14T12:07:02.690+0000] {processor.py:183} INFO - Processing /home/airflow/.local/lib/python3.12/site-packages/airflow/example_dags/example_python_decorator.py took 0.130 seconds
[2024-06-14T12:07:32.810+0000] {processor.py:161} INFO - Started process (PID=174) to work on /home/airflow/.local/lib/python3.12/site-packages/airflow/example_dags/example_python_decorator.py
[2024-06-14T12:07:32.811+0000] {processor.py:830} INFO - Processing file /home/airflow/.local/lib/python3.12/site-packages/airflow/example_dags/example_python_decorator.py for tasks to queue
[2024-06-14T12:07:32.812+0000] {logging_mixin.py:188} INFO - [2024-06-14T12:07:32.812+0000] {dagbag.py:545} INFO - Filling up the DagBag from /home/airflow/.local/lib/python3.12/site-packages/airflow/example_dags/example_python_decorator.py
[2024-06-14T12:07:32.821+0000] {processor.py:840} INFO - DAG(s) 'example_python_decorator' retrieved from /home/airflow/.local/lib/python3.12/site-packages/airflow/example_dags/example_python_decorator.py
[2024-06-14T12:07:32.836+0000] {logging_mixin.py:188} INFO - [2024-06-14T12:07:32.836+0000] {dag.py:3096} INFO - Sync 1 DAGs
[2024-06-14T12:07:32.845+0000] {logging_mixin.py:188} INFO - [2024-06-14T12:07:32.845+0000] {dag.py:3954} INFO - Setting next_dagrun for example_python_decorator to None, run_after=None
[2024-06-14T12:07:32.863+0000] {processor.py:183} INFO - Processing /home/airflow/.local/lib/python3.12/site-packages/airflow/example_dags/example_python_decorator.py took 0.057 seconds
[2024-06-14T12:08:03.052+0000] {processor.py:161} INFO - Started process (PID=232) to work on /home/airflow/.local/lib/python3.12/site-packages/airflow/example_dags/example_python_decorator.py
[2024-06-14T12:08:03.053+0000] {processor.py:830} INFO - Processing file /home/airflow/.local/lib/python3.12/site-packages/airflow/example_dags/example_python_decorator.py for tasks to queue
[2024-06-14T12:08:03.054+0000] {logging_mixin.py:188} INFO - [2024-06-14T12:08:03.054+0000] {dagbag.py:545} INFO - Filling up the DagBag from /home/airflow/.local/lib/python3.12/site-packages/airflow/example_dags/example_python_decorator.py
[2024-06-14T12:08:03.063+0000] {processor.py:840} INFO - DAG(s) 'example_python_decorator' retrieved from /home/airflow/.local/lib/python3.12/site-packages/airflow/example_dags/example_python_decorator.py
[2024-06-14T12:08:03.080+0000] {logging_mixin.py:188} INFO - [2024-06-14T12:08:03.080+0000] {dag.py:3096} INFO - Sync 1 DAGs
[2024-06-14T12:08:03.090+0000] {logging_mixin.py:188} INFO - [2024-06-14T12:08:03.090+0000] {dag.py:3954} INFO - Setting next_dagrun for example_python_decorator to None, run_after=None
[2024-06-14T12:08:03.107+0000] {processor.py:183} INFO - Processing /home/airflow/.local/lib/python3.12/site-packages/airflow/example_dags/example_python_decorator.py took 0.060 seconds
[2024-06-14T12:08:33.326+0000] {processor.py:161} INFO - Started process (PID=290) to work on /home/airflow/.local/lib/python3.12/site-packages/airflow/example_dags/example_python_decorator.py
[2024-06-14T12:08:33.327+0000] {processor.py:830} INFO - Processing file /home/airflow/.local/lib/python3.12/site-packages/airflow/example_dags/example_python_decorator.py for tasks to queue
[2024-06-14T12:08:33.328+0000] {logging_mixin.py:188} INFO - [2024-06-14T12:08:33.328+0000] {dagbag.py:545} INFO - Filling up the DagBag from /home/airflow/.local/lib/python3.12/site-packages/airflow/example_dags/example_python_decorator.py
[2024-06-14T12:08:33.337+0000] {processor.py:840} INFO - DAG(s) 'example_python_decorator' retrieved from /home/airflow/.local/lib/python3.12/site-packages/airflow/example_dags/example_python_decorator.py
[2024-06-14T12:08:33.352+0000] {logging_mixin.py:188} INFO - [2024-06-14T12:08:33.352+0000] {dag.py:3096} INFO - Sync 1 DAGs
[2024-06-14T12:08:33.361+0000] {logging_mixin.py:188} INFO - [2024-06-14T12:08:33.361+0000] {dag.py:3954} INFO - Setting next_dagrun for example_python_decorator to None, run_after=None
[2024-06-14T12:08:33.375+0000] {processor.py:183} INFO - Processing /home/airflow/.local/lib/python3.12/site-packages/airflow/example_dags/example_python_decorator.py took 0.054 seconds
[2024-06-14T12:09:03.466+0000] {processor.py:161} INFO - Started process (PID=348) to work on /home/airflow/.local/lib/python3.12/site-packages/airflow/example_dags/example_python_decorator.py
[2024-06-14T12:09:03.467+0000] {processor.py:830} INFO - Processing file /home/airflow/.local/lib/python3.12/site-packages/airflow/example_dags/example_python_decorator.py for tasks to queue
[2024-06-14T12:09:03.468+0000] {logging_mixin.py:188} INFO - [2024-06-14T12:09:03.468+0000] {dagbag.py:545} INFO - Filling up the DagBag from /home/airflow/.local/lib/python3.12/site-packages/airflow/example_dags/example_python_decorator.py
[2024-06-14T12:09:03.479+0000] {processor.py:840} INFO - DAG(s) 'example_python_decorator' retrieved from /home/airflow/.local/lib/python3.12/site-packages/airflow/example_dags/example_python_decorator.py
[2024-06-14T12:09:03.497+0000] {logging_mixin.py:188} INFO - [2024-06-14T12:09:03.496+0000] {dag.py:3096} INFO - Sync 1 DAGs
[2024-06-14T12:09:03.507+0000] {logging_mixin.py:188} INFO - [2024-06-14T12:09:03.507+0000] {dag.py:3954} INFO - Setting next_dagrun for example_python_decorator to None, run_after=None
[2024-06-14T12:09:03.522+0000] {processor.py:183} INFO - Processing /home/airflow/.local/lib/python3.12/site-packages/airflow/example_dags/example_python_decorator.py took 0.061 seconds
[2024-06-14T12:09:33.972+0000] {processor.py:161} INFO - Started process (PID=413) to work on /home/airflow/.local/lib/python3.12/site-packages/airflow/example_dags/example_python_decorator.py
[2024-06-14T12:09:33.973+0000] {processor.py:830} INFO - Processing file /home/airflow/.local/lib/python3.12/site-packages/airflow/example_dags/example_python_decorator.py for tasks to queue
[2024-06-14T12:09:33.974+0000] {logging_mixin.py:188} INFO - [2024-06-14T12:09:33.974+0000] {dagbag.py:545} INFO - Filling up the DagBag from /home/airflow/.local/lib/python3.12/site-packages/airflow/example_dags/example_python_decorator.py
[2024-06-14T12:09:33.984+0000] {processor.py:840} INFO - DAG(s) 'example_python_decorator' retrieved from /home/airflow/.local/lib/python3.12/site-packages/airflow/example_dags/example_python_decorator.py
[2024-06-14T12:09:34.000+0000] {logging_mixin.py:188} INFO - [2024-06-14T12:09:33.999+0000] {dag.py:3096} INFO - Sync 1 DAGs
[2024-06-14T12:09:34.015+0000] {logging_mixin.py:188} INFO - [2024-06-14T12:09:34.014+0000] {dag.py:3954} INFO - Setting next_dagrun for example_python_decorator to None, run_after=None
[2024-06-14T12:09:34.041+0000] {processor.py:183} INFO - Processing /home/airflow/.local/lib/python3.12/site-packages/airflow/example_dags/example_python_decorator.py took 0.074 seconds
[2024-06-14T12:10:05.093+0000] {processor.py:161} INFO - Started process (PID=471) to work on /home/airflow/.local/lib/python3.12/site-packages/airflow/example_dags/example_python_decorator.py
[2024-06-14T12:10:05.094+0000] {processor.py:830} INFO - Processing file /home/airflow/.local/lib/python3.12/site-packages/airflow/example_dags/example_python_decorator.py for tasks to queue
[2024-06-14T12:10:05.095+0000] {logging_mixin.py:188} INFO - [2024-06-14T12:10:05.095+0000] {dagbag.py:545} INFO - Filling up the DagBag from /home/airflow/.local/lib/python3.12/site-packages/airflow/example_dags/example_python_decorator.py
[2024-06-14T12:10:05.105+0000] {processor.py:840} INFO - DAG(s) 'example_python_decorator' retrieved from /home/airflow/.local/lib/python3.12/site-packages/airflow/example_dags/example_python_decorator.py
[2024-06-14T12:10:05.121+0000] {logging_mixin.py:188} INFO - [2024-06-14T12:10:05.121+0000] {dag.py:3096} INFO - Sync 1 DAGs
[2024-06-14T12:10:05.130+0000] {logging_mixin.py:188} INFO - [2024-06-14T12:10:05.130+0000] {dag.py:3954} INFO - Setting next_dagrun for example_python_decorator to None, run_after=None
[2024-06-14T12:10:05.146+0000] {processor.py:183} INFO - Processing /home/airflow/.local/lib/python3.12/site-packages/airflow/example_dags/example_python_decorator.py took 0.057 seconds
[2024-06-14T12:10:35.229+0000] {processor.py:161} INFO - Started process (PID=529) to work on /home/airflow/.local/lib/python3.12/site-packages/airflow/example_dags/example_python_decorator.py
[2024-06-14T12:10:35.230+0000] {processor.py:830} INFO - Processing file /home/airflow/.local/lib/python3.12/site-packages/airflow/example_dags/example_python_decorator.py for tasks to queue
[2024-06-14T12:10:35.231+0000] {logging_mixin.py:188} INFO - [2024-06-14T12:10:35.231+0000] {dagbag.py:545} INFO - Filling up the DagBag from /home/airflow/.local/lib/python3.12/site-packages/airflow/example_dags/example_python_decorator.py
[2024-06-14T12:10:35.241+0000] {processor.py:840} INFO - DAG(s) 'example_python_decorator' retrieved from /home/airflow/.local/lib/python3.12/site-packages/airflow/example_dags/example_python_decorator.py
[2024-06-14T12:10:35.257+0000] {logging_mixin.py:188} INFO - [2024-06-14T12:10:35.257+0000] {dag.py:3096} INFO - Sync 1 DAGs
[2024-06-14T12:10:35.266+0000] {logging_mixin.py:188} INFO - [2024-06-14T12:10:35.266+0000] {dag.py:3954} INFO - Setting next_dagrun for example_python_decorator to None, run_after=None
[2024-06-14T12:10:35.282+0000] {processor.py:183} INFO - Processing /home/airflow/.local/lib/python3.12/site-packages/airflow/example_dags/example_python_decorator.py took 0.058 seconds
[2024-06-14T12:11:05.519+0000] {processor.py:161} INFO - Started process (PID=594) to work on /home/airflow/.local/lib/python3.12/site-packages/airflow/example_dags/example_python_decorator.py
[2024-06-14T12:11:05.520+0000] {processor.py:830} INFO - Processing file /home/airflow/.local/lib/python3.12/site-packages/airflow/example_dags/example_python_decorator.py for tasks to queue
[2024-06-14T12:11:05.521+0000] {logging_mixin.py:188} INFO - [2024-06-14T12:11:05.521+0000] {dagbag.py:545} INFO - Filling up the DagBag from /home/airflow/.local/lib/python3.12/site-packages/airflow/example_dags/example_python_decorator.py
[2024-06-14T12:11:05.532+0000] {processor.py:840} INFO - DAG(s) 'example_python_decorator' retrieved from /home/airflow/.local/lib/python3.12/site-packages/airflow/example_dags/example_python_decorator.py
[2024-06-14T12:11:05.546+0000] {logging_mixin.py:188} INFO - [2024-06-14T12:11:05.546+0000] {dag.py:3096} INFO - Sync 1 DAGs
[2024-06-14T12:11:05.555+0000] {logging_mixin.py:188} INFO - [2024-06-14T12:11:05.555+0000] {dag.py:3954} INFO - Setting next_dagrun for example_python_decorator to None, run_after=None
[2024-06-14T12:11:05.567+0000] {processor.py:183} INFO - Processing /home/airflow/.local/lib/python3.12/site-packages/airflow/example_dags/example_python_decorator.py took 0.052 seconds
[2024-06-14T12:11:35.628+0000] {processor.py:161} INFO - Started process (PID=652) to work on /home/airflow/.local/lib/python3.12/site-packages/airflow/example_dags/example_python_decorator.py
[2024-06-14T12:11:35.629+0000] {processor.py:830} INFO - Processing file /home/airflow/.local/lib/python3.12/site-packages/airflow/example_dags/example_python_decorator.py for tasks to queue
[2024-06-14T12:11:35.630+0000] {logging_mixin.py:188} INFO - [2024-06-14T12:11:35.630+0000] {dagbag.py:545} INFO - Filling up the DagBag from /home/airflow/.local/lib/python3.12/site-packages/airflow/example_dags/example_python_decorator.py
[2024-06-14T12:11:35.639+0000] {processor.py:840} INFO - DAG(s) 'example_python_decorator' retrieved from /home/airflow/.local/lib/python3.12/site-packages/airflow/example_dags/example_python_decorator.py
[2024-06-14T12:11:35.655+0000] {logging_mixin.py:188} INFO - [2024-06-14T12:11:35.655+0000] {dag.py:3096} INFO - Sync 1 DAGs
[2024-06-14T12:11:35.665+0000] {logging_mixin.py:188} INFO - [2024-06-14T12:11:35.664+0000] {dag.py:3954} INFO - Setting next_dagrun for example_python_decorator to None, run_after=None
[2024-06-14T12:11:35.679+0000] {processor.py:183} INFO - Processing /home/airflow/.local/lib/python3.12/site-packages/airflow/example_dags/example_python_decorator.py took 0.054 seconds
[2024-06-14T12:12:05.919+0000] {processor.py:161} INFO - Started process (PID=710) to work on /home/airflow/.local/lib/python3.12/site-packages/airflow/example_dags/example_python_decorator.py
[2024-06-14T12:12:05.920+0000] {processor.py:830} INFO - Processing file /home/airflow/.local/lib/python3.12/site-packages/airflow/example_dags/example_python_decorator.py for tasks to queue
[2024-06-14T12:12:05.922+0000] {logging_mixin.py:188} INFO - [2024-06-14T12:12:05.922+0000] {dagbag.py:545} INFO - Filling up the DagBag from /home/airflow/.local/lib/python3.12/site-packages/airflow/example_dags/example_python_decorator.py
[2024-06-14T12:12:05.933+0000] {processor.py:840} INFO - DAG(s) 'example_python_decorator' retrieved from /home/airflow/.local/lib/python3.12/site-packages/airflow/example_dags/example_python_decorator.py
[2024-06-14T12:12:05.952+0000] {logging_mixin.py:188} INFO - [2024-06-14T12:12:05.952+0000] {dag.py:3096} INFO - Sync 1 DAGs
[2024-06-14T12:12:05.963+0000] {logging_mixin.py:188} INFO - [2024-06-14T12:12:05.962+0000] {dag.py:3954} INFO - Setting next_dagrun for example_python_decorator to None, run_after=None
[2024-06-14T12:12:05.976+0000] {processor.py:183} INFO - Processing /home/airflow/.local/lib/python3.12/site-packages/airflow/example_dags/example_python_decorator.py took 0.062 seconds
[2024-06-14T12:12:36.015+0000] {processor.py:161} INFO - Started process (PID=768) to work on /home/airflow/.local/lib/python3.12/site-packages/airflow/example_dags/example_python_decorator.py
[2024-06-14T12:12:36.016+0000] {processor.py:830} INFO - Processing file /home/airflow/.local/lib/python3.12/site-packages/airflow/example_dags/example_python_decorator.py for tasks to queue
[2024-06-14T12:12:36.017+0000] {logging_mixin.py:188} INFO - [2024-06-14T12:12:36.017+0000] {dagbag.py:545} INFO - Filling up the DagBag from /home/airflow/.local/lib/python3.12/site-packages/airflow/example_dags/example_python_decorator.py
[2024-06-14T12:12:36.027+0000] {processor.py:840} INFO - DAG(s) 'example_python_decorator' retrieved from /home/airflow/.local/lib/python3.12/site-packages/airflow/example_dags/example_python_decorator.py
[2024-06-14T12:12:36.046+0000] {logging_mixin.py:188} INFO - [2024-06-14T12:12:36.046+0000] {dag.py:3096} INFO - Sync 1 DAGs
[2024-06-14T12:12:36.056+0000] {logging_mixin.py:188} INFO - [2024-06-14T12:12:36.056+0000] {dag.py:3954} INFO - Setting next_dagrun for example_python_decorator to None, run_after=None
[2024-06-14T12:12:36.074+0000] {processor.py:183} INFO - Processing /home/airflow/.local/lib/python3.12/site-packages/airflow/example_dags/example_python_decorator.py took 0.064 seconds
[2024-06-14T12:13:06.178+0000] {processor.py:161} INFO - Started process (PID=825) to work on /home/airflow/.local/lib/python3.12/site-packages/airflow/example_dags/example_python_decorator.py
[2024-06-14T12:13:06.178+0000] {processor.py:830} INFO - Processing file /home/airflow/.local/lib/python3.12/site-packages/airflow/example_dags/example_python_decorator.py for tasks to queue
[2024-06-14T12:13:06.180+0000] {logging_mixin.py:188} INFO - [2024-06-14T12:13:06.179+0000] {dagbag.py:545} INFO - Filling up the DagBag from /home/airflow/.local/lib/python3.12/site-packages/airflow/example_dags/example_python_decorator.py
[2024-06-14T12:13:06.189+0000] {processor.py:840} INFO - DAG(s) 'example_python_decorator' retrieved from /home/airflow/.local/lib/python3.12/site-packages/airflow/example_dags/example_python_decorator.py
[2024-06-14T12:13:06.205+0000] {logging_mixin.py:188} INFO - [2024-06-14T12:13:06.205+0000] {dag.py:3096} INFO - Sync 1 DAGs
[2024-06-14T12:13:06.215+0000] {logging_mixin.py:188} INFO - [2024-06-14T12:13:06.215+0000] {dag.py:3954} INFO - Setting next_dagrun for example_python_decorator to None, run_after=None
[2024-06-14T12:13:06.229+0000] {processor.py:183} INFO - Processing /home/airflow/.local/lib/python3.12/site-packages/airflow/example_dags/example_python_decorator.py took 0.056 seconds
[2024-06-14T12:13:36.565+0000] {processor.py:161} INFO - Started process (PID=883) to work on /home/airflow/.local/lib/python3.12/site-packages/airflow/example_dags/example_python_decorator.py
[2024-06-14T12:13:36.566+0000] {processor.py:830} INFO - Processing file /home/airflow/.local/lib/python3.12/site-packages/airflow/example_dags/example_python_decorator.py for tasks to queue
[2024-06-14T12:13:36.567+0000] {logging_mixin.py:188} INFO - [2024-06-14T12:13:36.567+0000] {dagbag.py:545} INFO - Filling up the DagBag from /home/airflow/.local/lib/python3.12/site-packages/airflow/example_dags/example_python_decorator.py
[2024-06-14T12:13:36.580+0000] {processor.py:840} INFO - DAG(s) 'example_python_decorator' retrieved from /home/airflow/.local/lib/python3.12/site-packages/airflow/example_dags/example_python_decorator.py
[2024-06-14T12:13:36.599+0000] {logging_mixin.py:188} INFO - [2024-06-14T12:13:36.598+0000] {dag.py:3096} INFO - Sync 1 DAGs
[2024-06-14T12:13:36.609+0000] {logging_mixin.py:188} INFO - [2024-06-14T12:13:36.608+0000] {dag.py:3954} INFO - Setting next_dagrun for example_python_decorator to None, run_after=None
[2024-06-14T12:13:36.626+0000] {processor.py:183} INFO - Processing /home/airflow/.local/lib/python3.12/site-packages/airflow/example_dags/example_python_decorator.py took 0.066 seconds
[2024-06-14T12:14:07.007+0000] {processor.py:161} INFO - Started process (PID=941) to work on /home/airflow/.local/lib/python3.12/site-packages/airflow/example_dags/example_python_decorator.py
[2024-06-14T12:14:07.008+0000] {processor.py:830} INFO - Processing file /home/airflow/.local/lib/python3.12/site-packages/airflow/example_dags/example_python_decorator.py for tasks to queue
[2024-06-14T12:14:07.010+0000] {logging_mixin.py:188} INFO - [2024-06-14T12:14:07.010+0000] {dagbag.py:545} INFO - Filling up the DagBag from /home/airflow/.local/lib/python3.12/site-packages/airflow/example_dags/example_python_decorator.py
[2024-06-14T12:14:07.020+0000] {processor.py:840} INFO - DAG(s) 'example_python_decorator' retrieved from /home/airflow/.local/lib/python3.12/site-packages/airflow/example_dags/example_python_decorator.py
[2024-06-14T12:14:07.038+0000] {logging_mixin.py:188} INFO - [2024-06-14T12:14:07.038+0000] {dag.py:3096} INFO - Sync 1 DAGs
[2024-06-14T12:14:07.048+0000] {logging_mixin.py:188} INFO - [2024-06-14T12:14:07.047+0000] {dag.py:3954} INFO - Setting next_dagrun for example_python_decorator to None, run_after=None
[2024-06-14T12:14:07.063+0000] {processor.py:183} INFO - Processing /home/airflow/.local/lib/python3.12/site-packages/airflow/example_dags/example_python_decorator.py took 0.062 seconds
[2024-06-14T12:14:37.317+0000] {processor.py:161} INFO - Started process (PID=999) to work on /home/airflow/.local/lib/python3.12/site-packages/airflow/example_dags/example_python_decorator.py
[2024-06-14T12:14:37.318+0000] {processor.py:830} INFO - Processing file /home/airflow/.local/lib/python3.12/site-packages/airflow/example_dags/example_python_decorator.py for tasks to queue
[2024-06-14T12:14:37.319+0000] {logging_mixin.py:188} INFO - [2024-06-14T12:14:37.319+0000] {dagbag.py:545} INFO - Filling up the DagBag from /home/airflow/.local/lib/python3.12/site-packages/airflow/example_dags/example_python_decorator.py
[2024-06-14T12:14:37.328+0000] {processor.py:840} INFO - DAG(s) 'example_python_decorator' retrieved from /home/airflow/.local/lib/python3.12/site-packages/airflow/example_dags/example_python_decorator.py
[2024-06-14T12:14:37.344+0000] {logging_mixin.py:188} INFO - [2024-06-14T12:14:37.344+0000] {dag.py:3096} INFO - Sync 1 DAGs
[2024-06-14T12:14:37.357+0000] {logging_mixin.py:188} INFO - [2024-06-14T12:14:37.357+0000] {dag.py:3954} INFO - Setting next_dagrun for example_python_decorator to None, run_after=None
[2024-06-14T12:14:37.376+0000] {processor.py:183} INFO - Processing /home/airflow/.local/lib/python3.12/site-packages/airflow/example_dags/example_python_decorator.py took 0.062 seconds
[2024-06-14T12:15:07.632+0000] {processor.py:161} INFO - Started process (PID=1057) to work on /home/airflow/.local/lib/python3.12/site-packages/airflow/example_dags/example_python_decorator.py
[2024-06-14T12:15:07.633+0000] {processor.py:830} INFO - Processing file /home/airflow/.local/lib/python3.12/site-packages/airflow/example_dags/example_python_decorator.py for tasks to queue
[2024-06-14T12:15:07.634+0000] {logging_mixin.py:188} INFO - [2024-06-14T12:15:07.634+0000] {dagbag.py:545} INFO - Filling up the DagBag from /home/airflow/.local/lib/python3.12/site-packages/airflow/example_dags/example_python_decorator.py
[2024-06-14T12:15:07.643+0000] {processor.py:840} INFO - DAG(s) 'example_python_decorator' retrieved from /home/airflow/.local/lib/python3.12/site-packages/airflow/example_dags/example_python_decorator.py
[2024-06-14T12:15:07.660+0000] {logging_mixin.py:188} INFO - [2024-06-14T12:15:07.660+0000] {dag.py:3096} INFO - Sync 1 DAGs
[2024-06-14T12:15:07.668+0000] {logging_mixin.py:188} INFO - [2024-06-14T12:15:07.668+0000] {dag.py:3954} INFO - Setting next_dagrun for example_python_decorator to None, run_after=None
[2024-06-14T12:15:07.682+0000] {processor.py:183} INFO - Processing /home/airflow/.local/lib/python3.12/site-packages/airflow/example_dags/example_python_decorator.py took 0.053 seconds
[2024-06-14T12:15:37.875+0000] {processor.py:161} INFO - Started process (PID=1115) to work on /home/airflow/.local/lib/python3.12/site-packages/airflow/example_dags/example_python_decorator.py
[2024-06-14T12:15:37.876+0000] {processor.py:830} INFO - Processing file /home/airflow/.local/lib/python3.12/site-packages/airflow/example_dags/example_python_decorator.py for tasks to queue
[2024-06-14T12:15:37.877+0000] {logging_mixin.py:188} INFO - [2024-06-14T12:15:37.877+0000] {dagbag.py:545} INFO - Filling up the DagBag from /home/airflow/.local/lib/python3.12/site-packages/airflow/example_dags/example_python_decorator.py
[2024-06-14T12:15:37.886+0000] {processor.py:840} INFO - DAG(s) 'example_python_decorator' retrieved from /home/airflow/.local/lib/python3.12/site-packages/airflow/example_dags/example_python_decorator.py
[2024-06-14T12:15:37.902+0000] {logging_mixin.py:188} INFO - [2024-06-14T12:15:37.901+0000] {dag.py:3096} INFO - Sync 1 DAGs
[2024-06-14T12:15:37.910+0000] {logging_mixin.py:188} INFO - [2024-06-14T12:15:37.910+0000] {dag.py:3954} INFO - Setting next_dagrun for example_python_decorator to None, run_after=None
[2024-06-14T12:15:37.923+0000] {processor.py:183} INFO - Processing /home/airflow/.local/lib/python3.12/site-packages/airflow/example_dags/example_python_decorator.py took 0.052 seconds
[2024-06-14T12:16:08.195+0000] {processor.py:161} INFO - Started process (PID=1173) to work on /home/airflow/.local/lib/python3.12/site-packages/airflow/example_dags/example_python_decorator.py
[2024-06-14T12:16:08.196+0000] {processor.py:830} INFO - Processing file /home/airflow/.local/lib/python3.12/site-packages/airflow/example_dags/example_python_decorator.py for tasks to queue
[2024-06-14T12:16:08.198+0000] {logging_mixin.py:188} INFO - [2024-06-14T12:16:08.197+0000] {dagbag.py:545} INFO - Filling up the DagBag from /home/airflow/.local/lib/python3.12/site-packages/airflow/example_dags/example_python_decorator.py
[2024-06-14T12:16:08.208+0000] {processor.py:840} INFO - DAG(s) 'example_python_decorator' retrieved from /home/airflow/.local/lib/python3.12/site-packages/airflow/example_dags/example_python_decorator.py
[2024-06-14T12:16:08.226+0000] {logging_mixin.py:188} INFO - [2024-06-14T12:16:08.226+0000] {dag.py:3096} INFO - Sync 1 DAGs
[2024-06-14T12:16:08.236+0000] {logging_mixin.py:188} INFO - [2024-06-14T12:16:08.236+0000] {dag.py:3954} INFO - Setting next_dagrun for example_python_decorator to None, run_after=None
[2024-06-14T12:16:08.251+0000] {processor.py:183} INFO - Processing /home/airflow/.local/lib/python3.12/site-packages/airflow/example_dags/example_python_decorator.py took 0.061 seconds
[2024-06-14T12:16:38.528+0000] {processor.py:161} INFO - Started process (PID=1231) to work on /home/airflow/.local/lib/python3.12/site-packages/airflow/example_dags/example_python_decorator.py
[2024-06-14T12:16:38.528+0000] {processor.py:830} INFO - Processing file /home/airflow/.local/lib/python3.12/site-packages/airflow/example_dags/example_python_decorator.py for tasks to queue
[2024-06-14T12:16:38.530+0000] {logging_mixin.py:188} INFO - [2024-06-14T12:16:38.530+0000] {dagbag.py:545} INFO - Filling up the DagBag from /home/airflow/.local/lib/python3.12/site-packages/airflow/example_dags/example_python_decorator.py
[2024-06-14T12:16:38.540+0000] {processor.py:840} INFO - DAG(s) 'example_python_decorator' retrieved from /home/airflow/.local/lib/python3.12/site-packages/airflow/example_dags/example_python_decorator.py
[2024-06-14T12:16:38.556+0000] {logging_mixin.py:188} INFO - [2024-06-14T12:16:38.556+0000] {dag.py:3096} INFO - Sync 1 DAGs
[2024-06-14T12:16:38.567+0000] {logging_mixin.py:188} INFO - [2024-06-14T12:16:38.567+0000] {dag.py:3954} INFO - Setting next_dagrun for example_python_decorator to None, run_after=None
[2024-06-14T12:16:38.581+0000] {processor.py:183} INFO - Processing /home/airflow/.local/lib/python3.12/site-packages/airflow/example_dags/example_python_decorator.py took 0.058 seconds
[2024-06-14T12:17:08.887+0000] {processor.py:161} INFO - Started process (PID=1289) to work on /home/airflow/.local/lib/python3.12/site-packages/airflow/example_dags/example_python_decorator.py
[2024-06-14T12:17:08.888+0000] {processor.py:830} INFO - Processing file /home/airflow/.local/lib/python3.12/site-packages/airflow/example_dags/example_python_decorator.py for tasks to queue
[2024-06-14T12:17:08.889+0000] {logging_mixin.py:188} INFO - [2024-06-14T12:17:08.889+0000] {dagbag.py:545} INFO - Filling up the DagBag from /home/airflow/.local/lib/python3.12/site-packages/airflow/example_dags/example_python_decorator.py
[2024-06-14T12:17:08.899+0000] {processor.py:840} INFO - DAG(s) 'example_python_decorator' retrieved from /home/airflow/.local/lib/python3.12/site-packages/airflow/example_dags/example_python_decorator.py
[2024-06-14T12:17:08.915+0000] {logging_mixin.py:188} INFO - [2024-06-14T12:17:08.915+0000] {dag.py:3096} INFO - Sync 1 DAGs
[2024-06-14T12:17:08.925+0000] {logging_mixin.py:188} INFO - [2024-06-14T12:17:08.925+0000] {dag.py:3954} INFO - Setting next_dagrun for example_python_decorator to None, run_after=None
[2024-06-14T12:17:08.940+0000] {processor.py:183} INFO - Processing /home/airflow/.local/lib/python3.12/site-packages/airflow/example_dags/example_python_decorator.py took 0.057 seconds
[2024-06-14T12:17:39.235+0000] {processor.py:161} INFO - Started process (PID=1347) to work on /home/airflow/.local/lib/python3.12/site-packages/airflow/example_dags/example_python_decorator.py
[2024-06-14T12:17:39.236+0000] {processor.py:830} INFO - Processing file /home/airflow/.local/lib/python3.12/site-packages/airflow/example_dags/example_python_decorator.py for tasks to queue
[2024-06-14T12:17:39.237+0000] {logging_mixin.py:188} INFO - [2024-06-14T12:17:39.237+0000] {dagbag.py:545} INFO - Filling up the DagBag from /home/airflow/.local/lib/python3.12/site-packages/airflow/example_dags/example_python_decorator.py
[2024-06-14T12:17:39.249+0000] {processor.py:840} INFO - DAG(s) 'example_python_decorator' retrieved from /home/airflow/.local/lib/python3.12/site-packages/airflow/example_dags/example_python_decorator.py
[2024-06-14T12:17:39.269+0000] {logging_mixin.py:188} INFO - [2024-06-14T12:17:39.269+0000] {dag.py:3096} INFO - Sync 1 DAGs
[2024-06-14T12:17:39.281+0000] {logging_mixin.py:188} INFO - [2024-06-14T12:17:39.281+0000] {dag.py:3954} INFO - Setting next_dagrun for example_python_decorator to None, run_after=None
[2024-06-14T12:17:39.297+0000] {processor.py:183} INFO - Processing /home/airflow/.local/lib/python3.12/site-packages/airflow/example_dags/example_python_decorator.py took 0.067 seconds
[2024-06-14T12:18:41.837+0000] {processor.py:161} INFO - Started process (PID=58) to work on /home/airflow/.local/lib/python3.12/site-packages/airflow/example_dags/example_python_decorator.py
[2024-06-14T12:18:41.838+0000] {processor.py:830} INFO - Processing file /home/airflow/.local/lib/python3.12/site-packages/airflow/example_dags/example_python_decorator.py for tasks to queue
[2024-06-14T12:18:41.839+0000] {logging_mixin.py:188} INFO - [2024-06-14T12:18:41.839+0000] {dagbag.py:545} INFO - Filling up the DagBag from /home/airflow/.local/lib/python3.12/site-packages/airflow/example_dags/example_python_decorator.py
[2024-06-14T12:18:41.851+0000] {processor.py:840} INFO - DAG(s) 'example_python_decorator' retrieved from /home/airflow/.local/lib/python3.12/site-packages/airflow/example_dags/example_python_decorator.py
[2024-06-14T12:18:41.861+0000] {logging_mixin.py:188} INFO - [2024-06-14T12:18:41.861+0000] {dag.py:3096} INFO - Sync 1 DAGs
[2024-06-14T12:18:41.876+0000] {logging_mixin.py:188} INFO - [2024-06-14T12:18:41.875+0000] {dag.py:3954} INFO - Setting next_dagrun for example_python_decorator to None, run_after=None
[2024-06-14T12:18:41.895+0000] {processor.py:183} INFO - Processing /home/airflow/.local/lib/python3.12/site-packages/airflow/example_dags/example_python_decorator.py took 0.061 seconds
[2024-06-14T12:19:13.249+0000] {processor.py:161} INFO - Started process (PID=116) to work on /home/airflow/.local/lib/python3.12/site-packages/airflow/example_dags/example_python_decorator.py
[2024-06-14T12:19:13.249+0000] {processor.py:830} INFO - Processing file /home/airflow/.local/lib/python3.12/site-packages/airflow/example_dags/example_python_decorator.py for tasks to queue
[2024-06-14T12:19:13.251+0000] {logging_mixin.py:188} INFO - [2024-06-14T12:19:13.251+0000] {dagbag.py:545} INFO - Filling up the DagBag from /home/airflow/.local/lib/python3.12/site-packages/airflow/example_dags/example_python_decorator.py
[2024-06-14T12:19:13.260+0000] {processor.py:840} INFO - DAG(s) 'example_python_decorator' retrieved from /home/airflow/.local/lib/python3.12/site-packages/airflow/example_dags/example_python_decorator.py
[2024-06-14T12:19:13.338+0000] {logging_mixin.py:188} INFO - [2024-06-14T12:19:13.337+0000] {dag.py:3096} INFO - Sync 1 DAGs
[2024-06-14T12:19:13.345+0000] {logging_mixin.py:188} INFO - [2024-06-14T12:19:13.345+0000] {dag.py:3954} INFO - Setting next_dagrun for example_python_decorator to None, run_after=None
[2024-06-14T12:19:13.361+0000] {processor.py:183} INFO - Processing /home/airflow/.local/lib/python3.12/site-packages/airflow/example_dags/example_python_decorator.py took 0.116 seconds
[2024-06-14T12:19:44.131+0000] {processor.py:161} INFO - Started process (PID=174) to work on /home/airflow/.local/lib/python3.12/site-packages/airflow/example_dags/example_python_decorator.py
[2024-06-14T12:19:44.132+0000] {processor.py:830} INFO - Processing file /home/airflow/.local/lib/python3.12/site-packages/airflow/example_dags/example_python_decorator.py for tasks to queue
[2024-06-14T12:19:44.133+0000] {logging_mixin.py:188} INFO - [2024-06-14T12:19:44.133+0000] {dagbag.py:545} INFO - Filling up the DagBag from /home/airflow/.local/lib/python3.12/site-packages/airflow/example_dags/example_python_decorator.py
[2024-06-14T12:19:44.143+0000] {processor.py:840} INFO - DAG(s) 'example_python_decorator' retrieved from /home/airflow/.local/lib/python3.12/site-packages/airflow/example_dags/example_python_decorator.py
[2024-06-14T12:19:44.160+0000] {logging_mixin.py:188} INFO - [2024-06-14T12:19:44.160+0000] {dag.py:3096} INFO - Sync 1 DAGs
[2024-06-14T12:19:44.171+0000] {logging_mixin.py:188} INFO - [2024-06-14T12:19:44.171+0000] {dag.py:3954} INFO - Setting next_dagrun for example_python_decorator to None, run_after=None
[2024-06-14T12:19:44.185+0000] {processor.py:183} INFO - Processing /home/airflow/.local/lib/python3.12/site-packages/airflow/example_dags/example_python_decorator.py took 0.058 seconds
[2024-06-14T12:20:14.616+0000] {processor.py:161} INFO - Started process (PID=232) to work on /home/airflow/.local/lib/python3.12/site-packages/airflow/example_dags/example_python_decorator.py
[2024-06-14T12:20:14.617+0000] {processor.py:830} INFO - Processing file /home/airflow/.local/lib/python3.12/site-packages/airflow/example_dags/example_python_decorator.py for tasks to queue
[2024-06-14T12:20:14.618+0000] {logging_mixin.py:188} INFO - [2024-06-14T12:20:14.618+0000] {dagbag.py:545} INFO - Filling up the DagBag from /home/airflow/.local/lib/python3.12/site-packages/airflow/example_dags/example_python_decorator.py
[2024-06-14T12:20:14.627+0000] {processor.py:840} INFO - DAG(s) 'example_python_decorator' retrieved from /home/airflow/.local/lib/python3.12/site-packages/airflow/example_dags/example_python_decorator.py
[2024-06-14T12:20:14.644+0000] {logging_mixin.py:188} INFO - [2024-06-14T12:20:14.643+0000] {dag.py:3096} INFO - Sync 1 DAGs
[2024-06-14T12:20:14.654+0000] {logging_mixin.py:188} INFO - [2024-06-14T12:20:14.653+0000] {dag.py:3954} INFO - Setting next_dagrun for example_python_decorator to None, run_after=None
[2024-06-14T12:20:14.668+0000] {processor.py:183} INFO - Processing /home/airflow/.local/lib/python3.12/site-packages/airflow/example_dags/example_python_decorator.py took 0.057 seconds
[2024-06-14T12:20:44.959+0000] {processor.py:161} INFO - Started process (PID=290) to work on /home/airflow/.local/lib/python3.12/site-packages/airflow/example_dags/example_python_decorator.py
[2024-06-14T12:20:44.960+0000] {processor.py:830} INFO - Processing file /home/airflow/.local/lib/python3.12/site-packages/airflow/example_dags/example_python_decorator.py for tasks to queue
[2024-06-14T12:20:44.961+0000] {logging_mixin.py:188} INFO - [2024-06-14T12:20:44.961+0000] {dagbag.py:545} INFO - Filling up the DagBag from /home/airflow/.local/lib/python3.12/site-packages/airflow/example_dags/example_python_decorator.py
[2024-06-14T12:20:44.970+0000] {processor.py:840} INFO - DAG(s) 'example_python_decorator' retrieved from /home/airflow/.local/lib/python3.12/site-packages/airflow/example_dags/example_python_decorator.py
[2024-06-14T12:20:44.987+0000] {logging_mixin.py:188} INFO - [2024-06-14T12:20:44.986+0000] {dag.py:3096} INFO - Sync 1 DAGs
[2024-06-14T12:20:44.997+0000] {logging_mixin.py:188} INFO - [2024-06-14T12:20:44.997+0000] {dag.py:3954} INFO - Setting next_dagrun for example_python_decorator to None, run_after=None
[2024-06-14T12:20:45.012+0000] {processor.py:183} INFO - Processing /home/airflow/.local/lib/python3.12/site-packages/airflow/example_dags/example_python_decorator.py took 0.057 seconds
[2024-06-14T12:21:15.230+0000] {processor.py:161} INFO - Started process (PID=348) to work on /home/airflow/.local/lib/python3.12/site-packages/airflow/example_dags/example_python_decorator.py
[2024-06-14T12:21:15.231+0000] {processor.py:830} INFO - Processing file /home/airflow/.local/lib/python3.12/site-packages/airflow/example_dags/example_python_decorator.py for tasks to queue
[2024-06-14T12:21:15.232+0000] {logging_mixin.py:188} INFO - [2024-06-14T12:21:15.232+0000] {dagbag.py:545} INFO - Filling up the DagBag from /home/airflow/.local/lib/python3.12/site-packages/airflow/example_dags/example_python_decorator.py
[2024-06-14T12:21:15.242+0000] {processor.py:840} INFO - DAG(s) 'example_python_decorator' retrieved from /home/airflow/.local/lib/python3.12/site-packages/airflow/example_dags/example_python_decorator.py
[2024-06-14T12:21:15.258+0000] {logging_mixin.py:188} INFO - [2024-06-14T12:21:15.258+0000] {dag.py:3096} INFO - Sync 1 DAGs
[2024-06-14T12:21:15.267+0000] {logging_mixin.py:188} INFO - [2024-06-14T12:21:15.267+0000] {dag.py:3954} INFO - Setting next_dagrun for example_python_decorator to None, run_after=None
[2024-06-14T12:21:15.285+0000] {processor.py:183} INFO - Processing /home/airflow/.local/lib/python3.12/site-packages/airflow/example_dags/example_python_decorator.py took 0.059 seconds
[2024-06-14T12:21:45.603+0000] {processor.py:161} INFO - Started process (PID=406) to work on /home/airflow/.local/lib/python3.12/site-packages/airflow/example_dags/example_python_decorator.py
[2024-06-14T12:21:45.603+0000] {processor.py:830} INFO - Processing file /home/airflow/.local/lib/python3.12/site-packages/airflow/example_dags/example_python_decorator.py for tasks to queue
[2024-06-14T12:21:45.605+0000] {logging_mixin.py:188} INFO - [2024-06-14T12:21:45.604+0000] {dagbag.py:545} INFO - Filling up the DagBag from /home/airflow/.local/lib/python3.12/site-packages/airflow/example_dags/example_python_decorator.py
[2024-06-14T12:21:45.614+0000] {processor.py:840} INFO - DAG(s) 'example_python_decorator' retrieved from /home/airflow/.local/lib/python3.12/site-packages/airflow/example_dags/example_python_decorator.py
[2024-06-14T12:21:45.630+0000] {logging_mixin.py:188} INFO - [2024-06-14T12:21:45.630+0000] {dag.py:3096} INFO - Sync 1 DAGs
[2024-06-14T12:21:45.640+0000] {logging_mixin.py:188} INFO - [2024-06-14T12:21:45.640+0000] {dag.py:3954} INFO - Setting next_dagrun for example_python_decorator to None, run_after=None
[2024-06-14T12:21:45.656+0000] {processor.py:183} INFO - Processing /home/airflow/.local/lib/python3.12/site-packages/airflow/example_dags/example_python_decorator.py took 0.058 seconds
[2024-06-14T12:22:16.065+0000] {processor.py:161} INFO - Started process (PID=465) to work on /home/airflow/.local/lib/python3.12/site-packages/airflow/example_dags/example_python_decorator.py
[2024-06-14T12:22:16.066+0000] {processor.py:830} INFO - Processing file /home/airflow/.local/lib/python3.12/site-packages/airflow/example_dags/example_python_decorator.py for tasks to queue
[2024-06-14T12:22:16.068+0000] {logging_mixin.py:188} INFO - [2024-06-14T12:22:16.068+0000] {dagbag.py:545} INFO - Filling up the DagBag from /home/airflow/.local/lib/python3.12/site-packages/airflow/example_dags/example_python_decorator.py
[2024-06-14T12:22:16.077+0000] {processor.py:840} INFO - DAG(s) 'example_python_decorator' retrieved from /home/airflow/.local/lib/python3.12/site-packages/airflow/example_dags/example_python_decorator.py
[2024-06-14T12:22:16.096+0000] {logging_mixin.py:188} INFO - [2024-06-14T12:22:16.096+0000] {dag.py:3096} INFO - Sync 1 DAGs
[2024-06-14T12:22:16.107+0000] {logging_mixin.py:188} INFO - [2024-06-14T12:22:16.107+0000] {dag.py:3954} INFO - Setting next_dagrun for example_python_decorator to None, run_after=None
[2024-06-14T12:22:16.124+0000] {processor.py:183} INFO - Processing /home/airflow/.local/lib/python3.12/site-packages/airflow/example_dags/example_python_decorator.py took 0.063 seconds
[2024-06-14T12:22:46.402+0000] {processor.py:161} INFO - Started process (PID=523) to work on /home/airflow/.local/lib/python3.12/site-packages/airflow/example_dags/example_python_decorator.py
[2024-06-14T12:22:46.402+0000] {processor.py:830} INFO - Processing file /home/airflow/.local/lib/python3.12/site-packages/airflow/example_dags/example_python_decorator.py for tasks to queue
[2024-06-14T12:22:46.404+0000] {logging_mixin.py:188} INFO - [2024-06-14T12:22:46.403+0000] {dagbag.py:545} INFO - Filling up the DagBag from /home/airflow/.local/lib/python3.12/site-packages/airflow/example_dags/example_python_decorator.py
[2024-06-14T12:22:46.414+0000] {processor.py:840} INFO - DAG(s) 'example_python_decorator' retrieved from /home/airflow/.local/lib/python3.12/site-packages/airflow/example_dags/example_python_decorator.py
[2024-06-14T12:22:46.430+0000] {logging_mixin.py:188} INFO - [2024-06-14T12:22:46.430+0000] {dag.py:3096} INFO - Sync 1 DAGs
[2024-06-14T12:22:46.439+0000] {logging_mixin.py:188} INFO - [2024-06-14T12:22:46.439+0000] {dag.py:3954} INFO - Setting next_dagrun for example_python_decorator to None, run_after=None
[2024-06-14T12:22:46.453+0000] {processor.py:183} INFO - Processing /home/airflow/.local/lib/python3.12/site-packages/airflow/example_dags/example_python_decorator.py took 0.056 seconds
[2024-06-14T12:23:16.760+0000] {processor.py:161} INFO - Started process (PID=581) to work on /home/airflow/.local/lib/python3.12/site-packages/airflow/example_dags/example_python_decorator.py
[2024-06-14T12:23:16.761+0000] {processor.py:830} INFO - Processing file /home/airflow/.local/lib/python3.12/site-packages/airflow/example_dags/example_python_decorator.py for tasks to queue
[2024-06-14T12:23:16.762+0000] {logging_mixin.py:188} INFO - [2024-06-14T12:23:16.762+0000] {dagbag.py:545} INFO - Filling up the DagBag from /home/airflow/.local/lib/python3.12/site-packages/airflow/example_dags/example_python_decorator.py
[2024-06-14T12:23:16.771+0000] {processor.py:840} INFO - DAG(s) 'example_python_decorator' retrieved from /home/airflow/.local/lib/python3.12/site-packages/airflow/example_dags/example_python_decorator.py
[2024-06-14T12:23:16.789+0000] {logging_mixin.py:188} INFO - [2024-06-14T12:23:16.788+0000] {dag.py:3096} INFO - Sync 1 DAGs
[2024-06-14T12:23:16.799+0000] {logging_mixin.py:188} INFO - [2024-06-14T12:23:16.799+0000] {dag.py:3954} INFO - Setting next_dagrun for example_python_decorator to None, run_after=None
[2024-06-14T12:23:16.814+0000] {processor.py:183} INFO - Processing /home/airflow/.local/lib/python3.12/site-packages/airflow/example_dags/example_python_decorator.py took 0.057 seconds
[2024-06-14T12:23:47.240+0000] {processor.py:161} INFO - Started process (PID=639) to work on /home/airflow/.local/lib/python3.12/site-packages/airflow/example_dags/example_python_decorator.py
[2024-06-14T12:23:47.241+0000] {processor.py:830} INFO - Processing file /home/airflow/.local/lib/python3.12/site-packages/airflow/example_dags/example_python_decorator.py for tasks to queue
[2024-06-14T12:23:47.242+0000] {logging_mixin.py:188} INFO - [2024-06-14T12:23:47.242+0000] {dagbag.py:545} INFO - Filling up the DagBag from /home/airflow/.local/lib/python3.12/site-packages/airflow/example_dags/example_python_decorator.py
[2024-06-14T12:23:47.251+0000] {processor.py:840} INFO - DAG(s) 'example_python_decorator' retrieved from /home/airflow/.local/lib/python3.12/site-packages/airflow/example_dags/example_python_decorator.py
[2024-06-14T12:23:47.268+0000] {logging_mixin.py:188} INFO - [2024-06-14T12:23:47.268+0000] {dag.py:3096} INFO - Sync 1 DAGs
[2024-06-14T12:23:47.277+0000] {logging_mixin.py:188} INFO - [2024-06-14T12:23:47.277+0000] {dag.py:3954} INFO - Setting next_dagrun for example_python_decorator to None, run_after=None
[2024-06-14T12:23:47.292+0000] {processor.py:183} INFO - Processing /home/airflow/.local/lib/python3.12/site-packages/airflow/example_dags/example_python_decorator.py took 0.056 seconds
[2024-06-14T12:24:17.489+0000] {processor.py:161} INFO - Started process (PID=698) to work on /home/airflow/.local/lib/python3.12/site-packages/airflow/example_dags/example_python_decorator.py
[2024-06-14T12:24:17.490+0000] {processor.py:830} INFO - Processing file /home/airflow/.local/lib/python3.12/site-packages/airflow/example_dags/example_python_decorator.py for tasks to queue
[2024-06-14T12:24:17.491+0000] {logging_mixin.py:188} INFO - [2024-06-14T12:24:17.491+0000] {dagbag.py:545} INFO - Filling up the DagBag from /home/airflow/.local/lib/python3.12/site-packages/airflow/example_dags/example_python_decorator.py
[2024-06-14T12:24:17.500+0000] {processor.py:840} INFO - DAG(s) 'example_python_decorator' retrieved from /home/airflow/.local/lib/python3.12/site-packages/airflow/example_dags/example_python_decorator.py
[2024-06-14T12:24:17.516+0000] {logging_mixin.py:188} INFO - [2024-06-14T12:24:17.516+0000] {dag.py:3096} INFO - Sync 1 DAGs
[2024-06-14T12:24:17.526+0000] {logging_mixin.py:188} INFO - [2024-06-14T12:24:17.526+0000] {dag.py:3954} INFO - Setting next_dagrun for example_python_decorator to None, run_after=None
[2024-06-14T12:24:17.542+0000] {processor.py:183} INFO - Processing /home/airflow/.local/lib/python3.12/site-packages/airflow/example_dags/example_python_decorator.py took 0.058 seconds
[2024-06-14T12:24:47.814+0000] {processor.py:161} INFO - Started process (PID=756) to work on /home/airflow/.local/lib/python3.12/site-packages/airflow/example_dags/example_python_decorator.py
[2024-06-14T12:24:47.815+0000] {processor.py:830} INFO - Processing file /home/airflow/.local/lib/python3.12/site-packages/airflow/example_dags/example_python_decorator.py for tasks to queue
[2024-06-14T12:24:47.816+0000] {logging_mixin.py:188} INFO - [2024-06-14T12:24:47.816+0000] {dagbag.py:545} INFO - Filling up the DagBag from /home/airflow/.local/lib/python3.12/site-packages/airflow/example_dags/example_python_decorator.py
[2024-06-14T12:24:47.825+0000] {processor.py:840} INFO - DAG(s) 'example_python_decorator' retrieved from /home/airflow/.local/lib/python3.12/site-packages/airflow/example_dags/example_python_decorator.py
[2024-06-14T12:24:47.842+0000] {logging_mixin.py:188} INFO - [2024-06-14T12:24:47.841+0000] {dag.py:3096} INFO - Sync 1 DAGs
[2024-06-14T12:24:47.851+0000] {logging_mixin.py:188} INFO - [2024-06-14T12:24:47.851+0000] {dag.py:3954} INFO - Setting next_dagrun for example_python_decorator to None, run_after=None
[2024-06-14T12:24:47.866+0000] {processor.py:183} INFO - Processing /home/airflow/.local/lib/python3.12/site-packages/airflow/example_dags/example_python_decorator.py took 0.056 seconds
[2024-06-14T12:25:18.241+0000] {processor.py:161} INFO - Started process (PID=814) to work on /home/airflow/.local/lib/python3.12/site-packages/airflow/example_dags/example_python_decorator.py
[2024-06-14T12:25:18.242+0000] {processor.py:830} INFO - Processing file /home/airflow/.local/lib/python3.12/site-packages/airflow/example_dags/example_python_decorator.py for tasks to queue
[2024-06-14T12:25:18.243+0000] {logging_mixin.py:188} INFO - [2024-06-14T12:25:18.243+0000] {dagbag.py:545} INFO - Filling up the DagBag from /home/airflow/.local/lib/python3.12/site-packages/airflow/example_dags/example_python_decorator.py
[2024-06-14T12:25:18.253+0000] {processor.py:840} INFO - DAG(s) 'example_python_decorator' retrieved from /home/airflow/.local/lib/python3.12/site-packages/airflow/example_dags/example_python_decorator.py
[2024-06-14T12:25:18.268+0000] {logging_mixin.py:188} INFO - [2024-06-14T12:25:18.268+0000] {dag.py:3096} INFO - Sync 1 DAGs
[2024-06-14T12:25:18.277+0000] {logging_mixin.py:188} INFO - [2024-06-14T12:25:18.277+0000] {dag.py:3954} INFO - Setting next_dagrun for example_python_decorator to None, run_after=None
[2024-06-14T12:25:18.290+0000] {processor.py:183} INFO - Processing /home/airflow/.local/lib/python3.12/site-packages/airflow/example_dags/example_python_decorator.py took 0.053 seconds
[2024-06-14T12:25:48.560+0000] {processor.py:161} INFO - Started process (PID=872) to work on /home/airflow/.local/lib/python3.12/site-packages/airflow/example_dags/example_python_decorator.py
[2024-06-14T12:25:48.561+0000] {processor.py:830} INFO - Processing file /home/airflow/.local/lib/python3.12/site-packages/airflow/example_dags/example_python_decorator.py for tasks to queue
[2024-06-14T12:25:48.562+0000] {logging_mixin.py:188} INFO - [2024-06-14T12:25:48.562+0000] {dagbag.py:545} INFO - Filling up the DagBag from /home/airflow/.local/lib/python3.12/site-packages/airflow/example_dags/example_python_decorator.py
[2024-06-14T12:25:48.572+0000] {processor.py:840} INFO - DAG(s) 'example_python_decorator' retrieved from /home/airflow/.local/lib/python3.12/site-packages/airflow/example_dags/example_python_decorator.py
[2024-06-14T12:25:48.589+0000] {logging_mixin.py:188} INFO - [2024-06-14T12:25:48.588+0000] {dag.py:3096} INFO - Sync 1 DAGs
[2024-06-14T12:25:48.599+0000] {logging_mixin.py:188} INFO - [2024-06-14T12:25:48.599+0000] {dag.py:3954} INFO - Setting next_dagrun for example_python_decorator to None, run_after=None
[2024-06-14T12:25:48.614+0000] {processor.py:183} INFO - Processing /home/airflow/.local/lib/python3.12/site-packages/airflow/example_dags/example_python_decorator.py took 0.060 seconds
[2024-06-14T12:26:18.910+0000] {processor.py:161} INFO - Started process (PID=930) to work on /home/airflow/.local/lib/python3.12/site-packages/airflow/example_dags/example_python_decorator.py
[2024-06-14T12:26:18.910+0000] {processor.py:830} INFO - Processing file /home/airflow/.local/lib/python3.12/site-packages/airflow/example_dags/example_python_decorator.py for tasks to queue
[2024-06-14T12:26:18.912+0000] {logging_mixin.py:188} INFO - [2024-06-14T12:26:18.912+0000] {dagbag.py:545} INFO - Filling up the DagBag from /home/airflow/.local/lib/python3.12/site-packages/airflow/example_dags/example_python_decorator.py
[2024-06-14T12:26:18.920+0000] {processor.py:840} INFO - DAG(s) 'example_python_decorator' retrieved from /home/airflow/.local/lib/python3.12/site-packages/airflow/example_dags/example_python_decorator.py
[2024-06-14T12:26:18.935+0000] {logging_mixin.py:188} INFO - [2024-06-14T12:26:18.935+0000] {dag.py:3096} INFO - Sync 1 DAGs
[2024-06-14T12:26:18.944+0000] {logging_mixin.py:188} INFO - [2024-06-14T12:26:18.944+0000] {dag.py:3954} INFO - Setting next_dagrun for example_python_decorator to None, run_after=None
[2024-06-14T12:26:18.957+0000] {processor.py:183} INFO - Processing /home/airflow/.local/lib/python3.12/site-packages/airflow/example_dags/example_python_decorator.py took 0.051 seconds
[2024-06-14T12:26:49.257+0000] {processor.py:161} INFO - Started process (PID=988) to work on /home/airflow/.local/lib/python3.12/site-packages/airflow/example_dags/example_python_decorator.py
[2024-06-14T12:26:49.257+0000] {processor.py:830} INFO - Processing file /home/airflow/.local/lib/python3.12/site-packages/airflow/example_dags/example_python_decorator.py for tasks to queue
[2024-06-14T12:26:49.259+0000] {logging_mixin.py:188} INFO - [2024-06-14T12:26:49.258+0000] {dagbag.py:545} INFO - Filling up the DagBag from /home/airflow/.local/lib/python3.12/site-packages/airflow/example_dags/example_python_decorator.py
[2024-06-14T12:26:49.268+0000] {processor.py:840} INFO - DAG(s) 'example_python_decorator' retrieved from /home/airflow/.local/lib/python3.12/site-packages/airflow/example_dags/example_python_decorator.py
[2024-06-14T12:26:49.286+0000] {logging_mixin.py:188} INFO - [2024-06-14T12:26:49.286+0000] {dag.py:3096} INFO - Sync 1 DAGs
[2024-06-14T12:26:49.296+0000] {logging_mixin.py:188} INFO - [2024-06-14T12:26:49.295+0000] {dag.py:3954} INFO - Setting next_dagrun for example_python_decorator to None, run_after=None
[2024-06-14T12:26:49.312+0000] {processor.py:183} INFO - Processing /home/airflow/.local/lib/python3.12/site-packages/airflow/example_dags/example_python_decorator.py took 0.060 seconds
[2024-06-14T12:27:19.458+0000] {processor.py:161} INFO - Started process (PID=1046) to work on /home/airflow/.local/lib/python3.12/site-packages/airflow/example_dags/example_python_decorator.py
[2024-06-14T12:27:19.458+0000] {processor.py:830} INFO - Processing file /home/airflow/.local/lib/python3.12/site-packages/airflow/example_dags/example_python_decorator.py for tasks to queue
[2024-06-14T12:27:19.460+0000] {logging_mixin.py:188} INFO - [2024-06-14T12:27:19.460+0000] {dagbag.py:545} INFO - Filling up the DagBag from /home/airflow/.local/lib/python3.12/site-packages/airflow/example_dags/example_python_decorator.py
[2024-06-14T12:27:19.470+0000] {processor.py:840} INFO - DAG(s) 'example_python_decorator' retrieved from /home/airflow/.local/lib/python3.12/site-packages/airflow/example_dags/example_python_decorator.py
[2024-06-14T12:27:19.486+0000] {logging_mixin.py:188} INFO - [2024-06-14T12:27:19.486+0000] {dag.py:3096} INFO - Sync 1 DAGs
[2024-06-14T12:27:19.496+0000] {logging_mixin.py:188} INFO - [2024-06-14T12:27:19.496+0000] {dag.py:3954} INFO - Setting next_dagrun for example_python_decorator to None, run_after=None
[2024-06-14T12:27:19.512+0000] {processor.py:183} INFO - Processing /home/airflow/.local/lib/python3.12/site-packages/airflow/example_dags/example_python_decorator.py took 0.061 seconds
[2024-06-14T12:27:49.708+0000] {processor.py:161} INFO - Started process (PID=1104) to work on /home/airflow/.local/lib/python3.12/site-packages/airflow/example_dags/example_python_decorator.py
[2024-06-14T12:27:49.708+0000] {processor.py:830} INFO - Processing file /home/airflow/.local/lib/python3.12/site-packages/airflow/example_dags/example_python_decorator.py for tasks to queue
[2024-06-14T12:27:49.710+0000] {logging_mixin.py:188} INFO - [2024-06-14T12:27:49.710+0000] {dagbag.py:545} INFO - Filling up the DagBag from /home/airflow/.local/lib/python3.12/site-packages/airflow/example_dags/example_python_decorator.py
[2024-06-14T12:27:49.722+0000] {processor.py:840} INFO - DAG(s) 'example_python_decorator' retrieved from /home/airflow/.local/lib/python3.12/site-packages/airflow/example_dags/example_python_decorator.py
[2024-06-14T12:27:49.738+0000] {logging_mixin.py:188} INFO - [2024-06-14T12:27:49.738+0000] {dag.py:3096} INFO - Sync 1 DAGs
[2024-06-14T12:27:49.751+0000] {logging_mixin.py:188} INFO - [2024-06-14T12:27:49.750+0000] {dag.py:3954} INFO - Setting next_dagrun for example_python_decorator to None, run_after=None
[2024-06-14T12:27:49.767+0000] {processor.py:183} INFO - Processing /home/airflow/.local/lib/python3.12/site-packages/airflow/example_dags/example_python_decorator.py took 0.064 seconds
[2024-06-14T12:28:19.822+0000] {processor.py:161} INFO - Started process (PID=1162) to work on /home/airflow/.local/lib/python3.12/site-packages/airflow/example_dags/example_python_decorator.py
[2024-06-14T12:28:19.823+0000] {processor.py:830} INFO - Processing file /home/airflow/.local/lib/python3.12/site-packages/airflow/example_dags/example_python_decorator.py for tasks to queue
[2024-06-14T12:28:19.824+0000] {logging_mixin.py:188} INFO - [2024-06-14T12:28:19.824+0000] {dagbag.py:545} INFO - Filling up the DagBag from /home/airflow/.local/lib/python3.12/site-packages/airflow/example_dags/example_python_decorator.py
[2024-06-14T12:28:19.833+0000] {processor.py:840} INFO - DAG(s) 'example_python_decorator' retrieved from /home/airflow/.local/lib/python3.12/site-packages/airflow/example_dags/example_python_decorator.py
[2024-06-14T12:28:19.850+0000] {logging_mixin.py:188} INFO - [2024-06-14T12:28:19.850+0000] {dag.py:3096} INFO - Sync 1 DAGs
[2024-06-14T12:28:19.859+0000] {logging_mixin.py:188} INFO - [2024-06-14T12:28:19.859+0000] {dag.py:3954} INFO - Setting next_dagrun for example_python_decorator to None, run_after=None
[2024-06-14T12:28:19.875+0000] {processor.py:183} INFO - Processing /home/airflow/.local/lib/python3.12/site-packages/airflow/example_dags/example_python_decorator.py took 0.056 seconds
[2024-06-14T12:28:50.103+0000] {processor.py:161} INFO - Started process (PID=1219) to work on /home/airflow/.local/lib/python3.12/site-packages/airflow/example_dags/example_python_decorator.py
[2024-06-14T12:28:50.104+0000] {processor.py:830} INFO - Processing file /home/airflow/.local/lib/python3.12/site-packages/airflow/example_dags/example_python_decorator.py for tasks to queue
[2024-06-14T12:28:50.106+0000] {logging_mixin.py:188} INFO - [2024-06-14T12:28:50.106+0000] {dagbag.py:545} INFO - Filling up the DagBag from /home/airflow/.local/lib/python3.12/site-packages/airflow/example_dags/example_python_decorator.py
[2024-06-14T12:28:50.115+0000] {processor.py:840} INFO - DAG(s) 'example_python_decorator' retrieved from /home/airflow/.local/lib/python3.12/site-packages/airflow/example_dags/example_python_decorator.py
[2024-06-14T12:28:50.129+0000] {logging_mixin.py:188} INFO - [2024-06-14T12:28:50.129+0000] {dag.py:3096} INFO - Sync 1 DAGs
[2024-06-14T12:28:50.140+0000] {logging_mixin.py:188} INFO - [2024-06-14T12:28:50.140+0000] {dag.py:3954} INFO - Setting next_dagrun for example_python_decorator to None, run_after=None
[2024-06-14T12:28:50.154+0000] {processor.py:183} INFO - Processing /home/airflow/.local/lib/python3.12/site-packages/airflow/example_dags/example_python_decorator.py took 0.055 seconds
[2024-06-14T12:29:20.286+0000] {processor.py:161} INFO - Started process (PID=1277) to work on /home/airflow/.local/lib/python3.12/site-packages/airflow/example_dags/example_python_decorator.py
[2024-06-14T12:29:20.287+0000] {processor.py:830} INFO - Processing file /home/airflow/.local/lib/python3.12/site-packages/airflow/example_dags/example_python_decorator.py for tasks to queue
[2024-06-14T12:29:20.288+0000] {logging_mixin.py:188} INFO - [2024-06-14T12:29:20.288+0000] {dagbag.py:545} INFO - Filling up the DagBag from /home/airflow/.local/lib/python3.12/site-packages/airflow/example_dags/example_python_decorator.py
[2024-06-14T12:29:20.296+0000] {processor.py:840} INFO - DAG(s) 'example_python_decorator' retrieved from /home/airflow/.local/lib/python3.12/site-packages/airflow/example_dags/example_python_decorator.py
[2024-06-14T12:29:20.312+0000] {logging_mixin.py:188} INFO - [2024-06-14T12:29:20.312+0000] {dag.py:3096} INFO - Sync 1 DAGs
[2024-06-14T12:29:20.324+0000] {logging_mixin.py:188} INFO - [2024-06-14T12:29:20.324+0000] {dag.py:3954} INFO - Setting next_dagrun for example_python_decorator to None, run_after=None
[2024-06-14T12:29:20.339+0000] {processor.py:183} INFO - Processing /home/airflow/.local/lib/python3.12/site-packages/airflow/example_dags/example_python_decorator.py took 0.056 seconds
[2024-06-14T12:29:50.723+0000] {processor.py:161} INFO - Started process (PID=1335) to work on /home/airflow/.local/lib/python3.12/site-packages/airflow/example_dags/example_python_decorator.py
[2024-06-14T12:29:50.724+0000] {processor.py:830} INFO - Processing file /home/airflow/.local/lib/python3.12/site-packages/airflow/example_dags/example_python_decorator.py for tasks to queue
[2024-06-14T12:29:50.726+0000] {logging_mixin.py:188} INFO - [2024-06-14T12:29:50.725+0000] {dagbag.py:545} INFO - Filling up the DagBag from /home/airflow/.local/lib/python3.12/site-packages/airflow/example_dags/example_python_decorator.py
[2024-06-14T12:29:50.737+0000] {processor.py:840} INFO - DAG(s) 'example_python_decorator' retrieved from /home/airflow/.local/lib/python3.12/site-packages/airflow/example_dags/example_python_decorator.py
[2024-06-14T12:29:50.753+0000] {logging_mixin.py:188} INFO - [2024-06-14T12:29:50.753+0000] {dag.py:3096} INFO - Sync 1 DAGs
[2024-06-14T12:29:50.762+0000] {logging_mixin.py:188} INFO - [2024-06-14T12:29:50.762+0000] {dag.py:3954} INFO - Setting next_dagrun for example_python_decorator to None, run_after=None
[2024-06-14T12:29:50.776+0000] {processor.py:183} INFO - Processing /home/airflow/.local/lib/python3.12/site-packages/airflow/example_dags/example_python_decorator.py took 0.057 seconds
[2024-06-14T12:30:21.073+0000] {processor.py:161} INFO - Started process (PID=1393) to work on /home/airflow/.local/lib/python3.12/site-packages/airflow/example_dags/example_python_decorator.py
[2024-06-14T12:30:21.073+0000] {processor.py:830} INFO - Processing file /home/airflow/.local/lib/python3.12/site-packages/airflow/example_dags/example_python_decorator.py for tasks to queue
[2024-06-14T12:30:21.075+0000] {logging_mixin.py:188} INFO - [2024-06-14T12:30:21.075+0000] {dagbag.py:545} INFO - Filling up the DagBag from /home/airflow/.local/lib/python3.12/site-packages/airflow/example_dags/example_python_decorator.py
[2024-06-14T12:30:21.084+0000] {processor.py:840} INFO - DAG(s) 'example_python_decorator' retrieved from /home/airflow/.local/lib/python3.12/site-packages/airflow/example_dags/example_python_decorator.py
[2024-06-14T12:30:21.100+0000] {logging_mixin.py:188} INFO - [2024-06-14T12:30:21.099+0000] {dag.py:3096} INFO - Sync 1 DAGs
[2024-06-14T12:30:21.108+0000] {logging_mixin.py:188} INFO - [2024-06-14T12:30:21.108+0000] {dag.py:3954} INFO - Setting next_dagrun for example_python_decorator to None, run_after=None
[2024-06-14T12:30:21.121+0000] {processor.py:183} INFO - Processing /home/airflow/.local/lib/python3.12/site-packages/airflow/example_dags/example_python_decorator.py took 0.052 seconds
[2024-06-14T12:30:51.434+0000] {processor.py:161} INFO - Started process (PID=1451) to work on /home/airflow/.local/lib/python3.12/site-packages/airflow/example_dags/example_python_decorator.py
[2024-06-14T12:30:51.434+0000] {processor.py:830} INFO - Processing file /home/airflow/.local/lib/python3.12/site-packages/airflow/example_dags/example_python_decorator.py for tasks to queue
[2024-06-14T12:30:51.436+0000] {logging_mixin.py:188} INFO - [2024-06-14T12:30:51.435+0000] {dagbag.py:545} INFO - Filling up the DagBag from /home/airflow/.local/lib/python3.12/site-packages/airflow/example_dags/example_python_decorator.py
[2024-06-14T12:30:51.445+0000] {processor.py:840} INFO - DAG(s) 'example_python_decorator' retrieved from /home/airflow/.local/lib/python3.12/site-packages/airflow/example_dags/example_python_decorator.py
[2024-06-14T12:30:51.468+0000] {logging_mixin.py:188} INFO - [2024-06-14T12:30:51.467+0000] {dag.py:3096} INFO - Sync 1 DAGs
[2024-06-14T12:30:51.478+0000] {logging_mixin.py:188} INFO - [2024-06-14T12:30:51.478+0000] {dag.py:3954} INFO - Setting next_dagrun for example_python_decorator to None, run_after=None
[2024-06-14T12:30:51.493+0000] {processor.py:183} INFO - Processing /home/airflow/.local/lib/python3.12/site-packages/airflow/example_dags/example_python_decorator.py took 0.064 seconds
[2024-06-14T12:31:21.697+0000] {processor.py:161} INFO - Started process (PID=1509) to work on /home/airflow/.local/lib/python3.12/site-packages/airflow/example_dags/example_python_decorator.py
[2024-06-14T12:31:21.697+0000] {processor.py:830} INFO - Processing file /home/airflow/.local/lib/python3.12/site-packages/airflow/example_dags/example_python_decorator.py for tasks to queue
[2024-06-14T12:31:21.699+0000] {logging_mixin.py:188} INFO - [2024-06-14T12:31:21.698+0000] {dagbag.py:545} INFO - Filling up the DagBag from /home/airflow/.local/lib/python3.12/site-packages/airflow/example_dags/example_python_decorator.py
[2024-06-14T12:31:21.707+0000] {processor.py:840} INFO - DAG(s) 'example_python_decorator' retrieved from /home/airflow/.local/lib/python3.12/site-packages/airflow/example_dags/example_python_decorator.py
[2024-06-14T12:31:21.723+0000] {logging_mixin.py:188} INFO - [2024-06-14T12:31:21.723+0000] {dag.py:3096} INFO - Sync 1 DAGs
[2024-06-14T12:31:21.732+0000] {logging_mixin.py:188} INFO - [2024-06-14T12:31:21.732+0000] {dag.py:3954} INFO - Setting next_dagrun for example_python_decorator to None, run_after=None
[2024-06-14T12:31:21.747+0000] {processor.py:183} INFO - Processing /home/airflow/.local/lib/python3.12/site-packages/airflow/example_dags/example_python_decorator.py took 0.054 seconds
[2024-06-14T12:31:51.978+0000] {processor.py:161} INFO - Started process (PID=1567) to work on /home/airflow/.local/lib/python3.12/site-packages/airflow/example_dags/example_python_decorator.py
[2024-06-14T12:31:51.979+0000] {processor.py:830} INFO - Processing file /home/airflow/.local/lib/python3.12/site-packages/airflow/example_dags/example_python_decorator.py for tasks to queue
[2024-06-14T12:31:51.980+0000] {logging_mixin.py:188} INFO - [2024-06-14T12:31:51.980+0000] {dagbag.py:545} INFO - Filling up the DagBag from /home/airflow/.local/lib/python3.12/site-packages/airflow/example_dags/example_python_decorator.py
[2024-06-14T12:31:51.989+0000] {processor.py:840} INFO - DAG(s) 'example_python_decorator' retrieved from /home/airflow/.local/lib/python3.12/site-packages/airflow/example_dags/example_python_decorator.py
[2024-06-14T12:31:52.006+0000] {logging_mixin.py:188} INFO - [2024-06-14T12:31:52.006+0000] {dag.py:3096} INFO - Sync 1 DAGs
[2024-06-14T12:31:52.016+0000] {logging_mixin.py:188} INFO - [2024-06-14T12:31:52.016+0000] {dag.py:3954} INFO - Setting next_dagrun for example_python_decorator to None, run_after=None
[2024-06-14T12:31:52.031+0000] {processor.py:183} INFO - Processing /home/airflow/.local/lib/python3.12/site-packages/airflow/example_dags/example_python_decorator.py took 0.057 seconds
[2024-06-14T12:32:22.287+0000] {processor.py:161} INFO - Started process (PID=1626) to work on /home/airflow/.local/lib/python3.12/site-packages/airflow/example_dags/example_python_decorator.py
[2024-06-14T12:32:22.288+0000] {processor.py:830} INFO - Processing file /home/airflow/.local/lib/python3.12/site-packages/airflow/example_dags/example_python_decorator.py for tasks to queue
[2024-06-14T12:32:22.289+0000] {logging_mixin.py:188} INFO - [2024-06-14T12:32:22.289+0000] {dagbag.py:545} INFO - Filling up the DagBag from /home/airflow/.local/lib/python3.12/site-packages/airflow/example_dags/example_python_decorator.py
[2024-06-14T12:32:22.299+0000] {processor.py:840} INFO - DAG(s) 'example_python_decorator' retrieved from /home/airflow/.local/lib/python3.12/site-packages/airflow/example_dags/example_python_decorator.py
[2024-06-14T12:32:22.313+0000] {logging_mixin.py:188} INFO - [2024-06-14T12:32:22.313+0000] {dag.py:3096} INFO - Sync 1 DAGs
[2024-06-14T12:32:22.322+0000] {logging_mixin.py:188} INFO - [2024-06-14T12:32:22.322+0000] {dag.py:3954} INFO - Setting next_dagrun for example_python_decorator to None, run_after=None
[2024-06-14T12:32:22.336+0000] {processor.py:183} INFO - Processing /home/airflow/.local/lib/python3.12/site-packages/airflow/example_dags/example_python_decorator.py took 0.053 seconds
[2024-06-14T12:32:52.680+0000] {processor.py:161} INFO - Started process (PID=1684) to work on /home/airflow/.local/lib/python3.12/site-packages/airflow/example_dags/example_python_decorator.py
[2024-06-14T12:32:52.681+0000] {processor.py:830} INFO - Processing file /home/airflow/.local/lib/python3.12/site-packages/airflow/example_dags/example_python_decorator.py for tasks to queue
[2024-06-14T12:32:52.683+0000] {logging_mixin.py:188} INFO - [2024-06-14T12:32:52.682+0000] {dagbag.py:545} INFO - Filling up the DagBag from /home/airflow/.local/lib/python3.12/site-packages/airflow/example_dags/example_python_decorator.py
[2024-06-14T12:32:52.691+0000] {processor.py:840} INFO - DAG(s) 'example_python_decorator' retrieved from /home/airflow/.local/lib/python3.12/site-packages/airflow/example_dags/example_python_decorator.py
[2024-06-14T12:32:52.706+0000] {logging_mixin.py:188} INFO - [2024-06-14T12:32:52.706+0000] {dag.py:3096} INFO - Sync 1 DAGs
[2024-06-14T12:32:52.716+0000] {logging_mixin.py:188} INFO - [2024-06-14T12:32:52.715+0000] {dag.py:3954} INFO - Setting next_dagrun for example_python_decorator to None, run_after=None
[2024-06-14T12:32:52.729+0000] {processor.py:183} INFO - Processing /home/airflow/.local/lib/python3.12/site-packages/airflow/example_dags/example_python_decorator.py took 0.053 seconds
[2024-06-14T12:33:23.157+0000] {processor.py:161} INFO - Started process (PID=1742) to work on /home/airflow/.local/lib/python3.12/site-packages/airflow/example_dags/example_python_decorator.py
[2024-06-14T12:33:23.157+0000] {processor.py:830} INFO - Processing file /home/airflow/.local/lib/python3.12/site-packages/airflow/example_dags/example_python_decorator.py for tasks to queue
[2024-06-14T12:33:23.159+0000] {logging_mixin.py:188} INFO - [2024-06-14T12:33:23.158+0000] {dagbag.py:545} INFO - Filling up the DagBag from /home/airflow/.local/lib/python3.12/site-packages/airflow/example_dags/example_python_decorator.py
[2024-06-14T12:33:23.168+0000] {processor.py:840} INFO - DAG(s) 'example_python_decorator' retrieved from /home/airflow/.local/lib/python3.12/site-packages/airflow/example_dags/example_python_decorator.py
[2024-06-14T12:33:23.184+0000] {logging_mixin.py:188} INFO - [2024-06-14T12:33:23.183+0000] {dag.py:3096} INFO - Sync 1 DAGs
[2024-06-14T12:33:23.194+0000] {logging_mixin.py:188} INFO - [2024-06-14T12:33:23.194+0000] {dag.py:3954} INFO - Setting next_dagrun for example_python_decorator to None, run_after=None
[2024-06-14T12:33:23.211+0000] {processor.py:183} INFO - Processing /home/airflow/.local/lib/python3.12/site-packages/airflow/example_dags/example_python_decorator.py took 0.059 seconds
[2024-06-14T12:33:54.002+0000] {processor.py:161} INFO - Started process (PID=1800) to work on /home/airflow/.local/lib/python3.12/site-packages/airflow/example_dags/example_python_decorator.py
[2024-06-14T12:33:54.003+0000] {processor.py:830} INFO - Processing file /home/airflow/.local/lib/python3.12/site-packages/airflow/example_dags/example_python_decorator.py for tasks to queue
[2024-06-14T12:33:54.005+0000] {logging_mixin.py:188} INFO - [2024-06-14T12:33:54.004+0000] {dagbag.py:545} INFO - Filling up the DagBag from /home/airflow/.local/lib/python3.12/site-packages/airflow/example_dags/example_python_decorator.py
[2024-06-14T12:33:54.014+0000] {processor.py:840} INFO - DAG(s) 'example_python_decorator' retrieved from /home/airflow/.local/lib/python3.12/site-packages/airflow/example_dags/example_python_decorator.py
[2024-06-14T12:33:54.032+0000] {logging_mixin.py:188} INFO - [2024-06-14T12:33:54.032+0000] {dag.py:3096} INFO - Sync 1 DAGs
[2024-06-14T12:33:54.042+0000] {logging_mixin.py:188} INFO - [2024-06-14T12:33:54.042+0000] {dag.py:3954} INFO - Setting next_dagrun for example_python_decorator to None, run_after=None
[2024-06-14T12:33:54.058+0000] {processor.py:183} INFO - Processing /home/airflow/.local/lib/python3.12/site-packages/airflow/example_dags/example_python_decorator.py took 0.060 seconds
[2024-06-14T12:34:24.488+0000] {processor.py:161} INFO - Started process (PID=1858) to work on /home/airflow/.local/lib/python3.12/site-packages/airflow/example_dags/example_python_decorator.py
[2024-06-14T12:34:24.489+0000] {processor.py:830} INFO - Processing file /home/airflow/.local/lib/python3.12/site-packages/airflow/example_dags/example_python_decorator.py for tasks to queue
[2024-06-14T12:34:24.491+0000] {logging_mixin.py:188} INFO - [2024-06-14T12:34:24.490+0000] {dagbag.py:545} INFO - Filling up the DagBag from /home/airflow/.local/lib/python3.12/site-packages/airflow/example_dags/example_python_decorator.py
[2024-06-14T12:34:24.501+0000] {processor.py:840} INFO - DAG(s) 'example_python_decorator' retrieved from /home/airflow/.local/lib/python3.12/site-packages/airflow/example_dags/example_python_decorator.py
[2024-06-14T12:34:24.520+0000] {logging_mixin.py:188} INFO - [2024-06-14T12:34:24.520+0000] {dag.py:3096} INFO - Sync 1 DAGs
[2024-06-14T12:34:24.530+0000] {logging_mixin.py:188} INFO - [2024-06-14T12:34:24.530+0000] {dag.py:3954} INFO - Setting next_dagrun for example_python_decorator to None, run_after=None
[2024-06-14T12:34:24.548+0000] {processor.py:183} INFO - Processing /home/airflow/.local/lib/python3.12/site-packages/airflow/example_dags/example_python_decorator.py took 0.063 seconds
