[2024-06-14T12:06:31.316+0000] {processor.py:161} INFO - Started process (PID=61) to work on /home/airflow/.local/lib/python3.12/site-packages/airflow/example_dags/tutorial.py
[2024-06-14T12:06:31.317+0000] {processor.py:830} INFO - Processing file /home/airflow/.local/lib/python3.12/site-packages/airflow/example_dags/tutorial.py for tasks to queue
[2024-06-14T12:06:31.320+0000] {logging_mixin.py:188} INFO - [2024-06-14T12:06:31.319+0000] {dagbag.py:545} INFO - Filling up the DagBag from /home/airflow/.local/lib/python3.12/site-packages/airflow/example_dags/tutorial.py
[2024-06-14T12:06:31.328+0000] {processor.py:840} INFO - DAG(s) 'tutorial' retrieved from /home/airflow/.local/lib/python3.12/site-packages/airflow/example_dags/tutorial.py
[2024-06-14T12:06:31.338+0000] {logging_mixin.py:188} INFO - [2024-06-14T12:06:31.338+0000] {dag.py:3096} INFO - Sync 1 DAGs
[2024-06-14T12:06:31.357+0000] {logging_mixin.py:188} INFO - [2024-06-14T12:06:31.357+0000] {dag.py:3954} INFO - Setting next_dagrun for tutorial to 2024-06-13 00:00:00+00:00, run_after=2024-06-14 00:00:00+00:00
[2024-06-14T12:06:31.375+0000] {processor.py:183} INFO - Processing /home/airflow/.local/lib/python3.12/site-packages/airflow/example_dags/tutorial.py took 0.066 seconds
[2024-06-14T12:07:02.809+0000] {processor.py:161} INFO - Started process (PID=119) to work on /home/airflow/.local/lib/python3.12/site-packages/airflow/example_dags/tutorial.py
[2024-06-14T12:07:02.810+0000] {processor.py:830} INFO - Processing file /home/airflow/.local/lib/python3.12/site-packages/airflow/example_dags/tutorial.py for tasks to queue
[2024-06-14T12:07:02.811+0000] {logging_mixin.py:188} INFO - [2024-06-14T12:07:02.811+0000] {dagbag.py:545} INFO - Filling up the DagBag from /home/airflow/.local/lib/python3.12/site-packages/airflow/example_dags/tutorial.py
[2024-06-14T12:07:02.816+0000] {processor.py:840} INFO - DAG(s) 'tutorial' retrieved from /home/airflow/.local/lib/python3.12/site-packages/airflow/example_dags/tutorial.py
[2024-06-14T12:07:02.895+0000] {logging_mixin.py:188} INFO - [2024-06-14T12:07:02.895+0000] {dag.py:3096} INFO - Sync 1 DAGs
[2024-06-14T12:07:02.915+0000] {logging_mixin.py:188} INFO - [2024-06-14T12:07:02.914+0000] {dag.py:3954} INFO - Setting next_dagrun for tutorial to 2024-06-13 00:00:00+00:00, run_after=2024-06-14 00:00:00+00:00
[2024-06-14T12:07:02.935+0000] {processor.py:183} INFO - Processing /home/airflow/.local/lib/python3.12/site-packages/airflow/example_dags/tutorial.py took 0.130 seconds
[2024-06-14T12:07:33.916+0000] {processor.py:161} INFO - Started process (PID=177) to work on /home/airflow/.local/lib/python3.12/site-packages/airflow/example_dags/tutorial.py
[2024-06-14T12:07:33.917+0000] {processor.py:830} INFO - Processing file /home/airflow/.local/lib/python3.12/site-packages/airflow/example_dags/tutorial.py for tasks to queue
[2024-06-14T12:07:33.918+0000] {logging_mixin.py:188} INFO - [2024-06-14T12:07:33.918+0000] {dagbag.py:545} INFO - Filling up the DagBag from /home/airflow/.local/lib/python3.12/site-packages/airflow/example_dags/tutorial.py
[2024-06-14T12:07:33.921+0000] {processor.py:840} INFO - DAG(s) 'tutorial' retrieved from /home/airflow/.local/lib/python3.12/site-packages/airflow/example_dags/tutorial.py
[2024-06-14T12:07:33.935+0000] {logging_mixin.py:188} INFO - [2024-06-14T12:07:33.935+0000] {dag.py:3096} INFO - Sync 1 DAGs
[2024-06-14T12:07:33.955+0000] {logging_mixin.py:188} INFO - [2024-06-14T12:07:33.954+0000] {dag.py:3954} INFO - Setting next_dagrun for tutorial to 2024-06-13 00:00:00+00:00, run_after=2024-06-14 00:00:00+00:00
[2024-06-14T12:07:33.971+0000] {processor.py:183} INFO - Processing /home/airflow/.local/lib/python3.12/site-packages/airflow/example_dags/tutorial.py took 0.058 seconds
[2024-06-14T12:08:04.195+0000] {processor.py:161} INFO - Started process (PID=235) to work on /home/airflow/.local/lib/python3.12/site-packages/airflow/example_dags/tutorial.py
[2024-06-14T12:08:04.196+0000] {processor.py:830} INFO - Processing file /home/airflow/.local/lib/python3.12/site-packages/airflow/example_dags/tutorial.py for tasks to queue
[2024-06-14T12:08:04.197+0000] {logging_mixin.py:188} INFO - [2024-06-14T12:08:04.197+0000] {dagbag.py:545} INFO - Filling up the DagBag from /home/airflow/.local/lib/python3.12/site-packages/airflow/example_dags/tutorial.py
[2024-06-14T12:08:04.201+0000] {processor.py:840} INFO - DAG(s) 'tutorial' retrieved from /home/airflow/.local/lib/python3.12/site-packages/airflow/example_dags/tutorial.py
[2024-06-14T12:08:04.217+0000] {logging_mixin.py:188} INFO - [2024-06-14T12:08:04.217+0000] {dag.py:3096} INFO - Sync 1 DAGs
[2024-06-14T12:08:04.234+0000] {logging_mixin.py:188} INFO - [2024-06-14T12:08:04.233+0000] {dag.py:3954} INFO - Setting next_dagrun for tutorial to 2024-06-13 00:00:00+00:00, run_after=2024-06-14 00:00:00+00:00
[2024-06-14T12:08:04.248+0000] {processor.py:183} INFO - Processing /home/airflow/.local/lib/python3.12/site-packages/airflow/example_dags/tutorial.py took 0.057 seconds
[2024-06-14T12:08:34.473+0000] {processor.py:161} INFO - Started process (PID=293) to work on /home/airflow/.local/lib/python3.12/site-packages/airflow/example_dags/tutorial.py
[2024-06-14T12:08:34.474+0000] {processor.py:830} INFO - Processing file /home/airflow/.local/lib/python3.12/site-packages/airflow/example_dags/tutorial.py for tasks to queue
[2024-06-14T12:08:34.475+0000] {logging_mixin.py:188} INFO - [2024-06-14T12:08:34.475+0000] {dagbag.py:545} INFO - Filling up the DagBag from /home/airflow/.local/lib/python3.12/site-packages/airflow/example_dags/tutorial.py
[2024-06-14T12:08:34.479+0000] {processor.py:840} INFO - DAG(s) 'tutorial' retrieved from /home/airflow/.local/lib/python3.12/site-packages/airflow/example_dags/tutorial.py
[2024-06-14T12:08:34.494+0000] {logging_mixin.py:188} INFO - [2024-06-14T12:08:34.494+0000] {dag.py:3096} INFO - Sync 1 DAGs
[2024-06-14T12:08:34.510+0000] {logging_mixin.py:188} INFO - [2024-06-14T12:08:34.510+0000] {dag.py:3954} INFO - Setting next_dagrun for tutorial to 2024-06-13 00:00:00+00:00, run_after=2024-06-14 00:00:00+00:00
[2024-06-14T12:08:34.525+0000] {processor.py:183} INFO - Processing /home/airflow/.local/lib/python3.12/site-packages/airflow/example_dags/tutorial.py took 0.056 seconds
[2024-06-14T12:09:04.597+0000] {processor.py:161} INFO - Started process (PID=351) to work on /home/airflow/.local/lib/python3.12/site-packages/airflow/example_dags/tutorial.py
[2024-06-14T12:09:04.598+0000] {processor.py:830} INFO - Processing file /home/airflow/.local/lib/python3.12/site-packages/airflow/example_dags/tutorial.py for tasks to queue
[2024-06-14T12:09:04.600+0000] {logging_mixin.py:188} INFO - [2024-06-14T12:09:04.600+0000] {dagbag.py:545} INFO - Filling up the DagBag from /home/airflow/.local/lib/python3.12/site-packages/airflow/example_dags/tutorial.py
[2024-06-14T12:09:04.604+0000] {processor.py:840} INFO - DAG(s) 'tutorial' retrieved from /home/airflow/.local/lib/python3.12/site-packages/airflow/example_dags/tutorial.py
[2024-06-14T12:09:04.618+0000] {logging_mixin.py:188} INFO - [2024-06-14T12:09:04.617+0000] {dag.py:3096} INFO - Sync 1 DAGs
[2024-06-14T12:09:04.635+0000] {logging_mixin.py:188} INFO - [2024-06-14T12:09:04.635+0000] {dag.py:3954} INFO - Setting next_dagrun for tutorial to 2024-06-13 00:00:00+00:00, run_after=2024-06-14 00:00:00+00:00
[2024-06-14T12:09:04.652+0000] {processor.py:183} INFO - Processing /home/airflow/.local/lib/python3.12/site-packages/airflow/example_dags/tutorial.py took 0.059 seconds
[2024-06-14T12:09:35.149+0000] {processor.py:161} INFO - Started process (PID=416) to work on /home/airflow/.local/lib/python3.12/site-packages/airflow/example_dags/tutorial.py
[2024-06-14T12:09:35.150+0000] {processor.py:830} INFO - Processing file /home/airflow/.local/lib/python3.12/site-packages/airflow/example_dags/tutorial.py for tasks to queue
[2024-06-14T12:09:35.151+0000] {logging_mixin.py:188} INFO - [2024-06-14T12:09:35.151+0000] {dagbag.py:545} INFO - Filling up the DagBag from /home/airflow/.local/lib/python3.12/site-packages/airflow/example_dags/tutorial.py
[2024-06-14T12:09:35.156+0000] {processor.py:840} INFO - DAG(s) 'tutorial' retrieved from /home/airflow/.local/lib/python3.12/site-packages/airflow/example_dags/tutorial.py
[2024-06-14T12:09:35.172+0000] {logging_mixin.py:188} INFO - [2024-06-14T12:09:35.171+0000] {dag.py:3096} INFO - Sync 1 DAGs
[2024-06-14T12:09:35.191+0000] {logging_mixin.py:188} INFO - [2024-06-14T12:09:35.190+0000] {dag.py:3954} INFO - Setting next_dagrun for tutorial to 2024-06-13 00:00:00+00:00, run_after=2024-06-14 00:00:00+00:00
[2024-06-14T12:09:35.205+0000] {processor.py:183} INFO - Processing /home/airflow/.local/lib/python3.12/site-packages/airflow/example_dags/tutorial.py took 0.060 seconds
[2024-06-14T12:10:05.241+0000] {processor.py:161} INFO - Started process (PID=474) to work on /home/airflow/.local/lib/python3.12/site-packages/airflow/example_dags/tutorial.py
[2024-06-14T12:10:05.241+0000] {processor.py:830} INFO - Processing file /home/airflow/.local/lib/python3.12/site-packages/airflow/example_dags/tutorial.py for tasks to queue
[2024-06-14T12:10:05.244+0000] {logging_mixin.py:188} INFO - [2024-06-14T12:10:05.243+0000] {dagbag.py:545} INFO - Filling up the DagBag from /home/airflow/.local/lib/python3.12/site-packages/airflow/example_dags/tutorial.py
[2024-06-14T12:10:05.248+0000] {processor.py:840} INFO - DAG(s) 'tutorial' retrieved from /home/airflow/.local/lib/python3.12/site-packages/airflow/example_dags/tutorial.py
[2024-06-14T12:10:05.263+0000] {logging_mixin.py:188} INFO - [2024-06-14T12:10:05.263+0000] {dag.py:3096} INFO - Sync 1 DAGs
[2024-06-14T12:10:05.281+0000] {logging_mixin.py:188} INFO - [2024-06-14T12:10:05.281+0000] {dag.py:3954} INFO - Setting next_dagrun for tutorial to 2024-06-13 00:00:00+00:00, run_after=2024-06-14 00:00:00+00:00
[2024-06-14T12:10:05.301+0000] {processor.py:183} INFO - Processing /home/airflow/.local/lib/python3.12/site-packages/airflow/example_dags/tutorial.py took 0.065 seconds
[2024-06-14T12:10:35.390+0000] {processor.py:161} INFO - Started process (PID=532) to work on /home/airflow/.local/lib/python3.12/site-packages/airflow/example_dags/tutorial.py
[2024-06-14T12:10:35.391+0000] {processor.py:830} INFO - Processing file /home/airflow/.local/lib/python3.12/site-packages/airflow/example_dags/tutorial.py for tasks to queue
[2024-06-14T12:10:35.392+0000] {logging_mixin.py:188} INFO - [2024-06-14T12:10:35.392+0000] {dagbag.py:545} INFO - Filling up the DagBag from /home/airflow/.local/lib/python3.12/site-packages/airflow/example_dags/tutorial.py
[2024-06-14T12:10:35.396+0000] {processor.py:840} INFO - DAG(s) 'tutorial' retrieved from /home/airflow/.local/lib/python3.12/site-packages/airflow/example_dags/tutorial.py
[2024-06-14T12:10:35.411+0000] {logging_mixin.py:188} INFO - [2024-06-14T12:10:35.410+0000] {dag.py:3096} INFO - Sync 1 DAGs
[2024-06-14T12:10:35.428+0000] {logging_mixin.py:188} INFO - [2024-06-14T12:10:35.428+0000] {dag.py:3954} INFO - Setting next_dagrun for tutorial to 2024-06-13 00:00:00+00:00, run_after=2024-06-14 00:00:00+00:00
[2024-06-14T12:10:35.445+0000] {processor.py:183} INFO - Processing /home/airflow/.local/lib/python3.12/site-packages/airflow/example_dags/tutorial.py took 0.059 seconds
[2024-06-14T12:11:05.657+0000] {processor.py:161} INFO - Started process (PID=597) to work on /home/airflow/.local/lib/python3.12/site-packages/airflow/example_dags/tutorial.py
[2024-06-14T12:11:05.658+0000] {processor.py:830} INFO - Processing file /home/airflow/.local/lib/python3.12/site-packages/airflow/example_dags/tutorial.py for tasks to queue
[2024-06-14T12:11:05.659+0000] {logging_mixin.py:188} INFO - [2024-06-14T12:11:05.659+0000] {dagbag.py:545} INFO - Filling up the DagBag from /home/airflow/.local/lib/python3.12/site-packages/airflow/example_dags/tutorial.py
[2024-06-14T12:11:05.664+0000] {processor.py:840} INFO - DAG(s) 'tutorial' retrieved from /home/airflow/.local/lib/python3.12/site-packages/airflow/example_dags/tutorial.py
[2024-06-14T12:11:05.679+0000] {logging_mixin.py:188} INFO - [2024-06-14T12:11:05.678+0000] {dag.py:3096} INFO - Sync 1 DAGs
[2024-06-14T12:11:05.695+0000] {logging_mixin.py:188} INFO - [2024-06-14T12:11:05.695+0000] {dag.py:3954} INFO - Setting next_dagrun for tutorial to 2024-06-13 00:00:00+00:00, run_after=2024-06-14 00:00:00+00:00
[2024-06-14T12:11:05.709+0000] {processor.py:183} INFO - Processing /home/airflow/.local/lib/python3.12/site-packages/airflow/example_dags/tutorial.py took 0.056 seconds
[2024-06-14T12:11:35.850+0000] {processor.py:161} INFO - Started process (PID=655) to work on /home/airflow/.local/lib/python3.12/site-packages/airflow/example_dags/tutorial.py
[2024-06-14T12:11:35.851+0000] {processor.py:830} INFO - Processing file /home/airflow/.local/lib/python3.12/site-packages/airflow/example_dags/tutorial.py for tasks to queue
[2024-06-14T12:11:35.852+0000] {logging_mixin.py:188} INFO - [2024-06-14T12:11:35.852+0000] {dagbag.py:545} INFO - Filling up the DagBag from /home/airflow/.local/lib/python3.12/site-packages/airflow/example_dags/tutorial.py
[2024-06-14T12:11:35.857+0000] {processor.py:840} INFO - DAG(s) 'tutorial' retrieved from /home/airflow/.local/lib/python3.12/site-packages/airflow/example_dags/tutorial.py
[2024-06-14T12:11:35.872+0000] {logging_mixin.py:188} INFO - [2024-06-14T12:11:35.872+0000] {dag.py:3096} INFO - Sync 1 DAGs
[2024-06-14T12:11:35.891+0000] {logging_mixin.py:188} INFO - [2024-06-14T12:11:35.891+0000] {dag.py:3954} INFO - Setting next_dagrun for tutorial to 2024-06-13 00:00:00+00:00, run_after=2024-06-14 00:00:00+00:00
[2024-06-14T12:11:35.914+0000] {processor.py:183} INFO - Processing /home/airflow/.local/lib/python3.12/site-packages/airflow/example_dags/tutorial.py took 0.068 seconds
[2024-06-14T12:12:06.070+0000] {processor.py:161} INFO - Started process (PID=713) to work on /home/airflow/.local/lib/python3.12/site-packages/airflow/example_dags/tutorial.py
[2024-06-14T12:12:06.071+0000] {processor.py:830} INFO - Processing file /home/airflow/.local/lib/python3.12/site-packages/airflow/example_dags/tutorial.py for tasks to queue
[2024-06-14T12:12:06.072+0000] {logging_mixin.py:188} INFO - [2024-06-14T12:12:06.072+0000] {dagbag.py:545} INFO - Filling up the DagBag from /home/airflow/.local/lib/python3.12/site-packages/airflow/example_dags/tutorial.py
[2024-06-14T12:12:06.076+0000] {processor.py:840} INFO - DAG(s) 'tutorial' retrieved from /home/airflow/.local/lib/python3.12/site-packages/airflow/example_dags/tutorial.py
[2024-06-14T12:12:06.089+0000] {logging_mixin.py:188} INFO - [2024-06-14T12:12:06.089+0000] {dag.py:3096} INFO - Sync 1 DAGs
[2024-06-14T12:12:06.104+0000] {logging_mixin.py:188} INFO - [2024-06-14T12:12:06.104+0000] {dag.py:3954} INFO - Setting next_dagrun for tutorial to 2024-06-13 00:00:00+00:00, run_after=2024-06-14 00:00:00+00:00
[2024-06-14T12:12:06.117+0000] {processor.py:183} INFO - Processing /home/airflow/.local/lib/python3.12/site-packages/airflow/example_dags/tutorial.py took 0.051 seconds
[2024-06-14T12:12:36.223+0000] {processor.py:161} INFO - Started process (PID=771) to work on /home/airflow/.local/lib/python3.12/site-packages/airflow/example_dags/tutorial.py
[2024-06-14T12:12:36.223+0000] {processor.py:830} INFO - Processing file /home/airflow/.local/lib/python3.12/site-packages/airflow/example_dags/tutorial.py for tasks to queue
[2024-06-14T12:12:36.225+0000] {logging_mixin.py:188} INFO - [2024-06-14T12:12:36.224+0000] {dagbag.py:545} INFO - Filling up the DagBag from /home/airflow/.local/lib/python3.12/site-packages/airflow/example_dags/tutorial.py
[2024-06-14T12:12:36.229+0000] {processor.py:840} INFO - DAG(s) 'tutorial' retrieved from /home/airflow/.local/lib/python3.12/site-packages/airflow/example_dags/tutorial.py
[2024-06-14T12:12:36.243+0000] {logging_mixin.py:188} INFO - [2024-06-14T12:12:36.243+0000] {dag.py:3096} INFO - Sync 1 DAGs
[2024-06-14T12:12:36.258+0000] {logging_mixin.py:188} INFO - [2024-06-14T12:12:36.258+0000] {dag.py:3954} INFO - Setting next_dagrun for tutorial to 2024-06-13 00:00:00+00:00, run_after=2024-06-14 00:00:00+00:00
[2024-06-14T12:12:36.272+0000] {processor.py:183} INFO - Processing /home/airflow/.local/lib/python3.12/site-packages/airflow/example_dags/tutorial.py took 0.054 seconds
[2024-06-14T12:13:06.399+0000] {processor.py:161} INFO - Started process (PID=829) to work on /home/airflow/.local/lib/python3.12/site-packages/airflow/example_dags/tutorial.py
[2024-06-14T12:13:06.399+0000] {processor.py:830} INFO - Processing file /home/airflow/.local/lib/python3.12/site-packages/airflow/example_dags/tutorial.py for tasks to queue
[2024-06-14T12:13:06.401+0000] {logging_mixin.py:188} INFO - [2024-06-14T12:13:06.400+0000] {dagbag.py:545} INFO - Filling up the DagBag from /home/airflow/.local/lib/python3.12/site-packages/airflow/example_dags/tutorial.py
[2024-06-14T12:13:06.405+0000] {processor.py:840} INFO - DAG(s) 'tutorial' retrieved from /home/airflow/.local/lib/python3.12/site-packages/airflow/example_dags/tutorial.py
[2024-06-14T12:13:06.419+0000] {logging_mixin.py:188} INFO - [2024-06-14T12:13:06.419+0000] {dag.py:3096} INFO - Sync 1 DAGs
[2024-06-14T12:13:06.434+0000] {logging_mixin.py:188} INFO - [2024-06-14T12:13:06.434+0000] {dag.py:3954} INFO - Setting next_dagrun for tutorial to 2024-06-13 00:00:00+00:00, run_after=2024-06-14 00:00:00+00:00
[2024-06-14T12:13:06.449+0000] {processor.py:183} INFO - Processing /home/airflow/.local/lib/python3.12/site-packages/airflow/example_dags/tutorial.py took 0.054 seconds
[2024-06-14T12:13:36.741+0000] {processor.py:161} INFO - Started process (PID=887) to work on /home/airflow/.local/lib/python3.12/site-packages/airflow/example_dags/tutorial.py
[2024-06-14T12:13:36.742+0000] {processor.py:830} INFO - Processing file /home/airflow/.local/lib/python3.12/site-packages/airflow/example_dags/tutorial.py for tasks to queue
[2024-06-14T12:13:36.743+0000] {logging_mixin.py:188} INFO - [2024-06-14T12:13:36.743+0000] {dagbag.py:545} INFO - Filling up the DagBag from /home/airflow/.local/lib/python3.12/site-packages/airflow/example_dags/tutorial.py
[2024-06-14T12:13:36.748+0000] {processor.py:840} INFO - DAG(s) 'tutorial' retrieved from /home/airflow/.local/lib/python3.12/site-packages/airflow/example_dags/tutorial.py
[2024-06-14T12:13:36.763+0000] {logging_mixin.py:188} INFO - [2024-06-14T12:13:36.762+0000] {dag.py:3096} INFO - Sync 1 DAGs
[2024-06-14T12:13:36.784+0000] {logging_mixin.py:188} INFO - [2024-06-14T12:13:36.784+0000] {dag.py:3954} INFO - Setting next_dagrun for tutorial to 2024-06-13 00:00:00+00:00, run_after=2024-06-14 00:00:00+00:00
[2024-06-14T12:13:36.800+0000] {processor.py:183} INFO - Processing /home/airflow/.local/lib/python3.12/site-packages/airflow/example_dags/tutorial.py took 0.064 seconds
[2024-06-14T12:14:07.095+0000] {processor.py:161} INFO - Started process (PID=944) to work on /home/airflow/.local/lib/python3.12/site-packages/airflow/example_dags/tutorial.py
[2024-06-14T12:14:07.096+0000] {processor.py:830} INFO - Processing file /home/airflow/.local/lib/python3.12/site-packages/airflow/example_dags/tutorial.py for tasks to queue
[2024-06-14T12:14:07.097+0000] {logging_mixin.py:188} INFO - [2024-06-14T12:14:07.097+0000] {dagbag.py:545} INFO - Filling up the DagBag from /home/airflow/.local/lib/python3.12/site-packages/airflow/example_dags/tutorial.py
[2024-06-14T12:14:07.101+0000] {processor.py:840} INFO - DAG(s) 'tutorial' retrieved from /home/airflow/.local/lib/python3.12/site-packages/airflow/example_dags/tutorial.py
[2024-06-14T12:14:07.115+0000] {logging_mixin.py:188} INFO - [2024-06-14T12:14:07.114+0000] {dag.py:3096} INFO - Sync 1 DAGs
[2024-06-14T12:14:07.131+0000] {logging_mixin.py:188} INFO - [2024-06-14T12:14:07.130+0000] {dag.py:3954} INFO - Setting next_dagrun for tutorial to 2024-06-13 00:00:00+00:00, run_after=2024-06-14 00:00:00+00:00
[2024-06-14T12:14:07.150+0000] {processor.py:183} INFO - Processing /home/airflow/.local/lib/python3.12/site-packages/airflow/example_dags/tutorial.py took 0.059 seconds
[2024-06-14T12:14:37.451+0000] {processor.py:161} INFO - Started process (PID=1002) to work on /home/airflow/.local/lib/python3.12/site-packages/airflow/example_dags/tutorial.py
[2024-06-14T12:14:37.452+0000] {processor.py:830} INFO - Processing file /home/airflow/.local/lib/python3.12/site-packages/airflow/example_dags/tutorial.py for tasks to queue
[2024-06-14T12:14:37.454+0000] {logging_mixin.py:188} INFO - [2024-06-14T12:14:37.454+0000] {dagbag.py:545} INFO - Filling up the DagBag from /home/airflow/.local/lib/python3.12/site-packages/airflow/example_dags/tutorial.py
[2024-06-14T12:14:37.460+0000] {processor.py:840} INFO - DAG(s) 'tutorial' retrieved from /home/airflow/.local/lib/python3.12/site-packages/airflow/example_dags/tutorial.py
[2024-06-14T12:14:37.477+0000] {logging_mixin.py:188} INFO - [2024-06-14T12:14:37.476+0000] {dag.py:3096} INFO - Sync 1 DAGs
[2024-06-14T12:14:37.492+0000] {logging_mixin.py:188} INFO - [2024-06-14T12:14:37.492+0000] {dag.py:3954} INFO - Setting next_dagrun for tutorial to 2024-06-13 00:00:00+00:00, run_after=2024-06-14 00:00:00+00:00
[2024-06-14T12:14:37.506+0000] {processor.py:183} INFO - Processing /home/airflow/.local/lib/python3.12/site-packages/airflow/example_dags/tutorial.py took 0.060 seconds
[2024-06-14T12:15:07.765+0000] {processor.py:161} INFO - Started process (PID=1061) to work on /home/airflow/.local/lib/python3.12/site-packages/airflow/example_dags/tutorial.py
[2024-06-14T12:15:07.766+0000] {processor.py:830} INFO - Processing file /home/airflow/.local/lib/python3.12/site-packages/airflow/example_dags/tutorial.py for tasks to queue
[2024-06-14T12:15:07.767+0000] {logging_mixin.py:188} INFO - [2024-06-14T12:15:07.767+0000] {dagbag.py:545} INFO - Filling up the DagBag from /home/airflow/.local/lib/python3.12/site-packages/airflow/example_dags/tutorial.py
[2024-06-14T12:15:07.772+0000] {processor.py:840} INFO - DAG(s) 'tutorial' retrieved from /home/airflow/.local/lib/python3.12/site-packages/airflow/example_dags/tutorial.py
[2024-06-14T12:15:07.786+0000] {logging_mixin.py:188} INFO - [2024-06-14T12:15:07.786+0000] {dag.py:3096} INFO - Sync 1 DAGs
[2024-06-14T12:15:07.802+0000] {logging_mixin.py:188} INFO - [2024-06-14T12:15:07.802+0000] {dag.py:3954} INFO - Setting next_dagrun for tutorial to 2024-06-13 00:00:00+00:00, run_after=2024-06-14 00:00:00+00:00
[2024-06-14T12:15:07.817+0000] {processor.py:183} INFO - Processing /home/airflow/.local/lib/python3.12/site-packages/airflow/example_dags/tutorial.py took 0.057 seconds
[2024-06-14T12:15:38.021+0000] {processor.py:161} INFO - Started process (PID=1119) to work on /home/airflow/.local/lib/python3.12/site-packages/airflow/example_dags/tutorial.py
[2024-06-14T12:15:38.022+0000] {processor.py:830} INFO - Processing file /home/airflow/.local/lib/python3.12/site-packages/airflow/example_dags/tutorial.py for tasks to queue
[2024-06-14T12:15:38.023+0000] {logging_mixin.py:188} INFO - [2024-06-14T12:15:38.023+0000] {dagbag.py:545} INFO - Filling up the DagBag from /home/airflow/.local/lib/python3.12/site-packages/airflow/example_dags/tutorial.py
[2024-06-14T12:15:38.027+0000] {processor.py:840} INFO - DAG(s) 'tutorial' retrieved from /home/airflow/.local/lib/python3.12/site-packages/airflow/example_dags/tutorial.py
[2024-06-14T12:15:38.042+0000] {logging_mixin.py:188} INFO - [2024-06-14T12:15:38.042+0000] {dag.py:3096} INFO - Sync 1 DAGs
[2024-06-14T12:15:38.058+0000] {logging_mixin.py:188} INFO - [2024-06-14T12:15:38.057+0000] {dag.py:3954} INFO - Setting next_dagrun for tutorial to 2024-06-13 00:00:00+00:00, run_after=2024-06-14 00:00:00+00:00
[2024-06-14T12:15:38.074+0000] {processor.py:183} INFO - Processing /home/airflow/.local/lib/python3.12/site-packages/airflow/example_dags/tutorial.py took 0.058 seconds
[2024-06-14T12:16:08.338+0000] {processor.py:161} INFO - Started process (PID=1177) to work on /home/airflow/.local/lib/python3.12/site-packages/airflow/example_dags/tutorial.py
[2024-06-14T12:16:08.339+0000] {processor.py:830} INFO - Processing file /home/airflow/.local/lib/python3.12/site-packages/airflow/example_dags/tutorial.py for tasks to queue
[2024-06-14T12:16:08.340+0000] {logging_mixin.py:188} INFO - [2024-06-14T12:16:08.340+0000] {dagbag.py:545} INFO - Filling up the DagBag from /home/airflow/.local/lib/python3.12/site-packages/airflow/example_dags/tutorial.py
[2024-06-14T12:16:08.344+0000] {processor.py:840} INFO - DAG(s) 'tutorial' retrieved from /home/airflow/.local/lib/python3.12/site-packages/airflow/example_dags/tutorial.py
[2024-06-14T12:16:08.359+0000] {logging_mixin.py:188} INFO - [2024-06-14T12:16:08.359+0000] {dag.py:3096} INFO - Sync 1 DAGs
[2024-06-14T12:16:08.375+0000] {logging_mixin.py:188} INFO - [2024-06-14T12:16:08.375+0000] {dag.py:3954} INFO - Setting next_dagrun for tutorial to 2024-06-13 00:00:00+00:00, run_after=2024-06-14 00:00:00+00:00
[2024-06-14T12:16:08.391+0000] {processor.py:183} INFO - Processing /home/airflow/.local/lib/python3.12/site-packages/airflow/example_dags/tutorial.py took 0.057 seconds
[2024-06-14T12:16:38.669+0000] {processor.py:161} INFO - Started process (PID=1235) to work on /home/airflow/.local/lib/python3.12/site-packages/airflow/example_dags/tutorial.py
[2024-06-14T12:16:38.669+0000] {processor.py:830} INFO - Processing file /home/airflow/.local/lib/python3.12/site-packages/airflow/example_dags/tutorial.py for tasks to queue
[2024-06-14T12:16:38.671+0000] {logging_mixin.py:188} INFO - [2024-06-14T12:16:38.670+0000] {dagbag.py:545} INFO - Filling up the DagBag from /home/airflow/.local/lib/python3.12/site-packages/airflow/example_dags/tutorial.py
[2024-06-14T12:16:38.675+0000] {processor.py:840} INFO - DAG(s) 'tutorial' retrieved from /home/airflow/.local/lib/python3.12/site-packages/airflow/example_dags/tutorial.py
[2024-06-14T12:16:38.691+0000] {logging_mixin.py:188} INFO - [2024-06-14T12:16:38.691+0000] {dag.py:3096} INFO - Sync 1 DAGs
[2024-06-14T12:16:38.710+0000] {logging_mixin.py:188} INFO - [2024-06-14T12:16:38.710+0000] {dag.py:3954} INFO - Setting next_dagrun for tutorial to 2024-06-13 00:00:00+00:00, run_after=2024-06-14 00:00:00+00:00
[2024-06-14T12:16:38.730+0000] {processor.py:183} INFO - Processing /home/airflow/.local/lib/python3.12/site-packages/airflow/example_dags/tutorial.py took 0.065 seconds
[2024-06-14T12:17:09.023+0000] {processor.py:161} INFO - Started process (PID=1293) to work on /home/airflow/.local/lib/python3.12/site-packages/airflow/example_dags/tutorial.py
[2024-06-14T12:17:09.024+0000] {processor.py:830} INFO - Processing file /home/airflow/.local/lib/python3.12/site-packages/airflow/example_dags/tutorial.py for tasks to queue
[2024-06-14T12:17:09.025+0000] {logging_mixin.py:188} INFO - [2024-06-14T12:17:09.025+0000] {dagbag.py:545} INFO - Filling up the DagBag from /home/airflow/.local/lib/python3.12/site-packages/airflow/example_dags/tutorial.py
[2024-06-14T12:17:09.031+0000] {processor.py:840} INFO - DAG(s) 'tutorial' retrieved from /home/airflow/.local/lib/python3.12/site-packages/airflow/example_dags/tutorial.py
[2024-06-14T12:17:09.048+0000] {logging_mixin.py:188} INFO - [2024-06-14T12:17:09.048+0000] {dag.py:3096} INFO - Sync 1 DAGs
[2024-06-14T12:17:09.066+0000] {logging_mixin.py:188} INFO - [2024-06-14T12:17:09.066+0000] {dag.py:3954} INFO - Setting next_dagrun for tutorial to 2024-06-13 00:00:00+00:00, run_after=2024-06-14 00:00:00+00:00
[2024-06-14T12:17:09.079+0000] {processor.py:183} INFO - Processing /home/airflow/.local/lib/python3.12/site-packages/airflow/example_dags/tutorial.py took 0.060 seconds
[2024-06-14T12:17:39.391+0000] {processor.py:161} INFO - Started process (PID=1350) to work on /home/airflow/.local/lib/python3.12/site-packages/airflow/example_dags/tutorial.py
[2024-06-14T12:17:39.392+0000] {processor.py:830} INFO - Processing file /home/airflow/.local/lib/python3.12/site-packages/airflow/example_dags/tutorial.py for tasks to queue
[2024-06-14T12:17:39.393+0000] {logging_mixin.py:188} INFO - [2024-06-14T12:17:39.393+0000] {dagbag.py:545} INFO - Filling up the DagBag from /home/airflow/.local/lib/python3.12/site-packages/airflow/example_dags/tutorial.py
[2024-06-14T12:17:39.397+0000] {processor.py:840} INFO - DAG(s) 'tutorial' retrieved from /home/airflow/.local/lib/python3.12/site-packages/airflow/example_dags/tutorial.py
[2024-06-14T12:17:39.409+0000] {logging_mixin.py:188} INFO - [2024-06-14T12:17:39.409+0000] {dag.py:3096} INFO - Sync 1 DAGs
[2024-06-14T12:17:39.423+0000] {logging_mixin.py:188} INFO - [2024-06-14T12:17:39.423+0000] {dag.py:3954} INFO - Setting next_dagrun for tutorial to 2024-06-13 00:00:00+00:00, run_after=2024-06-14 00:00:00+00:00
[2024-06-14T12:17:39.438+0000] {processor.py:183} INFO - Processing /home/airflow/.local/lib/python3.12/site-packages/airflow/example_dags/tutorial.py took 0.051 seconds
[2024-06-14T12:18:41.995+0000] {processor.py:161} INFO - Started process (PID=61) to work on /home/airflow/.local/lib/python3.12/site-packages/airflow/example_dags/tutorial.py
[2024-06-14T12:18:41.997+0000] {processor.py:830} INFO - Processing file /home/airflow/.local/lib/python3.12/site-packages/airflow/example_dags/tutorial.py for tasks to queue
[2024-06-14T12:18:41.999+0000] {logging_mixin.py:188} INFO - [2024-06-14T12:18:41.999+0000] {dagbag.py:545} INFO - Filling up the DagBag from /home/airflow/.local/lib/python3.12/site-packages/airflow/example_dags/tutorial.py
[2024-06-14T12:18:42.006+0000] {processor.py:840} INFO - DAG(s) 'tutorial' retrieved from /home/airflow/.local/lib/python3.12/site-packages/airflow/example_dags/tutorial.py
[2024-06-14T12:18:42.017+0000] {logging_mixin.py:188} INFO - [2024-06-14T12:18:42.017+0000] {dag.py:3096} INFO - Sync 1 DAGs
[2024-06-14T12:18:42.040+0000] {logging_mixin.py:188} INFO - [2024-06-14T12:18:42.040+0000] {dag.py:3954} INFO - Setting next_dagrun for tutorial to 2024-06-13 00:00:00+00:00, run_after=2024-06-14 00:00:00+00:00
[2024-06-14T12:18:42.060+0000] {processor.py:183} INFO - Processing /home/airflow/.local/lib/python3.12/site-packages/airflow/example_dags/tutorial.py took 0.071 seconds
[2024-06-14T12:19:13.477+0000] {processor.py:161} INFO - Started process (PID=119) to work on /home/airflow/.local/lib/python3.12/site-packages/airflow/example_dags/tutorial.py
[2024-06-14T12:19:13.478+0000] {processor.py:830} INFO - Processing file /home/airflow/.local/lib/python3.12/site-packages/airflow/example_dags/tutorial.py for tasks to queue
[2024-06-14T12:19:13.479+0000] {logging_mixin.py:188} INFO - [2024-06-14T12:19:13.479+0000] {dagbag.py:545} INFO - Filling up the DagBag from /home/airflow/.local/lib/python3.12/site-packages/airflow/example_dags/tutorial.py
[2024-06-14T12:19:13.483+0000] {processor.py:840} INFO - DAG(s) 'tutorial' retrieved from /home/airflow/.local/lib/python3.12/site-packages/airflow/example_dags/tutorial.py
[2024-06-14T12:19:13.559+0000] {logging_mixin.py:188} INFO - [2024-06-14T12:19:13.559+0000] {dag.py:3096} INFO - Sync 1 DAGs
[2024-06-14T12:19:13.573+0000] {logging_mixin.py:188} INFO - [2024-06-14T12:19:13.573+0000] {dag.py:3954} INFO - Setting next_dagrun for tutorial to 2024-06-13 00:00:00+00:00, run_after=2024-06-14 00:00:00+00:00
[2024-06-14T12:19:13.586+0000] {processor.py:183} INFO - Processing /home/airflow/.local/lib/python3.12/site-packages/airflow/example_dags/tutorial.py took 0.114 seconds
[2024-06-14T12:19:44.279+0000] {processor.py:161} INFO - Started process (PID=177) to work on /home/airflow/.local/lib/python3.12/site-packages/airflow/example_dags/tutorial.py
[2024-06-14T12:19:44.279+0000] {processor.py:830} INFO - Processing file /home/airflow/.local/lib/python3.12/site-packages/airflow/example_dags/tutorial.py for tasks to queue
[2024-06-14T12:19:44.281+0000] {logging_mixin.py:188} INFO - [2024-06-14T12:19:44.280+0000] {dagbag.py:545} INFO - Filling up the DagBag from /home/airflow/.local/lib/python3.12/site-packages/airflow/example_dags/tutorial.py
[2024-06-14T12:19:44.285+0000] {processor.py:840} INFO - DAG(s) 'tutorial' retrieved from /home/airflow/.local/lib/python3.12/site-packages/airflow/example_dags/tutorial.py
[2024-06-14T12:19:44.299+0000] {logging_mixin.py:188} INFO - [2024-06-14T12:19:44.299+0000] {dag.py:3096} INFO - Sync 1 DAGs
[2024-06-14T12:19:44.316+0000] {logging_mixin.py:188} INFO - [2024-06-14T12:19:44.316+0000] {dag.py:3954} INFO - Setting next_dagrun for tutorial to 2024-06-13 00:00:00+00:00, run_after=2024-06-14 00:00:00+00:00
[2024-06-14T12:19:44.334+0000] {processor.py:183} INFO - Processing /home/airflow/.local/lib/python3.12/site-packages/airflow/example_dags/tutorial.py took 0.059 seconds
[2024-06-14T12:20:14.765+0000] {processor.py:161} INFO - Started process (PID=235) to work on /home/airflow/.local/lib/python3.12/site-packages/airflow/example_dags/tutorial.py
[2024-06-14T12:20:14.766+0000] {processor.py:830} INFO - Processing file /home/airflow/.local/lib/python3.12/site-packages/airflow/example_dags/tutorial.py for tasks to queue
[2024-06-14T12:20:14.768+0000] {logging_mixin.py:188} INFO - [2024-06-14T12:20:14.767+0000] {dagbag.py:545} INFO - Filling up the DagBag from /home/airflow/.local/lib/python3.12/site-packages/airflow/example_dags/tutorial.py
[2024-06-14T12:20:14.772+0000] {processor.py:840} INFO - DAG(s) 'tutorial' retrieved from /home/airflow/.local/lib/python3.12/site-packages/airflow/example_dags/tutorial.py
[2024-06-14T12:20:14.786+0000] {logging_mixin.py:188} INFO - [2024-06-14T12:20:14.786+0000] {dag.py:3096} INFO - Sync 1 DAGs
[2024-06-14T12:20:14.804+0000] {logging_mixin.py:188} INFO - [2024-06-14T12:20:14.803+0000] {dag.py:3954} INFO - Setting next_dagrun for tutorial to 2024-06-13 00:00:00+00:00, run_after=2024-06-14 00:00:00+00:00
[2024-06-14T12:20:14.818+0000] {processor.py:183} INFO - Processing /home/airflow/.local/lib/python3.12/site-packages/airflow/example_dags/tutorial.py took 0.057 seconds
[2024-06-14T12:20:45.100+0000] {processor.py:161} INFO - Started process (PID=293) to work on /home/airflow/.local/lib/python3.12/site-packages/airflow/example_dags/tutorial.py
[2024-06-14T12:20:45.101+0000] {processor.py:830} INFO - Processing file /home/airflow/.local/lib/python3.12/site-packages/airflow/example_dags/tutorial.py for tasks to queue
[2024-06-14T12:20:45.102+0000] {logging_mixin.py:188} INFO - [2024-06-14T12:20:45.102+0000] {dagbag.py:545} INFO - Filling up the DagBag from /home/airflow/.local/lib/python3.12/site-packages/airflow/example_dags/tutorial.py
[2024-06-14T12:20:45.107+0000] {processor.py:840} INFO - DAG(s) 'tutorial' retrieved from /home/airflow/.local/lib/python3.12/site-packages/airflow/example_dags/tutorial.py
[2024-06-14T12:20:45.123+0000] {logging_mixin.py:188} INFO - [2024-06-14T12:20:45.123+0000] {dag.py:3096} INFO - Sync 1 DAGs
[2024-06-14T12:20:45.139+0000] {logging_mixin.py:188} INFO - [2024-06-14T12:20:45.139+0000] {dag.py:3954} INFO - Setting next_dagrun for tutorial to 2024-06-13 00:00:00+00:00, run_after=2024-06-14 00:00:00+00:00
[2024-06-14T12:20:45.152+0000] {processor.py:183} INFO - Processing /home/airflow/.local/lib/python3.12/site-packages/airflow/example_dags/tutorial.py took 0.056 seconds
[2024-06-14T12:21:15.383+0000] {processor.py:161} INFO - Started process (PID=351) to work on /home/airflow/.local/lib/python3.12/site-packages/airflow/example_dags/tutorial.py
[2024-06-14T12:21:15.384+0000] {processor.py:830} INFO - Processing file /home/airflow/.local/lib/python3.12/site-packages/airflow/example_dags/tutorial.py for tasks to queue
[2024-06-14T12:21:15.385+0000] {logging_mixin.py:188} INFO - [2024-06-14T12:21:15.385+0000] {dagbag.py:545} INFO - Filling up the DagBag from /home/airflow/.local/lib/python3.12/site-packages/airflow/example_dags/tutorial.py
[2024-06-14T12:21:15.390+0000] {processor.py:840} INFO - DAG(s) 'tutorial' retrieved from /home/airflow/.local/lib/python3.12/site-packages/airflow/example_dags/tutorial.py
[2024-06-14T12:21:15.407+0000] {logging_mixin.py:188} INFO - [2024-06-14T12:21:15.406+0000] {dag.py:3096} INFO - Sync 1 DAGs
[2024-06-14T12:21:15.428+0000] {logging_mixin.py:188} INFO - [2024-06-14T12:21:15.427+0000] {dag.py:3954} INFO - Setting next_dagrun for tutorial to 2024-06-13 00:00:00+00:00, run_after=2024-06-14 00:00:00+00:00
[2024-06-14T12:21:15.446+0000] {processor.py:183} INFO - Processing /home/airflow/.local/lib/python3.12/site-packages/airflow/example_dags/tutorial.py took 0.067 seconds
[2024-06-14T12:21:45.762+0000] {processor.py:161} INFO - Started process (PID=409) to work on /home/airflow/.local/lib/python3.12/site-packages/airflow/example_dags/tutorial.py
[2024-06-14T12:21:45.763+0000] {processor.py:830} INFO - Processing file /home/airflow/.local/lib/python3.12/site-packages/airflow/example_dags/tutorial.py for tasks to queue
[2024-06-14T12:21:45.765+0000] {logging_mixin.py:188} INFO - [2024-06-14T12:21:45.765+0000] {dagbag.py:545} INFO - Filling up the DagBag from /home/airflow/.local/lib/python3.12/site-packages/airflow/example_dags/tutorial.py
[2024-06-14T12:21:45.770+0000] {processor.py:840} INFO - DAG(s) 'tutorial' retrieved from /home/airflow/.local/lib/python3.12/site-packages/airflow/example_dags/tutorial.py
[2024-06-14T12:21:45.786+0000] {logging_mixin.py:188} INFO - [2024-06-14T12:21:45.785+0000] {dag.py:3096} INFO - Sync 1 DAGs
[2024-06-14T12:21:45.803+0000] {logging_mixin.py:188} INFO - [2024-06-14T12:21:45.803+0000] {dag.py:3954} INFO - Setting next_dagrun for tutorial to 2024-06-13 00:00:00+00:00, run_after=2024-06-14 00:00:00+00:00
[2024-06-14T12:21:45.819+0000] {processor.py:183} INFO - Processing /home/airflow/.local/lib/python3.12/site-packages/airflow/example_dags/tutorial.py took 0.062 seconds
[2024-06-14T12:22:16.233+0000] {processor.py:161} INFO - Started process (PID=468) to work on /home/airflow/.local/lib/python3.12/site-packages/airflow/example_dags/tutorial.py
[2024-06-14T12:22:16.234+0000] {processor.py:830} INFO - Processing file /home/airflow/.local/lib/python3.12/site-packages/airflow/example_dags/tutorial.py for tasks to queue
[2024-06-14T12:22:16.235+0000] {logging_mixin.py:188} INFO - [2024-06-14T12:22:16.235+0000] {dagbag.py:545} INFO - Filling up the DagBag from /home/airflow/.local/lib/python3.12/site-packages/airflow/example_dags/tutorial.py
[2024-06-14T12:22:16.240+0000] {processor.py:840} INFO - DAG(s) 'tutorial' retrieved from /home/airflow/.local/lib/python3.12/site-packages/airflow/example_dags/tutorial.py
[2024-06-14T12:22:16.256+0000] {logging_mixin.py:188} INFO - [2024-06-14T12:22:16.256+0000] {dag.py:3096} INFO - Sync 1 DAGs
[2024-06-14T12:22:16.274+0000] {logging_mixin.py:188} INFO - [2024-06-14T12:22:16.273+0000] {dag.py:3954} INFO - Setting next_dagrun for tutorial to 2024-06-13 00:00:00+00:00, run_after=2024-06-14 00:00:00+00:00
[2024-06-14T12:22:16.290+0000] {processor.py:183} INFO - Processing /home/airflow/.local/lib/python3.12/site-packages/airflow/example_dags/tutorial.py took 0.063 seconds
[2024-06-14T12:22:46.550+0000] {processor.py:161} INFO - Started process (PID=526) to work on /home/airflow/.local/lib/python3.12/site-packages/airflow/example_dags/tutorial.py
[2024-06-14T12:22:46.551+0000] {processor.py:830} INFO - Processing file /home/airflow/.local/lib/python3.12/site-packages/airflow/example_dags/tutorial.py for tasks to queue
[2024-06-14T12:22:46.552+0000] {logging_mixin.py:188} INFO - [2024-06-14T12:22:46.552+0000] {dagbag.py:545} INFO - Filling up the DagBag from /home/airflow/.local/lib/python3.12/site-packages/airflow/example_dags/tutorial.py
[2024-06-14T12:22:46.556+0000] {processor.py:840} INFO - DAG(s) 'tutorial' retrieved from /home/airflow/.local/lib/python3.12/site-packages/airflow/example_dags/tutorial.py
[2024-06-14T12:22:46.570+0000] {logging_mixin.py:188} INFO - [2024-06-14T12:22:46.570+0000] {dag.py:3096} INFO - Sync 1 DAGs
[2024-06-14T12:22:46.586+0000] {logging_mixin.py:188} INFO - [2024-06-14T12:22:46.586+0000] {dag.py:3954} INFO - Setting next_dagrun for tutorial to 2024-06-13 00:00:00+00:00, run_after=2024-06-14 00:00:00+00:00
[2024-06-14T12:22:46.600+0000] {processor.py:183} INFO - Processing /home/airflow/.local/lib/python3.12/site-packages/airflow/example_dags/tutorial.py took 0.053 seconds
[2024-06-14T12:23:16.904+0000] {processor.py:161} INFO - Started process (PID=584) to work on /home/airflow/.local/lib/python3.12/site-packages/airflow/example_dags/tutorial.py
[2024-06-14T12:23:16.904+0000] {processor.py:830} INFO - Processing file /home/airflow/.local/lib/python3.12/site-packages/airflow/example_dags/tutorial.py for tasks to queue
[2024-06-14T12:23:16.906+0000] {logging_mixin.py:188} INFO - [2024-06-14T12:23:16.906+0000] {dagbag.py:545} INFO - Filling up the DagBag from /home/airflow/.local/lib/python3.12/site-packages/airflow/example_dags/tutorial.py
[2024-06-14T12:23:16.910+0000] {processor.py:840} INFO - DAG(s) 'tutorial' retrieved from /home/airflow/.local/lib/python3.12/site-packages/airflow/example_dags/tutorial.py
[2024-06-14T12:23:16.925+0000] {logging_mixin.py:188} INFO - [2024-06-14T12:23:16.925+0000] {dag.py:3096} INFO - Sync 1 DAGs
[2024-06-14T12:23:16.942+0000] {logging_mixin.py:188} INFO - [2024-06-14T12:23:16.942+0000] {dag.py:3954} INFO - Setting next_dagrun for tutorial to 2024-06-13 00:00:00+00:00, run_after=2024-06-14 00:00:00+00:00
[2024-06-14T12:23:16.956+0000] {processor.py:183} INFO - Processing /home/airflow/.local/lib/python3.12/site-packages/airflow/example_dags/tutorial.py took 0.057 seconds
[2024-06-14T12:23:47.390+0000] {processor.py:161} INFO - Started process (PID=642) to work on /home/airflow/.local/lib/python3.12/site-packages/airflow/example_dags/tutorial.py
[2024-06-14T12:23:47.391+0000] {processor.py:830} INFO - Processing file /home/airflow/.local/lib/python3.12/site-packages/airflow/example_dags/tutorial.py for tasks to queue
[2024-06-14T12:23:47.392+0000] {logging_mixin.py:188} INFO - [2024-06-14T12:23:47.392+0000] {dagbag.py:545} INFO - Filling up the DagBag from /home/airflow/.local/lib/python3.12/site-packages/airflow/example_dags/tutorial.py
[2024-06-14T12:23:47.396+0000] {processor.py:840} INFO - DAG(s) 'tutorial' retrieved from /home/airflow/.local/lib/python3.12/site-packages/airflow/example_dags/tutorial.py
[2024-06-14T12:23:47.411+0000] {logging_mixin.py:188} INFO - [2024-06-14T12:23:47.411+0000] {dag.py:3096} INFO - Sync 1 DAGs
[2024-06-14T12:23:47.426+0000] {logging_mixin.py:188} INFO - [2024-06-14T12:23:47.426+0000] {dag.py:3954} INFO - Setting next_dagrun for tutorial to 2024-06-13 00:00:00+00:00, run_after=2024-06-14 00:00:00+00:00
[2024-06-14T12:23:47.439+0000] {processor.py:183} INFO - Processing /home/airflow/.local/lib/python3.12/site-packages/airflow/example_dags/tutorial.py took 0.053 seconds
[2024-06-14T12:24:17.643+0000] {processor.py:161} INFO - Started process (PID=701) to work on /home/airflow/.local/lib/python3.12/site-packages/airflow/example_dags/tutorial.py
[2024-06-14T12:24:17.643+0000] {processor.py:830} INFO - Processing file /home/airflow/.local/lib/python3.12/site-packages/airflow/example_dags/tutorial.py for tasks to queue
[2024-06-14T12:24:17.645+0000] {logging_mixin.py:188} INFO - [2024-06-14T12:24:17.645+0000] {dagbag.py:545} INFO - Filling up the DagBag from /home/airflow/.local/lib/python3.12/site-packages/airflow/example_dags/tutorial.py
[2024-06-14T12:24:17.650+0000] {processor.py:840} INFO - DAG(s) 'tutorial' retrieved from /home/airflow/.local/lib/python3.12/site-packages/airflow/example_dags/tutorial.py
[2024-06-14T12:24:17.664+0000] {logging_mixin.py:188} INFO - [2024-06-14T12:24:17.664+0000] {dag.py:3096} INFO - Sync 1 DAGs
[2024-06-14T12:24:17.679+0000] {logging_mixin.py:188} INFO - [2024-06-14T12:24:17.679+0000] {dag.py:3954} INFO - Setting next_dagrun for tutorial to 2024-06-13 00:00:00+00:00, run_after=2024-06-14 00:00:00+00:00
[2024-06-14T12:24:17.692+0000] {processor.py:183} INFO - Processing /home/airflow/.local/lib/python3.12/site-packages/airflow/example_dags/tutorial.py took 0.054 seconds
[2024-06-14T12:24:47.961+0000] {processor.py:161} INFO - Started process (PID=759) to work on /home/airflow/.local/lib/python3.12/site-packages/airflow/example_dags/tutorial.py
[2024-06-14T12:24:47.962+0000] {processor.py:830} INFO - Processing file /home/airflow/.local/lib/python3.12/site-packages/airflow/example_dags/tutorial.py for tasks to queue
[2024-06-14T12:24:47.963+0000] {logging_mixin.py:188} INFO - [2024-06-14T12:24:47.963+0000] {dagbag.py:545} INFO - Filling up the DagBag from /home/airflow/.local/lib/python3.12/site-packages/airflow/example_dags/tutorial.py
[2024-06-14T12:24:47.966+0000] {processor.py:840} INFO - DAG(s) 'tutorial' retrieved from /home/airflow/.local/lib/python3.12/site-packages/airflow/example_dags/tutorial.py
[2024-06-14T12:24:47.980+0000] {logging_mixin.py:188} INFO - [2024-06-14T12:24:47.980+0000] {dag.py:3096} INFO - Sync 1 DAGs
[2024-06-14T12:24:47.995+0000] {logging_mixin.py:188} INFO - [2024-06-14T12:24:47.995+0000] {dag.py:3954} INFO - Setting next_dagrun for tutorial to 2024-06-13 00:00:00+00:00, run_after=2024-06-14 00:00:00+00:00
[2024-06-14T12:24:48.008+0000] {processor.py:183} INFO - Processing /home/airflow/.local/lib/python3.12/site-packages/airflow/example_dags/tutorial.py took 0.052 seconds
[2024-06-14T12:25:18.320+0000] {processor.py:161} INFO - Started process (PID=817) to work on /home/airflow/.local/lib/python3.12/site-packages/airflow/example_dags/tutorial.py
[2024-06-14T12:25:18.320+0000] {processor.py:830} INFO - Processing file /home/airflow/.local/lib/python3.12/site-packages/airflow/example_dags/tutorial.py for tasks to queue
[2024-06-14T12:25:18.322+0000] {logging_mixin.py:188} INFO - [2024-06-14T12:25:18.321+0000] {dagbag.py:545} INFO - Filling up the DagBag from /home/airflow/.local/lib/python3.12/site-packages/airflow/example_dags/tutorial.py
[2024-06-14T12:25:18.325+0000] {processor.py:840} INFO - DAG(s) 'tutorial' retrieved from /home/airflow/.local/lib/python3.12/site-packages/airflow/example_dags/tutorial.py
[2024-06-14T12:25:18.339+0000] {logging_mixin.py:188} INFO - [2024-06-14T12:25:18.339+0000] {dag.py:3096} INFO - Sync 1 DAGs
[2024-06-14T12:25:18.354+0000] {logging_mixin.py:188} INFO - [2024-06-14T12:25:18.354+0000] {dag.py:3954} INFO - Setting next_dagrun for tutorial to 2024-06-13 00:00:00+00:00, run_after=2024-06-14 00:00:00+00:00
[2024-06-14T12:25:18.371+0000] {processor.py:183} INFO - Processing /home/airflow/.local/lib/python3.12/site-packages/airflow/example_dags/tutorial.py took 0.055 seconds
[2024-06-14T12:25:48.715+0000] {processor.py:161} INFO - Started process (PID=875) to work on /home/airflow/.local/lib/python3.12/site-packages/airflow/example_dags/tutorial.py
[2024-06-14T12:25:48.716+0000] {processor.py:830} INFO - Processing file /home/airflow/.local/lib/python3.12/site-packages/airflow/example_dags/tutorial.py for tasks to queue
[2024-06-14T12:25:48.718+0000] {logging_mixin.py:188} INFO - [2024-06-14T12:25:48.718+0000] {dagbag.py:545} INFO - Filling up the DagBag from /home/airflow/.local/lib/python3.12/site-packages/airflow/example_dags/tutorial.py
[2024-06-14T12:25:48.724+0000] {processor.py:840} INFO - DAG(s) 'tutorial' retrieved from /home/airflow/.local/lib/python3.12/site-packages/airflow/example_dags/tutorial.py
[2024-06-14T12:25:48.742+0000] {logging_mixin.py:188} INFO - [2024-06-14T12:25:48.741+0000] {dag.py:3096} INFO - Sync 1 DAGs
[2024-06-14T12:25:48.762+0000] {logging_mixin.py:188} INFO - [2024-06-14T12:25:48.762+0000] {dag.py:3954} INFO - Setting next_dagrun for tutorial to 2024-06-13 00:00:00+00:00, run_after=2024-06-14 00:00:00+00:00
[2024-06-14T12:25:48.779+0000] {processor.py:183} INFO - Processing /home/airflow/.local/lib/python3.12/site-packages/airflow/example_dags/tutorial.py took 0.068 seconds
[2024-06-14T12:26:19.049+0000] {processor.py:161} INFO - Started process (PID=933) to work on /home/airflow/.local/lib/python3.12/site-packages/airflow/example_dags/tutorial.py
[2024-06-14T12:26:19.050+0000] {processor.py:830} INFO - Processing file /home/airflow/.local/lib/python3.12/site-packages/airflow/example_dags/tutorial.py for tasks to queue
[2024-06-14T12:26:19.052+0000] {logging_mixin.py:188} INFO - [2024-06-14T12:26:19.052+0000] {dagbag.py:545} INFO - Filling up the DagBag from /home/airflow/.local/lib/python3.12/site-packages/airflow/example_dags/tutorial.py
[2024-06-14T12:26:19.056+0000] {processor.py:840} INFO - DAG(s) 'tutorial' retrieved from /home/airflow/.local/lib/python3.12/site-packages/airflow/example_dags/tutorial.py
[2024-06-14T12:26:19.069+0000] {logging_mixin.py:188} INFO - [2024-06-14T12:26:19.069+0000] {dag.py:3096} INFO - Sync 1 DAGs
[2024-06-14T12:26:19.084+0000] {logging_mixin.py:188} INFO - [2024-06-14T12:26:19.084+0000] {dag.py:3954} INFO - Setting next_dagrun for tutorial to 2024-06-13 00:00:00+00:00, run_after=2024-06-14 00:00:00+00:00
[2024-06-14T12:26:19.098+0000] {processor.py:183} INFO - Processing /home/airflow/.local/lib/python3.12/site-packages/airflow/example_dags/tutorial.py took 0.053 seconds
[2024-06-14T12:26:49.379+0000] {processor.py:161} INFO - Started process (PID=991) to work on /home/airflow/.local/lib/python3.12/site-packages/airflow/example_dags/tutorial.py
[2024-06-14T12:26:49.380+0000] {processor.py:830} INFO - Processing file /home/airflow/.local/lib/python3.12/site-packages/airflow/example_dags/tutorial.py for tasks to queue
[2024-06-14T12:26:49.382+0000] {logging_mixin.py:188} INFO - [2024-06-14T12:26:49.382+0000] {dagbag.py:545} INFO - Filling up the DagBag from /home/airflow/.local/lib/python3.12/site-packages/airflow/example_dags/tutorial.py
[2024-06-14T12:26:49.387+0000] {processor.py:840} INFO - DAG(s) 'tutorial' retrieved from /home/airflow/.local/lib/python3.12/site-packages/airflow/example_dags/tutorial.py
[2024-06-14T12:26:49.404+0000] {logging_mixin.py:188} INFO - [2024-06-14T12:26:49.404+0000] {dag.py:3096} INFO - Sync 1 DAGs
[2024-06-14T12:26:49.420+0000] {logging_mixin.py:188} INFO - [2024-06-14T12:26:49.420+0000] {dag.py:3954} INFO - Setting next_dagrun for tutorial to 2024-06-13 00:00:00+00:00, run_after=2024-06-14 00:00:00+00:00
[2024-06-14T12:26:49.436+0000] {processor.py:183} INFO - Processing /home/airflow/.local/lib/python3.12/site-packages/airflow/example_dags/tutorial.py took 0.063 seconds
[2024-06-14T12:27:19.587+0000] {processor.py:161} INFO - Started process (PID=1049) to work on /home/airflow/.local/lib/python3.12/site-packages/airflow/example_dags/tutorial.py
[2024-06-14T12:27:19.588+0000] {processor.py:830} INFO - Processing file /home/airflow/.local/lib/python3.12/site-packages/airflow/example_dags/tutorial.py for tasks to queue
[2024-06-14T12:27:19.590+0000] {logging_mixin.py:188} INFO - [2024-06-14T12:27:19.589+0000] {dagbag.py:545} INFO - Filling up the DagBag from /home/airflow/.local/lib/python3.12/site-packages/airflow/example_dags/tutorial.py
[2024-06-14T12:27:19.594+0000] {processor.py:840} INFO - DAG(s) 'tutorial' retrieved from /home/airflow/.local/lib/python3.12/site-packages/airflow/example_dags/tutorial.py
[2024-06-14T12:27:19.609+0000] {logging_mixin.py:188} INFO - [2024-06-14T12:27:19.609+0000] {dag.py:3096} INFO - Sync 1 DAGs
[2024-06-14T12:27:19.625+0000] {logging_mixin.py:188} INFO - [2024-06-14T12:27:19.625+0000] {dag.py:3954} INFO - Setting next_dagrun for tutorial to 2024-06-13 00:00:00+00:00, run_after=2024-06-14 00:00:00+00:00
[2024-06-14T12:27:19.639+0000] {processor.py:183} INFO - Processing /home/airflow/.local/lib/python3.12/site-packages/airflow/example_dags/tutorial.py took 0.057 seconds
[2024-06-14T12:27:49.807+0000] {processor.py:161} INFO - Started process (PID=1107) to work on /home/airflow/.local/lib/python3.12/site-packages/airflow/example_dags/tutorial.py
[2024-06-14T12:27:49.808+0000] {processor.py:830} INFO - Processing file /home/airflow/.local/lib/python3.12/site-packages/airflow/example_dags/tutorial.py for tasks to queue
[2024-06-14T12:27:49.809+0000] {logging_mixin.py:188} INFO - [2024-06-14T12:27:49.809+0000] {dagbag.py:545} INFO - Filling up the DagBag from /home/airflow/.local/lib/python3.12/site-packages/airflow/example_dags/tutorial.py
[2024-06-14T12:27:49.813+0000] {processor.py:840} INFO - DAG(s) 'tutorial' retrieved from /home/airflow/.local/lib/python3.12/site-packages/airflow/example_dags/tutorial.py
[2024-06-14T12:27:49.829+0000] {logging_mixin.py:188} INFO - [2024-06-14T12:27:49.829+0000] {dag.py:3096} INFO - Sync 1 DAGs
[2024-06-14T12:27:49.850+0000] {logging_mixin.py:188} INFO - [2024-06-14T12:27:49.849+0000] {dag.py:3954} INFO - Setting next_dagrun for tutorial to 2024-06-13 00:00:00+00:00, run_after=2024-06-14 00:00:00+00:00
[2024-06-14T12:27:49.865+0000] {processor.py:183} INFO - Processing /home/airflow/.local/lib/python3.12/site-packages/airflow/example_dags/tutorial.py took 0.062 seconds
[2024-06-14T12:28:20.033+0000] {processor.py:161} INFO - Started process (PID=1165) to work on /home/airflow/.local/lib/python3.12/site-packages/airflow/example_dags/tutorial.py
[2024-06-14T12:28:20.034+0000] {processor.py:830} INFO - Processing file /home/airflow/.local/lib/python3.12/site-packages/airflow/example_dags/tutorial.py for tasks to queue
[2024-06-14T12:28:20.036+0000] {logging_mixin.py:188} INFO - [2024-06-14T12:28:20.035+0000] {dagbag.py:545} INFO - Filling up the DagBag from /home/airflow/.local/lib/python3.12/site-packages/airflow/example_dags/tutorial.py
[2024-06-14T12:28:20.040+0000] {processor.py:840} INFO - DAG(s) 'tutorial' retrieved from /home/airflow/.local/lib/python3.12/site-packages/airflow/example_dags/tutorial.py
[2024-06-14T12:28:20.056+0000] {logging_mixin.py:188} INFO - [2024-06-14T12:28:20.055+0000] {dag.py:3096} INFO - Sync 1 DAGs
[2024-06-14T12:28:20.072+0000] {logging_mixin.py:188} INFO - [2024-06-14T12:28:20.072+0000] {dag.py:3954} INFO - Setting next_dagrun for tutorial to 2024-06-13 00:00:00+00:00, run_after=2024-06-14 00:00:00+00:00
[2024-06-14T12:28:20.089+0000] {processor.py:183} INFO - Processing /home/airflow/.local/lib/python3.12/site-packages/airflow/example_dags/tutorial.py took 0.060 seconds
[2024-06-14T12:28:50.319+0000] {processor.py:161} INFO - Started process (PID=1223) to work on /home/airflow/.local/lib/python3.12/site-packages/airflow/example_dags/tutorial.py
[2024-06-14T12:28:50.320+0000] {processor.py:830} INFO - Processing file /home/airflow/.local/lib/python3.12/site-packages/airflow/example_dags/tutorial.py for tasks to queue
[2024-06-14T12:28:50.321+0000] {logging_mixin.py:188} INFO - [2024-06-14T12:28:50.321+0000] {dagbag.py:545} INFO - Filling up the DagBag from /home/airflow/.local/lib/python3.12/site-packages/airflow/example_dags/tutorial.py
[2024-06-14T12:28:50.326+0000] {processor.py:840} INFO - DAG(s) 'tutorial' retrieved from /home/airflow/.local/lib/python3.12/site-packages/airflow/example_dags/tutorial.py
[2024-06-14T12:28:50.341+0000] {logging_mixin.py:188} INFO - [2024-06-14T12:28:50.341+0000] {dag.py:3096} INFO - Sync 1 DAGs
[2024-06-14T12:28:50.357+0000] {logging_mixin.py:188} INFO - [2024-06-14T12:28:50.357+0000] {dag.py:3954} INFO - Setting next_dagrun for tutorial to 2024-06-13 00:00:00+00:00, run_after=2024-06-14 00:00:00+00:00
[2024-06-14T12:28:50.370+0000] {processor.py:183} INFO - Processing /home/airflow/.local/lib/python3.12/site-packages/airflow/example_dags/tutorial.py took 0.056 seconds
[2024-06-14T12:29:20.435+0000] {processor.py:161} INFO - Started process (PID=1280) to work on /home/airflow/.local/lib/python3.12/site-packages/airflow/example_dags/tutorial.py
[2024-06-14T12:29:20.436+0000] {processor.py:830} INFO - Processing file /home/airflow/.local/lib/python3.12/site-packages/airflow/example_dags/tutorial.py for tasks to queue
[2024-06-14T12:29:20.437+0000] {logging_mixin.py:188} INFO - [2024-06-14T12:29:20.437+0000] {dagbag.py:545} INFO - Filling up the DagBag from /home/airflow/.local/lib/python3.12/site-packages/airflow/example_dags/tutorial.py
[2024-06-14T12:29:20.441+0000] {processor.py:840} INFO - DAG(s) 'tutorial' retrieved from /home/airflow/.local/lib/python3.12/site-packages/airflow/example_dags/tutorial.py
[2024-06-14T12:29:20.456+0000] {logging_mixin.py:188} INFO - [2024-06-14T12:29:20.455+0000] {dag.py:3096} INFO - Sync 1 DAGs
[2024-06-14T12:29:20.471+0000] {logging_mixin.py:188} INFO - [2024-06-14T12:29:20.471+0000] {dag.py:3954} INFO - Setting next_dagrun for tutorial to 2024-06-13 00:00:00+00:00, run_after=2024-06-14 00:00:00+00:00
[2024-06-14T12:29:20.484+0000] {processor.py:183} INFO - Processing /home/airflow/.local/lib/python3.12/site-packages/airflow/example_dags/tutorial.py took 0.053 seconds
[2024-06-14T12:29:50.864+0000] {processor.py:161} INFO - Started process (PID=1338) to work on /home/airflow/.local/lib/python3.12/site-packages/airflow/example_dags/tutorial.py
[2024-06-14T12:29:50.864+0000] {processor.py:830} INFO - Processing file /home/airflow/.local/lib/python3.12/site-packages/airflow/example_dags/tutorial.py for tasks to queue
[2024-06-14T12:29:50.866+0000] {logging_mixin.py:188} INFO - [2024-06-14T12:29:50.865+0000] {dagbag.py:545} INFO - Filling up the DagBag from /home/airflow/.local/lib/python3.12/site-packages/airflow/example_dags/tutorial.py
[2024-06-14T12:29:50.870+0000] {processor.py:840} INFO - DAG(s) 'tutorial' retrieved from /home/airflow/.local/lib/python3.12/site-packages/airflow/example_dags/tutorial.py
[2024-06-14T12:29:50.882+0000] {logging_mixin.py:188} INFO - [2024-06-14T12:29:50.882+0000] {dag.py:3096} INFO - Sync 1 DAGs
[2024-06-14T12:29:50.897+0000] {logging_mixin.py:188} INFO - [2024-06-14T12:29:50.896+0000] {dag.py:3954} INFO - Setting next_dagrun for tutorial to 2024-06-13 00:00:00+00:00, run_after=2024-06-14 00:00:00+00:00
[2024-06-14T12:29:50.909+0000] {processor.py:183} INFO - Processing /home/airflow/.local/lib/python3.12/site-packages/airflow/example_dags/tutorial.py took 0.050 seconds
[2024-06-14T12:30:21.219+0000] {processor.py:161} INFO - Started process (PID=1396) to work on /home/airflow/.local/lib/python3.12/site-packages/airflow/example_dags/tutorial.py
[2024-06-14T12:30:21.220+0000] {processor.py:830} INFO - Processing file /home/airflow/.local/lib/python3.12/site-packages/airflow/example_dags/tutorial.py for tasks to queue
[2024-06-14T12:30:21.221+0000] {logging_mixin.py:188} INFO - [2024-06-14T12:30:21.221+0000] {dagbag.py:545} INFO - Filling up the DagBag from /home/airflow/.local/lib/python3.12/site-packages/airflow/example_dags/tutorial.py
[2024-06-14T12:30:21.225+0000] {processor.py:840} INFO - DAG(s) 'tutorial' retrieved from /home/airflow/.local/lib/python3.12/site-packages/airflow/example_dags/tutorial.py
[2024-06-14T12:30:21.238+0000] {logging_mixin.py:188} INFO - [2024-06-14T12:30:21.238+0000] {dag.py:3096} INFO - Sync 1 DAGs
[2024-06-14T12:30:21.254+0000] {logging_mixin.py:188} INFO - [2024-06-14T12:30:21.254+0000] {dag.py:3954} INFO - Setting next_dagrun for tutorial to 2024-06-13 00:00:00+00:00, run_after=2024-06-14 00:00:00+00:00
[2024-06-14T12:30:21.267+0000] {processor.py:183} INFO - Processing /home/airflow/.local/lib/python3.12/site-packages/airflow/example_dags/tutorial.py took 0.052 seconds
[2024-06-14T12:30:51.592+0000] {processor.py:161} INFO - Started process (PID=1455) to work on /home/airflow/.local/lib/python3.12/site-packages/airflow/example_dags/tutorial.py
[2024-06-14T12:30:51.593+0000] {processor.py:830} INFO - Processing file /home/airflow/.local/lib/python3.12/site-packages/airflow/example_dags/tutorial.py for tasks to queue
[2024-06-14T12:30:51.594+0000] {logging_mixin.py:188} INFO - [2024-06-14T12:30:51.594+0000] {dagbag.py:545} INFO - Filling up the DagBag from /home/airflow/.local/lib/python3.12/site-packages/airflow/example_dags/tutorial.py
[2024-06-14T12:30:51.599+0000] {processor.py:840} INFO - DAG(s) 'tutorial' retrieved from /home/airflow/.local/lib/python3.12/site-packages/airflow/example_dags/tutorial.py
[2024-06-14T12:30:51.613+0000] {logging_mixin.py:188} INFO - [2024-06-14T12:30:51.613+0000] {dag.py:3096} INFO - Sync 1 DAGs
[2024-06-14T12:30:51.628+0000] {logging_mixin.py:188} INFO - [2024-06-14T12:30:51.628+0000] {dag.py:3954} INFO - Setting next_dagrun for tutorial to 2024-06-13 00:00:00+00:00, run_after=2024-06-14 00:00:00+00:00
[2024-06-14T12:30:51.643+0000] {processor.py:183} INFO - Processing /home/airflow/.local/lib/python3.12/site-packages/airflow/example_dags/tutorial.py took 0.056 seconds
