[2024-06-14T12:10:59.569+0000] {local_task_job_runner.py:120} INFO - ::group::Pre task execution logs
[2024-06-14T12:10:59.592+0000] {taskinstance.py:2076} INFO - Dependencies all met for dep_context=non-requeueable deps ti=<TaskInstance: example_bash_operator.runme_1 manual__2024-06-14T12:10:52+00:00 [queued]>
[2024-06-14T12:10:59.601+0000] {taskinstance.py:2076} INFO - Dependencies all met for dep_context=requeueable deps ti=<TaskInstance: example_bash_operator.runme_1 manual__2024-06-14T12:10:52+00:00 [queued]>
[2024-06-14T12:10:59.602+0000] {taskinstance.py:2306} INFO - Starting attempt 1 of 1
[2024-06-14T12:10:59.617+0000] {taskinstance.py:2330} INFO - Executing <Task(BashOperator): runme_1> on 2024-06-14 12:10:52+00:00
[2024-06-14T12:10:59.623+0000] {warnings.py:112} WARNING - /home/***/.local/lib/python3.12/site-packages/***/task/task_runner/standard_task_runner.py:61: DeprecationWarning: This process (pid=136) is multi-threaded, use of fork() may lead to deadlocks in the child.
  pid = os.fork()

[2024-06-14T12:10:59.626+0000] {standard_task_runner.py:63} INFO - Started process 147 to run task
[2024-06-14T12:10:59.626+0000] {standard_task_runner.py:90} INFO - Running: ['***', 'tasks', 'run', 'example_bash_operator', 'runme_1', 'manual__2024-06-14T12:10:52+00:00', '--job-id', '13', '--raw', '--subdir', '/home/***/.local/lib/python3.12/site-packages/***/example_dags/example_bash_operator.py', '--cfg-path', '/tmp/tmpm7n7ckc8']
[2024-06-14T12:10:59.631+0000] {standard_task_runner.py:91} INFO - Job 13: Subtask runme_1
[2024-06-14T12:10:59.685+0000] {task_command.py:426} INFO - Running <TaskInstance: example_bash_operator.runme_1 manual__2024-06-14T12:10:52+00:00 [running]> on host 252e5ad8c5a2
[2024-06-14T12:10:59.775+0000] {taskinstance.py:2648} INFO - Exporting env vars: AIRFLOW_CTX_DAG_OWNER='***' AIRFLOW_CTX_DAG_ID='example_bash_operator' AIRFLOW_CTX_TASK_ID='runme_1' AIRFLOW_CTX_EXECUTION_DATE='2024-06-14T12:10:52+00:00' AIRFLOW_CTX_TRY_NUMBER='1' AIRFLOW_CTX_DAG_RUN_ID='manual__2024-06-14T12:10:52+00:00'
[2024-06-14T12:10:59.777+0000] {taskinstance.py:430} INFO - ::endgroup::
[2024-06-14T12:10:59.778+0000] {subprocess.py:63} INFO - Tmp dir root location: /tmp
[2024-06-14T12:10:59.778+0000] {subprocess.py:75} INFO - Running command: ['/usr/bin/bash', '-c', 'echo "example_bash_operator__runme_1__20240614" && sleep 1']
[2024-06-14T12:10:59.786+0000] {subprocess.py:86} INFO - Output:
[2024-06-14T12:10:59.787+0000] {subprocess.py:93} INFO - example_bash_operator__runme_1__20240614
[2024-06-14T12:11:00.788+0000] {subprocess.py:97} INFO - Command exited with return code 0
[2024-06-14T12:11:00.789+0000] {taskinstance.py:441} INFO - ::group::Post task execution logs
[2024-06-14T12:11:00.807+0000] {taskinstance.py:1206} INFO - Marking task as SUCCESS. dag_id=example_bash_operator, task_id=runme_1, run_id=manual__2024-06-14T12:10:52+00:00, execution_date=20240614T121052, start_date=20240614T121059, end_date=20240614T121100
[2024-06-14T12:11:00.845+0000] {local_task_job_runner.py:240} INFO - Task exited with return code 0
[2024-06-14T12:11:00.858+0000] {taskinstance.py:3503} INFO - 0 downstream tasks scheduled from follow-on schedule check
[2024-06-14T12:11:00.860+0000] {local_task_job_runner.py:222} INFO - ::endgroup::
